05:47:25.351 [main] INFO  me.jdbener.Bennerbot - Doing some database stuff, give me a moment
05:47:28.155 [main] WARN  me.jdbener.Bennerbot - Waiting for GUI to load
05:47:28.174 [AWT-EventQueue-0] INFO  me.jdbener.Bennerbot - Loading Beggining Tab Loading Sequence
05:47:28.192 [AWT-EventQueue-0] INFO  me.jdbener.Bennerbot - Loading the "General Configuration Tab"
05:47:29.824 [AWT-EventQueue-0] INFO  me.jdbener.Bennerbot - Loading the "Chat Display Tab"
05:47:29.859 [AWT-EventQueue-0] INFO  me.jdbener.Bennerbot - Loading the "Chat Display Window"
05:47:29.880 [AWT-EventQueue-0] INFO  me.jdbener.Bennerbot - Loading the "Chat Moderation Settings Tab"
05:47:29.903 [AWT-EventQueue-0] INFO  me.jdbener.Bennerbot - Loading the "Custom Commands Tab"
05:47:32.765 [AWT-EventQueue-0] INFO  me.jdbener.Bennerbot - Loading the "AutoMessage Tab"
05:47:34.419 [AWT-EventQueue-0] INFO  me.jdbener.Bennerbot - Loading the "Work in Progress Settings Tab"
05:47:34.427 [AWT-EventQueue-0] INFO  me.jdbener.Bennerbot - Loading the "Info Button"
05:47:34.428 [AWT-EventQueue-0] INFO  me.jdbener.Bennerbot - Finished Tab Initiation Squence... Loading Backend
05:47:38.481 [AWT-EventQueue-0] INFO  me.jdbener.Bennerbot - Finished Loading GUI Backend
05:47:38.566 [main] INFO  me.jdbener.Bennerbot - GUI loaded... Continuing with launch sequence
05:47:43.550 [main] INFO  me.jdbener.PHitboxBotX.PHitboxBotX - Getting Hitbox server IP: ec2-54-87-101-9.compute-1.amazonaws.com
05:47:44.099 [main] INFO  me.jdbener.PHitboxBotX.PHitboxBotX - Getting connection ID: KEATiQE6O7Zmv2pGnwNJ
05:47:44.099 [main] INFO  me.jdbener.PHitboxBotX.PHitboxBotX - Getting your token
05:47:44.360 [main] INFO  me.jdbener.PHitboxBotX.PHitboxBotX - Connecting to hitbox servers...
05:47:46.555 [main] INFO  me.jdbener.PHitboxBotX.PHitboxBotX - Sucessfully Connected... Joined Channel #jdbener
05:47:46.556 [main] INFO  me.jdbener.Bennerbot - Begining plugin loading
05:47:46.637 [main] INFO  me.jdbener.Bennerbot - Finished looking for plugins in: plugins
05:47:46.639 [main] INFO  me.jdbener.Bennerbot - Finished looking for plugins in: plugins/BasicCommands
05:47:46.640 [main] INFO  me.jdbener.Bennerbot - Finished looking for plugins in: plugins/dissabled
05:47:46.641 [main] INFO  me.jdbener.Bennerbot - Beggining pluging loading sequence
05:47:46.641 [main] INFO  me.jdbener.Bennerbot - Finished pluging loading sequence
05:47:46.641 [main] INFO  me.jdbener.Bennerbot - Proceading with BennerBot initiation sequence
05:47:46.642 [main] DEBUG org.pircbotx.PircBotX - Trying address irc.twitch.tv/199.9.250.239
05:47:46.670 [main] INFO  org.pircbotx.PircBotX - Connected to server.
05:47:46.676 [main] INFO  org.pircbotx.output.OutputRaw - PASS oauth:b04xqi37wbxwjrdyw268xvhumtamsm
05:47:46.676 [main] INFO  org.pircbotx.output.OutputRaw - NICK jdbener
05:47:46.676 [main] INFO  org.pircbotx.output.OutputRaw - USER BennerBot 8 * :PircBotX 2.0.1, a fork of PircBot, the Java IRC bot - pircbotx.googlecode.com
05:47:46.743 [main] INFO  org.pircbotx.InputParser - :tmi.twitch.tv 001 jdbener :Welcome, GLHF!
05:47:46.751 [main] DEBUG org.pircbotx.InputParser - Logged onto server.
05:47:47.677 [listenerPool0-thread7] INFO  org.pircbotx.output.OutputRaw - TWITCHCLIENT 1
05:47:48.679 [main] INFO  org.pircbotx.output.OutputRaw - JOIN #jdbener 
05:47:48.679 [main] INFO  org.pircbotx.InputParser - :tmi.twitch.tv 002 jdbener :Your host is tmi.twitch.tv
05:47:48.680 [main] INFO  org.pircbotx.InputParser - :tmi.twitch.tv 003 jdbener :This server is rather new
05:47:48.680 [main] INFO  org.pircbotx.InputParser - :tmi.twitch.tv 004 jdbener :-
05:47:48.686 [main] ERROR org.pircbotx.PircBotX - Exception encountered when parsing line
java.lang.IndexOutOfBoundsException: Index: 1, Size: 1
	at java.util.ArrayList.rangeCheck(Unknown Source) ~[na:1.7.0_45]
	at java.util.ArrayList.get(Unknown Source) ~[na:1.7.0_45]
	at org.pircbotx.ServerInfo.parse004(ServerInfo.java:113) ~[pircbotx-2.0.1.jar:na]
	at org.pircbotx.ServerInfo.parse(ServerInfo.java:106) ~[pircbotx-2.0.1.jar:na]
	at org.pircbotx.InputParser.processServerResponse(InputParser.java:709) ~[pircbotx-2.0.1.jar:na]
	at org.pircbotx.InputParser.handleLine(InputParser.java:323) ~[pircbotx-2.0.1.jar:na]
	at org.pircbotx.PircBotX.startLineProcessing(PircBotX.java:275) [pircbotx-2.0.1.jar:na]
	at org.pircbotx.PircBotX.connect(PircBotX.java:236) [pircbotx-2.0.1.jar:na]
	at org.pircbotx.PircBotX.startBot(PircBotX.java:151) [pircbotx-2.0.1.jar:na]
	at me.jdbener.Bennerbot.<init>(Bennerbot.java:324) [bin/:na]
	at me.jdbener.Bennerbot.main(Bennerbot.java:244) [bin/:na]
05:47:48.686 [main] INFO  org.pircbotx.InputParser - :tmi.twitch.tv 375 jdbener :-
05:47:48.687 [main] INFO  org.pircbotx.InputParser - :tmi.twitch.tv 372 jdbener :You are in a maze of twisty passages, all alike.
05:47:48.687 [main] INFO  org.pircbotx.InputParser - :tmi.twitch.tv 376 jdbener :>
05:47:48.744 [main] INFO  org.pircbotx.InputParser - :jdbener!jdbener@jdbener.tmi.twitch.tv JOIN #jdbener
05:47:49.680 [main] INFO  org.pircbotx.output.OutputRaw - WHO #jdbener
05:47:50.681 [main] INFO  org.pircbotx.output.OutputRaw - MODE #jdbener
05:47:50.684 [main] INFO  org.pircbotx.InputParser - :jdbener.tmi.twitch.tv 353 jdbener = #jdbener :jdbener
05:47:50.685 [main] INFO  org.pircbotx.InputParser - :jdbener.tmi.twitch.tv 366 jdbener #jdbener :End of /NAMES list
05:47:50.685 [main] INFO  org.pircbotx.InputParser - :jtv!jtv@jtv.tmi.twitch.tv PRIVMSG jdbener :USERCOLOR jdbener #1E90FF
05:47:50.685 [main] INFO  org.pircbotx.InputParser - :jtv!jtv@jtv.tmi.twitch.tv PRIVMSG jdbener :HISTORYEND jdbener
05:47:50.686 [main] INFO  org.pircbotx.InputParser - :jtv!jtv@jtv.tmi.twitch.tv PRIVMSG jdbener :HOSTTARGET biogenx2b -
05:47:50.687 [main] INFO  org.pircbotx.InputParser - :jtv!jtv@jtv.tmi.twitch.tv PRIVMSG jdbener :Now hosting biogenx2b.
05:47:50.688 [main] INFO  org.pircbotx.InputParser - :tmi.twitch.tv 421 jdbener WHO :Unknown command
05:48:29.746 [main] INFO  org.pircbotx.InputParser - :biogenx2b!biogenx2b@biogenx2b.tmi.twitch.tv JOIN #jdbener
05:48:29.747 [main] INFO  org.pircbotx.InputParser - :jtv MODE #jdbener +o jdbener
05:48:43.261 [pool-7-thread-1] INFO  org.pircbotx.output.OutputRaw - PRIVMSG #jdbener :/host pinkandorangeandgold
05:48:43.601 [main] INFO  org.pircbotx.InputParser - :jtv PRIVMSG jdbener :HOSTTARGET pinkandorangeandgold 0
05:48:43.602 [main] INFO  org.pircbotx.InputParser - :jtv!jtv@jtv.tmi.twitch.tv PRIVMSG jdbener :2 /host commands remaining this half hour.
05:48:43.602 [main] INFO  org.pircbotx.InputParser - :jtv PRIVMSG jdbener :Now hosting pinkandorangeandgold.
05:49:43.247 [pool-7-thread-1] INFO  org.pircbotx.output.OutputRaw - PRIVMSG #jdbener :/host pinkandorangeandgold
05:49:43.294 [main] INFO  org.pircbotx.InputParser - :jtv!jtv@jtv.tmi.twitch.tv PRIVMSG jdbener :Already hosting pinkandorangeandgold.
05:50:43.251 [pool-7-thread-1] INFO  org.pircbotx.output.OutputRaw - PRIVMSG #jdbener :/host pinkandorangeandgold
05:50:43.309 [main] INFO  org.pircbotx.InputParser - :jtv!jtv@jtv.tmi.twitch.tv PRIVMSG jdbener :Already hosting pinkandorangeandgold.
05:51:43.342 [pool-7-thread-1] INFO  org.pircbotx.output.OutputRaw - PRIVMSG #jdbener :/host pinkandorangeandgold
05:51:43.393 [main] INFO  org.pircbotx.InputParser - :jtv!jtv@jtv.tmi.twitch.tv PRIVMSG jdbener :Already hosting pinkandorangeandgold.
05:52:29.536 [main] INFO  org.pircbotx.InputParser - PING :tmi.twitch.tv
05:52:29.537 [listenerPool0-thread16] INFO  org.pircbotx.output.OutputRaw - PONG tmi.twitch.tv
05:52:43.235 [pool-7-thread-1] INFO  org.pircbotx.output.OutputRaw - PRIVMSG #jdbener :/host pinkandorangeandgold
05:52:43.562 [main] INFO  org.pircbotx.InputParser - :jtv!jtv@jtv.tmi.twitch.tv PRIVMSG jdbener :Already hosting pinkandorangeandgold.
05:53:26.388 [bot3-shutdownhook] INFO  org.pircbotx.output.OutputRaw - QUIT :
05:53:26.394 [bot3-shutdownhook] WARN  org.pircbotx.Channel - Channel #jdbener mode '' is stale
05:53:26.463 [bot3-shutdownhook] WARN  org.pircbotx.Channel - Channel #jdbener mode '' is stale
05:53:26.467 [bot3-shutdownhook] INFO  org.pircbotx.dcc.DccHandler - Terminating all transfers waiting to be accepted
05:53:26.467 [main] INFO  org.pircbotx.PircBotX - Shutdown has been called, closing InputParser
05:53:26.467 [bot3-shutdownhook] DEBUG org.pircbotx.PircBotX - Disconnected.
05:53:26.467 [bot3-shutdownhook] DEBUG o.p.h.m.ThreadedListenerManager - Waiting for listener me.jdbener.apis.twitch.TwitchStatusGameUpdater@48a690b6 to execute event DisconnectEvent(daoSnapshot=org.pircbotx.snapshot.UserChannelDaoSnapshot@158c6357, disconnectException=null)
05:53:26.467 [bot3-shutdownhook] DEBUG o.p.h.m.ThreadedListenerManager - Waiting for listener me.jdbener.levels.LevelManager@4a126dcc to execute event DisconnectEvent(daoSnapshot=org.pircbotx.snapshot.UserChannelDaoSnapshot@158c6357, disconnectException=null)
05:53:26.468 [bot3-shutdownhook] DEBUG o.p.h.m.ThreadedListenerManager - Waiting for listener me.jdbener.events.JoinLeaveMessages@234c602d to execute event DisconnectEvent(daoSnapshot=org.pircbotx.snapshot.UserChannelDaoSnapshot@158c6357, disconnectException=null)
