05:56:47.199 [main] INFO  me.jdbener.Bennerbot - Doing some database stuff, give me a moment
05:56:49.739 [main] WARN  me.jdbener.Bennerbot - Waiting for GUI to load
05:56:49.758 [AWT-EventQueue-0] INFO  me.jdbener.Bennerbot - Loading Beggining Tab Loading Sequence
05:56:49.774 [AWT-EventQueue-0] INFO  me.jdbener.Bennerbot - Loading the "General Configuration Tab"
05:56:51.187 [AWT-EventQueue-0] INFO  me.jdbener.Bennerbot - Loading the "Chat Display Tab"
05:56:51.219 [AWT-EventQueue-0] INFO  me.jdbener.Bennerbot - Loading the "Chat Display Window"
05:56:51.238 [AWT-EventQueue-0] INFO  me.jdbener.Bennerbot - Loading the "Chat Moderation Settings Tab"
05:56:51.258 [AWT-EventQueue-0] INFO  me.jdbener.Bennerbot - Loading the "Custom Commands Tab"
05:56:53.384 [AWT-EventQueue-0] INFO  me.jdbener.Bennerbot - Loading the "AutoMessage Tab"
05:56:54.433 [AWT-EventQueue-0] INFO  me.jdbener.Bennerbot - Loading the "Work in Progress Settings Tab"
05:56:54.440 [AWT-EventQueue-0] INFO  me.jdbener.Bennerbot - Loading the "Info Button"
05:56:54.441 [AWT-EventQueue-0] INFO  me.jdbener.Bennerbot - Finished Tab Initiation Squence... Loading Backend
05:56:57.638 [AWT-EventQueue-0] INFO  me.jdbener.Bennerbot - Finished Loading GUI Backend
05:56:57.639 [main] INFO  me.jdbener.Bennerbot - GUI loaded... Continuing with launch sequence
05:57:02.216 [main] INFO  me.jdbener.PHitboxBotX.PHitboxBotX - Getting Hitbox server IP: ec2-107-21-144-25.compute-1.amazonaws.com
05:57:02.760 [main] INFO  me.jdbener.PHitboxBotX.PHitboxBotX - Getting connection ID: Le2S-7r_riaDgas29V7_
05:57:02.760 [main] INFO  me.jdbener.PHitboxBotX.PHitboxBotX - Getting your token
05:57:03.083 [main] INFO  me.jdbener.PHitboxBotX.PHitboxBotX - Connecting to hitbox servers...
05:57:05.273 [main] INFO  me.jdbener.PHitboxBotX.PHitboxBotX - Sucessfully Connected... Joined Channel #jdbener
05:57:05.274 [main] INFO  me.jdbener.Bennerbot - Begining plugin loading
05:57:05.344 [main] INFO  me.jdbener.Bennerbot - Finished looking for plugins in: plugins
05:57:05.345 [main] INFO  me.jdbener.Bennerbot - Finished looking for plugins in: plugins/BasicCommands
05:57:05.346 [main] INFO  me.jdbener.Bennerbot - Finished looking for plugins in: plugins/dissabled
05:57:05.348 [main] INFO  me.jdbener.Bennerbot - Beggining pluging loading sequence
05:57:05.348 [main] INFO  me.jdbener.Bennerbot - Finished pluging loading sequence
05:57:05.348 [main] INFO  me.jdbener.Bennerbot - Proceading with BennerBot initiation sequence
05:57:05.348 [main] DEBUG org.pircbotx.PircBotX - Trying address irc.twitch.tv/199.9.250.239
05:57:05.376 [main] INFO  org.pircbotx.PircBotX - Connected to server.
05:57:05.382 [main] INFO  org.pircbotx.output.OutputRaw - PASS oauth:b04xqi37wbxwjrdyw268xvhumtamsm
05:57:05.382 [main] INFO  org.pircbotx.output.OutputRaw - NICK jdbener
05:57:05.382 [main] INFO  org.pircbotx.output.OutputRaw - USER BennerBot 8 * :PircBotX 2.0.1, a fork of PircBot, the Java IRC bot - pircbotx.googlecode.com
05:57:05.441 [main] INFO  org.pircbotx.InputParser - :tmi.twitch.tv 001 jdbener :Welcome, GLHF!
05:57:05.448 [main] DEBUG org.pircbotx.InputParser - Logged onto server.
05:57:06.383 [listenerPool0-thread5] INFO  org.pircbotx.output.OutputRaw - TWITCHCLIENT 1
05:57:07.384 [main] INFO  org.pircbotx.output.OutputRaw - JOIN #jdbener 
05:57:07.384 [main] INFO  org.pircbotx.InputParser - :tmi.twitch.tv 002 jdbener :Your host is tmi.twitch.tv
05:57:07.385 [main] INFO  org.pircbotx.InputParser - :tmi.twitch.tv 003 jdbener :This server is rather new
05:57:07.385 [main] INFO  org.pircbotx.InputParser - :tmi.twitch.tv 004 jdbener :-
05:57:07.391 [main] ERROR org.pircbotx.PircBotX - Exception encountered when parsing line
java.lang.IndexOutOfBoundsException: Index: 1, Size: 1
	at java.util.ArrayList.rangeCheck(Unknown Source) ~[na:1.7.0_45]
	at java.util.ArrayList.get(Unknown Source) ~[na:1.7.0_45]
	at org.pircbotx.ServerInfo.parse004(ServerInfo.java:113) ~[pircbotx-2.0.1.jar:na]
	at org.pircbotx.ServerInfo.parse(ServerInfo.java:106) ~[pircbotx-2.0.1.jar:na]
	at org.pircbotx.InputParser.processServerResponse(InputParser.java:709) ~[pircbotx-2.0.1.jar:na]
	at org.pircbotx.InputParser.handleLine(InputParser.java:323) ~[pircbotx-2.0.1.jar:na]
	at org.pircbotx.PircBotX.startLineProcessing(PircBotX.java:275) [pircbotx-2.0.1.jar:na]
	at org.pircbotx.PircBotX.connect(PircBotX.java:236) [pircbotx-2.0.1.jar:na]
	at org.pircbotx.PircBotX.startBot(PircBotX.java:151) [pircbotx-2.0.1.jar:na]
	at me.jdbener.Bennerbot.<init>(Bennerbot.java:323) [bin/:na]
	at me.jdbener.Bennerbot.main(Bennerbot.java:243) [bin/:na]
05:57:07.391 [main] INFO  org.pircbotx.InputParser - :tmi.twitch.tv 375 jdbener :-
05:57:07.391 [main] INFO  org.pircbotx.InputParser - :tmi.twitch.tv 372 jdbener :You are in a maze of twisty passages, all alike.
05:57:07.391 [main] INFO  org.pircbotx.InputParser - :tmi.twitch.tv 376 jdbener :>
05:57:07.444 [main] INFO  org.pircbotx.InputParser - :jdbener!jdbener@jdbener.tmi.twitch.tv JOIN #jdbener
05:57:08.385 [main] INFO  org.pircbotx.output.OutputRaw - WHO #jdbener
05:57:09.386 [main] INFO  org.pircbotx.output.OutputRaw - MODE #jdbener
05:57:09.389 [main] INFO  org.pircbotx.InputParser - :jtv!jtv@jtv.tmi.twitch.tv PRIVMSG jdbener :USERCOLOR jdbener #1E90FF
05:57:09.389 [main] INFO  org.pircbotx.InputParser - :jtv!jtv@jtv.tmi.twitch.tv PRIVMSG jdbener :HISTORYEND jdbener
05:57:09.390 [main] INFO  org.pircbotx.InputParser - :jdbener.tmi.twitch.tv 353 jdbener = #jdbener :jdbener
05:57:09.391 [main] INFO  org.pircbotx.InputParser - :jdbener.tmi.twitch.tv 366 jdbener #jdbener :End of /NAMES list
05:57:09.392 [main] INFO  org.pircbotx.InputParser - :tmi.twitch.tv 421 jdbener WHO :Unknown command
05:58:00.365 [main] INFO  org.pircbotx.InputParser - :biogenx2b!biogenx2b@biogenx2b.tmi.twitch.tv JOIN #jdbener
05:58:00.365 [main] INFO  org.pircbotx.InputParser - :jtv MODE #jdbener +o jdbener
05:58:01.996 [pool-7-thread-1] INFO  org.pircbotx.output.OutputRaw - PRIVMSG #jdbener :/host pinkandorangeandgold
05:58:02.363 [main] INFO  org.pircbotx.InputParser - :jtv PRIVMSG jdbener :HOSTTARGET pinkandorangeandgold 1
05:58:02.364 [main] INFO  org.pircbotx.InputParser - :jtv!jtv@jtv.tmi.twitch.tv PRIVMSG jdbener :1 /host commands remaining this half hour.
05:58:02.365 [main] INFO  org.pircbotx.InputParser - :jtv PRIVMSG jdbener :Now hosting pinkandorangeandgold.
05:59:03.220 [pool-7-thread-1] INFO  org.pircbotx.output.OutputRaw - PRIVMSG #jdbener :/host pinkandorangeandgold
05:59:03.470 [main] INFO  org.pircbotx.InputParser - :jtv!jtv@jtv.tmi.twitch.tv PRIVMSG jdbener :Already hosting pinkandorangeandgold.
06:00:02.377 [pool-7-thread-1] INFO  org.pircbotx.output.OutputRaw - PRIVMSG #jdbener :/host pinkandorangeandgold
06:00:02.431 [main] INFO  org.pircbotx.InputParser - :jtv!jtv@jtv.tmi.twitch.tv PRIVMSG jdbener :Already hosting pinkandorangeandgold.
06:01:01.995 [pool-7-thread-1] INFO  org.pircbotx.output.OutputRaw - PRIVMSG #jdbener :/host pinkandorangeandgold
06:01:02.049 [main] INFO  org.pircbotx.InputParser - :jtv!jtv@jtv.tmi.twitch.tv PRIVMSG jdbener :Already hosting pinkandorangeandgold.
06:01:35.956 [main] INFO  org.pircbotx.InputParser - PING :tmi.twitch.tv
06:01:35.956 [listenerPool0-thread27] INFO  org.pircbotx.output.OutputRaw - PONG tmi.twitch.tv
06:02:01.990 [pool-7-thread-1] INFO  org.pircbotx.output.OutputRaw - PRIVMSG #jdbener :/host pinkandorangeandgold
06:02:02.058 [main] INFO  org.pircbotx.InputParser - :jtv!jtv@jtv.tmi.twitch.tv PRIVMSG jdbener :Already hosting pinkandorangeandgold.
06:03:02.008 [pool-7-thread-1] INFO  org.pircbotx.output.OutputRaw - PRIVMSG #jdbener :/host pinkandorangeandgold
06:03:02.059 [main] INFO  org.pircbotx.InputParser - :jtv!jtv@jtv.tmi.twitch.tv PRIVMSG jdbener :Already hosting pinkandorangeandgold.
06:04:02.077 [pool-7-thread-1] INFO  org.pircbotx.output.OutputRaw - PRIVMSG #jdbener :/host pinkandorangeandgold
06:04:02.123 [main] INFO  org.pircbotx.InputParser - :jtv!jtv@jtv.tmi.twitch.tv PRIVMSG jdbener :Already hosting pinkandorangeandgold.
06:05:02.002 [pool-7-thread-1] INFO  org.pircbotx.output.OutputRaw - PRIVMSG #jdbener :/host pinkandorangeandgold
06:05:02.059 [main] INFO  org.pircbotx.InputParser - :jtv!jtv@jtv.tmi.twitch.tv PRIVMSG jdbener :Already hosting pinkandorangeandgold.
06:05:54.049 [main] INFO  org.pircbotx.InputParser - PING :tmi.twitch.tv
06:05:54.049 [listenerPool0-thread37] INFO  org.pircbotx.output.OutputRaw - PONG tmi.twitch.tv
06:06:02.000 [pool-7-thread-1] INFO  org.pircbotx.output.OutputRaw - PRIVMSG #jdbener :/host pinkandorangeandgold
06:06:02.052 [main] INFO  org.pircbotx.InputParser - :jtv!jtv@jtv.tmi.twitch.tv PRIVMSG jdbener :Already hosting pinkandorangeandgold.
06:07:01.995 [pool-7-thread-1] INFO  org.pircbotx.output.OutputRaw - PRIVMSG #jdbener :/host pinkandorangeandgold
06:07:02.050 [main] INFO  org.pircbotx.InputParser - :jtv!jtv@jtv.tmi.twitch.tv PRIVMSG jdbener :Already hosting pinkandorangeandgold.
06:08:01.986 [pool-7-thread-1] INFO  org.pircbotx.output.OutputRaw - PRIVMSG #jdbener :/host pinkandorangeandgold
06:08:02.037 [main] INFO  org.pircbotx.InputParser - :jtv!jtv@jtv.tmi.twitch.tv PRIVMSG jdbener :Already hosting pinkandorangeandgold.
06:09:02.004 [pool-7-thread-1] INFO  org.pircbotx.output.OutputRaw - PRIVMSG #jdbener :/host pinkandorangeandgold
06:09:02.060 [main] INFO  org.pircbotx.InputParser - :jtv!jtv@jtv.tmi.twitch.tv PRIVMSG jdbener :Already hosting pinkandorangeandgold.
06:10:01.988 [pool-7-thread-1] INFO  org.pircbotx.output.OutputRaw - PRIVMSG #jdbener :/host pinkandorangeandgold
06:10:02.039 [main] INFO  org.pircbotx.InputParser - :jtv!jtv@jtv.tmi.twitch.tv PRIVMSG jdbener :Already hosting pinkandorangeandgold.
06:10:29.534 [main] INFO  org.pircbotx.InputParser - PING :tmi.twitch.tv
06:10:29.534 [listenerPool0-thread48] INFO  org.pircbotx.output.OutputRaw - PONG tmi.twitch.tv
06:11:02.009 [pool-7-thread-1] INFO  org.pircbotx.output.OutputRaw - PRIVMSG #jdbener :/host pinkandorangeandgold
06:11:02.057 [main] INFO  org.pircbotx.InputParser - :jtv!jtv@jtv.tmi.twitch.tv PRIVMSG jdbener :Already hosting pinkandorangeandgold.
06:12:02.021 [pool-7-thread-1] INFO  org.pircbotx.output.OutputRaw - PRIVMSG #jdbener :/host pinkandorangeandgold
06:12:02.073 [main] INFO  org.pircbotx.InputParser - :jtv!jtv@jtv.tmi.twitch.tv PRIVMSG jdbener :Already hosting pinkandorangeandgold.
06:13:02.008 [pool-7-thread-1] INFO  org.pircbotx.output.OutputRaw - PRIVMSG #jdbener :/host pinkandorangeandgold
06:13:02.062 [main] INFO  org.pircbotx.InputParser - :jtv!jtv@jtv.tmi.twitch.tv PRIVMSG jdbener :Already hosting pinkandorangeandgold.
06:14:02.011 [pool-7-thread-1] INFO  org.pircbotx.output.OutputRaw - PRIVMSG #jdbener :/host pinkandorangeandgold
06:14:02.061 [main] INFO  org.pircbotx.InputParser - :jtv!jtv@jtv.tmi.twitch.tv PRIVMSG jdbener :Already hosting pinkandorangeandgold.
06:14:58.831 [main] INFO  org.pircbotx.InputParser - PING :tmi.twitch.tv
06:14:58.831 [listenerPool0-thread59] INFO  org.pircbotx.output.OutputRaw - PONG tmi.twitch.tv
06:15:01.982 [pool-7-thread-1] INFO  org.pircbotx.output.OutputRaw - PRIVMSG #jdbener :/host pinkandorangeandgold
06:15:02.037 [main] INFO  org.pircbotx.InputParser - :jtv!jtv@jtv.tmi.twitch.tv PRIVMSG jdbener :Already hosting pinkandorangeandgold.
06:16:02.571 [pool-7-thread-1] INFO  org.pircbotx.output.OutputRaw - PRIVMSG #jdbener :/host pinkandorangeandgold
06:16:02.661 [main] INFO  org.pircbotx.InputParser - :jtv!jtv@jtv.tmi.twitch.tv PRIVMSG jdbener :Already hosting pinkandorangeandgold.
06:17:02.037 [pool-7-thread-1] INFO  org.pircbotx.output.OutputRaw - PRIVMSG #jdbener :/host pinkandorangeandgold
06:17:02.094 [main] INFO  org.pircbotx.InputParser - :jtv!jtv@jtv.tmi.twitch.tv PRIVMSG jdbener :Already hosting pinkandorangeandgold.
06:18:02.012 [pool-7-thread-1] INFO  org.pircbotx.output.OutputRaw - PRIVMSG #jdbener :/host pinkandorangeandgold
06:18:02.063 [main] INFO  org.pircbotx.InputParser - :jtv!jtv@jtv.tmi.twitch.tv PRIVMSG jdbener :Already hosting pinkandorangeandgold.
06:18:12.296 [bot3-shutdownhook] INFO  org.pircbotx.output.OutputRaw - QUIT :
06:18:12.306 [bot3-shutdownhook] WARN  org.pircbotx.Channel - Channel #jdbener mode '' is stale
06:18:12.322 [bot3-shutdownhook] WARN  org.pircbotx.Channel - Channel #jdbener mode '' is stale
06:18:12.325 [bot3-shutdownhook] INFO  org.pircbotx.dcc.DccHandler - Terminating all transfers waiting to be accepted
06:18:12.325 [main] INFO  org.pircbotx.PircBotX - Shutdown has been called, closing InputParser
06:18:12.326 [bot3-shutdownhook] DEBUG org.pircbotx.PircBotX - Disconnected.
06:18:12.326 [bot3-shutdownhook] DEBUG o.p.h.m.ThreadedListenerManager - Waiting for listener me.jdbener.events.CustomCommandHandeler@69180030 to execute event DisconnectEvent(daoSnapshot=org.pircbotx.snapshot.UserChannelDaoSnapshot@4656b3b1, disconnectException=null)
06:18:12.391 [main] DEBUG org.pircbotx.PircBotX - Trying address hitbox.tv/212.232.25.4
