12:48:52.232 [main] WARN  me.jdbener.Bennerbot - Waiting for GUI to load
12:48:52.268 [AWT-EventQueue-0] INFO  me.jdbener.Bennerbot - Loading Beggining Tab Loading Sequence
12:48:52.286 [AWT-EventQueue-0] INFO  me.jdbener.Bennerbot - Loading the "General Configuration Tab"
12:49:37.262 [AWT-EventQueue-0] INFO  me.jdbener.Bennerbot - Loading the "Chat Display Tab"
12:49:37.297 [AWT-EventQueue-0] INFO  me.jdbener.Bennerbot - Loading the "Chat Display Window"
12:49:37.319 [AWT-EventQueue-0] INFO  me.jdbener.Bennerbot - Loading the "Chat Moderation Settings Tab"
12:49:37.341 [AWT-EventQueue-0] INFO  me.jdbener.Bennerbot - Loading the "Custom Commands Tab"
12:49:39.965 [AWT-EventQueue-0] INFO  me.jdbener.Bennerbot - Loading the "AutoMessage Tab"
12:49:41.150 [AWT-EventQueue-0] INFO  me.jdbener.Bennerbot - Loading the "Miscellaneous Settings Tab"
12:49:41.162 [AWT-EventQueue-0] INFO  me.jdbener.Bennerbot - Loading the "Info Button"
12:49:41.163 [AWT-EventQueue-0] INFO  me.jdbener.Bennerbot - Finished Tab Initiation Squence... Loading Backend
12:49:45.842 [AWT-EventQueue-0] INFO  me.jdbener.Bennerbot - Finished Loading GUI Backend
12:49:45.869 [main] INFO  me.jdbener.Bennerbot - GUI loaded... Continuing with launch sequence
12:49:50.946 [main] INFO  me.jdbener.PHitboxBotX.PHitboxBotX - Getting Hitbox server IP: ec2-54-226-192-118.compute-1.amazonaws.com
12:49:51.418 [main] INFO  me.jdbener.PHitboxBotX.PHitboxBotX - Getting connection ID: QcZKG3yPqRViNuIEimQw
12:49:51.418 [main] INFO  me.jdbener.PHitboxBotX.PHitboxBotX - Getting your token
12:49:51.653 [main] INFO  me.jdbener.PHitboxBotX.PHitboxBotX - Connecting to hitbox servers...
12:49:53.846 [main] INFO  me.jdbener.PHitboxBotX.PHitboxBotX - Sucessfully Connected... Joined Channel #jdbener
12:49:53.847 [main] INFO  me.jdbener.Bennerbot - Begining plugin loading
12:49:53.918 [main] INFO  me.jdbener.Bennerbot - Finished looking for plugins in: plugins
12:49:53.919 [main] INFO  me.jdbener.Bennerbot - Finished looking for plugins in: plugins/BasicCommands
12:49:53.920 [main] INFO  me.jdbener.Bennerbot - Finished looking for plugins in: plugins/dissabled
12:49:53.921 [main] INFO  me.jdbener.Bennerbot - Beggining pluging loading sequence
12:49:53.922 [main] INFO  me.jdbener.Bennerbot - Finished pluging loading sequence
12:49:53.922 [main] INFO  me.jdbener.Bennerbot - Proceading with BennerBot initiation sequence
12:49:53.922 [main] DEBUG org.pircbotx.MultiBotManager - Not started yet, add to queue
12:49:53.922 [main] DEBUG org.pircbotx.MultiBotManager - Not started yet, add to queue
12:49:53.924 [botPool0-bot0] DEBUG org.pircbotx.PircBotX - Trying address irc.twitch.tv/199.9.249.252
12:49:53.954 [botPool0-bot0] INFO  org.pircbotx.PircBotX - Connected to server.
12:49:53.960 [botPool0-bot0] INFO  org.pircbotx.output.OutputRaw - PASS oauth:dnvskkxmcc55d3x0mblzgsyieasntgg
12:49:53.960 [botPool0-bot0] INFO  org.pircbotx.output.OutputRaw - NICK jdbener
12:49:53.960 [botPool0-bot0] INFO  org.pircbotx.output.OutputRaw - USER BennerBot 8 * :PircBotX 2.0.1, a fork of PircBot, the Java IRC bot - pircbotx.googlecode.com
12:49:53.997 [botPool0-bot1] DEBUG org.pircbotx.PircBotX - Trying address hitbox.tv/96.45.82.64
12:49:54.019 [botPool0-bot0] INFO  org.pircbotx.InputParser - :tmi.twitch.tv 001 jdbener :Welcome, GLHF!
12:49:54.028 [botPool0-bot0] DEBUG org.pircbotx.InputParser - Logged onto server.
12:49:54.961 [listenerPool0-thread2] INFO  org.pircbotx.output.OutputRaw - TWITCHCLIENT 1
12:49:55.962 [botPool0-bot0] INFO  org.pircbotx.output.OutputRaw - JOIN #jdbener 
12:49:55.963 [botPool0-bot0] INFO  org.pircbotx.InputParser - :tmi.twitch.tv 002 jdbener :Your host is tmi.twitch.tv
12:49:55.963 [botPool0-bot0] INFO  org.pircbotx.InputParser - :tmi.twitch.tv 003 jdbener :This server is rather new
12:49:55.964 [botPool0-bot0] INFO  org.pircbotx.InputParser - :tmi.twitch.tv 004 jdbener :-
12:49:55.969 [botPool0-bot0] ERROR org.pircbotx.PircBotX - Exception encountered when parsing line
java.lang.IndexOutOfBoundsException: Index: 1, Size: 1
	at java.util.ArrayList.rangeCheck(Unknown Source) ~[na:1.7.0_45]
	at java.util.ArrayList.get(Unknown Source) ~[na:1.7.0_45]
	at org.pircbotx.ServerInfo.parse004(ServerInfo.java:113) ~[pircbotx-2.0.1.jar:na]
	at org.pircbotx.ServerInfo.parse(ServerInfo.java:106) ~[pircbotx-2.0.1.jar:na]
	at org.pircbotx.InputParser.processServerResponse(InputParser.java:709) ~[pircbotx-2.0.1.jar:na]
	at org.pircbotx.InputParser.handleLine(InputParser.java:323) ~[pircbotx-2.0.1.jar:na]
	at org.pircbotx.PircBotX.startLineProcessing(PircBotX.java:275) [pircbotx-2.0.1.jar:na]
	at org.pircbotx.PircBotX.connect(PircBotX.java:236) [pircbotx-2.0.1.jar:na]
	at org.pircbotx.MultiBotManager$BotRunner.call(MultiBotManager.java:219) [pircbotx-2.0.1.jar:na]
	at org.pircbotx.MultiBotManager$BotRunner.call(MultiBotManager.java:212) [pircbotx-2.0.1.jar:na]
	at java.util.concurrent.FutureTask.run(Unknown Source) [na:1.7.0_45]
	at java.util.concurrent.ThreadPoolExecutor.runWorker(Unknown Source) [na:1.7.0_45]
	at java.util.concurrent.ThreadPoolExecutor$Worker.run(Unknown Source) [na:1.7.0_45]
	at java.lang.Thread.run(Unknown Source) [na:1.7.0_45]
12:49:55.969 [botPool0-bot0] INFO  org.pircbotx.InputParser - :tmi.twitch.tv 375 jdbener :-
12:49:55.970 [botPool0-bot0] INFO  org.pircbotx.InputParser - :tmi.twitch.tv 372 jdbener :You are in a maze of twisty passages, all alike.
12:49:55.970 [botPool0-bot0] INFO  org.pircbotx.InputParser - :tmi.twitch.tv 376 jdbener :>
12:49:56.017 [botPool0-bot0] INFO  org.pircbotx.InputParser - :jdbener!jdbener@jdbener.tmi.twitch.tv JOIN #jdbener
12:49:56.963 [botPool0-bot0] INFO  org.pircbotx.output.OutputRaw - WHO #jdbener
12:49:57.964 [botPool0-bot0] INFO  org.pircbotx.output.OutputRaw - MODE #jdbener
12:49:57.967 [botPool0-bot0] INFO  org.pircbotx.InputParser - :jdbener.tmi.twitch.tv 353 jdbener = #jdbener :jdbener
12:49:57.967 [botPool0-bot0] INFO  org.pircbotx.InputParser - :jdbener.tmi.twitch.tv 366 jdbener #jdbener :End of /NAMES list
12:49:57.968 [botPool0-bot0] INFO  org.pircbotx.InputParser - :jtv!jtv@jtv.tmi.twitch.tv PRIVMSG jdbener :USERCOLOR jdbener #1E90FF
12:49:57.968 [botPool0-bot0] INFO  org.pircbotx.InputParser - :jtv!jtv@jtv.tmi.twitch.tv PRIVMSG jdbener :HISTORYEND jdbener
12:49:57.969 [botPool0-bot0] INFO  org.pircbotx.InputParser - :jtv!jtv@jtv.tmi.twitch.tv PRIVMSG jdbener :HOSTTARGET irish_00 -
12:49:57.969 [botPool0-bot0] INFO  org.pircbotx.InputParser - :jtv!jtv@jtv.tmi.twitch.tv PRIVMSG jdbener :Now hosting irish_00.
12:49:57.970 [botPool0-bot0] INFO  org.pircbotx.InputParser - :tmi.twitch.tv 421 jdbener WHO :Unknown command
12:50:11.658 [bot3-shutdownhook] INFO  org.pircbotx.output.OutputRaw - QUIT :
12:50:11.692 [bot3-shutdownhook] INFO  org.pircbotx.dcc.DccHandler - Terminating all transfers waiting to be accepted
12:50:11.692 [botPool0-bot0] INFO  org.pircbotx.PircBotX - Shutdown has been called, closing InputParser
12:50:11.692 [bot3-shutdownhook] DEBUG org.pircbotx.PircBotX - Disconnected.
12:50:11.693 [bot3-shutdownhook] DEBUG o.p.h.m.ThreadedListenerManager - Waiting for listener me.jdbener.utilities.CustomCommandHandeler@4b9064e0 to execute event DisconnectEvent(daoSnapshot=org.pircbotx.snapshot.UserChannelDaoSnapshot@639c3c08, disconnectException=null)
12:50:11.693 [botPool0-bot0] DEBUG o.p.MultiBotManager$BotFutureCallback - Bot #0 finished
