15:41:50.036 [main] WARN  me.jdbener.Bennerbot - Waiting for GUI to load
15:41:50.075 [AWT-EventQueue-0] INFO  me.jdbener.Bennerbot - Loading Beggining Tab Loading Sequence
15:41:50.092 [AWT-EventQueue-0] INFO  me.jdbener.Bennerbot - Loading the "General Configuration Tab"
15:42:33.246 [AWT-EventQueue-0] INFO  me.jdbener.Bennerbot - Loading the "Chat Display Tab"
15:42:33.291 [AWT-EventQueue-0] INFO  me.jdbener.Bennerbot - Loading the "Chat Display Window"
15:42:33.322 [AWT-EventQueue-0] INFO  me.jdbener.Bennerbot - Loading the "Chat Moderation Settings Tab"
15:42:33.356 [AWT-EventQueue-0] INFO  me.jdbener.Bennerbot - Loading the "Custom Commands Tab"
15:42:37.017 [AWT-EventQueue-0] INFO  me.jdbener.Bennerbot - Loading the "AutoMessage Tab"
15:42:38.705 [AWT-EventQueue-0] INFO  me.jdbener.Bennerbot - Loading the "Miscellaneous Settings Tab"
15:42:38.718 [AWT-EventQueue-0] INFO  me.jdbener.Bennerbot - Loading the "Info Button"
15:42:38.719 [AWT-EventQueue-0] INFO  me.jdbener.Bennerbot - Finished Tab Initiation Squence... Loading Backend
15:42:42.989 [AWT-EventQueue-0] INFO  me.jdbener.Bennerbot - Finished Loading GUI Backend
15:42:42.999 [main] INFO  me.jdbener.Bennerbot - GUI loaded... Continuing with launch sequence
15:42:47.066 [main] INFO  me.jdbener.PHitboxBotX.PHitboxBotX - Getting Hitbox server IP: ec2-54-211-95-56.compute-1.amazonaws.com
15:42:47.681 [main] INFO  me.jdbener.PHitboxBotX.PHitboxBotX - Getting connection ID: RCIBoo6cj_vsJVHbizXT
15:42:47.681 [main] INFO  me.jdbener.PHitboxBotX.PHitboxBotX - Getting your token
15:42:47.925 [main] INFO  me.jdbener.PHitboxBotX.PHitboxBotX - Connecting to hitbox servers...
15:42:50.144 [main] INFO  me.jdbener.PHitboxBotX.PHitboxBotX - Sucessfully Connected... Joined Channel #jdbener
15:42:50.145 [main] INFO  me.jdbener.Bennerbot - Begining plugin loading
15:42:50.246 [main] INFO  me.jdbener.Bennerbot - Finished looking for plugins in: plugins
15:42:50.247 [main] INFO  me.jdbener.Bennerbot - Finished looking for plugins in: plugins/BasicCommands
15:42:50.248 [main] INFO  me.jdbener.Bennerbot - Finished looking for plugins in: plugins/dissabled
15:42:50.250 [main] INFO  me.jdbener.Bennerbot - Beggining pluging loading sequence
15:42:50.250 [main] INFO  me.jdbener.Bennerbot - Finished pluging loading sequence
15:42:50.250 [main] INFO  me.jdbener.Bennerbot - Proceading with BennerBot initiation sequence
15:42:50.250 [main] DEBUG org.pircbotx.MultiBotManager - Not started yet, add to queue
15:42:50.251 [main] DEBUG org.pircbotx.MultiBotManager - Not started yet, add to queue
15:42:50.258 [botPool0-bot0] DEBUG org.pircbotx.PircBotX - Trying address irc.twitch.tv/199.9.249.252
15:42:50.294 [botPool0-bot1] DEBUG org.pircbotx.PircBotX - Trying address hitbox.tv/96.45.82.154
15:42:50.306 [botPool0-bot0] INFO  org.pircbotx.PircBotX - Connected to server.
15:42:50.314 [botPool0-bot0] INFO  org.pircbotx.output.OutputRaw - PASS oauth:dnvskkxmcc55d3x0mblzgsyieasntgg
15:42:50.315 [botPool0-bot0] INFO  org.pircbotx.output.OutputRaw - NICK jdbener
15:42:50.315 [botPool0-bot0] INFO  org.pircbotx.output.OutputRaw - USER BennerBot 8 * :PircBotX 2.0.1, a fork of PircBot, the Java IRC bot - pircbotx.googlecode.com
15:42:50.426 [botPool0-bot0] INFO  org.pircbotx.InputParser - :tmi.twitch.tv 001 jdbener :Welcome, GLHF!
15:42:50.438 [botPool0-bot0] DEBUG org.pircbotx.InputParser - Logged onto server.
15:42:51.316 [listenerPool0-thread7] INFO  org.pircbotx.output.OutputRaw - TWITCHCLIENT 1
15:42:52.317 [botPool0-bot0] INFO  org.pircbotx.output.OutputRaw - JOIN #jdbener 
15:42:52.317 [botPool0-bot0] INFO  org.pircbotx.InputParser - :tmi.twitch.tv 002 jdbener :Your host is tmi.twitch.tv
15:42:52.318 [botPool0-bot0] INFO  org.pircbotx.InputParser - :tmi.twitch.tv 003 jdbener :This server is rather new
15:42:52.318 [botPool0-bot0] INFO  org.pircbotx.InputParser - :tmi.twitch.tv 004 jdbener :-
15:42:52.324 [botPool0-bot0] ERROR org.pircbotx.PircBotX - Exception encountered when parsing line
java.lang.IndexOutOfBoundsException: Index: 1, Size: 1
	at java.util.ArrayList.rangeCheck(Unknown Source) ~[na:1.7.0_45]
	at java.util.ArrayList.get(Unknown Source) ~[na:1.7.0_45]
	at org.pircbotx.ServerInfo.parse004(ServerInfo.java:113) ~[pircbotx-2.0.1.jar:na]
	at org.pircbotx.ServerInfo.parse(ServerInfo.java:106) ~[pircbotx-2.0.1.jar:na]
	at org.pircbotx.InputParser.processServerResponse(InputParser.java:709) ~[pircbotx-2.0.1.jar:na]
	at org.pircbotx.InputParser.handleLine(InputParser.java:323) ~[pircbotx-2.0.1.jar:na]
	at org.pircbotx.PircBotX.startLineProcessing(PircBotX.java:275) [pircbotx-2.0.1.jar:na]
	at org.pircbotx.PircBotX.connect(PircBotX.java:236) [pircbotx-2.0.1.jar:na]
	at org.pircbotx.MultiBotManager$BotRunner.call(MultiBotManager.java:219) [pircbotx-2.0.1.jar:na]
	at org.pircbotx.MultiBotManager$BotRunner.call(MultiBotManager.java:212) [pircbotx-2.0.1.jar:na]
	at java.util.concurrent.FutureTask.run(Unknown Source) [na:1.7.0_45]
	at java.util.concurrent.ThreadPoolExecutor.runWorker(Unknown Source) [na:1.7.0_45]
	at java.util.concurrent.ThreadPoolExecutor$Worker.run(Unknown Source) [na:1.7.0_45]
	at java.lang.Thread.run(Unknown Source) [na:1.7.0_45]
15:42:52.324 [botPool0-bot0] INFO  org.pircbotx.InputParser - :tmi.twitch.tv 375 jdbener :-
15:42:52.325 [botPool0-bot0] INFO  org.pircbotx.InputParser - :tmi.twitch.tv 372 jdbener :You are in a maze of twisty passages, all alike.
15:42:52.325 [botPool0-bot0] INFO  org.pircbotx.InputParser - :tmi.twitch.tv 376 jdbener :>
15:42:52.393 [botPool0-bot0] INFO  org.pircbotx.InputParser - :jdbener!jdbener@jdbener.tmi.twitch.tv JOIN #jdbener
15:42:53.318 [botPool0-bot0] INFO  org.pircbotx.output.OutputRaw - WHO #jdbener
15:42:54.319 [botPool0-bot0] INFO  org.pircbotx.output.OutputRaw - MODE #jdbener
15:42:54.322 [botPool0-bot0] INFO  org.pircbotx.InputParser - :jdbener.tmi.twitch.tv 353 jdbener = #jdbener :jdbener
15:42:54.322 [botPool0-bot0] INFO  org.pircbotx.InputParser - :jdbener.tmi.twitch.tv 366 jdbener #jdbener :End of /NAMES list
15:42:54.322 [botPool0-bot0] INFO  org.pircbotx.InputParser - :jtv!jtv@jtv.tmi.twitch.tv PRIVMSG jdbener :USERCOLOR jdbener #1E90FF
15:42:54.323 [botPool0-bot0] INFO  org.pircbotx.InputParser - :jtv!jtv@jtv.tmi.twitch.tv PRIVMSG jdbener :HISTORYEND jdbener
15:42:54.324 [botPool0-bot0] INFO  org.pircbotx.InputParser - :tmi.twitch.tv 421 jdbener WHO :Unknown command
15:43:07.571 [Thread-8] INFO  me.jdbener.PHitboxBotX.PHitboxBotX - :Jdbener!Jdbener@hitbox.tv PRIVMSG ##jdbener :check
15:43:11.299 [botPool0-bot1] DEBUG org.pircbotx.PircBotX - Unable to connect to hitbox.tv using the IP address 96.45.82.154, trying to check another address.
java.net.ConnectException: Connection timed out: connect
	at java.net.DualStackPlainSocketImpl.connect0(Native Method) ~[na:1.7.0_45]
	at java.net.DualStackPlainSocketImpl.socketConnect(Unknown Source) ~[na:1.7.0_45]
	at java.net.AbstractPlainSocketImpl.doConnect(Unknown Source) ~[na:1.7.0_45]
	at java.net.AbstractPlainSocketImpl.connectToAddress(Unknown Source) ~[na:1.7.0_45]
	at java.net.AbstractPlainSocketImpl.connect(Unknown Source) ~[na:1.7.0_45]
	at java.net.PlainSocketImpl.connect(Unknown Source) ~[na:1.7.0_45]
	at java.net.SocksSocketImpl.connect(Unknown Source) ~[na:1.7.0_45]
	at java.net.Socket.connect(Unknown Source) ~[na:1.7.0_45]
	at java.net.Socket.connect(Unknown Source) ~[na:1.7.0_45]
	at java.net.Socket.<init>(Unknown Source) ~[na:1.7.0_45]
	at java.net.Socket.<init>(Unknown Source) ~[na:1.7.0_45]
	at javax.net.DefaultSocketFactory.createSocket(Unknown Source) ~[na:1.7.0_45]
	at org.pircbotx.PircBotX.connect(PircBotX.java:194) ~[pircbotx-2.0.1.jar:na]
	at org.pircbotx.MultiBotManager$BotRunner.call(MultiBotManager.java:219) [pircbotx-2.0.1.jar:na]
	at org.pircbotx.MultiBotManager$BotRunner.call(MultiBotManager.java:212) [pircbotx-2.0.1.jar:na]
	at java.util.concurrent.FutureTask.run(Unknown Source) [na:1.7.0_45]
	at java.util.concurrent.ThreadPoolExecutor.runWorker(Unknown Source) [na:1.7.0_45]
	at java.util.concurrent.ThreadPoolExecutor$Worker.run(Unknown Source) [na:1.7.0_45]
	at java.lang.Thread.run(Unknown Source) [na:1.7.0_45]
15:43:11.299 [botPool0-bot1] DEBUG org.pircbotx.PircBotX - Trying address hitbox.tv/96.45.82.64
15:43:19.067 [Thread-8] INFO  me.jdbener.PHitboxBotX.PHitboxBotX - :Jdbener!Jdbener@hitbox.tv PRIVMSG ##jdbener :check
15:43:22.817 [botPool0-bot0] INFO  org.pircbotx.InputParser - :jtv PRIVMSG jdbener :USERCOLOR jdbener #1E90FF
15:43:22.819 [botPool0-bot0] INFO  org.pircbotx.InputParser - :jdbener!jdbener@jdbener.tmi.twitch.tv PRIVMSG #jdbener :check
15:43:22.820 [listenerPool0-thread7] ERROR o.p.h.m.ThreadedListenerManager - Exception encountered when executing event MessageEvent(channel=Channel(name=#jdbener, channelId=784107b1-1f8f-471b-92cb-82eea83b8f34, dao=org.pircbotx.UserChannelDao@49e30132, bot=Version{PircBotX 2.0.1, a fork of PircBot, the Java IRC bot - pircbotx.googlecode.com} Connected{true} Server{irc.twitch.tv} Port{6667} Password{oauth:dnvskkxmcc55d3x0mblzgsyieasntgg}, output=org.pircbotx.Channel$1@56639f83, mode=, topic=, topicTimestamp=0, createTimestamp=0, topicSetter=, moderated=false, noExternalMessages=false, inviteOnly=false, secret=false, channelPrivate=false, topicProtection=false, channelLimit=-1, channelKey=null, modeStale=false, modeLatch=null), user=User(bot=Version{PircBotX 2.0.1, a fork of PircBot, the Java IRC bot - pircbotx.googlecode.com} Connected{true} Server{irc.twitch.tv} Port{6667} Password{oauth:dnvskkxmcc55d3x0mblzgsyieasntgg}, dao=org.pircbotx.UserChannelDao@49e30132, userId=cdf4ea8f-57b2-411e-afcd-1e7860dd3c6a, output=org.pircbotx.User$1@267d7dc4, nick=jdbener, realName=, login=jdbener, hostmask=jdbener.tmi.twitch.tv, awayMessage=null, ircop=false, server=, hops=0), message=check) on listener me.jdbener.Cleaner@23e9436c
java.lang.ArrayIndexOutOfBoundsException: -1
	at java.util.ArrayList.elementData(Unknown Source) ~[na:1.7.0_45]
	at java.util.ArrayList.get(Unknown Source) ~[na:1.7.0_45]
	at me.jdbener.Cleaner.onMessage(Cleaner.java:103) ~[bin/:na]
	at org.pircbotx.hooks.ListenerAdapter.onEvent(ListenerAdapter.java:63) ~[pircbotx-2.0.1.jar:na]
	at org.pircbotx.hooks.managers.ThreadedListenerManager$1.call(ThreadedListenerManager.java:119) [pircbotx-2.0.1.jar:na]
	at org.pircbotx.hooks.managers.ThreadedListenerManager$1.call(ThreadedListenerManager.java:115) [pircbotx-2.0.1.jar:na]
	at java.util.concurrent.FutureTask.run(Unknown Source) [na:1.7.0_45]
	at java.util.concurrent.ThreadPoolExecutor.runWorker(Unknown Source) [na:1.7.0_45]
	at java.util.concurrent.ThreadPoolExecutor$Worker.run(Unknown Source) [na:1.7.0_45]
	at java.lang.Thread.run(Unknown Source) [na:1.7.0_45]
15:43:28.465 [Thread-8] INFO  me.jdbener.PHitboxBotX.PHitboxBotX - :Jdbener!Jdbener@hitbox.tv PRIVMSG ##jdbener :um
2
2
15:43:28.467 [listenerPool0-thread7] INFO  org.pircbotx.output.OutputRaw - PRIVMSG #jdbener :Jdbener: um
2
2
15:43:28.588 [Thread-8] INFO  me.jdbener.PHitboxBotX.PHitboxBotX - :jdbener!jdbener@hitbox.tv PRIVMSG ##jdbener :Jdbener: um
15:43:28.589 [botPool0-bot0] INFO  org.pircbotx.InputParser - :jtv PRIVMSG jdbener :USERCOLOR jdbener #1E90FF
15:43:32.297 [botPool0-bot1] DEBUG org.pircbotx.PircBotX - Unable to connect to hitbox.tv using the IP address 96.45.82.64, trying to check another address.
java.net.ConnectException: Connection timed out: connect
	at java.net.DualStackPlainSocketImpl.connect0(Native Method) ~[na:1.7.0_45]
	at java.net.DualStackPlainSocketImpl.socketConnect(Unknown Source) ~[na:1.7.0_45]
	at java.net.AbstractPlainSocketImpl.doConnect(Unknown Source) ~[na:1.7.0_45]
	at java.net.AbstractPlainSocketImpl.connectToAddress(Unknown Source) ~[na:1.7.0_45]
	at java.net.AbstractPlainSocketImpl.connect(Unknown Source) ~[na:1.7.0_45]
	at java.net.PlainSocketImpl.connect(Unknown Source) ~[na:1.7.0_45]
	at java.net.SocksSocketImpl.connect(Unknown Source) ~[na:1.7.0_45]
	at java.net.Socket.connect(Unknown Source) ~[na:1.7.0_45]
	at java.net.Socket.connect(Unknown Source) ~[na:1.7.0_45]
	at java.net.Socket.<init>(Unknown Source) ~[na:1.7.0_45]
	at java.net.Socket.<init>(Unknown Source) ~[na:1.7.0_45]
	at javax.net.DefaultSocketFactory.createSocket(Unknown Source) ~[na:1.7.0_45]
	at org.pircbotx.PircBotX.connect(PircBotX.java:194) ~[pircbotx-2.0.1.jar:na]
	at org.pircbotx.MultiBotManager$BotRunner.call(MultiBotManager.java:219) [pircbotx-2.0.1.jar:na]
	at org.pircbotx.MultiBotManager$BotRunner.call(MultiBotManager.java:212) [pircbotx-2.0.1.jar:na]
	at java.util.concurrent.FutureTask.run(Unknown Source) [na:1.7.0_45]
	at java.util.concurrent.ThreadPoolExecutor.runWorker(Unknown Source) [na:1.7.0_45]
	at java.util.concurrent.ThreadPoolExecutor$Worker.run(Unknown Source) [na:1.7.0_45]
	at java.lang.Thread.run(Unknown Source) [na:1.7.0_45]
15:43:32.297 [botPool0-bot1] DEBUG org.pircbotx.PircBotX - Trying address hitbox.tv/96.45.83.201
15:43:45.335 [botPool0-bot0] INFO  org.pircbotx.InputParser - :biogenx2b!biogenx2b@biogenx2b.tmi.twitch.tv JOIN #jdbener
15:43:45.336 [botPool0-bot0] INFO  org.pircbotx.InputParser - :daplayer42!daplayer42@daplayer42.tmi.twitch.tv JOIN #jdbener
15:43:45.336 [botPool0-bot0] INFO  org.pircbotx.InputParser - :tungsten92!tungsten92@tungsten92.tmi.twitch.tv JOIN #jdbener
15:43:45.336 [botPool0-bot0] INFO  org.pircbotx.InputParser - :jtv MODE #jdbener +o jdbener
15:43:53.302 [botPool0-bot1] DEBUG org.pircbotx.PircBotX - Unable to connect to hitbox.tv using the IP address 96.45.83.201, trying to check another address.
java.net.ConnectException: Connection timed out: connect
	at java.net.DualStackPlainSocketImpl.connect0(Native Method) ~[na:1.7.0_45]
	at java.net.DualStackPlainSocketImpl.socketConnect(Unknown Source) ~[na:1.7.0_45]
	at java.net.AbstractPlainSocketImpl.doConnect(Unknown Source) ~[na:1.7.0_45]
	at java.net.AbstractPlainSocketImpl.connectToAddress(Unknown Source) ~[na:1.7.0_45]
	at java.net.AbstractPlainSocketImpl.connect(Unknown Source) ~[na:1.7.0_45]
	at java.net.PlainSocketImpl.connect(Unknown Source) ~[na:1.7.0_45]
	at java.net.SocksSocketImpl.connect(Unknown Source) ~[na:1.7.0_45]
	at java.net.Socket.connect(Unknown Source) ~[na:1.7.0_45]
	at java.net.Socket.connect(Unknown Source) ~[na:1.7.0_45]
	at java.net.Socket.<init>(Unknown Source) ~[na:1.7.0_45]
	at java.net.Socket.<init>(Unknown Source) ~[na:1.7.0_45]
	at javax.net.DefaultSocketFactory.createSocket(Unknown Source) ~[na:1.7.0_45]
	at org.pircbotx.PircBotX.connect(PircBotX.java:194) ~[pircbotx-2.0.1.jar:na]
	at org.pircbotx.MultiBotManager$BotRunner.call(MultiBotManager.java:219) [pircbotx-2.0.1.jar:na]
	at org.pircbotx.MultiBotManager$BotRunner.call(MultiBotManager.java:212) [pircbotx-2.0.1.jar:na]
	at java.util.concurrent.FutureTask.run(Unknown Source) [na:1.7.0_45]
	at java.util.concurrent.ThreadPoolExecutor.runWorker(Unknown Source) [na:1.7.0_45]
	at java.util.concurrent.ThreadPoolExecutor$Worker.run(Unknown Source) [na:1.7.0_45]
	at java.lang.Thread.run(Unknown Source) [na:1.7.0_45]
15:43:53.302 [botPool0-bot1] DEBUG org.pircbotx.PircBotX - Trying address hitbox.tv/96.45.83.68
15:44:14.305 [botPool0-bot1] DEBUG org.pircbotx.PircBotX - Unable to connect to hitbox.tv using the IP address 96.45.83.68, trying to check another address.
java.net.ConnectException: Connection timed out: connect
	at java.net.DualStackPlainSocketImpl.connect0(Native Method) ~[na:1.7.0_45]
	at java.net.DualStackPlainSocketImpl.socketConnect(Unknown Source) ~[na:1.7.0_45]
	at java.net.AbstractPlainSocketImpl.doConnect(Unknown Source) ~[na:1.7.0_45]
	at java.net.AbstractPlainSocketImpl.connectToAddress(Unknown Source) ~[na:1.7.0_45]
	at java.net.AbstractPlainSocketImpl.connect(Unknown Source) ~[na:1.7.0_45]
	at java.net.PlainSocketImpl.connect(Unknown Source) ~[na:1.7.0_45]
	at java.net.SocksSocketImpl.connect(Unknown Source) ~[na:1.7.0_45]
	at java.net.Socket.connect(Unknown Source) ~[na:1.7.0_45]
	at java.net.Socket.connect(Unknown Source) ~[na:1.7.0_45]
	at java.net.Socket.<init>(Unknown Source) ~[na:1.7.0_45]
	at java.net.Socket.<init>(Unknown Source) ~[na:1.7.0_45]
	at javax.net.DefaultSocketFactory.createSocket(Unknown Source) ~[na:1.7.0_45]
	at org.pircbotx.PircBotX.connect(PircBotX.java:194) ~[pircbotx-2.0.1.jar:na]
	at org.pircbotx.MultiBotManager$BotRunner.call(MultiBotManager.java:219) [pircbotx-2.0.1.jar:na]
	at org.pircbotx.MultiBotManager$BotRunner.call(MultiBotManager.java:212) [pircbotx-2.0.1.jar:na]
	at java.util.concurrent.FutureTask.run(Unknown Source) [na:1.7.0_45]
	at java.util.concurrent.ThreadPoolExecutor.runWorker(Unknown Source) [na:1.7.0_45]
	at java.util.concurrent.ThreadPoolExecutor$Worker.run(Unknown Source) [na:1.7.0_45]
	at java.lang.Thread.run(Unknown Source) [na:1.7.0_45]
15:44:14.307 [botPool0-bot1] ERROR o.p.MultiBotManager$BotFutureCallback - Bot exited with Exception
java.io.IOException: Unable to connect to the IRC network hitbox.tv (last connection attempt exception attached)
	at org.pircbotx.PircBotX.connect(PircBotX.java:206) ~[pircbotx-2.0.1.jar:na]
	at org.pircbotx.MultiBotManager$BotRunner.call(MultiBotManager.java:219) ~[pircbotx-2.0.1.jar:na]
	at org.pircbotx.MultiBotManager$BotRunner.call(MultiBotManager.java:212) ~[pircbotx-2.0.1.jar:na]
	at java.util.concurrent.FutureTask.run(Unknown Source) [na:1.7.0_45]
	at java.util.concurrent.ThreadPoolExecutor.runWorker(Unknown Source) [na:1.7.0_45]
	at java.util.concurrent.ThreadPoolExecutor$Worker.run(Unknown Source) [na:1.7.0_45]
	at java.lang.Thread.run(Unknown Source) [na:1.7.0_45]
Caused by: java.net.ConnectException: Connection timed out: connect
	at java.net.DualStackPlainSocketImpl.connect0(Native Method) ~[na:1.7.0_45]
	at java.net.DualStackPlainSocketImpl.socketConnect(Unknown Source) ~[na:1.7.0_45]
	at java.net.AbstractPlainSocketImpl.doConnect(Unknown Source) ~[na:1.7.0_45]
	at java.net.AbstractPlainSocketImpl.connectToAddress(Unknown Source) ~[na:1.7.0_45]
	at java.net.AbstractPlainSocketImpl.connect(Unknown Source) ~[na:1.7.0_45]
	at java.net.PlainSocketImpl.connect(Unknown Source) ~[na:1.7.0_45]
	at java.net.SocksSocketImpl.connect(Unknown Source) ~[na:1.7.0_45]
	at java.net.Socket.connect(Unknown Source) ~[na:1.7.0_45]
	at java.net.Socket.connect(Unknown Source) ~[na:1.7.0_45]
	at java.net.Socket.<init>(Unknown Source) ~[na:1.7.0_45]
	at java.net.Socket.<init>(Unknown Source) ~[na:1.7.0_45]
	at javax.net.DefaultSocketFactory.createSocket(Unknown Source) ~[na:1.7.0_45]
	at org.pircbotx.PircBotX.connect(PircBotX.java:194) ~[pircbotx-2.0.1.jar:na]
	... 6 common frames omitted
