09:23:40.060 [main] INFO  me.jdbener.Bennerbot - Doing some database stuff, give me a moment
09:23:43.642 [main] WARN  me.jdbener.Bennerbot - Waiting for GUI to load
09:23:43.666 [AWT-EventQueue-0] INFO  me.jdbener.Bennerbot - Loading Beggining Tab Loading Sequence
changing progress to: 10
09:23:43.689 [AWT-EventQueue-0] INFO  me.jdbener.Bennerbot - 10
09:23:43.690 [AWT-EventQueue-0] INFO  me.jdbener.Bennerbot - Loading the "General Configuration Tab"
changing progress to: 20
09:23:45.216 [AWT-EventQueue-0] INFO  me.jdbener.Bennerbot - 20
09:23:45.216 [AWT-EventQueue-0] INFO  me.jdbener.Bennerbot - Loading the "Chat Display Tab"
changing progress to: 30
09:23:45.252 [AWT-EventQueue-0] INFO  me.jdbener.Bennerbot - 30
09:23:45.252 [AWT-EventQueue-0] INFO  me.jdbener.Bennerbot - Loading the "Chat Display Window"
changing progress to: 40
09:23:45.272 [AWT-EventQueue-0] INFO  me.jdbener.Bennerbot - 40
09:23:45.272 [AWT-EventQueue-0] INFO  me.jdbener.Bennerbot - Loading the "Chat Moderation Settings Tab"
changing progress to: 50
09:23:45.303 [AWT-EventQueue-0] INFO  me.jdbener.Bennerbot - 50
09:23:45.303 [AWT-EventQueue-0] INFO  me.jdbener.Bennerbot - Loading the "Custom Commands Tab"
changing progress to: 60
09:23:48.050 [AWT-EventQueue-0] INFO  me.jdbener.Bennerbot - 60
09:23:48.050 [AWT-EventQueue-0] INFO  me.jdbener.Bennerbot - Loading the "AutoMessage Tab"
changing progress to: 70
09:23:49.179 [AWT-EventQueue-0] INFO  me.jdbener.Bennerbot - 70
09:23:49.179 [AWT-EventQueue-0] INFO  me.jdbener.Bennerbot - Loading the "Work in Progress Settings Tab"
changing progress to: 80
09:23:49.199 [AWT-EventQueue-0] INFO  me.jdbener.Bennerbot - 80
09:23:49.199 [AWT-EventQueue-0] INFO  me.jdbener.Bennerbot - Loading the "Info Button"
changing progress to: 90
09:23:49.200 [AWT-EventQueue-0] INFO  me.jdbener.Bennerbot - 90
09:23:49.201 [AWT-EventQueue-0] INFO  me.jdbener.Bennerbot - Finished Tab Initiation Squence... Loading Backend
09:23:52.303 [AWT-EventQueue-0] INFO  me.jdbener.Bennerbot - Finished Loading GUI Backend
changing progress to: 100
09:23:52.303 [AWT-EventQueue-0] INFO  me.jdbener.Bennerbot - 100
09:23:52.346 [main] INFO  me.jdbener.Bennerbot - GUI loaded... Continuing with launch sequence
09:23:58.901 [main] INFO  me.jdbener.Bennerbot - Begining plugin loading
09:23:58.996 [main] INFO  me.jdbener.Bennerbot - Finished looking for plugins in: plugins
09:23:58.998 [main] INFO  me.jdbener.Bennerbot - Finished looking for plugins in: plugins/BasicCommands
09:23:58.999 [main] INFO  me.jdbener.Bennerbot - Finished looking for plugins in: plugins/dissabled
09:23:59.001 [main] INFO  me.jdbener.Bennerbot - Beggining pluging loading sequence
09:23:59.001 [main] INFO  me.jdbener.Bennerbot - Finished pluging loading sequence
09:23:59.001 [main] INFO  me.jdbener.Bennerbot - Proceading with BennerBot initiation sequence
09:23:59.001 [main] DEBUG org.pircbotx.MultiBotManager - Not started yet, add to queue
09:23:59.004 [botPool0-bot0] DEBUG org.pircbotx.PircBotX - Trying address irc.twitch.tv/199.9.250.229
09:23:59.032 [botPool0-bot0] INFO  org.pircbotx.PircBotX - Connected to server.
09:23:59.038 [botPool0-bot0] INFO  org.pircbotx.output.OutputRaw - PASS oauth:sccrkekgyzcobf9j7k1kceagfyo7hz4
09:23:59.039 [botPool0-bot0] INFO  org.pircbotx.output.OutputRaw - NICK jdbener
09:23:59.039 [botPool0-bot0] INFO  org.pircbotx.output.OutputRaw - USER BennerBot 8 * :PircBotX 2.0.1, a fork of PircBot, the Java IRC bot - pircbotx.googlecode.com
09:23:59.096 [botPool0-bot0] INFO  org.pircbotx.InputParser - :tmi.twitch.tv 001 jdbener :Welcome, GLHF!
09:23:59.104 [botPool0-bot0] DEBUG org.pircbotx.InputParser - Logged onto server.
09:24:00.040 [botPool0-bot0] INFO  org.pircbotx.output.OutputRaw - JOIN #biogenx2b 
09:24:00.041 [botPool0-bot0] INFO  org.pircbotx.InputParser - :tmi.twitch.tv 002 jdbener :Your host is tmi.twitch.tv
09:24:00.043 [botPool0-bot0] INFO  org.pircbotx.InputParser - :tmi.twitch.tv 003 jdbener :This server is rather new
09:24:00.044 [botPool0-bot0] INFO  org.pircbotx.InputParser - :tmi.twitch.tv 004 jdbener :-
09:24:00.051 [botPool0-bot0] ERROR org.pircbotx.PircBotX - Exception encountered when parsing line
java.lang.IndexOutOfBoundsException: Index: 1, Size: 1
	at java.util.ArrayList.rangeCheck(Unknown Source) ~[na:1.7.0_45]
	at java.util.ArrayList.get(Unknown Source) ~[na:1.7.0_45]
	at org.pircbotx.ServerInfo.parse004(ServerInfo.java:113) ~[pircbotx-2.0.1.jar:na]
	at org.pircbotx.ServerInfo.parse(ServerInfo.java:106) ~[pircbotx-2.0.1.jar:na]
	at org.pircbotx.InputParser.processServerResponse(InputParser.java:709) ~[pircbotx-2.0.1.jar:na]
	at org.pircbotx.InputParser.handleLine(InputParser.java:323) ~[pircbotx-2.0.1.jar:na]
	at org.pircbotx.PircBotX.startLineProcessing(PircBotX.java:275) [pircbotx-2.0.1.jar:na]
	at org.pircbotx.PircBotX.connect(PircBotX.java:236) [pircbotx-2.0.1.jar:na]
	at org.pircbotx.MultiBotManager$BotRunner.call(MultiBotManager.java:219) [pircbotx-2.0.1.jar:na]
	at org.pircbotx.MultiBotManager$BotRunner.call(MultiBotManager.java:212) [pircbotx-2.0.1.jar:na]
	at java.util.concurrent.FutureTask.run(Unknown Source) [na:1.7.0_45]
	at java.util.concurrent.ThreadPoolExecutor.runWorker(Unknown Source) [na:1.7.0_45]
	at java.util.concurrent.ThreadPoolExecutor$Worker.run(Unknown Source) [na:1.7.0_45]
	at java.lang.Thread.run(Unknown Source) [na:1.7.0_45]
09:24:00.052 [botPool0-bot0] INFO  org.pircbotx.InputParser - :tmi.twitch.tv 375 jdbener :-
09:24:00.052 [botPool0-bot0] INFO  org.pircbotx.InputParser - :tmi.twitch.tv 372 jdbener :You are in a maze of twisty passages, all alike.
09:24:00.053 [botPool0-bot0] INFO  org.pircbotx.InputParser - :tmi.twitch.tv 376 jdbener :>
09:24:00.152 [botPool0-bot0] INFO  org.pircbotx.InputParser - :jdbener!jdbener@jdbener.tmi.twitch.tv JOIN #biogenx2b
09:24:01.041 [listenerPool0-thread7] INFO  org.pircbotx.output.OutputRaw - TWITCHCLIENT 1
09:24:02.043 [botPool0-bot0] INFO  org.pircbotx.output.OutputRaw - WHO #biogenx2b
09:24:03.044 [botPool0-bot0] INFO  org.pircbotx.output.OutputRaw - MODE #biogenx2b
09:24:03.050 [botPool0-bot0] INFO  org.pircbotx.InputParser - :jdbener.tmi.twitch.tv 353 jdbener = #biogenx2b :john_pope gwydo moobot biogenx2bot thescribe83 jdbener biogenx2b scorned_ synlenia jakiolsen demacia1212
09:24:03.051 [botPool0-bot0] INFO  org.pircbotx.InputParser - :jdbener.tmi.twitch.tv 366 jdbener #biogenx2b :End of /NAMES list
09:24:03.052 [botPool0-bot0] INFO  org.pircbotx.InputParser - :jtv MODE #biogenx2b +o moobot
09:24:03.059 [botPool0-bot0] INFO  org.pircbotx.InputParser - :jtv MODE #biogenx2b +o biogenx2bot
09:24:03.060 [botPool0-bot0] INFO  org.pircbotx.InputParser - :jtv MODE #biogenx2b +o jdbener
09:24:03.061 [botPool0-bot0] INFO  org.pircbotx.InputParser - :jtv MODE #biogenx2b +o biogenx2b
09:24:03.062 [botPool0-bot0] INFO  org.pircbotx.InputParser - :jtv MODE #biogenx2b +o synlenia
09:24:03.064 [botPool0-bot0] INFO  org.pircbotx.InputParser - :jtv MODE #biogenx2b +o gwydo
09:24:03.067 [botPool0-bot0] INFO  org.pircbotx.InputParser - :jdbener!jdbener@jdbener.tmi.twitch.tv PRIVMSG #biogenx2b :!testthis
09:24:03.069 [botPool0-bot0] INFO  org.pircbotx.InputParser - :demacia1212!demacia1212@demacia1212.tmi.twitch.tv PRIVMSG #biogenx2b :sweet I'm in
09:24:03.096 [botPool0-bot0] INFO  org.pircbotx.InputParser - :tmi.twitch.tv 421 jdbener WHO :Unknown command
09:24:04.045 [listenerPool0-thread16] INFO  org.pircbotx.output.OutputRaw - PRIVMSG #biogenx2b :jdbener << that is a variable
09:24:04.215 [botPool0-bot0] INFO  org.pircbotx.InputParser - :jtv PRIVMSG jdbener :USERCOLOR jdbener #1E90FF
09:24:15.782 [botPool0-bot0] INFO  org.pircbotx.InputParser - :jtv PRIVMSG jdbener :USERCOLOR jdbener #1E90FF
09:24:15.784 [botPool0-bot0] INFO  org.pircbotx.InputParser - :jdbener!jdbener@jdbener.tmi.twitch.tv PRIVMSG #biogenx2b :yay it still works
09:24:55.067 [botPool0-bot0] INFO  org.pircbotx.InputParser - :jtv PRIVMSG jdbener :USERCOLOR biogenx2b #0000FF
09:24:55.068 [botPool0-bot0] INFO  org.pircbotx.InputParser - :jtv PRIVMSG jdbener :EMOTESET biogenx2b [775,8240,10733]
09:24:55.073 [botPool0-bot0] INFO  org.pircbotx.InputParser - :biogenx2b!biogenx2b@biogenx2b.tmi.twitch.tv PRIVMSG #biogenx2b :!testthis
09:24:55.074 [listenerPool0-thread14] INFO  org.pircbotx.output.OutputRaw - PRIVMSG #biogenx2b :Biogenx2b << that is a variable
09:24:55.169 [botPool0-bot0] INFO  org.pircbotx.InputParser - :jtv PRIVMSG jdbener :USERCOLOR jdbener #1E90FF
09:25:10.390 [botPool0-bot0] INFO  org.pircbotx.InputParser - :jtv PRIVMSG jdbener :USERCOLOR jdbener #1E90FF
09:25:10.409 [botPool0-bot0] INFO  org.pircbotx.InputParser - :jdbener!jdbener@jdbener.tmi.twitch.tv PRIVMSG #biogenx2b :ok it is creating duplicates
09:25:16.404 [botPool0-bot0] INFO  org.pircbotx.InputParser - :jtv PRIVMSG jdbener :USERCOLOR jdbener #1E90FF
09:25:16.407 [botPool0-bot0] INFO  org.pircbotx.InputParser - :jdbener!jdbener@jdbener.tmi.twitch.tv PRIVMSG #biogenx2b :thats wieord
09:25:20.587 [botPool0-bot0] INFO  org.pircbotx.InputParser - :jtv PRIVMSG jdbener :USERCOLOR jdbener #1E90FF
09:25:20.588 [botPool0-bot0] INFO  org.pircbotx.InputParser - :jdbener!jdbener@jdbener.tmi.twitch.tv PRIVMSG #biogenx2b :!testthis
09:25:20.589 [listenerPool0-thread21] INFO  org.pircbotx.output.OutputRaw - PRIVMSG #biogenx2b :Jdbener << that is a variable
09:25:20.787 [botPool0-bot0] INFO  org.pircbotx.InputParser - :jtv PRIVMSG jdbener :USERCOLOR jdbener #1E90FF
09:25:32.389 [botPool0-bot0] INFO  org.pircbotx.InputParser - :jtv PRIVMSG jdbener :USERCOLOR demacia1212 #0000FF
09:25:32.389 [botPool0-bot0] INFO  org.pircbotx.InputParser - :demacia1212!demacia1212@demacia1212.tmi.twitch.tv PRIVMSG #biogenx2b :jdbener confirmed bot?
09:25:48.082 [botPool0-bot0] INFO  org.pircbotx.InputParser - :jtv PRIVMSG jdbener :USERCOLOR jdbener #1E90FF
09:25:48.086 [botPool0-bot0] INFO  org.pircbotx.InputParser - :jdbener!jdbener@jdbener.tmi.twitch.tv PRIVMSG #biogenx2b :if you say so :D
09:26:16.506 [Thread-55] INFO  org.pircbotx.output.OutputRaw - PRIVMSG #biogenx2b :guess what!
09:26:16.709 [botPool0-bot0] INFO  org.pircbotx.InputParser - :jtv PRIVMSG jdbener :USERCOLOR jdbener #1E90FF
09:26:22.432 [botPool0-bot0] INFO  org.pircbotx.InputParser - :jtv PRIVMSG jdbener :USERCOLOR synlenia #B22222
09:26:22.437 [botPool0-bot0] INFO  org.pircbotx.InputParser - :jtv PRIVMSG jdbener :EMOTESET synlenia [775]
09:26:22.439 [botPool0-bot0] INFO  org.pircbotx.InputParser - :synlenia!synlenia@synlenia.tmi.twitch.tv PRIVMSG #biogenx2b :I am a bot Kappa
09:26:25.217 [Thread-56] INFO  org.pircbotx.output.OutputRaw - PRIVMSG #biogenx2b :i may or maynot be a bot
09:26:25.785 [botPool0-bot0] INFO  org.pircbotx.InputParser - :jtv PRIVMSG jdbener :USERCOLOR jdbener #1E90FF
09:26:29.226 [botPool0-bot0] INFO  org.pircbotx.InputParser - :jakiolsen!jakiolsen@jakiolsen.tmi.twitch.tv PART #biogenx2b
09:26:29.228 [botPool0-bot0] WARN  org.pircbotx.Channel - Channel #biogenx2b mode '' is stale
09:26:29.244 [botPool0-bot0] WARN  org.pircbotx.Channel - Channel #biogenx2b mode '' is stale
09:26:42.796 [Thread-57] INFO  org.pircbotx.output.OutputRaw - PRIVMSG #biogenx2b ::O
09:26:42.965 [botPool0-bot0] INFO  org.pircbotx.InputParser - :jtv PRIVMSG jdbener :USERCOLOR jdbener #1E90FF
09:27:01.546 [botPool0-bot0] INFO  org.pircbotx.InputParser - :jtv PRIVMSG jdbener :USERCOLOR demacia1212 #0000FF
09:27:01.548 [botPool0-bot0] INFO  org.pircbotx.InputParser - :demacia1212!demacia1212@demacia1212.tmi.twitch.tv PRIVMSG #biogenx2b :!testthis
09:27:01.550 [listenerPool0-thread5] INFO  org.pircbotx.output.OutputRaw - PRIVMSG #biogenx2b :Demacia1212 << that is a variable
09:27:01.659 [botPool0-bot0] INFO  org.pircbotx.InputParser - :jtv PRIVMSG jdbener :USERCOLOR jdbener #1E90FF
09:27:07.779 [botPool0-bot0] INFO  org.pircbotx.InputParser - :jtv PRIVMSG jdbener :USERCOLOR demacia1212 #0000FF
09:27:07.782 [botPool0-bot0] INFO  org.pircbotx.InputParser - :demacia1212!demacia1212@demacia1212.tmi.twitch.tv PRIVMSG #biogenx2b :yea you're a bot Kappa
09:27:20.569 [Thread-58] INFO  org.pircbotx.output.OutputRaw - PRIVMSG #biogenx2b :or am i?
09:27:20.764 [botPool0-bot0] INFO  org.pircbotx.InputParser - :jtv PRIVMSG jdbener :USERCOLOR jdbener #1E90FF
09:27:30.151 [botPool0-bot0] INFO  org.pircbotx.InputParser - :jtv PRIVMSG jdbener :USERCOLOR jdbener #1E90FF
09:27:30.173 [botPool0-bot0] INFO  org.pircbotx.InputParser - :jdbener!jdbener@jdbener.tmi.twitch.tv PRIVMSG #biogenx2b :!commands
09:27:30.187 [pool-9-thread-1] INFO  org.pircbotx.output.OutputRaw - PRIVMSG #biogenx2b :1) !testthis   2) !usesvariable   3) !thisiscommand   
09:27:30.368 [botPool0-bot0] INFO  org.pircbotx.InputParser - :jtv PRIVMSG jdbener :USERCOLOR biogenx2bot #FF0000
09:27:30.371 [botPool0-bot0] INFO  org.pircbotx.InputParser - :biogenx2bot!biogenx2bot@biogenx2bot.tmi.twitch.tv PRIVMSG #biogenx2b :1) !broke   2) !dummycommand   3) !rigged
09:27:30.552 [botPool0-bot0] INFO  org.pircbotx.InputParser - :jtv PRIVMSG jdbener :USERCOLOR jdbener #1E90FF
09:27:36.740 [botPool0-bot0] INFO  org.pircbotx.InputParser - :jtv PRIVMSG jdbener :USERCOLOR jdbener #1E90FF
09:27:36.746 [botPool0-bot0] INFO  org.pircbotx.InputParser - :jdbener!jdbener@jdbener.tmi.twitch.tv PRIVMSG #biogenx2b :!broke
09:27:42.462 [botPool0-bot0] INFO  org.pircbotx.InputParser - :jtv PRIVMSG jdbener :USERCOLOR jdbener #1E90FF
09:27:42.470 [botPool0-bot0] INFO  org.pircbotx.InputParser - :jdbener!jdbener@jdbener.tmi.twitch.tv PRIVMSG #biogenx2b :!rigged
09:27:49.592 [botPool0-bot0] INFO  org.pircbotx.InputParser - :jtv PRIVMSG jdbener :USERCOLOR jdbener #1E90FF
09:27:49.593 [botPool0-bot0] INFO  org.pircbotx.InputParser - :jdbener!jdbener@jdbener.tmi.twitch.tv PRIVMSG #biogenx2b :!thisiscommand
09:27:49.594 [listenerPool0-thread20] INFO  org.pircbotx.output.OutputRaw - PRIVMSG #biogenx2b :cmd
09:27:49.702 [botPool0-bot0] INFO  org.pircbotx.InputParser - :jtv PRIVMSG jdbener :USERCOLOR jdbener #1E90FF
09:28:03.341 [botPool0-bot0] INFO  org.pircbotx.InputParser - :jtv PRIVMSG jdbener :USERCOLOR jdbener #1E90FF
09:28:03.360 [botPool0-bot0] INFO  org.pircbotx.InputParser - :jdbener!jdbener@jdbener.tmi.twitch.tv PRIVMSG #biogenx2b :i am the most op
09:28:10.151 [botPool0-bot0] INFO  org.pircbotx.InputParser - :jtv PRIVMSG jdbener :USERCOLOR jdbener #1E90FF
09:28:10.209 [botPool0-bot0] INFO  org.pircbotx.InputParser - :jdbener!jdbener@jdbener.tmi.twitch.tv PRIVMSG #biogenx2b :my BB works :D
09:28:14.658 [botPool0-bot0] INFO  org.pircbotx.InputParser - :jtv PRIVMSG jdbener :USERCOLOR jdbener #1E90FF
09:28:14.687 [botPool0-bot0] INFO  org.pircbotx.InputParser - :jdbener!jdbener@jdbener.tmi.twitch.tv PRIVMSG #biogenx2b :you know what
09:28:19.624 [botPool0-bot0] INFO  org.pircbotx.InputParser - :jtv PRIVMSG jdbener :USERCOLOR jdbener #1E90FF
09:28:19.632 [botPool0-bot0] INFO  org.pircbotx.InputParser - :jdbener!jdbener@jdbener.tmi.twitch.tv PRIVMSG #biogenx2b :fuck the progress bar
09:28:24.949 [botPool0-bot0] INFO  org.pircbotx.InputParser - :jtv PRIVMSG jdbener :USERCOLOR jdbener #1E90FF
09:28:24.967 [botPool0-bot0] INFO  org.pircbotx.InputParser - :jdbener!jdbener@jdbener.tmi.twitch.tv PRIVMSG #biogenx2b :we dont need it
09:28:31.756 [botPool0-bot0] INFO  org.pircbotx.InputParser - PING :tmi.twitch.tv
09:28:31.757 [listenerPool0-thread21] INFO  org.pircbotx.output.OutputRaw - PONG tmi.twitch.tv
09:28:47.894 [botPool0-bot0] INFO  org.pircbotx.InputParser - :jtv PRIVMSG jdbener :USERCOLOR synlenia #B22222
09:28:47.911 [botPool0-bot0] INFO  org.pircbotx.InputParser - :jtv PRIVMSG jdbener :EMOTESET synlenia [775]
09:28:47.918 [botPool0-bot0] INFO  org.pircbotx.InputParser - :synlenia!synlenia@synlenia.tmi.twitch.tv PRIVMSG #biogenx2b :So played some console d3 last night ... Finally made it through act 2 ...
09:29:34.363 [bot1-shutdownhook] INFO  org.pircbotx.output.OutputRaw - QUIT :
09:29:34.365 [bot1-shutdownhook] WARN  org.pircbotx.Channel - Channel #biogenx2b mode '' is stale
09:29:34.365 [bot1-shutdownhook] WARN  org.pircbotx.Channel - Channel #biogenx2b mode '' is stale
09:29:34.366 [bot1-shutdownhook] INFO  org.pircbotx.dcc.DccHandler - Terminating all transfers waiting to be accepted
09:29:34.366 [botPool0-bot0] INFO  org.pircbotx.PircBotX - Shutdown has been called, closing InputParser
09:29:34.370 [botPool0-bot0] DEBUG o.p.MultiBotManager$BotFutureCallback - Bot #0 finished
09:29:34.371 [bot1-shutdownhook] DEBUG org.pircbotx.PircBotX - Disconnected.
09:29:34.372 [bot1-shutdownhook] DEBUG o.p.h.m.ThreadedListenerManager - Waiting for listener me.jdbener.utilities.ChatRelayHandeler@344f40f9 to execute event DisconnectEvent(daoSnapshot=org.pircbotx.snapshot.UserChannelDaoSnapshot@786c6980, disconnectException=null)
