06:17:34.390 [main] WARN  me.jdbener.Bennerbot - Waiting for GUI to load
06:17:34.410 [AWT-EventQueue-0] INFO  me.jdbener.Bennerbot - Loading Beggining Tab Loading Sequence
06:17:34.429 [AWT-EventQueue-0] INFO  me.jdbener.Bennerbot - Loading the "General Configuration Tab"
06:17:35.917 [AWT-EventQueue-0] INFO  me.jdbener.Bennerbot - Loading the "Chat Display Tab"
06:17:35.953 [AWT-EventQueue-0] INFO  me.jdbener.Bennerbot - Loading the "Chat Display Window"
06:17:35.972 [AWT-EventQueue-0] INFO  me.jdbener.Bennerbot - Loading the "Chat Moderation Settings Tab"
06:17:35.994 [AWT-EventQueue-0] INFO  me.jdbener.Bennerbot - Loading the "Custom Commands Tab"
06:17:38.029 [AWT-EventQueue-0] INFO  me.jdbener.Bennerbot - Loading the "AutoMessage Tab"
06:17:39.031 [AWT-EventQueue-0] INFO  me.jdbener.Bennerbot - Loading the "Miscellaneous Settings Tab"
06:17:39.051 [AWT-EventQueue-0] INFO  me.jdbener.Bennerbot - Loading the "Info Button"
06:17:39.052 [AWT-EventQueue-0] INFO  me.jdbener.Bennerbot - Finished Tab Initiation Squence... Loading Backend
06:17:41.880 [AWT-EventQueue-0] INFO  me.jdbener.Bennerbot - Finished Loading GUI Backend
06:17:41.891 [main] INFO  me.jdbener.Bennerbot - GUI loaded... Continuing with launch sequence
06:17:46.594 [main] INFO  me.jdbener.PHitboxBotX.PHitboxBotX - Getting Hitbox server IP: ec2-54-87-229-245.compute-1.amazonaws.com
06:17:47.076 [main] INFO  me.jdbener.PHitboxBotX.PHitboxBotX - Getting connection ID: fvZUv0T2Qk2djfL7AMZL
06:17:47.076 [main] INFO  me.jdbener.PHitboxBotX.PHitboxBotX - Getting your token
06:17:47.312 [main] INFO  me.jdbener.PHitboxBotX.PHitboxBotX - Connecting to hitbox servers...
06:17:49.506 [main] INFO  me.jdbener.PHitboxBotX.PHitboxBotX - Sucessfully Connected... Joined Channel #jdbener
06:17:49.506 [main] INFO  me.jdbener.Bennerbot - Begining plugin loading
06:17:49.580 [main] INFO  me.jdbener.Bennerbot - Finished looking for plugins in: plugins
06:17:49.581 [main] INFO  me.jdbener.Bennerbot - Finished looking for plugins in: plugins/BasicCommands
06:17:49.582 [main] INFO  me.jdbener.Bennerbot - Finished looking for plugins in: plugins/dissabled
06:17:49.584 [main] INFO  me.jdbener.Bennerbot - Beggining pluging loading sequence
06:17:49.584 [main] INFO  me.jdbener.Bennerbot - Finished pluging loading sequence
06:17:49.584 [main] INFO  me.jdbener.Bennerbot - Proceading with cookie? initiation sequence
06:17:49.584 [main] DEBUG org.pircbotx.MultiBotManager - Not started yet, add to queue
06:17:49.584 [main] DEBUG org.pircbotx.MultiBotManager - Not started yet, add to queue
06:17:49.587 [botPool0-bot0] DEBUG org.pircbotx.PircBotX - Trying address irc.twitch.tv/199.9.250.239
06:17:49.614 [botPool0-bot0] INFO  org.pircbotx.PircBotX - Connected to server.
06:17:49.621 [botPool0-bot0] INFO  org.pircbotx.output.OutputRaw - PASS oauth:sccrkekgyzcobf9j7k1kceagfyo7hz4
06:17:49.621 [botPool0-bot0] INFO  org.pircbotx.output.OutputRaw - NICK jdbener
06:17:49.621 [botPool0-bot0] INFO  org.pircbotx.output.OutputRaw - USER cookie? 8 * :PircBotX 2.0.1, a fork of PircBot, the Java IRC bot - pircbotx.googlecode.com
06:17:49.656 [botPool0-bot1] DEBUG org.pircbotx.PircBotX - Trying address hitbox.tv/212.232.25.4
06:17:49.681 [botPool0-bot0] INFO  org.pircbotx.InputParser - :tmi.twitch.tv 001 jdbener :Welcome, GLHF!
06:17:49.689 [botPool0-bot0] DEBUG org.pircbotx.InputParser - Logged onto server.
06:17:50.622 [listenerPool0-thread2] INFO  org.pircbotx.output.OutputRaw - TWITCHCLIENT 1
06:17:51.202 [botPool0-bot1] DEBUG org.pircbotx.PircBotX - Unable to connect to hitbox.tv using the IP address 212.232.25.4, trying to check another address.
java.net.ConnectException: Connection refused: connect
	at java.net.DualStackPlainSocketImpl.connect0(Native Method) ~[na:1.7.0_45]
	at java.net.DualStackPlainSocketImpl.socketConnect(Unknown Source) ~[na:1.7.0_45]
	at java.net.AbstractPlainSocketImpl.doConnect(Unknown Source) ~[na:1.7.0_45]
	at java.net.AbstractPlainSocketImpl.connectToAddress(Unknown Source) ~[na:1.7.0_45]
	at java.net.AbstractPlainSocketImpl.connect(Unknown Source) ~[na:1.7.0_45]
	at java.net.PlainSocketImpl.connect(Unknown Source) ~[na:1.7.0_45]
	at java.net.SocksSocketImpl.connect(Unknown Source) ~[na:1.7.0_45]
	at java.net.Socket.connect(Unknown Source) ~[na:1.7.0_45]
	at java.net.Socket.connect(Unknown Source) ~[na:1.7.0_45]
	at java.net.Socket.<init>(Unknown Source) ~[na:1.7.0_45]
	at java.net.Socket.<init>(Unknown Source) ~[na:1.7.0_45]
	at javax.net.DefaultSocketFactory.createSocket(Unknown Source) ~[na:1.7.0_45]
	at org.pircbotx.PircBotX.connect(PircBotX.java:194) ~[pircbotx-2.0.1.jar:na]
	at org.pircbotx.MultiBotManager$BotRunner.call(MultiBotManager.java:219) [pircbotx-2.0.1.jar:na]
	at org.pircbotx.MultiBotManager$BotRunner.call(MultiBotManager.java:212) [pircbotx-2.0.1.jar:na]
	at java.util.concurrent.FutureTask.run(Unknown Source) [na:1.7.0_45]
	at java.util.concurrent.ThreadPoolExecutor.runWorker(Unknown Source) [na:1.7.0_45]
	at java.util.concurrent.ThreadPoolExecutor$Worker.run(Unknown Source) [na:1.7.0_45]
	at java.lang.Thread.run(Unknown Source) [na:1.7.0_45]
06:17:51.203 [botPool0-bot1] ERROR o.p.MultiBotManager$BotFutureCallback - Bot exited with Exception
java.io.IOException: Unable to connect to the IRC network hitbox.tv (last connection attempt exception attached)
	at org.pircbotx.PircBotX.connect(PircBotX.java:206) ~[pircbotx-2.0.1.jar:na]
	at org.pircbotx.MultiBotManager$BotRunner.call(MultiBotManager.java:219) ~[pircbotx-2.0.1.jar:na]
	at org.pircbotx.MultiBotManager$BotRunner.call(MultiBotManager.java:212) ~[pircbotx-2.0.1.jar:na]
	at java.util.concurrent.FutureTask.run(Unknown Source) [na:1.7.0_45]
	at java.util.concurrent.ThreadPoolExecutor.runWorker(Unknown Source) [na:1.7.0_45]
	at java.util.concurrent.ThreadPoolExecutor$Worker.run(Unknown Source) [na:1.7.0_45]
	at java.lang.Thread.run(Unknown Source) [na:1.7.0_45]
Caused by: java.net.ConnectException: Connection refused: connect
	at java.net.DualStackPlainSocketImpl.connect0(Native Method) ~[na:1.7.0_45]
	at java.net.DualStackPlainSocketImpl.socketConnect(Unknown Source) ~[na:1.7.0_45]
	at java.net.AbstractPlainSocketImpl.doConnect(Unknown Source) ~[na:1.7.0_45]
	at java.net.AbstractPlainSocketImpl.connectToAddress(Unknown Source) ~[na:1.7.0_45]
	at java.net.AbstractPlainSocketImpl.connect(Unknown Source) ~[na:1.7.0_45]
	at java.net.PlainSocketImpl.connect(Unknown Source) ~[na:1.7.0_45]
	at java.net.SocksSocketImpl.connect(Unknown Source) ~[na:1.7.0_45]
	at java.net.Socket.connect(Unknown Source) ~[na:1.7.0_45]
	at java.net.Socket.connect(Unknown Source) ~[na:1.7.0_45]
	at java.net.Socket.<init>(Unknown Source) ~[na:1.7.0_45]
	at java.net.Socket.<init>(Unknown Source) ~[na:1.7.0_45]
	at javax.net.DefaultSocketFactory.createSocket(Unknown Source) ~[na:1.7.0_45]
	at org.pircbotx.PircBotX.connect(PircBotX.java:194) ~[pircbotx-2.0.1.jar:na]
	... 6 common frames omitted
06:17:51.623 [botPool0-bot0] INFO  org.pircbotx.output.OutputRaw - JOIN #jdbener 
06:17:51.623 [botPool0-bot0] INFO  org.pircbotx.InputParser - :tmi.twitch.tv 002 jdbener :Your host is tmi.twitch.tv
06:17:51.624 [botPool0-bot0] INFO  org.pircbotx.InputParser - :tmi.twitch.tv 003 jdbener :This server is rather new
06:17:51.624 [botPool0-bot0] INFO  org.pircbotx.InputParser - :tmi.twitch.tv 004 jdbener :-
06:17:51.625 [botPool0-bot0] ERROR org.pircbotx.PircBotX - Exception encountered when parsing line
java.lang.IndexOutOfBoundsException: Index: 1, Size: 1
	at java.util.ArrayList.rangeCheck(Unknown Source) ~[na:1.7.0_45]
	at java.util.ArrayList.get(Unknown Source) ~[na:1.7.0_45]
	at org.pircbotx.ServerInfo.parse004(ServerInfo.java:113) ~[pircbotx-2.0.1.jar:na]
	at org.pircbotx.ServerInfo.parse(ServerInfo.java:106) ~[pircbotx-2.0.1.jar:na]
	at org.pircbotx.InputParser.processServerResponse(InputParser.java:709) ~[pircbotx-2.0.1.jar:na]
	at org.pircbotx.InputParser.handleLine(InputParser.java:323) ~[pircbotx-2.0.1.jar:na]
	at org.pircbotx.PircBotX.startLineProcessing(PircBotX.java:275) [pircbotx-2.0.1.jar:na]
	at org.pircbotx.PircBotX.connect(PircBotX.java:236) [pircbotx-2.0.1.jar:na]
	at org.pircbotx.MultiBotManager$BotRunner.call(MultiBotManager.java:219) [pircbotx-2.0.1.jar:na]
	at org.pircbotx.MultiBotManager$BotRunner.call(MultiBotManager.java:212) [pircbotx-2.0.1.jar:na]
	at java.util.concurrent.FutureTask.run(Unknown Source) [na:1.7.0_45]
	at java.util.concurrent.ThreadPoolExecutor.runWorker(Unknown Source) [na:1.7.0_45]
	at java.util.concurrent.ThreadPoolExecutor$Worker.run(Unknown Source) [na:1.7.0_45]
	at java.lang.Thread.run(Unknown Source) [na:1.7.0_45]
06:17:51.625 [botPool0-bot0] INFO  org.pircbotx.InputParser - :tmi.twitch.tv 375 jdbener :-
06:17:51.625 [botPool0-bot0] INFO  org.pircbotx.InputParser - :tmi.twitch.tv 372 jdbener :You are in a maze of twisty passages, all alike.
06:17:51.626 [botPool0-bot0] INFO  org.pircbotx.InputParser - :tmi.twitch.tv 376 jdbener :>
06:17:51.676 [botPool0-bot0] INFO  org.pircbotx.InputParser - :jdbener!jdbener@jdbener.tmi.twitch.tv JOIN #jdbener
06:17:52.624 [botPool0-bot0] INFO  org.pircbotx.output.OutputRaw - WHO #jdbener
06:17:53.625 [botPool0-bot0] INFO  org.pircbotx.output.OutputRaw - MODE #jdbener
06:17:53.628 [botPool0-bot0] INFO  org.pircbotx.InputParser - :jdbener.tmi.twitch.tv 353 jdbener = #jdbener :jdbener
06:17:53.628 [botPool0-bot0] INFO  org.pircbotx.InputParser - :jdbener.tmi.twitch.tv 366 jdbener #jdbener :End of /NAMES list
06:17:53.629 [botPool0-bot0] INFO  org.pircbotx.InputParser - :jtv!jtv@jtv.tmi.twitch.tv PRIVMSG jdbener :USERCOLOR jdbener #1E90FF
06:17:53.629 [botPool0-bot0] INFO  org.pircbotx.InputParser - :jtv!jtv@jtv.tmi.twitch.tv PRIVMSG jdbener :HISTORYEND jdbener
06:17:53.629 [botPool0-bot0] INFO  org.pircbotx.InputParser - :tmi.twitch.tv 421 jdbener WHO :Unknown command
06:18:03.222 [bot3-shutdownhook] INFO  org.pircbotx.output.OutputRaw - QUIT :
06:18:03.256 [bot3-shutdownhook] INFO  org.pircbotx.dcc.DccHandler - Terminating all transfers waiting to be accepted
06:18:03.257 [botPool0-bot0] INFO  org.pircbotx.PircBotX - Shutdown has been called, closing InputParser
06:18:03.257 [botPool0-bot0] DEBUG o.p.MultiBotManager$BotFutureCallback - Bot #0 finished
06:18:03.257 [bot3-shutdownhook] DEBUG org.pircbotx.PircBotX - Disconnected.
06:18:03.257 [bot3-shutdownhook] DEBUG o.p.h.m.ThreadedListenerManager - Waiting for listener me.jdbener.Cleaner@1905b14f to execute event DisconnectEvent(daoSnapshot=org.pircbotx.snapshot.UserChannelDaoSnapshot@4780223c, disconnectException=null)
