11:24:21.974 [main] INFO  me.jdbener.Bennerbot - Doing some database stuff, give me a moment
11:24:24.873 [main] WARN  me.jdbener.Bennerbot - Waiting for GUI to load
11:24:24.894 [AWT-EventQueue-0] INFO  me.jdbener.Bennerbot - Loading Beggining Tab Loading Sequence
11:24:24.912 [AWT-EventQueue-0] INFO  me.jdbener.Bennerbot - Loading the "General Configuration Tab"
11:24:26.550 [AWT-EventQueue-0] INFO  me.jdbener.Bennerbot - Loading the "Chat Display Tab"
11:24:26.587 [AWT-EventQueue-0] INFO  me.jdbener.Bennerbot - Loading the "Chat Display Window"
11:24:26.608 [AWT-EventQueue-0] INFO  me.jdbener.Bennerbot - Loading the "Chat Moderation Settings Tab"
11:24:26.632 [AWT-EventQueue-0] INFO  me.jdbener.Bennerbot - Loading the "Custom Commands Tab"
11:24:29.649 [AWT-EventQueue-0] INFO  me.jdbener.Bennerbot - Loading the "AutoMessage Tab"
11:24:31.002 [AWT-EventQueue-0] INFO  me.jdbener.Bennerbot - Loading the "Work in Progress Settings Tab"
11:24:31.014 [AWT-EventQueue-0] INFO  me.jdbener.Bennerbot - Loading the "Info Button"
11:24:31.015 [AWT-EventQueue-0] INFO  me.jdbener.Bennerbot - Loading the "Bot's Menu"
11:24:31.016 [AWT-EventQueue-0] INFO  me.jdbener.Bennerbot - Finished Tab Initiation Squence... Loading Backend
11:24:34.794 [AWT-EventQueue-0] INFO  me.jdbener.Bennerbot - Finished Loading GUI Backend
11:24:34.881 [main] INFO  me.jdbener.Bennerbot - GUI loaded... Continuing with launch sequence
11:24:40.854 [main] INFO  me.jdbener.PHitboxBotX.PHitboxBotX - Getting Hitbox server IP: ec2-54-87-229-245.compute-1.amazonaws.com
11:24:41.526 [main] INFO  me.jdbener.PHitboxBotX.PHitboxBotX - Getting connection ID: xkpmAQUvgmvvzJpNB6Ad
11:24:41.526 [main] INFO  me.jdbener.PHitboxBotX.PHitboxBotX - Getting your token
11:24:41.883 [main] INFO  me.jdbener.PHitboxBotX.PHitboxBotX - Connecting to hitbox servers...
11:24:44.075 [main] INFO  me.jdbener.PHitboxBotX.PHitboxBotX - Sucessfully Connected... Joined Channel #jdbener
11:24:44.076 [main] INFO  me.jdbener.Bennerbot - Begining plugin loading
11:24:44.162 [main] INFO  me.jdbener.Bennerbot - Finished looking for plugins in: plugins
11:24:44.163 [main] INFO  me.jdbener.Bennerbot - Finished looking for plugins in: plugins/BasicCommands
11:24:44.164 [main] INFO  me.jdbener.Bennerbot - Finished looking for plugins in: plugins/dissabled
11:24:44.166 [main] INFO  me.jdbener.Bennerbot - Beggining pluging loading sequence
11:24:44.166 [main] INFO  me.jdbener.Bennerbot - Finished pluging loading sequence
11:24:44.166 [main] INFO  me.jdbener.Bennerbot - Proceading with BennerBot initiation sequence
11:24:44.166 [main] DEBUG org.pircbotx.MultiBotManager - Not started yet, add to queue
11:24:44.166 [main] DEBUG org.pircbotx.MultiBotManager - Not started yet, add to queue
11:24:44.186 [botPool0-bot0] DEBUG org.pircbotx.PircBotX - Trying address irc.twitch.tv/199.9.250.239
11:24:44.214 [botPool0-bot0] INFO  org.pircbotx.PircBotX - Connected to server.
11:24:44.219 [botPool0-bot0] INFO  org.pircbotx.output.OutputRaw - PASS oauth:sccrkekgyzcobf9j7k1kceagfyo7hz4
11:24:44.219 [botPool0-bot0] INFO  org.pircbotx.output.OutputRaw - NICK jdbener
11:24:44.220 [botPool0-bot0] INFO  org.pircbotx.output.OutputRaw - USER BennerBot 8 * :PircBotX 2.0.1, a fork of PircBot, the Java IRC bot - pircbotx.googlecode.com
11:24:44.252 [botPool0-bot1] DEBUG org.pircbotx.PircBotX - Trying address hitbox.tv/212.232.25.4
11:24:44.333 [botPool0-bot0] INFO  org.pircbotx.InputParser - :tmi.twitch.tv 001 jdbener :Welcome, GLHF!
11:24:44.341 [botPool0-bot0] DEBUG org.pircbotx.InputParser - Logged onto server.
11:24:45.221 [botPool0-bot0] INFO  org.pircbotx.output.OutputRaw - JOIN #jdbener 
11:24:45.221 [botPool0-bot0] INFO  org.pircbotx.InputParser - :tmi.twitch.tv 002 jdbener :Your host is tmi.twitch.tv
11:24:45.222 [botPool0-bot0] INFO  org.pircbotx.InputParser - :tmi.twitch.tv 003 jdbener :This server is rather new
11:24:45.222 [botPool0-bot0] INFO  org.pircbotx.InputParser - :tmi.twitch.tv 004 jdbener :-
11:24:45.229 [botPool0-bot0] ERROR org.pircbotx.PircBotX - Exception encountered when parsing line
java.lang.IndexOutOfBoundsException: Index: 1, Size: 1
	at java.util.ArrayList.rangeCheck(Unknown Source) ~[na:1.7.0_45]
	at java.util.ArrayList.get(Unknown Source) ~[na:1.7.0_45]
	at org.pircbotx.ServerInfo.parse004(ServerInfo.java:113) ~[pircbotx-2.0.1.jar:na]
	at org.pircbotx.ServerInfo.parse(ServerInfo.java:106) ~[pircbotx-2.0.1.jar:na]
	at org.pircbotx.InputParser.processServerResponse(InputParser.java:709) ~[pircbotx-2.0.1.jar:na]
	at org.pircbotx.InputParser.handleLine(InputParser.java:323) ~[pircbotx-2.0.1.jar:na]
	at org.pircbotx.PircBotX.startLineProcessing(PircBotX.java:275) [pircbotx-2.0.1.jar:na]
	at org.pircbotx.PircBotX.connect(PircBotX.java:236) [pircbotx-2.0.1.jar:na]
	at org.pircbotx.MultiBotManager$BotRunner.call(MultiBotManager.java:219) [pircbotx-2.0.1.jar:na]
	at org.pircbotx.MultiBotManager$BotRunner.call(MultiBotManager.java:212) [pircbotx-2.0.1.jar:na]
	at java.util.concurrent.FutureTask.run(Unknown Source) [na:1.7.0_45]
	at java.util.concurrent.ThreadPoolExecutor.runWorker(Unknown Source) [na:1.7.0_45]
	at java.util.concurrent.ThreadPoolExecutor$Worker.run(Unknown Source) [na:1.7.0_45]
	at java.lang.Thread.run(Unknown Source) [na:1.7.0_45]
11:24:45.230 [botPool0-bot0] INFO  org.pircbotx.InputParser - :tmi.twitch.tv 375 jdbener :-
11:24:45.230 [botPool0-bot0] INFO  org.pircbotx.InputParser - :tmi.twitch.tv 372 jdbener :You are in a maze of twisty passages, all alike.
11:24:45.231 [botPool0-bot0] INFO  org.pircbotx.InputParser - :tmi.twitch.tv 376 jdbener :>
11:24:45.461 [botPool0-bot0] INFO  org.pircbotx.InputParser - :jdbener!jdbener@jdbener.tmi.twitch.tv JOIN #jdbener
11:24:45.806 [botPool0-bot1] DEBUG org.pircbotx.PircBotX - Unable to connect to hitbox.tv using the IP address 212.232.25.4, trying to check another address.
java.net.ConnectException: Connection refused: connect
	at java.net.DualStackPlainSocketImpl.connect0(Native Method) ~[na:1.7.0_45]
	at java.net.DualStackPlainSocketImpl.socketConnect(Unknown Source) ~[na:1.7.0_45]
	at java.net.AbstractPlainSocketImpl.doConnect(Unknown Source) ~[na:1.7.0_45]
	at java.net.AbstractPlainSocketImpl.connectToAddress(Unknown Source) ~[na:1.7.0_45]
	at java.net.AbstractPlainSocketImpl.connect(Unknown Source) ~[na:1.7.0_45]
	at java.net.PlainSocketImpl.connect(Unknown Source) ~[na:1.7.0_45]
	at java.net.SocksSocketImpl.connect(Unknown Source) ~[na:1.7.0_45]
	at java.net.Socket.connect(Unknown Source) ~[na:1.7.0_45]
	at java.net.Socket.connect(Unknown Source) ~[na:1.7.0_45]
	at java.net.Socket.<init>(Unknown Source) ~[na:1.7.0_45]
	at java.net.Socket.<init>(Unknown Source) ~[na:1.7.0_45]
	at javax.net.DefaultSocketFactory.createSocket(Unknown Source) ~[na:1.7.0_45]
	at org.pircbotx.PircBotX.connect(PircBotX.java:194) ~[pircbotx-2.0.1.jar:na]
	at org.pircbotx.MultiBotManager$BotRunner.call(MultiBotManager.java:219) [pircbotx-2.0.1.jar:na]
	at org.pircbotx.MultiBotManager$BotRunner.call(MultiBotManager.java:212) [pircbotx-2.0.1.jar:na]
	at java.util.concurrent.FutureTask.run(Unknown Source) [na:1.7.0_45]
	at java.util.concurrent.ThreadPoolExecutor.runWorker(Unknown Source) [na:1.7.0_45]
	at java.util.concurrent.ThreadPoolExecutor$Worker.run(Unknown Source) [na:1.7.0_45]
	at java.lang.Thread.run(Unknown Source) [na:1.7.0_45]
11:24:45.807 [botPool0-bot1] ERROR o.p.MultiBotManager$BotFutureCallback - Bot exited with Exception
java.io.IOException: Unable to connect to the IRC network hitbox.tv (last connection attempt exception attached)
	at org.pircbotx.PircBotX.connect(PircBotX.java:206) ~[pircbotx-2.0.1.jar:na]
	at org.pircbotx.MultiBotManager$BotRunner.call(MultiBotManager.java:219) ~[pircbotx-2.0.1.jar:na]
	at org.pircbotx.MultiBotManager$BotRunner.call(MultiBotManager.java:212) ~[pircbotx-2.0.1.jar:na]
	at java.util.concurrent.FutureTask.run(Unknown Source) [na:1.7.0_45]
	at java.util.concurrent.ThreadPoolExecutor.runWorker(Unknown Source) [na:1.7.0_45]
	at java.util.concurrent.ThreadPoolExecutor$Worker.run(Unknown Source) [na:1.7.0_45]
	at java.lang.Thread.run(Unknown Source) [na:1.7.0_45]
Caused by: java.net.ConnectException: Connection refused: connect
	at java.net.DualStackPlainSocketImpl.connect0(Native Method) ~[na:1.7.0_45]
	at java.net.DualStackPlainSocketImpl.socketConnect(Unknown Source) ~[na:1.7.0_45]
	at java.net.AbstractPlainSocketImpl.doConnect(Unknown Source) ~[na:1.7.0_45]
	at java.net.AbstractPlainSocketImpl.connectToAddress(Unknown Source) ~[na:1.7.0_45]
	at java.net.AbstractPlainSocketImpl.connect(Unknown Source) ~[na:1.7.0_45]
	at java.net.PlainSocketImpl.connect(Unknown Source) ~[na:1.7.0_45]
	at java.net.SocksSocketImpl.connect(Unknown Source) ~[na:1.7.0_45]
	at java.net.Socket.connect(Unknown Source) ~[na:1.7.0_45]
	at java.net.Socket.connect(Unknown Source) ~[na:1.7.0_45]
	at java.net.Socket.<init>(Unknown Source) ~[na:1.7.0_45]
	at java.net.Socket.<init>(Unknown Source) ~[na:1.7.0_45]
	at javax.net.DefaultSocketFactory.createSocket(Unknown Source) ~[na:1.7.0_45]
	at org.pircbotx.PircBotX.connect(PircBotX.java:194) ~[pircbotx-2.0.1.jar:na]
	... 6 common frames omitted
11:24:46.222 [listenerPool0-thread7] INFO  org.pircbotx.output.OutputRaw - TWITCHCLIENT 1
11:24:47.223 [botPool0-bot0] INFO  org.pircbotx.output.OutputRaw - WHO #jdbener
11:24:48.224 [botPool0-bot0] INFO  org.pircbotx.output.OutputRaw - MODE #jdbener
11:24:48.227 [botPool0-bot0] INFO  org.pircbotx.InputParser - :jdbener.tmi.twitch.tv 353 jdbener = #jdbener :jdbener
11:24:48.228 [botPool0-bot0] INFO  org.pircbotx.InputParser - :jdbener.tmi.twitch.tv 366 jdbener #jdbener :End of /NAMES list
11:24:48.228 [botPool0-bot0] INFO  org.pircbotx.InputParser - :tmi.twitch.tv 421 jdbener WHO :Unknown command
11:25:08.848 [botPool0-bot0] INFO  org.pircbotx.InputParser - :nebhay!nebhay@nebhay.tmi.twitch.tv JOIN #jdbener
11:25:08.848 [botPool0-bot0] INFO  org.pircbotx.InputParser - :biogenx2b!biogenx2b@biogenx2b.tmi.twitch.tv JOIN #jdbener
11:25:08.848 [botPool0-bot0] INFO  org.pircbotx.InputParser - :rothien!rothien@rothien.tmi.twitch.tv JOIN #jdbener
11:25:08.849 [botPool0-bot0] INFO  org.pircbotx.InputParser - :gorm_!gorm_@gorm_.tmi.twitch.tv JOIN #jdbener
11:25:08.849 [botPool0-bot0] INFO  org.pircbotx.InputParser - :jtv MODE #jdbener +o jdbener
11:28:20.357 [botPool0-bot0] INFO  org.pircbotx.InputParser - :patrik0022123456!patrik0022123456@patrik0022123456.tmi.twitch.tv JOIN #jdbener
11:29:23.693 [botPool0-bot0] INFO  org.pircbotx.InputParser - PING :tmi.twitch.tv
11:29:23.693 [listenerPool0-thread23] INFO  org.pircbotx.output.OutputRaw - PONG tmi.twitch.tv
11:33:53.017 [botPool0-bot0] INFO  org.pircbotx.InputParser - PING :tmi.twitch.tv
11:33:53.018 [listenerPool0-thread29] INFO  org.pircbotx.output.OutputRaw - PONG tmi.twitch.tv
11:36:14.118 [botPool0-bot0] INFO  org.pircbotx.InputParser - :jtv PRIVMSG jdbener :USERCOLOR nebhay #FF0000
11:36:14.119 [botPool0-bot0] INFO  org.pircbotx.InputParser - :nebhay!nebhay@nebhay.tmi.twitch.tv PRIVMSG #jdbener :what about adding points in it some thing alot of the orther bots have
11:36:14.219 [Thread-9] INFO  me.jdbener.PHitboxBotX.PHitboxBotX - :bennerbot!bennerbot@hitbox.tv PRIVMSG ##jdbener :Nebhay: what about adding points in it some thing alot of the orther bots have
11:37:08.153 [Timer-0] INFO  org.pircbotx.output.OutputRaw - PRIVMSG #jdbener :Rothien,  has followed on twitch
11:37:08.255 [Thread-9] INFO  me.jdbener.PHitboxBotX.PHitboxBotX - :bennerbot!bennerbot@hitbox.tv PRIVMSG ##jdbener :Rothien,  has followed on twitch
11:37:08.437 [botPool0-bot0] INFO  org.pircbotx.InputParser - :jtv PRIVMSG jdbener :USERCOLOR jdbener #1E90FF
11:37:25.521 [botPool0-bot0] INFO  org.pircbotx.InputParser - :jtv PRIVMSG jdbener :USERCOLOR jdbener #1E90FF
11:37:25.529 [botPool0-bot0] INFO  org.pircbotx.InputParser - :jdbener!jdbener@jdbener.tmi.twitch.tv PRIVMSG #jdbener :!level
11:37:25.643 [Thread-9] INFO  me.jdbener.PHitboxBotX.PHitboxBotX - :bennerbot!bennerbot@hitbox.tv PRIVMSG ##jdbener :Jdbener: !level
11:37:35.058 [listenerPool0-thread38] INFO  org.pircbotx.output.OutputRaw - PRIVMSG #jdbener :Jdbener your level infromation is: 1 (45\50) 2
11:37:35.148 [botPool0-bot0] INFO  org.pircbotx.InputParser - :jtv PRIVMSG jdbener :USERCOLOR jdbener #1E90FF
11:38:04.189 [botPool0-bot0] INFO  org.pircbotx.InputParser - :rothien!rothien@rothien.tmi.twitch.tv PART #jdbener
11:38:04.192 [botPool0-bot0] WARN  org.pircbotx.Channel - Channel #jdbener mode '' is stale
11:38:04.209 [botPool0-bot0] WARN  org.pircbotx.Channel - Channel #jdbener mode '' is stale
11:38:13.879 [botPool0-bot0] INFO  org.pircbotx.InputParser - :jtv PRIVMSG jdbener :USERCOLOR nebhay #FF0000
11:38:13.881 [botPool0-bot0] INFO  org.pircbotx.InputParser - :nebhay!nebhay@nebhay.tmi.twitch.tv PRIVMSG #jdbener :cool
11:38:13.981 [Thread-9] INFO  me.jdbener.PHitboxBotX.PHitboxBotX - :bennerbot!bennerbot@hitbox.tv PRIVMSG ##jdbener :Nebhay: cool
11:38:22.387 [botPool0-bot0] INFO  org.pircbotx.InputParser - PING :tmi.twitch.tv
11:38:22.388 [listenerPool0-thread49] INFO  org.pircbotx.output.OutputRaw - PONG tmi.twitch.tv
11:39:09.377 [botPool0-bot0] INFO  org.pircbotx.InputParser - :patrik0022123456!patrik0022123456@patrik0022123456.tmi.twitch.tv PART #jdbener
11:39:09.378 [botPool0-bot0] WARN  org.pircbotx.Channel - Channel #jdbener mode '' is stale
11:39:09.379 [botPool0-bot0] WARN  org.pircbotx.Channel - Channel #jdbener mode '' is stale
