09:45:02.963 [main] INFO  me.jdbener.Bennerbot - Doing some database stuff, give me a moment
09:45:06.260 [main] WARN  me.jdbener.Bennerbot - Waiting for GUI to load
09:45:06.282 [AWT-EventQueue-0] INFO  me.jdbener.Bennerbot - Loading Beggining Tab Loading Sequence
changing progress to: 10
09:45:06.301 [AWT-EventQueue-0] INFO  me.jdbener.Bennerbot - 10
09:45:06.301 [AWT-EventQueue-0] INFO  me.jdbener.Bennerbot - Loading the "General Configuration Tab"
changing progress to: 20
09:45:08.003 [AWT-EventQueue-0] INFO  me.jdbener.Bennerbot - 20
09:45:08.003 [AWT-EventQueue-0] INFO  me.jdbener.Bennerbot - Loading the "Chat Display Tab"
changing progress to: 30
09:45:08.039 [AWT-EventQueue-0] INFO  me.jdbener.Bennerbot - 30
09:45:08.039 [AWT-EventQueue-0] INFO  me.jdbener.Bennerbot - Loading the "Chat Display Window"
changing progress to: 40
09:45:08.060 [AWT-EventQueue-0] INFO  me.jdbener.Bennerbot - 40
09:45:08.060 [AWT-EventQueue-0] INFO  me.jdbener.Bennerbot - Loading the "Chat Moderation Settings Tab"
changing progress to: 50
09:45:08.083 [AWT-EventQueue-0] INFO  me.jdbener.Bennerbot - 50
09:45:08.083 [AWT-EventQueue-0] INFO  me.jdbener.Bennerbot - Loading the "Custom Commands Tab"
changing progress to: 60
09:45:10.952 [AWT-EventQueue-0] INFO  me.jdbener.Bennerbot - 60
09:45:10.952 [AWT-EventQueue-0] INFO  me.jdbener.Bennerbot - Loading the "AutoMessage Tab"
changing progress to: 70
09:45:12.479 [AWT-EventQueue-0] INFO  me.jdbener.Bennerbot - 70
09:45:12.479 [AWT-EventQueue-0] INFO  me.jdbener.Bennerbot - Loading the "Work in Progress Settings Tab"
changing progress to: 80
09:45:12.500 [AWT-EventQueue-0] INFO  me.jdbener.Bennerbot - 80
09:45:12.500 [AWT-EventQueue-0] INFO  me.jdbener.Bennerbot - Loading the "Info Button"
changing progress to: 90
09:45:12.501 [AWT-EventQueue-0] INFO  me.jdbener.Bennerbot - 90
09:45:12.501 [AWT-EventQueue-0] INFO  me.jdbener.Bennerbot - Finished Tab Initiation Squence... Loading Backend
09:45:16.295 [AWT-EventQueue-0] INFO  me.jdbener.Bennerbot - Finished Loading GUI Backend
changing progress to: 100
09:45:16.295 [AWT-EventQueue-0] INFO  me.jdbener.Bennerbot - 100
09:45:16.364 [main] INFO  me.jdbener.Bennerbot - GUI loaded... Continuing with launch sequence
dummycommand:  n/a
usesvariable:  <thisisvariable>
thisiscommand:  cmd
test:  21
dummycommand:  n/a
usesvariable:  <thisisvariable>
thisiscommand:  cmd
09:45:22.623 [main] INFO  me.jdbener.PHitboxBotX.PHitboxBotX - Getting Hitbox server IP: ec2-54-91-252-98.compute-1.amazonaws.com
09:45:23.313 [main] INFO  me.jdbener.PHitboxBotX.PHitboxBotX - Getting connection ID: _p3f83LOy7tMRctRCEf9
09:45:23.313 [main] INFO  me.jdbener.PHitboxBotX.PHitboxBotX - Getting your token
09:45:23.569 [main] INFO  me.jdbener.PHitboxBotX.PHitboxBotX - Connecting to hitbox servers...
09:45:25.761 [main] INFO  me.jdbener.PHitboxBotX.PHitboxBotX - Sucessfully Connected... Joined Channel #jdbener
09:45:25.762 [main] INFO  me.jdbener.Bennerbot - Begining plugin loading
09:45:25.861 [main] INFO  me.jdbener.Bennerbot - Finished looking for plugins in: plugins
09:45:25.862 [main] INFO  me.jdbener.Bennerbot - Finished looking for plugins in: plugins/BasicCommands
09:45:25.863 [main] INFO  me.jdbener.Bennerbot - Finished looking for plugins in: plugins/dissabled
09:45:25.880 [main] INFO  me.jdbener.Bennerbot - Beggining pluging loading sequence
09:45:25.881 [main] INFO  me.jdbener.Bennerbot - Finished pluging loading sequence
09:45:25.881 [main] INFO  me.jdbener.Bennerbot - Proceading with BennerBot initiation sequence
09:45:25.881 [main] DEBUG org.pircbotx.MultiBotManager - Not started yet, add to queue
09:45:25.881 [main] DEBUG org.pircbotx.MultiBotManager - Not started yet, add to queue
09:45:25.884 [botPool0-bot0] DEBUG org.pircbotx.PircBotX - Trying address irc.twitch.tv/199.9.250.239
09:45:25.927 [botPool0-bot0] INFO  org.pircbotx.PircBotX - Connected to server.
09:45:25.932 [botPool0-bot0] INFO  org.pircbotx.output.OutputRaw - PASS oauth:sccrkekgyzcobf9j7k1kceagfyo7hz4
09:45:25.933 [botPool0-bot0] INFO  org.pircbotx.output.OutputRaw - NICK jdbener
09:45:25.933 [botPool0-bot0] INFO  org.pircbotx.output.OutputRaw - USER BennerBot 8 * :PircBotX 2.0.1, a fork of PircBot, the Java IRC bot - pircbotx.googlecode.com
09:45:25.965 [botPool0-bot1] DEBUG org.pircbotx.PircBotX - Trying address hitbox.tv/212.232.25.4
09:45:25.999 [botPool0-bot0] INFO  org.pircbotx.InputParser - :tmi.twitch.tv 001 jdbener :Welcome, GLHF!
09:45:26.007 [botPool0-bot0] DEBUG org.pircbotx.InputParser - Logged onto server.
09:45:26.934 [listenerPool0-thread2] INFO  org.pircbotx.output.OutputRaw - TWITCHCLIENT 1
09:45:27.543 [botPool0-bot1] DEBUG org.pircbotx.PircBotX - Unable to connect to hitbox.tv using the IP address 212.232.25.4, trying to check another address.
java.net.ConnectException: Connection refused: connect
	at java.net.DualStackPlainSocketImpl.connect0(Native Method) ~[na:1.7.0_45]
	at java.net.DualStackPlainSocketImpl.socketConnect(Unknown Source) ~[na:1.7.0_45]
	at java.net.AbstractPlainSocketImpl.doConnect(Unknown Source) ~[na:1.7.0_45]
	at java.net.AbstractPlainSocketImpl.connectToAddress(Unknown Source) ~[na:1.7.0_45]
	at java.net.AbstractPlainSocketImpl.connect(Unknown Source) ~[na:1.7.0_45]
	at java.net.PlainSocketImpl.connect(Unknown Source) ~[na:1.7.0_45]
	at java.net.SocksSocketImpl.connect(Unknown Source) ~[na:1.7.0_45]
	at java.net.Socket.connect(Unknown Source) ~[na:1.7.0_45]
	at java.net.Socket.connect(Unknown Source) ~[na:1.7.0_45]
	at java.net.Socket.<init>(Unknown Source) ~[na:1.7.0_45]
	at java.net.Socket.<init>(Unknown Source) ~[na:1.7.0_45]
	at javax.net.DefaultSocketFactory.createSocket(Unknown Source) ~[na:1.7.0_45]
	at org.pircbotx.PircBotX.connect(PircBotX.java:194) ~[pircbotx-2.0.1.jar:na]
	at org.pircbotx.MultiBotManager$BotRunner.call(MultiBotManager.java:219) [pircbotx-2.0.1.jar:na]
	at org.pircbotx.MultiBotManager$BotRunner.call(MultiBotManager.java:212) [pircbotx-2.0.1.jar:na]
	at java.util.concurrent.FutureTask.run(Unknown Source) [na:1.7.0_45]
	at java.util.concurrent.ThreadPoolExecutor.runWorker(Unknown Source) [na:1.7.0_45]
	at java.util.concurrent.ThreadPoolExecutor$Worker.run(Unknown Source) [na:1.7.0_45]
	at java.lang.Thread.run(Unknown Source) [na:1.7.0_45]
09:45:27.544 [botPool0-bot1] ERROR o.p.MultiBotManager$BotFutureCallback - Bot exited with Exception
java.io.IOException: Unable to connect to the IRC network hitbox.tv (last connection attempt exception attached)
	at org.pircbotx.PircBotX.connect(PircBotX.java:206) ~[pircbotx-2.0.1.jar:na]
	at org.pircbotx.MultiBotManager$BotRunner.call(MultiBotManager.java:219) ~[pircbotx-2.0.1.jar:na]
	at org.pircbotx.MultiBotManager$BotRunner.call(MultiBotManager.java:212) ~[pircbotx-2.0.1.jar:na]
	at java.util.concurrent.FutureTask.run(Unknown Source) [na:1.7.0_45]
	at java.util.concurrent.ThreadPoolExecutor.runWorker(Unknown Source) [na:1.7.0_45]
	at java.util.concurrent.ThreadPoolExecutor$Worker.run(Unknown Source) [na:1.7.0_45]
	at java.lang.Thread.run(Unknown Source) [na:1.7.0_45]
Caused by: java.net.ConnectException: Connection refused: connect
	at java.net.DualStackPlainSocketImpl.connect0(Native Method) ~[na:1.7.0_45]
	at java.net.DualStackPlainSocketImpl.socketConnect(Unknown Source) ~[na:1.7.0_45]
	at java.net.AbstractPlainSocketImpl.doConnect(Unknown Source) ~[na:1.7.0_45]
	at java.net.AbstractPlainSocketImpl.connectToAddress(Unknown Source) ~[na:1.7.0_45]
	at java.net.AbstractPlainSocketImpl.connect(Unknown Source) ~[na:1.7.0_45]
	at java.net.PlainSocketImpl.connect(Unknown Source) ~[na:1.7.0_45]
	at java.net.SocksSocketImpl.connect(Unknown Source) ~[na:1.7.0_45]
	at java.net.Socket.connect(Unknown Source) ~[na:1.7.0_45]
	at java.net.Socket.connect(Unknown Source) ~[na:1.7.0_45]
	at java.net.Socket.<init>(Unknown Source) ~[na:1.7.0_45]
	at java.net.Socket.<init>(Unknown Source) ~[na:1.7.0_45]
	at javax.net.DefaultSocketFactory.createSocket(Unknown Source) ~[na:1.7.0_45]
	at org.pircbotx.PircBotX.connect(PircBotX.java:194) ~[pircbotx-2.0.1.jar:na]
	... 6 common frames omitted
09:45:27.935 [botPool0-bot0] INFO  org.pircbotx.output.OutputRaw - JOIN #jdbener 
09:45:27.935 [botPool0-bot0] INFO  org.pircbotx.InputParser - :tmi.twitch.tv 002 jdbener :Your host is tmi.twitch.tv
09:45:27.936 [botPool0-bot0] INFO  org.pircbotx.InputParser - :tmi.twitch.tv 003 jdbener :This server is rather new
09:45:27.937 [botPool0-bot0] INFO  org.pircbotx.InputParser - :tmi.twitch.tv 004 jdbener :-
09:45:27.937 [botPool0-bot0] ERROR org.pircbotx.PircBotX - Exception encountered when parsing line
java.lang.IndexOutOfBoundsException: Index: 1, Size: 1
	at java.util.ArrayList.rangeCheck(Unknown Source) ~[na:1.7.0_45]
	at java.util.ArrayList.get(Unknown Source) ~[na:1.7.0_45]
	at org.pircbotx.ServerInfo.parse004(ServerInfo.java:113) ~[pircbotx-2.0.1.jar:na]
	at org.pircbotx.ServerInfo.parse(ServerInfo.java:106) ~[pircbotx-2.0.1.jar:na]
	at org.pircbotx.InputParser.processServerResponse(InputParser.java:709) ~[pircbotx-2.0.1.jar:na]
	at org.pircbotx.InputParser.handleLine(InputParser.java:323) ~[pircbotx-2.0.1.jar:na]
	at org.pircbotx.PircBotX.startLineProcessing(PircBotX.java:275) [pircbotx-2.0.1.jar:na]
	at org.pircbotx.PircBotX.connect(PircBotX.java:236) [pircbotx-2.0.1.jar:na]
	at org.pircbotx.MultiBotManager$BotRunner.call(MultiBotManager.java:219) [pircbotx-2.0.1.jar:na]
	at org.pircbotx.MultiBotManager$BotRunner.call(MultiBotManager.java:212) [pircbotx-2.0.1.jar:na]
	at java.util.concurrent.FutureTask.run(Unknown Source) [na:1.7.0_45]
	at java.util.concurrent.ThreadPoolExecutor.runWorker(Unknown Source) [na:1.7.0_45]
	at java.util.concurrent.ThreadPoolExecutor$Worker.run(Unknown Source) [na:1.7.0_45]
	at java.lang.Thread.run(Unknown Source) [na:1.7.0_45]
09:45:27.937 [botPool0-bot0] INFO  org.pircbotx.InputParser - :tmi.twitch.tv 375 jdbener :-
09:45:27.938 [botPool0-bot0] INFO  org.pircbotx.InputParser - :tmi.twitch.tv 372 jdbener :You are in a maze of twisty passages, all alike.
09:45:27.938 [botPool0-bot0] INFO  org.pircbotx.InputParser - :tmi.twitch.tv 376 jdbener :>
09:45:28.037 [botPool0-bot0] INFO  org.pircbotx.InputParser - :jdbener!jdbener@jdbener.tmi.twitch.tv JOIN #jdbener
09:45:28.936 [botPool0-bot0] INFO  org.pircbotx.output.OutputRaw - WHO #jdbener
dummycommand:  n/a
usesvariable:  <thisisvariable>
thisiscommand:  cmd
09:45:29.937 [botPool0-bot0] INFO  org.pircbotx.output.OutputRaw - MODE #jdbener
09:45:29.940 [botPool0-bot0] INFO  org.pircbotx.InputParser - :jtv!jtv@jtv.tmi.twitch.tv PRIVMSG jdbener :USERCOLOR jdbener #1E90FF
09:45:29.941 [botPool0-bot0] INFO  org.pircbotx.InputParser - :jdbener.tmi.twitch.tv 353 jdbener = #jdbener :jdbener
09:45:29.941 [botPool0-bot0] INFO  org.pircbotx.InputParser - :jdbener.tmi.twitch.tv 366 jdbener #jdbener :End of /NAMES list
09:45:29.942 [botPool0-bot0] INFO  org.pircbotx.InputParser - :jtv!jtv@jtv.tmi.twitch.tv PRIVMSG jdbener :HISTORYEND jdbener
09:45:29.942 [botPool0-bot0] INFO  org.pircbotx.InputParser - :tmi.twitch.tv 421 jdbener WHO :Unknown command
09:45:37.195 [botPool0-bot0] INFO  org.pircbotx.InputParser - :fiilis!fiilis@fiilis.tmi.twitch.tv JOIN #jdbener
dummycommand:  n/a
bennerbotplz:  21
usesvariable:  <thisisvariable>
thisiscommand:  cmd
test:  test
dummycommand:  n/a
bennerbotplz:  21
usesvariable:  <thisisvariable>
thisiscommand:  cmd
benner:  ok so adding multiple works
test:  test
dummycommand:  n/a
bennerbotplz:  21
usesvariable:  <thisisvariable>
thisiscommand:  cmd
test:  test
dummycommand:  n/a
bennerbotplz:  21
usesvariable:  <thisisvariable>
thisiscommand:  cmd
dummycommand:  n/a
bennerbotplz:  21
usesvariable:  <thisisvariable>
thisiscommand:  cmd
09:46:46.285 [botPool0-bot0] INFO  org.pircbotx.InputParser - :palidmist!palidmist@palidmist.tmi.twitch.tv JOIN #jdbener
09:46:46.286 [botPool0-bot0] INFO  org.pircbotx.InputParser - :fiilis!fiilis@fiilis.tmi.twitch.tv PART #jdbener
dummycommand:  n/a
usesvariable:  <thisisvariable>
thisiscommand:  cmd
usesvariable:  <thisisvariable>
thisiscommand:  cmd
usesvariable:  <thisisvariable>
09:47:10.060 [botPool0-bot0] INFO  org.pircbotx.InputParser - :jtv PRIVMSG jdbener :USERCOLOR jdbener #1E90FF
09:47:10.061 [botPool0-bot0] INFO  org.pircbotx.InputParser - :jdbener!jdbener@jdbener.tmi.twitch.tv PRIVMSG #jdbener :!thisiscommand
09:47:10.063 [listenerPool0-thread19] INFO  org.pircbotx.output.OutputRaw - PRIVMSG #jdbener :cmd
09:47:10.217 [botPool0-bot0] INFO  org.pircbotx.InputParser - :jtv PRIVMSG jdbener :USERCOLOR jdbener #1E90FF
09:47:23.284 [bot3-shutdownhook] INFO  org.pircbotx.output.OutputRaw - QUIT :
09:47:23.286 [bot3-shutdownhook] INFO  org.pircbotx.dcc.DccHandler - Terminating all transfers waiting to be accepted
09:47:23.286 [botPool0-bot0] INFO  org.pircbotx.PircBotX - Shutdown has been called, closing InputParser
09:47:23.286 [botPool0-bot0] DEBUG o.p.MultiBotManager$BotFutureCallback - Bot #0 finished
09:47:23.286 [bot3-shutdownhook] DEBUG org.pircbotx.PircBotX - Disconnected.
09:47:23.287 [bot3-shutdownhook] DEBUG o.p.h.m.ThreadedListenerManager - Waiting for listener me.jdbener.apis.hitbox.HitboxStatusGameUpdater@3be6534d to execute event DisconnectEvent(daoSnapshot=org.pircbotx.snapshot.UserChannelDaoSnapshot@245f8da1, disconnectException=null)
09:47:23.287 [bot3-shutdownhook] DEBUG o.p.h.m.ThreadedListenerManager - Waiting for listener me.jdbener.Cleaner@49c53f6a to execute event DisconnectEvent(daoSnapshot=org.pircbotx.snapshot.UserChannelDaoSnapshot@245f8da1, disconnectException=null)
09:47:23.287 [bot3-shutdownhook] DEBUG o.p.h.m.ThreadedListenerManager - Waiting for listener me.jdbener.utilities.ChatRelayHandeler@69166ac9 to execute event DisconnectEvent(daoSnapshot=org.pircbotx.snapshot.UserChannelDaoSnapshot@245f8da1, disconnectException=null)
