09:28:27.010 [main] INFO  me.jdbener.Bennerbot - Doing some database stuff, give me a moment
09:28:31.998 [main] WARN  me.jdbener.Bennerbot - Waiting for GUI to load
09:28:33.038 [AWT-EventQueue-0] INFO  me.jdbener.Bennerbot - Loading Beggining Tab Loading Sequence
changing progress to: 10
09:28:33.095 [AWT-EventQueue-0] INFO  me.jdbener.Bennerbot - 10
09:28:33.096 [AWT-EventQueue-0] INFO  me.jdbener.Bennerbot - Loading the "General Configuration Tab"
changing progress to: 20
09:28:35.864 [AWT-EventQueue-0] INFO  me.jdbener.Bennerbot - 20
09:28:35.864 [AWT-EventQueue-0] INFO  me.jdbener.Bennerbot - Loading the "Chat Display Tab"
changing progress to: 30
09:28:38.021 [AWT-EventQueue-0] INFO  me.jdbener.Bennerbot - 30
09:28:38.021 [AWT-EventQueue-0] INFO  me.jdbener.Bennerbot - Loading the "Chat Display Window"
changing progress to: 40
09:28:38.045 [AWT-EventQueue-0] INFO  me.jdbener.Bennerbot - 40
09:28:38.046 [AWT-EventQueue-0] INFO  me.jdbener.Bennerbot - Loading the "Chat Moderation Settings Tab"
changing progress to: 50
09:28:39.401 [AWT-EventQueue-0] INFO  me.jdbener.Bennerbot - 50
09:28:39.401 [AWT-EventQueue-0] INFO  me.jdbener.Bennerbot - Loading the "Custom Commands Tab"
changing progress to: 60
09:28:42.797 [AWT-EventQueue-0] INFO  me.jdbener.Bennerbot - 60
09:28:42.797 [AWT-EventQueue-0] INFO  me.jdbener.Bennerbot - Loading the "AutoMessage Tab"
changing progress to: 70
09:28:44.890 [AWT-EventQueue-0] INFO  me.jdbener.Bennerbot - 70
09:28:44.890 [AWT-EventQueue-0] INFO  me.jdbener.Bennerbot - Loading the "Work in Progress Settings Tab"
changing progress to: 80
09:28:45.417 [AWT-EventQueue-0] INFO  me.jdbener.Bennerbot - 80
09:28:45.418 [AWT-EventQueue-0] INFO  me.jdbener.Bennerbot - Loading the "Info Button"
changing progress to: 90
09:28:45.419 [AWT-EventQueue-0] INFO  me.jdbener.Bennerbot - 90
09:28:45.419 [AWT-EventQueue-0] INFO  me.jdbener.Bennerbot - Finished Tab Initiation Squence... Loading Backend
09:28:50.133 [AWT-EventQueue-0] INFO  me.jdbener.Bennerbot - Finished Loading GUI Backend
changing progress to: 100
09:28:50.134 [AWT-EventQueue-0] INFO  me.jdbener.Bennerbot - 100
09:28:50.209 [main] INFO  me.jdbener.Bennerbot - GUI loaded... Continuing with launch sequence
09:29:04.498 [main] INFO  me.jdbener.PHitboxBotX.PHitboxBotX - Getting Hitbox server IP: ec2-54-87-229-245.compute-1.amazonaws.com
09:29:05.098 [main] INFO  me.jdbener.PHitboxBotX.PHitboxBotX - Getting connection ID: xRcw92PBVgQcfwuqB3fI
09:29:05.098 [main] INFO  me.jdbener.PHitboxBotX.PHitboxBotX - Getting your token
09:29:06.575 [main] INFO  me.jdbener.PHitboxBotX.PHitboxBotX - Connecting to hitbox servers...
09:29:09.529 [main] INFO  me.jdbener.PHitboxBotX.PHitboxBotX - Sucessfully Connected... Joined Channel #jdbener
09:29:09.530 [main] INFO  me.jdbener.Bennerbot - Begining plugin loading
09:29:09.860 [main] INFO  me.jdbener.Bennerbot - Finished looking for plugins in: plugins
09:29:09.861 [main] INFO  me.jdbener.Bennerbot - Finished looking for plugins in: plugins/BasicCommands
09:29:09.862 [main] INFO  me.jdbener.Bennerbot - Finished looking for plugins in: plugins/dissabled
09:29:09.866 [main] INFO  me.jdbener.Bennerbot - Beggining pluging loading sequence
09:29:09.867 [main] INFO  me.jdbener.Bennerbot - Finished pluging loading sequence
09:29:09.867 [main] INFO  me.jdbener.Bennerbot - Proceading with BennerBot initiation sequence
09:29:09.867 [main] DEBUG org.pircbotx.MultiBotManager - Not started yet, add to queue
09:29:09.867 [main] DEBUG org.pircbotx.MultiBotManager - Not started yet, add to queue
09:29:10.004 [botPool0-bot0] DEBUG org.pircbotx.PircBotX - Trying address irc.twitch.tv/199.9.250.239
09:29:10.020 [botPool0-bot1] DEBUG org.pircbotx.PircBotX - Trying address hitbox.tv/212.232.25.4
09:29:10.095 [botPool0-bot0] INFO  org.pircbotx.PircBotX - Connected to server.
09:29:10.178 [botPool0-bot0] INFO  org.pircbotx.output.OutputRaw - PASS oauth:sccrkekgyzcobf9j7k1kceagfyo7hz4
09:29:10.178 [botPool0-bot0] INFO  org.pircbotx.output.OutputRaw - NICK jdbener
09:29:10.178 [botPool0-bot0] INFO  org.pircbotx.output.OutputRaw - USER BennerBot 8 * :PircBotX 2.0.1, a fork of PircBot, the Java IRC bot - pircbotx.googlecode.com
09:29:10.308 [botPool0-bot0] INFO  org.pircbotx.InputParser - :tmi.twitch.tv 001 jdbener :Welcome, GLHF!
09:29:10.345 [botPool0-bot0] DEBUG org.pircbotx.InputParser - Logged onto server.
09:29:11.179 [listenerPool0-thread2] INFO  org.pircbotx.output.OutputRaw - TWITCHCLIENT 1
09:29:11.721 [botPool0-bot1] DEBUG org.pircbotx.PircBotX - Unable to connect to hitbox.tv using the IP address 212.232.25.4, trying to check another address.
java.net.ConnectException: Connection refused: connect
	at java.net.DualStackPlainSocketImpl.connect0(Native Method) ~[na:1.7.0_45]
	at java.net.DualStackPlainSocketImpl.socketConnect(Unknown Source) ~[na:1.7.0_45]
	at java.net.AbstractPlainSocketImpl.doConnect(Unknown Source) ~[na:1.7.0_45]
	at java.net.AbstractPlainSocketImpl.connectToAddress(Unknown Source) ~[na:1.7.0_45]
	at java.net.AbstractPlainSocketImpl.connect(Unknown Source) ~[na:1.7.0_45]
	at java.net.PlainSocketImpl.connect(Unknown Source) ~[na:1.7.0_45]
	at java.net.SocksSocketImpl.connect(Unknown Source) ~[na:1.7.0_45]
	at java.net.Socket.connect(Unknown Source) ~[na:1.7.0_45]
	at java.net.Socket.connect(Unknown Source) ~[na:1.7.0_45]
	at java.net.Socket.<init>(Unknown Source) ~[na:1.7.0_45]
	at java.net.Socket.<init>(Unknown Source) ~[na:1.7.0_45]
	at javax.net.DefaultSocketFactory.createSocket(Unknown Source) ~[na:1.7.0_45]
	at org.pircbotx.PircBotX.connect(PircBotX.java:194) ~[pircbotx-2.0.1.jar:na]
	at org.pircbotx.MultiBotManager$BotRunner.call(MultiBotManager.java:219) [pircbotx-2.0.1.jar:na]
	at org.pircbotx.MultiBotManager$BotRunner.call(MultiBotManager.java:212) [pircbotx-2.0.1.jar:na]
	at java.util.concurrent.FutureTask.run(Unknown Source) [na:1.7.0_45]
	at java.util.concurrent.ThreadPoolExecutor.runWorker(Unknown Source) [na:1.7.0_45]
	at java.util.concurrent.ThreadPoolExecutor$Worker.run(Unknown Source) [na:1.7.0_45]
	at java.lang.Thread.run(Unknown Source) [na:1.7.0_45]
09:29:11.722 [botPool0-bot1] ERROR o.p.MultiBotManager$BotFutureCallback - Bot exited with Exception
java.io.IOException: Unable to connect to the IRC network hitbox.tv (last connection attempt exception attached)
	at org.pircbotx.PircBotX.connect(PircBotX.java:206) ~[pircbotx-2.0.1.jar:na]
	at org.pircbotx.MultiBotManager$BotRunner.call(MultiBotManager.java:219) ~[pircbotx-2.0.1.jar:na]
	at org.pircbotx.MultiBotManager$BotRunner.call(MultiBotManager.java:212) ~[pircbotx-2.0.1.jar:na]
	at java.util.concurrent.FutureTask.run(Unknown Source) [na:1.7.0_45]
	at java.util.concurrent.ThreadPoolExecutor.runWorker(Unknown Source) [na:1.7.0_45]
	at java.util.concurrent.ThreadPoolExecutor$Worker.run(Unknown Source) [na:1.7.0_45]
	at java.lang.Thread.run(Unknown Source) [na:1.7.0_45]
Caused by: java.net.ConnectException: Connection refused: connect
	at java.net.DualStackPlainSocketImpl.connect0(Native Method) ~[na:1.7.0_45]
	at java.net.DualStackPlainSocketImpl.socketConnect(Unknown Source) ~[na:1.7.0_45]
	at java.net.AbstractPlainSocketImpl.doConnect(Unknown Source) ~[na:1.7.0_45]
	at java.net.AbstractPlainSocketImpl.connectToAddress(Unknown Source) ~[na:1.7.0_45]
	at java.net.AbstractPlainSocketImpl.connect(Unknown Source) ~[na:1.7.0_45]
	at java.net.PlainSocketImpl.connect(Unknown Source) ~[na:1.7.0_45]
	at java.net.SocksSocketImpl.connect(Unknown Source) ~[na:1.7.0_45]
	at java.net.Socket.connect(Unknown Source) ~[na:1.7.0_45]
	at java.net.Socket.connect(Unknown Source) ~[na:1.7.0_45]
	at java.net.Socket.<init>(Unknown Source) ~[na:1.7.0_45]
	at java.net.Socket.<init>(Unknown Source) ~[na:1.7.0_45]
	at javax.net.DefaultSocketFactory.createSocket(Unknown Source) ~[na:1.7.0_45]
	at org.pircbotx.PircBotX.connect(PircBotX.java:194) ~[pircbotx-2.0.1.jar:na]
	... 6 common frames omitted
09:29:12.180 [botPool0-bot0] INFO  org.pircbotx.output.OutputRaw - JOIN #jdbener 
09:29:12.180 [botPool0-bot0] INFO  org.pircbotx.InputParser - :tmi.twitch.tv 002 jdbener :Your host is tmi.twitch.tv
09:29:12.181 [botPool0-bot0] INFO  org.pircbotx.InputParser - :tmi.twitch.tv 003 jdbener :This server is rather new
09:29:12.181 [botPool0-bot0] INFO  org.pircbotx.InputParser - :tmi.twitch.tv 004 jdbener :-
09:29:12.182 [botPool0-bot0] ERROR org.pircbotx.PircBotX - Exception encountered when parsing line
java.lang.IndexOutOfBoundsException: Index: 1, Size: 1
	at java.util.ArrayList.rangeCheck(Unknown Source) ~[na:1.7.0_45]
	at java.util.ArrayList.get(Unknown Source) ~[na:1.7.0_45]
	at org.pircbotx.ServerInfo.parse004(ServerInfo.java:113) ~[pircbotx-2.0.1.jar:na]
	at org.pircbotx.ServerInfo.parse(ServerInfo.java:106) ~[pircbotx-2.0.1.jar:na]
	at org.pircbotx.InputParser.processServerResponse(InputParser.java:709) ~[pircbotx-2.0.1.jar:na]
	at org.pircbotx.InputParser.handleLine(InputParser.java:323) ~[pircbotx-2.0.1.jar:na]
	at org.pircbotx.PircBotX.startLineProcessing(PircBotX.java:275) [pircbotx-2.0.1.jar:na]
	at org.pircbotx.PircBotX.connect(PircBotX.java:236) [pircbotx-2.0.1.jar:na]
	at org.pircbotx.MultiBotManager$BotRunner.call(MultiBotManager.java:219) [pircbotx-2.0.1.jar:na]
	at org.pircbotx.MultiBotManager$BotRunner.call(MultiBotManager.java:212) [pircbotx-2.0.1.jar:na]
	at java.util.concurrent.FutureTask.run(Unknown Source) [na:1.7.0_45]
	at java.util.concurrent.ThreadPoolExecutor.runWorker(Unknown Source) [na:1.7.0_45]
	at java.util.concurrent.ThreadPoolExecutor$Worker.run(Unknown Source) [na:1.7.0_45]
	at java.lang.Thread.run(Unknown Source) [na:1.7.0_45]
09:29:12.182 [botPool0-bot0] INFO  org.pircbotx.InputParser - :tmi.twitch.tv 375 jdbener :-
09:29:12.182 [botPool0-bot0] INFO  org.pircbotx.InputParser - :tmi.twitch.tv 372 jdbener :You are in a maze of twisty passages, all alike.
09:29:12.182 [botPool0-bot0] INFO  org.pircbotx.InputParser - :tmi.twitch.tv 376 jdbener :>
09:29:12.352 [botPool0-bot0] INFO  org.pircbotx.InputParser - :jdbener!jdbener@jdbener.tmi.twitch.tv JOIN #jdbener
09:29:13.181 [botPool0-bot0] INFO  org.pircbotx.output.OutputRaw - WHO #jdbener
09:29:14.182 [botPool0-bot0] INFO  org.pircbotx.output.OutputRaw - MODE #jdbener
09:29:14.225 [botPool0-bot0] INFO  org.pircbotx.InputParser - :jtv!jtv@jtv.tmi.twitch.tv PRIVMSG jdbener :USERCOLOR jdbener #1E90FF
09:29:14.226 [botPool0-bot0] INFO  org.pircbotx.InputParser - :jdbener.tmi.twitch.tv 353 jdbener = #jdbener :jdbener
09:29:14.226 [botPool0-bot0] INFO  org.pircbotx.InputParser - :jdbener.tmi.twitch.tv 366 jdbener #jdbener :End of /NAMES list
09:29:14.227 [botPool0-bot0] INFO  org.pircbotx.InputParser - :jtv!jtv@jtv.tmi.twitch.tv PRIVMSG jdbener :HISTORYEND jdbener
09:29:14.230 [botPool0-bot0] INFO  org.pircbotx.InputParser - :tmi.twitch.tv 421 jdbener WHO :Unknown command
09:29:41.605 [botPool0-bot0] INFO  org.pircbotx.InputParser - :biogenx2b!biogenx2b@biogenx2b.tmi.twitch.tv JOIN #jdbener
09:29:41.606 [botPool0-bot0] INFO  org.pircbotx.InputParser - :jtv MODE #jdbener +o jdbener
09:32:36.079 [bot3-shutdownhook] INFO  org.pircbotx.output.OutputRaw - QUIT :
09:32:36.136 [bot3-shutdownhook] WARN  org.pircbotx.Channel - Channel #jdbener mode '' is stale
09:32:36.227 [bot3-shutdownhook] WARN  org.pircbotx.Channel - Channel #jdbener mode '' is stale
09:32:36.231 [bot3-shutdownhook] INFO  org.pircbotx.dcc.DccHandler - Terminating all transfers waiting to be accepted
09:32:36.231 [botPool0-bot0] INFO  org.pircbotx.PircBotX - Shutdown has been called, closing InputParser
09:32:36.231 [botPool0-bot0] DEBUG o.p.MultiBotManager$BotFutureCallback - Bot #0 finished
09:32:36.232 [bot3-shutdownhook] DEBUG org.pircbotx.PircBotX - Disconnected.
