10:54:50.700 [main] WARN  me.jdbener.Bennerbot - Waiting for GUI to load
10:54:50.759 [AWT-EventQueue-0] INFO  me.jdbener.Bennerbot - Loading Beggining Tab Loading Sequence
10:54:50.776 [AWT-EventQueue-0] INFO  me.jdbener.Bennerbot - Loading the "General Configuration Tab"
10:54:52.736 [AWT-EventQueue-0] INFO  me.jdbener.Bennerbot - Loading the "Chat Display Tab"
10:54:52.894 [AWT-EventQueue-0] INFO  me.jdbener.Bennerbot - Loading the "Chat Display Window"
10:54:52.915 [AWT-EventQueue-0] INFO  me.jdbener.Bennerbot - Loading the "Chat Moderation Settings Tab"
10:54:52.997 [AWT-EventQueue-0] INFO  me.jdbener.Bennerbot - Loading the "Custom Commands Tab"
10:54:55.371 [AWT-EventQueue-0] INFO  me.jdbener.Bennerbot - Loading the "AutoMessage Tab"
10:54:56.811 [AWT-EventQueue-0] INFO  me.jdbener.Bennerbot - Loading the "Miscellaneous Settings Tab"
10:54:56.826 [AWT-EventQueue-0] INFO  me.jdbener.Bennerbot - Loading the "Info Button"
10:54:56.827 [AWT-EventQueue-0] INFO  me.jdbener.Bennerbot - Finished Tab Initiation Squence... Loading Backend
10:55:01.647 [AWT-EventQueue-0] INFO  me.jdbener.Bennerbot - Finished Loading GUI Backend
10:55:01.734 [main] INFO  me.jdbener.Bennerbot - GUI loaded... Continuing with launch sequence
10:55:09.963 [main] INFO  me.jdbener.PHitboxBotX.PHitboxBotX - Getting Hitbox server IP: ec2-54-162-229-44.compute-1.amazonaws.com
10:55:10.814 [main] INFO  me.jdbener.PHitboxBotX.PHitboxBotX - Getting connection ID: cfQmefw8MXmLzHdskh_p
10:55:10.814 [main] INFO  me.jdbener.PHitboxBotX.PHitboxBotX - Getting your token
10:55:11.348 [main] INFO  me.jdbener.PHitboxBotX.PHitboxBotX - Connecting to hitbox servers...
10:55:13.669 [main] INFO  me.jdbener.PHitboxBotX.PHitboxBotX - Sucessfully Connected... Joined Channel #irish00
10:55:13.670 [main] INFO  me.jdbener.Bennerbot - Begining plugin loading
10:55:13.757 [main] INFO  me.jdbener.Bennerbot - Finished looking for plugins in: plugins
10:55:13.759 [main] INFO  me.jdbener.Bennerbot - Finished looking for plugins in: plugins/BasicCommands
10:55:13.760 [main] INFO  me.jdbener.Bennerbot - Finished looking for plugins in: plugins/dissabled
10:55:13.762 [main] INFO  me.jdbener.Bennerbot - Beggining pluging loading sequence
10:55:13.762 [main] INFO  me.jdbener.Bennerbot - Finished pluging loading sequence
10:55:13.762 [main] INFO  me.jdbener.Bennerbot - Proceading with BennerBot initiation sequence
10:55:13.762 [main] DEBUG org.pircbotx.MultiBotManager - Not started yet, add to queue
10:55:13.762 [main] DEBUG org.pircbotx.MultiBotManager - Not started yet, add to queue
10:55:13.844 [botPool0-bot0] DEBUG org.pircbotx.PircBotX - Trying address irc.twitch.tv/199.9.249.252
10:55:13.846 [botPool0-bot1] DEBUG org.pircbotx.PircBotX - Trying address hitbox.tv/212.232.25.4
10:55:13.895 [botPool0-bot0] INFO  org.pircbotx.PircBotX - Connected to server.
10:55:13.901 [botPool0-bot0] INFO  org.pircbotx.output.OutputRaw - PASS oauth:ihviixzyfzwx7pc8xh9hm232yhdq1w
10:55:13.902 [botPool0-bot0] INFO  org.pircbotx.output.OutputRaw - NICK irish_00
10:55:13.902 [botPool0-bot0] INFO  org.pircbotx.output.OutputRaw - USER BennerBot 8 * :PircBotX 2.0.1, a fork of PircBot, the Java IRC bot - pircbotx.googlecode.com
10:55:13.985 [botPool0-bot0] INFO  org.pircbotx.InputParser - :tmi.twitch.tv 001 irish_00 :Welcome, GLHF!
10:55:13.993 [botPool0-bot0] DEBUG org.pircbotx.InputParser - Logged onto server.
10:55:14.903 [listenerPool0-thread1] INFO  org.pircbotx.output.OutputRaw - TWITCHCLIENT 1
10:55:15.416 [botPool0-bot1] DEBUG org.pircbotx.PircBotX - Unable to connect to hitbox.tv using the IP address 212.232.25.4, trying to check another address.
java.net.ConnectException: Connection refused: connect
	at java.net.DualStackPlainSocketImpl.connect0(Native Method) ~[na:1.7.0_45]
	at java.net.DualStackPlainSocketImpl.socketConnect(Unknown Source) ~[na:1.7.0_45]
	at java.net.AbstractPlainSocketImpl.doConnect(Unknown Source) ~[na:1.7.0_45]
	at java.net.AbstractPlainSocketImpl.connectToAddress(Unknown Source) ~[na:1.7.0_45]
	at java.net.AbstractPlainSocketImpl.connect(Unknown Source) ~[na:1.7.0_45]
	at java.net.PlainSocketImpl.connect(Unknown Source) ~[na:1.7.0_45]
	at java.net.SocksSocketImpl.connect(Unknown Source) ~[na:1.7.0_45]
	at java.net.Socket.connect(Unknown Source) ~[na:1.7.0_45]
	at java.net.Socket.connect(Unknown Source) ~[na:1.7.0_45]
	at java.net.Socket.<init>(Unknown Source) ~[na:1.7.0_45]
	at java.net.Socket.<init>(Unknown Source) ~[na:1.7.0_45]
	at javax.net.DefaultSocketFactory.createSocket(Unknown Source) ~[na:1.7.0_45]
	at org.pircbotx.PircBotX.connect(PircBotX.java:194) ~[pircbotx-2.0.1.jar:na]
	at org.pircbotx.MultiBotManager$BotRunner.call(MultiBotManager.java:219) [pircbotx-2.0.1.jar:na]
	at org.pircbotx.MultiBotManager$BotRunner.call(MultiBotManager.java:212) [pircbotx-2.0.1.jar:na]
	at java.util.concurrent.FutureTask.run(Unknown Source) [na:1.7.0_45]
	at java.util.concurrent.ThreadPoolExecutor.runWorker(Unknown Source) [na:1.7.0_45]
	at java.util.concurrent.ThreadPoolExecutor$Worker.run(Unknown Source) [na:1.7.0_45]
	at java.lang.Thread.run(Unknown Source) [na:1.7.0_45]
10:55:15.418 [botPool0-bot1] ERROR o.p.MultiBotManager$BotFutureCallback - Bot exited with Exception
java.io.IOException: Unable to connect to the IRC network hitbox.tv (last connection attempt exception attached)
	at org.pircbotx.PircBotX.connect(PircBotX.java:206) ~[pircbotx-2.0.1.jar:na]
	at org.pircbotx.MultiBotManager$BotRunner.call(MultiBotManager.java:219) ~[pircbotx-2.0.1.jar:na]
	at org.pircbotx.MultiBotManager$BotRunner.call(MultiBotManager.java:212) ~[pircbotx-2.0.1.jar:na]
	at java.util.concurrent.FutureTask.run(Unknown Source) [na:1.7.0_45]
	at java.util.concurrent.ThreadPoolExecutor.runWorker(Unknown Source) [na:1.7.0_45]
	at java.util.concurrent.ThreadPoolExecutor$Worker.run(Unknown Source) [na:1.7.0_45]
	at java.lang.Thread.run(Unknown Source) [na:1.7.0_45]
Caused by: java.net.ConnectException: Connection refused: connect
	at java.net.DualStackPlainSocketImpl.connect0(Native Method) ~[na:1.7.0_45]
	at java.net.DualStackPlainSocketImpl.socketConnect(Unknown Source) ~[na:1.7.0_45]
	at java.net.AbstractPlainSocketImpl.doConnect(Unknown Source) ~[na:1.7.0_45]
	at java.net.AbstractPlainSocketImpl.connectToAddress(Unknown Source) ~[na:1.7.0_45]
	at java.net.AbstractPlainSocketImpl.connect(Unknown Source) ~[na:1.7.0_45]
	at java.net.PlainSocketImpl.connect(Unknown Source) ~[na:1.7.0_45]
	at java.net.SocksSocketImpl.connect(Unknown Source) ~[na:1.7.0_45]
	at java.net.Socket.connect(Unknown Source) ~[na:1.7.0_45]
	at java.net.Socket.connect(Unknown Source) ~[na:1.7.0_45]
	at java.net.Socket.<init>(Unknown Source) ~[na:1.7.0_45]
	at java.net.Socket.<init>(Unknown Source) ~[na:1.7.0_45]
	at javax.net.DefaultSocketFactory.createSocket(Unknown Source) ~[na:1.7.0_45]
	at org.pircbotx.PircBotX.connect(PircBotX.java:194) ~[pircbotx-2.0.1.jar:na]
	... 6 common frames omitted
10:55:15.904 [botPool0-bot0] INFO  org.pircbotx.output.OutputRaw - JOIN #irish_00 
10:55:15.904 [botPool0-bot0] INFO  org.pircbotx.InputParser - :tmi.twitch.tv 002 irish_00 :Your host is tmi.twitch.tv
10:55:15.905 [botPool0-bot0] INFO  org.pircbotx.InputParser - :tmi.twitch.tv 003 irish_00 :This server is rather new
10:55:15.905 [botPool0-bot0] INFO  org.pircbotx.InputParser - :tmi.twitch.tv 004 irish_00 :-
10:55:15.905 [botPool0-bot0] ERROR org.pircbotx.PircBotX - Exception encountered when parsing line
java.lang.IndexOutOfBoundsException: Index: 1, Size: 1
	at java.util.ArrayList.rangeCheck(Unknown Source) ~[na:1.7.0_45]
	at java.util.ArrayList.get(Unknown Source) ~[na:1.7.0_45]
	at org.pircbotx.ServerInfo.parse004(ServerInfo.java:113) ~[pircbotx-2.0.1.jar:na]
	at org.pircbotx.ServerInfo.parse(ServerInfo.java:106) ~[pircbotx-2.0.1.jar:na]
	at org.pircbotx.InputParser.processServerResponse(InputParser.java:709) ~[pircbotx-2.0.1.jar:na]
	at org.pircbotx.InputParser.handleLine(InputParser.java:323) ~[pircbotx-2.0.1.jar:na]
	at org.pircbotx.PircBotX.startLineProcessing(PircBotX.java:275) [pircbotx-2.0.1.jar:na]
	at org.pircbotx.PircBotX.connect(PircBotX.java:236) [pircbotx-2.0.1.jar:na]
	at org.pircbotx.MultiBotManager$BotRunner.call(MultiBotManager.java:219) [pircbotx-2.0.1.jar:na]
	at org.pircbotx.MultiBotManager$BotRunner.call(MultiBotManager.java:212) [pircbotx-2.0.1.jar:na]
	at java.util.concurrent.FutureTask.run(Unknown Source) [na:1.7.0_45]
	at java.util.concurrent.ThreadPoolExecutor.runWorker(Unknown Source) [na:1.7.0_45]
	at java.util.concurrent.ThreadPoolExecutor$Worker.run(Unknown Source) [na:1.7.0_45]
	at java.lang.Thread.run(Unknown Source) [na:1.7.0_45]
10:55:15.905 [botPool0-bot0] INFO  org.pircbotx.InputParser - :tmi.twitch.tv 375 irish_00 :-
10:55:15.906 [botPool0-bot0] INFO  org.pircbotx.InputParser - :tmi.twitch.tv 372 irish_00 :You are in a maze of twisty passages, all alike.
10:55:15.906 [botPool0-bot0] INFO  org.pircbotx.InputParser - :tmi.twitch.tv 376 irish_00 :>
10:55:16.033 [botPool0-bot0] INFO  org.pircbotx.InputParser - :irish_00!irish_00@irish_00.tmi.twitch.tv JOIN #irish_00
10:55:16.905 [botPool0-bot0] INFO  org.pircbotx.output.OutputRaw - WHO #irish_00
10:55:17.906 [botPool0-bot0] INFO  org.pircbotx.output.OutputRaw - MODE #irish_00
10:55:17.910 [botPool0-bot0] INFO  org.pircbotx.InputParser - :irish_00.tmi.twitch.tv 353 irish_00 = #irish_00 :irish_00
10:55:17.910 [botPool0-bot0] INFO  org.pircbotx.InputParser - :irish_00.tmi.twitch.tv 366 irish_00 #irish_00 :End of /NAMES list
10:55:17.910 [botPool0-bot0] INFO  org.pircbotx.InputParser - :jtv!jtv@jtv.tmi.twitch.tv PRIVMSG irish_00 :USERCOLOR irish_00 #9ACD32
10:55:17.911 [botPool0-bot0] INFO  org.pircbotx.InputParser - :jtv!jtv@jtv.tmi.twitch.tv PRIVMSG irish_00 :HISTORYEND irish_00
10:55:17.911 [botPool0-bot0] INFO  org.pircbotx.InputParser - :tmi.twitch.tv 421 irish_00 WHO :Unknown command
