22:49:27.712 [main] INFO  me.jdbener.Bennerbot - Doing some database stuff, give me a moment
22:49:30.138 [main] WARN  me.jdbener.Bennerbot - Waiting for GUI to load
22:49:30.166 [AWT-EventQueue-0] INFO  me.jdbener.Bennerbot - Loading Beggining Tab Loading Sequence
changing progress to: 10
22:49:30.184 [AWT-EventQueue-0] INFO  me.jdbener.Bennerbot - 10
22:49:30.184 [AWT-EventQueue-0] INFO  me.jdbener.Bennerbot - Loading the "General Configuration Tab"
changing progress to: 20
22:49:31.638 [AWT-EventQueue-0] INFO  me.jdbener.Bennerbot - 20
22:49:31.638 [AWT-EventQueue-0] INFO  me.jdbener.Bennerbot - Loading the "Chat Display Tab"
changing progress to: 30
22:49:31.678 [AWT-EventQueue-0] INFO  me.jdbener.Bennerbot - 30
22:49:31.678 [AWT-EventQueue-0] INFO  me.jdbener.Bennerbot - Loading the "Chat Display Window"
changing progress to: 40
22:49:31.701 [AWT-EventQueue-0] INFO  me.jdbener.Bennerbot - 40
22:49:31.701 [AWT-EventQueue-0] INFO  me.jdbener.Bennerbot - Loading the "Chat Moderation Settings Tab"
changing progress to: 50
22:49:31.730 [AWT-EventQueue-0] INFO  me.jdbener.Bennerbot - 50
22:49:31.730 [AWT-EventQueue-0] INFO  me.jdbener.Bennerbot - Loading the "Custom Commands Tab"
changing progress to: 60
22:49:33.803 [AWT-EventQueue-0] INFO  me.jdbener.Bennerbot - 60
22:49:33.804 [AWT-EventQueue-0] INFO  me.jdbener.Bennerbot - Loading the "AutoMessage Tab"
changing progress to: 70
22:49:34.830 [AWT-EventQueue-0] INFO  me.jdbener.Bennerbot - 70
22:49:34.830 [AWT-EventQueue-0] INFO  me.jdbener.Bennerbot - Loading the "Work in Progress Settings Tab"
changing progress to: 80
22:49:34.852 [AWT-EventQueue-0] INFO  me.jdbener.Bennerbot - 80
22:49:34.852 [AWT-EventQueue-0] INFO  me.jdbener.Bennerbot - Loading the "Info Button"
changing progress to: 90
22:49:34.853 [AWT-EventQueue-0] INFO  me.jdbener.Bennerbot - 90
22:49:34.853 [AWT-EventQueue-0] INFO  me.jdbener.Bennerbot - Finished Tab Initiation Squence... Loading Backend
22:49:37.812 [AWT-EventQueue-0] INFO  me.jdbener.Bennerbot - Finished Loading GUI Backend
changing progress to: 100
22:49:37.813 [AWT-EventQueue-0] INFO  me.jdbener.Bennerbot - 100
22:49:37.839 [main] INFO  me.jdbener.Bennerbot - GUI loaded... Continuing with launch sequence
22:49:42.337 [main] INFO  me.jdbener.Bennerbot - Begining plugin loading
22:49:42.424 [main] INFO  me.jdbener.Bennerbot - Finished looking for plugins in: plugins
22:49:42.426 [main] INFO  me.jdbener.Bennerbot - Finished looking for plugins in: plugins/BasicCommands
22:49:42.428 [main] INFO  me.jdbener.Bennerbot - Finished looking for plugins in: plugins/dissabled
22:49:42.431 [main] INFO  me.jdbener.Bennerbot - Beggining pluging loading sequence
22:49:42.431 [main] INFO  me.jdbener.Bennerbot - Finished pluging loading sequence
22:49:42.431 [main] INFO  me.jdbener.Bennerbot - Proceading with BennerBot initiation sequence
22:49:42.431 [main] DEBUG org.pircbotx.MultiBotManager - Not started yet, add to queue
22:49:42.434 [botPool0-bot0] DEBUG org.pircbotx.PircBotX - Trying address irc.twitch.tv/199.9.252.28
22:49:42.465 [botPool0-bot0] INFO  org.pircbotx.PircBotX - Connected to server.
22:49:42.472 [botPool0-bot0] INFO  org.pircbotx.output.OutputRaw - PASS oauth:sccrkekgyzcobf9j7k1kceagfyo7hz4
22:49:42.472 [botPool0-bot0] INFO  org.pircbotx.output.OutputRaw - NICK jdbener
22:49:42.472 [botPool0-bot0] INFO  org.pircbotx.output.OutputRaw - USER BennerBot 8 * :PircBotX 2.0.1, a fork of PircBot, the Java IRC bot - pircbotx.googlecode.com
22:49:42.532 [botPool0-bot0] INFO  org.pircbotx.InputParser - :tmi.twitch.tv 001 jdbener :Welcome, GLHF!
22:49:42.541 [botPool0-bot0] DEBUG org.pircbotx.InputParser - Logged onto server.
22:49:43.474 [botPool0-bot0] INFO  org.pircbotx.output.OutputRaw - JOIN #jdbener 
22:49:43.476 [botPool0-bot0] INFO  org.pircbotx.InputParser - :tmi.twitch.tv 002 jdbener :Your host is tmi.twitch.tv
22:49:43.477 [botPool0-bot0] INFO  org.pircbotx.InputParser - :tmi.twitch.tv 003 jdbener :This server is rather new
22:49:43.478 [botPool0-bot0] INFO  org.pircbotx.InputParser - :tmi.twitch.tv 004 jdbener :-
22:49:43.487 [botPool0-bot0] ERROR org.pircbotx.PircBotX - Exception encountered when parsing line
java.lang.IndexOutOfBoundsException: Index: 1, Size: 1
	at java.util.ArrayList.rangeCheck(Unknown Source) ~[na:1.7.0_45]
	at java.util.ArrayList.get(Unknown Source) ~[na:1.7.0_45]
	at org.pircbotx.ServerInfo.parse004(ServerInfo.java:113) ~[pircbotx-2.0.1.jar:na]
	at org.pircbotx.ServerInfo.parse(ServerInfo.java:106) ~[pircbotx-2.0.1.jar:na]
	at org.pircbotx.InputParser.processServerResponse(InputParser.java:709) ~[pircbotx-2.0.1.jar:na]
	at org.pircbotx.InputParser.handleLine(InputParser.java:323) ~[pircbotx-2.0.1.jar:na]
	at org.pircbotx.PircBotX.startLineProcessing(PircBotX.java:275) [pircbotx-2.0.1.jar:na]
	at org.pircbotx.PircBotX.connect(PircBotX.java:236) [pircbotx-2.0.1.jar:na]
	at org.pircbotx.MultiBotManager$BotRunner.call(MultiBotManager.java:219) [pircbotx-2.0.1.jar:na]
	at org.pircbotx.MultiBotManager$BotRunner.call(MultiBotManager.java:212) [pircbotx-2.0.1.jar:na]
	at java.util.concurrent.FutureTask.run(Unknown Source) [na:1.7.0_45]
	at java.util.concurrent.ThreadPoolExecutor.runWorker(Unknown Source) [na:1.7.0_45]
	at java.util.concurrent.ThreadPoolExecutor$Worker.run(Unknown Source) [na:1.7.0_45]
	at java.lang.Thread.run(Unknown Source) [na:1.7.0_45]
22:49:43.487 [botPool0-bot0] INFO  org.pircbotx.InputParser - :tmi.twitch.tv 375 jdbener :-
22:49:43.487 [botPool0-bot0] INFO  org.pircbotx.InputParser - :tmi.twitch.tv 372 jdbener :You are in a maze of twisty passages, all alike.
22:49:43.488 [botPool0-bot0] INFO  org.pircbotx.InputParser - :tmi.twitch.tv 376 jdbener :>
22:49:43.543 [botPool0-bot0] INFO  org.pircbotx.InputParser - :jdbener!jdbener@jdbener.tmi.twitch.tv JOIN #jdbener
22:49:44.475 [botPool0-bot0] INFO  org.pircbotx.output.OutputRaw - WHO #jdbener
22:49:45.477 [listenerPool0-thread2] INFO  org.pircbotx.output.OutputRaw - TWITCHCLIENT 1
22:49:46.478 [botPool0-bot0] INFO  org.pircbotx.output.OutputRaw - MODE #jdbener
22:49:46.483 [botPool0-bot0] INFO  org.pircbotx.InputParser - :jdbener.tmi.twitch.tv 353 jdbener = #jdbener :jdbener
22:49:46.484 [botPool0-bot0] INFO  org.pircbotx.InputParser - :jdbener.tmi.twitch.tv 366 jdbener #jdbener :End of /NAMES list
22:49:46.484 [botPool0-bot0] INFO  org.pircbotx.InputParser - :tmi.twitch.tv 421 jdbener WHO :Unknown command
22:50:06.228 [botPool0-bot0] INFO  org.pircbotx.InputParser - :biogenx2b!biogenx2b@biogenx2b.tmi.twitch.tv JOIN #jdbener
22:51:10.316 [botPool0-bot0] INFO  org.pircbotx.InputParser - :jtv MODE #jdbener +o jdbener
22:53:49.415 [botPool0-bot0] INFO  org.pircbotx.InputParser - PING :tmi.twitch.tv
22:53:49.421 [listenerPool0-thread45] INFO  org.pircbotx.output.OutputRaw - PONG tmi.twitch.tv
22:58:39.452 [botPool0-bot0] INFO  org.pircbotx.InputParser - PING :tmi.twitch.tv
22:58:39.454 [listenerPool0-thread60] INFO  org.pircbotx.output.OutputRaw - PONG tmi.twitch.tv
23:03:15.523 [botPool0-bot0] INFO  org.pircbotx.InputParser - PING :tmi.twitch.tv
23:03:15.526 [listenerPool0-thread71] INFO  org.pircbotx.output.OutputRaw - PONG tmi.twitch.tv
23:07:44.431 [botPool0-bot0] INFO  org.pircbotx.InputParser - PING :tmi.twitch.tv
23:07:44.432 [listenerPool0-thread82] INFO  org.pircbotx.output.OutputRaw - PONG tmi.twitch.tv
23:12:32.745 [botPool0-bot0] INFO  org.pircbotx.InputParser - PING :tmi.twitch.tv
23:12:32.746 [listenerPool0-thread89] INFO  org.pircbotx.output.OutputRaw - PONG tmi.twitch.tv
23:16:12.196 [botPool0-bot0] INFO  org.pircbotx.InputParser - :taarenh92!taarenh92@taarenh92.tmi.twitch.tv JOIN #jdbener
23:16:54.333 [botPool0-bot0] INFO  org.pircbotx.InputParser - PING :tmi.twitch.tv
23:16:54.334 [listenerPool0-thread98] INFO  org.pircbotx.output.OutputRaw - PONG tmi.twitch.tv
23:17:16.087 [botPool0-bot0] INFO  org.pircbotx.InputParser - :taarenh92!taarenh92@taarenh92.tmi.twitch.tv PART #jdbener
23:17:16.091 [botPool0-bot0] WARN  org.pircbotx.Channel - Channel #jdbener mode '' is stale
23:17:16.109 [botPool0-bot0] WARN  org.pircbotx.Channel - Channel #jdbener mode '' is stale
23:20:58.866 [botPool0-bot0] INFO  org.pircbotx.InputParser - PING :tmi.twitch.tv
23:20:58.867 [listenerPool0-thread110] INFO  org.pircbotx.output.OutputRaw - PONG tmi.twitch.tv
23:25:30.831 [botPool0-bot0] INFO  org.pircbotx.InputParser - PING :tmi.twitch.tv
23:25:30.832 [listenerPool0-thread116] INFO  org.pircbotx.output.OutputRaw - PONG tmi.twitch.tv
23:27:41.614 [botPool0-bot0] INFO  org.pircbotx.InputParser - :ethannex!ethannex@ethannex.tmi.twitch.tv JOIN #jdbener
23:30:08.163 [botPool0-bot0] INFO  org.pircbotx.InputParser - PING :tmi.twitch.tv
23:30:08.165 [listenerPool0-thread131] INFO  org.pircbotx.output.OutputRaw - PONG tmi.twitch.tv
23:34:30.232 [botPool0-bot0] INFO  org.pircbotx.InputParser - PING :tmi.twitch.tv
23:34:30.233 [listenerPool0-thread139] INFO  org.pircbotx.output.OutputRaw - PONG tmi.twitch.tv
23:36:57.938 [botPool0-bot0] INFO  org.pircbotx.InputParser - :ethannex!ethannex@ethannex.tmi.twitch.tv PART #jdbener
23:36:57.939 [botPool0-bot0] WARN  org.pircbotx.Channel - Channel #jdbener mode '' is stale
23:36:57.940 [botPool0-bot0] WARN  org.pircbotx.Channel - Channel #jdbener mode '' is stale
23:38:31.055 [botPool0-bot0] INFO  org.pircbotx.InputParser - PING :tmi.twitch.tv
23:38:31.060 [listenerPool0-thread156] INFO  org.pircbotx.output.OutputRaw - PONG tmi.twitch.tv
23:43:23.515 [botPool0-bot0] INFO  org.pircbotx.InputParser - PING :tmi.twitch.tv
23:43:23.516 [listenerPool0-thread166] INFO  org.pircbotx.output.OutputRaw - PONG tmi.twitch.tv
23:45:33.324 [botPool0-bot0] INFO  org.pircbotx.InputParser - :darkrabbit230!darkrabbit230@darkrabbit230.tmi.twitch.tv JOIN #jdbener
23:46:32.754 [botPool0-bot0] INFO  org.pircbotx.InputParser - :darkrabbit230!darkrabbit230@darkrabbit230.tmi.twitch.tv PART #jdbener
23:46:32.754 [botPool0-bot0] WARN  org.pircbotx.Channel - Channel #jdbener mode '' is stale
23:46:32.754 [botPool0-bot0] WARN  org.pircbotx.Channel - Channel #jdbener mode '' is stale
23:48:02.431 [botPool0-bot0] INFO  org.pircbotx.InputParser - PING :tmi.twitch.tv
23:48:02.434 [listenerPool0-thread181] INFO  org.pircbotx.output.OutputRaw - PONG tmi.twitch.tv
23:52:12.691 [botPool0-bot0] INFO  org.pircbotx.InputParser - PING :tmi.twitch.tv
23:52:12.692 [listenerPool0-thread194] INFO  org.pircbotx.output.OutputRaw - PONG tmi.twitch.tv
23:56:23.759 [botPool0-bot0] INFO  org.pircbotx.InputParser - PING :tmi.twitch.tv
23:56:23.761 [listenerPool0-thread200] INFO  org.pircbotx.output.OutputRaw - PONG tmi.twitch.tv
00:00:29.169 [botPool0-bot0] INFO  org.pircbotx.InputParser - PING :tmi.twitch.tv
00:00:29.173 [listenerPool0-thread207] INFO  org.pircbotx.output.OutputRaw - PONG tmi.twitch.tv
00:04:39.515 [botPool0-bot0] INFO  org.pircbotx.InputParser - PING :tmi.twitch.tv
00:04:39.517 [listenerPool0-thread221] INFO  org.pircbotx.output.OutputRaw - PONG tmi.twitch.tv
00:09:18.608 [botPool0-bot0] INFO  org.pircbotx.InputParser - PING :tmi.twitch.tv
00:09:18.608 [listenerPool0-thread232] INFO  org.pircbotx.output.OutputRaw - PONG tmi.twitch.tv
00:09:58.419 [botPool0-bot0] INFO  org.pircbotx.InputParser - :slappy_tuna!slappy_tuna@slappy_tuna.tmi.twitch.tv JOIN #jdbener
00:14:14.788 [botPool0-bot0] INFO  org.pircbotx.InputParser - PING :tmi.twitch.tv
00:14:14.790 [listenerPool0-thread241] INFO  org.pircbotx.output.OutputRaw - PONG tmi.twitch.tv
00:18:17.864 [botPool0-bot0] INFO  org.pircbotx.InputParser - PING :tmi.twitch.tv
00:18:17.866 [listenerPool0-thread251] INFO  org.pircbotx.output.OutputRaw - PONG tmi.twitch.tv
00:18:29.807 [botPool0-bot0] INFO  org.pircbotx.InputParser - :slappy_tuna!slappy_tuna@slappy_tuna.tmi.twitch.tv PART #jdbener
00:18:29.807 [botPool0-bot0] WARN  org.pircbotx.Channel - Channel #jdbener mode '' is stale
00:18:29.808 [botPool0-bot0] WARN  org.pircbotx.Channel - Channel #jdbener mode '' is stale
00:23:09.335 [botPool0-bot0] INFO  org.pircbotx.InputParser - PING :tmi.twitch.tv
00:23:09.336 [listenerPool0-thread261] INFO  org.pircbotx.output.OutputRaw - PONG tmi.twitch.tv
00:23:29.808 [botPool0-bot0] INFO  org.pircbotx.InputParser - :awesomedaniel95!awesomedaniel95@awesomedaniel95.tmi.twitch.tv JOIN #jdbener
00:24:32.591 [botPool0-bot0] INFO  org.pircbotx.InputParser - :awesomedaniel95!awesomedaniel95@awesomedaniel95.tmi.twitch.tv PART #jdbener
00:24:32.591 [botPool0-bot0] WARN  org.pircbotx.Channel - Channel #jdbener mode '' is stale
00:24:32.592 [botPool0-bot0] WARN  org.pircbotx.Channel - Channel #jdbener mode '' is stale
00:27:36.932 [botPool0-bot0] INFO  org.pircbotx.InputParser - PING :tmi.twitch.tv
00:27:36.939 [listenerPool0-thread278] INFO  org.pircbotx.output.OutputRaw - PONG tmi.twitch.tv
00:31:56.624 [botPool0-bot0] INFO  org.pircbotx.InputParser - PING :tmi.twitch.tv
00:31:56.626 [listenerPool0-thread289] INFO  org.pircbotx.output.OutputRaw - PONG tmi.twitch.tv
00:36:07.459 [botPool0-bot0] INFO  org.pircbotx.InputParser - PING :tmi.twitch.tv
00:36:07.461 [listenerPool0-thread296] INFO  org.pircbotx.output.OutputRaw - PONG tmi.twitch.tv
00:40:24.983 [botPool0-bot0] INFO  org.pircbotx.InputParser - PING :tmi.twitch.tv
00:40:24.986 [listenerPool0-thread303] INFO  org.pircbotx.output.OutputRaw - PONG tmi.twitch.tv
00:44:31.869 [botPool0-bot0] INFO  org.pircbotx.InputParser - PING :tmi.twitch.tv
00:44:31.870 [listenerPool0-thread312] INFO  org.pircbotx.output.OutputRaw - PONG tmi.twitch.tv
00:49:03.372 [botPool0-bot0] INFO  org.pircbotx.InputParser - PING :tmi.twitch.tv
00:49:03.376 [listenerPool0-thread318] INFO  org.pircbotx.output.OutputRaw - PONG tmi.twitch.tv
00:53:24.098 [botPool0-bot0] INFO  org.pircbotx.InputParser - PING :tmi.twitch.tv
00:53:24.099 [listenerPool0-thread328] INFO  org.pircbotx.output.OutputRaw - PONG tmi.twitch.tv
00:58:14.082 [botPool0-bot0] INFO  org.pircbotx.InputParser - PING :tmi.twitch.tv
00:58:14.083 [listenerPool0-thread334] INFO  org.pircbotx.output.OutputRaw - PONG tmi.twitch.tv
01:02:29.776 [botPool0-bot0] INFO  org.pircbotx.InputParser - PING :tmi.twitch.tv
01:02:29.777 [listenerPool0-thread339] INFO  org.pircbotx.output.OutputRaw - PONG tmi.twitch.tv
01:06:58.410 [botPool0-bot0] INFO  org.pircbotx.InputParser - PING :tmi.twitch.tv
01:06:58.411 [listenerPool0-thread345] INFO  org.pircbotx.output.OutputRaw - PONG tmi.twitch.tv
01:11:25.354 [botPool0-bot0] INFO  org.pircbotx.InputParser - PING :tmi.twitch.tv
01:11:25.355 [listenerPool0-thread352] INFO  org.pircbotx.output.OutputRaw - PONG tmi.twitch.tv
01:12:59.388 [bot1-shutdownhook] INFO  org.pircbotx.output.OutputRaw - QUIT :
01:12:59.393 [bot1-shutdownhook] WARN  org.pircbotx.Channel - Channel #jdbener mode '' is stale
01:12:59.394 [bot1-shutdownhook] WARN  org.pircbotx.Channel - Channel #jdbener mode '' is stale
01:12:59.394 [bot1-shutdownhook] INFO  org.pircbotx.dcc.DccHandler - Terminating all transfers waiting to be accepted
01:12:59.395 [botPool0-bot0] INFO  org.pircbotx.PircBotX - Shutdown has been called, closing InputParser
01:12:59.397 [botPool0-bot0] DEBUG o.p.MultiBotManager$BotFutureCallback - Bot #0 finished
01:12:59.400 [bot1-shutdownhook] DEBUG org.pircbotx.PircBotX - Disconnected.
01:12:59.400 [bot1-shutdownhook] DEBUG o.p.h.m.ThreadedListenerManager - Waiting for listener org.pircbotx.hooks.CoreHooks@67216d47 to execute event DisconnectEvent(daoSnapshot=org.pircbotx.snapshot.UserChannelDaoSnapshot@159fec01, disconnectException=null)
01:12:59.401 [bot1-shutdownhook] DEBUG o.p.h.m.ThreadedListenerManager - Waiting for listener me.jdbener.apis.hitbox.HitboxStatusGameUpdater@554790b0 to execute event DisconnectEvent(daoSnapshot=org.pircbotx.snapshot.UserChannelDaoSnapshot@159fec01, disconnectException=null)
01:12:59.401 [bot1-shutdownhook] DEBUG o.p.h.m.ThreadedListenerManager - Waiting for listener me.jdbener.moderataion.CapsFilter@3ebe6c82 to execute event DisconnectEvent(daoSnapshot=org.pircbotx.snapshot.UserChannelDaoSnapshot@159fec01, disconnectException=null)
01:12:59.401 [bot1-shutdownhook] DEBUG o.p.h.m.ThreadedListenerManager - Waiting for listener me.jdbener.utilities.AutoMessageHandeler@338f5998 to execute event DisconnectEvent(daoSnapshot=org.pircbotx.snapshot.UserChannelDaoSnapshot@159fec01, disconnectException=null)
01:12:59.402 [bot1-shutdownhook] DEBUG o.p.h.m.ThreadedListenerManager - Waiting for listener me.jdbener.apis.twitch.TwitchStatusGameUpdater@3b90a564 to execute event DisconnectEvent(daoSnapshot=org.pircbotx.snapshot.UserChannelDaoSnapshot@159fec01, disconnectException=null)
01:12:59.402 [bot1-shutdownhook] DEBUG o.p.h.m.ThreadedListenerManager - Waiting for listener me.jdbener.levels.LevelManager@783b0edf to execute event DisconnectEvent(daoSnapshot=org.pircbotx.snapshot.UserChannelDaoSnapshot@159fec01, disconnectException=null)
01:12:59.402 [bot1-shutdownhook] DEBUG o.p.h.m.ThreadedListenerManager - Waiting for listener me.jdbener.levels.BennerBitManager@24442e4a to execute event DisconnectEvent(daoSnapshot=org.pircbotx.snapshot.UserChannelDaoSnapshot@159fec01, disconnectException=null)
01:12:59.402 [bot1-shutdownhook] DEBUG o.p.h.m.ThreadedListenerManager - Waiting for listener me.jdbener.utilities.Infromation@24ecb9e0 to execute event DisconnectEvent(daoSnapshot=org.pircbotx.snapshot.UserChannelDaoSnapshot@159fec01, disconnectException=null)
01:12:59.402 [bot1-shutdownhook] DEBUG o.p.h.m.ThreadedListenerManager - Waiting for listener me.jdbener.utilities.ChatRelayHandeler@395161a5 to execute event DisconnectEvent(daoSnapshot=org.pircbotx.snapshot.UserChannelDaoSnapshot@159fec01, disconnectException=null)
01:12:59.402 [bot1-shutdownhook] DEBUG o.p.h.m.ThreadedListenerManager - Waiting for listener me.jdbener.moderataion.FilterManager@7df47d77 to execute event DisconnectEvent(daoSnapshot=org.pircbotx.snapshot.UserChannelDaoSnapshot@159fec01, disconnectException=null)
01:12:59.402 [bot1-shutdownhook] DEBUG o.p.h.m.ThreadedListenerManager - Waiting for listener me.jdbener.utilities.Countdown@3b65b4e3 to execute event DisconnectEvent(daoSnapshot=org.pircbotx.snapshot.UserChannelDaoSnapshot@159fec01, disconnectException=null)
01:12:59.402 [bot1-shutdownhook] DEBUG o.p.h.m.ThreadedListenerManager - Waiting for listener me.jdbener.moderataion.GeneralFilter@6a939082 to execute event DisconnectEvent(daoSnapshot=org.pircbotx.snapshot.UserChannelDaoSnapshot@159fec01, disconnectException=null)
01:12:59.403 [bot1-shutdownhook] DEBUG o.p.h.m.ThreadedListenerManager - Waiting for listener me.jdbener.Cleaner@617e38e9 to execute event DisconnectEvent(daoSnapshot=org.pircbotx.snapshot.UserChannelDaoSnapshot@159fec01, disconnectException=null)
