11:13:00.883 [main] WARN  me.jdbener.Bennerbot - Waiting for GUI to load
11:13:00.905 [AWT-EventQueue-0] INFO  me.jdbener.Bennerbot - Loading Beggining Tab Loading Sequence
11:13:00.924 [AWT-EventQueue-0] INFO  me.jdbener.Bennerbot - Loading the "General Configuration Tab"
11:13:02.342 [AWT-EventQueue-0] INFO  me.jdbener.Bennerbot - Loading the "Chat Display Tab"
11:13:02.379 [AWT-EventQueue-0] INFO  me.jdbener.Bennerbot - Loading the "Chat Display Window"
11:13:02.400 [AWT-EventQueue-0] INFO  me.jdbener.Bennerbot - Loading the "Chat Moderation Settings Tab"
11:13:02.422 [AWT-EventQueue-0] INFO  me.jdbener.Bennerbot - Loading the "Custom Commands Tab"
11:13:05.142 [AWT-EventQueue-0] INFO  me.jdbener.Bennerbot - Loading the "AutoMessage Tab"
11:13:06.244 [AWT-EventQueue-0] INFO  me.jdbener.Bennerbot - Loading the "Miscellaneous Settings Tab"
11:13:06.258 [AWT-EventQueue-0] INFO  me.jdbener.Bennerbot - Loading the "Info Button"
11:13:06.259 [AWT-EventQueue-0] INFO  me.jdbener.Bennerbot - Finished Tab Initiation Squence... Loading Backend
11:13:10.075 [AWT-EventQueue-0] INFO  me.jdbener.Bennerbot - Finished Loading GUI Backend
11:13:10.108 [main] INFO  me.jdbener.Bennerbot - GUI loaded... Continuing with launch sequence
11:13:15.244 [main] INFO  me.jdbener.PHitboxBotX.PHitboxBotX - Getting Hitbox server IP: ec2-54-162-229-44.compute-1.amazonaws.com
11:13:15.975 [main] INFO  me.jdbener.PHitboxBotX.PHitboxBotX - Getting connection ID: h-13I-d0nrqxqI9okiin
11:13:15.975 [main] INFO  me.jdbener.PHitboxBotX.PHitboxBotX - Getting your token
11:13:16.222 [main] INFO  me.jdbener.PHitboxBotX.PHitboxBotX - Connecting to hitbox servers...
11:13:18.455 [main] INFO  me.jdbener.PHitboxBotX.PHitboxBotX - Sucessfully Connected... Joined Channel #jdbener
11:13:18.456 [main] INFO  me.jdbener.Bennerbot - Begining plugin loading
11:13:18.526 [main] INFO  me.jdbener.Bennerbot - Finished looking for plugins in: plugins
11:13:18.527 [main] INFO  me.jdbener.Bennerbot - Finished looking for plugins in: plugins/BasicCommands
11:13:18.529 [main] INFO  me.jdbener.Bennerbot - Finished looking for plugins in: plugins/dissabled
11:13:18.530 [main] INFO  me.jdbener.Bennerbot - Beggining pluging loading sequence
11:13:18.530 [main] INFO  me.jdbener.Bennerbot - Finished pluging loading sequence
11:13:18.530 [main] INFO  me.jdbener.Bennerbot - Proceading with BennerBot initiation sequence
11:13:18.531 [main] DEBUG org.pircbotx.MultiBotManager - Not started yet, add to queue
11:13:18.531 [main] DEBUG org.pircbotx.MultiBotManager - Not started yet, add to queue
11:13:18.536 [botPool0-bot0] DEBUG org.pircbotx.PircBotX - Trying address irc.twitch.tv/199.9.249.252
11:13:18.586 [botPool0-bot0] INFO  org.pircbotx.PircBotX - Connected to server.
11:13:18.593 [botPool0-bot0] INFO  org.pircbotx.output.OutputRaw - PASS oauth:sccrkekgyzcobf9j7k1kceagfyo7hz4
11:13:18.593 [botPool0-bot0] INFO  org.pircbotx.output.OutputRaw - NICK jdbener
11:13:18.593 [botPool0-bot0] INFO  org.pircbotx.output.OutputRaw - USER BennerBot 8 * :PircBotX 2.0.1, a fork of PircBot, the Java IRC bot - pircbotx.googlecode.com
11:13:18.606 [botPool0-bot1] DEBUG org.pircbotx.PircBotX - Trying address hitbox.tv/212.232.25.4
11:13:18.730 [botPool0-bot0] INFO  org.pircbotx.InputParser - :tmi.twitch.tv 001 jdbener :Welcome, GLHF!
11:13:18.738 [botPool0-bot0] DEBUG org.pircbotx.InputParser - Logged onto server.
11:13:19.594 [botPool0-bot0] INFO  org.pircbotx.output.OutputRaw - JOIN #jdbener 
11:13:19.594 [botPool0-bot0] INFO  org.pircbotx.InputParser - :tmi.twitch.tv 002 jdbener :Your host is tmi.twitch.tv
11:13:19.595 [botPool0-bot0] INFO  org.pircbotx.InputParser - :tmi.twitch.tv 003 jdbener :This server is rather new
11:13:19.596 [botPool0-bot0] INFO  org.pircbotx.InputParser - :tmi.twitch.tv 004 jdbener :-
11:13:19.602 [botPool0-bot0] ERROR org.pircbotx.PircBotX - Exception encountered when parsing line
java.lang.IndexOutOfBoundsException: Index: 1, Size: 1
	at java.util.ArrayList.rangeCheck(Unknown Source) ~[na:1.7.0_45]
	at java.util.ArrayList.get(Unknown Source) ~[na:1.7.0_45]
	at org.pircbotx.ServerInfo.parse004(ServerInfo.java:113) ~[pircbotx-2.0.1.jar:na]
	at org.pircbotx.ServerInfo.parse(ServerInfo.java:106) ~[pircbotx-2.0.1.jar:na]
	at org.pircbotx.InputParser.processServerResponse(InputParser.java:709) ~[pircbotx-2.0.1.jar:na]
	at org.pircbotx.InputParser.handleLine(InputParser.java:323) ~[pircbotx-2.0.1.jar:na]
	at org.pircbotx.PircBotX.startLineProcessing(PircBotX.java:275) [pircbotx-2.0.1.jar:na]
	at org.pircbotx.PircBotX.connect(PircBotX.java:236) [pircbotx-2.0.1.jar:na]
	at org.pircbotx.MultiBotManager$BotRunner.call(MultiBotManager.java:219) [pircbotx-2.0.1.jar:na]
	at org.pircbotx.MultiBotManager$BotRunner.call(MultiBotManager.java:212) [pircbotx-2.0.1.jar:na]
	at java.util.concurrent.FutureTask.run(Unknown Source) [na:1.7.0_45]
	at java.util.concurrent.ThreadPoolExecutor.runWorker(Unknown Source) [na:1.7.0_45]
	at java.util.concurrent.ThreadPoolExecutor$Worker.run(Unknown Source) [na:1.7.0_45]
	at java.lang.Thread.run(Unknown Source) [na:1.7.0_45]
11:13:19.602 [botPool0-bot0] INFO  org.pircbotx.InputParser - :tmi.twitch.tv 375 jdbener :-
11:13:19.603 [botPool0-bot0] INFO  org.pircbotx.InputParser - :tmi.twitch.tv 372 jdbener :You are in a maze of twisty passages, all alike.
11:13:19.603 [botPool0-bot0] INFO  org.pircbotx.InputParser - :tmi.twitch.tv 376 jdbener :>
11:13:19.687 [botPool0-bot0] INFO  org.pircbotx.InputParser - :jdbener!jdbener@jdbener.tmi.twitch.tv JOIN #jdbener
11:13:20.305 [botPool0-bot1] DEBUG org.pircbotx.PircBotX - Unable to connect to hitbox.tv using the IP address 212.232.25.4, trying to check another address.
java.net.ConnectException: Connection refused: connect
	at java.net.DualStackPlainSocketImpl.connect0(Native Method) ~[na:1.7.0_45]
	at java.net.DualStackPlainSocketImpl.socketConnect(Unknown Source) ~[na:1.7.0_45]
	at java.net.AbstractPlainSocketImpl.doConnect(Unknown Source) ~[na:1.7.0_45]
	at java.net.AbstractPlainSocketImpl.connectToAddress(Unknown Source) ~[na:1.7.0_45]
	at java.net.AbstractPlainSocketImpl.connect(Unknown Source) ~[na:1.7.0_45]
	at java.net.PlainSocketImpl.connect(Unknown Source) ~[na:1.7.0_45]
	at java.net.SocksSocketImpl.connect(Unknown Source) ~[na:1.7.0_45]
	at java.net.Socket.connect(Unknown Source) ~[na:1.7.0_45]
	at java.net.Socket.connect(Unknown Source) ~[na:1.7.0_45]
	at java.net.Socket.<init>(Unknown Source) ~[na:1.7.0_45]
	at java.net.Socket.<init>(Unknown Source) ~[na:1.7.0_45]
	at javax.net.DefaultSocketFactory.createSocket(Unknown Source) ~[na:1.7.0_45]
	at org.pircbotx.PircBotX.connect(PircBotX.java:194) ~[pircbotx-2.0.1.jar:na]
	at org.pircbotx.MultiBotManager$BotRunner.call(MultiBotManager.java:219) [pircbotx-2.0.1.jar:na]
	at org.pircbotx.MultiBotManager$BotRunner.call(MultiBotManager.java:212) [pircbotx-2.0.1.jar:na]
	at java.util.concurrent.FutureTask.run(Unknown Source) [na:1.7.0_45]
	at java.util.concurrent.ThreadPoolExecutor.runWorker(Unknown Source) [na:1.7.0_45]
	at java.util.concurrent.ThreadPoolExecutor$Worker.run(Unknown Source) [na:1.7.0_45]
	at java.lang.Thread.run(Unknown Source) [na:1.7.0_45]
11:13:20.306 [botPool0-bot1] ERROR o.p.MultiBotManager$BotFutureCallback - Bot exited with Exception
java.io.IOException: Unable to connect to the IRC network hitbox.tv (last connection attempt exception attached)
	at org.pircbotx.PircBotX.connect(PircBotX.java:206) ~[pircbotx-2.0.1.jar:na]
	at org.pircbotx.MultiBotManager$BotRunner.call(MultiBotManager.java:219) ~[pircbotx-2.0.1.jar:na]
	at org.pircbotx.MultiBotManager$BotRunner.call(MultiBotManager.java:212) ~[pircbotx-2.0.1.jar:na]
	at java.util.concurrent.FutureTask.run(Unknown Source) [na:1.7.0_45]
	at java.util.concurrent.ThreadPoolExecutor.runWorker(Unknown Source) [na:1.7.0_45]
	at java.util.concurrent.ThreadPoolExecutor$Worker.run(Unknown Source) [na:1.7.0_45]
	at java.lang.Thread.run(Unknown Source) [na:1.7.0_45]
Caused by: java.net.ConnectException: Connection refused: connect
	at java.net.DualStackPlainSocketImpl.connect0(Native Method) ~[na:1.7.0_45]
	at java.net.DualStackPlainSocketImpl.socketConnect(Unknown Source) ~[na:1.7.0_45]
	at java.net.AbstractPlainSocketImpl.doConnect(Unknown Source) ~[na:1.7.0_45]
	at java.net.AbstractPlainSocketImpl.connectToAddress(Unknown Source) ~[na:1.7.0_45]
	at java.net.AbstractPlainSocketImpl.connect(Unknown Source) ~[na:1.7.0_45]
	at java.net.PlainSocketImpl.connect(Unknown Source) ~[na:1.7.0_45]
	at java.net.SocksSocketImpl.connect(Unknown Source) ~[na:1.7.0_45]
	at java.net.Socket.connect(Unknown Source) ~[na:1.7.0_45]
	at java.net.Socket.connect(Unknown Source) ~[na:1.7.0_45]
	at java.net.Socket.<init>(Unknown Source) ~[na:1.7.0_45]
	at java.net.Socket.<init>(Unknown Source) ~[na:1.7.0_45]
	at javax.net.DefaultSocketFactory.createSocket(Unknown Source) ~[na:1.7.0_45]
	at org.pircbotx.PircBotX.connect(PircBotX.java:194) ~[pircbotx-2.0.1.jar:na]
	... 6 common frames omitted
11:13:20.595 [botPool0-bot0] INFO  org.pircbotx.output.OutputRaw - WHO #jdbener
11:13:21.596 [bot3-shutdownhook] INFO  org.pircbotx.output.OutputRaw - QUIT :
11:13:21.614 [bot3-shutdownhook] INFO  org.pircbotx.dcc.DccHandler - Terminating all transfers waiting to be accepted
11:13:21.614 [bot3-shutdownhook] DEBUG org.pircbotx.PircBotX - Disconnected.
11:13:21.615 [bot3-shutdownhook] DEBUG o.p.h.m.ThreadedListenerManager - Waiting for listener me.jdbener.Cleaner@3879e379 to execute event ConnectEvent()
11:13:22.597 [listenerPool0-thread3] INFO  org.pircbotx.output.OutputRaw - TWITCHCLIENT 1
11:13:22.597 [botPool0-bot0] INFO  org.pircbotx.output.OutputRaw - MODE #jdbener
11:13:22.598 [listenerPool0-thread3] ERROR o.p.h.m.ThreadedListenerManager - Exception encountered when executing event ConnectEvent() on listener me.jdbener.Cleaner@3879e379
java.lang.RuntimeException: Couldn't pause thread for message delay
	at org.pircbotx.output.OutputRaw.rawLine(OutputRaw.java:76) ~[pircbotx-2.0.1.jar:na]
	at me.jdbener.Cleaner.onConnect(Cleaner.java:86) ~[bin/:na]
	at org.pircbotx.hooks.ListenerAdapter.onEvent(ListenerAdapter.java:45) ~[pircbotx-2.0.1.jar:na]
	at org.pircbotx.hooks.managers.ThreadedListenerManager$1.call(ThreadedListenerManager.java:119) [pircbotx-2.0.1.jar:na]
	at org.pircbotx.hooks.managers.ThreadedListenerManager$1.call(ThreadedListenerManager.java:115) [pircbotx-2.0.1.jar:na]
	at java.util.concurrent.FutureTask.run(Unknown Source) [na:1.7.0_45]
	at java.util.concurrent.ThreadPoolExecutor.runWorker(Unknown Source) [na:1.7.0_45]
	at java.util.concurrent.ThreadPoolExecutor$Worker.run(Unknown Source) [na:1.7.0_45]
	at java.lang.Thread.run(Unknown Source) [na:1.7.0_45]
Caused by: java.lang.RuntimeException: Exception encountered when writing to socket
	at org.pircbotx.PircBotX.sendRawLineToServer(PircBotX.java:303) ~[pircbotx-2.0.1.jar:na]
	at org.pircbotx.Utils.sendRawLineToServer(Utils.java:88) ~[pircbotx-2.0.1.jar:na]
	at org.pircbotx.output.OutputRaw.rawLine(OutputRaw.java:73) ~[pircbotx-2.0.1.jar:na]
	... 8 common frames omitted
Caused by: java.net.SocketException: Socket closed
	at java.net.SocketOutputStream.socketWrite(Unknown Source) ~[na:1.7.0_45]
	at java.net.SocketOutputStream.write(Unknown Source) ~[na:1.7.0_45]
	at sun.nio.cs.StreamEncoder.writeBytes(Unknown Source) ~[na:1.7.0_45]
	at sun.nio.cs.StreamEncoder.implFlushBuffer(Unknown Source) ~[na:1.7.0_45]
	at sun.nio.cs.StreamEncoder.implFlush(Unknown Source) ~[na:1.7.0_45]
	at sun.nio.cs.StreamEncoder.flush(Unknown Source) ~[na:1.7.0_45]
	at java.io.OutputStreamWriter.flush(Unknown Source) ~[na:1.7.0_45]
	at org.pircbotx.PircBotX.sendRawLineToServer(PircBotX.java:300) ~[pircbotx-2.0.1.jar:na]
	... 10 common frames omitted
11:13:22.598 [botPool0-bot0] ERROR org.pircbotx.PircBotX - Exception encountered when parsing line
java.lang.RuntimeException: Couldn't pause thread for message delay
	at org.pircbotx.output.OutputRaw.rawLine(OutputRaw.java:76) ~[pircbotx-2.0.1.jar:na]
	at org.pircbotx.InputParser.processCommand(InputParser.java:503) ~[pircbotx-2.0.1.jar:na]
	at org.pircbotx.InputParser.handleLine(InputParser.java:350) ~[pircbotx-2.0.1.jar:na]
	at org.pircbotx.PircBotX.startLineProcessing(PircBotX.java:275) [pircbotx-2.0.1.jar:na]
	at org.pircbotx.PircBotX.connect(PircBotX.java:236) [pircbotx-2.0.1.jar:na]
	at org.pircbotx.MultiBotManager$BotRunner.call(MultiBotManager.java:219) [pircbotx-2.0.1.jar:na]
	at org.pircbotx.MultiBotManager$BotRunner.call(MultiBotManager.java:212) [pircbotx-2.0.1.jar:na]
	at java.util.concurrent.FutureTask.run(Unknown Source) [na:1.7.0_45]
	at java.util.concurrent.ThreadPoolExecutor.runWorker(Unknown Source) [na:1.7.0_45]
	at java.util.concurrent.ThreadPoolExecutor$Worker.run(Unknown Source) [na:1.7.0_45]
	at java.lang.Thread.run(Unknown Source) [na:1.7.0_45]
Caused by: java.lang.RuntimeException: Exception encountered when writing to socket
	at org.pircbotx.PircBotX.sendRawLineToServer(PircBotX.java:303) [pircbotx-2.0.1.jar:na]
	at org.pircbotx.Utils.sendRawLineToServer(Utils.java:88) ~[pircbotx-2.0.1.jar:na]
	at org.pircbotx.output.OutputRaw.rawLine(OutputRaw.java:73) ~[pircbotx-2.0.1.jar:na]
	... 10 common frames omitted
Caused by: java.net.SocketException: Socket closed
	at java.net.SocketOutputStream.socketWrite(Unknown Source) ~[na:1.7.0_45]
	at java.net.SocketOutputStream.write(Unknown Source) ~[na:1.7.0_45]
	at sun.nio.cs.StreamEncoder.writeBytes(Unknown Source) ~[na:1.7.0_45]
	at sun.nio.cs.StreamEncoder.implFlushBuffer(Unknown Source) ~[na:1.7.0_45]
	at sun.nio.cs.StreamEncoder.implFlush(Unknown Source) ~[na:1.7.0_45]
	at sun.nio.cs.StreamEncoder.flush(Unknown Source) ~[na:1.7.0_45]
	at java.io.OutputStreamWriter.flush(Unknown Source) ~[na:1.7.0_45]
	at org.pircbotx.PircBotX.sendRawLineToServer(PircBotX.java:300) [pircbotx-2.0.1.jar:na]
	... 12 common frames omitted
11:13:22.598 [botPool0-bot0] INFO  org.pircbotx.InputParser - :jdbener.tmi.twitch.tv 353 jdbener = #jdbener :jdbener
11:13:22.598 [bot3-shutdownhook] DEBUG o.p.h.m.ThreadedListenerManager - Waiting for listener me.jdbener.apis.twitch.TwitchStatusGameUpdater@496cc009 to execute event DisconnectEvent(daoSnapshot=org.pircbotx.snapshot.UserChannelDaoSnapshot@96382bc, disconnectException=null)
11:13:22.599 [bot3-shutdownhook] DEBUG o.p.h.m.ThreadedListenerManager - Waiting for listener me.jdbener.utilities.JoinLeaveMessages@267ebd5d to execute event DisconnectEvent(daoSnapshot=org.pircbotx.snapshot.UserChannelDaoSnapshot@96382bc, disconnectException=null)
