10:58:16.162 [main] WARN  me.jdbener.Bennerbot - Waiting for GUI to load
10:58:16.182 [AWT-EventQueue-0] INFO  me.jdbener.Bennerbot - Loading Beggining Tab Loading Sequence
10:58:16.202 [AWT-EventQueue-0] INFO  me.jdbener.Bennerbot - Loading the "General Configuration Tab"
10:58:17.964 [AWT-EventQueue-0] INFO  me.jdbener.Bennerbot - Loading the "Chat Display Tab"
10:58:18.005 [AWT-EventQueue-0] INFO  me.jdbener.Bennerbot - Loading the "Chat Display Window"
10:58:18.027 [AWT-EventQueue-0] INFO  me.jdbener.Bennerbot - Loading the "Chat Moderation Settings Tab"
10:58:18.051 [AWT-EventQueue-0] INFO  me.jdbener.Bennerbot - Loading the "Custom Commands Tab"
10:58:21.105 [AWT-EventQueue-0] INFO  me.jdbener.Bennerbot - Loading the "AutoMessage Tab"
10:58:22.148 [AWT-EventQueue-0] INFO  me.jdbener.Bennerbot - Loading the "Miscellaneous Settings Tab"
10:58:22.166 [AWT-EventQueue-0] INFO  me.jdbener.Bennerbot - Loading the "Info Button"
10:58:22.167 [AWT-EventQueue-0] INFO  me.jdbener.Bennerbot - Finished Tab Initiation Squence... Loading Backend
10:58:25.498 [AWT-EventQueue-0] INFO  me.jdbener.Bennerbot - Finished Loading GUI Backend
10:58:25.598 [main] INFO  me.jdbener.Bennerbot - GUI loaded... Continuing with launch sequence
10:58:30.823 [main] INFO  me.jdbener.PHitboxBotX.PHitboxBotX - Getting Hitbox server IP: ec2-54-226-192-118.compute-1.amazonaws.com
10:58:31.577 [main] INFO  me.jdbener.PHitboxBotX.PHitboxBotX - Getting connection ID: RnUPJFj_pFOD033KktH8
10:58:31.577 [main] INFO  me.jdbener.PHitboxBotX.PHitboxBotX - Getting your token
10:58:31.873 [main] INFO  me.jdbener.PHitboxBotX.PHitboxBotX - Connecting to hitbox servers...
10:58:34.081 [main] INFO  me.jdbener.PHitboxBotX.PHitboxBotX - Sucessfully Connected... Joined Channel #irish00
10:58:34.081 [main] INFO  me.jdbener.Bennerbot - Begining plugin loading
10:58:34.162 [main] INFO  me.jdbener.Bennerbot - Finished looking for plugins in: plugins
10:58:34.163 [main] INFO  me.jdbener.Bennerbot - Finished looking for plugins in: plugins/BasicCommands
10:58:34.164 [main] INFO  me.jdbener.Bennerbot - Finished looking for plugins in: plugins/dissabled
10:58:34.165 [main] INFO  me.jdbener.Bennerbot - Beggining pluging loading sequence
10:58:34.165 [main] INFO  me.jdbener.Bennerbot - Finished pluging loading sequence
10:58:34.165 [main] INFO  me.jdbener.Bennerbot - Proceading with BennerBot initiation sequence
10:58:34.165 [main] DEBUG org.pircbotx.MultiBotManager - Not started yet, add to queue
10:58:34.166 [main] DEBUG org.pircbotx.MultiBotManager - Not started yet, add to queue
10:58:34.168 [botPool0-bot0] DEBUG org.pircbotx.PircBotX - Trying address irc.twitch.tv/199.9.249.252
10:58:34.212 [botPool0-bot0] INFO  org.pircbotx.PircBotX - Connected to server.
10:58:34.217 [botPool0-bot0] INFO  org.pircbotx.output.OutputRaw - PASS oauth:ihviixzyfzwx7pc8xh9hm232yhdq1w
10:58:34.218 [botPool0-bot0] INFO  org.pircbotx.output.OutputRaw - NICK irish_00
10:58:34.218 [botPool0-bot0] INFO  org.pircbotx.output.OutputRaw - USER BennerBot 8 * :PircBotX 2.0.1, a fork of PircBot, the Java IRC bot - pircbotx.googlecode.com
10:58:34.258 [botPool0-bot1] DEBUG org.pircbotx.PircBotX - Trying address hitbox.tv/212.232.25.4
10:58:34.312 [botPool0-bot0] INFO  org.pircbotx.InputParser - :tmi.twitch.tv 001 irish_00 :Welcome, GLHF!
10:58:34.319 [botPool0-bot0] DEBUG org.pircbotx.InputParser - Logged onto server.
10:58:35.219 [botPool0-bot0] INFO  org.pircbotx.output.OutputRaw - JOIN #irish_00 
10:58:35.219 [botPool0-bot0] INFO  org.pircbotx.InputParser - :tmi.twitch.tv 002 irish_00 :Your host is tmi.twitch.tv
10:58:35.220 [botPool0-bot0] INFO  org.pircbotx.InputParser - :tmi.twitch.tv 003 irish_00 :This server is rather new
10:58:35.220 [botPool0-bot0] INFO  org.pircbotx.InputParser - :tmi.twitch.tv 004 irish_00 :-
10:58:35.225 [botPool0-bot0] ERROR org.pircbotx.PircBotX - Exception encountered when parsing line
java.lang.IndexOutOfBoundsException: Index: 1, Size: 1
	at java.util.ArrayList.rangeCheck(Unknown Source) ~[na:1.7.0_45]
	at java.util.ArrayList.get(Unknown Source) ~[na:1.7.0_45]
	at org.pircbotx.ServerInfo.parse004(ServerInfo.java:113) ~[pircbotx-2.0.1.jar:na]
	at org.pircbotx.ServerInfo.parse(ServerInfo.java:106) ~[pircbotx-2.0.1.jar:na]
	at org.pircbotx.InputParser.processServerResponse(InputParser.java:709) ~[pircbotx-2.0.1.jar:na]
	at org.pircbotx.InputParser.handleLine(InputParser.java:323) ~[pircbotx-2.0.1.jar:na]
	at org.pircbotx.PircBotX.startLineProcessing(PircBotX.java:275) [pircbotx-2.0.1.jar:na]
	at org.pircbotx.PircBotX.connect(PircBotX.java:236) [pircbotx-2.0.1.jar:na]
	at org.pircbotx.MultiBotManager$BotRunner.call(MultiBotManager.java:219) [pircbotx-2.0.1.jar:na]
	at org.pircbotx.MultiBotManager$BotRunner.call(MultiBotManager.java:212) [pircbotx-2.0.1.jar:na]
	at java.util.concurrent.FutureTask.run(Unknown Source) [na:1.7.0_45]
	at java.util.concurrent.ThreadPoolExecutor.runWorker(Unknown Source) [na:1.7.0_45]
	at java.util.concurrent.ThreadPoolExecutor$Worker.run(Unknown Source) [na:1.7.0_45]
	at java.lang.Thread.run(Unknown Source) [na:1.7.0_45]
10:58:35.225 [botPool0-bot0] INFO  org.pircbotx.InputParser - :tmi.twitch.tv 375 irish_00 :-
10:58:35.226 [botPool0-bot0] INFO  org.pircbotx.InputParser - :tmi.twitch.tv 372 irish_00 :You are in a maze of twisty passages, all alike.
10:58:35.226 [botPool0-bot0] INFO  org.pircbotx.InputParser - :tmi.twitch.tv 376 irish_00 :>
10:58:35.227 [botPool0-bot0] INFO  org.pircbotx.InputParser - PING :tmi.twitch.tv
10:58:35.297 [botPool0-bot0] INFO  org.pircbotx.InputParser - :irish_00!irish_00@irish_00.tmi.twitch.tv JOIN #irish_00
10:58:35.939 [botPool0-bot1] DEBUG org.pircbotx.PircBotX - Unable to connect to hitbox.tv using the IP address 212.232.25.4, trying to check another address.
java.net.ConnectException: Connection refused: connect
	at java.net.DualStackPlainSocketImpl.connect0(Native Method) ~[na:1.7.0_45]
	at java.net.DualStackPlainSocketImpl.socketConnect(Unknown Source) ~[na:1.7.0_45]
	at java.net.AbstractPlainSocketImpl.doConnect(Unknown Source) ~[na:1.7.0_45]
	at java.net.AbstractPlainSocketImpl.connectToAddress(Unknown Source) ~[na:1.7.0_45]
	at java.net.AbstractPlainSocketImpl.connect(Unknown Source) ~[na:1.7.0_45]
	at java.net.PlainSocketImpl.connect(Unknown Source) ~[na:1.7.0_45]
	at java.net.SocksSocketImpl.connect(Unknown Source) ~[na:1.7.0_45]
	at java.net.Socket.connect(Unknown Source) ~[na:1.7.0_45]
	at java.net.Socket.connect(Unknown Source) ~[na:1.7.0_45]
	at java.net.Socket.<init>(Unknown Source) ~[na:1.7.0_45]
	at java.net.Socket.<init>(Unknown Source) ~[na:1.7.0_45]
	at javax.net.DefaultSocketFactory.createSocket(Unknown Source) ~[na:1.7.0_45]
	at org.pircbotx.PircBotX.connect(PircBotX.java:194) ~[pircbotx-2.0.1.jar:na]
	at org.pircbotx.MultiBotManager$BotRunner.call(MultiBotManager.java:219) [pircbotx-2.0.1.jar:na]
	at org.pircbotx.MultiBotManager$BotRunner.call(MultiBotManager.java:212) [pircbotx-2.0.1.jar:na]
	at java.util.concurrent.FutureTask.run(Unknown Source) [na:1.7.0_45]
	at java.util.concurrent.ThreadPoolExecutor.runWorker(Unknown Source) [na:1.7.0_45]
	at java.util.concurrent.ThreadPoolExecutor$Worker.run(Unknown Source) [na:1.7.0_45]
	at java.lang.Thread.run(Unknown Source) [na:1.7.0_45]
10:58:35.940 [botPool0-bot1] ERROR o.p.MultiBotManager$BotFutureCallback - Bot exited with Exception
java.io.IOException: Unable to connect to the IRC network hitbox.tv (last connection attempt exception attached)
	at org.pircbotx.PircBotX.connect(PircBotX.java:206) ~[pircbotx-2.0.1.jar:na]
	at org.pircbotx.MultiBotManager$BotRunner.call(MultiBotManager.java:219) ~[pircbotx-2.0.1.jar:na]
	at org.pircbotx.MultiBotManager$BotRunner.call(MultiBotManager.java:212) ~[pircbotx-2.0.1.jar:na]
	at java.util.concurrent.FutureTask.run(Unknown Source) [na:1.7.0_45]
	at java.util.concurrent.ThreadPoolExecutor.runWorker(Unknown Source) [na:1.7.0_45]
	at java.util.concurrent.ThreadPoolExecutor$Worker.run(Unknown Source) [na:1.7.0_45]
	at java.lang.Thread.run(Unknown Source) [na:1.7.0_45]
Caused by: java.net.ConnectException: Connection refused: connect
	at java.net.DualStackPlainSocketImpl.connect0(Native Method) ~[na:1.7.0_45]
	at java.net.DualStackPlainSocketImpl.socketConnect(Unknown Source) ~[na:1.7.0_45]
	at java.net.AbstractPlainSocketImpl.doConnect(Unknown Source) ~[na:1.7.0_45]
	at java.net.AbstractPlainSocketImpl.connectToAddress(Unknown Source) ~[na:1.7.0_45]
	at java.net.AbstractPlainSocketImpl.connect(Unknown Source) ~[na:1.7.0_45]
	at java.net.PlainSocketImpl.connect(Unknown Source) ~[na:1.7.0_45]
	at java.net.SocksSocketImpl.connect(Unknown Source) ~[na:1.7.0_45]
	at java.net.Socket.connect(Unknown Source) ~[na:1.7.0_45]
	at java.net.Socket.connect(Unknown Source) ~[na:1.7.0_45]
	at java.net.Socket.<init>(Unknown Source) ~[na:1.7.0_45]
	at java.net.Socket.<init>(Unknown Source) ~[na:1.7.0_45]
	at javax.net.DefaultSocketFactory.createSocket(Unknown Source) ~[na:1.7.0_45]
	at org.pircbotx.PircBotX.connect(PircBotX.java:194) ~[pircbotx-2.0.1.jar:na]
	... 6 common frames omitted
10:58:36.220 [listenerPool0-thread9] INFO  org.pircbotx.output.OutputRaw - PONG tmi.twitch.tv
10:58:37.221 [listenerPool0-thread7] INFO  org.pircbotx.output.OutputRaw - TWITCHCLIENT 1
10:58:38.222 [botPool0-bot0] INFO  org.pircbotx.output.OutputRaw - WHO #irish_00
10:58:39.223 [botPool0-bot0] INFO  org.pircbotx.output.OutputRaw - MODE #irish_00
10:58:39.227 [botPool0-bot0] INFO  org.pircbotx.InputParser - :irish_00.tmi.twitch.tv 353 irish_00 = #irish_00 :irish_00
10:58:39.227 [botPool0-bot0] INFO  org.pircbotx.InputParser - :irish_00.tmi.twitch.tv 366 irish_00 #irish_00 :End of /NAMES list
10:58:39.227 [botPool0-bot0] INFO  org.pircbotx.InputParser - :tmi.twitch.tv 421 irish_00 WHO :Unknown command
