17:55:19.913 [main] INFO  me.jdbener.Bennerbot - Doing some database stuff, give me a moment
17:55:23.350 [main] WARN  me.jdbener.Bennerbot - Waiting for GUI to load
17:55:23.370 [AWT-EventQueue-0] INFO  me.jdbener.Bennerbot - Loading Beggining Tab Loading Sequence
changing progress to: 10
17:55:23.389 [AWT-EventQueue-0] INFO  me.jdbener.Bennerbot - 10
17:55:23.389 [AWT-EventQueue-0] INFO  me.jdbener.Bennerbot - Loading the "General Configuration Tab"
changing progress to: 20
17:55:25.551 [AWT-EventQueue-0] INFO  me.jdbener.Bennerbot - 20
17:55:25.551 [AWT-EventQueue-0] INFO  me.jdbener.Bennerbot - Loading the "Chat Display Tab"
changing progress to: 30
17:55:25.587 [AWT-EventQueue-0] INFO  me.jdbener.Bennerbot - 30
17:55:25.587 [AWT-EventQueue-0] INFO  me.jdbener.Bennerbot - Loading the "Chat Display Window"
changing progress to: 40
17:55:25.608 [AWT-EventQueue-0] INFO  me.jdbener.Bennerbot - 40
17:55:25.608 [AWT-EventQueue-0] INFO  me.jdbener.Bennerbot - Loading the "Chat Moderation Settings Tab"
changing progress to: 50
17:55:25.632 [AWT-EventQueue-0] INFO  me.jdbener.Bennerbot - 50
17:55:25.632 [AWT-EventQueue-0] INFO  me.jdbener.Bennerbot - Loading the "Custom Commands Tab"
changing progress to: 60
17:55:28.726 [AWT-EventQueue-0] INFO  me.jdbener.Bennerbot - 60
17:55:28.727 [AWT-EventQueue-0] INFO  me.jdbener.Bennerbot - Loading the "AutoMessage Tab"
changing progress to: 70
17:55:30.117 [AWT-EventQueue-0] INFO  me.jdbener.Bennerbot - 70
17:55:30.117 [AWT-EventQueue-0] INFO  me.jdbener.Bennerbot - Loading the "Work in Progress Settings Tab"
changing progress to: 80
17:55:30.137 [AWT-EventQueue-0] INFO  me.jdbener.Bennerbot - 80
17:55:30.137 [AWT-EventQueue-0] INFO  me.jdbener.Bennerbot - Loading the "Info Button"
changing progress to: 90
17:55:30.138 [AWT-EventQueue-0] INFO  me.jdbener.Bennerbot - 90
17:55:30.138 [AWT-EventQueue-0] INFO  me.jdbener.Bennerbot - Finished Tab Initiation Squence... Loading Backend
17:55:34.882 [AWT-EventQueue-0] INFO  me.jdbener.Bennerbot - Finished Loading GUI Backend
changing progress to: 100
17:55:34.883 [AWT-EventQueue-0] INFO  me.jdbener.Bennerbot - 100
17:55:34.958 [main] INFO  me.jdbener.Bennerbot - GUI loaded... Continuing with launch sequence
17:55:41.357 [main] INFO  me.jdbener.Bennerbot - Begining plugin loading
17:55:41.444 [main] INFO  me.jdbener.Bennerbot - Finished looking for plugins in: plugins
17:55:41.445 [main] INFO  me.jdbener.Bennerbot - Finished looking for plugins in: plugins/BasicCommands
17:55:41.446 [main] INFO  me.jdbener.Bennerbot - Finished looking for plugins in: plugins/dissabled
17:55:41.447 [main] INFO  me.jdbener.Bennerbot - Beggining pluging loading sequence
17:55:41.448 [main] INFO  me.jdbener.Bennerbot - Finished pluging loading sequence
17:55:41.448 [main] INFO  me.jdbener.Bennerbot - Proceading with BennerBot initiation sequence
17:55:41.448 [main] DEBUG org.pircbotx.MultiBotManager - Not started yet, add to queue
17:55:41.453 [botPool0-bot0] DEBUG org.pircbotx.PircBotX - Trying address irc.twitch.tv/199.9.252.28
17:55:41.494 [botPool0-bot0] INFO  org.pircbotx.PircBotX - Connected to server.
17:55:41.502 [botPool0-bot0] INFO  org.pircbotx.output.OutputRaw - PASS oauth:sccrkekgyzcobf9j7k1kceagfyo7hz4
17:55:41.502 [botPool0-bot0] INFO  org.pircbotx.output.OutputRaw - NICK jdbener
17:55:41.502 [botPool0-bot0] INFO  org.pircbotx.output.OutputRaw - USER BennerBot 8 * :PircBotX 2.0.1, a fork of PircBot, the Java IRC bot - pircbotx.googlecode.com
17:55:41.581 [botPool0-bot0] INFO  org.pircbotx.InputParser - :tmi.twitch.tv 001 jdbener :Welcome, GLHF!
17:55:41.591 [botPool0-bot0] DEBUG org.pircbotx.InputParser - Logged onto server.
17:55:42.503 [botPool0-bot0] INFO  org.pircbotx.output.OutputRaw - JOIN #biogenx2b 
17:55:42.504 [botPool0-bot0] INFO  org.pircbotx.InputParser - :tmi.twitch.tv 002 jdbener :Your host is tmi.twitch.tv
17:55:42.504 [botPool0-bot0] INFO  org.pircbotx.InputParser - :tmi.twitch.tv 003 jdbener :This server is rather new
17:55:42.505 [botPool0-bot0] INFO  org.pircbotx.InputParser - :tmi.twitch.tv 004 jdbener :-
17:55:42.512 [botPool0-bot0] ERROR org.pircbotx.PircBotX - Exception encountered when parsing line
java.lang.IndexOutOfBoundsException: Index: 1, Size: 1
	at java.util.ArrayList.rangeCheck(Unknown Source) ~[na:1.7.0_45]
	at java.util.ArrayList.get(Unknown Source) ~[na:1.7.0_45]
	at org.pircbotx.ServerInfo.parse004(ServerInfo.java:113) ~[pircbotx-2.0.1.jar:na]
	at org.pircbotx.ServerInfo.parse(ServerInfo.java:106) ~[pircbotx-2.0.1.jar:na]
	at org.pircbotx.InputParser.processServerResponse(InputParser.java:709) ~[pircbotx-2.0.1.jar:na]
	at org.pircbotx.InputParser.handleLine(InputParser.java:323) ~[pircbotx-2.0.1.jar:na]
	at org.pircbotx.PircBotX.startLineProcessing(PircBotX.java:275) [pircbotx-2.0.1.jar:na]
	at org.pircbotx.PircBotX.connect(PircBotX.java:236) [pircbotx-2.0.1.jar:na]
	at org.pircbotx.MultiBotManager$BotRunner.call(MultiBotManager.java:219) [pircbotx-2.0.1.jar:na]
	at org.pircbotx.MultiBotManager$BotRunner.call(MultiBotManager.java:212) [pircbotx-2.0.1.jar:na]
	at java.util.concurrent.FutureTask.run(Unknown Source) [na:1.7.0_45]
	at java.util.concurrent.ThreadPoolExecutor.runWorker(Unknown Source) [na:1.7.0_45]
	at java.util.concurrent.ThreadPoolExecutor$Worker.run(Unknown Source) [na:1.7.0_45]
	at java.lang.Thread.run(Unknown Source) [na:1.7.0_45]
17:55:42.512 [botPool0-bot0] INFO  org.pircbotx.InputParser - :tmi.twitch.tv 375 jdbener :-
17:55:42.513 [botPool0-bot0] INFO  org.pircbotx.InputParser - :tmi.twitch.tv 372 jdbener :You are in a maze of twisty passages, all alike.
17:55:42.513 [botPool0-bot0] INFO  org.pircbotx.InputParser - :tmi.twitch.tv 376 jdbener :>
17:55:42.605 [botPool0-bot0] INFO  org.pircbotx.InputParser - :jdbener!jdbener@jdbener.tmi.twitch.tv JOIN #biogenx2b
17:55:43.504 [listenerPool0-thread3] INFO  org.pircbotx.output.OutputRaw - TWITCHCLIENT 1
17:55:44.505 [botPool0-bot0] INFO  org.pircbotx.output.OutputRaw - WHO #biogenx2b
17:55:45.506 [botPool0-bot0] INFO  org.pircbotx.output.OutputRaw - MODE #biogenx2b
17:55:45.509 [botPool0-bot0] INFO  org.pircbotx.InputParser - :jdbener.tmi.twitch.tv 353 jdbener = #biogenx2b :jdbener
17:55:45.510 [botPool0-bot0] INFO  org.pircbotx.InputParser - :jdbener.tmi.twitch.tv 366 jdbener #biogenx2b :End of /NAMES list
17:55:45.510 [botPool0-bot0] INFO  org.pircbotx.InputParser - :tmi.twitch.tv 421 jdbener WHO :Unknown command
17:55:51.029 [botPool0-bot0] INFO  org.pircbotx.InputParser - :jtv PRIVMSG jdbener :USERCOLOR jdbener #1E90FF
17:55:51.031 [botPool0-bot0] INFO  org.pircbotx.InputParser - :jdbener!jdbener@jdbener.tmi.twitch.tv PRIVMSG #biogenx2b :i removed it to fix the spliting by collens
17:56:03.397 [botPool0-bot0] INFO  org.pircbotx.InputParser - :jtv PRIVMSG jdbener :USERCOLOR jdbener #1E90FF
17:56:03.397 [botPool0-bot0] INFO  org.pircbotx.InputParser - :jdbener!jdbener@jdbener.tmi.twitch.tv PRIVMSG #biogenx2b :!usesvariables
17:56:03.402 [listenerPool0-thread7] INFO  org.pircbotx.output.OutputRaw - PRIVMSG #biogenx2b :var
17:56:05.045 [botPool0-bot0] INFO  org.pircbotx.InputParser - :jtv PRIVMSG jdbener :USERCOLOR jdbener #1E90FF
17:56:09.484 [botPool0-bot0] INFO  org.pircbotx.InputParser - :jtv PRIVMSG jdbener :USERCOLOR jdbener #1E90FF
17:56:09.484 [botPool0-bot0] INFO  org.pircbotx.InputParser - :jdbener!jdbener@jdbener.tmi.twitch.tv PRIVMSG #biogenx2b ::O
17:56:31.263 [botPool0-bot0] INFO  org.pircbotx.InputParser - :xanbot!xanbot@xanbot.tmi.twitch.tv JOIN #biogenx2b
17:56:31.264 [botPool0-bot0] INFO  org.pircbotx.InputParser - :vonblack!vonblack@vonblack.tmi.twitch.tv JOIN #biogenx2b
17:56:31.264 [botPool0-bot0] INFO  org.pircbotx.InputParser - :biogenx2b!biogenx2b@biogenx2b.tmi.twitch.tv JOIN #biogenx2b
17:56:31.264 [botPool0-bot0] INFO  org.pircbotx.InputParser - :gwydo!gwydo@gwydo.tmi.twitch.tv JOIN #biogenx2b
17:56:31.265 [botPool0-bot0] INFO  org.pircbotx.InputParser - :moobot!moobot@moobot.tmi.twitch.tv JOIN #biogenx2b
17:56:31.265 [botPool0-bot0] INFO  org.pircbotx.InputParser - :jtv MODE #biogenx2b +o biogenx2b
17:56:31.270 [botPool0-bot0] INFO  org.pircbotx.InputParser - :jtv MODE #biogenx2b +o jdbener
17:56:31.273 [botPool0-bot0] INFO  org.pircbotx.InputParser - :jtv MODE #biogenx2b +o gwydo
17:56:31.273 [botPool0-bot0] INFO  org.pircbotx.InputParser - :jtv MODE #biogenx2b +o moobot
17:56:59.522 [botPool0-bot0] INFO  org.pircbotx.InputParser - :jtv PRIVMSG jdbener :USERCOLOR jdbener #1E90FF
17:56:59.524 [botPool0-bot0] INFO  org.pircbotx.InputParser - :jdbener!jdbener@jdbener.tmi.twitch.tv PRIVMSG #biogenx2b :well thats fixed
17:57:45.422 [botPool0-bot0] INFO  org.pircbotx.InputParser - :jtv PRIVMSG jdbener :USERCOLOR jdbener #1E90FF
17:57:45.425 [botPool0-bot0] INFO  org.pircbotx.InputParser - :jdbener!jdbener@jdbener.tmi.twitch.tv PRIVMSG #biogenx2b :!testthis
17:57:45.426 [listenerPool0-thread49] INFO  org.pircbotx.output.OutputRaw - PRIVMSG #biogenx2b :jdbener << that is a variable
17:57:45.497 [botPool0-bot0] INFO  org.pircbotx.InputParser - :jtv PRIVMSG jdbener :USERCOLOR moobot #FF69B4
17:57:45.499 [botPool0-bot0] INFO  org.pircbotx.InputParser - :jtv PRIVMSG jdbener :EMOTESET moobot [5,27,46,74,105,1083,3911,6144,7080,9161,10164]
17:57:45.500 [botPool0-bot0] INFO  org.pircbotx.InputParser - :moobot!moobot@moobot.tmi.twitch.tv PRIVMSG #biogenx2b :+ Save BIG on Borderlands: The Pre-Sequel: http://g2a.com/r/BLTPS25 •• Far Cry 4: http://g2a.com/r/fcfour •• Warlords of Draenor: http://g2a.com/r/wod40 •• The Sims Medieval: http://g2a.com/r/thesimsmedieval •• Dragon Age: Inquisition http://g2a.com/r/da3discount •• AND MUCH MORE at the G2A store! Use !gs for more info.
17:57:45.588 [botPool0-bot0] INFO  org.pircbotx.InputParser - :jtv PRIVMSG jdbener :USERCOLOR jdbener #1E90FF
17:57:46.428 [listenerPool0-thread59] INFO  org.pircbotx.output.OutputRaw - PRIVMSG #biogenx2b :Moobot has sent a message that is longer than 200 charecters long!
17:57:46.561 [botPool0-bot0] INFO  org.pircbotx.InputParser - :jtv PRIVMSG jdbener :USERCOLOR jdbener #1E90FF
17:57:52.601 [listenerPool0-thread59] INFO  org.pircbotx.output.OutputRaw - PRIVMSG #biogenx2b :Moobot you have: 4 warnings left!
17:57:52.733 [botPool0-bot0] INFO  org.pircbotx.InputParser - :jtv PRIVMSG jdbener :USERCOLOR jdbener #1E90FF
17:58:00.670 [botPool0-bot0] INFO  org.pircbotx.InputParser - :jtv PRIVMSG jdbener :USERCOLOR jdbener #1E90FF
17:58:00.673 [botPool0-bot0] INFO  org.pircbotx.InputParser - :jdbener!jdbener@jdbener.tmi.twitch.tv PRIVMSG #biogenx2b :LMAO
17:58:00.675 [listenerPool0-thread48] INFO  org.pircbotx.output.OutputRaw - PRIVMSG #biogenx2b :Jdbener has sent a message that has an excessive amount of capitalazation!
17:58:00.816 [botPool0-bot0] INFO  org.pircbotx.InputParser - :jtv PRIVMSG jdbener :USERCOLOR jdbener #1E90FF
17:58:06.842 [botPool0-bot0] INFO  org.pircbotx.InputParser - :jtv PRIVMSG jdbener :USERCOLOR jdbener #1E90FF
17:58:06.844 [botPool0-bot0] INFO  org.pircbotx.InputParser - :jdbener!jdbener@jdbener.tmi.twitch.tv PRIVMSG #biogenx2b :well
17:58:08.594 [listenerPool0-thread48] INFO  org.pircbotx.output.OutputRaw - PRIVMSG #biogenx2b :Jdbener you have: 4 warnings left!
17:58:08.703 [botPool0-bot0] INFO  org.pircbotx.InputParser - :jtv PRIVMSG jdbener :USERCOLOR jdbener #1E90FF
17:58:18.802 [botPool0-bot0] INFO  org.pircbotx.InputParser - :jtv PRIVMSG jdbener :USERCOLOR jdbener #1E90FF
17:58:18.803 [botPool0-bot0] INFO  org.pircbotx.InputParser - :jdbener!jdbener@jdbener.tmi.twitch.tv PRIVMSG #biogenx2b :on the bright side moderation is working again :D
