11:13:37.951 [main] WARN  me.jdbener.Bennerbot - Waiting for GUI to load
11:13:37.970 [AWT-EventQueue-0] INFO  me.jdbener.Bennerbot - Loading Beggining Tab Loading Sequence
11:13:37.988 [AWT-EventQueue-0] INFO  me.jdbener.Bennerbot - Loading the "General Configuration Tab"
11:13:39.930 [AWT-EventQueue-0] INFO  me.jdbener.Bennerbot - Loading the "Chat Display Tab"
11:13:39.963 [AWT-EventQueue-0] INFO  me.jdbener.Bennerbot - Loading the "Chat Display Window"
11:13:39.983 [AWT-EventQueue-0] INFO  me.jdbener.Bennerbot - Loading the "Chat Moderation Settings Tab"
11:13:40.004 [AWT-EventQueue-0] INFO  me.jdbener.Bennerbot - Loading the "Custom Commands Tab"
11:13:42.825 [AWT-EventQueue-0] INFO  me.jdbener.Bennerbot - Loading the "AutoMessage Tab"
11:13:44.907 [AWT-EventQueue-0] INFO  me.jdbener.Bennerbot - Loading the "Miscellaneous Settings Tab"
11:13:44.919 [AWT-EventQueue-0] INFO  me.jdbener.Bennerbot - Loading the "Info Button"
11:13:44.920 [AWT-EventQueue-0] INFO  me.jdbener.Bennerbot - Finished Tab Initiation Squence... Loading Backend
11:13:49.523 [AWT-EventQueue-0] INFO  me.jdbener.Bennerbot - Finished Loading GUI Backend
11:13:49.555 [main] INFO  me.jdbener.Bennerbot - GUI loaded... Continuing with launch sequence
11:13:55.851 [main] INFO  me.jdbener.PHitboxBotX.PHitboxBotX - Getting Hitbox server IP: ec2-54-226-192-118.compute-1.amazonaws.com
11:13:56.362 [main] INFO  me.jdbener.PHitboxBotX.PHitboxBotX - Getting connection ID: 9kSE0sgLxu_ZWYafkts7
11:13:56.362 [main] INFO  me.jdbener.PHitboxBotX.PHitboxBotX - Getting your token
11:13:56.619 [main] INFO  me.jdbener.PHitboxBotX.PHitboxBotX - Connecting to hitbox servers...
11:13:58.810 [main] INFO  me.jdbener.PHitboxBotX.PHitboxBotX - Sucessfully Connected... Joined Channel #jdbener
11:13:58.811 [main] INFO  me.jdbener.Bennerbot - Begining plugin loading
11:13:58.884 [main] INFO  me.jdbener.Bennerbot - Finished looking for plugins in: plugins
11:13:58.885 [main] INFO  me.jdbener.Bennerbot - Finished looking for plugins in: plugins/BasicCommands
11:13:58.886 [main] INFO  me.jdbener.Bennerbot - Finished looking for plugins in: plugins/dissabled
11:13:58.887 [main] INFO  me.jdbener.Bennerbot - Beggining pluging loading sequence
11:13:58.888 [main] INFO  me.jdbener.Bennerbot - Finished pluging loading sequence
11:13:58.888 [main] INFO  me.jdbener.Bennerbot - Proceading with BennerBot initiation sequence
11:13:58.888 [main] DEBUG org.pircbotx.MultiBotManager - Not started yet, add to queue
11:13:58.888 [main] DEBUG org.pircbotx.MultiBotManager - Not started yet, add to queue
11:13:58.891 [botPool0-bot0] DEBUG org.pircbotx.PircBotX - Trying address irc.twitch.tv/199.9.249.252
11:13:58.897 [botPool0-bot1] DEBUG org.pircbotx.PircBotX - Trying address hitbox.tv/212.232.25.4
11:13:58.924 [botPool0-bot0] INFO  org.pircbotx.PircBotX - Connected to server.
11:13:58.931 [botPool0-bot0] INFO  org.pircbotx.output.OutputRaw - PASS oauth:sccrkekgyzcobf9j7k1kceagfyo7hz4
11:13:58.932 [botPool0-bot0] INFO  org.pircbotx.output.OutputRaw - NICK jdbener
11:13:58.932 [botPool0-bot0] INFO  org.pircbotx.output.OutputRaw - USER BennerBot 8 * :PircBotX 2.0.1, a fork of PircBot, the Java IRC bot - pircbotx.googlecode.com
11:13:59.048 [botPool0-bot0] INFO  org.pircbotx.InputParser - :tmi.twitch.tv 001 jdbener :Welcome, GLHF!
11:13:59.056 [botPool0-bot0] DEBUG org.pircbotx.InputParser - Logged onto server.
11:13:59.933 [botPool0-bot0] INFO  org.pircbotx.output.OutputRaw - JOIN #jdbener 
11:13:59.934 [botPool0-bot0] INFO  org.pircbotx.InputParser - :tmi.twitch.tv 002 jdbener :Your host is tmi.twitch.tv
11:13:59.935 [botPool0-bot0] INFO  org.pircbotx.InputParser - :tmi.twitch.tv 003 jdbener :This server is rather new
11:13:59.936 [botPool0-bot0] INFO  org.pircbotx.InputParser - :tmi.twitch.tv 004 jdbener :-
11:13:59.942 [botPool0-bot0] ERROR org.pircbotx.PircBotX - Exception encountered when parsing line
java.lang.IndexOutOfBoundsException: Index: 1, Size: 1
	at java.util.ArrayList.rangeCheck(Unknown Source) ~[na:1.7.0_45]
	at java.util.ArrayList.get(Unknown Source) ~[na:1.7.0_45]
	at org.pircbotx.ServerInfo.parse004(ServerInfo.java:113) ~[pircbotx-2.0.1.jar:na]
	at org.pircbotx.ServerInfo.parse(ServerInfo.java:106) ~[pircbotx-2.0.1.jar:na]
	at org.pircbotx.InputParser.processServerResponse(InputParser.java:709) ~[pircbotx-2.0.1.jar:na]
	at org.pircbotx.InputParser.handleLine(InputParser.java:323) ~[pircbotx-2.0.1.jar:na]
	at org.pircbotx.PircBotX.startLineProcessing(PircBotX.java:275) [pircbotx-2.0.1.jar:na]
	at org.pircbotx.PircBotX.connect(PircBotX.java:236) [pircbotx-2.0.1.jar:na]
	at org.pircbotx.MultiBotManager$BotRunner.call(MultiBotManager.java:219) [pircbotx-2.0.1.jar:na]
	at org.pircbotx.MultiBotManager$BotRunner.call(MultiBotManager.java:212) [pircbotx-2.0.1.jar:na]
	at java.util.concurrent.FutureTask.run(Unknown Source) [na:1.7.0_45]
	at java.util.concurrent.ThreadPoolExecutor.runWorker(Unknown Source) [na:1.7.0_45]
	at java.util.concurrent.ThreadPoolExecutor$Worker.run(Unknown Source) [na:1.7.0_45]
	at java.lang.Thread.run(Unknown Source) [na:1.7.0_45]
11:13:59.943 [botPool0-bot0] INFO  org.pircbotx.InputParser - :tmi.twitch.tv 375 jdbener :-
11:13:59.943 [botPool0-bot0] INFO  org.pircbotx.InputParser - :tmi.twitch.tv 372 jdbener :You are in a maze of twisty passages, all alike.
11:13:59.943 [botPool0-bot0] INFO  org.pircbotx.InputParser - :tmi.twitch.tv 376 jdbener :>
11:14:00.241 [botPool0-bot0] INFO  org.pircbotx.InputParser - :jdbener!jdbener@jdbener.tmi.twitch.tv JOIN #jdbener
11:14:00.465 [botPool0-bot1] DEBUG org.pircbotx.PircBotX - Unable to connect to hitbox.tv using the IP address 212.232.25.4, trying to check another address.
java.net.ConnectException: Connection refused: connect
	at java.net.DualStackPlainSocketImpl.connect0(Native Method) ~[na:1.7.0_45]
	at java.net.DualStackPlainSocketImpl.socketConnect(Unknown Source) ~[na:1.7.0_45]
	at java.net.AbstractPlainSocketImpl.doConnect(Unknown Source) ~[na:1.7.0_45]
	at java.net.AbstractPlainSocketImpl.connectToAddress(Unknown Source) ~[na:1.7.0_45]
	at java.net.AbstractPlainSocketImpl.connect(Unknown Source) ~[na:1.7.0_45]
	at java.net.PlainSocketImpl.connect(Unknown Source) ~[na:1.7.0_45]
	at java.net.SocksSocketImpl.connect(Unknown Source) ~[na:1.7.0_45]
	at java.net.Socket.connect(Unknown Source) ~[na:1.7.0_45]
	at java.net.Socket.connect(Unknown Source) ~[na:1.7.0_45]
	at java.net.Socket.<init>(Unknown Source) ~[na:1.7.0_45]
	at java.net.Socket.<init>(Unknown Source) ~[na:1.7.0_45]
	at javax.net.DefaultSocketFactory.createSocket(Unknown Source) ~[na:1.7.0_45]
	at org.pircbotx.PircBotX.connect(PircBotX.java:194) ~[pircbotx-2.0.1.jar:na]
	at org.pircbotx.MultiBotManager$BotRunner.call(MultiBotManager.java:219) [pircbotx-2.0.1.jar:na]
	at org.pircbotx.MultiBotManager$BotRunner.call(MultiBotManager.java:212) [pircbotx-2.0.1.jar:na]
	at java.util.concurrent.FutureTask.run(Unknown Source) [na:1.7.0_45]
	at java.util.concurrent.ThreadPoolExecutor.runWorker(Unknown Source) [na:1.7.0_45]
	at java.util.concurrent.ThreadPoolExecutor$Worker.run(Unknown Source) [na:1.7.0_45]
	at java.lang.Thread.run(Unknown Source) [na:1.7.0_45]
11:14:00.467 [botPool0-bot1] ERROR o.p.MultiBotManager$BotFutureCallback - Bot exited with Exception
java.io.IOException: Unable to connect to the IRC network hitbox.tv (last connection attempt exception attached)
	at org.pircbotx.PircBotX.connect(PircBotX.java:206) ~[pircbotx-2.0.1.jar:na]
	at org.pircbotx.MultiBotManager$BotRunner.call(MultiBotManager.java:219) ~[pircbotx-2.0.1.jar:na]
	at org.pircbotx.MultiBotManager$BotRunner.call(MultiBotManager.java:212) ~[pircbotx-2.0.1.jar:na]
	at java.util.concurrent.FutureTask.run(Unknown Source) [na:1.7.0_45]
	at java.util.concurrent.ThreadPoolExecutor.runWorker(Unknown Source) [na:1.7.0_45]
	at java.util.concurrent.ThreadPoolExecutor$Worker.run(Unknown Source) [na:1.7.0_45]
	at java.lang.Thread.run(Unknown Source) [na:1.7.0_45]
Caused by: java.net.ConnectException: Connection refused: connect
	at java.net.DualStackPlainSocketImpl.connect0(Native Method) ~[na:1.7.0_45]
	at java.net.DualStackPlainSocketImpl.socketConnect(Unknown Source) ~[na:1.7.0_45]
	at java.net.AbstractPlainSocketImpl.doConnect(Unknown Source) ~[na:1.7.0_45]
	at java.net.AbstractPlainSocketImpl.connectToAddress(Unknown Source) ~[na:1.7.0_45]
	at java.net.AbstractPlainSocketImpl.connect(Unknown Source) ~[na:1.7.0_45]
	at java.net.PlainSocketImpl.connect(Unknown Source) ~[na:1.7.0_45]
	at java.net.SocksSocketImpl.connect(Unknown Source) ~[na:1.7.0_45]
	at java.net.Socket.connect(Unknown Source) ~[na:1.7.0_45]
	at java.net.Socket.connect(Unknown Source) ~[na:1.7.0_45]
	at java.net.Socket.<init>(Unknown Source) ~[na:1.7.0_45]
	at java.net.Socket.<init>(Unknown Source) ~[na:1.7.0_45]
	at javax.net.DefaultSocketFactory.createSocket(Unknown Source) ~[na:1.7.0_45]
	at org.pircbotx.PircBotX.connect(PircBotX.java:194) ~[pircbotx-2.0.1.jar:na]
	... 6 common frames omitted
11:14:00.933 [botPool0-bot0] INFO  org.pircbotx.output.OutputRaw - WHO #jdbener
11:14:01.934 [botPool0-bot0] INFO  org.pircbotx.output.OutputRaw - MODE #jdbener
11:14:01.937 [botPool0-bot0] INFO  org.pircbotx.InputParser - :jdbener.tmi.twitch.tv 353 jdbener = #jdbener :jdbener
11:14:01.938 [botPool0-bot0] INFO  org.pircbotx.InputParser - :jdbener.tmi.twitch.tv 366 jdbener #jdbener :End of /NAMES list
11:14:01.939 [botPool0-bot0] INFO  org.pircbotx.InputParser - :tmi.twitch.tv 421 jdbener WHO :Unknown command
11:14:02.705 [botPool0-bot0] INFO  org.pircbotx.InputParser - :gorm_!gorm_@gorm_.tmi.twitch.tv JOIN #jdbener
11:14:02.706 [botPool0-bot0] INFO  org.pircbotx.InputParser - :biogenx2b!biogenx2b@biogenx2b.tmi.twitch.tv JOIN #jdbener
11:14:02.706 [botPool0-bot0] INFO  org.pircbotx.InputParser - :jtv MODE #jdbener +o jdbener
11:14:02.935 [listenerPool0-thread3] INFO  org.pircbotx.output.OutputRaw - TWITCHCLIENT 1
11:14:32.043 [botPool0-bot0] INFO  org.pircbotx.InputParser - :jtv PRIVMSG jdbener :USERCOLOR jdbener #1E90FF
11:14:32.054 [botPool0-bot0] INFO  org.pircbotx.InputParser - :jdbener!jdbener@jdbener.tmi.twitch.tv PRIVMSG #jdbener :!song
11:14:32.774 [listenerPool0-thread1] INFO  org.pircbotx.output.OutputRaw - PRIVMSG #jdbener :hay Jdbener thats, The Ballad of Mona Lisa ~ Panic! at the Disco on Vices & Virtues http://www.last.fm/music/Panic!+at+the+Disco/_/The+Ballad+of+Mona+Lisa
11:14:33.303 [botPool0-bot0] INFO  org.pircbotx.InputParser - :jtv PRIVMSG jdbener :USERCOLOR jdbener #1E90FF
11:14:59.342 [botPool0-bot0] INFO  org.pircbotx.InputParser - :jtv PRIVMSG jdbener :USERCOLOR jdbener #1E90FF
11:14:59.346 [botPool0-bot0] INFO  org.pircbotx.InputParser - :jdbener!jdbener@jdbener.tmi.twitch.tv PRIVMSG #jdbener :!song
11:15:00.326 [listenerPool0-thread12] INFO  org.pircbotx.output.OutputRaw - PRIVMSG #jdbener :hay Jdbener thats, The Ballad of Mona Lisa ~ Panic! at the Disco on The Ballad Of Mona Lisa (Radio Single) http://www.last.fm/music/Panic!+at+the+Disco/_/The+Ballad+of+Mona+Lisa
11:15:00.967 [botPool0-bot0] INFO  org.pircbotx.InputParser - :jtv PRIVMSG jdbener :USERCOLOR jdbener #1E90FF
11:15:10.140 [botPool0-bot0] INFO  org.pircbotx.InputParser - :jtv PRIVMSG jdbener :USERCOLOR jdbener #1E90FF
11:15:10.148 [botPool0-bot0] INFO  org.pircbotx.InputParser - :jdbener!jdbener@jdbener.tmi.twitch.tv PRIVMSG #jdbener :!song
11:15:10.856 [listenerPool0-thread5] INFO  org.pircbotx.output.OutputRaw - PRIVMSG #jdbener :hay Jdbener thats, We Are ~ Thousand Foot Krutch on The End Is Where We Begin http://www.last.fm/music/Thousand+Foot+Krutch/_/We+Are
11:15:11.158 [botPool0-bot0] INFO  org.pircbotx.InputParser - :jtv PRIVMSG jdbener :USERCOLOR jdbener #1E90FF
11:17:59.636 [botPool0-bot0] INFO  org.pircbotx.InputParser - :jtv PRIVMSG jdbener :HOSTTARGET irish_00 3
11:17:59.637 [botPool0-bot0] INFO  org.pircbotx.InputParser - :jtv PRIVMSG jdbener :Now hosting irish_00.
11:18:08.696 [botPool0-bot0] INFO  org.pircbotx.InputParser - :jtv PRIVMSG jdbener :USERCOLOR jdbener #1E90FF
11:18:08.700 [botPool0-bot0] INFO  org.pircbotx.InputParser - :jdbener!jdbener@jdbener.tmi.twitch.tv PRIVMSG #jdbener :http://twitch.tv/irish_00
11:18:14.113 [botPool0-bot0] INFO  org.pircbotx.InputParser - :jtv PRIVMSG jdbener :USERCOLOR jdbener #1E90FF
11:18:14.123 [botPool0-bot0] INFO  org.pircbotx.InputParser - :jdbener!jdbener@jdbener.tmi.twitch.tv PRIVMSG #jdbener :http://twitch.tv/irish_00
11:18:15.198 [botPool0-bot0] INFO  org.pircbotx.InputParser - :jtv PRIVMSG jdbener :USERCOLOR jdbener #1E90FF
11:18:15.200 [botPool0-bot0] INFO  org.pircbotx.InputParser - :jdbener!jdbener@jdbener.tmi.twitch.tv PRIVMSG #jdbener :http://twitch.tv/irish_00
11:18:15.817 [botPool0-bot0] INFO  org.pircbotx.InputParser - :jtv PRIVMSG jdbener :USERCOLOR jdbener #1E90FF
11:18:15.819 [botPool0-bot0] INFO  org.pircbotx.InputParser - :jdbener!jdbener@jdbener.tmi.twitch.tv PRIVMSG #jdbener :http://twitch.tv/irish_00
11:18:16.024 [botPool0-bot0] INFO  org.pircbotx.InputParser - :jtv PRIVMSG jdbener :USERCOLOR jdbener #1E90FF
11:18:16.024 [botPool0-bot0] INFO  org.pircbotx.InputParser - :jdbener!jdbener@jdbener.tmi.twitch.tv PRIVMSG #jdbener :http://twitch.tv/irish_00
11:18:16.510 [botPool0-bot0] INFO  org.pircbotx.InputParser - :daviex!daviex@daviex.tmi.twitch.tv JOIN #jdbener
11:18:17.202 [botPool0-bot0] INFO  org.pircbotx.InputParser - :jtv PRIVMSG jdbener :USERCOLOR jdbener #1E90FF
11:18:17.205 [botPool0-bot0] INFO  org.pircbotx.InputParser - :jdbener!jdbener@jdbener.tmi.twitch.tv PRIVMSG #jdbener :!song
11:18:18.085 [listenerPool0-thread37] INFO  org.pircbotx.output.OutputRaw - PRIVMSG #jdbener :hay Jdbener thats, We Are ~ Thousand Foot Krutch on The End Is Where We Begin http://www.last.fm/music/Thousand+Foot+Krutch/_/We+Are
11:18:18.185 [botPool0-bot0] INFO  org.pircbotx.InputParser - :jtv PRIVMSG jdbener :USERCOLOR jdbener #1E90FF
11:18:21.178 [botPool0-bot0] INFO  org.pircbotx.InputParser - PING :tmi.twitch.tv
11:18:21.178 [listenerPool0-thread39] INFO  org.pircbotx.output.OutputRaw - PONG tmi.twitch.tv
11:18:29.548 [botPool0-bot0] INFO  org.pircbotx.InputParser - :jtv PRIVMSG jdbener :USERCOLOR jdbener #1E90FF
11:18:29.550 [botPool0-bot0] INFO  org.pircbotx.InputParser - :jdbener!jdbener@jdbener.tmi.twitch.tv PRIVMSG #jdbener :!song
11:18:30.634 [listenerPool0-thread28] INFO  org.pircbotx.output.OutputRaw - PRIVMSG #jdbener :hay Jdbener thats, Round and Round ~ Imagine Dragons on Night Visions http://www.last.fm/music/Imagine+Dragons/_/Round+and+Round
11:18:30.759 [botPool0-bot0] INFO  org.pircbotx.InputParser - :jtv PRIVMSG jdbener :USERCOLOR jdbener #1E90FF
11:18:35.947 [bot3-shutdownhook] INFO  org.pircbotx.output.OutputRaw - QUIT :
11:18:35.955 [bot3-shutdownhook] WARN  org.pircbotx.Channel - Channel #jdbener mode '' is stale
11:18:35.972 [bot3-shutdownhook] WARN  org.pircbotx.Channel - Channel #jdbener mode '' is stale
11:18:35.977 [bot3-shutdownhook] INFO  org.pircbotx.dcc.DccHandler - Terminating all transfers waiting to be accepted
11:18:35.977 [botPool0-bot0] INFO  org.pircbotx.PircBotX - Shutdown has been called, closing InputParser
11:18:35.977 [botPool0-bot0] DEBUG o.p.MultiBotManager$BotFutureCallback - Bot #0 finished
11:18:35.978 [bot3-shutdownhook] DEBUG org.pircbotx.PircBotX - Disconnected.
11:18:35.978 [bot3-shutdownhook] DEBUG o.p.h.m.ThreadedListenerManager - Waiting for listener me.jdbener.Cleaner@531d1aa6 to execute event MessageEvent(channel=Channel(name=#jdbener, channelId=0faa20ed-a5af-42a0-a639-b7611d1164cc, dao=org.pircbotx.UserChannelDao@1b70d03a, bot=Version{PircBotX 2.0.1, a fork of PircBot, the Java IRC bot - pircbotx.googlecode.com} Connected{false} Server{irc.twitch.tv} Port{6667} Password{oauth:sccrkekgyzcobf9j7k1kceagfyo7hz4}, output=org.pircbotx.Channel$1@b769de9, mode=, topic=, topicTimestamp=0, createTimestamp=0, topicSetter=, moderated=false, noExternalMessages=false, inviteOnly=false, secret=false, channelPrivate=false, topicProtection=false, channelLimit=-1, channelKey=null, modeStale=true, modeLatch=null), user=User(bot=Version{PircBotX 2.0.1, a fork of PircBot, the Java IRC bot - pircbotx.googlecode.com} Connected{false} Server{irc.twitch.tv} Port{6667} Password{oauth:sccrkekgyzcobf9j7k1kceagfyo7hz4}, dao=org.pircbotx.UserChannelDao@1b70d03a, userId=08a75214-d00b-4209-b3bc-95eb58d0b202, output=org.pircbotx.User$1@187931e0, nick=jdbener, realName=, login=jdbener, hostmask=jdbener.tmi.twitch.tv, awayMessage=null, ircop=false, server=, hops=0), message=http://twitch.tv/irish_00)
11:18:37.007 [bot3-shutdownhook] DEBUG o.p.h.m.ThreadedListenerManager - Waiting for listener me.jdbener.Cleaner@531d1aa6 to execute event MessageEvent(channel=Channel(name=#jdbener, channelId=0faa20ed-a5af-42a0-a639-b7611d1164cc, dao=org.pircbotx.UserChannelDao@1b70d03a, bot=Version{PircBotX 2.0.1, a fork of PircBot, the Java IRC bot - pircbotx.googlecode.com} Connected{false} Server{irc.twitch.tv} Port{6667} Password{oauth:sccrkekgyzcobf9j7k1kceagfyo7hz4}, output=org.pircbotx.Channel$1@b769de9, mode=, topic=, topicTimestamp=0, createTimestamp=0, topicSetter=, moderated=false, noExternalMessages=false, inviteOnly=false, secret=false, channelPrivate=false, topicProtection=false, channelLimit=-1, channelKey=null, modeStale=true, modeLatch=null), user=User(bot=Version{PircBotX 2.0.1, a fork of PircBot, the Java IRC bot - pircbotx.googlecode.com} Connected{false} Server{irc.twitch.tv} Port{6667} Password{oauth:sccrkekgyzcobf9j7k1kceagfyo7hz4}, dao=org.pircbotx.UserChannelDao@1b70d03a, userId=08a75214-d00b-4209-b3bc-95eb58d0b202, output=org.pircbotx.User$1@187931e0, nick=jdbener, realName=, login=jdbener, hostmask=jdbener.tmi.twitch.tv, awayMessage=null, ircop=false, server=, hops=0), message=http://twitch.tv/irish_00)
11:18:37.592 [bot3-shutdownhook] DEBUG o.p.h.m.ThreadedListenerManager - Waiting for listener me.jdbener.Cleaner@531d1aa6 to execute event MessageEvent(channel=Channel(name=#jdbener, channelId=0faa20ed-a5af-42a0-a639-b7611d1164cc, dao=org.pircbotx.UserChannelDao@1b70d03a, bot=Version{PircBotX 2.0.1, a fork of PircBot, the Java IRC bot - pircbotx.googlecode.com} Connected{false} Server{irc.twitch.tv} Port{6667} Password{oauth:sccrkekgyzcobf9j7k1kceagfyo7hz4}, output=org.pircbotx.Channel$1@b769de9, mode=, topic=, topicTimestamp=0, createTimestamp=0, topicSetter=, moderated=false, noExternalMessages=false, inviteOnly=false, secret=false, channelPrivate=false, topicProtection=false, channelLimit=-1, channelKey=null, modeStale=true, modeLatch=null), user=User(bot=Version{PircBotX 2.0.1, a fork of PircBot, the Java IRC bot - pircbotx.googlecode.com} Connected{false} Server{irc.twitch.tv} Port{6667} Password{oauth:sccrkekgyzcobf9j7k1kceagfyo7hz4}, dao=org.pircbotx.UserChannelDao@1b70d03a, userId=08a75214-d00b-4209-b3bc-95eb58d0b202, output=org.pircbotx.User$1@187931e0, nick=jdbener, realName=, login=jdbener, hostmask=jdbener.tmi.twitch.tv, awayMessage=null, ircop=false, server=, hops=0), message=!song)
11:18:38.697 [bot3-shutdownhook] DEBUG o.p.h.m.ThreadedListenerManager - Waiting for listener me.jdbener.Cleaner@531d1aa6 to execute event MessageEvent(channel=Channel(name=#jdbener, channelId=0faa20ed-a5af-42a0-a639-b7611d1164cc, dao=org.pircbotx.UserChannelDao@1b70d03a, bot=Version{PircBotX 2.0.1, a fork of PircBot, the Java IRC bot - pircbotx.googlecode.com} Connected{false} Server{irc.twitch.tv} Port{6667} Password{oauth:sccrkekgyzcobf9j7k1kceagfyo7hz4}, output=org.pircbotx.Channel$1@b769de9, mode=, topic=, topicTimestamp=0, createTimestamp=0, topicSetter=, moderated=false, noExternalMessages=false, inviteOnly=false, secret=false, channelPrivate=false, topicProtection=false, channelLimit=-1, channelKey=null, modeStale=true, modeLatch=null), user=User(bot=Version{PircBotX 2.0.1, a fork of PircBot, the Java IRC bot - pircbotx.googlecode.com} Connected{false} Server{irc.twitch.tv} Port{6667} Password{oauth:sccrkekgyzcobf9j7k1kceagfyo7hz4}, dao=org.pircbotx.UserChannelDao@1b70d03a, userId=08a75214-d00b-4209-b3bc-95eb58d0b202, output=org.pircbotx.User$1@187931e0, nick=jdbener, realName=, login=jdbener, hostmask=jdbener.tmi.twitch.tv, awayMessage=null, ircop=false, server=, hops=0), message=!song)
11:18:41.603 [bot3-shutdownhook] DEBUG o.p.h.m.ThreadedListenerManager - Waiting for listener me.jdbener.apis.lastfm.LastfmNowPlaying@1b06f28e to execute event DisconnectEvent(daoSnapshot=org.pircbotx.snapshot.UserChannelDaoSnapshot@b043a3, disconnectException=null)
11:18:41.603 [bot3-shutdownhook] DEBUG o.p.h.m.ThreadedListenerManager - Waiting for listener me.jdbener.utilities.AutoMessageHandeler@16d29dd9 to execute event DisconnectEvent(daoSnapshot=org.pircbotx.snapshot.UserChannelDaoSnapshot@b043a3, disconnectException=null)
