10:09:49.715 [main] INFO  me.jdbener.Bennerbot - Doing some database stuff, give me a moment
10:09:53.134 [main] WARN  me.jdbener.Bennerbot - Waiting for GUI to load
10:09:53.162 [AWT-EventQueue-0] INFO  me.jdbener.Bennerbot - Loading Beggining Tab Loading Sequence
10:09:53.182 [AWT-EventQueue-0] INFO  me.jdbener.Bennerbot - Loading the "General Configuration Tab"
10:09:55.156 [AWT-EventQueue-0] INFO  me.jdbener.Bennerbot - Loading the "Chat Display Tab"
10:09:55.195 [AWT-EventQueue-0] INFO  me.jdbener.Bennerbot - Loading the "Chat Display Window"
10:09:55.218 [AWT-EventQueue-0] INFO  me.jdbener.Bennerbot - Loading the "Chat Moderation Settings Tab"
10:09:55.240 [AWT-EventQueue-0] INFO  me.jdbener.Bennerbot - Loading the "Custom Commands Tab"
10:09:57.724 [AWT-EventQueue-0] INFO  me.jdbener.Bennerbot - Loading the "AutoMessage Tab"
10:09:59.250 [AWT-EventQueue-0] INFO  me.jdbener.Bennerbot - Loading the "Work in Progress Settings Tab"
10:09:59.269 [AWT-EventQueue-0] INFO  me.jdbener.Bennerbot - Loading the "Info Button"
10:09:59.270 [AWT-EventQueue-0] INFO  me.jdbener.Bennerbot - Finished Tab Initiation Squence... Loading Backend
10:10:03.532 [AWT-EventQueue-0] INFO  me.jdbener.Bennerbot - Finished Loading GUI Backend
10:10:03.553 [main] INFO  me.jdbener.Bennerbot - GUI loaded... Continuing with launch sequence
10:10:10.364 [main] INFO  me.jdbener.PHitboxBotX.PHitboxBotX - Getting Hitbox server IP: ec2-54-87-101-9.compute-1.amazonaws.com
10:10:10.997 [main] INFO  me.jdbener.PHitboxBotX.PHitboxBotX - Getting connection ID: mXcQqlIcKStOW77ZnWKT
10:10:10.997 [main] INFO  me.jdbener.PHitboxBotX.PHitboxBotX - Getting your token
10:10:11.258 [main] INFO  me.jdbener.PHitboxBotX.PHitboxBotX - Connecting to hitbox servers...
10:10:13.464 [main] INFO  me.jdbener.PHitboxBotX.PHitboxBotX - Sucessfully Connected... Joined Channel #jdbener
10:10:13.465 [main] INFO  me.jdbener.Bennerbot - Begining plugin loading
10:10:13.565 [main] INFO  me.jdbener.Bennerbot - Finished looking for plugins in: plugins
10:10:13.566 [main] INFO  me.jdbener.Bennerbot - Finished looking for plugins in: plugins/BasicCommands
10:10:13.567 [main] INFO  me.jdbener.Bennerbot - Finished looking for plugins in: plugins/dissabled
10:10:13.569 [main] INFO  me.jdbener.Bennerbot - Beggining pluging loading sequence
10:10:13.569 [main] INFO  me.jdbener.Bennerbot - Finished pluging loading sequence
10:10:13.569 [main] INFO  me.jdbener.Bennerbot - Proceading with BennerBot initiation sequence
10:10:13.569 [main] DEBUG org.pircbotx.MultiBotManager - Not started yet, add to queue
10:10:13.569 [main] DEBUG org.pircbotx.MultiBotManager - Not started yet, add to queue
10:10:13.578 [botPool0-bot0] DEBUG org.pircbotx.PircBotX - Trying address irc.twitch.tv/199.9.250.239
10:10:13.607 [botPool0-bot0] INFO  org.pircbotx.PircBotX - Connected to server.
10:10:13.609 [botPool0-bot1] DEBUG org.pircbotx.PircBotX - Trying address hitbox.tv/212.232.25.4
10:10:13.614 [botPool0-bot0] INFO  org.pircbotx.output.OutputRaw - PASS oauth:sccrkekgyzcobf9j7k1kceagfyo7hz4
10:10:13.615 [botPool0-bot0] INFO  org.pircbotx.output.OutputRaw - NICK jdbener
10:10:13.615 [botPool0-bot0] INFO  org.pircbotx.output.OutputRaw - USER BennerBot 8 * :PircBotX 2.0.1, a fork of PircBot, the Java IRC bot - pircbotx.googlecode.com
10:10:13.686 [botPool0-bot0] INFO  org.pircbotx.InputParser - :tmi.twitch.tv 001 jdbener :Welcome, GLHF!
10:10:13.694 [botPool0-bot0] DEBUG org.pircbotx.InputParser - Logged onto server.
10:10:14.616 [listenerPool0-thread2] INFO  org.pircbotx.output.OutputRaw - TWITCHCLIENT 1
10:10:15.211 [botPool0-bot1] DEBUG org.pircbotx.PircBotX - Unable to connect to hitbox.tv using the IP address 212.232.25.4, trying to check another address.
java.net.ConnectException: Connection refused: connect
	at java.net.DualStackPlainSocketImpl.connect0(Native Method) ~[na:1.7.0_45]
	at java.net.DualStackPlainSocketImpl.socketConnect(Unknown Source) ~[na:1.7.0_45]
	at java.net.AbstractPlainSocketImpl.doConnect(Unknown Source) ~[na:1.7.0_45]
	at java.net.AbstractPlainSocketImpl.connectToAddress(Unknown Source) ~[na:1.7.0_45]
	at java.net.AbstractPlainSocketImpl.connect(Unknown Source) ~[na:1.7.0_45]
	at java.net.PlainSocketImpl.connect(Unknown Source) ~[na:1.7.0_45]
	at java.net.SocksSocketImpl.connect(Unknown Source) ~[na:1.7.0_45]
	at java.net.Socket.connect(Unknown Source) ~[na:1.7.0_45]
	at java.net.Socket.connect(Unknown Source) ~[na:1.7.0_45]
	at java.net.Socket.<init>(Unknown Source) ~[na:1.7.0_45]
	at java.net.Socket.<init>(Unknown Source) ~[na:1.7.0_45]
	at javax.net.DefaultSocketFactory.createSocket(Unknown Source) ~[na:1.7.0_45]
	at org.pircbotx.PircBotX.connect(PircBotX.java:194) ~[pircbotx-2.0.1.jar:na]
	at org.pircbotx.MultiBotManager$BotRunner.call(MultiBotManager.java:219) [pircbotx-2.0.1.jar:na]
	at org.pircbotx.MultiBotManager$BotRunner.call(MultiBotManager.java:212) [pircbotx-2.0.1.jar:na]
	at java.util.concurrent.FutureTask.run(Unknown Source) [na:1.7.0_45]
	at java.util.concurrent.ThreadPoolExecutor.runWorker(Unknown Source) [na:1.7.0_45]
	at java.util.concurrent.ThreadPoolExecutor$Worker.run(Unknown Source) [na:1.7.0_45]
	at java.lang.Thread.run(Unknown Source) [na:1.7.0_45]
10:10:15.213 [botPool0-bot1] ERROR o.p.MultiBotManager$BotFutureCallback - Bot exited with Exception
java.io.IOException: Unable to connect to the IRC network hitbox.tv (last connection attempt exception attached)
	at org.pircbotx.PircBotX.connect(PircBotX.java:206) ~[pircbotx-2.0.1.jar:na]
	at org.pircbotx.MultiBotManager$BotRunner.call(MultiBotManager.java:219) ~[pircbotx-2.0.1.jar:na]
	at org.pircbotx.MultiBotManager$BotRunner.call(MultiBotManager.java:212) ~[pircbotx-2.0.1.jar:na]
	at java.util.concurrent.FutureTask.run(Unknown Source) [na:1.7.0_45]
	at java.util.concurrent.ThreadPoolExecutor.runWorker(Unknown Source) [na:1.7.0_45]
	at java.util.concurrent.ThreadPoolExecutor$Worker.run(Unknown Source) [na:1.7.0_45]
	at java.lang.Thread.run(Unknown Source) [na:1.7.0_45]
Caused by: java.net.ConnectException: Connection refused: connect
	at java.net.DualStackPlainSocketImpl.connect0(Native Method) ~[na:1.7.0_45]
	at java.net.DualStackPlainSocketImpl.socketConnect(Unknown Source) ~[na:1.7.0_45]
	at java.net.AbstractPlainSocketImpl.doConnect(Unknown Source) ~[na:1.7.0_45]
	at java.net.AbstractPlainSocketImpl.connectToAddress(Unknown Source) ~[na:1.7.0_45]
	at java.net.AbstractPlainSocketImpl.connect(Unknown Source) ~[na:1.7.0_45]
	at java.net.PlainSocketImpl.connect(Unknown Source) ~[na:1.7.0_45]
	at java.net.SocksSocketImpl.connect(Unknown Source) ~[na:1.7.0_45]
	at java.net.Socket.connect(Unknown Source) ~[na:1.7.0_45]
	at java.net.Socket.connect(Unknown Source) ~[na:1.7.0_45]
	at java.net.Socket.<init>(Unknown Source) ~[na:1.7.0_45]
	at java.net.Socket.<init>(Unknown Source) ~[na:1.7.0_45]
	at javax.net.DefaultSocketFactory.createSocket(Unknown Source) ~[na:1.7.0_45]
	at org.pircbotx.PircBotX.connect(PircBotX.java:194) ~[pircbotx-2.0.1.jar:na]
	... 6 common frames omitted
10:10:15.617 [botPool0-bot0] INFO  org.pircbotx.output.OutputRaw - JOIN #jdbener 
10:10:15.618 [botPool0-bot0] INFO  org.pircbotx.InputParser - :tmi.twitch.tv 002 jdbener :Your host is tmi.twitch.tv
10:10:15.619 [botPool0-bot0] INFO  org.pircbotx.InputParser - :tmi.twitch.tv 003 jdbener :This server is rather new
10:10:15.619 [botPool0-bot0] INFO  org.pircbotx.InputParser - :tmi.twitch.tv 004 jdbener :-
10:10:15.620 [botPool0-bot0] ERROR org.pircbotx.PircBotX - Exception encountered when parsing line
java.lang.IndexOutOfBoundsException: Index: 1, Size: 1
	at java.util.ArrayList.rangeCheck(Unknown Source) ~[na:1.7.0_45]
	at java.util.ArrayList.get(Unknown Source) ~[na:1.7.0_45]
	at org.pircbotx.ServerInfo.parse004(ServerInfo.java:113) ~[pircbotx-2.0.1.jar:na]
	at org.pircbotx.ServerInfo.parse(ServerInfo.java:106) ~[pircbotx-2.0.1.jar:na]
	at org.pircbotx.InputParser.processServerResponse(InputParser.java:709) ~[pircbotx-2.0.1.jar:na]
	at org.pircbotx.InputParser.handleLine(InputParser.java:323) ~[pircbotx-2.0.1.jar:na]
	at org.pircbotx.PircBotX.startLineProcessing(PircBotX.java:275) [pircbotx-2.0.1.jar:na]
	at org.pircbotx.PircBotX.connect(PircBotX.java:236) [pircbotx-2.0.1.jar:na]
	at org.pircbotx.MultiBotManager$BotRunner.call(MultiBotManager.java:219) [pircbotx-2.0.1.jar:na]
	at org.pircbotx.MultiBotManager$BotRunner.call(MultiBotManager.java:212) [pircbotx-2.0.1.jar:na]
	at java.util.concurrent.FutureTask.run(Unknown Source) [na:1.7.0_45]
	at java.util.concurrent.ThreadPoolExecutor.runWorker(Unknown Source) [na:1.7.0_45]
	at java.util.concurrent.ThreadPoolExecutor$Worker.run(Unknown Source) [na:1.7.0_45]
	at java.lang.Thread.run(Unknown Source) [na:1.7.0_45]
10:10:15.620 [botPool0-bot0] INFO  org.pircbotx.InputParser - :tmi.twitch.tv 375 jdbener :-
10:10:15.620 [botPool0-bot0] INFO  org.pircbotx.InputParser - :tmi.twitch.tv 372 jdbener :You are in a maze of twisty passages, all alike.
10:10:15.621 [botPool0-bot0] INFO  org.pircbotx.InputParser - :tmi.twitch.tv 376 jdbener :>
10:10:15.743 [botPool0-bot0] INFO  org.pircbotx.InputParser - :jdbener!jdbener@jdbener.tmi.twitch.tv JOIN #jdbener
10:10:16.618 [botPool0-bot0] INFO  org.pircbotx.output.OutputRaw - WHO #jdbener
10:10:17.619 [botPool0-bot0] INFO  org.pircbotx.output.OutputRaw - MODE #jdbener
10:10:17.622 [botPool0-bot0] INFO  org.pircbotx.InputParser - :jdbener.tmi.twitch.tv 353 jdbener = #jdbener :jdbener
10:10:17.625 [botPool0-bot0] INFO  org.pircbotx.InputParser - :jdbener.tmi.twitch.tv 366 jdbener #jdbener :End of /NAMES list
10:10:17.625 [botPool0-bot0] INFO  org.pircbotx.InputParser - :jtv!jtv@jtv.tmi.twitch.tv PRIVMSG jdbener :USERCOLOR jdbener #1E90FF
10:10:17.626 [botPool0-bot0] INFO  org.pircbotx.InputParser - :jtv!jtv@jtv.tmi.twitch.tv PRIVMSG jdbener :HISTORYEND jdbener
10:10:17.626 [botPool0-bot0] INFO  org.pircbotx.InputParser - :tmi.twitch.tv 421 jdbener WHO :Unknown command
10:10:41.791 [botPool0-bot0] INFO  org.pircbotx.InputParser - :biogenx2b!biogenx2b@biogenx2b.tmi.twitch.tv JOIN #jdbener
10:10:41.791 [botPool0-bot0] INFO  org.pircbotx.InputParser - :jtv MODE #jdbener +o jdbener
