10:11:48.445 [main] INFO  me.jdbener.Bennerbot - Doing some database stuff, give me a moment
10:11:51.495 [main] WARN  me.jdbener.Bennerbot - Waiting for GUI to load
10:11:51.516 [AWT-EventQueue-0] INFO  me.jdbener.Bennerbot - Loading Beggining Tab Loading Sequence
10:11:51.535 [AWT-EventQueue-0] INFO  me.jdbener.Bennerbot - Loading the "General Configuration Tab"
10:11:53.311 [AWT-EventQueue-0] INFO  me.jdbener.Bennerbot - Loading the "Chat Display Tab"
10:11:53.345 [AWT-EventQueue-0] INFO  me.jdbener.Bennerbot - Loading the "Chat Display Window"
10:11:53.370 [AWT-EventQueue-0] INFO  me.jdbener.Bennerbot - Loading the "Chat Moderation Settings Tab"
10:11:53.406 [AWT-EventQueue-0] INFO  me.jdbener.Bennerbot - Loading the "Custom Commands Tab"
10:11:55.841 [AWT-EventQueue-0] INFO  me.jdbener.Bennerbot - Loading the "AutoMessage Tab"
10:11:57.282 [AWT-EventQueue-0] INFO  me.jdbener.Bennerbot - Loading the "Work in Progress Settings Tab"
10:11:57.289 [AWT-EventQueue-0] INFO  me.jdbener.Bennerbot - Loading the "Info Button"
10:11:57.290 [AWT-EventQueue-0] INFO  me.jdbener.Bennerbot - Finished Tab Initiation Squence... Loading Backend
10:12:01.032 [AWT-EventQueue-0] INFO  me.jdbener.Bennerbot - Finished Loading GUI Backend
10:12:01.099 [main] INFO  me.jdbener.Bennerbot - GUI loaded... Continuing with launch sequence
10:12:07.006 [main] INFO  me.jdbener.PHitboxBotX.PHitboxBotX - Getting Hitbox server IP: ec2-54-211-95-56.compute-1.amazonaws.com
10:12:07.589 [main] INFO  me.jdbener.PHitboxBotX.PHitboxBotX - Getting connection ID: hx-h4LpdN6yOd6W6sSuL
10:12:07.589 [main] INFO  me.jdbener.PHitboxBotX.PHitboxBotX - Getting your token
10:12:07.915 [main] INFO  me.jdbener.PHitboxBotX.PHitboxBotX - Connecting to hitbox servers...
10:12:10.221 [main] INFO  me.jdbener.PHitboxBotX.PHitboxBotX - Sucessfully Connected... Joined Channel #jdbener
10:12:10.222 [main] INFO  me.jdbener.Bennerbot - Begining plugin loading
10:12:10.300 [main] INFO  me.jdbener.Bennerbot - Finished looking for plugins in: plugins
10:12:10.301 [main] INFO  me.jdbener.Bennerbot - Finished looking for plugins in: plugins/BasicCommands
10:12:10.302 [main] INFO  me.jdbener.Bennerbot - Finished looking for plugins in: plugins/dissabled
10:12:10.303 [main] INFO  me.jdbener.Bennerbot - Beggining pluging loading sequence
10:12:10.303 [main] INFO  me.jdbener.Bennerbot - Finished pluging loading sequence
10:12:10.303 [main] INFO  me.jdbener.Bennerbot - Proceading with BennerBot initiation sequence
10:12:10.304 [main] DEBUG org.pircbotx.PircBotX - Trying address irc.twitch.tv/199.9.249.252
10:12:10.353 [main] INFO  org.pircbotx.PircBotX - Connected to server.
10:12:10.361 [main] INFO  org.pircbotx.output.OutputRaw - PASS oauth:b04xqi37wbxwjrdyw268xvhumtamsm
10:12:10.361 [main] INFO  org.pircbotx.output.OutputRaw - NICK jdbener
10:12:10.361 [main] INFO  org.pircbotx.output.OutputRaw - USER BennerBot 8 * :PircBotX 2.0.1, a fork of PircBot, the Java IRC bot - pircbotx.googlecode.com
10:12:10.804 [main] INFO  org.pircbotx.InputParser - :tmi.twitch.tv 001 jdbener :Welcome, GLHF!
10:12:10.811 [main] DEBUG org.pircbotx.InputParser - Logged onto server.
10:12:11.363 [listenerPool0-thread8] INFO  org.pircbotx.output.OutputRaw - TWITCHCLIENT 1
10:12:12.364 [main] INFO  org.pircbotx.output.OutputRaw - JOIN #jdbener 
10:12:12.365 [main] INFO  org.pircbotx.InputParser - :tmi.twitch.tv 002 jdbener :Your host is tmi.twitch.tv
10:12:12.365 [main] INFO  org.pircbotx.InputParser - :tmi.twitch.tv 003 jdbener :This server is rather new
10:12:12.365 [main] INFO  org.pircbotx.InputParser - :tmi.twitch.tv 004 jdbener :-
10:12:12.371 [main] ERROR org.pircbotx.PircBotX - Exception encountered when parsing line
java.lang.IndexOutOfBoundsException: Index: 1, Size: 1
	at java.util.ArrayList.rangeCheck(Unknown Source) ~[na:1.7.0_45]
	at java.util.ArrayList.get(Unknown Source) ~[na:1.7.0_45]
	at org.pircbotx.ServerInfo.parse004(ServerInfo.java:113) ~[pircbotx-2.0.1.jar:na]
	at org.pircbotx.ServerInfo.parse(ServerInfo.java:106) ~[pircbotx-2.0.1.jar:na]
	at org.pircbotx.InputParser.processServerResponse(InputParser.java:709) ~[pircbotx-2.0.1.jar:na]
	at org.pircbotx.InputParser.handleLine(InputParser.java:323) ~[pircbotx-2.0.1.jar:na]
	at org.pircbotx.PircBotX.startLineProcessing(PircBotX.java:275) [pircbotx-2.0.1.jar:na]
	at org.pircbotx.PircBotX.connect(PircBotX.java:236) [pircbotx-2.0.1.jar:na]
	at org.pircbotx.PircBotX.startBot(PircBotX.java:151) [pircbotx-2.0.1.jar:na]
	at me.jdbener.Bennerbot.<init>(Bennerbot.java:326) [bin/:na]
	at me.jdbener.Bennerbot.main(Bennerbot.java:246) [bin/:na]
10:12:12.372 [main] INFO  org.pircbotx.InputParser - :tmi.twitch.tv 375 jdbener :-
10:12:12.373 [main] INFO  org.pircbotx.InputParser - :tmi.twitch.tv 372 jdbener :You are in a maze of twisty passages, all alike.
10:12:12.373 [main] INFO  org.pircbotx.InputParser - :tmi.twitch.tv 376 jdbener :>
10:12:12.577 [main] INFO  org.pircbotx.InputParser - :jdbener!jdbener@jdbener.tmi.twitch.tv JOIN #jdbener
10:12:13.365 [main] INFO  org.pircbotx.output.OutputRaw - WHO #jdbener
10:12:14.366 [main] INFO  org.pircbotx.output.OutputRaw - MODE #jdbener
10:12:14.370 [main] INFO  org.pircbotx.InputParser - :jdbener.tmi.twitch.tv 353 jdbener = #jdbener :jdbener
10:12:14.371 [main] INFO  org.pircbotx.InputParser - :jdbener.tmi.twitch.tv 366 jdbener #jdbener :End of /NAMES list
10:12:14.372 [main] INFO  org.pircbotx.InputParser - :jtv!jtv@jtv.tmi.twitch.tv PRIVMSG jdbener :USERCOLOR jdbener #1E90FF
10:12:14.372 [main] INFO  org.pircbotx.InputParser - :jtv!jtv@jtv.tmi.twitch.tv PRIVMSG jdbener :HISTORYEND jdbener
10:12:14.373 [main] INFO  org.pircbotx.InputParser - :tmi.twitch.tv 421 jdbener WHO :Unknown command
10:13:08.977 [main] INFO  org.pircbotx.InputParser - :nuttymrbubbles!nuttymrbubbles@nuttymrbubbles.tmi.twitch.tv JOIN #jdbener
10:13:08.977 [main] INFO  org.pircbotx.InputParser - :biogenx2b!biogenx2b@biogenx2b.tmi.twitch.tv JOIN #jdbener
10:13:08.977 [main] INFO  org.pircbotx.InputParser - :jtv MODE #jdbener +o jdbener
10:13:38.030 [bot3-shutdownhook] INFO  org.pircbotx.output.OutputRaw - QUIT :
10:13:38.040 [bot3-shutdownhook] WARN  org.pircbotx.Channel - Channel #jdbener mode '' is stale
10:13:38.059 [bot3-shutdownhook] WARN  org.pircbotx.Channel - Channel #jdbener mode '' is stale
10:13:38.063 [bot3-shutdownhook] INFO  org.pircbotx.dcc.DccHandler - Terminating all transfers waiting to be accepted
10:13:38.063 [main] INFO  org.pircbotx.PircBotX - Shutdown has been called, closing InputParser
10:13:38.063 [bot3-shutdownhook] DEBUG org.pircbotx.PircBotX - Disconnected.
10:13:38.130 [main] DEBUG org.pircbotx.PircBotX - Trying address hitbox.tv/212.232.25.4
