10:09:33.808 [main] INFO  me.jdbener.Bennerbot - Doing some database stuff, give me a moment
10:09:37.143 [main] WARN  me.jdbener.Bennerbot - Waiting for GUI to load
10:09:37.165 [AWT-EventQueue-0] INFO  me.jdbener.Bennerbot - Loading Beggining Tab Loading Sequence
10:09:37.182 [AWT-EventQueue-0] INFO  me.jdbener.Bennerbot - Loading the "General Configuration Tab"
10:09:38.728 [AWT-EventQueue-0] INFO  me.jdbener.Bennerbot - Loading the "Chat Display Tab"
10:09:38.765 [AWT-EventQueue-0] INFO  me.jdbener.Bennerbot - Loading the "Chat Display Window"
10:09:38.786 [AWT-EventQueue-0] INFO  me.jdbener.Bennerbot - Loading the "Chat Moderation Settings Tab"
10:09:38.818 [AWT-EventQueue-0] INFO  me.jdbener.Bennerbot - Loading the "Custom Commands Tab"
10:09:41.809 [AWT-EventQueue-0] INFO  me.jdbener.Bennerbot - Loading the "AutoMessage Tab"
10:09:43.557 [AWT-EventQueue-0] INFO  me.jdbener.Bennerbot - Loading the "Work in Progress Settings Tab"
10:09:43.564 [AWT-EventQueue-0] INFO  me.jdbener.Bennerbot - Loading the "Info Button"
10:09:43.565 [AWT-EventQueue-0] INFO  me.jdbener.Bennerbot - Finished Tab Initiation Squence... Loading Backend
10:09:47.662 [AWT-EventQueue-0] INFO  me.jdbener.Bennerbot - Finished Loading GUI Backend
10:09:47.746 [main] INFO  me.jdbener.Bennerbot - GUI loaded... Continuing with launch sequence
10:09:54.410 [main] INFO  me.jdbener.PHitboxBotX.PHitboxBotX - Getting Hitbox server IP: ec2-54-87-101-9.compute-1.amazonaws.com
10:09:55.150 [main] INFO  me.jdbener.PHitboxBotX.PHitboxBotX - Getting connection ID: fQNezElZLFRz0nEFqF_8
10:09:55.150 [main] INFO  me.jdbener.PHitboxBotX.PHitboxBotX - Getting your token
10:09:55.421 [main] INFO  me.jdbener.PHitboxBotX.PHitboxBotX - Connecting to hitbox servers...
10:09:57.621 [main] INFO  me.jdbener.PHitboxBotX.PHitboxBotX - Sucessfully Connected... Joined Channel #jdbener
10:09:57.622 [main] INFO  me.jdbener.Bennerbot - Begining plugin loading
10:09:57.698 [main] INFO  me.jdbener.Bennerbot - Finished looking for plugins in: plugins
10:09:57.699 [main] INFO  me.jdbener.Bennerbot - Finished looking for plugins in: plugins/BasicCommands
10:09:57.700 [main] INFO  me.jdbener.Bennerbot - Finished looking for plugins in: plugins/dissabled
10:09:57.702 [main] INFO  me.jdbener.Bennerbot - Beggining pluging loading sequence
10:09:57.702 [main] INFO  me.jdbener.Bennerbot - Finished pluging loading sequence
10:09:57.702 [main] INFO  me.jdbener.Bennerbot - Proceading with BennerBot initiation sequence
10:09:57.703 [main] DEBUG org.pircbotx.PircBotX - Trying address irc.twitch.tv/199.9.249.252
10:09:57.731 [main] INFO  org.pircbotx.PircBotX - Connected to server.
10:09:57.737 [main] INFO  org.pircbotx.output.OutputRaw - PASS oauth:rg8w88t87hblyr1qq4ctjkyb5lc4z0
10:09:57.737 [main] INFO  org.pircbotx.output.OutputRaw - NICK jdbener
10:09:57.738 [main] INFO  org.pircbotx.output.OutputRaw - USER BennerBot 8 * :PircBotX 2.0.1, a fork of PircBot, the Java IRC bot - pircbotx.googlecode.com
10:09:57.841 [main] INFO  org.pircbotx.InputParser - :tmi.twitch.tv NOTICE * :Login unsuccessful
10:10:07.860 [main] INFO  org.pircbotx.dcc.DccHandler - Terminating all transfers waiting to be accepted
10:10:07.860 [main] DEBUG org.pircbotx.PircBotX - Disconnected.
10:10:07.860 [main] DEBUG org.pircbotx.PircBotX - Trying address irc.twitch.tv/199.9.249.252
10:10:07.944 [main] INFO  org.pircbotx.PircBotX - Connected to server.
10:10:07.945 [main] INFO  org.pircbotx.output.OutputRaw - PASS oauth:rg8w88t87hblyr1qq4ctjkyb5lc4z0
10:10:07.945 [main] INFO  org.pircbotx.output.OutputRaw - NICK jdbener
10:10:07.945 [main] INFO  org.pircbotx.output.OutputRaw - USER BennerBot 8 * :PircBotX 2.0.1, a fork of PircBot, the Java IRC bot - pircbotx.googlecode.com
10:10:08.005 [main] INFO  org.pircbotx.InputParser - :tmi.twitch.tv NOTICE * :Login unsuccessful
10:10:18.007 [main] INFO  org.pircbotx.dcc.DccHandler - Terminating all transfers waiting to be accepted
10:10:18.007 [main] DEBUG org.pircbotx.PircBotX - Disconnected.
10:10:18.007 [main] DEBUG o.p.h.m.ThreadedListenerManager - Waiting for listener me.jdbener.levels.BennerBitManager@165438da to execute event DisconnectEvent(daoSnapshot=org.pircbotx.snapshot.UserChannelDaoSnapshot@4c4da2f3, disconnectException=null)
10:10:18.007 [main] DEBUG org.pircbotx.PircBotX - Trying address irc.twitch.tv/199.9.249.252
10:10:18.069 [main] INFO  org.pircbotx.PircBotX - Connected to server.
10:10:18.069 [main] INFO  org.pircbotx.output.OutputRaw - PASS oauth:rg8w88t87hblyr1qq4ctjkyb5lc4z0
10:10:18.069 [main] INFO  org.pircbotx.output.OutputRaw - NICK jdbener
10:10:18.069 [main] INFO  org.pircbotx.output.OutputRaw - USER BennerBot 8 * :PircBotX 2.0.1, a fork of PircBot, the Java IRC bot - pircbotx.googlecode.com
10:10:18.129 [main] INFO  org.pircbotx.InputParser - :tmi.twitch.tv NOTICE * :Login unsuccessful
Webserver recived new token
10:10:28.153 [main] INFO  org.pircbotx.dcc.DccHandler - Terminating all transfers waiting to be accepted
10:10:28.154 [main] DEBUG org.pircbotx.PircBotX - Disconnected.
10:10:28.154 [main] DEBUG o.p.h.m.ThreadedListenerManager - Waiting for listener me.jdbener.levels.LevelManager@73607ba9 to execute event DisconnectEvent(daoSnapshot=org.pircbotx.snapshot.UserChannelDaoSnapshot@11b43ab, disconnectException=null)
10:10:28.155 [main] DEBUG o.p.h.m.ThreadedListenerManager - Waiting for listener me.jdbener.utilities.ChatRelayHandeler@a3e3bfc to execute event DisconnectEvent(daoSnapshot=org.pircbotx.snapshot.UserChannelDaoSnapshot@11b43ab, disconnectException=null)
10:10:28.155 [main] DEBUG o.p.h.m.ThreadedListenerManager - Waiting for listener me.jdbener.Cleaner@6555f670 to execute event DisconnectEvent(daoSnapshot=org.pircbotx.snapshot.UserChannelDaoSnapshot@11b43ab, disconnectException=null)
10:10:28.155 [main] DEBUG o.p.h.m.ThreadedListenerManager - Waiting for listener me.jdbener.levels.BennerBitManager@165438da to execute event DisconnectEvent(daoSnapshot=org.pircbotx.snapshot.UserChannelDaoSnapshot@11b43ab, disconnectException=null)
10:10:28.155 [main] DEBUG o.p.h.m.ThreadedListenerManager - Waiting for listener me.jdbener.utilities.Infromation@51df5caf to execute event DisconnectEvent(daoSnapshot=org.pircbotx.snapshot.UserChannelDaoSnapshot@11b43ab, disconnectException=null)
10:10:28.155 [main] DEBUG o.p.h.m.ThreadedListenerManager - Waiting for listener org.pircbotx.hooks.CoreHooks@3cf2f78f to execute event DisconnectEvent(daoSnapshot=org.pircbotx.snapshot.UserChannelDaoSnapshot@11b43ab, disconnectException=null)
10:10:28.156 [main] DEBUG o.p.h.m.ThreadedListenerManager - Waiting for listener me.jdbener.utilities.CustomCommandHandeler@7c60d191 to execute event DisconnectEvent(daoSnapshot=org.pircbotx.snapshot.UserChannelDaoSnapshot@11b43ab, disconnectException=null)
10:10:28.158 [main] DEBUG org.pircbotx.PircBotX - Trying address irc.twitch.tv/199.9.249.252
10:10:28.210 [main] INFO  org.pircbotx.PircBotX - Connected to server.
10:10:28.211 [main] INFO  org.pircbotx.output.OutputRaw - PASS oauth:rg8w88t87hblyr1qq4ctjkyb5lc4z0
10:10:28.211 [main] INFO  org.pircbotx.output.OutputRaw - NICK jdbener
10:10:28.211 [main] INFO  org.pircbotx.output.OutputRaw - USER BennerBot 8 * :PircBotX 2.0.1, a fork of PircBot, the Java IRC bot - pircbotx.googlecode.com
10:10:28.333 [main] INFO  org.pircbotx.InputParser - :tmi.twitch.tv NOTICE * :Login unsuccessful
10:10:38.315 [main] INFO  org.pircbotx.dcc.DccHandler - Terminating all transfers waiting to be accepted
10:10:38.316 [main] DEBUG org.pircbotx.PircBotX - Disconnected.
10:10:38.316 [main] DEBUG o.p.h.m.ThreadedListenerManager - Waiting for listener me.jdbener.apis.lastfm.LastfmNowPlaying@5b51c408 to execute event DisconnectEvent(daoSnapshot=org.pircbotx.snapshot.UserChannelDaoSnapshot@4fd737ba, disconnectException=null)
10:10:38.316 [main] DEBUG o.p.h.m.ThreadedListenerManager - Waiting for listener me.jdbener.levels.LevelManager@73607ba9 to execute event DisconnectEvent(daoSnapshot=org.pircbotx.snapshot.UserChannelDaoSnapshot@4fd737ba, disconnectException=null)
10:10:38.316 [main] DEBUG o.p.h.m.ThreadedListenerManager - Waiting for listener me.jdbener.utilities.ChatRelayHandeler@a3e3bfc to execute event DisconnectEvent(daoSnapshot=org.pircbotx.snapshot.UserChannelDaoSnapshot@4fd737ba, disconnectException=null)
10:10:38.316 [main] DEBUG o.p.h.m.ThreadedListenerManager - Waiting for listener me.jdbener.apis.twitch.TwitchStatusGameUpdater@4c650822 to execute event DisconnectEvent(daoSnapshot=org.pircbotx.snapshot.UserChannelDaoSnapshot@4fd737ba, disconnectException=null)
10:10:38.316 [main] DEBUG o.p.h.m.ThreadedListenerManager - Waiting for listener me.jdbener.utilities.CustomCommandHandeler@7c60d191 to execute event DisconnectEvent(daoSnapshot=org.pircbotx.snapshot.UserChannelDaoSnapshot@4fd737ba, disconnectException=null)
10:10:38.322 [main] DEBUG org.pircbotx.PircBotX - Trying address irc.twitch.tv/199.9.249.252
10:10:38.378 [main] INFO  org.pircbotx.PircBotX - Connected to server.
10:10:38.379 [main] INFO  org.pircbotx.output.OutputRaw - PASS oauth:rg8w88t87hblyr1qq4ctjkyb5lc4z0
10:10:38.379 [main] INFO  org.pircbotx.output.OutputRaw - NICK jdbener
10:10:38.379 [main] INFO  org.pircbotx.output.OutputRaw - USER BennerBot 8 * :PircBotX 2.0.1, a fork of PircBot, the Java IRC bot - pircbotx.googlecode.com
10:10:38.443 [main] INFO  org.pircbotx.InputParser - :tmi.twitch.tv NOTICE * :Login unsuccessful
10:10:48.444 [main] INFO  org.pircbotx.dcc.DccHandler - Terminating all transfers waiting to be accepted
10:10:48.444 [main] DEBUG org.pircbotx.PircBotX - Disconnected.
10:10:48.444 [main] DEBUG o.p.h.m.ThreadedListenerManager - Waiting for listener me.jdbener.apis.hitbox.HitboxStatusGameUpdater@37f8fda6 to execute event DisconnectEvent(daoSnapshot=org.pircbotx.snapshot.UserChannelDaoSnapshot@228779e2, disconnectException=null)
10:10:48.444 [main] DEBUG o.p.h.m.ThreadedListenerManager - Waiting for listener me.jdbener.apis.lastfm.LastfmNowPlaying@5b51c408 to execute event DisconnectEvent(daoSnapshot=org.pircbotx.snapshot.UserChannelDaoSnapshot@228779e2, disconnectException=null)
10:10:48.444 [main] DEBUG o.p.h.m.ThreadedListenerManager - Waiting for listener me.jdbener.levels.LevelManager@73607ba9 to execute event DisconnectEvent(daoSnapshot=org.pircbotx.snapshot.UserChannelDaoSnapshot@228779e2, disconnectException=null)
10:10:48.445 [main] DEBUG o.p.h.m.ThreadedListenerManager - Waiting for listener me.jdbener.utilities.ChatRelayHandeler@a3e3bfc to execute event DisconnectEvent(daoSnapshot=org.pircbotx.snapshot.UserChannelDaoSnapshot@228779e2, disconnectException=null)
10:10:48.445 [main] DEBUG o.p.h.m.ThreadedListenerManager - Waiting for listener me.jdbener.utilities.JoinLeaveMessages@3a456c56 to execute event DisconnectEvent(daoSnapshot=org.pircbotx.snapshot.UserChannelDaoSnapshot@228779e2, disconnectException=null)
10:10:48.445 [main] DEBUG o.p.h.m.ThreadedListenerManager - Waiting for listener me.jdbener.levels.BennerBitManager@165438da to execute event DisconnectEvent(daoSnapshot=org.pircbotx.snapshot.UserChannelDaoSnapshot@228779e2, disconnectException=null)
10:10:48.445 [main] DEBUG o.p.h.m.ThreadedListenerManager - Waiting for listener me.jdbener.apis.twitch.TwitchStatusGameUpdater@4c650822 to execute event DisconnectEvent(daoSnapshot=org.pircbotx.snapshot.UserChannelDaoSnapshot@228779e2, disconnectException=null)
10:10:48.445 [main] DEBUG o.p.h.m.ThreadedListenerManager - Waiting for listener me.jdbener.utilities.Infromation@51df5caf to execute event DisconnectEvent(daoSnapshot=org.pircbotx.snapshot.UserChannelDaoSnapshot@228779e2, disconnectException=null)
10:10:48.445 [main] DEBUG o.p.h.m.ThreadedListenerManager - Waiting for listener org.pircbotx.hooks.CoreHooks@3cf2f78f to execute event DisconnectEvent(daoSnapshot=org.pircbotx.snapshot.UserChannelDaoSnapshot@228779e2, disconnectException=null)
10:10:48.445 [main] DEBUG o.p.h.m.ThreadedListenerManager - Waiting for listener me.jdbener.utilities.CustomCommandHandeler@7c60d191 to execute event DisconnectEvent(daoSnapshot=org.pircbotx.snapshot.UserChannelDaoSnapshot@228779e2, disconnectException=null)
10:10:48.445 [main] DEBUG org.pircbotx.PircBotX - Trying address irc.twitch.tv/199.9.249.252
10:10:48.474 [main] INFO  org.pircbotx.PircBotX - Connected to server.
10:10:48.474 [main] INFO  org.pircbotx.output.OutputRaw - PASS oauth:rg8w88t87hblyr1qq4ctjkyb5lc4z0
10:10:48.474 [main] INFO  org.pircbotx.output.OutputRaw - NICK jdbener
10:10:48.474 [main] INFO  org.pircbotx.output.OutputRaw - USER BennerBot 8 * :PircBotX 2.0.1, a fork of PircBot, the Java IRC bot - pircbotx.googlecode.com
10:10:48.552 [main] INFO  org.pircbotx.InputParser - :tmi.twitch.tv NOTICE * :Login unsuccessful
10:10:58.552 [main] INFO  org.pircbotx.dcc.DccHandler - Terminating all transfers waiting to be accepted
10:10:58.553 [main] DEBUG org.pircbotx.PircBotX - Disconnected.
10:10:58.553 [main] DEBUG o.p.h.m.ThreadedListenerManager - Waiting for listener me.jdbener.apis.hitbox.HitboxStatusGameUpdater@37f8fda6 to execute event DisconnectEvent(daoSnapshot=org.pircbotx.snapshot.UserChannelDaoSnapshot@37bfd6b7, disconnectException=null)
10:10:58.553 [main] DEBUG o.p.h.m.ThreadedListenerManager - Waiting for listener me.jdbener.apis.lastfm.LastfmNowPlaying@5b51c408 to execute event DisconnectEvent(daoSnapshot=org.pircbotx.snapshot.UserChannelDaoSnapshot@37bfd6b7, disconnectException=null)
10:10:58.553 [main] DEBUG o.p.h.m.ThreadedListenerManager - Waiting for listener me.jdbener.levels.LevelManager@73607ba9 to execute event DisconnectEvent(daoSnapshot=org.pircbotx.snapshot.UserChannelDaoSnapshot@37bfd6b7, disconnectException=null)
10:10:58.553 [main] DEBUG o.p.h.m.ThreadedListenerManager - Waiting for listener me.jdbener.utilities.ChatRelayHandeler@a3e3bfc to execute event DisconnectEvent(daoSnapshot=org.pircbotx.snapshot.UserChannelDaoSnapshot@37bfd6b7, disconnectException=null)
10:10:58.553 [main] DEBUG o.p.h.m.ThreadedListenerManager - Waiting for listener me.jdbener.Cleaner@6555f670 to execute event DisconnectEvent(daoSnapshot=org.pircbotx.snapshot.UserChannelDaoSnapshot@37bfd6b7, disconnectException=null)
10:10:58.553 [main] DEBUG o.p.h.m.ThreadedListenerManager - Waiting for listener me.jdbener.utilities.Countdown@754348e8 to execute event DisconnectEvent(daoSnapshot=org.pircbotx.snapshot.UserChannelDaoSnapshot@37bfd6b7, disconnectException=null)
10:10:58.553 [main] DEBUG o.p.h.m.ThreadedListenerManager - Waiting for listener me.jdbener.apis.twitch.TwitchStatusGameUpdater@4c650822 to execute event DisconnectEvent(daoSnapshot=org.pircbotx.snapshot.UserChannelDaoSnapshot@37bfd6b7, disconnectException=null)
10:10:58.553 [main] DEBUG o.p.h.m.ThreadedListenerManager - Waiting for listener org.pircbotx.hooks.CoreHooks@3cf2f78f to execute event DisconnectEvent(daoSnapshot=org.pircbotx.snapshot.UserChannelDaoSnapshot@37bfd6b7, disconnectException=null)
10:10:58.553 [main] DEBUG o.p.h.m.ThreadedListenerManager - Waiting for listener me.jdbener.utilities.CustomCommandHandeler@7c60d191 to execute event DisconnectEvent(daoSnapshot=org.pircbotx.snapshot.UserChannelDaoSnapshot@37bfd6b7, disconnectException=null)
10:10:58.554 [main] DEBUG org.pircbotx.PircBotX - Trying address irc.twitch.tv/199.9.249.252
10:10:58.584 [main] INFO  org.pircbotx.PircBotX - Connected to server.
10:10:58.584 [main] INFO  org.pircbotx.output.OutputRaw - PASS oauth:rg8w88t87hblyr1qq4ctjkyb5lc4z0
10:10:58.584 [main] INFO  org.pircbotx.output.OutputRaw - NICK jdbener
10:10:58.584 [main] INFO  org.pircbotx.output.OutputRaw - USER BennerBot 8 * :PircBotX 2.0.1, a fork of PircBot, the Java IRC bot - pircbotx.googlecode.com
10:10:58.711 [main] INFO  org.pircbotx.InputParser - :tmi.twitch.tv NOTICE * :Login unsuccessful
