08:07:33.695 [main] INFO  me.jdbener.Bennerbot - Doing some database stuff, give me a moment
08:07:36.598 [main] WARN  me.jdbener.Bennerbot - Waiting for GUI to load
08:07:36.625 [AWT-EventQueue-0] INFO  me.jdbener.Bennerbot - Loading Beggining Tab Loading Sequence
08:07:36.650 [AWT-EventQueue-0] INFO  me.jdbener.Bennerbot - Loading the "General Configuration Tab"
08:07:38.241 [AWT-EventQueue-0] INFO  me.jdbener.Bennerbot - Loading the "Chat Display Tab"
08:07:38.284 [AWT-EventQueue-0] INFO  me.jdbener.Bennerbot - Loading the "Chat Display Window"
08:07:38.313 [AWT-EventQueue-0] INFO  me.jdbener.Bennerbot - Loading the "Chat Moderation Settings Tab"
08:07:38.342 [AWT-EventQueue-0] INFO  me.jdbener.Bennerbot - Loading the "Custom Commands Tab"
08:07:40.573 [AWT-EventQueue-0] INFO  me.jdbener.Bennerbot - Loading the "AutoMessage Tab"
08:07:41.791 [AWT-EventQueue-0] INFO  me.jdbener.Bennerbot - Loading the "Work in Progress Settings Tab"
08:07:41.800 [AWT-EventQueue-0] INFO  me.jdbener.Bennerbot - Loading the "Info Button"
08:07:41.801 [AWT-EventQueue-0] INFO  me.jdbener.Bennerbot - Finished Tab Initiation Squence... Loading Backend
08:07:45.512 [AWT-EventQueue-0] INFO  me.jdbener.Bennerbot - Finished Loading GUI Backend
08:07:45.607 [main] INFO  me.jdbener.Bennerbot - GUI loaded... Continuing with launch sequence
08:07:51.823 [main] INFO  me.jdbener.PHitboxBotX.PHitboxBotX - Getting Hitbox server IP: ec2-54-87-229-245.compute-1.amazonaws.com
08:07:52.456 [main] INFO  me.jdbener.PHitboxBotX.PHitboxBotX - Getting connection ID: 7PKQVXtvHjgr-RN8Djve
08:07:52.456 [main] INFO  me.jdbener.PHitboxBotX.PHitboxBotX - Getting your token
08:07:52.787 [main] INFO  me.jdbener.PHitboxBotX.PHitboxBotX - Connecting to hitbox servers...
08:07:55.229 [main] INFO  me.jdbener.PHitboxBotX.PHitboxBotX - Sucessfully Connected... Joined Channel #jdbener
08:07:55.230 [main] INFO  me.jdbener.Bennerbot - Begining plugin loading
08:07:55.322 [main] INFO  me.jdbener.Bennerbot - Finished looking for plugins in: plugins
08:07:55.324 [main] INFO  me.jdbener.Bennerbot - Finished looking for plugins in: plugins/BasicCommands
08:07:55.325 [main] INFO  me.jdbener.Bennerbot - Finished looking for plugins in: plugins/dissabled
08:07:55.328 [main] INFO  me.jdbener.Bennerbot - Beggining pluging loading sequence
08:07:55.328 [main] INFO  me.jdbener.Bennerbot - Finished pluging loading sequence
08:07:55.328 [main] INFO  me.jdbener.Bennerbot - Proceading with BennerBot initiation sequence
08:07:55.328 [main] DEBUG org.pircbotx.MultiBotManager - Not started yet, add to queue
08:07:55.328 [main] DEBUG org.pircbotx.MultiBotManager - Not started yet, add to queue
08:07:55.402 [botPool0-bot0] DEBUG org.pircbotx.PircBotX - Trying address irc.twitch.tv/199.9.253.165
08:07:55.404 [botPool0-bot1] DEBUG org.pircbotx.PircBotX - Trying address hitbox.tv/212.232.25.4
08:07:55.432 [botPool0-bot0] INFO  org.pircbotx.PircBotX - Connected to server.
08:07:55.432 [Thread-11] INFO  org.pircbotx.output.OutputRaw - PRIVMSG #jdbener : [jdbener]/unhost
08:07:55.439 [botPool0-bot0] INFO  org.pircbotx.output.OutputRaw - PASS oauth:rg8w88t87hblyr1qq4ctjkyb5lc4z0
08:07:55.440 [botPool0-bot0] INFO  org.pircbotx.output.OutputRaw - NICK jdbener
08:07:55.440 [botPool0-bot0] INFO  org.pircbotx.output.OutputRaw - USER BennerBot 8 * :PircBotX 2.0.1, a fork of PircBot, the Java IRC bot - pircbotx.googlecode.com
08:07:55.519 [botPool0-bot0] INFO  org.pircbotx.InputParser - :tmi.twitch.tv NOTICE * :Error logging in
08:07:56.441 [Thread-11] INFO  org.pircbotx.output.OutputRaw - PRIVMSG #jdbener : [jdbener]/unhost
08:07:57.004 [botPool0-bot1] DEBUG org.pircbotx.PircBotX - Unable to connect to hitbox.tv using the IP address 212.232.25.4, trying to check another address.
java.net.ConnectException: Connection refused: connect
	at java.net.DualStackPlainSocketImpl.connect0(Native Method) ~[na:1.7.0_45]
	at java.net.DualStackPlainSocketImpl.socketConnect(Unknown Source) ~[na:1.7.0_45]
	at java.net.AbstractPlainSocketImpl.doConnect(Unknown Source) ~[na:1.7.0_45]
	at java.net.AbstractPlainSocketImpl.connectToAddress(Unknown Source) ~[na:1.7.0_45]
	at java.net.AbstractPlainSocketImpl.connect(Unknown Source) ~[na:1.7.0_45]
	at java.net.PlainSocketImpl.connect(Unknown Source) ~[na:1.7.0_45]
	at java.net.SocksSocketImpl.connect(Unknown Source) ~[na:1.7.0_45]
	at java.net.Socket.connect(Unknown Source) ~[na:1.7.0_45]
	at java.net.Socket.connect(Unknown Source) ~[na:1.7.0_45]
	at java.net.Socket.<init>(Unknown Source) ~[na:1.7.0_45]
	at java.net.Socket.<init>(Unknown Source) ~[na:1.7.0_45]
	at javax.net.DefaultSocketFactory.createSocket(Unknown Source) ~[na:1.7.0_45]
	at org.pircbotx.PircBotX.connect(PircBotX.java:194) ~[pircbotx-2.0.1.jar:na]
	at org.pircbotx.MultiBotManager$BotRunner.call(MultiBotManager.java:219) [pircbotx-2.0.1.jar:na]
	at org.pircbotx.MultiBotManager$BotRunner.call(MultiBotManager.java:212) [pircbotx-2.0.1.jar:na]
	at java.util.concurrent.FutureTask.run(Unknown Source) [na:1.7.0_45]
	at java.util.concurrent.ThreadPoolExecutor.runWorker(Unknown Source) [na:1.7.0_45]
	at java.util.concurrent.ThreadPoolExecutor$Worker.run(Unknown Source) [na:1.7.0_45]
	at java.lang.Thread.run(Unknown Source) [na:1.7.0_45]
08:07:57.006 [botPool0-bot1] ERROR o.p.MultiBotManager$BotFutureCallback - Bot exited with Exception
java.io.IOException: Unable to connect to the IRC network hitbox.tv (last connection attempt exception attached)
	at org.pircbotx.PircBotX.connect(PircBotX.java:206) ~[pircbotx-2.0.1.jar:na]
	at org.pircbotx.MultiBotManager$BotRunner.call(MultiBotManager.java:219) ~[pircbotx-2.0.1.jar:na]
	at org.pircbotx.MultiBotManager$BotRunner.call(MultiBotManager.java:212) ~[pircbotx-2.0.1.jar:na]
	at java.util.concurrent.FutureTask.run(Unknown Source) [na:1.7.0_45]
	at java.util.concurrent.ThreadPoolExecutor.runWorker(Unknown Source) [na:1.7.0_45]
	at java.util.concurrent.ThreadPoolExecutor$Worker.run(Unknown Source) [na:1.7.0_45]
	at java.lang.Thread.run(Unknown Source) [na:1.7.0_45]
Caused by: java.net.ConnectException: Connection refused: connect
	at java.net.DualStackPlainSocketImpl.connect0(Native Method) ~[na:1.7.0_45]
	at java.net.DualStackPlainSocketImpl.socketConnect(Unknown Source) ~[na:1.7.0_45]
	at java.net.AbstractPlainSocketImpl.doConnect(Unknown Source) ~[na:1.7.0_45]
	at java.net.AbstractPlainSocketImpl.connectToAddress(Unknown Source) ~[na:1.7.0_45]
	at java.net.AbstractPlainSocketImpl.connect(Unknown Source) ~[na:1.7.0_45]
	at java.net.PlainSocketImpl.connect(Unknown Source) ~[na:1.7.0_45]
	at java.net.SocksSocketImpl.connect(Unknown Source) ~[na:1.7.0_45]
	at java.net.Socket.connect(Unknown Source) ~[na:1.7.0_45]
	at java.net.Socket.connect(Unknown Source) ~[na:1.7.0_45]
	at java.net.Socket.<init>(Unknown Source) ~[na:1.7.0_45]
	at java.net.Socket.<init>(Unknown Source) ~[na:1.7.0_45]
	at javax.net.DefaultSocketFactory.createSocket(Unknown Source) ~[na:1.7.0_45]
	at org.pircbotx.PircBotX.connect(PircBotX.java:194) ~[pircbotx-2.0.1.jar:na]
	... 6 common frames omitted
08:07:57.441 [Thread-11] INFO  org.pircbotx.output.OutputRaw - PRIVMSG #jdbener : [jdbener]/unhost
08:07:58.442 [Thread-11] INFO  org.pircbotx.output.OutputRaw - PRIVMSG #jdbener : [jdbener]/unhost
08:07:59.444 [Thread-11] INFO  org.pircbotx.output.OutputRaw - PRIVMSG #jdbener : [jdbener]/unhost
08:08:00.445 [Thread-11] INFO  org.pircbotx.output.OutputRaw - PRIVMSG #jdbener : [jdbener]/unhost
08:08:01.446 [Thread-11] INFO  org.pircbotx.output.OutputRaw - PRIVMSG #jdbener : [jdbener]/unhost
08:08:02.447 [Thread-11] INFO  org.pircbotx.output.OutputRaw - PRIVMSG #jdbener : [jdbener]/unhost
08:08:03.447 [Thread-11] INFO  org.pircbotx.output.OutputRaw - PRIVMSG #jdbener : [jdbener]/unhost
08:08:04.448 [Thread-11] INFO  org.pircbotx.output.OutputRaw - PRIVMSG #jdbener : [jdbener]/unhost
08:08:05.449 [Thread-11] INFO  org.pircbotx.output.OutputRaw - PRIVMSG #jdbener : [jdbener]/unhost
08:08:05.520 [botPool0-bot0] ERROR org.pircbotx.PircBotX - Exception encountered when reading next line from server
java.net.SocketException: Connection reset
	at java.net.SocketInputStream.read(Unknown Source) ~[na:1.7.0_45]
	at java.net.SocketInputStream.read(Unknown Source) ~[na:1.7.0_45]
	at sun.nio.cs.StreamDecoder.readBytes(Unknown Source) ~[na:1.7.0_45]
	at sun.nio.cs.StreamDecoder.implRead(Unknown Source) ~[na:1.7.0_45]
	at sun.nio.cs.StreamDecoder.read(Unknown Source) ~[na:1.7.0_45]
	at java.io.InputStreamReader.read(Unknown Source) ~[na:1.7.0_45]
	at java.io.BufferedReader.fill(Unknown Source) ~[na:1.7.0_45]
	at java.io.BufferedReader.readLine(Unknown Source) ~[na:1.7.0_45]
	at java.io.BufferedReader.readLine(Unknown Source) ~[na:1.7.0_45]
	at org.pircbotx.PircBotX.startLineProcessing(PircBotX.java:250) [pircbotx-2.0.1.jar:na]
	at org.pircbotx.PircBotX.connect(PircBotX.java:236) [pircbotx-2.0.1.jar:na]
	at org.pircbotx.MultiBotManager$BotRunner.call(MultiBotManager.java:219) [pircbotx-2.0.1.jar:na]
	at org.pircbotx.MultiBotManager$BotRunner.call(MultiBotManager.java:212) [pircbotx-2.0.1.jar:na]
	at java.util.concurrent.FutureTask.run(Unknown Source) [na:1.7.0_45]
	at java.util.concurrent.ThreadPoolExecutor.runWorker(Unknown Source) [na:1.7.0_45]
	at java.util.concurrent.ThreadPoolExecutor$Worker.run(Unknown Source) [na:1.7.0_45]
	at java.lang.Thread.run(Unknown Source) [na:1.7.0_45]
08:08:05.547 [botPool0-bot0] INFO  org.pircbotx.dcc.DccHandler - Terminating all transfers waiting to be accepted
08:08:05.548 [botPool0-bot0] DEBUG org.pircbotx.PircBotX - Disconnected.
08:08:05.548 [botPool0-bot0] DEBUG o.p.h.m.ThreadedListenerManager - Waiting for listener me.jdbener.levels.BennerBitManager@7a2e9468 to execute event DisconnectEvent(daoSnapshot=org.pircbotx.snapshot.UserChannelDaoSnapshot@263aad44, disconnectException=java.net.SocketException: Connection reset)
08:08:05.548 [botPool0-bot0] DEBUG o.p.h.m.ThreadedListenerManager - Waiting for listener me.jdbener.apis.twitch.TwitchStatusGameUpdater@2a99f941 to execute event DisconnectEvent(daoSnapshot=org.pircbotx.snapshot.UserChannelDaoSnapshot@263aad44, disconnectException=java.net.SocketException: Connection reset)
08:08:05.549 [botPool0-bot0] DEBUG o.p.MultiBotManager$BotFutureCallback - Bot #0 finished
08:08:06.450 [Thread-11] INFO  org.pircbotx.output.OutputRaw - PRIVMSG #jdbener : [jdbener]/unhost
