09:02:02.282 [main] INFO  me.jdbener.Bennerbot - Doing some database stuff, give me a moment
09:02:05.121 [main] WARN  me.jdbener.Bennerbot - Waiting for GUI to load
09:02:05.142 [AWT-EventQueue-0] INFO  me.jdbener.Bennerbot - Loading Beggining Tab Loading Sequence
09:02:05.161 [AWT-EventQueue-0] INFO  me.jdbener.Bennerbot - Loading the "General Configuration Tab"
09:02:06.769 [AWT-EventQueue-0] INFO  me.jdbener.Bennerbot - Loading the "Chat Display Tab"
09:02:06.802 [AWT-EventQueue-0] INFO  me.jdbener.Bennerbot - Loading the "Chat Display Window"
09:02:06.821 [AWT-EventQueue-0] INFO  me.jdbener.Bennerbot - Loading the "Chat Moderation Settings Tab"
09:02:06.846 [AWT-EventQueue-0] INFO  me.jdbener.Bennerbot - Loading the "Custom Commands Tab"
09:02:09.748 [AWT-EventQueue-0] INFO  me.jdbener.Bennerbot - Loading the "AutoMessage Tab"
09:02:10.999 [AWT-EventQueue-0] INFO  me.jdbener.Bennerbot - Loading the "Work in Progress Settings Tab"
09:02:11.006 [AWT-EventQueue-0] INFO  me.jdbener.Bennerbot - Loading the "Info Button"
09:02:11.008 [AWT-EventQueue-0] INFO  me.jdbener.Bennerbot - Finished Tab Initiation Squence... Loading Backend
09:02:15.036 [AWT-EventQueue-0] INFO  me.jdbener.Bennerbot - Finished Loading GUI Backend
09:02:15.127 [main] INFO  me.jdbener.Bennerbot - GUI loaded... Continuing with launch sequence
09:02:21.635 [main] INFO  me.jdbener.PHitboxBotX.PHitboxBotX - Getting Hitbox server IP: ec2-50-19-148-126.compute-1.amazonaws.com
09:02:22.232 [main] INFO  me.jdbener.PHitboxBotX.PHitboxBotX - Getting connection ID: hVrf4s6eboAZn5csqGoS
09:02:22.232 [main] INFO  me.jdbener.PHitboxBotX.PHitboxBotX - Getting your token
09:02:22.484 [main] INFO  me.jdbener.PHitboxBotX.PHitboxBotX - Connecting to hitbox servers...
09:02:24.698 [main] INFO  me.jdbener.PHitboxBotX.PHitboxBotX - Sucessfully Connected... Joined Channel #jdbener
09:02:24.698 [main] INFO  me.jdbener.Bennerbot - Begining plugin loading
09:02:24.783 [main] INFO  me.jdbener.Bennerbot - Finished looking for plugins in: plugins
09:02:24.785 [main] INFO  me.jdbener.Bennerbot - Finished looking for plugins in: plugins/BasicCommands
09:02:24.786 [main] INFO  me.jdbener.Bennerbot - Finished looking for plugins in: plugins/dissabled
09:02:24.788 [main] INFO  me.jdbener.Bennerbot - Beggining pluging loading sequence
09:02:24.788 [main] INFO  me.jdbener.Bennerbot - Finished pluging loading sequence
09:02:24.788 [main] INFO  me.jdbener.Bennerbot - Proceading with BennerBot initiation sequence
09:02:24.788 [main] DEBUG org.pircbotx.MultiBotManager - Not started yet, add to queue
09:02:24.788 [main] DEBUG org.pircbotx.MultiBotManager - Not started yet, add to queue
09:02:24.790 [botPool0-bot0] DEBUG org.pircbotx.PircBotX - Trying address irc.twitch.tv/199.9.249.252
09:02:25.004 [botPool0-bot0] INFO  org.pircbotx.PircBotX - Connected to server.
09:02:25.014 [botPool0-bot0] INFO  org.pircbotx.output.OutputRaw - PASS oauth:rg8w88t87hblyr1qq4ctjkyb5lc4z0
09:02:25.014 [botPool0-bot0] INFO  org.pircbotx.output.OutputRaw - NICK jdbener
09:02:25.014 [botPool0-bot0] INFO  org.pircbotx.output.OutputRaw - USER BennerBot 8 * :PircBotX 2.0.1, a fork of PircBot, the Java IRC bot - pircbotx.googlecode.com
09:02:25.042 [botPool0-bot1] DEBUG org.pircbotx.PircBotX - Trying address hitbox.tv/212.232.25.4
09:02:25.075 [botPool0-bot0] INFO  org.pircbotx.InputParser - :tmi.twitch.tv 001 jdbener :Welcome, GLHF!
09:02:25.086 [botPool0-bot0] DEBUG org.pircbotx.InputParser - Logged onto server.
09:02:26.015 [botPool0-bot0] INFO  org.pircbotx.output.OutputRaw - JOIN #jdbener 
09:02:26.016 [botPool0-bot0] INFO  org.pircbotx.InputParser - :tmi.twitch.tv 002 jdbener :Your host is tmi.twitch.tv
09:02:26.016 [botPool0-bot0] INFO  org.pircbotx.InputParser - :tmi.twitch.tv 003 jdbener :This server is rather new
09:02:26.017 [botPool0-bot0] INFO  org.pircbotx.InputParser - :tmi.twitch.tv 004 jdbener :-
09:02:26.023 [botPool0-bot0] ERROR org.pircbotx.PircBotX - Exception encountered when parsing line
java.lang.IndexOutOfBoundsException: Index: 1, Size: 1
	at java.util.ArrayList.rangeCheck(Unknown Source) ~[na:1.7.0_45]
	at java.util.ArrayList.get(Unknown Source) ~[na:1.7.0_45]
	at org.pircbotx.ServerInfo.parse004(ServerInfo.java:113) ~[pircbotx-2.0.1.jar:na]
	at org.pircbotx.ServerInfo.parse(ServerInfo.java:106) ~[pircbotx-2.0.1.jar:na]
	at org.pircbotx.InputParser.processServerResponse(InputParser.java:709) ~[pircbotx-2.0.1.jar:na]
	at org.pircbotx.InputParser.handleLine(InputParser.java:323) ~[pircbotx-2.0.1.jar:na]
	at org.pircbotx.PircBotX.startLineProcessing(PircBotX.java:275) [pircbotx-2.0.1.jar:na]
	at org.pircbotx.PircBotX.connect(PircBotX.java:236) [pircbotx-2.0.1.jar:na]
	at org.pircbotx.MultiBotManager$BotRunner.call(MultiBotManager.java:219) [pircbotx-2.0.1.jar:na]
	at org.pircbotx.MultiBotManager$BotRunner.call(MultiBotManager.java:212) [pircbotx-2.0.1.jar:na]
	at java.util.concurrent.FutureTask.run(Unknown Source) [na:1.7.0_45]
	at java.util.concurrent.ThreadPoolExecutor.runWorker(Unknown Source) [na:1.7.0_45]
	at java.util.concurrent.ThreadPoolExecutor$Worker.run(Unknown Source) [na:1.7.0_45]
	at java.lang.Thread.run(Unknown Source) [na:1.7.0_45]
09:02:26.023 [botPool0-bot0] INFO  org.pircbotx.InputParser - :tmi.twitch.tv 375 jdbener :-
09:02:26.024 [botPool0-bot0] INFO  org.pircbotx.InputParser - :tmi.twitch.tv 372 jdbener :You are in a maze of twisty passages, all alike.
09:02:26.024 [botPool0-bot0] INFO  org.pircbotx.InputParser - :tmi.twitch.tv 376 jdbener :>
09:02:26.133 [botPool0-bot0] INFO  org.pircbotx.InputParser - :jdbener!jdbener@jdbener.tmi.twitch.tv JOIN #jdbener
09:02:26.588 [botPool0-bot1] DEBUG org.pircbotx.PircBotX - Unable to connect to hitbox.tv using the IP address 212.232.25.4, trying to check another address.
java.net.ConnectException: Connection refused: connect
	at java.net.DualStackPlainSocketImpl.connect0(Native Method) ~[na:1.7.0_45]
	at java.net.DualStackPlainSocketImpl.socketConnect(Unknown Source) ~[na:1.7.0_45]
	at java.net.AbstractPlainSocketImpl.doConnect(Unknown Source) ~[na:1.7.0_45]
	at java.net.AbstractPlainSocketImpl.connectToAddress(Unknown Source) ~[na:1.7.0_45]
	at java.net.AbstractPlainSocketImpl.connect(Unknown Source) ~[na:1.7.0_45]
	at java.net.PlainSocketImpl.connect(Unknown Source) ~[na:1.7.0_45]
	at java.net.SocksSocketImpl.connect(Unknown Source) ~[na:1.7.0_45]
	at java.net.Socket.connect(Unknown Source) ~[na:1.7.0_45]
	at java.net.Socket.connect(Unknown Source) ~[na:1.7.0_45]
	at java.net.Socket.<init>(Unknown Source) ~[na:1.7.0_45]
	at java.net.Socket.<init>(Unknown Source) ~[na:1.7.0_45]
	at javax.net.DefaultSocketFactory.createSocket(Unknown Source) ~[na:1.7.0_45]
	at org.pircbotx.PircBotX.connect(PircBotX.java:194) ~[pircbotx-2.0.1.jar:na]
	at org.pircbotx.MultiBotManager$BotRunner.call(MultiBotManager.java:219) [pircbotx-2.0.1.jar:na]
	at org.pircbotx.MultiBotManager$BotRunner.call(MultiBotManager.java:212) [pircbotx-2.0.1.jar:na]
	at java.util.concurrent.FutureTask.run(Unknown Source) [na:1.7.0_45]
	at java.util.concurrent.ThreadPoolExecutor.runWorker(Unknown Source) [na:1.7.0_45]
	at java.util.concurrent.ThreadPoolExecutor$Worker.run(Unknown Source) [na:1.7.0_45]
	at java.lang.Thread.run(Unknown Source) [na:1.7.0_45]
09:02:26.590 [botPool0-bot1] ERROR o.p.MultiBotManager$BotFutureCallback - Bot exited with Exception
java.io.IOException: Unable to connect to the IRC network hitbox.tv (last connection attempt exception attached)
	at org.pircbotx.PircBotX.connect(PircBotX.java:206) ~[pircbotx-2.0.1.jar:na]
	at org.pircbotx.MultiBotManager$BotRunner.call(MultiBotManager.java:219) ~[pircbotx-2.0.1.jar:na]
	at org.pircbotx.MultiBotManager$BotRunner.call(MultiBotManager.java:212) ~[pircbotx-2.0.1.jar:na]
	at java.util.concurrent.FutureTask.run(Unknown Source) [na:1.7.0_45]
	at java.util.concurrent.ThreadPoolExecutor.runWorker(Unknown Source) [na:1.7.0_45]
	at java.util.concurrent.ThreadPoolExecutor$Worker.run(Unknown Source) [na:1.7.0_45]
	at java.lang.Thread.run(Unknown Source) [na:1.7.0_45]
Caused by: java.net.ConnectException: Connection refused: connect
	at java.net.DualStackPlainSocketImpl.connect0(Native Method) ~[na:1.7.0_45]
	at java.net.DualStackPlainSocketImpl.socketConnect(Unknown Source) ~[na:1.7.0_45]
	at java.net.AbstractPlainSocketImpl.doConnect(Unknown Source) ~[na:1.7.0_45]
	at java.net.AbstractPlainSocketImpl.connectToAddress(Unknown Source) ~[na:1.7.0_45]
	at java.net.AbstractPlainSocketImpl.connect(Unknown Source) ~[na:1.7.0_45]
	at java.net.PlainSocketImpl.connect(Unknown Source) ~[na:1.7.0_45]
	at java.net.SocksSocketImpl.connect(Unknown Source) ~[na:1.7.0_45]
	at java.net.Socket.connect(Unknown Source) ~[na:1.7.0_45]
	at java.net.Socket.connect(Unknown Source) ~[na:1.7.0_45]
	at java.net.Socket.<init>(Unknown Source) ~[na:1.7.0_45]
	at java.net.Socket.<init>(Unknown Source) ~[na:1.7.0_45]
	at javax.net.DefaultSocketFactory.createSocket(Unknown Source) ~[na:1.7.0_45]
	at org.pircbotx.PircBotX.connect(PircBotX.java:194) ~[pircbotx-2.0.1.jar:na]
	... 6 common frames omitted
09:02:27.016 [listenerPool0-thread2] INFO  org.pircbotx.output.OutputRaw - TWITCHCLIENT 1
09:02:28.020 [botPool0-bot0] INFO  org.pircbotx.output.OutputRaw - WHO #jdbener
09:02:29.021 [botPool0-bot0] INFO  org.pircbotx.output.OutputRaw - MODE #jdbener
09:02:29.024 [botPool0-bot0] INFO  org.pircbotx.InputParser - :jdbener.tmi.twitch.tv 353 jdbener = #jdbener :jdbener
09:02:29.024 [botPool0-bot0] INFO  org.pircbotx.InputParser - :jdbener.tmi.twitch.tv 366 jdbener #jdbener :End of /NAMES list
09:02:29.024 [botPool0-bot0] INFO  org.pircbotx.InputParser - :tmi.twitch.tv 421 jdbener WHO :Unknown command
09:02:39.817 [botPool0-bot0] INFO  org.pircbotx.InputParser - :gillsminnow!gillsminnow@gillsminnow.tmi.twitch.tv JOIN #jdbener
09:02:39.821 [botPool0-bot0] INFO  org.pircbotx.InputParser - :biogenx2b!biogenx2b@biogenx2b.tmi.twitch.tv JOIN #jdbener
09:02:39.821 [botPool0-bot0] INFO  org.pircbotx.InputParser - :jtv MODE #jdbener +o jdbener
09:04:26.288 [botPool0-bot0] INFO  org.pircbotx.InputParser - :jtv PRIVMSG jdbener :USERCOLOR gillsminnow #0000FF
09:04:26.290 [botPool0-bot0] INFO  org.pircbotx.InputParser - :gillsminnow!gillsminnow@gillsminnow.tmi.twitch.tv PRIVMSG #jdbener :ok ill catch you later then! stay safe :)
irc.twitch.tv
09:04:26.401 [Thread-9] INFO  me.jdbener.PHitboxBotX.PHitboxBotX - :bennerbot!bennerbot@hitbox.tv PRIVMSG #jdbener :Gillsminnow [Twitch]: ok ill catch you later then! stay safe :)
09:05:00.819 [botPool0-bot0] INFO  org.pircbotx.InputParser - :jtv PRIVMSG jdbener :USERCOLOR jdbener #1E90FF
09:05:00.821 [botPool0-bot0] INFO  org.pircbotx.InputParser - :jdbener!jdbener@jdbener.tmi.twitch.tv PRIVMSG #jdbener :you too :D
irc.twitch.tv
09:05:00.947 [Thread-9] INFO  me.jdbener.PHitboxBotX.PHitboxBotX - :bennerbot!bennerbot@hitbox.tv PRIVMSG #jdbener :Jdbener [Twitch]: you too :D
09:05:52.794 [botPool0-bot0] INFO  org.pircbotx.InputParser - :gillsminnow!gillsminnow@gillsminnow.tmi.twitch.tv PART #jdbener
09:05:52.797 [botPool0-bot0] WARN  org.pircbotx.Channel - Channel #jdbener mode '' is stale
09:05:52.850 [botPool0-bot0] WARN  org.pircbotx.Channel - Channel #jdbener mode '' is stale
09:05:52.858 [listenerPool0-thread16] ERROR o.p.h.m.ThreadedListenerManager - Exception encountered when executing event PartEvent(daoSnapshot=org.pircbotx.snapshot.UserChannelDaoSnapshot@73a3cf1f, channel=Channel(name=#jdbener, channelId=047a0232-5ed0-448c-9c8c-a901faf496ec, dao=null, bot=Version{PircBotX 2.0.1, a fork of PircBot, the Java IRC bot - pircbotx.googlecode.com} Connected{true} Server{irc.twitch.tv} Port{6667} Password{oauth:rg8w88t87hblyr1qq4ctjkyb5lc4z0}, output=org.pircbotx.Channel$1@7733789, mode=, topic=, topicTimestamp=0, createTimestamp=0, topicSetter=, moderated=false, noExternalMessages=false, inviteOnly=false, secret=false, channelPrivate=false, topicProtection=false, channelLimit=-1, channelKey=null, modeStale=false, modeLatch=null), user=UserSnapshot(super=User(bot=Version{PircBotX 2.0.1, a fork of PircBot, the Java IRC bot - pircbotx.googlecode.com} Connected{true} Server{irc.twitch.tv} Port{6667} Password{oauth:rg8w88t87hblyr1qq4ctjkyb5lc4z0}, dao=null, userId=fe834079-c818-4135-9a3d-e978def5fea3, output=org.pircbotx.User$1@1d430731, nick=gillsminnow, realName=, login=gillsminnow, hostmask=gillsminnow.tmi.twitch.tv, awayMessage=null, ircop=false, server=, hops=0)), reason=) on listener me.jdbener.levels.LevelManager@24e1f7dc
java.lang.NullPointerException: null
	at me.jdbener.Bennerbot.configGetString(Bennerbot.java:717) ~[bin/:na]
	at me.jdbener.levels.LevelManager.onPart(LevelManager.java:45) ~[bin/:na]
	at org.pircbotx.hooks.ListenerAdapter.onEvent(ListenerAdapter.java:79) ~[pircbotx-2.0.1.jar:na]
	at org.pircbotx.hooks.managers.ThreadedListenerManager$1.call(ThreadedListenerManager.java:119) [pircbotx-2.0.1.jar:na]
	at org.pircbotx.hooks.managers.ThreadedListenerManager$1.call(ThreadedListenerManager.java:115) [pircbotx-2.0.1.jar:na]
	at java.util.concurrent.FutureTask.run(Unknown Source) [na:1.7.0_45]
	at java.util.concurrent.ThreadPoolExecutor.runWorker(Unknown Source) [na:1.7.0_45]
	at java.util.concurrent.ThreadPoolExecutor$Worker.run(Unknown Source) [na:1.7.0_45]
	at java.lang.Thread.run(Unknown Source) [na:1.7.0_45]
