07:48:44.852 [main] INFO  me.jdbener.Bennerbot - Doing some database stuff, give me a moment
07:48:47.214 [main] WARN  me.jdbener.Bennerbot - Waiting for GUI to load
07:48:47.239 [AWT-EventQueue-0] INFO  me.jdbener.Bennerbot - Loading Beggining Tab Loading Sequence
07:48:47.262 [AWT-EventQueue-0] INFO  me.jdbener.Bennerbot - Loading the "General Configuration Tab"
07:48:48.857 [AWT-EventQueue-0] INFO  me.jdbener.Bennerbot - Loading the "Chat Display Tab"
07:48:48.900 [AWT-EventQueue-0] INFO  me.jdbener.Bennerbot - Loading the "Chat Display Window"
07:48:48.928 [AWT-EventQueue-0] INFO  me.jdbener.Bennerbot - Loading the "Chat Moderation Settings Tab"
07:48:48.968 [AWT-EventQueue-0] INFO  me.jdbener.Bennerbot - Loading the "Custom Commands Tab"
07:48:51.099 [AWT-EventQueue-0] INFO  me.jdbener.Bennerbot - Loading the "AutoMessage Tab"
07:48:52.102 [AWT-EventQueue-0] INFO  me.jdbener.Bennerbot - Loading the "Work in Progress Settings Tab"
07:48:52.111 [AWT-EventQueue-0] INFO  me.jdbener.Bennerbot - Loading the "Info Button"
07:48:52.112 [AWT-EventQueue-0] INFO  me.jdbener.Bennerbot - Finished Tab Initiation Squence... Loading Backend
07:48:55.048 [AWT-EventQueue-0] INFO  me.jdbener.Bennerbot - Finished Loading GUI Backend
07:48:55.122 [main] INFO  me.jdbener.Bennerbot - GUI loaded... Continuing with launch sequence
07:48:59.782 [main] INFO  me.jdbener.PHitboxBotX.PHitboxBotX - Getting Hitbox server IP: ec2-54-211-95-56.compute-1.amazonaws.com
07:49:00.291 [main] INFO  me.jdbener.PHitboxBotX.PHitboxBotX - Getting connection ID: JqZaFPLCvu8UuZ0YymND
07:49:00.291 [main] INFO  me.jdbener.PHitboxBotX.PHitboxBotX - Getting your token
07:49:00.577 [main] INFO  me.jdbener.PHitboxBotX.PHitboxBotX - Connecting to hitbox servers...
07:49:02.793 [main] INFO  me.jdbener.PHitboxBotX.PHitboxBotX - Sucessfully Connected... Joined Channel #jdbener
07:49:02.794 [main] INFO  me.jdbener.Bennerbot - Begining plugin loading
07:49:02.886 [main] INFO  me.jdbener.Bennerbot - Finished looking for plugins in: plugins
07:49:02.888 [main] INFO  me.jdbener.Bennerbot - Finished looking for plugins in: plugins/BasicCommands
07:49:02.893 [main] INFO  me.jdbener.Bennerbot - Finished looking for plugins in: plugins/dissabled
07:49:02.895 [main] INFO  me.jdbener.Bennerbot - Beggining pluging loading sequence
07:49:02.896 [main] INFO  me.jdbener.Bennerbot - Finished pluging loading sequence
07:49:02.896 [main] INFO  me.jdbener.Bennerbot - Proceading with BennerBot initiation sequence
07:49:02.897 [main] DEBUG org.pircbotx.PircBotX - Trying address irc.twitch.tv/199.9.250.229
07:49:02.927 [main] INFO  org.pircbotx.PircBotX - Connected to server.
07:49:02.934 [main] INFO  org.pircbotx.output.OutputRaw - PASS oauth:b04xqi37wbxwjrdyw268xvhumtamsm
07:49:02.935 [main] INFO  org.pircbotx.output.OutputRaw - NICK jdbener
07:49:02.935 [main] INFO  org.pircbotx.output.OutputRaw - USER BennerBot 8 * :PircBotX 2.0.1, a fork of PircBot, the Java IRC bot - pircbotx.googlecode.com
07:49:03.066 [main] INFO  org.pircbotx.InputParser - :tmi.twitch.tv 001 jdbener :Welcome, GLHF!
07:49:03.076 [main] DEBUG org.pircbotx.InputParser - Logged onto server.
07:49:03.937 [main] INFO  org.pircbotx.output.OutputRaw - JOIN #jdbener 
07:49:03.937 [main] INFO  org.pircbotx.InputParser - :tmi.twitch.tv 002 jdbener :Your host is tmi.twitch.tv
07:49:03.938 [main] INFO  org.pircbotx.InputParser - :tmi.twitch.tv 003 jdbener :This server is rather new
07:49:03.938 [main] INFO  org.pircbotx.InputParser - :tmi.twitch.tv 004 jdbener :-
07:49:03.944 [main] ERROR org.pircbotx.PircBotX - Exception encountered when parsing line
java.lang.IndexOutOfBoundsException: Index: 1, Size: 1
	at java.util.ArrayList.rangeCheck(Unknown Source) ~[na:1.7.0_45]
	at java.util.ArrayList.get(Unknown Source) ~[na:1.7.0_45]
	at org.pircbotx.ServerInfo.parse004(ServerInfo.java:113) ~[pircbotx-2.0.1.jar:na]
	at org.pircbotx.ServerInfo.parse(ServerInfo.java:106) ~[pircbotx-2.0.1.jar:na]
	at org.pircbotx.InputParser.processServerResponse(InputParser.java:709) ~[pircbotx-2.0.1.jar:na]
	at org.pircbotx.InputParser.handleLine(InputParser.java:323) ~[pircbotx-2.0.1.jar:na]
	at org.pircbotx.PircBotX.startLineProcessing(PircBotX.java:275) [pircbotx-2.0.1.jar:na]
	at org.pircbotx.PircBotX.connect(PircBotX.java:236) [pircbotx-2.0.1.jar:na]
	at org.pircbotx.PircBotX.startBot(PircBotX.java:151) [pircbotx-2.0.1.jar:na]
	at me.jdbener.Bennerbot.<init>(Bennerbot.java:323) [bin/:na]
	at me.jdbener.Bennerbot.main(Bennerbot.java:243) [bin/:na]
07:49:03.944 [main] INFO  org.pircbotx.InputParser - :tmi.twitch.tv 375 jdbener :-
07:49:03.944 [main] INFO  org.pircbotx.InputParser - :tmi.twitch.tv 372 jdbener :You are in a maze of twisty passages, all alike.
07:49:03.945 [main] INFO  org.pircbotx.InputParser - :tmi.twitch.tv 376 jdbener :>
07:49:03.984 [main] INFO  org.pircbotx.InputParser - :jdbener!jdbener@jdbener.tmi.twitch.tv JOIN #jdbener
07:49:04.938 [listenerPool0-thread6] INFO  org.pircbotx.output.OutputRaw - TWITCHCLIENT 1
07:49:05.939 [main] INFO  org.pircbotx.output.OutputRaw - WHO #jdbener
07:49:06.940 [main] INFO  org.pircbotx.output.OutputRaw - MODE #jdbener
07:49:06.943 [main] INFO  org.pircbotx.InputParser - :jdbener.tmi.twitch.tv 353 jdbener = #jdbener :jdbener
07:49:06.944 [main] INFO  org.pircbotx.InputParser - :jdbener.tmi.twitch.tv 366 jdbener #jdbener :End of /NAMES list
07:49:06.944 [main] INFO  org.pircbotx.InputParser - :tmi.twitch.tv 421 jdbener WHO :Unknown command
07:49:06.945 [main] INFO  org.pircbotx.InputParser - :jtv PRIVMSG jdbener :USERCOLOR jdbener #1E90FF
07:49:06.945 [main] INFO  org.pircbotx.InputParser - :jdbener!jdbener@jdbener.tmi.twitch.tv PRIVMSG #jdbener :shouldn't you be in school dwarf...
irc.twitch.tv
07:49:59.153 [pool-7-thread-1] INFO  org.pircbotx.output.OutputRaw - PRIVMSG #jdbener :/unhost
07:49:59.259 [main] INFO  org.pircbotx.InputParser - :jtv!jtv@jtv.tmi.twitch.tv PRIVMSG jdbener :No channel is currently being hosted.
07:50:11.234 [main] INFO  org.pircbotx.InputParser - :biogenx2b!biogenx2b@biogenx2b.tmi.twitch.tv JOIN #jdbener
07:50:11.235 [main] INFO  org.pircbotx.InputParser - :jtv MODE #jdbener +o jdbener
07:50:59.171 [pool-7-thread-1] INFO  org.pircbotx.output.OutputRaw - PRIVMSG #jdbener :/unhost
07:50:59.222 [main] INFO  org.pircbotx.InputParser - :jtv!jtv@jtv.tmi.twitch.tv PRIVMSG jdbener :No channel is currently being hosted.
07:51:08.816 [main] INFO  org.pircbotx.InputParser - :nvoidknight!nvoidknight@nvoidknight.tmi.twitch.tv JOIN #jdbener
07:51:59.126 [pool-7-thread-1] INFO  org.pircbotx.output.OutputRaw - PRIVMSG #jdbener :/unhost
07:51:59.177 [main] INFO  org.pircbotx.InputParser - :jtv!jtv@jtv.tmi.twitch.tv PRIVMSG jdbener :No channel is currently being hosted.
07:52:09.634 [main] INFO  org.pircbotx.InputParser - :nvoidknight!nvoidknight@nvoidknight.tmi.twitch.tv PART #jdbener
07:52:09.638 [main] WARN  org.pircbotx.Channel - Channel #jdbener mode '' is stale
07:52:09.656 [main] WARN  org.pircbotx.Channel - Channel #jdbener mode '' is stale
07:52:09.669 [listenerPool0-thread7] ERROR o.p.h.m.ThreadedListenerManager - Exception encountered when executing event PartEvent(daoSnapshot=org.pircbotx.snapshot.UserChannelDaoSnapshot@31587782, channel=Channel(name=#jdbener, channelId=7f9cd8a5-9a7e-465c-bc63-23bae0bd90e7, dao=null, bot=Version{PircBotX 2.0.1, a fork of PircBot, the Java IRC bot - pircbotx.googlecode.com} Connected{true} Server{irc.twitch.tv} Port{6667} Password{oauth:b04xqi37wbxwjrdyw268xvhumtamsm}, output=org.pircbotx.Channel$1@270e111d, mode=, topic=, topicTimestamp=0, createTimestamp=0, topicSetter=, moderated=false, noExternalMessages=false, inviteOnly=false, secret=false, channelPrivate=false, topicProtection=false, channelLimit=-1, channelKey=null, modeStale=false, modeLatch=null), user=UserSnapshot(super=User(bot=Version{PircBotX 2.0.1, a fork of PircBot, the Java IRC bot - pircbotx.googlecode.com} Connected{true} Server{irc.twitch.tv} Port{6667} Password{oauth:b04xqi37wbxwjrdyw268xvhumtamsm}, dao=null, userId=10b63fbf-3101-4601-a9c1-1e7e23c5fc64, output=org.pircbotx.User$1@c859af3, nick=nvoidknight, realName=, login=nvoidknight, hostmask=nvoidknight.tmi.twitch.tv, awayMessage=null, ircop=false, server=, hops=0)), reason=) on listener me.jdbener.levels.LevelManager@677060fa
java.lang.NullPointerException: null
	at me.jdbener.Bennerbot.configGetString(Bennerbot.java:716) ~[bin/:na]
	at me.jdbener.levels.LevelManager.onPart(LevelManager.java:45) ~[bin/:na]
	at org.pircbotx.hooks.ListenerAdapter.onEvent(ListenerAdapter.java:79) ~[pircbotx-2.0.1.jar:na]
	at org.pircbotx.hooks.managers.ThreadedListenerManager$1.call(ThreadedListenerManager.java:119) [pircbotx-2.0.1.jar:na]
	at org.pircbotx.hooks.managers.ThreadedListenerManager$1.call(ThreadedListenerManager.java:115) [pircbotx-2.0.1.jar:na]
	at java.util.concurrent.FutureTask.run(Unknown Source) [na:1.7.0_45]
	at java.util.concurrent.ThreadPoolExecutor.runWorker(Unknown Source) [na:1.7.0_45]
	at java.util.concurrent.ThreadPoolExecutor$Worker.run(Unknown Source) [na:1.7.0_45]
	at java.lang.Thread.run(Unknown Source) [na:1.7.0_45]
07:52:59.136 [pool-7-thread-1] INFO  org.pircbotx.output.OutputRaw - PRIVMSG #jdbener :/unhost
07:52:59.188 [main] INFO  org.pircbotx.InputParser - :jtv!jtv@jtv.tmi.twitch.tv PRIVMSG jdbener :No channel is currently being hosted.
07:53:25.583 [main] INFO  org.pircbotx.InputParser - PING :tmi.twitch.tv
07:53:25.583 [listenerPool0-thread2] INFO  org.pircbotx.output.OutputRaw - PONG tmi.twitch.tv
07:53:59.170 [pool-7-thread-1] INFO  org.pircbotx.output.OutputRaw - PRIVMSG #jdbener :/unhost
07:53:59.223 [main] INFO  org.pircbotx.InputParser - :jtv!jtv@jtv.tmi.twitch.tv PRIVMSG jdbener :No channel is currently being hosted.
07:54:59.137 [pool-7-thread-1] INFO  org.pircbotx.output.OutputRaw - PRIVMSG #jdbener :/unhost
07:54:59.191 [main] INFO  org.pircbotx.InputParser - :jtv!jtv@jtv.tmi.twitch.tv PRIVMSG jdbener :No channel is currently being hosted.
07:55:59.150 [pool-7-thread-1] INFO  org.pircbotx.output.OutputRaw - PRIVMSG #jdbener :/unhost
07:55:59.207 [main] INFO  org.pircbotx.InputParser - :jtv!jtv@jtv.tmi.twitch.tv PRIVMSG jdbener :No channel is currently being hosted.
07:56:59.184 [pool-7-thread-1] INFO  org.pircbotx.output.OutputRaw - PRIVMSG #jdbener :/unhost
07:56:59.239 [main] INFO  org.pircbotx.InputParser - :jtv!jtv@jtv.tmi.twitch.tv PRIVMSG jdbener :No channel is currently being hosted.
07:57:37.853 [main] INFO  org.pircbotx.InputParser - PING :tmi.twitch.tv
07:57:37.853 [listenerPool0-thread26] INFO  org.pircbotx.output.OutputRaw - PONG tmi.twitch.tv
07:57:59.140 [pool-7-thread-1] INFO  org.pircbotx.output.OutputRaw - PRIVMSG #jdbener :/unhost
07:57:59.196 [main] INFO  org.pircbotx.InputParser - :jtv!jtv@jtv.tmi.twitch.tv PRIVMSG jdbener :No channel is currently being hosted.
07:58:59.151 [pool-7-thread-1] INFO  org.pircbotx.output.OutputRaw - PRIVMSG #jdbener :/unhost
07:58:59.213 [main] INFO  org.pircbotx.InputParser - :jtv!jtv@jtv.tmi.twitch.tv PRIVMSG jdbener :No channel is currently being hosted.
07:59:59.197 [pool-7-thread-1] INFO  org.pircbotx.output.OutputRaw - PRIVMSG #jdbener :/unhost
07:59:59.251 [main] INFO  org.pircbotx.InputParser - :jtv!jtv@jtv.tmi.twitch.tv PRIVMSG jdbener :No channel is currently being hosted.
08:00:59.076 [pool-7-thread-1] INFO  org.pircbotx.output.OutputRaw - PRIVMSG #jdbener :/unhost
08:00:59.126 [main] INFO  org.pircbotx.InputParser - :jtv!jtv@jtv.tmi.twitch.tv PRIVMSG jdbener :No channel is currently being hosted.
08:01:59.149 [pool-7-thread-1] INFO  org.pircbotx.output.OutputRaw - PRIVMSG #jdbener :/unhost
08:01:59.204 [main] INFO  org.pircbotx.InputParser - :jtv!jtv@jtv.tmi.twitch.tv PRIVMSG jdbener :No channel is currently being hosted.
08:02:14.259 [main] INFO  org.pircbotx.InputParser - PING :tmi.twitch.tv
08:02:14.259 [listenerPool0-thread51] INFO  org.pircbotx.output.OutputRaw - PONG tmi.twitch.tv
08:02:59.184 [pool-7-thread-1] INFO  org.pircbotx.output.OutputRaw - PRIVMSG #jdbener :/unhost
08:02:59.244 [main] INFO  org.pircbotx.InputParser - :jtv!jtv@jtv.tmi.twitch.tv PRIVMSG jdbener :No channel is currently being hosted.
08:03:59.198 [pool-7-thread-1] INFO  org.pircbotx.output.OutputRaw - PRIVMSG #jdbener :/unhost
08:03:59.257 [main] INFO  org.pircbotx.InputParser - :jtv!jtv@jtv.tmi.twitch.tv PRIVMSG jdbener :No channel is currently being hosted.
08:04:59.175 [pool-7-thread-1] INFO  org.pircbotx.output.OutputRaw - PRIVMSG #jdbener :/unhost
08:04:59.227 [main] INFO  org.pircbotx.InputParser - :jtv!jtv@jtv.tmi.twitch.tv PRIVMSG jdbener :No channel is currently being hosted.
08:06:00.848 [pool-7-thread-1] INFO  org.pircbotx.output.OutputRaw - PRIVMSG #jdbener :/unhost
08:06:00.964 [main] INFO  org.pircbotx.InputParser - :jtv!jtv@jtv.tmi.twitch.tv PRIVMSG jdbener :No channel is currently being hosted.
08:06:25.076 [main] INFO  org.pircbotx.InputParser - PING :tmi.twitch.tv
08:06:25.077 [listenerPool0-thread68] INFO  org.pircbotx.output.OutputRaw - PONG tmi.twitch.tv
08:06:56.673 [main] INFO  org.pircbotx.InputParser - :jerry_the_racecar_driver!jerry_the_racecar_driver@jerry_the_racecar_driver.tmi.twitch.tv JOIN #jdbener
08:06:59.184 [pool-7-thread-1] INFO  org.pircbotx.output.OutputRaw - PRIVMSG #jdbener :/unhost
08:06:59.234 [main] INFO  org.pircbotx.InputParser - :jtv!jtv@jtv.tmi.twitch.tv PRIVMSG jdbener :No channel is currently being hosted.
08:07:59.193 [pool-7-thread-1] INFO  org.pircbotx.output.OutputRaw - PRIVMSG #jdbener :/unhost
08:07:59.258 [main] INFO  org.pircbotx.InputParser - :jtv!jtv@jtv.tmi.twitch.tv PRIVMSG jdbener :No channel is currently being hosted.
08:08:59.196 [pool-7-thread-1] INFO  org.pircbotx.output.OutputRaw - PRIVMSG #jdbener :/unhost
08:08:59.249 [main] INFO  org.pircbotx.InputParser - :jtv!jtv@jtv.tmi.twitch.tv PRIVMSG jdbener :No channel is currently being hosted.
08:09:59.566 [pool-7-thread-1] INFO  org.pircbotx.output.OutputRaw - PRIVMSG #jdbener :/unhost
08:09:59.752 [main] INFO  org.pircbotx.InputParser - :jtv!jtv@jtv.tmi.twitch.tv PRIVMSG jdbener :No channel is currently being hosted.
08:10:41.897 [main] INFO  org.pircbotx.InputParser - PING :tmi.twitch.tv
08:10:41.897 [listenerPool0-thread89] INFO  org.pircbotx.output.OutputRaw - PONG tmi.twitch.tv
08:10:59.154 [pool-7-thread-1] INFO  org.pircbotx.output.OutputRaw - PRIVMSG #jdbener :/unhost
08:10:59.214 [main] INFO  org.pircbotx.InputParser - :jtv!jtv@jtv.tmi.twitch.tv PRIVMSG jdbener :No channel is currently being hosted.
08:11:46.417 [main] INFO  org.pircbotx.InputParser - :deathclaw_killa3!deathclaw_killa3@deathclaw_killa3.tmi.twitch.tv PRIVMSG #jdbener :I love this game!!
irc.twitch.tv
08:11:59.085 [pool-7-thread-1] INFO  org.pircbotx.output.OutputRaw - PRIVMSG #jdbener :/unhost
08:11:59.141 [main] INFO  org.pircbotx.InputParser - :jtv!jtv@jtv.tmi.twitch.tv PRIVMSG jdbener :No channel is currently being hosted.
08:12:17.688 [main] INFO  org.pircbotx.InputParser - :deathclaw_killa3!deathclaw_killa3@deathclaw_killa3.tmi.twitch.tv JOIN #jdbener
08:12:59.156 [pool-7-thread-1] INFO  org.pircbotx.output.OutputRaw - PRIVMSG #jdbener :/unhost
08:12:59.207 [main] INFO  org.pircbotx.InputParser - :jtv!jtv@jtv.tmi.twitch.tv PRIVMSG jdbener :No channel is currently being hosted.
08:13:14.171 [main] INFO  org.pircbotx.InputParser - :jerry_the_racecar_driver!jerry_the_racecar_driver@jerry_the_racecar_driver.tmi.twitch.tv PART #jdbener
08:13:14.171 [main] WARN  org.pircbotx.Channel - Channel #jdbener mode '' is stale
08:13:14.171 [main] WARN  org.pircbotx.Channel - Channel #jdbener mode '' is stale
08:13:14.172 [main] INFO  org.pircbotx.InputParser - :deathclaw_killa3!deathclaw_killa3@deathclaw_killa3.tmi.twitch.tv PART #jdbener
08:13:14.172 [main] WARN  org.pircbotx.Channel - Channel #jdbener mode '' is stale
08:13:14.172 [listenerPool0-thread96] ERROR o.p.h.m.ThreadedListenerManager - Exception encountered when executing event PartEvent(daoSnapshot=org.pircbotx.snapshot.UserChannelDaoSnapshot@430a3f5e, channel=Channel(name=#jdbener, channelId=96949ce0-01f9-4fbc-b333-9fbbf40c56c8, dao=null, bot=Version{PircBotX 2.0.1, a fork of PircBot, the Java IRC bot - pircbotx.googlecode.com} Connected{true} Server{irc.twitch.tv} Port{6667} Password{oauth:b04xqi37wbxwjrdyw268xvhumtamsm}, output=org.pircbotx.Channel$1@55c656b4, mode=, topic=, topicTimestamp=0, createTimestamp=0, topicSetter=, moderated=false, noExternalMessages=false, inviteOnly=false, secret=false, channelPrivate=false, topicProtection=false, channelLimit=-1, channelKey=null, modeStale=false, modeLatch=null), user=UserSnapshot(super=User(bot=Version{PircBotX 2.0.1, a fork of PircBot, the Java IRC bot - pircbotx.googlecode.com} Connected{true} Server{irc.twitch.tv} Port{6667} Password{oauth:b04xqi37wbxwjrdyw268xvhumtamsm}, dao=null, userId=c595c02c-a7cf-45bb-9f7d-07eb1392eb8d, output=org.pircbotx.User$1@50666f6a, nick=jerry_the_racecar_driver, realName=, login=jerry_the_racecar_driver, hostmask=jerry_the_racecar_driver.tmi.twitch.tv, awayMessage=null, ircop=false, server=, hops=0)), reason=) on listener me.jdbener.levels.LevelManager@677060fa
java.lang.NullPointerException: null
	at me.jdbener.Bennerbot.configGetString(Bennerbot.java:716) ~[bin/:na]
	at me.jdbener.levels.LevelManager.onPart(LevelManager.java:45) ~[bin/:na]
	at org.pircbotx.hooks.ListenerAdapter.onEvent(ListenerAdapter.java:79) ~[pircbotx-2.0.1.jar:na]
	at org.pircbotx.hooks.managers.ThreadedListenerManager$1.call(ThreadedListenerManager.java:119) [pircbotx-2.0.1.jar:na]
	at org.pircbotx.hooks.managers.ThreadedListenerManager$1.call(ThreadedListenerManager.java:115) [pircbotx-2.0.1.jar:na]
	at java.util.concurrent.FutureTask.run(Unknown Source) [na:1.7.0_45]
	at java.util.concurrent.ThreadPoolExecutor.runWorker(Unknown Source) [na:1.7.0_45]
	at java.util.concurrent.ThreadPoolExecutor$Worker.run(Unknown Source) [na:1.7.0_45]
	at java.lang.Thread.run(Unknown Source) [na:1.7.0_45]
08:13:14.172 [main] WARN  org.pircbotx.Channel - Channel #jdbener mode '' is stale
08:13:14.173 [listenerPool0-thread89] ERROR o.p.h.m.ThreadedListenerManager - Exception encountered when executing event PartEvent(daoSnapshot=org.pircbotx.snapshot.UserChannelDaoSnapshot@751cc162, channel=Channel(name=#jdbener, channelId=6329a990-d29c-4a30-a25c-7a08f67c6c15, dao=null, bot=Version{PircBotX 2.0.1, a fork of PircBot, the Java IRC bot - pircbotx.googlecode.com} Connected{true} Server{irc.twitch.tv} Port{6667} Password{oauth:b04xqi37wbxwjrdyw268xvhumtamsm}, output=org.pircbotx.Channel$1@32dc44ff, mode=, topic=, topicTimestamp=0, createTimestamp=0, topicSetter=, moderated=false, noExternalMessages=false, inviteOnly=false, secret=false, channelPrivate=false, topicProtection=false, channelLimit=-1, channelKey=null, modeStale=false, modeLatch=null), user=UserSnapshot(super=User(bot=Version{PircBotX 2.0.1, a fork of PircBot, the Java IRC bot - pircbotx.googlecode.com} Connected{true} Server{irc.twitch.tv} Port{6667} Password{oauth:b04xqi37wbxwjrdyw268xvhumtamsm}, dao=null, userId=0416ce7e-8b81-4720-9424-18d0d2f65fe7, output=org.pircbotx.User$1@1b35db6f, nick=deathclaw_killa3, realName=, login=deathclaw_killa3, hostmask=deathclaw_killa3.tmi.twitch.tv, awayMessage=null, ircop=false, server=, hops=0)), reason=) on listener me.jdbener.levels.LevelManager@677060fa
java.lang.NullPointerException: null
	at me.jdbener.Bennerbot.configGetString(Bennerbot.java:716) ~[bin/:na]
	at me.jdbener.levels.LevelManager.onPart(LevelManager.java:45) ~[bin/:na]
	at org.pircbotx.hooks.ListenerAdapter.onEvent(ListenerAdapter.java:79) ~[pircbotx-2.0.1.jar:na]
	at org.pircbotx.hooks.managers.ThreadedListenerManager$1.call(ThreadedListenerManager.java:119) [pircbotx-2.0.1.jar:na]
	at org.pircbotx.hooks.managers.ThreadedListenerManager$1.call(ThreadedListenerManager.java:115) [pircbotx-2.0.1.jar:na]
	at java.util.concurrent.FutureTask.run(Unknown Source) [na:1.7.0_45]
	at java.util.concurrent.ThreadPoolExecutor.runWorker(Unknown Source) [na:1.7.0_45]
	at java.util.concurrent.ThreadPoolExecutor$Worker.run(Unknown Source) [na:1.7.0_45]
	at java.lang.Thread.run(Unknown Source) [na:1.7.0_45]
08:13:59.196 [pool-7-thread-1] INFO  org.pircbotx.output.OutputRaw - PRIVMSG #jdbener :/unhost
08:13:59.256 [main] INFO  org.pircbotx.InputParser - :jtv!jtv@jtv.tmi.twitch.tv PRIVMSG jdbener :No channel is currently being hosted.
08:14:59.199 [pool-7-thread-1] INFO  org.pircbotx.output.OutputRaw - PRIVMSG #jdbener :/unhost
08:14:59.253 [main] INFO  org.pircbotx.InputParser - :jtv!jtv@jtv.tmi.twitch.tv PRIVMSG jdbener :No channel is currently being hosted.
08:15:32.711 [main] INFO  org.pircbotx.InputParser - PING :tmi.twitch.tv
08:15:32.711 [listenerPool0-thread98] INFO  org.pircbotx.output.OutputRaw - PONG tmi.twitch.tv
08:15:59.165 [pool-7-thread-1] INFO  org.pircbotx.output.OutputRaw - PRIVMSG #jdbener :/unhost
08:15:59.221 [main] INFO  org.pircbotx.InputParser - :jtv!jtv@jtv.tmi.twitch.tv PRIVMSG jdbener :No channel is currently being hosted.
08:16:59.154 [pool-7-thread-1] INFO  org.pircbotx.output.OutputRaw - PRIVMSG #jdbener :/unhost
08:16:59.201 [main] INFO  org.pircbotx.InputParser - :jtv!jtv@jtv.tmi.twitch.tv PRIVMSG jdbener :No channel is currently being hosted.
08:17:59.158 [pool-7-thread-1] INFO  org.pircbotx.output.OutputRaw - PRIVMSG #jdbener :/unhost
08:17:59.222 [main] INFO  org.pircbotx.InputParser - :jtv!jtv@jtv.tmi.twitch.tv PRIVMSG jdbener :No channel is currently being hosted.
08:18:59.159 [pool-7-thread-1] INFO  org.pircbotx.output.OutputRaw - PRIVMSG #jdbener :/unhost
08:18:59.211 [main] INFO  org.pircbotx.InputParser - :jtv!jtv@jtv.tmi.twitch.tv PRIVMSG jdbener :No channel is currently being hosted.
08:19:41.737 [main] INFO  org.pircbotx.InputParser - PING :tmi.twitch.tv
08:19:41.738 [listenerPool0-thread105] INFO  org.pircbotx.output.OutputRaw - PONG tmi.twitch.tv
08:19:59.159 [pool-7-thread-1] INFO  org.pircbotx.output.OutputRaw - PRIVMSG #jdbener :/unhost
08:19:59.205 [main] INFO  org.pircbotx.InputParser - :jtv!jtv@jtv.tmi.twitch.tv PRIVMSG jdbener :No channel is currently being hosted.
08:20:59.161 [pool-7-thread-1] INFO  org.pircbotx.output.OutputRaw - PRIVMSG #jdbener :/unhost
08:20:59.215 [main] INFO  org.pircbotx.InputParser - :jtv!jtv@jtv.tmi.twitch.tv PRIVMSG jdbener :No channel is currently being hosted.
08:21:59.162 [pool-7-thread-1] INFO  org.pircbotx.output.OutputRaw - PRIVMSG #jdbener :/unhost
08:21:59.220 [main] INFO  org.pircbotx.InputParser - :jtv!jtv@jtv.tmi.twitch.tv PRIVMSG jdbener :No channel is currently being hosted.
08:22:59.200 [pool-7-thread-1] INFO  org.pircbotx.output.OutputRaw - PRIVMSG #jdbener :/unhost
08:22:59.256 [main] INFO  org.pircbotx.InputParser - :jtv!jtv@jtv.tmi.twitch.tv PRIVMSG jdbener :No channel is currently being hosted.
08:23:59.164 [pool-7-thread-1] INFO  org.pircbotx.output.OutputRaw - PRIVMSG #jdbener :/unhost
08:23:59.216 [main] INFO  org.pircbotx.InputParser - :jtv!jtv@jtv.tmi.twitch.tv PRIVMSG jdbener :No channel is currently being hosted.
08:24:21.420 [main] INFO  org.pircbotx.InputParser - PING :tmi.twitch.tv
08:24:21.421 [listenerPool0-thread142] INFO  org.pircbotx.output.OutputRaw - PONG tmi.twitch.tv
08:24:59.208 [pool-7-thread-1] INFO  org.pircbotx.output.OutputRaw - PRIVMSG #jdbener :/unhost
08:24:59.262 [main] INFO  org.pircbotx.InputParser - :jtv!jtv@jtv.tmi.twitch.tv PRIVMSG jdbener :No channel is currently being hosted.
08:25:59.166 [pool-7-thread-1] INFO  org.pircbotx.output.OutputRaw - PRIVMSG #jdbener :/unhost
08:25:59.227 [main] INFO  org.pircbotx.InputParser - :jtv!jtv@jtv.tmi.twitch.tv PRIVMSG jdbener :No channel is currently being hosted.
08:26:59.171 [pool-7-thread-1] INFO  org.pircbotx.output.OutputRaw - PRIVMSG #jdbener :/unhost
08:26:59.225 [main] INFO  org.pircbotx.InputParser - :jtv!jtv@jtv.tmi.twitch.tv PRIVMSG jdbener :No channel is currently being hosted.
08:27:59.106 [pool-7-thread-1] INFO  org.pircbotx.output.OutputRaw - PRIVMSG #jdbener :/unhost
08:27:59.160 [main] INFO  org.pircbotx.InputParser - :jtv!jtv@jtv.tmi.twitch.tv PRIVMSG jdbener :No channel is currently being hosted.
08:28:59.142 [pool-7-thread-1] INFO  org.pircbotx.output.OutputRaw - PRIVMSG #jdbener :/unhost
08:28:59.219 [main] INFO  org.pircbotx.InputParser - :jtv!jtv@jtv.tmi.twitch.tv PRIVMSG jdbener :No channel is currently being hosted.
08:29:02.437 [main] INFO  org.pircbotx.InputParser - PING :tmi.twitch.tv
08:29:02.437 [listenerPool0-thread153] INFO  org.pircbotx.output.OutputRaw - PONG tmi.twitch.tv
08:29:24.535 [main] INFO  org.pircbotx.InputParser - :infernopike!infernopike@infernopike.tmi.twitch.tv JOIN #jdbener
08:29:59.111 [pool-7-thread-1] INFO  org.pircbotx.output.OutputRaw - PRIVMSG #jdbener :/unhost
08:29:59.163 [main] INFO  org.pircbotx.InputParser - :jtv!jtv@jtv.tmi.twitch.tv PRIVMSG jdbener :No channel is currently being hosted.
08:30:59.112 [pool-7-thread-1] INFO  org.pircbotx.output.OutputRaw - PRIVMSG #jdbener :/unhost
08:30:59.169 [main] INFO  org.pircbotx.InputParser - :jtv!jtv@jtv.tmi.twitch.tv PRIVMSG jdbener :No channel is currently being hosted.
08:31:59.160 [pool-7-thread-1] INFO  org.pircbotx.output.OutputRaw - PRIVMSG #jdbener :/unhost
08:31:59.221 [main] INFO  org.pircbotx.InputParser - :jtv!jtv@jtv.tmi.twitch.tv PRIVMSG jdbener :No channel is currently being hosted.
08:32:59.110 [pool-7-thread-1] INFO  org.pircbotx.output.OutputRaw - PRIVMSG #jdbener :/unhost
08:32:59.165 [main] INFO  org.pircbotx.InputParser - :jtv!jtv@jtv.tmi.twitch.tv PRIVMSG jdbener :No channel is currently being hosted.
08:33:48.419 [main] INFO  org.pircbotx.InputParser - :infernopike!infernopike@infernopike.tmi.twitch.tv PART #jdbener
08:33:48.419 [main] WARN  org.pircbotx.Channel - Channel #jdbener mode '' is stale
08:33:48.419 [main] WARN  org.pircbotx.Channel - Channel #jdbener mode '' is stale
08:33:48.420 [listenerPool0-thread168] ERROR o.p.h.m.ThreadedListenerManager - Exception encountered when executing event PartEvent(daoSnapshot=org.pircbotx.snapshot.UserChannelDaoSnapshot@45e4cf97, channel=Channel(name=#jdbener, channelId=28a0c207-0984-4ed9-9b95-9cb4fbcbabe5, dao=null, bot=Version{PircBotX 2.0.1, a fork of PircBot, the Java IRC bot - pircbotx.googlecode.com} Connected{true} Server{irc.twitch.tv} Port{6667} Password{oauth:b04xqi37wbxwjrdyw268xvhumtamsm}, output=org.pircbotx.Channel$1@342e5233, mode=, topic=, topicTimestamp=0, createTimestamp=0, topicSetter=, moderated=false, noExternalMessages=false, inviteOnly=false, secret=false, channelPrivate=false, topicProtection=false, channelLimit=-1, channelKey=null, modeStale=false, modeLatch=null), user=UserSnapshot(super=User(bot=Version{PircBotX 2.0.1, a fork of PircBot, the Java IRC bot - pircbotx.googlecode.com} Connected{true} Server{irc.twitch.tv} Port{6667} Password{oauth:b04xqi37wbxwjrdyw268xvhumtamsm}, dao=null, userId=4002929b-f48e-4486-a8eb-38226abf061f, output=org.pircbotx.User$1@4d16ad08, nick=infernopike, realName=, login=infernopike, hostmask=infernopike.tmi.twitch.tv, awayMessage=null, ircop=false, server=, hops=0)), reason=) on listener me.jdbener.levels.LevelManager@677060fa
java.lang.NullPointerException: null
	at me.jdbener.Bennerbot.configGetString(Bennerbot.java:716) ~[bin/:na]
	at me.jdbener.levels.LevelManager.onPart(LevelManager.java:45) ~[bin/:na]
	at org.pircbotx.hooks.ListenerAdapter.onEvent(ListenerAdapter.java:79) ~[pircbotx-2.0.1.jar:na]
	at org.pircbotx.hooks.managers.ThreadedListenerManager$1.call(ThreadedListenerManager.java:119) [pircbotx-2.0.1.jar:na]
	at org.pircbotx.hooks.managers.ThreadedListenerManager$1.call(ThreadedListenerManager.java:115) [pircbotx-2.0.1.jar:na]
	at java.util.concurrent.FutureTask.run(Unknown Source) [na:1.7.0_45]
	at java.util.concurrent.ThreadPoolExecutor.runWorker(Unknown Source) [na:1.7.0_45]
	at java.util.concurrent.ThreadPoolExecutor$Worker.run(Unknown Source) [na:1.7.0_45]
	at java.lang.Thread.run(Unknown Source) [na:1.7.0_45]
08:33:57.565 [main] INFO  org.pircbotx.InputParser - PING :tmi.twitch.tv
08:33:57.565 [listenerPool0-thread168] INFO  org.pircbotx.output.OutputRaw - PONG tmi.twitch.tv
08:33:59.190 [pool-7-thread-1] INFO  org.pircbotx.output.OutputRaw - PRIVMSG #jdbener :/unhost
08:33:59.244 [main] INFO  org.pircbotx.InputParser - :jtv!jtv@jtv.tmi.twitch.tv PRIVMSG jdbener :No channel is currently being hosted.
08:34:59.111 [pool-7-thread-1] INFO  org.pircbotx.output.OutputRaw - PRIVMSG #jdbener :/unhost
08:34:59.162 [main] INFO  org.pircbotx.InputParser - :jtv!jtv@jtv.tmi.twitch.tv PRIVMSG jdbener :No channel is currently being hosted.
08:35:59.117 [pool-7-thread-1] INFO  org.pircbotx.output.OutputRaw - PRIVMSG #jdbener :/unhost
08:35:59.174 [main] INFO  org.pircbotx.InputParser - :jtv!jtv@jtv.tmi.twitch.tv PRIVMSG jdbener :No channel is currently being hosted.
08:36:59.119 [pool-7-thread-1] INFO  org.pircbotx.output.OutputRaw - PRIVMSG #jdbener :/unhost
08:36:59.178 [main] INFO  org.pircbotx.InputParser - :jtv!jtv@jtv.tmi.twitch.tv PRIVMSG jdbener :No channel is currently being hosted.
08:37:59.121 [pool-7-thread-1] INFO  org.pircbotx.output.OutputRaw - PRIVMSG #jdbener :/unhost
08:37:59.170 [main] INFO  org.pircbotx.InputParser - :jtv!jtv@jtv.tmi.twitch.tv PRIVMSG jdbener :No channel is currently being hosted.
08:38:37.264 [main] INFO  org.pircbotx.InputParser - PING :tmi.twitch.tv
08:38:37.265 [listenerPool0-thread194] INFO  org.pircbotx.output.OutputRaw - PONG tmi.twitch.tv
08:38:59.117 [pool-7-thread-1] INFO  org.pircbotx.output.OutputRaw - PRIVMSG #jdbener :/unhost
08:38:59.176 [main] INFO  org.pircbotx.InputParser - :jtv!jtv@jtv.tmi.twitch.tv PRIVMSG jdbener :No channel is currently being hosted.
08:39:01.852 [main] INFO  org.pircbotx.InputParser - :cheat55!cheat55@cheat55.tmi.twitch.tv PRIVMSG #jdbener :Did you recently buy the game?
irc.twitch.tv
08:39:59.218 [pool-7-thread-1] INFO  org.pircbotx.output.OutputRaw - PRIVMSG #jdbener :/unhost
08:39:59.277 [main] INFO  org.pircbotx.InputParser - :jtv!jtv@jtv.tmi.twitch.tv PRIVMSG jdbener :No channel is currently being hosted.
08:40:08.982 [main] INFO  org.pircbotx.InputParser - :cheat55!cheat55@cheat55.tmi.twitch.tv JOIN #jdbener
08:40:59.225 [pool-7-thread-1] INFO  org.pircbotx.output.OutputRaw - PRIVMSG #jdbener :/unhost
08:40:59.278 [main] INFO  org.pircbotx.InputParser - :jtv!jtv@jtv.tmi.twitch.tv PRIVMSG jdbener :No channel is currently being hosted.
08:41:09.988 [main] INFO  org.pircbotx.InputParser - :cheat55!cheat55@cheat55.tmi.twitch.tv PRIVMSG #jdbener :I got the game off pirate bay about 2days ago
irc.twitch.tv
08:41:59.185 [pool-7-thread-1] INFO  org.pircbotx.output.OutputRaw - PRIVMSG #jdbener :/unhost
08:41:59.242 [main] INFO  org.pircbotx.InputParser - :jtv!jtv@jtv.tmi.twitch.tv PRIVMSG jdbener :No channel is currently being hosted.
08:42:19.426 [main] INFO  org.pircbotx.InputParser - :chendaming!chendaming@chendaming.tmi.twitch.tv JOIN #jdbener
08:42:59.192 [pool-7-thread-1] INFO  org.pircbotx.output.OutputRaw - PRIVMSG #jdbener :/unhost
08:42:59.245 [main] INFO  org.pircbotx.InputParser - :jtv!jtv@jtv.tmi.twitch.tv PRIVMSG jdbener :No channel is currently being hosted.
08:43:37.061 [main] INFO  org.pircbotx.InputParser - PING :tmi.twitch.tv
08:43:37.062 [listenerPool0-thread192] INFO  org.pircbotx.output.OutputRaw - PONG tmi.twitch.tv
08:43:59.245 [pool-7-thread-1] INFO  org.pircbotx.output.OutputRaw - PRIVMSG #jdbener :/unhost
08:43:59.298 [main] INFO  org.pircbotx.InputParser - :jtv!jtv@jtv.tmi.twitch.tv PRIVMSG jdbener :No channel is currently being hosted.
08:44:12.600 [main] INFO  org.pircbotx.InputParser - :cheat55!cheat55@cheat55.tmi.twitch.tv PRIVMSG #jdbener :Yes a lot, what about you?
irc.twitch.tv
08:44:59.207 [pool-7-thread-1] INFO  org.pircbotx.output.OutputRaw - PRIVMSG #jdbener :/unhost
08:44:59.259 [main] INFO  org.pircbotx.InputParser - :jtv!jtv@jtv.tmi.twitch.tv PRIVMSG jdbener :No channel is currently being hosted.
08:45:59.197 [pool-7-thread-1] INFO  org.pircbotx.output.OutputRaw - PRIVMSG #jdbener :/unhost
08:45:59.249 [main] INFO  org.pircbotx.InputParser - :jtv!jtv@jtv.tmi.twitch.tv PRIVMSG jdbener :No channel is currently being hosted.
08:46:23.970 [main] INFO  org.pircbotx.InputParser - :chendaming!chendaming@chendaming.tmi.twitch.tv PART #jdbener
08:46:23.970 [main] WARN  org.pircbotx.Channel - Channel #jdbener mode '' is stale
08:46:23.971 [main] WARN  org.pircbotx.Channel - Channel #jdbener mode '' is stale
08:46:23.972 [listenerPool0-thread194] ERROR o.p.h.m.ThreadedListenerManager - Exception encountered when executing event PartEvent(daoSnapshot=org.pircbotx.snapshot.UserChannelDaoSnapshot@fe0de7e, channel=Channel(name=#jdbener, channelId=b536c6ea-a1ba-4da4-89ba-7f517600abdd, dao=null, bot=Version{PircBotX 2.0.1, a fork of PircBot, the Java IRC bot - pircbotx.googlecode.com} Connected{true} Server{irc.twitch.tv} Port{6667} Password{oauth:b04xqi37wbxwjrdyw268xvhumtamsm}, output=org.pircbotx.Channel$1@742f2a56, mode=, topic=, topicTimestamp=0, createTimestamp=0, topicSetter=, moderated=false, noExternalMessages=false, inviteOnly=false, secret=false, channelPrivate=false, topicProtection=false, channelLimit=-1, channelKey=null, modeStale=false, modeLatch=null), user=UserSnapshot(super=User(bot=Version{PircBotX 2.0.1, a fork of PircBot, the Java IRC bot - pircbotx.googlecode.com} Connected{true} Server{irc.twitch.tv} Port{6667} Password{oauth:b04xqi37wbxwjrdyw268xvhumtamsm}, dao=null, userId=c7d20e15-ef02-408c-8650-078df4025e49, output=org.pircbotx.User$1@4484afb1, nick=chendaming, realName=, login=chendaming, hostmask=chendaming.tmi.twitch.tv, awayMessage=null, ircop=false, server=, hops=0)), reason=) on listener me.jdbener.levels.LevelManager@677060fa
java.lang.NullPointerException: null
	at me.jdbener.Bennerbot.configGetString(Bennerbot.java:716) ~[bin/:na]
	at me.jdbener.levels.LevelManager.onPart(LevelManager.java:45) ~[bin/:na]
	at org.pircbotx.hooks.ListenerAdapter.onEvent(ListenerAdapter.java:79) ~[pircbotx-2.0.1.jar:na]
	at org.pircbotx.hooks.managers.ThreadedListenerManager$1.call(ThreadedListenerManager.java:119) [pircbotx-2.0.1.jar:na]
	at org.pircbotx.hooks.managers.ThreadedListenerManager$1.call(ThreadedListenerManager.java:115) [pircbotx-2.0.1.jar:na]
	at java.util.concurrent.FutureTask.run(Unknown Source) [na:1.7.0_45]
	at java.util.concurrent.ThreadPoolExecutor.runWorker(Unknown Source) [na:1.7.0_45]
	at java.util.concurrent.ThreadPoolExecutor$Worker.run(Unknown Source) [na:1.7.0_45]
	at java.lang.Thread.run(Unknown Source) [na:1.7.0_45]
08:46:59.192 [pool-7-thread-1] INFO  org.pircbotx.output.OutputRaw - PRIVMSG #jdbener :/unhost
08:46:59.242 [main] INFO  org.pircbotx.InputParser - :jtv!jtv@jtv.tmi.twitch.tv PRIVMSG jdbener :No channel is currently being hosted.
08:47:50.060 [main] INFO  org.pircbotx.InputParser - :cheat55!cheat55@cheat55.tmi.twitch.tv PRIVMSG #jdbener :I see you like to wreck havoc :') i like the stealthy approach better
irc.twitch.tv
08:47:59.200 [pool-7-thread-1] INFO  org.pircbotx.output.OutputRaw - PRIVMSG #jdbener :/unhost
08:47:59.255 [main] INFO  org.pircbotx.InputParser - :jtv!jtv@jtv.tmi.twitch.tv PRIVMSG jdbener :No channel is currently being hosted.
08:48:03.789 [main] INFO  org.pircbotx.InputParser - PING :tmi.twitch.tv
08:48:03.789 [listenerPool0-thread204] INFO  org.pircbotx.output.OutputRaw - PONG tmi.twitch.tv
08:48:59.193 [pool-7-thread-1] INFO  org.pircbotx.output.OutputRaw - PRIVMSG #jdbener :/unhost
08:48:59.246 [main] INFO  org.pircbotx.InputParser - :jtv!jtv@jtv.tmi.twitch.tv PRIVMSG jdbener :No channel is currently being hosted.
08:49:59.220 [pool-7-thread-1] INFO  org.pircbotx.output.OutputRaw - PRIVMSG #jdbener :/unhost
08:49:59.271 [main] INFO  org.pircbotx.InputParser - :jtv!jtv@jtv.tmi.twitch.tv PRIVMSG jdbener :No channel is currently being hosted.
08:50:59.205 [pool-7-thread-1] INFO  org.pircbotx.output.OutputRaw - PRIVMSG #jdbener :/unhost
08:50:59.260 [main] INFO  org.pircbotx.InputParser - :jtv!jtv@jtv.tmi.twitch.tv PRIVMSG jdbener :No channel is currently being hosted.
08:51:11.990 [main] INFO  org.pircbotx.InputParser - :cheat55!cheat55@cheat55.tmi.twitch.tv PRIVMSG #jdbener :Do you play any other games?
irc.twitch.tv
08:51:17.566 [listenerPool0-thread210] ERROR o.p.h.m.ThreadedListenerManager - Exception encountered when executing event MessageEvent(channel=Channel(name=#jdbener, channelId=81896cd5-3512-4df4-b804-ba1c1716d5b0, dao=org.pircbotx.UserChannelDao@1d109942, bot=Version{PircBotX 2.0.1, a fork of PircBot, the Java IRC bot - pircbotx.googlecode.com} Connected{true} Server{irc.twitch.tv} Port{6667} Password{oauth:b04xqi37wbxwjrdyw268xvhumtamsm}, output=org.pircbotx.Channel$1@2cbdcaf6, mode=, topic=, topicTimestamp=0, createTimestamp=0, topicSetter=, moderated=false, noExternalMessages=false, inviteOnly=false, secret=false, channelPrivate=false, topicProtection=false, channelLimit=-1, channelKey=null, modeStale=true, modeLatch=null), user=User(bot=Version{PircBotX 2.0.1, a fork of PircBot, the Java IRC bot - pircbotx.googlecode.com} Connected{true} Server{irc.twitch.tv} Port{6667} Password{oauth:b04xqi37wbxwjrdyw268xvhumtamsm}, dao=org.pircbotx.UserChannelDao@1d109942, userId=a146b9f5-025f-48ee-b84f-03e2976d4d76, output=org.pircbotx.User$1@6057f36c, nick=cheat55, realName=, login=cheat55, hostmask=cheat55.tmi.twitch.tv, awayMessage=null, ircop=false, server=, hops=0), message=Do you play any other games?) on listener me.jdbener.Cleaner@313bf34b
java.lang.ArrayIndexOutOfBoundsException: null
	at java.lang.System.arraycopy(Native Method) ~[na:1.7.0_45]
	at org.json.simple.parser.Yylex.zzRefill(Yylex.java:325) ~[json-simple-1.1.1.jar:na]
	at org.json.simple.parser.Yylex.yylex(Yylex.java:541) ~[json-simple-1.1.1.jar:na]
	at org.json.simple.parser.JSONParser.nextToken(JSONParser.java:269) ~[json-simple-1.1.1.jar:na]
	at org.json.simple.parser.JSONParser.parse(JSONParser.java:118) ~[json-simple-1.1.1.jar:na]
	at org.json.simple.parser.JSONParser.parse(JSONParser.java:81) ~[json-simple-1.1.1.jar:na]
	at org.json.simple.parser.JSONParser.parse(JSONParser.java:75) ~[json-simple-1.1.1.jar:na]
	at me.jdbener.apis.APIManager.filterEmotes(APIManager.java:166) ~[bin/:na]
	at me.jdbener.Cleaner.onMessage(Cleaner.java:111) ~[bin/:na]
	at org.pircbotx.hooks.ListenerAdapter.onEvent(ListenerAdapter.java:63) ~[pircbotx-2.0.1.jar:na]
	at org.pircbotx.hooks.managers.ThreadedListenerManager$1.call(ThreadedListenerManager.java:119) [pircbotx-2.0.1.jar:na]
	at org.pircbotx.hooks.managers.ThreadedListenerManager$1.call(ThreadedListenerManager.java:115) [pircbotx-2.0.1.jar:na]
	at java.util.concurrent.FutureTask.run(Unknown Source) [na:1.7.0_45]
	at java.util.concurrent.ThreadPoolExecutor.runWorker(Unknown Source) [na:1.7.0_45]
	at java.util.concurrent.ThreadPoolExecutor$Worker.run(Unknown Source) [na:1.7.0_45]
	at java.lang.Thread.run(Unknown Source) [na:1.7.0_45]
08:51:59.245 [pool-7-thread-1] INFO  org.pircbotx.output.OutputRaw - PRIVMSG #jdbener :/unhost
08:51:59.309 [main] INFO  org.pircbotx.InputParser - :jtv!jtv@jtv.tmi.twitch.tv PRIVMSG jdbener :No channel is currently being hosted.
08:52:15.286 [main] INFO  org.pircbotx.InputParser - PING :tmi.twitch.tv
08:52:15.287 [listenerPool0-thread219] INFO  org.pircbotx.output.OutputRaw - PONG tmi.twitch.tv
08:52:59.192 [pool-7-thread-1] INFO  org.pircbotx.output.OutputRaw - PRIVMSG #jdbener :/unhost
08:52:59.240 [main] INFO  org.pircbotx.InputParser - :jtv!jtv@jtv.tmi.twitch.tv PRIVMSG jdbener :No channel is currently being hosted.
08:53:59.247 [pool-7-thread-1] INFO  org.pircbotx.output.OutputRaw - PRIVMSG #jdbener :/unhost
08:53:59.300 [main] INFO  org.pircbotx.InputParser - :jtv!jtv@jtv.tmi.twitch.tv PRIVMSG jdbener :No channel is currently being hosted.
08:54:59.210 [pool-7-thread-1] INFO  org.pircbotx.output.OutputRaw - PRIVMSG #jdbener :/unhost
08:54:59.259 [main] INFO  org.pircbotx.InputParser - :jtv!jtv@jtv.tmi.twitch.tv PRIVMSG jdbener :No channel is currently being hosted.
08:55:42.821 [main] INFO  org.pircbotx.InputParser - :cheat55!cheat55@cheat55.tmi.twitch.tv PRIVMSG #jdbener :I think chat is bugged
irc.twitch.tv
08:55:47.608 [listenerPool0-thread222] ERROR o.p.h.m.ThreadedListenerManager - Exception encountered when executing event MessageEvent(channel=Channel(name=#jdbener, channelId=81896cd5-3512-4df4-b804-ba1c1716d5b0, dao=org.pircbotx.UserChannelDao@1d109942, bot=Version{PircBotX 2.0.1, a fork of PircBot, the Java IRC bot - pircbotx.googlecode.com} Connected{true} Server{irc.twitch.tv} Port{6667} Password{oauth:b04xqi37wbxwjrdyw268xvhumtamsm}, output=org.pircbotx.Channel$1@2cbdcaf6, mode=, topic=, topicTimestamp=0, createTimestamp=0, topicSetter=, moderated=false, noExternalMessages=false, inviteOnly=false, secret=false, channelPrivate=false, topicProtection=false, channelLimit=-1, channelKey=null, modeStale=true, modeLatch=null), user=User(bot=Version{PircBotX 2.0.1, a fork of PircBot, the Java IRC bot - pircbotx.googlecode.com} Connected{true} Server{irc.twitch.tv} Port{6667} Password{oauth:b04xqi37wbxwjrdyw268xvhumtamsm}, dao=org.pircbotx.UserChannelDao@1d109942, userId=a146b9f5-025f-48ee-b84f-03e2976d4d76, output=org.pircbotx.User$1@6057f36c, nick=cheat55, realName=, login=cheat55, hostmask=cheat55.tmi.twitch.tv, awayMessage=null, ircop=false, server=, hops=0), message=I think chat is bugged) on listener me.jdbener.Cleaner@313bf34b
java.lang.ArrayIndexOutOfBoundsException: null
	at java.lang.System.arraycopy(Native Method) ~[na:1.7.0_45]
	at org.json.simple.parser.Yylex.zzRefill(Yylex.java:325) ~[json-simple-1.1.1.jar:na]
	at org.json.simple.parser.Yylex.yylex(Yylex.java:541) ~[json-simple-1.1.1.jar:na]
	at org.json.simple.parser.JSONParser.nextToken(JSONParser.java:269) ~[json-simple-1.1.1.jar:na]
	at org.json.simple.parser.JSONParser.parse(JSONParser.java:118) ~[json-simple-1.1.1.jar:na]
	at org.json.simple.parser.JSONParser.parse(JSONParser.java:81) ~[json-simple-1.1.1.jar:na]
	at org.json.simple.parser.JSONParser.parse(JSONParser.java:75) ~[json-simple-1.1.1.jar:na]
	at me.jdbener.apis.APIManager.filterEmotes(APIManager.java:166) ~[bin/:na]
	at me.jdbener.Cleaner.onMessage(Cleaner.java:111) ~[bin/:na]
	at org.pircbotx.hooks.ListenerAdapter.onEvent(ListenerAdapter.java:63) ~[pircbotx-2.0.1.jar:na]
	at org.pircbotx.hooks.managers.ThreadedListenerManager$1.call(ThreadedListenerManager.java:119) [pircbotx-2.0.1.jar:na]
	at org.pircbotx.hooks.managers.ThreadedListenerManager$1.call(ThreadedListenerManager.java:115) [pircbotx-2.0.1.jar:na]
	at java.util.concurrent.FutureTask.run(Unknown Source) [na:1.7.0_45]
	at java.util.concurrent.ThreadPoolExecutor.runWorker(Unknown Source) [na:1.7.0_45]
	at java.util.concurrent.ThreadPoolExecutor$Worker.run(Unknown Source) [na:1.7.0_45]
	at java.lang.Thread.run(Unknown Source) [na:1.7.0_45]
08:55:59.208 [pool-7-thread-1] INFO  org.pircbotx.output.OutputRaw - PRIVMSG #jdbener :/unhost
08:55:59.256 [main] INFO  org.pircbotx.InputParser - :jtv!jtv@jtv.tmi.twitch.tv PRIVMSG jdbener :No channel is currently being hosted.
08:56:59.254 [pool-7-thread-1] INFO  org.pircbotx.output.OutputRaw - PRIVMSG #jdbener :/unhost
08:56:59.308 [main] INFO  org.pircbotx.InputParser - :jtv!jtv@jtv.tmi.twitch.tv PRIVMSG jdbener :No channel is currently being hosted.
08:57:05.349 [main] INFO  org.pircbotx.InputParser - PING :tmi.twitch.tv
08:57:05.350 [listenerPool0-thread237] INFO  org.pircbotx.output.OutputRaw - PONG tmi.twitch.tv
08:57:59.206 [pool-7-thread-1] INFO  org.pircbotx.output.OutputRaw - PRIVMSG #jdbener :/unhost
08:57:59.263 [main] INFO  org.pircbotx.InputParser - :jtv!jtv@jtv.tmi.twitch.tv PRIVMSG jdbener :No channel is currently being hosted.
08:58:38.149 [main] INFO  org.pircbotx.InputParser - :cheat55!cheat55@cheat55.tmi.twitch.tv PRIVMSG #jdbener :Welp you can't see /:
irc.twitch.tv
08:58:54.655 [main] INFO  org.pircbotx.InputParser - :dowewob!dowewob@dowewob.tmi.twitch.tv JOIN #jdbener
08:58:59.204 [pool-7-thread-1] INFO  org.pircbotx.output.OutputRaw - PRIVMSG #jdbener :/unhost
08:58:59.254 [main] INFO  org.pircbotx.InputParser - :jtv!jtv@jtv.tmi.twitch.tv PRIVMSG jdbener :No channel is currently being hosted.
08:59:59.212 [pool-7-thread-1] INFO  org.pircbotx.output.OutputRaw - PRIVMSG #jdbener :/unhost
08:59:59.263 [main] INFO  org.pircbotx.InputParser - :jtv!jtv@jtv.tmi.twitch.tv PRIVMSG jdbener :No channel is currently being hosted.
09:00:59.256 [pool-7-thread-1] INFO  org.pircbotx.output.OutputRaw - PRIVMSG #jdbener :/unhost
09:00:59.308 [main] INFO  org.pircbotx.InputParser - :jtv!jtv@jtv.tmi.twitch.tv PRIVMSG jdbener :No channel is currently being hosted.
09:01:28.005 [main] INFO  org.pircbotx.InputParser - :cheat55!cheat55@cheat55.tmi.twitch.tv PRIVMSG #jdbener :I was wondering if you played any other games
irc.twitch.tv
09:01:33.959 [listenerPool0-thread249] ERROR o.p.h.m.ThreadedListenerManager - Exception encountered when executing event MessageEvent(channel=Channel(name=#jdbener, channelId=81896cd5-3512-4df4-b804-ba1c1716d5b0, dao=org.pircbotx.UserChannelDao@1d109942, bot=Version{PircBotX 2.0.1, a fork of PircBot, the Java IRC bot - pircbotx.googlecode.com} Connected{true} Server{irc.twitch.tv} Port{6667} Password{oauth:b04xqi37wbxwjrdyw268xvhumtamsm}, output=org.pircbotx.Channel$1@2cbdcaf6, mode=, topic=, topicTimestamp=0, createTimestamp=0, topicSetter=, moderated=false, noExternalMessages=false, inviteOnly=false, secret=false, channelPrivate=false, topicProtection=false, channelLimit=-1, channelKey=null, modeStale=true, modeLatch=null), user=User(bot=Version{PircBotX 2.0.1, a fork of PircBot, the Java IRC bot - pircbotx.googlecode.com} Connected{true} Server{irc.twitch.tv} Port{6667} Password{oauth:b04xqi37wbxwjrdyw268xvhumtamsm}, dao=org.pircbotx.UserChannelDao@1d109942, userId=a146b9f5-025f-48ee-b84f-03e2976d4d76, output=org.pircbotx.User$1@6057f36c, nick=cheat55, realName=, login=cheat55, hostmask=cheat55.tmi.twitch.tv, awayMessage=null, ircop=false, server=, hops=0), message=I was wondering if you played any other games) on listener me.jdbener.Cleaner@313bf34b
java.lang.ArrayIndexOutOfBoundsException: null
	at java.lang.System.arraycopy(Native Method) ~[na:1.7.0_45]
	at org.json.simple.parser.Yylex.zzRefill(Yylex.java:325) ~[json-simple-1.1.1.jar:na]
	at org.json.simple.parser.Yylex.yylex(Yylex.java:541) ~[json-simple-1.1.1.jar:na]
	at org.json.simple.parser.JSONParser.nextToken(JSONParser.java:269) ~[json-simple-1.1.1.jar:na]
	at org.json.simple.parser.JSONParser.parse(JSONParser.java:118) ~[json-simple-1.1.1.jar:na]
	at org.json.simple.parser.JSONParser.parse(JSONParser.java:81) ~[json-simple-1.1.1.jar:na]
	at org.json.simple.parser.JSONParser.parse(JSONParser.java:75) ~[json-simple-1.1.1.jar:na]
	at me.jdbener.apis.APIManager.filterEmotes(APIManager.java:166) ~[bin/:na]
	at me.jdbener.Cleaner.onMessage(Cleaner.java:111) ~[bin/:na]
	at org.pircbotx.hooks.ListenerAdapter.onEvent(ListenerAdapter.java:63) ~[pircbotx-2.0.1.jar:na]
	at org.pircbotx.hooks.managers.ThreadedListenerManager$1.call(ThreadedListenerManager.java:119) [pircbotx-2.0.1.jar:na]
	at org.pircbotx.hooks.managers.ThreadedListenerManager$1.call(ThreadedListenerManager.java:115) [pircbotx-2.0.1.jar:na]
	at java.util.concurrent.FutureTask.run(Unknown Source) [na:1.7.0_45]
	at java.util.concurrent.ThreadPoolExecutor.runWorker(Unknown Source) [na:1.7.0_45]
	at java.util.concurrent.ThreadPoolExecutor$Worker.run(Unknown Source) [na:1.7.0_45]
	at java.lang.Thread.run(Unknown Source) [na:1.7.0_45]
09:01:59.210 [pool-7-thread-1] INFO  org.pircbotx.output.OutputRaw - PRIVMSG #jdbener :/unhost
09:01:59.261 [main] INFO  org.pircbotx.InputParser - :jtv!jtv@jtv.tmi.twitch.tv PRIVMSG jdbener :No channel is currently being hosted.
09:02:03.578 [main] INFO  org.pircbotx.InputParser - PING :tmi.twitch.tv
09:02:03.578 [listenerPool0-thread256] INFO  org.pircbotx.output.OutputRaw - PONG tmi.twitch.tv
09:02:08.719 [main] INFO  org.pircbotx.InputParser - :dowewob!dowewob@dowewob.tmi.twitch.tv PART #jdbener
09:02:08.719 [main] WARN  org.pircbotx.Channel - Channel #jdbener mode '' is stale
09:02:08.720 [main] WARN  org.pircbotx.Channel - Channel #jdbener mode '' is stale
09:02:08.720 [listenerPool0-thread252] ERROR o.p.h.m.ThreadedListenerManager - Exception encountered when executing event PartEvent(daoSnapshot=org.pircbotx.snapshot.UserChannelDaoSnapshot@54079cd1, channel=Channel(name=#jdbener, channelId=05b24544-1e1e-448d-8c75-b39d4c67d367, dao=null, bot=Version{PircBotX 2.0.1, a fork of PircBot, the Java IRC bot - pircbotx.googlecode.com} Connected{true} Server{irc.twitch.tv} Port{6667} Password{oauth:b04xqi37wbxwjrdyw268xvhumtamsm}, output=org.pircbotx.Channel$1@3fc88870, mode=, topic=, topicTimestamp=0, createTimestamp=0, topicSetter=, moderated=false, noExternalMessages=false, inviteOnly=false, secret=false, channelPrivate=false, topicProtection=false, channelLimit=-1, channelKey=null, modeStale=false, modeLatch=null), user=UserSnapshot(super=User(bot=Version{PircBotX 2.0.1, a fork of PircBot, the Java IRC bot - pircbotx.googlecode.com} Connected{true} Server{irc.twitch.tv} Port{6667} Password{oauth:b04xqi37wbxwjrdyw268xvhumtamsm}, dao=null, userId=3f8c2df7-3309-434c-99b1-f4e2cf928a5d, output=org.pircbotx.User$1@67591c7, nick=dowewob, realName=, login=dowewob, hostmask=dowewob.tmi.twitch.tv, awayMessage=null, ircop=false, server=, hops=0)), reason=) on listener me.jdbener.levels.LevelManager@677060fa
java.lang.NullPointerException: null
	at me.jdbener.Bennerbot.configGetString(Bennerbot.java:716) ~[bin/:na]
	at me.jdbener.levels.LevelManager.onPart(LevelManager.java:45) ~[bin/:na]
	at org.pircbotx.hooks.ListenerAdapter.onEvent(ListenerAdapter.java:79) ~[pircbotx-2.0.1.jar:na]
	at org.pircbotx.hooks.managers.ThreadedListenerManager$1.call(ThreadedListenerManager.java:119) [pircbotx-2.0.1.jar:na]
	at org.pircbotx.hooks.managers.ThreadedListenerManager$1.call(ThreadedListenerManager.java:115) [pircbotx-2.0.1.jar:na]
	at java.util.concurrent.FutureTask.run(Unknown Source) [na:1.7.0_45]
	at java.util.concurrent.ThreadPoolExecutor.runWorker(Unknown Source) [na:1.7.0_45]
	at java.util.concurrent.ThreadPoolExecutor$Worker.run(Unknown Source) [na:1.7.0_45]
	at java.lang.Thread.run(Unknown Source) [na:1.7.0_45]
09:02:59.259 [pool-7-thread-1] INFO  org.pircbotx.output.OutputRaw - PRIVMSG #jdbener :/unhost
09:02:59.312 [main] INFO  org.pircbotx.InputParser - :jtv!jtv@jtv.tmi.twitch.tv PRIVMSG jdbener :No channel is currently being hosted.
09:03:59.215 [pool-7-thread-1] INFO  org.pircbotx.output.OutputRaw - PRIVMSG #jdbener :/unhost
09:03:59.277 [main] INFO  org.pircbotx.InputParser - :jtv!jtv@jtv.tmi.twitch.tv PRIVMSG jdbener :No channel is currently being hosted.
09:04:16.781 [main] INFO  org.pircbotx.InputParser - :cheat55!cheat55@cheat55.tmi.twitch.tv PRIVMSG #jdbener :Stream is working fine but the chat dies every now and then
irc.twitch.tv
09:04:59.205 [pool-7-thread-1] INFO  org.pircbotx.output.OutputRaw - PRIVMSG #jdbener :/unhost
09:04:59.260 [main] INFO  org.pircbotx.InputParser - :jtv!jtv@jtv.tmi.twitch.tv PRIVMSG jdbener :No channel is currently being hosted.
09:05:59.264 [pool-7-thread-1] INFO  org.pircbotx.output.OutputRaw - PRIVMSG #jdbener :/unhost
09:05:59.328 [main] INFO  org.pircbotx.InputParser - :jtv!jtv@jtv.tmi.twitch.tv PRIVMSG jdbener :No channel is currently being hosted.
09:06:52.685 [bot3-shutdownhook] INFO  org.pircbotx.output.OutputRaw - QUIT :
09:06:52.686 [bot3-shutdownhook] WARN  org.pircbotx.Channel - Channel #jdbener mode '' is stale
09:06:52.686 [bot3-shutdownhook] WARN  org.pircbotx.Channel - Channel #jdbener mode '' is stale
09:06:52.686 [bot3-shutdownhook] INFO  org.pircbotx.dcc.DccHandler - Terminating all transfers waiting to be accepted
09:06:52.687 [main] INFO  org.pircbotx.PircBotX - Shutdown has been called, closing InputParser
09:06:52.692 [bot3-shutdownhook] DEBUG org.pircbotx.PircBotX - Disconnected.
09:06:52.692 [bot3-shutdownhook] DEBUG o.p.h.m.ThreadedListenerManager - Waiting for listener me.jdbener.events.Countdown@313b8479 to execute event DisconnectEvent(daoSnapshot=org.pircbotx.snapshot.UserChannelDaoSnapshot@1bf5e233, disconnectException=null)
09:06:52.695 [bot3-shutdownhook] DEBUG o.p.h.m.ThreadedListenerManager - Waiting for listener me.jdbener.events.CustomCommandHandeler@ef0b187 to execute event DisconnectEvent(daoSnapshot=org.pircbotx.snapshot.UserChannelDaoSnapshot@1bf5e233, disconnectException=null)
09:06:52.695 [bot3-shutdownhook] DEBUG o.p.h.m.ThreadedListenerManager - Waiting for listener me.jdbener.apis.hitbox.HitboxStatusGameUpdater@3699d67f to execute event DisconnectEvent(daoSnapshot=org.pircbotx.snapshot.UserChannelDaoSnapshot@1bf5e233, disconnectException=null)
09:06:52.695 [bot3-shutdownhook] DEBUG o.p.h.m.ThreadedListenerManager - Waiting for listener me.jdbener.events.AutoMessageHandeler@51dd22a2 to execute event DisconnectEvent(daoSnapshot=org.pircbotx.snapshot.UserChannelDaoSnapshot@1bf5e233, disconnectException=null)
09:06:52.760 [main] DEBUG org.pircbotx.PircBotX - Trying address hitbox.tv/212.232.25.4
