08:46:57.143 [main] INFO  me.jdbener.Bennerbot - Doing some database stuff, give me a moment
08:47:00.625 [main] WARN  me.jdbener.Bennerbot - Waiting for GUI to load
08:47:00.654 [AWT-EventQueue-0] INFO  me.jdbener.Bennerbot - Loading Beggining Tab Loading Sequence
08:47:00.671 [AWT-EventQueue-0] INFO  me.jdbener.Bennerbot - Loading the "General Configuration Tab"
08:47:02.543 [AWT-EventQueue-0] INFO  me.jdbener.Bennerbot - Loading the "Chat Display Tab"
08:47:02.585 [AWT-EventQueue-0] INFO  me.jdbener.Bennerbot - Loading the "Chat Display Window"
08:47:02.606 [AWT-EventQueue-0] INFO  me.jdbener.Bennerbot - Loading the "Chat Moderation Settings Tab"
08:47:02.652 [AWT-EventQueue-0] INFO  me.jdbener.Bennerbot - Loading the "Custom Commands Tab"
08:47:05.406 [AWT-EventQueue-0] INFO  me.jdbener.Bennerbot - Loading the "AutoMessage Tab"
08:47:06.813 [AWT-EventQueue-0] INFO  me.jdbener.Bennerbot - Loading the "Work in Progress Settings Tab"
08:47:06.846 [AWT-EventQueue-0] INFO  me.jdbener.Bennerbot - Loading the "Info Button"
08:47:06.856 [AWT-EventQueue-0] INFO  me.jdbener.Bennerbot - Finished Tab Initiation Squence... Loading Backend
08:47:10.988 [AWT-EventQueue-0] INFO  me.jdbener.Bennerbot - Finished Loading GUI Backend
08:47:11.038 [main] INFO  me.jdbener.Bennerbot - GUI loaded... Continuing with launch sequence
08:47:17.040 [main] INFO  me.jdbener.PHitboxBotX.PHitboxBotX - Getting Hitbox server IP: ec2-54-211-95-56.compute-1.amazonaws.com
08:47:17.586 [main] INFO  me.jdbener.PHitboxBotX.PHitboxBotX - Getting connection ID: B6Xa2yoerXsvyMntjfo2
08:47:17.586 [main] INFO  me.jdbener.PHitboxBotX.PHitboxBotX - Getting your token
08:47:18.057 [main] INFO  me.jdbener.PHitboxBotX.PHitboxBotX - Connecting to hitbox servers...
08:47:20.331 [main] INFO  me.jdbener.PHitboxBotX.PHitboxBotX - Sucessfully Connected... Joined Channel #bennerbot
08:47:20.332 [main] INFO  me.jdbener.Bennerbot - Begining plugin loading
08:47:20.425 [main] INFO  me.jdbener.Bennerbot - Finished looking for plugins in: plugins
08:47:20.426 [main] INFO  me.jdbener.Bennerbot - Finished looking for plugins in: plugins/BasicCommands
08:47:20.427 [main] INFO  me.jdbener.Bennerbot - Finished looking for plugins in: plugins/dissabled
08:47:20.428 [main] INFO  me.jdbener.Bennerbot - Beggining pluging loading sequence
08:47:20.428 [main] INFO  me.jdbener.Bennerbot - Finished pluging loading sequence
08:47:20.428 [main] INFO  me.jdbener.Bennerbot - Proceading with BennerBot initiation sequence
08:47:20.511 [main] DEBUG org.pircbotx.PircBotX - Trying address irc.twitch.tv/192.16.64.144
08:47:20.569 [main] INFO  org.pircbotx.PircBotX - Connected to server.
08:47:20.581 [main] INFO  org.pircbotx.output.OutputRaw - PASS oauth:99az436qhap7kh4osj1d4y76kt5959
08:47:20.581 [main] INFO  org.pircbotx.output.OutputRaw - NICK Bennerbot
08:47:20.581 [main] INFO  org.pircbotx.output.OutputRaw - USER BennerBot 8 * :PircBotX 2.0.1, a fork of PircBot, the Java IRC bot - pircbotx.googlecode.com
08:47:20.745 [main] INFO  org.pircbotx.InputParser - :tmi.twitch.tv NOTICE * :Login unsuccessful
