08:41:40.005 [main] INFO  me.jdbener.Bennerbot - Doing some database stuff, give me a moment
08:41:42.622 [main] WARN  me.jdbener.Bennerbot - Waiting for GUI to load
08:41:42.645 [AWT-EventQueue-0] INFO  me.jdbener.Bennerbot - Loading Beggining Tab Loading Sequence
08:41:42.664 [AWT-EventQueue-0] INFO  me.jdbener.Bennerbot - Loading the "General Configuration Tab"
08:41:44.324 [AWT-EventQueue-0] INFO  me.jdbener.Bennerbot - Loading the "Chat Display Tab"
08:41:44.360 [AWT-EventQueue-0] INFO  me.jdbener.Bennerbot - Loading the "Chat Display Window"
08:41:44.380 [AWT-EventQueue-0] INFO  me.jdbener.Bennerbot - Loading the "Chat Moderation Settings Tab"
08:41:44.403 [AWT-EventQueue-0] INFO  me.jdbener.Bennerbot - Loading the "Custom Commands Tab"
08:41:46.731 [AWT-EventQueue-0] INFO  me.jdbener.Bennerbot - Loading the "AutoMessage Tab"
08:41:47.986 [AWT-EventQueue-0] INFO  me.jdbener.Bennerbot - Loading the "Work in Progress Settings Tab"
08:41:47.996 [AWT-EventQueue-0] INFO  me.jdbener.Bennerbot - Loading the "Info Button"
08:41:47.998 [AWT-EventQueue-0] INFO  me.jdbener.Bennerbot - Finished Tab Initiation Squence... Loading Backend
08:41:51.311 [AWT-EventQueue-0] INFO  me.jdbener.Bennerbot - Finished Loading GUI Backend
08:41:51.375 [main] INFO  me.jdbener.Bennerbot - GUI loaded... Continuing with launch sequence
{3=Another Message, 2=Test Message 2, 1=Test Message, 4=If you want a cookie, you are gona have to pay for it :O}
08:41:55.667 [main] INFO  me.jdbener.Bennerbot - Begining plugin loading
08:41:55.759 [main] INFO  me.jdbener.Bennerbot - Finished looking for plugins in: plugins
08:41:55.761 [main] INFO  me.jdbener.Bennerbot - Finished looking for plugins in: plugins/BasicCommands
08:41:55.762 [main] INFO  me.jdbener.Bennerbot - Finished looking for plugins in: plugins/dissabled
08:41:55.764 [main] INFO  me.jdbener.Bennerbot - Beggining pluging loading sequence
08:41:55.765 [main] INFO  me.jdbener.Bennerbot - Finished pluging loading sequence
08:41:55.765 [main] INFO  me.jdbener.Bennerbot - Proceading with BennerBot initiation sequence
08:41:55.766 [main] DEBUG org.pircbotx.PircBotX - Trying address irc.twitch.tv/192.16.64.144
08:41:55.821 [main] INFO  org.pircbotx.PircBotX - Connected to server.
08:41:55.828 [main] INFO  org.pircbotx.output.OutputRaw - PASS oauth:99az436qhap7kh4osj1d4y76kt5959
08:41:55.829 [main] INFO  org.pircbotx.output.OutputRaw - NICK jdbener
08:41:55.829 [main] INFO  org.pircbotx.output.OutputRaw - USER BennerBot 8 * :PircBotX 2.0.1, a fork of PircBot, the Java IRC bot - pircbotx.googlecode.com
08:41:55.975 [main] INFO  org.pircbotx.InputParser - :tmi.twitch.tv 001 jdbener :Welcome, GLHF!
08:41:55.985 [main] DEBUG org.pircbotx.InputParser - Logged onto server.
08:41:56.830 [main] INFO  org.pircbotx.output.OutputRaw - JOIN #jdbener 
08:41:56.830 [main] INFO  org.pircbotx.InputParser - :tmi.twitch.tv 002 jdbener :Your host is tmi.twitch.tv
08:41:56.831 [main] INFO  org.pircbotx.InputParser - :tmi.twitch.tv 003 jdbener :This server is rather new
08:41:56.831 [main] INFO  org.pircbotx.InputParser - :tmi.twitch.tv 004 jdbener :-
08:41:56.837 [main] ERROR org.pircbotx.PircBotX - Exception encountered when parsing line
java.lang.IndexOutOfBoundsException: Index: 1, Size: 1
	at java.util.ArrayList.rangeCheck(Unknown Source) ~[na:1.7.0_45]
	at java.util.ArrayList.get(Unknown Source) ~[na:1.7.0_45]
	at org.pircbotx.ServerInfo.parse004(ServerInfo.java:113) ~[pircbotx-2.0.1.jar:na]
	at org.pircbotx.ServerInfo.parse(ServerInfo.java:106) ~[pircbotx-2.0.1.jar:na]
	at org.pircbotx.InputParser.processServerResponse(InputParser.java:709) ~[pircbotx-2.0.1.jar:na]
	at org.pircbotx.InputParser.handleLine(InputParser.java:323) ~[pircbotx-2.0.1.jar:na]
	at org.pircbotx.PircBotX.startLineProcessing(PircBotX.java:275) [pircbotx-2.0.1.jar:na]
	at org.pircbotx.PircBotX.connect(PircBotX.java:236) [pircbotx-2.0.1.jar:na]
	at org.pircbotx.PircBotX.startBot(PircBotX.java:151) [pircbotx-2.0.1.jar:na]
	at me.jdbener.Bennerbot.<init>(Bennerbot.java:297) [bin/:na]
	at me.jdbener.Bennerbot.main(Bennerbot.java:217) [bin/:na]
08:41:56.837 [main] INFO  org.pircbotx.InputParser - :tmi.twitch.tv 375 jdbener :-
08:41:56.838 [main] INFO  org.pircbotx.InputParser - :tmi.twitch.tv 372 jdbener :You are in a maze of twisty passages, all alike.
08:41:56.839 [main] INFO  org.pircbotx.InputParser - :tmi.twitch.tv 376 jdbener :>
08:41:57.024 [main] INFO  org.pircbotx.InputParser - :jdbener!jdbener@jdbener.tmi.twitch.tv JOIN #jdbener
08:41:57.831 [main] INFO  org.pircbotx.output.OutputRaw - WHO #jdbener
08:41:58.832 [listenerPool0-thread3] INFO  org.pircbotx.output.OutputRaw - TWITCHCLIENT 1
08:41:59.833 [main] INFO  org.pircbotx.output.OutputRaw - MODE #jdbener
08:41:59.836 [main] INFO  org.pircbotx.InputParser - :jdbener.tmi.twitch.tv 353 jdbener = #jdbener :jdbener
08:41:59.836 [main] INFO  org.pircbotx.InputParser - :jdbener.tmi.twitch.tv 366 jdbener #jdbener :End of /NAMES list
08:41:59.836 [main] INFO  org.pircbotx.InputParser - :tmi.twitch.tv 421 jdbener WHO :Unknown command
08:42:28.140 [main] INFO  org.pircbotx.InputParser - :biogenx2b!biogenx2b@biogenx2b.tmi.twitch.tv JOIN #jdbener
08:42:28.141 [main] INFO  org.pircbotx.InputParser - :moobot!moobot@moobot.tmi.twitch.tv JOIN #jdbener
08:42:28.141 [main] INFO  org.pircbotx.InputParser - :jtv MODE #jdbener +o moobot
08:42:56.105 [pool-7-thread-1] INFO  me.jdbener.Bennerbot - Still Hosting pinkandorangeandgold
08:43:31.123 [main] INFO  org.pircbotx.InputParser - :jtv MODE #jdbener +o jdbener
08:43:56.733 [pool-7-thread-1] INFO  me.jdbener.Bennerbot - Still Hosting pinkandorangeandgold
08:44:56.098 [pool-7-thread-1] INFO  me.jdbener.Bennerbot - Still Hosting pinkandorangeandgold
08:45:56.104 [pool-7-thread-1] INFO  me.jdbener.Bennerbot - Still Hosting pinkandorangeandgold
08:46:06.753 [main] INFO  org.pircbotx.InputParser - PING :tmi.twitch.tv
08:46:06.754 [listenerPool0-thread28] INFO  org.pircbotx.output.OutputRaw - PONG tmi.twitch.tv
{3=Another Message, 2=Test Message 2, 1=Test Message, 4=If you want a cookie, you are gona have to pay for it :O}
08:46:55.103 [pool-6-thread-1] INFO  org.pircbotx.output.OutputRaw - PRIVMSG #jdbener :Test Message 2
08:46:55.354 [main] INFO  org.pircbotx.InputParser - :jtv PRIVMSG jdbener :USERCOLOR jdbener #0000FF
08:46:56.102 [pool-7-thread-1] INFO  me.jdbener.Bennerbot - Still Hosting pinkandorangeandgold
08:47:56.110 [pool-7-thread-1] INFO  me.jdbener.Bennerbot - Still Hosting pinkandorangeandgold
08:48:56.102 [pool-7-thread-1] INFO  me.jdbener.Bennerbot - Still Hosting pinkandorangeandgold
08:49:56.109 [pool-7-thread-1] INFO  me.jdbener.Bennerbot - Still Hosting pinkandorangeandgold
08:50:42.361 [main] INFO  org.pircbotx.InputParser - PING :tmi.twitch.tv
08:50:42.362 [listenerPool0-thread38] INFO  org.pircbotx.output.OutputRaw - PONG tmi.twitch.tv
08:50:56.115 [pool-7-thread-1] INFO  me.jdbener.Bennerbot - Still Hosting pinkandorangeandgold
{3=Another Message, 2=Test Message 2, 1=Test Message, 4=If you want a cookie, you are gona have to pay for it :O}
08:51:55.106 [pool-6-thread-1] INFO  org.pircbotx.output.OutputRaw - PRIVMSG #jdbener :Test Message
08:51:55.763 [main] INFO  org.pircbotx.InputParser - :jtv PRIVMSG jdbener :USERCOLOR jdbener #0000FF
08:51:56.132 [pool-7-thread-1] INFO  me.jdbener.Bennerbot - Still Hosting pinkandorangeandgold
08:52:56.082 [pool-7-thread-1] INFO  me.jdbener.Bennerbot - Still Hosting pinkandorangeandgold
08:53:56.132 [pool-7-thread-1] INFO  me.jdbener.Bennerbot - Still Hosting pinkandorangeandgold
08:54:45.820 [main] INFO  org.pircbotx.InputParser - PING :tmi.twitch.tv
08:54:45.823 [listenerPool0-thread52] INFO  org.pircbotx.output.OutputRaw - PONG tmi.twitch.tv
08:54:56.063 [pool-7-thread-1] INFO  me.jdbener.Bennerbot - Still Hosting pinkandorangeandgold
08:55:56.248 [pool-7-thread-1] INFO  me.jdbener.Bennerbot - Still Hosting pinkandorangeandgold
{3=Another Message, 2=Test Message 2, 1=Test Message, 4=If you want a cookie, you are gona have to pay for it :O}
08:56:55.110 [pool-6-thread-1] INFO  org.pircbotx.output.OutputRaw - PRIVMSG #jdbener :If you want a cookie, you are gona have to pay for it :O
08:56:55.378 [main] INFO  org.pircbotx.InputParser - :jtv PRIVMSG jdbener :USERCOLOR jdbener #0000FF
08:56:56.710 [pool-7-thread-1] INFO  me.jdbener.Bennerbot - Still Hosting pinkandorangeandgold
08:57:56.098 [pool-7-thread-1] INFO  me.jdbener.Bennerbot - Still Hosting pinkandorangeandgold
08:58:56.135 [pool-7-thread-1] INFO  me.jdbener.Bennerbot - Still Hosting pinkandorangeandgold
08:59:34.944 [main] INFO  org.pircbotx.InputParser - PING :tmi.twitch.tv
08:59:34.945 [listenerPool0-thread73] INFO  org.pircbotx.output.OutputRaw - PONG tmi.twitch.tv
08:59:56.101 [pool-7-thread-1] INFO  me.jdbener.Bennerbot - Still Hosting pinkandorangeandgold
09:00:56.105 [pool-7-thread-1] INFO  me.jdbener.Bennerbot - Still Hosting pinkandorangeandgold
{3=Another Message, 2=Test Message 2, 1=Test Message, 4=If you want a cookie, you are gona have to pay for it :O}
09:01:55.112 [pool-6-thread-1] INFO  org.pircbotx.output.OutputRaw - PRIVMSG #jdbener :Another Message
09:01:55.398 [main] INFO  org.pircbotx.InputParser - :jtv PRIVMSG jdbener :USERCOLOR jdbener #0000FF
09:01:56.130 [pool-7-thread-1] INFO  me.jdbener.Bennerbot - Still Hosting pinkandorangeandgold
09:02:56.100 [pool-7-thread-1] INFO  me.jdbener.Bennerbot - Still Hosting pinkandorangeandgold
09:03:56.126 [pool-7-thread-1] INFO  me.jdbener.Bennerbot - Still Hosting pinkandorangeandgold
09:04:22.700 [main] INFO  org.pircbotx.InputParser - PING :tmi.twitch.tv
09:04:22.701 [listenerPool0-thread82] INFO  org.pircbotx.output.OutputRaw - PONG tmi.twitch.tv
09:04:56.101 [pool-7-thread-1] INFO  me.jdbener.Bennerbot - Still Hosting pinkandorangeandgold
09:05:56.086 [pool-7-thread-1] INFO  me.jdbener.Bennerbot - Still Hosting pinkandorangeandgold
{3=Another Message, 2=Test Message 2, 1=Test Message, 4=If you want a cookie, you are gona have to pay for it :O}
09:06:55.115 [pool-6-thread-1] INFO  org.pircbotx.output.OutputRaw - PRIVMSG #jdbener :Test Message 2
09:06:55.378 [main] INFO  org.pircbotx.InputParser - :jtv PRIVMSG jdbener :USERCOLOR jdbener #0000FF
09:06:56.060 [pool-7-thread-1] INFO  me.jdbener.Bennerbot - Still Hosting pinkandorangeandgold
09:07:56.054 [pool-7-thread-1] INFO  me.jdbener.Bennerbot - Still Hosting pinkandorangeandgold
09:08:49.663 [main] INFO  org.pircbotx.InputParser - PING :tmi.twitch.tv
09:08:49.664 [listenerPool0-thread93] INFO  org.pircbotx.output.OutputRaw - PONG tmi.twitch.tv
09:08:56.118 [pool-7-thread-1] INFO  me.jdbener.Bennerbot - Still Hosting pinkandorangeandgold
09:09:56.123 [pool-7-thread-1] INFO  me.jdbener.Bennerbot - Still Hosting pinkandorangeandgold
09:10:56.115 [pool-7-thread-1] INFO  me.jdbener.Bennerbot - Still Hosting pinkandorangeandgold
{3=Another Message, 2=Test Message 2, 1=Test Message, 4=If you want a cookie, you are gona have to pay for it :O}
09:11:55.118 [pool-6-thread-1] INFO  org.pircbotx.output.OutputRaw - PRIVMSG #jdbener :Test Message
09:11:55.385 [main] INFO  org.pircbotx.InputParser - :jtv PRIVMSG jdbener :USERCOLOR jdbener #0000FF
09:11:56.110 [pool-7-thread-1] INFO  me.jdbener.Bennerbot - Still Hosting pinkandorangeandgold
09:12:56.073 [pool-7-thread-1] INFO  me.jdbener.Bennerbot - Still Hosting pinkandorangeandgold
09:13:11.108 [main] INFO  org.pircbotx.InputParser - PING :tmi.twitch.tv
09:13:11.108 [listenerPool0-thread102] INFO  org.pircbotx.output.OutputRaw - PONG tmi.twitch.tv
09:13:56.115 [pool-7-thread-1] INFO  me.jdbener.Bennerbot - Still Hosting pinkandorangeandgold
09:14:56.110 [pool-7-thread-1] INFO  me.jdbener.Bennerbot - Still Hosting pinkandorangeandgold
09:15:56.163 [pool-7-thread-1] INFO  me.jdbener.Bennerbot - Still Hosting pinkandorangeandgold
{3=Another Message, 2=Test Message 2, 1=Test Message, 4=If you want a cookie, you are gona have to pay for it :O}
09:16:55.121 [pool-6-thread-1] INFO  org.pircbotx.output.OutputRaw - PRIVMSG #jdbener :If you want a cookie, you are gona have to pay for it :O
09:16:55.458 [main] INFO  org.pircbotx.InputParser - :jtv PRIVMSG jdbener :USERCOLOR jdbener #0000FF
09:16:55.935 [pool-7-thread-1] INFO  me.jdbener.Bennerbot - Still Hosting pinkandorangeandgold
09:17:56.142 [pool-7-thread-1] INFO  me.jdbener.Bennerbot - Still Hosting pinkandorangeandgold
09:18:00.435 [main] INFO  org.pircbotx.InputParser - PING :tmi.twitch.tv
09:18:00.435 [listenerPool0-thread112] INFO  org.pircbotx.output.OutputRaw - PONG tmi.twitch.tv
09:18:56.130 [pool-7-thread-1] INFO  me.jdbener.Bennerbot - Still Hosting pinkandorangeandgold
09:19:56.267 [pool-7-thread-1] INFO  me.jdbener.Bennerbot - Still Hosting pinkandorangeandgold
09:20:56.465 [pool-7-thread-1] INFO  me.jdbener.Bennerbot - Still Hosting pinkandorangeandgold
{3=Another Message, 2=Test Message 2, 1=Test Message, 4=If you want a cookie, you are gona have to pay for it :O}
09:21:55.123 [pool-6-thread-1] INFO  org.pircbotx.output.OutputRaw - PRIVMSG #jdbener :Another Message
09:21:55.402 [main] INFO  org.pircbotx.InputParser - :jtv PRIVMSG jdbener :USERCOLOR jdbener #0000FF
09:21:56.103 [pool-7-thread-1] INFO  me.jdbener.Bennerbot - Still Hosting pinkandorangeandgold
09:22:45.901 [main] INFO  org.pircbotx.InputParser - PING :tmi.twitch.tv
09:22:45.901 [listenerPool0-thread119] INFO  org.pircbotx.output.OutputRaw - PONG tmi.twitch.tv
09:22:56.128 [pool-7-thread-1] INFO  me.jdbener.Bennerbot - Still Hosting pinkandorangeandgold
09:23:56.114 [pool-7-thread-1] INFO  me.jdbener.Bennerbot - Still Hosting pinkandorangeandgold
09:24:55.949 [pool-7-thread-1] INFO  me.jdbener.Bennerbot - Still Hosting pinkandorangeandgold
09:25:56.113 [pool-7-thread-1] INFO  me.jdbener.Bennerbot - Still Hosting pinkandorangeandgold
{3=Another Message, 2=Test Message 2, 1=Test Message, 4=If you want a cookie, you are gona have to pay for it :O}
09:26:55.126 [pool-6-thread-1] INFO  org.pircbotx.output.OutputRaw - PRIVMSG #jdbener :Test Message 2
09:26:55.406 [main] INFO  org.pircbotx.InputParser - :jtv PRIVMSG jdbener :USERCOLOR jdbener #0000FF
09:26:56.136 [pool-7-thread-1] INFO  me.jdbener.Bennerbot - Still Hosting pinkandorangeandgold
09:27:28.728 [main] INFO  org.pircbotx.InputParser - PING :tmi.twitch.tv
09:27:28.742 [listenerPool0-thread126] INFO  org.pircbotx.output.OutputRaw - PONG tmi.twitch.tv
09:27:56.128 [pool-7-thread-1] INFO  me.jdbener.Bennerbot - Still Hosting pinkandorangeandgold
09:28:56.145 [pool-7-thread-1] INFO  me.jdbener.Bennerbot - Still Hosting pinkandorangeandgold
09:29:56.139 [pool-7-thread-1] INFO  me.jdbener.Bennerbot - Still Hosting pinkandorangeandgold
09:30:56.124 [pool-7-thread-1] INFO  me.jdbener.Bennerbot - Still Hosting pinkandorangeandgold
09:31:32.056 [main] INFO  org.pircbotx.InputParser - PING :tmi.twitch.tv
09:31:32.057 [listenerPool0-thread132] INFO  org.pircbotx.output.OutputRaw - PONG tmi.twitch.tv
{3=Another Message, 2=Test Message 2, 1=Test Message, 4=If you want a cookie, you are gona have to pay for it :O}
09:31:55.130 [pool-6-thread-1] INFO  org.pircbotx.output.OutputRaw - PRIVMSG #jdbener :Test Message
09:31:55.414 [main] INFO  org.pircbotx.InputParser - :jtv PRIVMSG jdbener :USERCOLOR jdbener #0000FF
09:31:56.159 [pool-7-thread-1] INFO  me.jdbener.Bennerbot - Still Hosting pinkandorangeandgold
09:32:56.141 [pool-7-thread-1] INFO  me.jdbener.Bennerbot - Still Hosting pinkandorangeandgold
09:33:56.131 [pool-7-thread-1] INFO  me.jdbener.Bennerbot - Still Hosting pinkandorangeandgold
09:34:56.114 [pool-7-thread-1] INFO  me.jdbener.Bennerbot - Still Hosting pinkandorangeandgold
09:35:56.149 [pool-7-thread-1] INFO  me.jdbener.Bennerbot - Still Hosting pinkandorangeandgold
09:35:56.955 [main] INFO  org.pircbotx.InputParser - PING :tmi.twitch.tv
09:35:56.956 [listenerPool0-thread138] INFO  org.pircbotx.output.OutputRaw - PONG tmi.twitch.tv
{3=Another Message, 2=Test Message 2, 1=Test Message, 4=If you want a cookie, you are gona have to pay for it :O}
09:36:55.133 [pool-6-thread-1] INFO  org.pircbotx.output.OutputRaw - PRIVMSG #jdbener :If you want a cookie, you are gona have to pay for it :O
09:36:55.414 [main] INFO  org.pircbotx.InputParser - :jtv PRIVMSG jdbener :USERCOLOR jdbener #0000FF
09:36:56.147 [pool-7-thread-1] INFO  me.jdbener.Bennerbot - Still Hosting pinkandorangeandgold
09:37:56.162 [pool-7-thread-1] INFO  me.jdbener.Bennerbot - Still Hosting pinkandorangeandgold
09:38:56.124 [pool-7-thread-1] INFO  me.jdbener.Bennerbot - Still Hosting pinkandorangeandgold
09:39:56.235 [pool-7-thread-1] INFO  me.jdbener.Bennerbot - Still Hosting pinkandorangeandgold
09:40:10.808 [main] INFO  org.pircbotx.InputParser - PING :tmi.twitch.tv
09:40:10.809 [listenerPool0-thread146] INFO  org.pircbotx.output.OutputRaw - PONG tmi.twitch.tv
09:40:56.191 [pool-7-thread-1] INFO  me.jdbener.Bennerbot - Still Hosting pinkandorangeandgold
{3=Another Message, 2=Test Message 2, 1=Test Message, 4=If you want a cookie, you are gona have to pay for it :O}
09:41:55.136 [pool-6-thread-1] INFO  org.pircbotx.output.OutputRaw - PRIVMSG #jdbener :Another Message
09:41:55.463 [main] INFO  org.pircbotx.InputParser - :jtv PRIVMSG jdbener :USERCOLOR jdbener #0000FF
09:41:56.210 [pool-7-thread-1] INFO  me.jdbener.Bennerbot - Still Hosting pinkandorangeandgold
09:42:56.132 [pool-7-thread-1] INFO  me.jdbener.Bennerbot - Still Hosting pinkandorangeandgold
09:43:56.124 [pool-7-thread-1] INFO  me.jdbener.Bennerbot - Still Hosting pinkandorangeandgold
09:44:56.116 [pool-7-thread-1] INFO  me.jdbener.Bennerbot - Still Hosting pinkandorangeandgold
09:44:56.794 [main] INFO  org.pircbotx.InputParser - PING :tmi.twitch.tv
09:44:56.795 [listenerPool0-thread155] INFO  org.pircbotx.output.OutputRaw - PONG tmi.twitch.tv
09:45:56.262 [pool-7-thread-1] INFO  me.jdbener.Bennerbot - Still Hosting pinkandorangeandgold
09:46:32.733 [main] INFO  org.pircbotx.InputParser - :biogenx2b!biogenx2b@biogenx2b.tmi.twitch.tv PART #jdbener
09:46:32.736 [main] WARN  org.pircbotx.Channel - Channel #jdbener mode '' is stale
09:46:32.750 [main] WARN  org.pircbotx.Channel - Channel #jdbener mode '' is stale
09:46:32.762 [listenerPool0-thread163] ERROR o.p.h.m.ThreadedListenerManager - Exception encountered when executing event PartEvent(daoSnapshot=org.pircbotx.snapshot.UserChannelDaoSnapshot@508775ca, channel=Channel(name=#jdbener, channelId=0ad76d10-9c1b-437b-876e-f666e89cf76d, dao=null, bot=Version{PircBotX 2.0.1, a fork of PircBot, the Java IRC bot - pircbotx.googlecode.com} Connected{true} Server{irc.twitch.tv} Port{6667} Password{oauth:99az436qhap7kh4osj1d4y76kt5959}, output=org.pircbotx.Channel$1@6d464a13, mode=, topic=, topicTimestamp=0, createTimestamp=0, topicSetter=, moderated=false, noExternalMessages=false, inviteOnly=false, secret=false, channelPrivate=false, topicProtection=false, channelLimit=-1, channelKey=null, modeStale=false, modeLatch=null), user=UserSnapshot(super=User(bot=Version{PircBotX 2.0.1, a fork of PircBot, the Java IRC bot - pircbotx.googlecode.com} Connected{true} Server{irc.twitch.tv} Port{6667} Password{oauth:99az436qhap7kh4osj1d4y76kt5959}, dao=null, userId=18e2d633-4bcf-481b-b899-bac3397171a4, output=org.pircbotx.User$1@408013b7, nick=biogenx2b, realName=, login=biogenx2b, hostmask=biogenx2b.tmi.twitch.tv, awayMessage=null, ircop=false, server=, hops=0)), reason=) on listener me.jdbener.levels.LevelManager@69284047
java.lang.NullPointerException: null
	at me.jdbener.Bennerbot.getConfigString(Bennerbot.java:756) ~[bin/:na]
	at me.jdbener.levels.LevelManager.onPart(LevelManager.java:45) ~[bin/:na]
	at org.pircbotx.hooks.ListenerAdapter.onEvent(ListenerAdapter.java:79) ~[pircbotx-2.0.1.jar:na]
	at org.pircbotx.hooks.managers.ThreadedListenerManager$1.call(ThreadedListenerManager.java:119) [pircbotx-2.0.1.jar:na]
	at org.pircbotx.hooks.managers.ThreadedListenerManager$1.call(ThreadedListenerManager.java:115) [pircbotx-2.0.1.jar:na]
	at java.util.concurrent.FutureTask.run(Unknown Source) [na:1.7.0_45]
	at java.util.concurrent.ThreadPoolExecutor.runWorker(Unknown Source) [na:1.7.0_45]
	at java.util.concurrent.ThreadPoolExecutor$Worker.run(Unknown Source) [na:1.7.0_45]
	at java.lang.Thread.run(Unknown Source) [na:1.7.0_45]
{3=Another Message, 2=Test Message 2, 1=Test Message, 4=If you want a cookie, you are gona have to pay for it :O}
09:46:55.138 [pool-6-thread-1] INFO  org.pircbotx.output.OutputRaw - PRIVMSG #jdbener :Test Message 2
09:46:55.391 [main] INFO  org.pircbotx.InputParser - :jtv PRIVMSG jdbener :USERCOLOR jdbener #0000FF
09:46:56.119 [pool-7-thread-1] INFO  me.jdbener.Bennerbot - Still Hosting pinkandorangeandgold
09:47:34.017 [main] INFO  org.pircbotx.InputParser - :biogenx2b!biogenx2b@biogenx2b.tmi.twitch.tv JOIN #jdbener
09:47:56.139 [pool-7-thread-1] INFO  me.jdbener.Bennerbot - Still Hosting pinkandorangeandgold
09:48:56.135 [pool-7-thread-1] INFO  me.jdbener.Bennerbot - Still Hosting pinkandorangeandgold
09:49:50.252 [main] INFO  org.pircbotx.InputParser - PING :tmi.twitch.tv
09:49:50.252 [listenerPool0-thread171] INFO  org.pircbotx.output.OutputRaw - PONG tmi.twitch.tv
09:49:56.140 [pool-7-thread-1] INFO  me.jdbener.Bennerbot - Still Hosting pinkandorangeandgold
09:50:56.132 [pool-7-thread-1] INFO  me.jdbener.Bennerbot - Still Hosting pinkandorangeandgold
{3=Another Message, 2=Test Message 2, 1=Test Message, 4=If you want a cookie, you are gona have to pay for it :O}
09:51:55.141 [pool-6-thread-1] INFO  org.pircbotx.output.OutputRaw - PRIVMSG #jdbener :Test Message
09:51:55.444 [main] INFO  org.pircbotx.InputParser - :jtv PRIVMSG jdbener :USERCOLOR jdbener #0000FF
09:51:56.129 [pool-7-thread-1] INFO  me.jdbener.Bennerbot - Still Hosting pinkandorangeandgold
09:52:56.130 [pool-7-thread-1] INFO  me.jdbener.Bennerbot - Still Hosting pinkandorangeandgold
09:53:54.142 [main] INFO  org.pircbotx.InputParser - PING :tmi.twitch.tv
09:53:54.143 [listenerPool0-thread182] INFO  org.pircbotx.output.OutputRaw - PONG tmi.twitch.tv
09:53:56.154 [pool-7-thread-1] INFO  me.jdbener.Bennerbot - Still Hosting pinkandorangeandgold
09:54:56.130 [pool-7-thread-1] INFO  me.jdbener.Bennerbot - Still Hosting pinkandorangeandgold
09:55:56.157 [pool-7-thread-1] INFO  me.jdbener.Bennerbot - Still Hosting pinkandorangeandgold
{3=Another Message, 2=Test Message 2, 1=Test Message, 4=If you want a cookie, you are gona have to pay for it :O}
09:56:55.144 [pool-6-thread-1] INFO  org.pircbotx.output.OutputRaw - PRIVMSG #jdbener :If you want a cookie, you are gona have to pay for it :O
09:56:55.473 [main] INFO  org.pircbotx.InputParser - :jtv PRIVMSG jdbener :USERCOLOR jdbener #0000FF
09:56:56.119 [pool-7-thread-1] INFO  me.jdbener.Bennerbot - Still Hosting pinkandorangeandgold
09:57:56.134 [pool-7-thread-1] INFO  me.jdbener.Bennerbot - Still Hosting pinkandorangeandgold
09:58:13.769 [main] INFO  org.pircbotx.InputParser - PING :tmi.twitch.tv
09:58:13.769 [listenerPool0-thread192] INFO  org.pircbotx.output.OutputRaw - PONG tmi.twitch.tv
09:58:56.137 [pool-7-thread-1] INFO  me.jdbener.Bennerbot - Still Hosting pinkandorangeandgold
09:59:56.139 [pool-7-thread-1] INFO  me.jdbener.Bennerbot - Still Hosting pinkandorangeandgold
10:00:56.134 [pool-7-thread-1] INFO  me.jdbener.Bennerbot - Still Hosting pinkandorangeandgold
{3=Another Message, 2=Test Message 2, 1=Test Message, 4=If you want a cookie, you are gona have to pay for it :O}
10:01:55.148 [pool-6-thread-1] INFO  org.pircbotx.output.OutputRaw - PRIVMSG #jdbener :Another Message
10:01:55.502 [main] INFO  org.pircbotx.InputParser - :jtv PRIVMSG jdbener :USERCOLOR jdbener #0000FF
10:01:56.167 [pool-7-thread-1] INFO  me.jdbener.Bennerbot - Still Hosting pinkandorangeandgold
10:02:56.130 [pool-7-thread-1] INFO  me.jdbener.Bennerbot - Still Hosting pinkandorangeandgold
10:03:05.373 [main] INFO  org.pircbotx.InputParser - PING :tmi.twitch.tv
10:03:05.373 [listenerPool0-thread202] INFO  org.pircbotx.output.OutputRaw - PONG tmi.twitch.tv
10:03:56.137 [pool-7-thread-1] INFO  me.jdbener.Bennerbot - Still Hosting pinkandorangeandgold
10:04:56.084 [pool-7-thread-1] INFO  me.jdbener.Bennerbot - Still Hosting pinkandorangeandgold
{3=Another Message, 2=Test Message 2, 1=Test Message, 4=If you want a cookie, you are gona have to pay for it :O}
10:06:55.151 [pool-6-thread-1] INFO  org.pircbotx.output.OutputRaw - PRIVMSG #jdbener :Test Message 2
10:06:55.443 [main] INFO  org.pircbotx.InputParser - :jtv PRIVMSG jdbener :USERCOLOR jdbener #0000FF
10:07:42.046 [main] INFO  org.pircbotx.InputParser - PING :tmi.twitch.tv
10:07:42.047 [listenerPool0-thread208] INFO  org.pircbotx.output.OutputRaw - PONG tmi.twitch.tv
10:07:56.786 [main] INFO  org.pircbotx.InputParser - :biogenx2b!biogenx2b@biogenx2b.tmi.twitch.tv PART #jdbener
10:07:56.787 [main] WARN  org.pircbotx.Channel - Channel #jdbener mode '' is stale
10:07:56.787 [main] WARN  org.pircbotx.Channel - Channel #jdbener mode '' is stale
10:07:56.788 [listenerPool0-thread209] ERROR o.p.h.m.ThreadedListenerManager - Exception encountered when executing event PartEvent(daoSnapshot=org.pircbotx.snapshot.UserChannelDaoSnapshot@3367671b, channel=Channel(name=#jdbener, channelId=568431e5-ecdc-4288-bb33-053b883dd4b8, dao=null, bot=Version{PircBotX 2.0.1, a fork of PircBot, the Java IRC bot - pircbotx.googlecode.com} Connected{true} Server{irc.twitch.tv} Port{6667} Password{oauth:99az436qhap7kh4osj1d4y76kt5959}, output=org.pircbotx.Channel$1@49a237fa, mode=, topic=, topicTimestamp=0, createTimestamp=0, topicSetter=, moderated=false, noExternalMessages=false, inviteOnly=false, secret=false, channelPrivate=false, topicProtection=false, channelLimit=-1, channelKey=null, modeStale=false, modeLatch=null), user=UserSnapshot(super=User(bot=Version{PircBotX 2.0.1, a fork of PircBot, the Java IRC bot - pircbotx.googlecode.com} Connected{true} Server{irc.twitch.tv} Port{6667} Password{oauth:99az436qhap7kh4osj1d4y76kt5959}, dao=null, userId=c9dd42b2-3152-45a0-b53a-e2e402f1fa59, output=org.pircbotx.User$1@390923da, nick=biogenx2b, realName=, login=biogenx2b, hostmask=biogenx2b.tmi.twitch.tv, awayMessage=null, ircop=false, server=, hops=0)), reason=) on listener me.jdbener.levels.LevelManager@69284047
java.lang.NullPointerException: null
	at me.jdbener.Bennerbot.getConfigString(Bennerbot.java:756) ~[bin/:na]
	at me.jdbener.levels.LevelManager.onPart(LevelManager.java:45) ~[bin/:na]
	at org.pircbotx.hooks.ListenerAdapter.onEvent(ListenerAdapter.java:79) ~[pircbotx-2.0.1.jar:na]
	at org.pircbotx.hooks.managers.ThreadedListenerManager$1.call(ThreadedListenerManager.java:119) [pircbotx-2.0.1.jar:na]
	at org.pircbotx.hooks.managers.ThreadedListenerManager$1.call(ThreadedListenerManager.java:115) [pircbotx-2.0.1.jar:na]
	at java.util.concurrent.FutureTask.run(Unknown Source) [na:1.7.0_45]
	at java.util.concurrent.ThreadPoolExecutor.runWorker(Unknown Source) [na:1.7.0_45]
	at java.util.concurrent.ThreadPoolExecutor$Worker.run(Unknown Source) [na:1.7.0_45]
	at java.lang.Thread.run(Unknown Source) [na:1.7.0_45]
10:09:00.545 [main] INFO  org.pircbotx.InputParser - :biogenx2b!biogenx2b@biogenx2b.tmi.twitch.tv JOIN #jdbener
10:11:46.637 [main] INFO  org.pircbotx.InputParser - PING :tmi.twitch.tv
10:11:46.637 [listenerPool0-thread221] INFO  org.pircbotx.output.OutputRaw - PONG tmi.twitch.tv
{3=Another Message, 2=Test Message 2, 1=Test Message, 4=If you want a cookie, you are gona have to pay for it :O}
10:11:55.154 [pool-6-thread-1] INFO  org.pircbotx.output.OutputRaw - PRIVMSG #jdbener :Test Message
10:11:55.420 [main] INFO  org.pircbotx.InputParser - :jtv PRIVMSG jdbener :USERCOLOR jdbener #0000FF
10:15:57.489 [main] INFO  org.pircbotx.InputParser - PING :tmi.twitch.tv
10:15:57.489 [listenerPool0-thread228] INFO  org.pircbotx.output.OutputRaw - PONG tmi.twitch.tv
{3=Another Message, 2=Test Message 2, 1=Test Message, 4=If you want a cookie, you are gona have to pay for it :O}
10:16:55.157 [pool-6-thread-1] INFO  org.pircbotx.output.OutputRaw - PRIVMSG #jdbener :If you want a cookie, you are gona have to pay for it :O
10:16:55.923 [main] INFO  org.pircbotx.InputParser - :jtv PRIVMSG jdbener :USERCOLOR jdbener #0000FF
10:20:06.576 [main] INFO  org.pircbotx.InputParser - PING :tmi.twitch.tv
10:20:06.576 [listenerPool0-thread234] INFO  org.pircbotx.output.OutputRaw - PONG tmi.twitch.tv
10:20:08.768 [main] INFO  org.pircbotx.InputParser - :biogenx2b!biogenx2b@biogenx2b.tmi.twitch.tv PART #jdbener
10:20:08.768 [main] WARN  org.pircbotx.Channel - Channel #jdbener mode '' is stale
10:20:08.769 [main] WARN  org.pircbotx.Channel - Channel #jdbener mode '' is stale
10:20:08.769 [listenerPool0-thread234] ERROR o.p.h.m.ThreadedListenerManager - Exception encountered when executing event PartEvent(daoSnapshot=org.pircbotx.snapshot.UserChannelDaoSnapshot@3d32384c, channel=Channel(name=#jdbener, channelId=60f527e5-c766-476a-972b-71d93cb207af, dao=null, bot=Version{PircBotX 2.0.1, a fork of PircBot, the Java IRC bot - pircbotx.googlecode.com} Connected{true} Server{irc.twitch.tv} Port{6667} Password{oauth:99az436qhap7kh4osj1d4y76kt5959}, output=org.pircbotx.Channel$1@2c0e24f7, mode=, topic=, topicTimestamp=0, createTimestamp=0, topicSetter=, moderated=false, noExternalMessages=false, inviteOnly=false, secret=false, channelPrivate=false, topicProtection=false, channelLimit=-1, channelKey=null, modeStale=false, modeLatch=null), user=UserSnapshot(super=User(bot=Version{PircBotX 2.0.1, a fork of PircBot, the Java IRC bot - pircbotx.googlecode.com} Connected{true} Server{irc.twitch.tv} Port{6667} Password{oauth:99az436qhap7kh4osj1d4y76kt5959}, dao=null, userId=cb3e1faf-cc9c-4946-8878-aaf2842cc5cb, output=org.pircbotx.User$1@549ceab9, nick=biogenx2b, realName=, login=biogenx2b, hostmask=biogenx2b.tmi.twitch.tv, awayMessage=null, ircop=false, server=, hops=0)), reason=) on listener me.jdbener.levels.LevelManager@69284047
java.lang.NullPointerException: null
	at me.jdbener.Bennerbot.getConfigString(Bennerbot.java:756) ~[bin/:na]
	at me.jdbener.levels.LevelManager.onPart(LevelManager.java:45) ~[bin/:na]
	at org.pircbotx.hooks.ListenerAdapter.onEvent(ListenerAdapter.java:79) ~[pircbotx-2.0.1.jar:na]
	at org.pircbotx.hooks.managers.ThreadedListenerManager$1.call(ThreadedListenerManager.java:119) [pircbotx-2.0.1.jar:na]
	at org.pircbotx.hooks.managers.ThreadedListenerManager$1.call(ThreadedListenerManager.java:115) [pircbotx-2.0.1.jar:na]
	at java.util.concurrent.FutureTask.run(Unknown Source) [na:1.7.0_45]
	at java.util.concurrent.ThreadPoolExecutor.runWorker(Unknown Source) [na:1.7.0_45]
	at java.util.concurrent.ThreadPoolExecutor$Worker.run(Unknown Source) [na:1.7.0_45]
	at java.lang.Thread.run(Unknown Source) [na:1.7.0_45]
10:21:09.819 [main] INFO  org.pircbotx.InputParser - :biogenx2b!biogenx2b@biogenx2b.tmi.twitch.tv JOIN #jdbener
10:21:47.274 [bot1-shutdownhook] INFO  org.pircbotx.output.OutputRaw - QUIT :
10:21:47.278 [bot1-shutdownhook] WARN  org.pircbotx.Channel - Channel #jdbener mode '' is stale
10:21:47.279 [bot1-shutdownhook] WARN  org.pircbotx.Channel - Channel #jdbener mode '' is stale
10:21:47.279 [bot1-shutdownhook] INFO  org.pircbotx.dcc.DccHandler - Terminating all transfers waiting to be accepted
10:21:47.279 [main] INFO  org.pircbotx.PircBotX - Shutdown has been called, closing InputParser
10:21:47.280 [bot1-shutdownhook] DEBUG org.pircbotx.PircBotX - Disconnected.
10:21:47.280 [bot1-shutdownhook] DEBUG o.p.h.m.ThreadedListenerManager - Waiting for listener me.jdbener.levels.LevelManager@69284047 to execute event DisconnectEvent(daoSnapshot=org.pircbotx.snapshot.UserChannelDaoSnapshot@72a5d137, disconnectException=null)
10:21:47.280 [bot1-shutdownhook] DEBUG o.p.h.m.ThreadedListenerManager - Waiting for listener me.jdbener.events.Countdown@603adbda to execute event DisconnectEvent(daoSnapshot=org.pircbotx.snapshot.UserChannelDaoSnapshot@72a5d137, disconnectException=null)
