08:56:42.241 [main] INFO  me.jdbener.Bennerbot - Doing some database stuff, give me a moment
08:56:44.874 [main] WARN  me.jdbener.Bennerbot - Waiting for GUI to load
08:56:44.903 [AWT-EventQueue-0] INFO  me.jdbener.Bennerbot - Loading Beggining Tab Loading Sequence
08:56:44.924 [AWT-EventQueue-0] INFO  me.jdbener.Bennerbot - Loading the "General Configuration Tab"
08:56:46.576 [AWT-EventQueue-0] INFO  me.jdbener.Bennerbot - Loading the "Chat Display Tab"
08:56:46.614 [AWT-EventQueue-0] INFO  me.jdbener.Bennerbot - Loading the "Chat Display Window"
08:56:46.635 [AWT-EventQueue-0] INFO  me.jdbener.Bennerbot - Loading the "Chat Moderation Settings Tab"
08:56:46.657 [AWT-EventQueue-0] INFO  me.jdbener.Bennerbot - Loading the "Custom Commands Tab"
08:56:49.141 [AWT-EventQueue-0] INFO  me.jdbener.Bennerbot - Loading the "AutoMessage Tab"
08:56:50.281 [AWT-EventQueue-0] INFO  me.jdbener.Bennerbot - Loading the "Work in Progress Settings Tab"
08:56:50.289 [AWT-EventQueue-0] INFO  me.jdbener.Bennerbot - Loading the "Info Button"
08:56:50.290 [AWT-EventQueue-0] INFO  me.jdbener.Bennerbot - Finished Tab Initiation Squence... Loading Backend
08:56:53.701 [AWT-EventQueue-0] INFO  me.jdbener.Bennerbot - Finished Loading GUI Backend
08:56:53.792 [main] INFO  me.jdbener.Bennerbot - GUI loaded... Continuing with launch sequence
{3=Another Message, 2=Test Message 2, 1=Test Message, 4=If you want a cookie, you are gona have to pay for it :O}
08:56:58.310 [main] INFO  me.jdbener.Bennerbot - Begining plugin loading
08:56:58.385 [main] INFO  me.jdbener.Bennerbot - Finished looking for plugins in: plugins
08:56:58.386 [main] INFO  me.jdbener.Bennerbot - Finished looking for plugins in: plugins/BasicCommands
08:56:58.387 [main] INFO  me.jdbener.Bennerbot - Finished looking for plugins in: plugins/dissabled
08:56:58.388 [main] INFO  me.jdbener.Bennerbot - Beggining pluging loading sequence
08:56:58.388 [main] INFO  me.jdbener.Bennerbot - Finished pluging loading sequence
08:56:58.388 [main] INFO  me.jdbener.Bennerbot - Proceading with BennerBot initiation sequence
08:56:58.390 [main] DEBUG org.pircbotx.PircBotX - Trying address irc.twitch.tv/192.16.64.144
08:56:58.452 [main] INFO  org.pircbotx.PircBotX - Connected to server.
08:56:58.458 [main] INFO  org.pircbotx.output.OutputRaw - PASS oauth:99az436qhap7kh4osj1d4y76kt5959
08:56:58.459 [main] INFO  org.pircbotx.output.OutputRaw - NICK jdbener
08:56:58.459 [main] INFO  org.pircbotx.output.OutputRaw - USER BennerBot 8 * :PircBotX 2.0.1, a fork of PircBot, the Java IRC bot - pircbotx.googlecode.com
08:56:58.606 [main] INFO  org.pircbotx.InputParser - :tmi.twitch.tv 001 jdbener :Welcome, GLHF!
08:56:58.615 [main] DEBUG org.pircbotx.InputParser - Logged onto server.
08:56:59.460 [main] INFO  org.pircbotx.output.OutputRaw - JOIN #jdbener 
08:56:59.460 [main] INFO  org.pircbotx.InputParser - :tmi.twitch.tv 002 jdbener :Your host is tmi.twitch.tv
08:56:59.461 [main] INFO  org.pircbotx.InputParser - :tmi.twitch.tv 003 jdbener :This server is rather new
08:56:59.462 [main] INFO  org.pircbotx.InputParser - :tmi.twitch.tv 004 jdbener :-
08:56:59.470 [main] ERROR org.pircbotx.PircBotX - Exception encountered when parsing line
java.lang.IndexOutOfBoundsException: Index: 1, Size: 1
	at java.util.ArrayList.rangeCheck(Unknown Source) ~[na:1.7.0_45]
	at java.util.ArrayList.get(Unknown Source) ~[na:1.7.0_45]
	at org.pircbotx.ServerInfo.parse004(ServerInfo.java:113) ~[pircbotx-2.0.1.jar:na]
	at org.pircbotx.ServerInfo.parse(ServerInfo.java:106) ~[pircbotx-2.0.1.jar:na]
	at org.pircbotx.InputParser.processServerResponse(InputParser.java:709) ~[pircbotx-2.0.1.jar:na]
	at org.pircbotx.InputParser.handleLine(InputParser.java:323) ~[pircbotx-2.0.1.jar:na]
	at org.pircbotx.PircBotX.startLineProcessing(PircBotX.java:275) [pircbotx-2.0.1.jar:na]
	at org.pircbotx.PircBotX.connect(PircBotX.java:236) [pircbotx-2.0.1.jar:na]
	at org.pircbotx.PircBotX.startBot(PircBotX.java:151) [pircbotx-2.0.1.jar:na]
	at me.jdbener.Bennerbot.<init>(Bennerbot.java:298) [bin/:na]
	at me.jdbener.Bennerbot.main(Bennerbot.java:218) [bin/:na]
08:56:59.471 [main] INFO  org.pircbotx.InputParser - :tmi.twitch.tv 375 jdbener :-
08:56:59.474 [main] INFO  org.pircbotx.InputParser - :tmi.twitch.tv 372 jdbener :You are in a maze of twisty passages, all alike.
08:56:59.477 [main] INFO  org.pircbotx.InputParser - :tmi.twitch.tv 376 jdbener :>
08:56:59.666 [main] INFO  org.pircbotx.InputParser - :jdbener!jdbener@jdbener.tmi.twitch.tv JOIN #jdbener
08:57:00.461 [main] INFO  org.pircbotx.output.OutputRaw - WHO #jdbener
08:57:01.462 [listenerPool0-thread3] INFO  org.pircbotx.output.OutputRaw - TWITCHCLIENT 1
08:57:02.463 [main] INFO  org.pircbotx.output.OutputRaw - MODE #jdbener
08:57:02.467 [main] INFO  org.pircbotx.InputParser - :jdbener.tmi.twitch.tv 353 jdbener = #jdbener :jdbener
08:57:02.468 [main] INFO  org.pircbotx.InputParser - :jdbener.tmi.twitch.tv 366 jdbener #jdbener :End of /NAMES list
08:57:02.470 [main] INFO  org.pircbotx.InputParser - :tmi.twitch.tv 421 jdbener WHO :Unknown command
08:58:01.925 [main] INFO  org.pircbotx.InputParser - :biogenx2b!biogenx2b@biogenx2b.tmi.twitch.tv JOIN #jdbener
08:58:01.926 [main] INFO  org.pircbotx.InputParser - :moobot!moobot@moobot.tmi.twitch.tv JOIN #jdbener
08:58:01.926 [main] INFO  org.pircbotx.InputParser - :jtv MODE #jdbener +o moobot
08:58:01.932 [main] INFO  org.pircbotx.InputParser - :jtv MODE #jdbener +o jdbener
08:59:46.405 [bot1-shutdownhook] INFO  org.pircbotx.output.OutputRaw - QUIT :
08:59:46.415 [bot1-shutdownhook] WARN  org.pircbotx.Channel - Channel #jdbener mode '' is stale
08:59:46.431 [bot1-shutdownhook] WARN  org.pircbotx.Channel - Channel #jdbener mode '' is stale
08:59:46.435 [bot1-shutdownhook] INFO  org.pircbotx.dcc.DccHandler - Terminating all transfers waiting to be accepted
08:59:46.435 [main] INFO  org.pircbotx.PircBotX - Shutdown has been called, closing InputParser
08:59:46.438 [bot1-shutdownhook] DEBUG org.pircbotx.PircBotX - Disconnected.
08:59:46.438 [bot1-shutdownhook] DEBUG o.p.h.m.ThreadedListenerManager - Waiting for listener me.jdbener.levels.LevelManager@371adc3f to execute event DisconnectEvent(daoSnapshot=org.pircbotx.snapshot.UserChannelDaoSnapshot@2f102944, disconnectException=null)
08:59:46.439 [bot1-shutdownhook] DEBUG o.p.h.m.ThreadedListenerManager - Waiting for listener org.pircbotx.hooks.CoreHooks@7102fd8b to execute event DisconnectEvent(daoSnapshot=org.pircbotx.snapshot.UserChannelDaoSnapshot@2f102944, disconnectException=null)
08:59:46.440 [bot1-shutdownhook] DEBUG o.p.h.m.ThreadedListenerManager - Waiting for listener me.jdbener.events.BackendCommands@75197ad0 to execute event DisconnectEvent(daoSnapshot=org.pircbotx.snapshot.UserChannelDaoSnapshot@2f102944, disconnectException=null)
