14:46:35.480 [main] INFO  me.jdbener.Bennerbot - Begining plugin loading
14:46:35.565 [main] INFO  me.jdbener.Bennerbot - Finished looking for plugins in: plugins
14:46:35.592 [main] INFO  me.jdbener.Bennerbot - Finished looking for plugins in: plugins/BasicCommands
14:46:35.594 [main] INFO  me.jdbener.Bennerbot - Finished looking for plugins in: plugins/dissabled
14:46:35.596 [main] INFO  me.jdbener.Bennerbot - Beggining pluging loading sequence
14:46:35.596 [main] INFO  me.jdbener.Bennerbot - Beggining loading of: Basic Commands
14:46:35.596 [main] INFO  me.jdbener.Bennerbot - Added listener to twitch bot
14:46:35.596 [main] INFO  me.jdbener.Bennerbot - Added listener to hitbox bot
14:46:35.596 [main] INFO  me.jdbener.Bennerbot - Basic Commands has been sucessfully loaded!
14:46:35.596 [main] INFO  me.jdbener.Bennerbot - Finished pluging loading sequence
14:46:35.596 [main] INFO  me.jdbener.Bennerbot - Proceading with BennerBot initiation sequence
14:46:37.410 [main] INFO  me.jdbener.Bennerbot - Successfully initiated follower notifications
14:46:37.411 [main] INFO  me.jdbener.Bennerbot - Successfully initiated twitch api connections
14:46:37.494 [main] DEBUG org.pircbotx.MultiBotManager - Not started yet, add to queue
14:46:37.495 [main] DEBUG org.pircbotx.MultiBotManager - Not started yet, add to queue
14:46:37.498 [botPool0-bot0] DEBUG org.pircbotx.PircBotX - Trying address irc.twitch.tv/199.9.250.229
14:46:37.515 [main] INFO  me.jdbener.Bennerbot - Started Loading the GUI
14:46:37.526 [botPool0-bot0] INFO  org.pircbotx.PircBotX - Connected to server.
14:46:37.532 [botPool0-bot0] INFO  org.pircbotx.output.OutputRaw - PASS oauth:hrr2wpqq0knt6sb0spzd3d1mugpdezf
14:46:37.532 [botPool0-bot0] INFO  org.pircbotx.output.OutputRaw - NICK BennerBot
14:46:37.532 [botPool0-bot0] INFO  org.pircbotx.output.OutputRaw - USER BennerBot 8 * :PircBotX 2.0.1, a fork of PircBot, the Java IRC bot - pircbotx.googlecode.com
14:46:37.556 [botPool0-bot1] DEBUG org.pircbotx.PircBotX - Trying address irc.glados.tv/192.99.100.37
14:46:37.590 [botPool0-bot0] INFO  org.pircbotx.InputParser - :tmi.twitch.tv 001 bennerbot :Welcome, GLHF!
14:46:37.600 [botPool0-bot0] DEBUG org.pircbotx.InputParser - Logged onto server.
14:46:37.672 [botPool0-bot1] INFO  org.pircbotx.PircBotX - Connected to server.
14:46:37.673 [botPool0-bot1] INFO  org.pircbotx.output.OutputRaw - PASS bennerbot
14:46:37.673 [botPool0-bot1] INFO  org.pircbotx.output.OutputRaw - NICK bennerbot
14:46:37.673 [botPool0-bot1] INFO  org.pircbotx.output.OutputRaw - USER BennerBot 8 * :PircBotX 2.0.1, a fork of PircBot, the Java IRC bot - pircbotx.googlecode.com
14:46:38.533 [listenerPool0-thread2] INFO  org.pircbotx.output.OutputRaw - PRIVMSG #biogenx2b :/color #ff0000
14:46:38.674 [listenerPool0-thread2] INFO  org.pircbotx.output.OutputRaw - PRIVMSG #jdbener :/color #ff0000
14:46:39.534 [botPool0-bot0] INFO  org.pircbotx.output.OutputRaw - JOIN #biogenx2b 
14:46:39.534 [botPool0-bot0] INFO  org.pircbotx.InputParser - :tmi.twitch.tv 002 bennerbot :Your host is tmi.twitch.tv
14:46:39.535 [botPool0-bot0] INFO  org.pircbotx.InputParser - :tmi.twitch.tv 003 bennerbot :This server is rather new
14:46:39.535 [botPool0-bot0] INFO  org.pircbotx.InputParser - :tmi.twitch.tv 004 bennerbot :-
14:46:39.541 [botPool0-bot0] ERROR org.pircbotx.PircBotX - Exception encountered when parsing line
java.lang.IndexOutOfBoundsException: Index: 1, Size: 1
	at java.util.ArrayList.rangeCheck(Unknown Source) ~[na:1.7.0_45]
	at java.util.ArrayList.get(Unknown Source) ~[na:1.7.0_45]
	at org.pircbotx.ServerInfo.parse004(ServerInfo.java:113) ~[pircbotx-2.0.1.jar:na]
	at org.pircbotx.ServerInfo.parse(ServerInfo.java:106) ~[pircbotx-2.0.1.jar:na]
	at org.pircbotx.InputParser.processServerResponse(InputParser.java:709) ~[pircbotx-2.0.1.jar:na]
	at org.pircbotx.InputParser.handleLine(InputParser.java:323) ~[pircbotx-2.0.1.jar:na]
	at org.pircbotx.PircBotX.startLineProcessing(PircBotX.java:275) [pircbotx-2.0.1.jar:na]
	at org.pircbotx.PircBotX.connect(PircBotX.java:236) [pircbotx-2.0.1.jar:na]
	at org.pircbotx.MultiBotManager$BotRunner.call(MultiBotManager.java:219) [pircbotx-2.0.1.jar:na]
	at org.pircbotx.MultiBotManager$BotRunner.call(MultiBotManager.java:212) [pircbotx-2.0.1.jar:na]
	at java.util.concurrent.FutureTask.run(Unknown Source) [na:1.7.0_45]
	at java.util.concurrent.ThreadPoolExecutor.runWorker(Unknown Source) [na:1.7.0_45]
	at java.util.concurrent.ThreadPoolExecutor$Worker.run(Unknown Source) [na:1.7.0_45]
	at java.lang.Thread.run(Unknown Source) [na:1.7.0_45]
14:46:39.541 [botPool0-bot0] INFO  org.pircbotx.InputParser - :tmi.twitch.tv 375 bennerbot :-
14:46:39.542 [botPool0-bot0] INFO  org.pircbotx.InputParser - :tmi.twitch.tv 372 bennerbot :You are in a maze of twisty passages, all alike.
14:46:39.543 [botPool0-bot0] INFO  org.pircbotx.InputParser - :tmi.twitch.tv 376 bennerbot :>
14:46:39.544 [botPool0-bot0] INFO  org.pircbotx.InputParser - :jtv!jtv@jtv.tmi.twitch.tv PRIVMSG bennerbot :USERCOLOR bennerbot #FF0000
14:46:39.547 [botPool0-bot0] INFO  org.pircbotx.InputParser - :jtv!jtv@jtv.tmi.twitch.tv PRIVMSG bennerbot :Your color has been changed
14:46:39.614 [botPool0-bot0] INFO  org.pircbotx.InputParser - :bennerbot!bennerbot@bennerbot.tmi.twitch.tv JOIN #biogenx2b
14:46:40.536 [botPool0-bot0] INFO  org.pircbotx.output.OutputRaw - WHO #biogenx2b
14:46:41.183 [botPool0-bot1] INFO  org.pircbotx.InputParser - :irc.glados.tv 001 bennerbot :Welcome to the hitbox-tv IRC Network bennerbot!BennerBot@ip.bennerbot.chat.hitbox.tv (Connection ID: 88f04a4e-7a40-4c53-bf59-e2eb9924e39b)
14:46:41.184 [botPool0-bot1] DEBUG org.pircbotx.InputParser - Logged onto server.
14:46:41.184 [botPool0-bot1] INFO  org.pircbotx.output.OutputRaw - JOIN #jdbener 
14:46:41.188 [botPool0-bot1] INFO  org.pircbotx.InputParser - :irc.glados.tv 002 bennerbot :Your host is irc.glados.tv, running version IrcD.Net, Version=0.3.5351.28745, Culture=neutral, PublicKeyToken=null
14:46:41.188 [botPool0-bot1] INFO  org.pircbotx.InputParser - :irc.glados.tv 003 bennerbot :This server was created 11/13/2014 6:08:51 AM
14:46:41.189 [botPool0-bot1] INFO  org.pircbotx.InputParser - :irc.glados.tv 004 bennerbot :irc.glados.tv ircD.Net.0.3.5351.28745 Oiorwx ahovITbceiklmnpst
14:46:41.189 [botPool0-bot1] ERROR org.pircbotx.PircBotX - Exception encountered when parsing line
java.lang.IndexOutOfBoundsException: Index: 1, Size: 1
	at java.util.ArrayList.rangeCheck(Unknown Source) ~[na:1.7.0_45]
	at java.util.ArrayList.get(Unknown Source) ~[na:1.7.0_45]
	at org.pircbotx.ServerInfo.parse004(ServerInfo.java:113) ~[pircbotx-2.0.1.jar:na]
	at org.pircbotx.ServerInfo.parse(ServerInfo.java:106) ~[pircbotx-2.0.1.jar:na]
	at org.pircbotx.InputParser.processServerResponse(InputParser.java:709) ~[pircbotx-2.0.1.jar:na]
	at org.pircbotx.InputParser.handleLine(InputParser.java:323) ~[pircbotx-2.0.1.jar:na]
	at org.pircbotx.PircBotX.startLineProcessing(PircBotX.java:275) [pircbotx-2.0.1.jar:na]
	at org.pircbotx.PircBotX.connect(PircBotX.java:236) [pircbotx-2.0.1.jar:na]
	at org.pircbotx.MultiBotManager$BotRunner.call(MultiBotManager.java:219) [pircbotx-2.0.1.jar:na]
	at org.pircbotx.MultiBotManager$BotRunner.call(MultiBotManager.java:212) [pircbotx-2.0.1.jar:na]
	at java.util.concurrent.FutureTask.run(Unknown Source) [na:1.7.0_45]
	at java.util.concurrent.ThreadPoolExecutor.runWorker(Unknown Source) [na:1.7.0_45]
	at java.util.concurrent.ThreadPoolExecutor$Worker.run(Unknown Source) [na:1.7.0_45]
	at java.lang.Thread.run(Unknown Source) [na:1.7.0_45]
14:46:41.189 [botPool0-bot1] INFO  org.pircbotx.InputParser - :irc.glados.tv 005 bennerbot STD=draft03 PREFIX=(aohv)&@%+ CHANMODES=Ibe,k,l,Tcimnpst CHANTYPES=# CHANLIMIT=#:10 INEVEX=I EXCEPTS=e NETWORK=hitbox-tv CASEMAPPING=ascii CHANNELLEN=40 NICKLEN=32 MAXNICKLEN=32 TOPICLEN=300 KICKLEN=300 AWAYLEN=300 KNOCK LANGUAGE=5,af,sq,am,ar,hy,az,eu,be,bn,bh,bg,my,ca,chr,zh,zh-CN,zh-TW,hr,cs,da,dv,nl,en,eo,et,tl,fi,fr,gl,ka,de,el,gn,gu,iw,hi,hu,is,id,iu,it,ja,kn,kk,km,ko,ku,ky,lo,lv,lt,mk,ms,ml,mt,mr,mn,ne,no,or,ps,fa,pl,pt-PT,pa,ro,ru,sa,sr,sd :are supported by this server
14:46:41.190 [botPool0-bot1] INFO  org.pircbotx.InputParser - :irc.glados.tv 005 bennerbot LANGUAGE=5,si,sk,sl,es,sw,sv,tg,ta,te,th,bo,tr,uk,ur,uz,ug,vi SILENCE=25 RFC2812 :are supported by this server
14:46:41.190 [botPool0-bot1] INFO  org.pircbotx.InputParser - :irc.glados.tv 375 bennerbot :- irc.glados.tv Message of the day -
14:46:41.190 [botPool0-bot1] INFO  org.pircbotx.InputParser - :irc.glados.tv 372 bennerbot :-   +MMMMMMMMMMMMmdho+oddmNMMMMMMMMMMMMM $$\   $$\ $$\   $$\     $$\                                 $$$$$$\ $$$$$$$\   $$$$$$\  
14:46:41.191 [botPool0-bot1] INFO  org.pircbotx.InputParser - :irc.glados.tv 372 bennerbot :-   +MMMMMMMMNdoo/::-:///+osymNMMMMMMMMM $$ |  $$ |\__|  $$ |    $$ |                                \_$$  _|$$  __$$\ $$  __$$\ 
14:46:41.191 [botPool0-bot1] INFO  org.pircbotx.InputParser - :irc.glados.tv 372 bennerbot :-   +MMMMMMMMh::-----:////////dMMMMMMMMM $$ |  $$ |$$\ $$$$$$\   $$$$$$$\   $$$$$$\  $$\   $$\         $$ |  $$ |  $$ |$$ /  \__|
14:46:41.191 [botPool0-bot1] INFO  org.pircbotx.InputParser - :irc.glados.tv 372 bennerbot :-   +MMMMMMMMh:::----:////////dMMMMMMMMM $$$$$$$$ |$$ |\_$$  _|  $$  __$$\ $$  __$$\ \$$\ $$  |        $$ |  $$$$$$$  |$$ |     
14:46:41.192 [botPool0-bot1] INFO  org.pircbotx.InputParser - :irc.glados.tv 372 bennerbot :-   +MMMMMMMMh:::----:////////dMMMMMMMMM $$  __$$ |$$ |  $$ |    $$ |  $$ |$$ /  $$ | \$$$$  /         $$ |  $$  __$$< $$ |      
14:46:41.192 [botPool0-bot1] INFO  org.pircbotx.InputParser - :irc.glados.tv 372 bennerbot :-   +MMMMMMMMh::::---:////////dMMMMMMMMM $$ |  $$ |$$ |  $$ |$$\ $$ |  $$ |$$ |  $$ | $$  $$<          $$ |  $$ |  $$ |$$ |  $$\ 
14:46:41.192 [botPool0-bot1] INFO  org.pircbotx.InputParser - :irc.glados.tv 372 bennerbot :-   +MMMMMMMMh:::://++oo++++/+dMMMMMMMMM $$ |  $$ |$$ |  \$$$$  |$$$$$$$  |\$$$$$$  |$$  /\$$\       $$$$$$\ $$ |  $$ |\$$$$$$  |
14:46:41.193 [botPool0-bot1] INFO  org.pircbotx.InputParser - :irc.glados.tv 372 bennerbot :-   +MMMMMMMMmhmmdddddddddmmmmNMMMMMMMMM \__|  \__|\__|   \____/ \_______/  \______/ \__/  \__|      \______|\__|  \__| \______/ 
14:46:41.193 [botPool0-bot1] INFO  org.pircbotx.InputParser - :irc.glados.tv 372 bennerbot :-   +NyssssMyo+///:::::/+++oosyhMyyyhhMM
14:46:41.193 [botPool0-bot1] INFO  org.pircbotx.InputParser - :irc.glados.tv 372 bennerbot :-   +N:::::Mo::::::::::////++++yM+++ooNM $$$$$$$\            $$\                                                                 
14:46:41.194 [botPool0-bot1] INFO  org.pircbotx.InputParser - :irc.glados.tv 372 bennerbot :-   +N:::::Mo::::::::::///+++++yM++oooNM $$$$$$$\            $$\                           
14:46:41.297 [botPool0-bot1] INFO  org.pircbotx.InputParser - :irc.glados.tv 372 bennerbot :-   +N:::::Mo:::::::::://++++++yM+ooooNM $$  __$$\           $$ |                         
14:46:41.297 [botPool0-bot1] INFO  org.pircbotx.InputParser - :irc.glados.tv 372 bennerbot :-   +N:::::Mo:::::::::://++++++yMoooooNM $$ |  $$ | $$$$$$\  $$ | $$$$$$\  $$\   $$\          
14:46:41.298 [botPool0-bot1] INFO  org.pircbotx.InputParser - :irc.glados.tv 372 bennerbot :-   +N:::::Mo::::::::://+++++++yMoooooNM $$$$$$$  |$$  __$$\ $$ | \____$$\ $$ |  $$ |        
14:46:41.315 [botPool0-bot1] INFO  org.pircbotx.InputParser - :irc.glados.tv 372 bennerbot :-   +N/::::Mo:::::::::/++++++++yMoosyhMM $$  __$$< $$$$$$$$ |$$ | $$$$$$$ |$$ |  $$ |      
14:46:41.315 [botPool0-bot1] INFO  org.pircbotx.InputParser - :irc.glados.tv 372 bennerbot :-   +Mho//:Mo:::::::::/+++++++oyMhdNMMMM $$ |  $$ |$$   ____|$$ |$$  __$$ |$$ |  $$ |       
14:46:41.316 [botPool0-bot1] INFO  org.pircbotx.InputParser - :irc.glados.tv 372 bennerbot :-   +MMMMNhMy+/:::::::/++++oshmNMMMMMMMM $$ |  $$ |\$$$$$$$\ $$ |\$$$$$$$ |\$$$$$$$ |       
14:46:41.317 [botPool0-bot1] INFO  org.pircbotx.InputParser - :irc.glados.tv 372 bennerbot :-   +MMMMMMMhyddhs+/::/+oydmmhyhMMMMMMMM \__|  \__| \_______|\__| \_______| \____$$ |             -Community Driven
14:46:41.319 [botPool0-bot1] INFO  org.pircbotx.InputParser - :irc.glados.tv 372 bennerbot :-   +MMMMMMMo::/+shhhhddmdyo+ooyMMMMMMMM                                   $$\   $$ |      
14:46:41.320 [botPool0-bot1] INFO  org.pircbotx.InputParser - :irc.glados.tv 372 bennerbot :-   +MMMMMMMo:::::::/dNd+++++ooyMMMMMMMM                                   \$$$$$$  |  
14:46:41.322 [botPool0-bot1] INFO  org.pircbotx.InputParser - :irc.glados.tv 372 bennerbot :-   +MMMMMMMs::::::::hNh++++oooyMMMMMMMM                                    \______/  
14:46:41.323 [botPool0-bot1] INFO  org.pircbotx.InputParser - :irc.glados.tv 372 bennerbot :-   +MMMMMMMNdso//:::hNh++oosydNMMMMMMMM
14:46:41.326 [botPool0-bot1] INFO  org.pircbotx.InputParser - :irc.glados.tv 372 bennerbot :-   +MMMMMMMMMMMmdyo/dNh+shmNMMMMMMMMMMM
14:46:41.327 [botPool0-bot1] INFO  org.pircbotx.InputParser - :irc.glados.tv 372 bennerbot :-   +MMMMMMMMMMMMMMMNMMMNMMMMMMMMMMMMMMM
14:46:41.329 [botPool0-bot1] INFO  org.pircbotx.InputParser - :irc.glados.tv 372 bennerbot :-   
14:46:41.329 [botPool0-bot1] INFO  org.pircbotx.InputParser - :irc.glados.tv 372 bennerbot :-   Join #help for problems/assistance. To join channels, use the lowercase version of the channel name (ex. Danbopes => #danbopes)
14:46:41.339 [botPool0-bot1] INFO  org.pircbotx.InputParser - :irc.glados.tv 372 bennerbot :-   
14:46:41.357 [botPool0-bot1] INFO  org.pircbotx.InputParser - :irc.glados.tv 376 bennerbot :End of MOTD command
14:46:41.357 [botPool0-bot1] INFO  org.pircbotx.InputParser - :irc.glados.tv 251 bennerbot :There are 154 users and 0 services on 1 servers
14:46:41.413 [botPool0-bot1] INFO  org.pircbotx.InputParser - :irc.glados.tv 252 bennerbot 0 :operator(s) online
14:46:41.414 [botPool0-bot1] INFO  org.pircbotx.InputParser - :irc.glados.tv 253 bennerbot 9 :unknown connection(s)
14:46:41.414 [botPool0-bot1] INFO  org.pircbotx.InputParser - :irc.glados.tv 254 bennerbot 1 :channels formed
14:46:41.414 [botPool0-bot1] INFO  org.pircbotx.InputParser - :irc.glados.tv 255 bennerbot :I have 154 clients and 1 servers
14:46:41.414 [botPool0-bot1] INFO  org.pircbotx.InputParser - :irc.glados.tv 404 bennerbot #jdbener :Cannot send to channel
14:46:41.537 [listenerPool1-thread4] INFO  org.pircbotx.output.OutputRaw - PRIVMSG #biogenx2b :/color #ff0000
14:46:42.185 [listenerPool1-thread4] INFO  org.pircbotx.output.OutputRaw - PRIVMSG #jdbener :/color #ff0000
14:46:42.538 [botPool0-bot0] INFO  org.pircbotx.output.OutputRaw - MODE #biogenx2b
14:46:42.541 [botPool0-bot0] INFO  org.pircbotx.InputParser - :bennerbot.tmi.twitch.tv 353 bennerbot = #biogenx2b :bennerbot
14:46:42.542 [botPool0-bot0] INFO  org.pircbotx.InputParser - :bennerbot.tmi.twitch.tv 366 bennerbot #biogenx2b :End of /NAMES list
14:46:42.542 [botPool0-bot0] INFO  org.pircbotx.InputParser - :jtv!jtv@jtv.tmi.twitch.tv PRIVMSG bennerbot :USERCOLOR bennerbot #FF0000
14:46:42.543 [botPool0-bot0] INFO  org.pircbotx.InputParser - :jtv!jtv@jtv.tmi.twitch.tv PRIVMSG bennerbot :HISTORYEND biogenx2b
14:46:42.543 [botPool0-bot0] INFO  org.pircbotx.InputParser - :tmi.twitch.tv 421 bennerbot WHO :Unknown command
14:46:42.543 [botPool0-bot0] INFO  org.pircbotx.InputParser - :jtv!jtv@jtv.tmi.twitch.tv PRIVMSG bennerbot :USERCOLOR bennerbot #FF0000
14:46:42.543 [botPool0-bot0] INFO  org.pircbotx.InputParser - :jtv!jtv@jtv.tmi.twitch.tv PRIVMSG bennerbot :Your color has been changed
14:46:43.218 [botPool0-bot1] INFO  org.pircbotx.InputParser - :bennerbot!BennerBot@ip.bennerbot.chat.hitbox.tv JOIN #jdbener
14:46:43.219 [botPool0-bot1] INFO  org.pircbotx.output.OutputRaw - WHO #jdbener
14:46:44.220 [botPool0-bot1] INFO  org.pircbotx.output.OutputRaw - MODE #jdbener
14:46:44.220 [botPool0-bot1] INFO  org.pircbotx.InputParser - :irc.glados.tv 332 bennerbot #jdbener :test
14:46:44.220 [botPool0-bot1] INFO  org.pircbotx.InputParser - :irc.glados.tv 353 bennerbot = #jdbener :bennerbot @Jdbener
14:46:44.221 [botPool0-bot1] INFO  org.pircbotx.InputParser - :irc.glados.tv 366 bennerbot #jdbener :End of NAMES list
14:46:44.221 [botPool0-bot1] INFO  org.pircbotx.InputParser - :irc.glados.tv 315 bennerbot #jdbener :End of /WHO list.
14:46:44.342 [botPool0-bot1] INFO  org.pircbotx.InputParser - :irc.glados.tv 324 bennerbot #jdbener +
14:46:49.838 [botPool0-bot0] INFO  org.pircbotx.InputParser - :jdbener!jdbener@jdbener.tmi.twitch.tv PRIVMSG #biogenx2b :http://dontclickme.com
14:46:49.839 [listenerPool0-thread4] INFO  org.pircbotx.output.OutputRaw - PRIVMSG #jdbener :Jdbener: http://dontclickme.com
14:46:57.021 [botPool0-bot0] INFO  org.pircbotx.InputParser - :jdbener!jdbener@jdbener.tmi.twitch.tv JOIN #biogenx2b
14:46:57.021 [botPool0-bot0] INFO  org.pircbotx.InputParser - :moobot!moobot@moobot.tmi.twitch.tv JOIN #biogenx2b
14:46:57.022 [botPool0-bot0] INFO  org.pircbotx.InputParser - :battlebuddiesgaming!battlebuddiesgaming@battlebuddiesgaming.tmi.twitch.tv JOIN #biogenx2b
14:46:57.022 [botPool0-bot0] INFO  org.pircbotx.InputParser - :biogenx2b!biogenx2b@biogenx2b.tmi.twitch.tv JOIN #biogenx2b
14:46:57.022 [botPool0-bot0] INFO  org.pircbotx.InputParser - :pethunter!pethunter@pethunter.tmi.twitch.tv JOIN #biogenx2b
14:46:57.023 [botPool0-bot0] INFO  org.pircbotx.InputParser - :gwydo!gwydo@gwydo.tmi.twitch.tv JOIN #biogenx2b
14:46:57.023 [botPool0-bot0] INFO  org.pircbotx.InputParser - :bullseyeshot2!bullseyeshot2@bullseyeshot2.tmi.twitch.tv JOIN #biogenx2b
14:46:57.024 [botPool0-bot0] INFO  org.pircbotx.InputParser - :balder_29!balder_29@balder_29.tmi.twitch.tv JOIN #biogenx2b
14:46:57.024 [botPool0-bot0] INFO  org.pircbotx.InputParser - :jtv MODE #biogenx2b +o biogenx2b
14:46:57.030 [botPool0-bot0] INFO  org.pircbotx.InputParser - :jtv MODE #biogenx2b +o pethunter
14:46:57.031 [botPool0-bot0] INFO  org.pircbotx.InputParser - :jtv MODE #biogenx2b +o gwydo
14:46:57.032 [botPool0-bot0] INFO  org.pircbotx.InputParser - :jtv MODE #biogenx2b +o bullseyeshot2
14:46:57.033 [botPool0-bot0] INFO  org.pircbotx.InputParser - :jtv MODE #biogenx2b +o jdbener
14:46:57.034 [botPool0-bot0] INFO  org.pircbotx.InputParser - :jtv MODE #biogenx2b +o moobot
14:47:50.040 [botPool0-bot1] INFO  org.pircbotx.InputParser - PING :irc.glados.tv
14:47:50.041 [listenerPool1-thread116] INFO  org.pircbotx.output.OutputRaw - PONG irc.glados.tv
14:48:50.823 [botPool0-bot1] INFO  org.pircbotx.InputParser - PING :irc.glados.tv
14:48:50.824 [listenerPool1-thread122] INFO  org.pircbotx.output.OutputRaw - PONG irc.glados.tv
14:49:51.702 [botPool0-bot1] INFO  org.pircbotx.InputParser - PING :irc.glados.tv
14:49:51.703 [listenerPool1-thread125] INFO  org.pircbotx.output.OutputRaw - PONG irc.glados.tv
14:50:53.034 [botPool0-bot1] INFO  org.pircbotx.InputParser - PING :irc.glados.tv
14:50:53.035 [listenerPool1-thread131] INFO  org.pircbotx.output.OutputRaw - PONG irc.glados.tv
14:50:54.660 [bot2-shutdownhook] INFO  org.pircbotx.output.OutputRaw - QUIT :
14:50:54.665 [bot2-shutdownhook] INFO  org.pircbotx.output.OutputRaw - QUIT :
14:50:54.664 [bot2-shutdownhook] WARN  org.pircbotx.Channel - Channel #biogenx2b mode '' is stale
14:50:54.682 [bot2-shutdownhook] WARN  org.pircbotx.Channel - Channel #biogenx2b mode '' is stale
14:50:54.684 [bot2-shutdownhook] INFO  org.pircbotx.dcc.DccHandler - Terminating all transfers waiting to be accepted
14:50:54.684 [botPool0-bot1] INFO  org.pircbotx.PircBotX - Shutdown has been called, closing InputParser
14:50:54.685 [botPool0-bot1] DEBUG o.p.MultiBotManager$BotFutureCallback - Bot #1 finished
14:50:54.686 [bot2-shutdownhook] DEBUG org.pircbotx.PircBotX - Disconnected.
14:50:54.686 [bot2-shutdownhook] DEBUG o.p.h.m.ThreadedListenerManager - Waiting for listener me.jdbener.utilities.CustomCommandHandeler@6cf1156e to execute event DisconnectEvent(daoSnapshot=org.pircbotx.snapshot.UserChannelDaoSnapshot@73a75a3d, disconnectException=null)
14:50:54.687 [bot2-shutdownhook] DEBUG o.p.h.m.ThreadedListenerManager - Waiting for listener me.jdbener.apis.twitch.TwitchStatusGameUpdater@23a528bd to execute event DisconnectEvent(daoSnapshot=org.pircbotx.snapshot.UserChannelDaoSnapshot@73a75a3d, disconnectException=null)
14:50:54.687 [bot2-shutdownhook] DEBUG o.p.h.m.ThreadedListenerManager - Waiting for listener me.jdbener.utilities.JoinLeaveMessages@36b4361a to execute event DisconnectEvent(daoSnapshot=org.pircbotx.snapshot.UserChannelDaoSnapshot@73a75a3d, disconnectException=null)
14:50:54.687 [bot2-shutdownhook] DEBUG o.p.h.m.ThreadedListenerManager - Waiting for listener me.jdbener.apis.hitbox.HitboxStatusGameUpdater@4e073534 to execute event DisconnectEvent(daoSnapshot=org.pircbotx.snapshot.UserChannelDaoSnapshot@73a75a3d, disconnectException=null)
14:50:54.687 [bot2-shutdownhook] DEBUG o.p.h.m.ThreadedListenerManager - Waiting for listener me.jdbener.apis.hitbox.HitboxFollowerHandeler@279168ba to execute event DisconnectEvent(daoSnapshot=org.pircbotx.snapshot.UserChannelDaoSnapshot@73a75a3d, disconnectException=null)
14:50:54.687 [bot2-shutdownhook] INFO  org.pircbotx.dcc.DccHandler - Terminating all transfers waiting to be accepted
14:50:54.687 [botPool0-bot0] INFO  org.pircbotx.PircBotX - Shutdown has been called, closing InputParser
14:50:54.687 [botPool0-bot0] DEBUG o.p.MultiBotManager$BotFutureCallback - Bot #0 finished
14:50:54.688 [bot2-shutdownhook] DEBUG org.pircbotx.PircBotX - Disconnected.
14:50:54.688 [bot2-shutdownhook] DEBUG o.p.h.m.ThreadedListenerManager - Waiting for listener me.jdbener.apis.hitbox.HitboxStatusGameUpdater@38c9e1cc to execute event DisconnectEvent(daoSnapshot=org.pircbotx.snapshot.UserChannelDaoSnapshot@29360691, disconnectException=null)
