11:14:55.705 [main] INFO  me.jdbener.Bennerbot - Begining plugin loading
11:14:55.797 [main] INFO  me.jdbener.Bennerbot - Finished looking for plugins in: plugins
11:14:55.798 [main] INFO  me.jdbener.Bennerbot - Finished looking for plugins in: plugins/BasicCommands
11:14:55.799 [main] INFO  me.jdbener.Bennerbot - Finished looking for plugins in: plugins/dissabled
11:14:55.803 [main] INFO  me.jdbener.Bennerbot - Beggining pluging loading sequence
11:14:55.803 [main] INFO  me.jdbener.Bennerbot - Finished pluging loading sequence
11:14:55.803 [main] INFO  me.jdbener.Bennerbot - Proceading with BennerBot initiation sequence
11:14:57.000 [main] INFO  me.jdbener.Bennerbot - Successfully initiated follower notifications
11:14:57.002 [main] INFO  me.jdbener.Bennerbot - Successfully initiated twitch api connections
11:14:57.219 [main] DEBUG org.pircbotx.MultiBotManager - Not started yet, add to queue
11:14:57.220 [main] DEBUG org.pircbotx.MultiBotManager - Not started yet, add to queue
11:14:57.223 [botPool0-bot0] DEBUG org.pircbotx.PircBotX - Trying address irc.twitch.tv/199.9.250.229
11:14:57.228 [botPool0-bot1] DEBUG org.pircbotx.PircBotX - Trying address irc.glados.tv/192.99.100.37
11:14:57.231 [main] INFO  me.jdbener.Bennerbot - Started Loading the GUI
11:14:57.252 [botPool0-bot0] INFO  org.pircbotx.PircBotX - Connected to server.
11:14:57.259 [botPool0-bot0] INFO  org.pircbotx.output.OutputRaw - PASS oauth:hrr2wpqq0knt6sb0spzd3d1mugpdezf
11:14:57.259 [botPool0-bot0] INFO  org.pircbotx.output.OutputRaw - NICK BennerBot
11:14:57.259 [botPool0-bot0] INFO  org.pircbotx.output.OutputRaw - USER BennerBot 8 * :PircBotX 2.0.1, a fork of PircBot, the Java IRC bot - pircbotx.googlecode.com
11:14:57.329 [botPool0-bot0] INFO  org.pircbotx.InputParser - :tmi.twitch.tv 001 bennerbot :Welcome, GLHF!
11:14:57.342 [botPool0-bot0] DEBUG org.pircbotx.InputParser - Logged onto server.
11:14:57.352 [botPool0-bot1] INFO  org.pircbotx.PircBotX - Connected to server.
11:14:57.354 [botPool0-bot1] INFO  org.pircbotx.output.OutputRaw - PASS bennerbot
11:14:57.354 [botPool0-bot1] INFO  org.pircbotx.output.OutputRaw - NICK bennerbot
11:14:57.354 [botPool0-bot1] INFO  org.pircbotx.output.OutputRaw - USER BennerBot 8 * :PircBotX 2.0.1, a fork of PircBot, the Java IRC bot - pircbotx.googlecode.com
11:14:58.260 [listenerPool0-thread4] INFO  org.pircbotx.output.OutputRaw - PRIVMSG #pinkandorangeandgold :/color #ff0000
11:14:58.355 [listenerPool0-thread4] INFO  org.pircbotx.output.OutputRaw - PRIVMSG #pinkandorangeandgold :/color #ff0000
11:14:59.261 [botPool0-bot0] INFO  org.pircbotx.output.OutputRaw - JOIN #pinkandorangeandgold 
11:14:59.262 [botPool0-bot0] INFO  org.pircbotx.InputParser - :tmi.twitch.tv 002 bennerbot :Your host is tmi.twitch.tv
11:14:59.262 [botPool0-bot0] INFO  org.pircbotx.InputParser - :tmi.twitch.tv 003 bennerbot :This server is rather new
11:14:59.262 [botPool0-bot0] INFO  org.pircbotx.InputParser - :tmi.twitch.tv 004 bennerbot :-
11:14:59.269 [botPool0-bot0] ERROR org.pircbotx.PircBotX - Exception encountered when parsing line
java.lang.IndexOutOfBoundsException: Index: 1, Size: 1
	at java.util.ArrayList.rangeCheck(Unknown Source) ~[na:1.7.0_45]
	at java.util.ArrayList.get(Unknown Source) ~[na:1.7.0_45]
	at org.pircbotx.ServerInfo.parse004(ServerInfo.java:113) ~[pircbotx-2.0.1.jar:na]
	at org.pircbotx.ServerInfo.parse(ServerInfo.java:106) ~[pircbotx-2.0.1.jar:na]
	at org.pircbotx.InputParser.processServerResponse(InputParser.java:709) ~[pircbotx-2.0.1.jar:na]
	at org.pircbotx.InputParser.handleLine(InputParser.java:323) ~[pircbotx-2.0.1.jar:na]
	at org.pircbotx.PircBotX.startLineProcessing(PircBotX.java:275) [pircbotx-2.0.1.jar:na]
	at org.pircbotx.PircBotX.connect(PircBotX.java:236) [pircbotx-2.0.1.jar:na]
	at org.pircbotx.MultiBotManager$BotRunner.call(MultiBotManager.java:219) [pircbotx-2.0.1.jar:na]
	at org.pircbotx.MultiBotManager$BotRunner.call(MultiBotManager.java:212) [pircbotx-2.0.1.jar:na]
	at java.util.concurrent.FutureTask.run(Unknown Source) [na:1.7.0_45]
	at java.util.concurrent.ThreadPoolExecutor.runWorker(Unknown Source) [na:1.7.0_45]
	at java.util.concurrent.ThreadPoolExecutor$Worker.run(Unknown Source) [na:1.7.0_45]
	at java.lang.Thread.run(Unknown Source) [na:1.7.0_45]
11:14:59.269 [botPool0-bot0] INFO  org.pircbotx.InputParser - :tmi.twitch.tv 375 bennerbot :-
11:14:59.270 [botPool0-bot0] INFO  org.pircbotx.InputParser - :tmi.twitch.tv 372 bennerbot :You are in a maze of twisty passages, all alike.
11:14:59.270 [botPool0-bot0] INFO  org.pircbotx.InputParser - :tmi.twitch.tv 376 bennerbot :>
11:14:59.272 [botPool0-bot0] INFO  org.pircbotx.InputParser - :jtv!jtv@jtv.tmi.twitch.tv PRIVMSG bennerbot :USERCOLOR bennerbot #FF0000
11:14:59.274 [botPool0-bot0] INFO  org.pircbotx.InputParser - :jtv!jtv@jtv.tmi.twitch.tv PRIVMSG bennerbot :Your color has been changed
11:14:59.402 [botPool0-bot0] INFO  org.pircbotx.InputParser - :bennerbot!bennerbot@bennerbot.tmi.twitch.tv JOIN #pinkandorangeandgold
11:15:00.262 [botPool0-bot0] INFO  org.pircbotx.output.OutputRaw - WHO #pinkandorangeandgold
11:15:00.348 [botPool0-bot1] INFO  org.pircbotx.InputParser - :irc.glados.tv 001 bennerbot :Welcome to the hitbox-tv IRC Network bennerbot!BennerBot@ip.bennerbot.chat.hitbox.tv (Connection ID: 7f40b7cb-fc5d-4ae7-812d-f07413858c73)
11:15:00.348 [botPool0-bot1] DEBUG org.pircbotx.InputParser - Logged onto server.
11:15:00.348 [botPool0-bot1] INFO  org.pircbotx.output.OutputRaw - JOIN #pinkandorangeandgold 
11:15:00.352 [botPool0-bot1] INFO  org.pircbotx.InputParser - :irc.glados.tv 002 bennerbot :Your host is irc.glados.tv, running version IrcD.Net, Version=0.3.5351.28745, Culture=neutral, PublicKeyToken=null
11:15:00.352 [botPool0-bot1] INFO  org.pircbotx.InputParser - :irc.glados.tv 003 bennerbot :This server was created 11/13/2014 6:08:51 AM
11:15:00.352 [botPool0-bot1] INFO  org.pircbotx.InputParser - :irc.glados.tv 004 bennerbot :irc.glados.tv ircD.Net.0.3.5351.28745 Oiorwx ahovITbceiklmnpst
11:15:00.353 [botPool0-bot1] ERROR org.pircbotx.PircBotX - Exception encountered when parsing line
java.lang.IndexOutOfBoundsException: Index: 1, Size: 1
	at java.util.ArrayList.rangeCheck(Unknown Source) ~[na:1.7.0_45]
	at java.util.ArrayList.get(Unknown Source) ~[na:1.7.0_45]
	at org.pircbotx.ServerInfo.parse004(ServerInfo.java:113) ~[pircbotx-2.0.1.jar:na]
	at org.pircbotx.ServerInfo.parse(ServerInfo.java:106) ~[pircbotx-2.0.1.jar:na]
	at org.pircbotx.InputParser.processServerResponse(InputParser.java:709) ~[pircbotx-2.0.1.jar:na]
	at org.pircbotx.InputParser.handleLine(InputParser.java:323) ~[pircbotx-2.0.1.jar:na]
	at org.pircbotx.PircBotX.startLineProcessing(PircBotX.java:275) [pircbotx-2.0.1.jar:na]
	at org.pircbotx.PircBotX.connect(PircBotX.java:236) [pircbotx-2.0.1.jar:na]
	at org.pircbotx.MultiBotManager$BotRunner.call(MultiBotManager.java:219) [pircbotx-2.0.1.jar:na]
	at org.pircbotx.MultiBotManager$BotRunner.call(MultiBotManager.java:212) [pircbotx-2.0.1.jar:na]
	at java.util.concurrent.FutureTask.run(Unknown Source) [na:1.7.0_45]
	at java.util.concurrent.ThreadPoolExecutor.runWorker(Unknown Source) [na:1.7.0_45]
	at java.util.concurrent.ThreadPoolExecutor$Worker.run(Unknown Source) [na:1.7.0_45]
	at java.lang.Thread.run(Unknown Source) [na:1.7.0_45]
11:15:00.353 [botPool0-bot1] INFO  org.pircbotx.InputParser - :irc.glados.tv 005 bennerbot STD=draft03 PREFIX=(aohv)&@%+ CHANMODES=Ibe,k,l,Tcimnpst CHANTYPES=# CHANLIMIT=#:10 INEVEX=I EXCEPTS=e NETWORK=hitbox-tv CASEMAPPING=ascii CHANNELLEN=40 NICKLEN=32 MAXNICKLEN=32 TOPICLEN=300 KICKLEN=300 AWAYLEN=300 KNOCK LANGUAGE=5,af,sq,am,ar,hy,az,eu,be,bn,bh,bg,my,ca,chr,zh,zh-CN,zh-TW,hr,cs,da,dv,nl,en,eo,et,tl,fi,fr,gl,ka,de,el,gn,gu,iw,hi,hu,is,id,iu,it,ja,kn,kk,km,ko,ku,ky,lo,lv,lt,mk,ms,ml,mt,mr,mn,ne,no,or,ps,fa,pl,pt-PT,pa,ro,ru,sa,sr,sd :are supported by this server
11:15:00.354 [botPool0-bot1] INFO  org.pircbotx.InputParser - :irc.glados.tv 005 bennerbot LANGUAGE=5,si,sk,sl,es,sw,sv,tg,ta,te,th,bo,tr,uk,ur,uz,ug,vi SILENCE=25 RFC2812 :are supported by this server
11:15:00.354 [botPool0-bot1] INFO  org.pircbotx.InputParser - :irc.glados.tv 375 bennerbot :- irc.glados.tv Message of the day -
11:15:00.354 [botPool0-bot1] INFO  org.pircbotx.InputParser - :irc.glados.tv 372 bennerbot :-   +MMMMMMMMMMMMmdho+oddmNMMMMMMMMMMMMM $$\   $$\ $$\   $$\     $$\                                 $$$$$$\ $$$$$$$\   $$$$$$\  
11:15:00.355 [botPool0-bot1] INFO  org.pircbotx.InputParser - :irc.glados.tv 372 bennerbot :-   +MMMMMMMMNdoo/::-:///+osymNMMMMMMMMM $$ |  $$ |\__|  $$ |    $$ |                                \_$$  _|$$  __$$\ $$  __$$\ 
11:15:00.355 [botPool0-bot1] INFO  org.pircbotx.InputParser - :irc.glados.tv 372 bennerbot :-   +MMMMMMMMh::-----:////////dMMMMMMMMM $$ |  $$ |$$\ $$$$$$\   $$$$$$$\   $$$$$$\  $$\   $$\         $$ |  $$ |  $$ |$$ /  \__|
11:15:00.356 [botPool0-bot1] INFO  org.pircbotx.InputParser - :irc.glados.tv 372 bennerbot :-   +MMMMMMMMh:::----:////////dMMMMMMMMM $$$$$$$$ |$$ |\_$$  _|  $$  __$$\ $$  __$$\ \$$\ $$  |        $$ |  $$$$$$$  |$$ |     
11:15:00.356 [botPool0-bot1] INFO  org.pircbotx.InputParser - :irc.glados.tv 372 bennerbot :-   +MMMMMMMMh:::----:////////dMMMMMMMMM $$  __$$ |$$ |  $$ |    $$ |  $$ |$$ /  $$ | \$$$$  /         $$ |  $$  __$$< $$ |      
11:15:00.356 [botPool0-bot1] INFO  org.pircbotx.InputParser - :irc.glados.tv 372 bennerbot :-   +MMMMMMMMh::::---:////////dMMMMMMMMM $$ |  $$ |$$ |  $$ |$$\ $$ |  $$ |$$ |  $$ | $$  $$<          $$ |  $$ |  $$ |$$ |  $$\ 
11:15:00.357 [botPool0-bot1] INFO  org.pircbotx.InputParser - :irc.glados.tv 372 bennerbot :-   +MMMMMMMMh:::://++oo++++/+dMMMMMMMMM $$ |  $$ |$$ |  \$$$$  |$$$$$$$  |\$$$$$$  |$$  /\$$\       $$$$$$\ $$ |  $$ |\$$$$$$  |
11:15:00.357 [botPool0-bot1] INFO  org.pircbotx.InputParser - :irc.glados.tv 372 bennerbot :-   +MMMMMMMMmhmmdddddddddmmmmNMMMMMMMMM \__|  \__|\__|   \____/ \_______/  \______/ \__/  \__|      \______|\__|  \__| \______/ 
11:15:00.357 [botPool0-bot1] INFO  org.pircbotx.InputParser - :irc.glados.tv 372 bennerbot :-   +NyssssMyo+///:::::/+++oosyhMyyyhhMM
11:15:00.358 [botPool0-bot1] INFO  org.pircbotx.InputParser - :irc.glados.tv 372 bennerbot :-   +N:::::Mo::::::::::////++++yM+++ooNM $$$$$$$\            $$\                                                                 
11:15:00.358 [botPool0-bot1] INFO  org.pircbotx.InputParser - :irc.glados.tv 372 bennerbot :-   +N:::::Mo::::::::::///+++++yM++oooNM $$$$$$$\            $$\                           
11:15:00.463 [botPool0-bot1] INFO  org.pircbotx.InputParser - :irc.glados.tv 372 bennerbot :-   +N:::::Mo:::::::::://++++++yM+ooooNM $$  __$$\           $$ |                         
11:15:00.463 [botPool0-bot1] INFO  org.pircbotx.InputParser - :irc.glados.tv 372 bennerbot :-   +N:::::Mo:::::::::://++++++yMoooooNM $$ |  $$ | $$$$$$\  $$ | $$$$$$\  $$\   $$\          
11:15:00.464 [botPool0-bot1] INFO  org.pircbotx.InputParser - :irc.glados.tv 372 bennerbot :-   +N:::::Mo::::::::://+++++++yMoooooNM $$$$$$$  |$$  __$$\ $$ | \____$$\ $$ |  $$ |        
11:15:00.467 [botPool0-bot1] INFO  org.pircbotx.InputParser - :irc.glados.tv 372 bennerbot :-   +N/::::Mo:::::::::/++++++++yMoosyhMM $$  __$$< $$$$$$$$ |$$ | $$$$$$$ |$$ |  $$ |      
11:15:00.467 [botPool0-bot1] INFO  org.pircbotx.InputParser - :irc.glados.tv 372 bennerbot :-   +Mho//:Mo:::::::::/+++++++oyMhdNMMMM $$ |  $$ |$$   ____|$$ |$$  __$$ |$$ |  $$ |       
11:15:00.468 [botPool0-bot1] INFO  org.pircbotx.InputParser - :irc.glados.tv 372 bennerbot :-   +MMMMNhMy+/:::::::/++++oshmNMMMMMMMM $$ |  $$ |\$$$$$$$\ $$ |\$$$$$$$ |\$$$$$$$ |       
11:15:00.468 [botPool0-bot1] INFO  org.pircbotx.InputParser - :irc.glados.tv 372 bennerbot :-   +MMMMMMMhyddhs+/::/+oydmmhyhMMMMMMMM \__|  \__| \_______|\__| \_______| \____$$ |             -Community Driven
11:15:00.469 [botPool0-bot1] INFO  org.pircbotx.InputParser - :irc.glados.tv 372 bennerbot :-   +MMMMMMMo::/+shhhhddmdyo+ooyMMMMMMMM                                   $$\   $$ |      
11:15:00.470 [botPool0-bot1] INFO  org.pircbotx.InputParser - :irc.glados.tv 372 bennerbot :-   +MMMMMMMo:::::::/dNd+++++ooyMMMMMMMM                                   \$$$$$$  |  
11:15:00.470 [botPool0-bot1] INFO  org.pircbotx.InputParser - :irc.glados.tv 372 bennerbot :-   +MMMMMMMs::::::::hNh++++oooyMMMMMMMM                                    \______/  
11:15:00.471 [botPool0-bot1] INFO  org.pircbotx.InputParser - :irc.glados.tv 372 bennerbot :-   +MMMMMMMNdso//:::hNh++oosydNMMMMMMMM
11:15:00.472 [botPool0-bot1] INFO  org.pircbotx.InputParser - :irc.glados.tv 372 bennerbot :-   +MMMMMMMMMMMmdyo/dNh+shmNMMMMMMMMMMM
11:15:00.472 [botPool0-bot1] INFO  org.pircbotx.InputParser - :irc.glados.tv 372 bennerbot :-   +MMMMMMMMMMMMMMMNMMMNMMMMMMMMMMMMMMM
11:15:00.473 [botPool0-bot1] INFO  org.pircbotx.InputParser - :irc.glados.tv 372 bennerbot :-   
11:15:00.473 [botPool0-bot1] INFO  org.pircbotx.InputParser - :irc.glados.tv 372 bennerbot :-   Join #help for problems/assistance. To join channels, use the lowercase version of the channel name (ex. Danbopes => #danbopes)
11:15:00.474 [botPool0-bot1] INFO  org.pircbotx.InputParser - :irc.glados.tv 372 bennerbot :-   
11:15:00.475 [botPool0-bot1] INFO  org.pircbotx.InputParser - :irc.glados.tv 376 bennerbot :End of MOTD command
11:15:00.476 [botPool0-bot1] INFO  org.pircbotx.InputParser - :irc.glados.tv 251 bennerbot :There are 158 users and 0 services on 1 servers
11:15:00.477 [botPool0-bot1] INFO  org.pircbotx.InputParser - :irc.glados.tv 252 bennerbot 0 :operator(s) online
11:15:00.477 [botPool0-bot1] INFO  org.pircbotx.InputParser - :irc.glados.tv 253 bennerbot 11 :unknown connection(s)
11:15:00.478 [botPool0-bot1] INFO  org.pircbotx.InputParser - :irc.glados.tv 254 bennerbot 1 :channels formed
11:15:00.478 [botPool0-bot1] INFO  org.pircbotx.InputParser - :irc.glados.tv 255 bennerbot :I have 158 clients and 1 servers
11:15:00.479 [botPool0-bot1] INFO  org.pircbotx.InputParser - :irc.glados.tv 404 bennerbot #pinkandorangeandgold :Cannot send to channel
11:15:01.263 [listenerPool1-thread5] INFO  org.pircbotx.output.OutputRaw - PRIVMSG #pinkandorangeandgold :/color #ff0000
11:15:01.350 [listenerPool1-thread5] INFO  org.pircbotx.output.OutputRaw - PRIVMSG #pinkandorangeandgold :/color #ff0000
11:15:02.264 [botPool0-bot0] INFO  org.pircbotx.output.OutputRaw - MODE #pinkandorangeandgold
11:15:02.268 [botPool0-bot0] INFO  org.pircbotx.InputParser - :bennerbot.tmi.twitch.tv 353 bennerbot = #pinkandorangeandgold :bennerbot
11:15:02.268 [botPool0-bot0] INFO  org.pircbotx.InputParser - :bennerbot.tmi.twitch.tv 366 bennerbot #pinkandorangeandgold :End of /NAMES list
11:15:02.269 [botPool0-bot0] INFO  org.pircbotx.InputParser - :jtv!jtv@jtv.tmi.twitch.tv PRIVMSG bennerbot :USERCOLOR bennerbot #FF0000
11:15:02.269 [botPool0-bot0] INFO  org.pircbotx.InputParser - :jtv!jtv@jtv.tmi.twitch.tv PRIVMSG bennerbot :HISTORYEND pinkandorangeandgold
11:15:02.270 [botPool0-bot0] INFO  org.pircbotx.InputParser - :jtv!jtv@jtv.tmi.twitch.tv PRIVMSG bennerbot :HOSTTARGET kahmul78 -
11:15:02.270 [botPool0-bot0] INFO  org.pircbotx.InputParser - :jtv!jtv@jtv.tmi.twitch.tv PRIVMSG bennerbot :Now hosting kahmul78.
11:15:02.270 [botPool0-bot0] INFO  org.pircbotx.InputParser - :tmi.twitch.tv 421 bennerbot WHO :Unknown command
11:15:02.271 [botPool0-bot0] INFO  org.pircbotx.InputParser - :jtv!jtv@jtv.tmi.twitch.tv PRIVMSG bennerbot :USERCOLOR bennerbot #FF0000
11:15:02.271 [botPool0-bot0] INFO  org.pircbotx.InputParser - :jtv!jtv@jtv.tmi.twitch.tv PRIVMSG bennerbot :Your color has been changed
11:15:02.469 [botPool0-bot1] INFO  org.pircbotx.InputParser - :bennerbot!BennerBot@ip.bennerbot.chat.hitbox.tv JOIN #pinkandorangeandgold
11:15:02.470 [botPool0-bot1] INFO  org.pircbotx.output.OutputRaw - WHO #pinkandorangeandgold
11:15:03.471 [botPool0-bot1] INFO  org.pircbotx.output.OutputRaw - MODE #pinkandorangeandgold
11:15:03.471 [botPool0-bot1] INFO  org.pircbotx.InputParser - :irc.glados.tv 332 bennerbot #pinkandorangeandgold :[Speedrun] All Bosses - Magic
11:15:03.472 [botPool0-bot1] INFO  org.pircbotx.InputParser - :irc.glados.tv 353 bennerbot = #pinkandorangeandgold :bennerbot @PinkAndOrangeAndGold Jdbener
11:15:03.472 [botPool0-bot1] INFO  org.pircbotx.InputParser - :irc.glados.tv 366 bennerbot #pinkandorangeandgold :End of NAMES list
11:15:03.472 [botPool0-bot1] INFO  org.pircbotx.InputParser - :irc.glados.tv 315 bennerbot #pinkandorangeandgold :End of /WHO list.
11:15:03.585 [botPool0-bot1] INFO  org.pircbotx.InputParser - :irc.glados.tv 324 bennerbot #pinkandorangeandgold +
11:15:09.706 [botPool0-bot0] INFO  org.pircbotx.InputParser - :jdbener!jdbener@jdbener.tmi.twitch.tv PRIVMSG #pinkandorangeandgold :!game that one game
11:15:09.707 [listenerPool0-thread2] INFO  org.pircbotx.output.OutputRaw - PRIVMSG #pinkandorangeandgold :!game that one game
11:15:10.708 [listenerPool0-thread5] INFO  org.pircbotx.output.OutputRaw - PRIVMSG #pinkandorangeandgold :Jdbener has just tried to use a command they dont have permision to
11:15:10.708 [listenerPool0-thread5] INFO  org.pircbotx.output.OutputRaw - PRIVMSG #pinkandorangeandgold :Jdbener has just tried to use a command they dont have permision to
11:15:11.709 [listenerPool0-thread3] INFO  org.pircbotx.output.OutputRaw - PRIVMSG #pinkandorangeandgold :Jdbener has just tried to use a command they dont have permision to
11:15:11.709 [listenerPool0-thread3] INFO  org.pircbotx.output.OutputRaw - PRIVMSG #pinkandorangeandgold :Jdbener has just tried to use a command they dont have permision to
11:15:13.795 [listenerPool0-thread5] INFO  org.pircbotx.output.OutputRaw - PRIVMSG #pinkandorangeandgold :Jdbener you have: 1 warnings left!
11:15:13.795 [listenerPool0-thread5] INFO  org.pircbotx.output.OutputRaw - PRIVMSG #pinkandorangeandgold :Jdbener you have: 1 warnings left!
11:15:14.811 [listenerPool0-thread3] INFO  org.pircbotx.output.OutputRaw - PRIVMSG #pinkandorangeandgold :Jdbener you have: 1 warnings left!
11:15:14.811 [listenerPool0-thread3] INFO  org.pircbotx.output.OutputRaw - PRIVMSG #pinkandorangeandgold :Jdbener you have: 1 warnings left!
11:16:16.531 [botPool0-bot1] INFO  org.pircbotx.InputParser - PING :irc.glados.tv
11:16:16.532 [listenerPool1-thread9] INFO  org.pircbotx.output.OutputRaw - PONG irc.glados.tv
11:16:21.953 [bot2-shutdownhook] INFO  org.pircbotx.output.OutputRaw - QUIT :
11:16:21.963 [bot2-shutdownhook] INFO  org.pircbotx.output.OutputRaw - QUIT :
11:16:21.974 [bot2-shutdownhook] INFO  org.pircbotx.dcc.DccHandler - Terminating all transfers waiting to be accepted
11:16:21.975 [botPool0-bot1] INFO  org.pircbotx.PircBotX - Shutdown has been called, closing InputParser
11:16:21.975 [bot2-shutdownhook] DEBUG org.pircbotx.PircBotX - Disconnected.
11:16:21.975 [bot2-shutdownhook] DEBUG o.p.h.m.ThreadedListenerManager - Waiting for listener me.jdbener.utilities.ChatRelayHandeler@5b72c218 to execute event DisconnectEvent(daoSnapshot=org.pircbotx.snapshot.UserChannelDaoSnapshot@2ba42e76, disconnectException=null)
11:16:21.976 [bot2-shutdownhook] INFO  org.pircbotx.dcc.DccHandler - Terminating all transfers waiting to be accepted
11:16:21.977 [botPool0-bot1] DEBUG o.p.MultiBotManager$BotFutureCallback - Bot #1 finished
11:16:21.977 [botPool0-bot0] INFO  org.pircbotx.PircBotX - Shutdown has been called, closing InputParser
11:16:21.977 [botPool0-bot0] DEBUG o.p.MultiBotManager$BotFutureCallback - Bot #0 finished
11:16:21.978 [bot2-shutdownhook] DEBUG org.pircbotx.PircBotX - Disconnected.
11:16:21.978 [bot2-shutdownhook] DEBUG o.p.h.m.ThreadedListenerManager - Waiting for listener me.jdbener.apis.hitbox.HitboxFollowerHandeler@3f375021 to execute event DisconnectEvent(daoSnapshot=org.pircbotx.snapshot.UserChannelDaoSnapshot@2ba42e76, disconnectException=null)
11:16:21.978 [bot2-shutdownhook] DEBUG o.p.h.m.ThreadedListenerManager - Waiting for listener me.jdbener.utilities.JoinLeaveMessages@299320cf to execute event DisconnectEvent(daoSnapshot=org.pircbotx.snapshot.UserChannelDaoSnapshot@17eb7542, disconnectException=null)
11:16:21.978 [bot2-shutdownhook] DEBUG o.p.h.m.ThreadedListenerManager - Waiting for listener me.jdbener.apis.twitch.TwitchStatusGameUpdater@1efd4839 to execute event DisconnectEvent(daoSnapshot=org.pircbotx.snapshot.UserChannelDaoSnapshot@2ba42e76, disconnectException=null)
11:16:21.978 [bot2-shutdownhook] DEBUG o.p.h.m.ThreadedListenerManager - Waiting for listener me.jdbener.utilities.BotJoinHandeler@63198ed3 to execute event DisconnectEvent(daoSnapshot=org.pircbotx.snapshot.UserChannelDaoSnapshot@2ba42e76, disconnectException=null)
11:16:21.978 [bot2-shutdownhook] DEBUG o.p.h.m.ThreadedListenerManager - Waiting for listener me.jdbener.utilities.ChatRelayHandeler@44ce3dad to execute event DisconnectEvent(daoSnapshot=org.pircbotx.snapshot.UserChannelDaoSnapshot@17eb7542, disconnectException=null)
11:16:21.978 [bot2-shutdownhook] DEBUG o.p.h.m.ThreadedListenerManager - Waiting for listener org.pircbotx.hooks.CoreHooks@1cad8848 to execute event DisconnectEvent(daoSnapshot=org.pircbotx.snapshot.UserChannelDaoSnapshot@17eb7542, disconnectException=null)
11:16:21.979 [bot2-shutdownhook] DEBUG o.p.h.m.ThreadedListenerManager - Waiting for listener me.jdbener.utilities.BotJoinHandeler@3fe8032c to execute event DisconnectEvent(daoSnapshot=org.pircbotx.snapshot.UserChannelDaoSnapshot@17eb7542, disconnectException=null)
