15:00:35.760 [main] INFO  me.jdbener.Bennerbot - Begining plugin loading
15:00:35.845 [main] INFO  me.jdbener.Bennerbot - Finished looking for plugins in: plugins
15:00:35.868 [main] INFO  me.jdbener.Bennerbot - Finished looking for plugins in: plugins/BasicCommands
15:00:35.869 [main] INFO  me.jdbener.Bennerbot - Finished looking for plugins in: plugins/dissabled
15:00:35.871 [main] INFO  me.jdbener.Bennerbot - Beggining pluging loading sequence
15:00:35.871 [main] INFO  me.jdbener.Bennerbot - Beggining loading of: Basic Commands
15:00:35.871 [main] INFO  me.jdbener.Bennerbot - Added listener to twitch bot
15:00:35.871 [main] INFO  me.jdbener.Bennerbot - Added listener to hitbox bot
15:00:35.871 [main] INFO  me.jdbener.Bennerbot - Basic Commands has been sucessfully loaded!
15:00:35.871 [main] INFO  me.jdbener.Bennerbot - Finished pluging loading sequence
15:00:35.871 [main] INFO  me.jdbener.Bennerbot - Proceading with BennerBot initiation sequence
15:00:36.847 [main] INFO  me.jdbener.Bennerbot - Successfully initiated follower notifications
15:00:36.848 [main] INFO  me.jdbener.Bennerbot - Successfully initiated twitch api connections
15:00:36.923 [main] DEBUG org.pircbotx.MultiBotManager - Not started yet, add to queue
15:00:36.923 [main] DEBUG org.pircbotx.MultiBotManager - Not started yet, add to queue
15:00:36.927 [botPool0-bot0] DEBUG org.pircbotx.PircBotX - Trying address irc.twitch.tv/199.9.250.229
15:00:36.935 [main] INFO  me.jdbener.Bennerbot - Started Loading the GUI
15:00:36.955 [botPool0-bot0] INFO  org.pircbotx.PircBotX - Connected to server.
15:00:36.961 [botPool0-bot0] INFO  org.pircbotx.output.OutputRaw - PASS oauth:hrr2wpqq0knt6sb0spzd3d1mugpdezf
15:00:36.961 [botPool0-bot0] INFO  org.pircbotx.output.OutputRaw - NICK BennerBot
15:00:36.962 [botPool0-bot0] INFO  org.pircbotx.output.OutputRaw - USER BennerBot 8 * :PircBotX 2.0.1, a fork of PircBot, the Java IRC bot - pircbotx.googlecode.com
15:00:36.963 [botPool0-bot1] DEBUG org.pircbotx.PircBotX - Trying address irc.glados.tv/192.99.100.37
15:00:37.023 [botPool0-bot0] INFO  org.pircbotx.InputParser - :tmi.twitch.tv 001 bennerbot :Welcome, GLHF!
15:00:37.032 [botPool0-bot0] DEBUG org.pircbotx.InputParser - Logged onto server.
15:00:37.077 [botPool0-bot1] INFO  org.pircbotx.PircBotX - Connected to server.
15:00:37.079 [botPool0-bot1] INFO  org.pircbotx.output.OutputRaw - PASS bennerbot
15:00:37.079 [botPool0-bot1] INFO  org.pircbotx.output.OutputRaw - NICK bennerbot
15:00:37.079 [botPool0-bot1] INFO  org.pircbotx.output.OutputRaw - USER BennerBot 8 * :PircBotX 2.0.1, a fork of PircBot, the Java IRC bot - pircbotx.googlecode.com
15:00:37.962 [listenerPool0-thread3] INFO  org.pircbotx.output.OutputRaw - PRIVMSG #biogenx2b :/color #ff0000
15:00:37.969 [botPool0-bot1] INFO  org.pircbotx.InputParser - :irc.glados.tv 001 bennerbot :Welcome to the hitbox-tv IRC Network bennerbot!BennerBot@ip.bennerbot.chat.hitbox.tv (Connection ID: 35ee3c43-09fb-4477-810f-3e01405666dc)
15:00:37.969 [botPool0-bot1] DEBUG org.pircbotx.InputParser - Logged onto server.
15:00:38.080 [listenerPool0-thread3] INFO  org.pircbotx.output.OutputRaw - PRIVMSG #jdbener :/color #ff0000
15:00:38.963 [botPool0-bot0] INFO  org.pircbotx.output.OutputRaw - JOIN #biogenx2b 
15:00:38.963 [botPool0-bot0] INFO  org.pircbotx.InputParser - :tmi.twitch.tv 002 bennerbot :Your host is tmi.twitch.tv
15:00:38.964 [botPool0-bot0] INFO  org.pircbotx.InputParser - :tmi.twitch.tv 003 bennerbot :This server is rather new
15:00:38.964 [botPool0-bot0] INFO  org.pircbotx.InputParser - :tmi.twitch.tv 004 bennerbot :-
15:00:38.970 [botPool0-bot0] ERROR org.pircbotx.PircBotX - Exception encountered when parsing line
java.lang.IndexOutOfBoundsException: Index: 1, Size: 1
	at java.util.ArrayList.rangeCheck(Unknown Source) ~[na:1.7.0_45]
	at java.util.ArrayList.get(Unknown Source) ~[na:1.7.0_45]
	at org.pircbotx.ServerInfo.parse004(ServerInfo.java:113) ~[pircbotx-2.0.1.jar:na]
	at org.pircbotx.ServerInfo.parse(ServerInfo.java:106) ~[pircbotx-2.0.1.jar:na]
	at org.pircbotx.InputParser.processServerResponse(InputParser.java:709) ~[pircbotx-2.0.1.jar:na]
	at org.pircbotx.InputParser.handleLine(InputParser.java:323) ~[pircbotx-2.0.1.jar:na]
	at org.pircbotx.PircBotX.startLineProcessing(PircBotX.java:275) [pircbotx-2.0.1.jar:na]
	at org.pircbotx.PircBotX.connect(PircBotX.java:236) [pircbotx-2.0.1.jar:na]
	at org.pircbotx.MultiBotManager$BotRunner.call(MultiBotManager.java:219) [pircbotx-2.0.1.jar:na]
	at org.pircbotx.MultiBotManager$BotRunner.call(MultiBotManager.java:212) [pircbotx-2.0.1.jar:na]
	at java.util.concurrent.FutureTask.run(Unknown Source) [na:1.7.0_45]
	at java.util.concurrent.ThreadPoolExecutor.runWorker(Unknown Source) [na:1.7.0_45]
	at java.util.concurrent.ThreadPoolExecutor$Worker.run(Unknown Source) [na:1.7.0_45]
	at java.lang.Thread.run(Unknown Source) [na:1.7.0_45]
15:00:38.970 [botPool0-bot0] INFO  org.pircbotx.InputParser - :tmi.twitch.tv 375 bennerbot :-
15:00:38.971 [botPool0-bot0] INFO  org.pircbotx.InputParser - :tmi.twitch.tv 372 bennerbot :You are in a maze of twisty passages, all alike.
15:00:38.972 [botPool0-bot0] INFO  org.pircbotx.InputParser - :tmi.twitch.tv 376 bennerbot :>
15:00:38.973 [botPool0-bot0] INFO  org.pircbotx.InputParser - :jtv!jtv@jtv.tmi.twitch.tv PRIVMSG bennerbot :USERCOLOR bennerbot #FF0000
15:00:38.976 [botPool0-bot0] INFO  org.pircbotx.InputParser - :jtv!jtv@jtv.tmi.twitch.tv PRIVMSG bennerbot :Your color has been changed
15:00:39.021 [botPool0-bot0] INFO  org.pircbotx.InputParser - :bennerbot!bennerbot@bennerbot.tmi.twitch.tv JOIN #biogenx2b
15:00:39.081 [botPool0-bot1] INFO  org.pircbotx.output.OutputRaw - JOIN #jdbener 
15:00:39.081 [botPool0-bot1] INFO  org.pircbotx.InputParser - :irc.glados.tv 002 bennerbot :Your host is irc.glados.tv, running version IrcD.Net, Version=0.3.5351.28745, Culture=neutral, PublicKeyToken=null
15:00:39.082 [botPool0-bot1] INFO  org.pircbotx.InputParser - :irc.glados.tv 003 bennerbot :This server was created 11/13/2014 6:08:51 AM
15:00:39.082 [botPool0-bot1] INFO  org.pircbotx.InputParser - :irc.glados.tv 004 bennerbot :irc.glados.tv ircD.Net.0.3.5351.28745 Oiorwx ahovITbceiklmnpst
15:00:39.082 [botPool0-bot1] ERROR org.pircbotx.PircBotX - Exception encountered when parsing line
java.lang.IndexOutOfBoundsException: Index: 1, Size: 1
	at java.util.ArrayList.rangeCheck(Unknown Source) ~[na:1.7.0_45]
	at java.util.ArrayList.get(Unknown Source) ~[na:1.7.0_45]
	at org.pircbotx.ServerInfo.parse004(ServerInfo.java:113) ~[pircbotx-2.0.1.jar:na]
	at org.pircbotx.ServerInfo.parse(ServerInfo.java:106) ~[pircbotx-2.0.1.jar:na]
	at org.pircbotx.InputParser.processServerResponse(InputParser.java:709) ~[pircbotx-2.0.1.jar:na]
	at org.pircbotx.InputParser.handleLine(InputParser.java:323) ~[pircbotx-2.0.1.jar:na]
	at org.pircbotx.PircBotX.startLineProcessing(PircBotX.java:275) [pircbotx-2.0.1.jar:na]
	at org.pircbotx.PircBotX.connect(PircBotX.java:236) [pircbotx-2.0.1.jar:na]
	at org.pircbotx.MultiBotManager$BotRunner.call(MultiBotManager.java:219) [pircbotx-2.0.1.jar:na]
	at org.pircbotx.MultiBotManager$BotRunner.call(MultiBotManager.java:212) [pircbotx-2.0.1.jar:na]
	at java.util.concurrent.FutureTask.run(Unknown Source) [na:1.7.0_45]
	at java.util.concurrent.ThreadPoolExecutor.runWorker(Unknown Source) [na:1.7.0_45]
	at java.util.concurrent.ThreadPoolExecutor$Worker.run(Unknown Source) [na:1.7.0_45]
	at java.lang.Thread.run(Unknown Source) [na:1.7.0_45]
15:00:39.082 [botPool0-bot1] INFO  org.pircbotx.InputParser - :irc.glados.tv 005 bennerbot STD=draft03 PREFIX=(aohv)&@%+ CHANMODES=Ibe,k,l,Tcimnpst CHANTYPES=# CHANLIMIT=#:10 INEVEX=I EXCEPTS=e NETWORK=hitbox-tv CASEMAPPING=ascii CHANNELLEN=40 NICKLEN=32 MAXNICKLEN=32 TOPICLEN=300 KICKLEN=300 AWAYLEN=300 KNOCK LANGUAGE=5,af,sq,am,ar,hy,az,eu,be,bn,bh,bg,my,ca,chr,zh,zh-CN,zh-TW,hr,cs,da,dv,nl,en,eo,et,tl,fi,fr,gl,ka,de,el,gn,gu,iw,hi,hu,is,id,iu,it,ja,kn,kk,km,ko,ku,ky,lo,lv,lt,mk,ms,ml,mt,mr,mn,ne,no,or,ps,fa,pl,pt-PT,pa,ro,ru,sa,sr,sd :are supported by this server
15:00:39.083 [botPool0-bot1] INFO  org.pircbotx.InputParser - :irc.glados.tv 005 bennerbot LANGUAGE=5,si,sk,sl,es,sw,sv,tg,ta,te,th,bo,tr,uk,ur,uz,ug,vi SILENCE=25 RFC2812 :are supported by this server
15:00:39.084 [botPool0-bot1] INFO  org.pircbotx.InputParser - :irc.glados.tv 375 bennerbot :- irc.glados.tv Message of the day -
15:00:39.084 [botPool0-bot1] INFO  org.pircbotx.InputParser - :irc.glados.tv 372 bennerbot :-   +MMMMMMMMMMMMmdho+oddmNMMMMMMMMMMMMM $$\   $$\ $$\   $$\     $$\                                 $$$$$$\ $$$$$$$\   $$$$$$\  
15:00:39.085 [botPool0-bot1] INFO  org.pircbotx.InputParser - :irc.glados.tv 372 bennerbot :-   +MMMMMMMMNdoo/::-:///+osymNMMMMMMMMM $$ |  $$ |\__|  $$ |    $$ |                                \_$$  _|$$  __$$\ $$  __$$\ 
15:00:39.086 [botPool0-bot1] INFO  org.pircbotx.InputParser - :irc.glados.tv 372 bennerbot :-   +MMMMMMMMh::-----:////////dMMMMMMMMM $$ |  $$ |$$\ $$$$$$\   $$$$$$$\   $$$$$$\  $$\   $$\         $$ |  $$ |  $$ |$$ /  \__|
15:00:39.087 [botPool0-bot1] INFO  org.pircbotx.InputParser - :irc.glados.tv 372 bennerbot :-   +MMMMMMMMh:::----:////////dMMMMMMMMM $$$$$$$$ |$$ |\_$$  _|  $$  __$$\ $$  __$$\ \$$\ $$  |        $$ |  $$$$$$$  |$$ |     
15:00:39.087 [botPool0-bot1] INFO  org.pircbotx.InputParser - :irc.glados.tv 372 bennerbot :-   +MMMMMMMMh:::----:////////dMMMMMMMMM $$  __$$ |$$ |  $$ |    $$ |  $$ |$$ /  $$ | \$$$$  /         $$ |  $$  __$$< $$ |      
15:00:39.088 [botPool0-bot1] INFO  org.pircbotx.InputParser - :irc.glados.tv 372 bennerbot :-   +MMMMMMMMh::::---:////////dMMMMMMMMM $$ |  $$ |$$ |  $$ |$$\ $$ |  $$ |$$ |  $$ | $$  $$<          $$ |  $$ |  $$ |$$ |  $$\ 
15:00:39.089 [botPool0-bot1] INFO  org.pircbotx.InputParser - :irc.glados.tv 372 bennerbot :-   +MMMMMMMMh:::://++oo++++/+dMMMMMMMMM $$ |  $$ |$$ |  \$$$$  |$$$$$$$  |\$$$$$$  |$$  /\$$\       $$$$$$\ $$ |  $$ |\$$$$$$  |
15:00:39.090 [botPool0-bot1] INFO  org.pircbotx.InputParser - :irc.glados.tv 372 bennerbot :-   +MMMMMMMMmhmmdddddddddmmmmNMMMMMMMMM \__|  \__|\__|   \____/ \_______/  \______/ \__/  \__|      \______|\__|  \__| \______/ 
15:00:39.091 [botPool0-bot1] INFO  org.pircbotx.InputParser - :irc.glados.tv 372 bennerbot :-   +NyssssMyo+///:::::/+++oosyhMyyyhhMM
15:00:39.092 [botPool0-bot1] INFO  org.pircbotx.InputParser - :irc.glados.tv 372 bennerbot :-   +N:::::Mo::::::::::////++++yM+++ooNM $$$$$$$\            $$\                                                                 
15:00:39.092 [botPool0-bot1] INFO  org.pircbotx.InputParser - :irc.glados.tv 372 bennerbot :-   +N:::::Mo::::::::::///+++++yM++oooNM $$$$$$$\            $$\                           
15:00:39.093 [botPool0-bot1] INFO  org.pircbotx.InputParser - :irc.glados.tv 372 bennerbot :-   +N:::::Mo:::::::::://++++++yM+ooooNM $$  __$$\           $$ |                         
15:00:39.094 [botPool0-bot1] INFO  org.pircbotx.InputParser - :irc.glados.tv 372 bennerbot :-   +N:::::Mo:::::::::://++++++yMoooooNM $$ |  $$ | $$$$$$\  $$ | $$$$$$\  $$\   $$\          
15:00:39.094 [botPool0-bot1] INFO  org.pircbotx.InputParser - :irc.glados.tv 372 bennerbot :-   +N:::::Mo::::::::://+++++++yMoooooNM $$$$$$$  |$$  __$$\ $$ | \____$$\ $$ |  $$ |        
15:00:39.095 [botPool0-bot1] INFO  org.pircbotx.InputParser - :irc.glados.tv 372 bennerbot :-   +N/::::Mo:::::::::/++++++++yMoosyhMM $$  __$$< $$$$$$$$ |$$ | $$$$$$$ |$$ |  $$ |      
15:00:39.095 [botPool0-bot1] INFO  org.pircbotx.InputParser - :irc.glados.tv 372 bennerbot :-   +Mho//:Mo:::::::::/+++++++oyMhdNMMMM $$ |  $$ |$$   ____|$$ |$$  __$$ |$$ |  $$ |       
15:00:39.096 [botPool0-bot1] INFO  org.pircbotx.InputParser - :irc.glados.tv 372 bennerbot :-   +MMMMNhMy+/:::::::/++++oshmNMMMMMMMM $$ |  $$ |\$$$$$$$\ $$ |\$$$$$$$ |\$$$$$$$ |       
15:00:39.097 [botPool0-bot1] INFO  org.pircbotx.InputParser - :irc.glados.tv 372 bennerbot :-   +MMMMMMMhyddhs+/::/+oydmmhyhMMMMMMMM \__|  \__| \_______|\__| \_______| \____$$ |             -Community Driven
15:00:39.097 [botPool0-bot1] INFO  org.pircbotx.InputParser - :irc.glados.tv 372 bennerbot :-   +MMMMMMMo::/+shhhhddmdyo+ooyMMMMMMMM                                   $$\   $$ |      
15:00:39.098 [botPool0-bot1] INFO  org.pircbotx.InputParser - :irc.glados.tv 372 bennerbot :-   +MMMMMMMo:::::::/dNd+++++ooyMMMMMMMM                                   \$$$$$$  |  
15:00:39.098 [botPool0-bot1] INFO  org.pircbotx.InputParser - :irc.glados.tv 372 bennerbot :-   +MMMMMMMs::::::::hNh++++oooyMMMMMMMM                                    \______/  
15:00:39.099 [botPool0-bot1] INFO  org.pircbotx.InputParser - :irc.glados.tv 372 bennerbot :-   +MMMMMMMNdso//:::hNh++oosydNMMMMMMMM
15:00:39.099 [botPool0-bot1] INFO  org.pircbotx.InputParser - :irc.glados.tv 372 bennerbot :-   +MMMMMMMMMMMmdyo/dNh+shmNMMMMMMMMMMM
15:00:39.100 [botPool0-bot1] INFO  org.pircbotx.InputParser - :irc.glados.tv 372 bennerbot :-   +MMMMMMMMMMMMMMMNMMMNMMMMMMMMMMMMMMM
15:00:39.100 [botPool0-bot1] INFO  org.pircbotx.InputParser - :irc.glados.tv 372 bennerbot :-   
15:00:39.101 [botPool0-bot1] INFO  org.pircbotx.InputParser - :irc.glados.tv 372 bennerbot :-   Join #help for problems/assistance. To join channels, use the lowercase version of the channel name (ex. Danbopes => #danbopes)
15:00:39.101 [botPool0-bot1] INFO  org.pircbotx.InputParser - :irc.glados.tv 372 bennerbot :-   
15:00:39.101 [botPool0-bot1] INFO  org.pircbotx.InputParser - :irc.glados.tv 376 bennerbot :End of MOTD command
15:00:39.103 [botPool0-bot1] INFO  org.pircbotx.InputParser - :irc.glados.tv 251 bennerbot :There are 156 users and 0 services on 1 servers
15:00:39.103 [botPool0-bot1] INFO  org.pircbotx.InputParser - :irc.glados.tv 252 bennerbot 0 :operator(s) online
15:00:39.104 [botPool0-bot1] INFO  org.pircbotx.InputParser - :irc.glados.tv 253 bennerbot 11 :unknown connection(s)
15:00:39.104 [botPool0-bot1] INFO  org.pircbotx.InputParser - :irc.glados.tv 254 bennerbot 1 :channels formed
15:00:39.105 [botPool0-bot1] INFO  org.pircbotx.InputParser - :irc.glados.tv 255 bennerbot :I have 156 clients and 1 servers
15:00:39.105 [botPool0-bot1] INFO  org.pircbotx.InputParser - :irc.glados.tv 404 bennerbot #jdbener :Cannot send to channel
15:00:39.965 [listenerPool1-thread1] INFO  org.pircbotx.output.OutputRaw - PRIVMSG #biogenx2b :/color #ff0000
15:00:40.083 [listenerPool1-thread1] INFO  org.pircbotx.output.OutputRaw - PRIVMSG #jdbener :/color #ff0000
15:00:40.966 [botPool0-bot0] INFO  org.pircbotx.output.OutputRaw - WHO #biogenx2b
15:00:41.319 [botPool0-bot1] INFO  org.pircbotx.InputParser - :bennerbot!BennerBot@ip.bennerbot.chat.hitbox.tv JOIN #jdbener
15:00:41.319 [botPool0-bot1] INFO  org.pircbotx.output.OutputRaw - WHO #jdbener
15:00:41.967 [botPool0-bot0] INFO  org.pircbotx.output.OutputRaw - MODE #biogenx2b
15:00:41.971 [botPool0-bot0] INFO  org.pircbotx.InputParser - :bennerbot.tmi.twitch.tv 353 bennerbot = #biogenx2b :bennerbot
15:00:41.971 [botPool0-bot0] INFO  org.pircbotx.InputParser - :bennerbot.tmi.twitch.tv 366 bennerbot #biogenx2b :End of /NAMES list
15:00:41.972 [botPool0-bot0] INFO  org.pircbotx.InputParser - :jtv!jtv@jtv.tmi.twitch.tv PRIVMSG bennerbot :USERCOLOR bennerbot #FF0000
15:00:41.972 [botPool0-bot0] INFO  org.pircbotx.InputParser - :jtv!jtv@jtv.tmi.twitch.tv PRIVMSG bennerbot :HISTORYEND biogenx2b
15:00:41.973 [botPool0-bot0] INFO  org.pircbotx.InputParser - :jtv!jtv@jtv.tmi.twitch.tv PRIVMSG bennerbot :USERCOLOR bennerbot #FF0000
15:00:41.973 [botPool0-bot0] INFO  org.pircbotx.InputParser - :jtv!jtv@jtv.tmi.twitch.tv PRIVMSG bennerbot :Your color has been changed
15:00:41.974 [botPool0-bot0] INFO  org.pircbotx.InputParser - :tmi.twitch.tv 421 bennerbot WHO :Unknown command
15:00:42.320 [botPool0-bot1] INFO  org.pircbotx.output.OutputRaw - MODE #jdbener
15:00:42.320 [botPool0-bot1] INFO  org.pircbotx.InputParser - :irc.glados.tv 332 bennerbot #jdbener :test
15:00:42.320 [botPool0-bot1] INFO  org.pircbotx.InputParser - :irc.glados.tv 353 bennerbot = #jdbener :bennerbot @Jdbener
15:00:42.321 [botPool0-bot1] INFO  org.pircbotx.InputParser - :irc.glados.tv 366 bennerbot #jdbener :End of NAMES list
15:00:42.408 [botPool0-bot1] INFO  org.pircbotx.InputParser - :irc.glados.tv 315 bennerbot #jdbener :End of /WHO list.
15:00:42.714 [botPool0-bot1] INFO  org.pircbotx.InputParser - :irc.glados.tv 324 bennerbot #jdbener +
15:00:46.764 [botPool0-bot0] INFO  org.pircbotx.InputParser - :jdbener!jdbener@jdbener.tmi.twitch.tv PRIVMSG #biogenx2b :http://link.com
15:00:46.764 [listenerPool0-thread1] INFO  org.pircbotx.output.OutputRaw - PRIVMSG #jdbener :Jdbener: http://link.com
15:01:32.846 [botPool0-bot0] INFO  org.pircbotx.InputParser - :balder_29!balder_29@balder_29.tmi.twitch.tv PRIVMSG #biogenx2b :lol...at least he is logged in.....should donate so the scream goes off and wakes him up.  :)
15:01:32.847 [listenerPool0-thread3] INFO  org.pircbotx.output.OutputRaw - PRIVMSG #jdbener :Balder_29: lol...at least he is logged in.....should donate so the scream goes off and wakes him up.  :)
15:02:33.570 [botPool0-bot1] INFO  org.pircbotx.InputParser - PING :irc.glados.tv
15:02:33.571 [listenerPool1-thread10] INFO  org.pircbotx.output.OutputRaw - PONG irc.glados.tv
15:03:27.396 [botPool0-bot0] INFO  org.pircbotx.InputParser - :balder_29!balder_29@balder_29.tmi.twitch.tv PRIVMSG #biogenx2b :!ga
15:03:27.400 [listenerPool0-thread8] INFO  org.pircbotx.output.OutputRaw - PRIVMSG #jdbener :!ga
15:03:27.703 [botPool0-bot0] INFO  org.pircbotx.InputParser - :moobot!moobot@moobot.tmi.twitch.tv PRIVMSG #biogenx2b :> Giveaways for Followers will be run randomly throughout the week, so don't go anywhere or you'll miss your chance! Use !big for more info. •• An undisclosed number of minimum viewers are required to initiate a giveaway.
15:03:27.703 [listenerPool0-thread16] INFO  org.pircbotx.output.OutputRaw - PRIVMSG #jdbener :Moobot: > Giveaways for Followers will be run randomly throughout the week, so don't go anywhere or you'll miss your chance! Use !big for more info. •• An undisclosed number of minimum viewers are required to initiate a giveaway.
15:04:29.382 [botPool0-bot1] INFO  org.pircbotx.InputParser - PING :irc.glados.tv
15:04:29.383 [listenerPool1-thread12] INFO  org.pircbotx.output.OutputRaw - PONG irc.glados.tv
15:04:40.605 [botPool0-bot0] INFO  org.pircbotx.InputParser - PING :tmi.twitch.tv
15:04:40.606 [listenerPool0-thread21] INFO  org.pircbotx.output.OutputRaw - PONG tmi.twitch.tv
15:05:30.298 [botPool0-bot1] INFO  org.pircbotx.InputParser - PING :irc.glados.tv
15:05:30.301 [listenerPool1-thread22] INFO  org.pircbotx.output.OutputRaw - PONG irc.glados.tv
15:06:30.872 [botPool0-bot1] INFO  org.pircbotx.InputParser - PING :irc.glados.tv
15:06:30.873 [listenerPool1-thread27] INFO  org.pircbotx.output.OutputRaw - PONG irc.glados.tv
15:07:16.500 [botPool0-bot0] INFO  org.pircbotx.InputParser - :balder_29!balder_29@balder_29.tmi.twitch.tv PART #biogenx2b
15:07:31.572 [botPool0-bot1] INFO  org.pircbotx.InputParser - PING :irc.glados.tv
15:07:31.573 [listenerPool1-thread33] INFO  org.pircbotx.output.OutputRaw - PONG irc.glados.tv
15:08:32.332 [botPool0-bot1] INFO  org.pircbotx.InputParser - PING :irc.glados.tv
15:08:32.334 [listenerPool1-thread41] INFO  org.pircbotx.output.OutputRaw - PONG irc.glados.tv
15:09:14.355 [botPool0-bot0] INFO  org.pircbotx.InputParser - PING :tmi.twitch.tv
15:09:14.356 [listenerPool0-thread31] INFO  org.pircbotx.output.OutputRaw - PONG tmi.twitch.tv
15:09:33.254 [botPool0-bot1] INFO  org.pircbotx.InputParser - PING :irc.glados.tv
15:09:33.255 [listenerPool1-thread46] INFO  org.pircbotx.output.OutputRaw - PONG irc.glados.tv
15:10:34.221 [botPool0-bot1] INFO  org.pircbotx.InputParser - PING :irc.glados.tv
15:10:34.222 [listenerPool1-thread51] INFO  org.pircbotx.output.OutputRaw - PONG irc.glados.tv
15:11:35.469 [botPool0-bot1] INFO  org.pircbotx.InputParser - PING :irc.glados.tv
15:11:35.470 [listenerPool1-thread56] INFO  org.pircbotx.output.OutputRaw - PONG irc.glados.tv
15:12:36.258 [botPool0-bot1] INFO  org.pircbotx.InputParser - PING :irc.glados.tv
15:12:36.259 [listenerPool1-thread59] INFO  org.pircbotx.output.OutputRaw - PONG irc.glados.tv
15:13:36.717 [botPool0-bot1] INFO  org.pircbotx.InputParser - PING :irc.glados.tv
15:13:36.718 [listenerPool1-thread65] INFO  org.pircbotx.output.OutputRaw - PONG irc.glados.tv
15:14:10.884 [botPool0-bot0] INFO  org.pircbotx.InputParser - PING :tmi.twitch.tv
15:14:10.884 [listenerPool0-thread36] INFO  org.pircbotx.output.OutputRaw - PONG tmi.twitch.tv
15:14:37.353 [botPool0-bot1] INFO  org.pircbotx.InputParser - PING :irc.glados.tv
15:14:37.354 [listenerPool1-thread71] INFO  org.pircbotx.output.OutputRaw - PONG irc.glados.tv
15:15:38.286 [botPool0-bot1] INFO  org.pircbotx.InputParser - PING :irc.glados.tv
15:15:38.287 [listenerPool1-thread76] INFO  org.pircbotx.output.OutputRaw - PONG irc.glados.tv
15:16:38.828 [botPool0-bot1] INFO  org.pircbotx.InputParser - PING :irc.glados.tv
15:16:38.829 [listenerPool1-thread81] INFO  org.pircbotx.output.OutputRaw - PONG irc.glados.tv
15:17:39.723 [botPool0-bot1] INFO  org.pircbotx.InputParser - PING :irc.glados.tv
15:17:39.723 [listenerPool1-thread89] INFO  org.pircbotx.output.OutputRaw - PONG irc.glados.tv
15:18:12.037 [botPool0-bot0] INFO  org.pircbotx.InputParser - PING :tmi.twitch.tv
15:18:12.038 [listenerPool0-thread43] INFO  org.pircbotx.output.OutputRaw - PONG tmi.twitch.tv
15:18:40.434 [botPool0-bot1] INFO  org.pircbotx.InputParser - PING :irc.glados.tv
15:18:40.435 [listenerPool1-thread96] INFO  org.pircbotx.output.OutputRaw - PONG irc.glados.tv
15:19:38.608 [botPool0-bot0] INFO  org.pircbotx.InputParser - :jdbener!jdbener@jdbener.tmi.twitch.tv PRIVMSG #biogenx2b :welcome back to the relm of the awake bio
15:19:38.609 [listenerPool0-thread46] INFO  org.pircbotx.output.OutputRaw - PRIVMSG #jdbener :Jdbener: welcome back to the relm of the awake bio
15:20:39.971 [botPool0-bot1] INFO  org.pircbotx.InputParser - PING :irc.glados.tv
15:20:39.972 [listenerPool1-thread101] INFO  org.pircbotx.output.OutputRaw - PONG irc.glados.tv
15:21:41.162 [botPool0-bot1] INFO  org.pircbotx.InputParser - PING :irc.glados.tv
15:21:41.163 [listenerPool1-thread104] INFO  org.pircbotx.output.OutputRaw - PONG irc.glados.tv
15:22:41.711 [botPool0-bot1] INFO  org.pircbotx.InputParser - PING :irc.glados.tv
15:22:41.712 [listenerPool1-thread109] INFO  org.pircbotx.output.OutputRaw - PONG irc.glados.tv
15:22:43.368 [bot2-shutdownhook] INFO  org.pircbotx.output.OutputRaw - QUIT :
15:22:43.368 [bot2-shutdownhook] INFO  org.pircbotx.dcc.DccHandler - Terminating all transfers waiting to be accepted
15:22:43.370 [bot2-shutdownhook] DEBUG org.pircbotx.PircBotX - Disconnected.
15:22:43.370 [bot2-shutdownhook] INFO  org.pircbotx.output.OutputRaw - QUIT :
15:22:43.370 [botPool0-bot1] INFO  org.pircbotx.PircBotX - Shutdown has been called, closing InputParser
15:22:43.371 [botPool0-bot1] DEBUG o.p.MultiBotManager$BotFutureCallback - Bot #1 finished
15:22:43.371 [bot2-shutdownhook] INFO  org.pircbotx.dcc.DccHandler - Terminating all transfers waiting to be accepted
15:22:43.371 [botPool0-bot0] INFO  org.pircbotx.PircBotX - Shutdown has been called, closing InputParser
15:22:43.371 [botPool0-bot0] DEBUG o.p.MultiBotManager$BotFutureCallback - Bot #0 finished
15:22:43.373 [bot2-shutdownhook] DEBUG org.pircbotx.PircBotX - Disconnected.
15:22:43.373 [bot2-shutdownhook] DEBUG o.p.h.m.ThreadedListenerManager - Waiting for listener me.jdbener.utilities.BotJoinHandeler@5531a519 to execute event DisconnectEvent(daoSnapshot=org.pircbotx.snapshot.UserChannelDaoSnapshot@56075d1, disconnectException=null)
15:22:43.373 [bot2-shutdownhook] DEBUG o.p.h.m.ThreadedListenerManager - Waiting for listener me.jdbener.apis.hitbox.HitboxStatusGameUpdater@67a1f0d3 to execute event DisconnectEvent(daoSnapshot=org.pircbotx.snapshot.UserChannelDaoSnapshot@56075d1, disconnectException=null)
15:22:43.373 [bot2-shutdownhook] DEBUG o.p.h.m.ThreadedListenerManager - Waiting for listener me.jdbener.utilities.CustomCommandHandeler@6f36b859 to execute event DisconnectEvent(daoSnapshot=org.pircbotx.snapshot.UserChannelDaoSnapshot@56075d1, disconnectException=null)
15:22:43.373 [bot2-shutdownhook] DEBUG o.p.h.m.ThreadedListenerManager - Waiting for listener me.jdbener.apis.twitch.TwitchFollowerHandeler@739bce0b to execute event DisconnectEvent(daoSnapshot=org.pircbotx.snapshot.UserChannelDaoSnapshot@56075d1, disconnectException=null)
15:22:43.373 [bot2-shutdownhook] DEBUG o.p.h.m.ThreadedListenerManager - Waiting for listener me.jdbener.Cleaner@71d5930f to execute event DisconnectEvent(daoSnapshot=org.pircbotx.snapshot.UserChannelDaoSnapshot@56075d1, disconnectException=null)
