11:13:41.846 [main] INFO  me.jdbener.Bennerbot - Begining plugin loading
11:13:41.933 [main] INFO  me.jdbener.Bennerbot - Finished looking for plugins in: plugins
11:13:41.956 [main] INFO  me.jdbener.Bennerbot - Finished looking for plugins in: plugins/BasicCommands
11:13:41.958 [main] INFO  me.jdbener.Bennerbot - Finished looking for plugins in: plugins/dissabled
11:13:41.959 [main] INFO  me.jdbener.Bennerbot - Beggining pluging loading sequence
11:13:41.960 [main] INFO  me.jdbener.Bennerbot - Beggining loading of: Basic Commands
11:13:41.960 [main] INFO  me.jdbener.Bennerbot - Added listener to twitch bot
11:13:41.960 [main] INFO  me.jdbener.Bennerbot - Added listener to hitbox bot
11:13:41.960 [main] INFO  me.jdbener.Bennerbot - Basic Commands has been sucessfully loaded!
11:13:41.960 [main] INFO  me.jdbener.Bennerbot - Finished pluging loading sequence
11:13:41.960 [main] INFO  me.jdbener.Bennerbot - Proceading with BennerBot initiation sequence
11:13:43.483 [main] INFO  me.jdbener.Bennerbot - Successfully initiated follower notifications
11:13:43.484 [main] INFO  me.jdbener.Bennerbot - Successfully initiated twitch api connections
11:13:43.484 [main] INFO  me.jdbener.Bennerbot - Loading Emoticons
11:13:43.585 [main] DEBUG org.pircbotx.MultiBotManager - Not started yet, add to queue
11:13:43.585 [main] DEBUG org.pircbotx.MultiBotManager - Not started yet, add to queue
11:13:43.599 [main] INFO  me.jdbener.Bennerbot - Started Loading the GUI
11:13:43.654 [botPool0-bot0] DEBUG org.pircbotx.PircBotX - Trying address irc.twitch.tv/199.9.250.239
11:13:43.681 [botPool0-bot0] INFO  org.pircbotx.PircBotX - Connected to server.
11:13:43.687 [botPool0-bot0] INFO  org.pircbotx.output.OutputRaw - PASS oauth:hrr2wpqq0knt6sb0spzd3d1mugpdezf
11:13:43.687 [botPool0-bot0] INFO  org.pircbotx.output.OutputRaw - NICK BennerBot
11:13:43.687 [botPool0-bot0] INFO  org.pircbotx.output.OutputRaw - USER BennerBot 8 * :PircBotX 2.0.1, a fork of PircBot, the Java IRC bot - pircbotx.googlecode.com
11:13:43.705 [botPool0-bot1] DEBUG org.pircbotx.PircBotX - Trying address irc.glados.tv/192.99.100.37
11:13:43.751 [botPool0-bot0] INFO  org.pircbotx.InputParser - :tmi.twitch.tv 001 bennerbot :Welcome, GLHF!
11:13:43.760 [botPool0-bot0] DEBUG org.pircbotx.InputParser - Logged onto server.
11:13:43.819 [botPool0-bot1] INFO  org.pircbotx.PircBotX - Connected to server.
11:13:43.820 [botPool0-bot1] INFO  org.pircbotx.output.OutputRaw - PASS bennerbot
11:13:43.820 [botPool0-bot1] INFO  org.pircbotx.output.OutputRaw - NICK bennerbot
11:13:43.820 [botPool0-bot1] INFO  org.pircbotx.output.OutputRaw - USER BennerBot 8 * :PircBotX 2.0.1, a fork of PircBot, the Java IRC bot - pircbotx.googlecode.com
11:13:44.688 [listenerPool0-thread4] INFO  org.pircbotx.output.OutputRaw - PRIVMSG #biogenx2b :/color #ff0000
11:13:44.821 [listenerPool0-thread4] INFO  org.pircbotx.output.OutputRaw - PRIVMSG #jdbener :/color #ff0000
11:13:44.963 [botPool0-bot1] INFO  org.pircbotx.InputParser - :irc.glados.tv 001 bennerbot :Welcome to the hitbox-tv IRC Network bennerbot!BennerBot@ip.bennerbot.chat.hitbox.tv (Connection ID: 95907ee0-2b33-4bb8-95bf-e1087a5b1ea0)
11:13:44.963 [botPool0-bot1] DEBUG org.pircbotx.InputParser - Logged onto server.
11:13:45.689 [bot2-shutdownhook] INFO  org.pircbotx.output.OutputRaw - QUIT :
11:13:45.705 [bot2-shutdownhook] INFO  org.pircbotx.dcc.DccHandler - Terminating all transfers waiting to be accepted
11:13:45.705 [bot2-shutdownhook] DEBUG org.pircbotx.PircBotX - Disconnected.
11:13:45.822 [bot2-shutdownhook] INFO  org.pircbotx.output.OutputRaw - QUIT :
11:13:45.822 [bot2-shutdownhook] INFO  org.pircbotx.dcc.DccHandler - Terminating all transfers waiting to be accepted
11:13:45.822 [bot2-shutdownhook] DEBUG org.pircbotx.PircBotX - Disconnected.
11:13:45.823 [bot2-shutdownhook] DEBUG o.p.h.m.ThreadedListenerManager - Waiting for listener me.jdbener.Cleaner@2921ef9 to execute event ConnectEvent()
11:13:46.690 [botPool0-bot0] INFO  org.pircbotx.output.OutputRaw - JOIN #biogenx2b 
11:13:46.690 [listenerPool1-thread5] INFO  org.pircbotx.output.OutputRaw - PRIVMSG #biogenx2b :/color #ff0000
11:13:46.697 [botPool0-bot0] ERROR org.pircbotx.PircBotX - Exception encountered when parsing line
java.lang.RuntimeException: Couldn't pause thread for message delay
	at org.pircbotx.output.OutputRaw.rawLine(OutputRaw.java:76) ~[pircbotx-2.0.1.jar:na]
	at org.pircbotx.output.OutputIRC.joinChannel(OutputIRC.java:47) ~[pircbotx-2.0.1.jar:na]
	at org.pircbotx.output.OutputIRC.joinChannel(OutputIRC.java:59) ~[pircbotx-2.0.1.jar:na]
	at org.pircbotx.InputParser.processConnect(InputParser.java:377) ~[pircbotx-2.0.1.jar:na]
	at org.pircbotx.InputParser.handleLine(InputParser.java:322) ~[pircbotx-2.0.1.jar:na]
	at org.pircbotx.PircBotX.startLineProcessing(PircBotX.java:275) [pircbotx-2.0.1.jar:na]
	at org.pircbotx.PircBotX.connect(PircBotX.java:236) [pircbotx-2.0.1.jar:na]
	at org.pircbotx.MultiBotManager$BotRunner.call(MultiBotManager.java:219) [pircbotx-2.0.1.jar:na]
	at org.pircbotx.MultiBotManager$BotRunner.call(MultiBotManager.java:212) [pircbotx-2.0.1.jar:na]
	at java.util.concurrent.FutureTask.run(Unknown Source) [na:1.7.0_45]
	at java.util.concurrent.ThreadPoolExecutor.runWorker(Unknown Source) [na:1.7.0_45]
	at java.util.concurrent.ThreadPoolExecutor$Worker.run(Unknown Source) [na:1.7.0_45]
	at java.lang.Thread.run(Unknown Source) [na:1.7.0_45]
Caused by: java.lang.RuntimeException: Exception encountered when writing to socket
	at org.pircbotx.PircBotX.sendRawLineToServer(PircBotX.java:303) [pircbotx-2.0.1.jar:na]
	at org.pircbotx.Utils.sendRawLineToServer(Utils.java:88) ~[pircbotx-2.0.1.jar:na]
	at org.pircbotx.output.OutputRaw.rawLine(OutputRaw.java:73) ~[pircbotx-2.0.1.jar:na]
	... 12 common frames omitted
Caused by: java.net.SocketException: Socket closed
	at java.net.SocketOutputStream.socketWrite(Unknown Source) ~[na:1.7.0_45]
	at java.net.SocketOutputStream.write(Unknown Source) ~[na:1.7.0_45]
	at sun.nio.cs.StreamEncoder.writeBytes(Unknown Source) ~[na:1.7.0_45]
	at sun.nio.cs.StreamEncoder.implFlushBuffer(Unknown Source) ~[na:1.7.0_45]
	at sun.nio.cs.StreamEncoder.implFlush(Unknown Source) ~[na:1.7.0_45]
	at sun.nio.cs.StreamEncoder.flush(Unknown Source) ~[na:1.7.0_45]
	at java.io.OutputStreamWriter.flush(Unknown Source) ~[na:1.7.0_45]
	at org.pircbotx.PircBotX.sendRawLineToServer(PircBotX.java:300) [pircbotx-2.0.1.jar:na]
	... 14 common frames omitted
11:13:46.697 [listenerPool1-thread5] ERROR o.p.h.m.ThreadedListenerManager - Exception encountered when executing event ConnectEvent() on listener me.jdbener.Cleaner@2921ef9
java.lang.RuntimeException: Couldn't pause thread for message delay
	at org.pircbotx.output.OutputRaw.rawLine(OutputRaw.java:76) ~[pircbotx-2.0.1.jar:na]
	at me.jdbener.Bennerbot.sendMessage(Bennerbot.java:277) ~[bin/:na]
	at me.jdbener.Cleaner.onConnect(Cleaner.java:82) ~[bin/:na]
	at org.pircbotx.hooks.ListenerAdapter.onEvent(ListenerAdapter.java:45) ~[pircbotx-2.0.1.jar:na]
	at org.pircbotx.hooks.managers.ThreadedListenerManager$1.call(ThreadedListenerManager.java:119) [pircbotx-2.0.1.jar:na]
	at org.pircbotx.hooks.managers.ThreadedListenerManager$1.call(ThreadedListenerManager.java:115) [pircbotx-2.0.1.jar:na]
	at java.util.concurrent.FutureTask.run(Unknown Source) [na:1.7.0_45]
	at java.util.concurrent.ThreadPoolExecutor.runWorker(Unknown Source) [na:1.7.0_45]
	at java.util.concurrent.ThreadPoolExecutor$Worker.run(Unknown Source) [na:1.7.0_45]
	at java.lang.Thread.run(Unknown Source) [na:1.7.0_45]
Caused by: java.lang.RuntimeException: Exception encountered when writing to socket
	at org.pircbotx.PircBotX.sendRawLineToServer(PircBotX.java:303) ~[pircbotx-2.0.1.jar:na]
	at org.pircbotx.Utils.sendRawLineToServer(Utils.java:88) ~[pircbotx-2.0.1.jar:na]
	at org.pircbotx.output.OutputRaw.rawLine(OutputRaw.java:73) ~[pircbotx-2.0.1.jar:na]
	... 9 common frames omitted
Caused by: java.net.SocketException: Socket closed
	at java.net.SocketOutputStream.socketWrite(Unknown Source) ~[na:1.7.0_45]
	at java.net.SocketOutputStream.write(Unknown Source) ~[na:1.7.0_45]
	at sun.nio.cs.StreamEncoder.writeBytes(Unknown Source) ~[na:1.7.0_45]
	at sun.nio.cs.StreamEncoder.implWrite(Unknown Source) ~[na:1.7.0_45]
	at sun.nio.cs.StreamEncoder.write(Unknown Source) ~[na:1.7.0_45]
	at sun.nio.cs.StreamEncoder.write(Unknown Source) ~[na:1.7.0_45]
	at java.io.OutputStreamWriter.write(Unknown Source) ~[na:1.7.0_45]
	at java.io.Writer.write(Unknown Source) ~[na:1.7.0_45]
	at org.pircbotx.PircBotX.sendRawLineToServer(PircBotX.java:299) ~[pircbotx-2.0.1.jar:na]
	... 11 common frames omitted
11:13:46.698 [botPool0-bot0] INFO  org.pircbotx.InputParser - :tmi.twitch.tv 002 bennerbot :Your host is tmi.twitch.tv
