11:15:00.098 [main] INFO  me.jdbener.Bennerbot - Begining plugin loading
11:15:00.184 [main] INFO  me.jdbener.Bennerbot - Finished looking for plugins in: plugins
11:15:00.207 [main] INFO  me.jdbener.Bennerbot - Finished looking for plugins in: plugins/BasicCommands
11:15:00.208 [main] INFO  me.jdbener.Bennerbot - Finished looking for plugins in: plugins/dissabled
11:15:00.210 [main] INFO  me.jdbener.Bennerbot - Beggining pluging loading sequence
11:15:00.210 [main] INFO  me.jdbener.Bennerbot - Beggining loading of: Basic Commands
11:15:00.210 [main] INFO  me.jdbener.Bennerbot - Added listener to twitch bot
11:15:00.210 [main] INFO  me.jdbener.Bennerbot - Added listener to hitbox bot
11:15:00.210 [main] INFO  me.jdbener.Bennerbot - Basic Commands has been sucessfully loaded!
11:15:00.210 [main] INFO  me.jdbener.Bennerbot - Finished pluging loading sequence
11:15:00.210 [main] INFO  me.jdbener.Bennerbot - Proceading with BennerBot initiation sequence
11:15:01.382 [main] INFO  me.jdbener.Bennerbot - Successfully initiated follower notifications
11:15:01.384 [main] INFO  me.jdbener.Bennerbot - Successfully initiated twitch api connections
11:15:01.384 [main] INFO  me.jdbener.Bennerbot - Loading Emoticons
11:15:01.463 [main] DEBUG org.pircbotx.MultiBotManager - Not started yet, add to queue
11:15:01.463 [main] DEBUG org.pircbotx.MultiBotManager - Not started yet, add to queue
11:15:01.467 [botPool0-bot0] DEBUG org.pircbotx.PircBotX - Trying address irc.twitch.tv/199.9.250.239
11:15:01.471 [botPool0-bot1] DEBUG org.pircbotx.PircBotX - Trying address irc.glados.tv/192.99.100.37
11:15:01.475 [main] INFO  me.jdbener.Bennerbot - Started Loading the GUI
11:15:01.499 [botPool0-bot0] INFO  org.pircbotx.PircBotX - Connected to server.
11:15:01.505 [botPool0-bot0] INFO  org.pircbotx.output.OutputRaw - PASS oauth:hrr2wpqq0knt6sb0spzd3d1mugpdezf
11:15:01.506 [botPool0-bot0] INFO  org.pircbotx.output.OutputRaw - NICK BennerBot
11:15:01.506 [botPool0-bot0] INFO  org.pircbotx.output.OutputRaw - USER BennerBot 8 * :PircBotX 2.0.1, a fork of PircBot, the Java IRC bot - pircbotx.googlecode.com
11:15:01.570 [botPool0-bot0] INFO  org.pircbotx.InputParser - :tmi.twitch.tv 001 bennerbot :Welcome, GLHF!
11:15:01.579 [botPool0-bot0] DEBUG org.pircbotx.InputParser - Logged onto server.
11:15:01.590 [botPool0-bot1] INFO  org.pircbotx.PircBotX - Connected to server.
11:15:01.592 [botPool0-bot1] INFO  org.pircbotx.output.OutputRaw - PASS bennerbot
11:15:01.592 [botPool0-bot1] INFO  org.pircbotx.output.OutputRaw - NICK bennerbot
11:15:01.592 [botPool0-bot1] INFO  org.pircbotx.output.OutputRaw - USER BennerBot 8 * :PircBotX 2.0.1, a fork of PircBot, the Java IRC bot - pircbotx.googlecode.com
11:15:02.440 [botPool0-bot1] INFO  org.pircbotx.InputParser - :irc.glados.tv 001 bennerbot :Welcome to the hitbox-tv IRC Network bennerbot!BennerBot@ip.bennerbot.chat.hitbox.tv (Connection ID: ebf080af-e236-4157-afc6-5c3cea4fa953)
11:15:02.441 [botPool0-bot1] DEBUG org.pircbotx.InputParser - Logged onto server.
11:15:02.507 [listenerPool0-thread3] INFO  org.pircbotx.output.OutputRaw - PRIVMSG #biogenx2b :/color #ff0000
11:15:02.593 [listenerPool0-thread3] INFO  org.pircbotx.output.OutputRaw - PRIVMSG #jdbener :/color #ff0000
11:15:03.508 [listenerPool1-thread3] INFO  org.pircbotx.output.OutputRaw - PRIVMSG #biogenx2b :/color #ff0000
11:15:03.594 [botPool0-bot1] INFO  org.pircbotx.output.OutputRaw - JOIN #jdbener 
11:15:03.595 [botPool0-bot1] INFO  org.pircbotx.InputParser - :irc.glados.tv 002 bennerbot :Your host is irc.glados.tv, running version IrcD.Net, Version=0.3.5351.28745, Culture=neutral, PublicKeyToken=null
11:15:03.595 [botPool0-bot1] INFO  org.pircbotx.InputParser - :irc.glados.tv 003 bennerbot :This server was created 11/13/2014 6:08:51 AM
11:15:03.596 [botPool0-bot1] INFO  org.pircbotx.InputParser - :irc.glados.tv 004 bennerbot :irc.glados.tv ircD.Net.0.3.5351.28745 Oiorwx ahovITbceiklmnpst
11:15:03.602 [botPool0-bot1] ERROR org.pircbotx.PircBotX - Exception encountered when parsing line
java.lang.IndexOutOfBoundsException: Index: 1, Size: 1
	at java.util.ArrayList.rangeCheck(Unknown Source) ~[na:1.7.0_45]
	at java.util.ArrayList.get(Unknown Source) ~[na:1.7.0_45]
	at org.pircbotx.ServerInfo.parse004(ServerInfo.java:113) ~[pircbotx-2.0.1.jar:na]
	at org.pircbotx.ServerInfo.parse(ServerInfo.java:106) ~[pircbotx-2.0.1.jar:na]
	at org.pircbotx.InputParser.processServerResponse(InputParser.java:709) ~[pircbotx-2.0.1.jar:na]
	at org.pircbotx.InputParser.handleLine(InputParser.java:323) ~[pircbotx-2.0.1.jar:na]
	at org.pircbotx.PircBotX.startLineProcessing(PircBotX.java:275) [pircbotx-2.0.1.jar:na]
	at org.pircbotx.PircBotX.connect(PircBotX.java:236) [pircbotx-2.0.1.jar:na]
	at org.pircbotx.MultiBotManager$BotRunner.call(MultiBotManager.java:219) [pircbotx-2.0.1.jar:na]
	at org.pircbotx.MultiBotManager$BotRunner.call(MultiBotManager.java:212) [pircbotx-2.0.1.jar:na]
	at java.util.concurrent.FutureTask.run(Unknown Source) [na:1.7.0_45]
	at java.util.concurrent.ThreadPoolExecutor.runWorker(Unknown Source) [na:1.7.0_45]
	at java.util.concurrent.ThreadPoolExecutor$Worker.run(Unknown Source) [na:1.7.0_45]
	at java.lang.Thread.run(Unknown Source) [na:1.7.0_45]
11:15:03.602 [botPool0-bot1] INFO  org.pircbotx.InputParser - :irc.glados.tv 005 bennerbot STD=draft03 PREFIX=(aohv)&@%+ CHANMODES=Ibe,k,l,Tcimnpst CHANTYPES=# CHANLIMIT=#:10 INEVEX=I EXCEPTS=e NETWORK=hitbox-tv CASEMAPPING=ascii CHANNELLEN=40 NICKLEN=32 MAXNICKLEN=32 TOPICLEN=300 KICKLEN=300 AWAYLEN=300 KNOCK LANGUAGE=5,af,sq,am,ar,hy,az,eu,be,bn,bh,bg,my,ca,chr,zh,zh-CN,zh-TW,hr,cs,da,dv,nl,en,eo,et,tl,fi,fr,gl,ka,de,el,gn,gu,iw,hi,hu,is,id,iu,it,ja,kn,kk,km,ko,ku,ky,lo,lv,lt,mk,ms,ml,mt,mr,mn,ne,no,or,ps,fa,pl,pt-PT,pa,ro,ru,sa,sr,sd :are supported by this server
11:15:03.603 [botPool0-bot1] INFO  org.pircbotx.InputParser - :irc.glados.tv 005 bennerbot LANGUAGE=5,si,sk,sl,es,sw,sv,tg,ta,te,th,bo,tr,uk,ur,uz,ug,vi SILENCE=25 RFC2812 :are supported by this server
11:15:03.603 [botPool0-bot1] INFO  org.pircbotx.InputParser - :irc.glados.tv 375 bennerbot :- irc.glados.tv Message of the day -
11:15:03.604 [botPool0-bot1] INFO  org.pircbotx.InputParser - :irc.glados.tv 372 bennerbot :-   +MMMMMMMMMMMMmdho+oddmNMMMMMMMMMMMMM $$\   $$\ $$\   $$\     $$\                                 $$$$$$\ $$$$$$$\   $$$$$$\  
11:15:03.604 [botPool0-bot1] INFO  org.pircbotx.InputParser - :irc.glados.tv 372 bennerbot :-   +MMMMMMMMNdoo/::-:///+osymNMMMMMMMMM $$ |  $$ |\__|  $$ |    $$ |                                \_$$  _|$$  __$$\ $$  __$$\ 
11:15:03.605 [botPool0-bot1] INFO  org.pircbotx.InputParser - :irc.glados.tv 372 bennerbot :-   +MMMMMMMMh::-----:////////dMMMMMMMMM $$ |  $$ |$$\ $$$$$$\   $$$$$$$\   $$$$$$\  $$\   $$\         $$ |  $$ |  $$ |$$ /  \__|
11:15:03.605 [botPool0-bot1] INFO  org.pircbotx.InputParser - :irc.glados.tv 372 bennerbot :-   +MMMMMMMMh:::----:////////dMMMMMMMMM $$$$$$$$ |$$ |\_$$  _|  $$  __$$\ $$  __$$\ \$$\ $$  |        $$ |  $$$$$$$  |$$ |     
11:15:03.606 [botPool0-bot1] INFO  org.pircbotx.InputParser - :irc.glados.tv 372 bennerbot :-   +MMMMMMMMh:::----:////////dMMMMMMMMM $$  __$$ |$$ |  $$ |    $$ |  $$ |$$ /  $$ | \$$$$  /         $$ |  $$  __$$< $$ |      
11:15:03.606 [botPool0-bot1] INFO  org.pircbotx.InputParser - :irc.glados.tv 372 bennerbot :-   +MMMMMMMMh::::---:////////dMMMMMMMMM $$ |  $$ |$$ |  $$ |$$\ $$ |  $$ |$$ |  $$ | $$  $$<          $$ |  $$ |  $$ |$$ |  $$\ 
11:15:03.607 [botPool0-bot1] INFO  org.pircbotx.InputParser - :irc.glados.tv 372 bennerbot :-   +MMMMMMMMh:::://++oo++++/+dMMMMMMMMM $$ |  $$ |$$ |  \$$$$  |$$$$$$$  |\$$$$$$  |$$  /\$$\       $$$$$$\ $$ |  $$ |\$$$$$$  |
11:15:03.607 [botPool0-bot1] INFO  org.pircbotx.InputParser - :irc.glados.tv 372 bennerbot :-   +MMMMMMMMmhmmdddddddddmmmmNMMMMMMMMM \__|  \__|\__|   \____/ \_______/  \______/ \__/  \__|      \______|\__|  \__| \______/ 
11:15:03.607 [botPool0-bot1] INFO  org.pircbotx.InputParser - :irc.glados.tv 372 bennerbot :-   +NyssssMyo+///:::::/+++oosyhMyyyhhMM
11:15:03.608 [botPool0-bot1] INFO  org.pircbotx.InputParser - :irc.glados.tv 372 bennerbot :-   +N:::::Mo::::::::::////++++yM+++ooNM $$$$$$$\            $$\                                                                 
11:15:03.608 [botPool0-bot1] INFO  org.pircbotx.InputParser - :irc.glados.tv 372 bennerbot :-   +N:::::Mo::::::::::///+++++yM++oooNM $$$$$$$\            $$\                           
11:15:03.608 [botPool0-bot1] INFO  org.pircbotx.InputParser - :irc.glados.tv 372 bennerbot :-   +N:::::Mo:::::::::://++++++yM+ooooNM $$  __$$\           $$ |                         
11:15:03.609 [botPool0-bot1] INFO  org.pircbotx.InputParser - :irc.glados.tv 372 bennerbot :-   +N:::::Mo:::::::::://++++++yMoooooNM $$ |  $$ | $$$$$$\  $$ | $$$$$$\  $$\   $$\          
11:15:03.609 [botPool0-bot1] INFO  org.pircbotx.InputParser - :irc.glados.tv 372 bennerbot :-   +N:::::Mo::::::::://+++++++yMoooooNM $$$$$$$  |$$  __$$\ $$ | \____$$\ $$ |  $$ |        
11:15:03.609 [botPool0-bot1] INFO  org.pircbotx.InputParser - :irc.glados.tv 372 bennerbot :-   +N/::::Mo:::::::::/++++++++yMoosyhMM $$  __$$< $$$$$$$$ |$$ | $$$$$$$ |$$ |  $$ |      
11:15:03.610 [botPool0-bot1] INFO  org.pircbotx.InputParser - :irc.glados.tv 372 bennerbot :-   +Mho//:Mo:::::::::/+++++++oyMhdNMMMM $$ |  $$ |$$   ____|$$ |$$  __$$ |$$ |  $$ |       
11:15:03.610 [botPool0-bot1] INFO  org.pircbotx.InputParser - :irc.glados.tv 372 bennerbot :-   +MMMMNhMy+/:::::::/++++oshmNMMMMMMMM $$ |  $$ |\$$$$$$$\ $$ |\$$$$$$$ |\$$$$$$$ |       
11:15:03.611 [botPool0-bot1] INFO  org.pircbotx.InputParser - :irc.glados.tv 372 bennerbot :-   +MMMMMMMhyddhs+/::/+oydmmhyhMMMMMMMM \__|  \__| \_______|\__| \_______| \____$$ |             -Community Driven
11:15:03.612 [botPool0-bot1] INFO  org.pircbotx.InputParser - :irc.glados.tv 372 bennerbot :-   +MMMMMMMo::/+shhhhddmdyo+ooyMMMMMMMM                                   $$\   $$ |      
11:15:03.613 [botPool0-bot1] INFO  org.pircbotx.InputParser - :irc.glados.tv 372 bennerbot :-   +MMMMMMMo:::::::/dNd+++++ooyMMMMMMMM                                   \$$$$$$  |  
11:15:03.614 [botPool0-bot1] INFO  org.pircbotx.InputParser - :irc.glados.tv 372 bennerbot :-   +MMMMMMMs::::::::hNh++++oooyMMMMMMMM                                    \______/  
11:15:03.615 [botPool0-bot1] INFO  org.pircbotx.InputParser - :irc.glados.tv 372 bennerbot :-   +MMMMMMMNdso//:::hNh++oosydNMMMMMMMM
11:15:03.615 [botPool0-bot1] INFO  org.pircbotx.InputParser - :irc.glados.tv 372 bennerbot :-   +MMMMMMMMMMMmdyo/dNh+shmNMMMMMMMMMMM
11:15:03.616 [botPool0-bot1] INFO  org.pircbotx.InputParser - :irc.glados.tv 372 bennerbot :-   +MMMMMMMMMMMMMMMNMMMNMMMMMMMMMMMMMMM
11:15:03.617 [botPool0-bot1] INFO  org.pircbotx.InputParser - :irc.glados.tv 372 bennerbot :-   
11:15:03.618 [botPool0-bot1] INFO  org.pircbotx.InputParser - :irc.glados.tv 372 bennerbot :-   Join #help for problems/assistance. To join channels, use the lowercase version of the channel name (ex. Danbopes => #danbopes)
11:15:03.619 [botPool0-bot1] INFO  org.pircbotx.InputParser - :irc.glados.tv 372 bennerbot :-   
11:15:03.619 [botPool0-bot1] INFO  org.pircbotx.InputParser - :irc.glados.tv 376 bennerbot :End of MOTD command
11:15:03.620 [botPool0-bot1] INFO  org.pircbotx.InputParser - :irc.glados.tv 251 bennerbot :There are 153 users and 0 services on 1 servers
11:15:03.621 [botPool0-bot1] INFO  org.pircbotx.InputParser - :irc.glados.tv 252 bennerbot 0 :operator(s) online
11:15:03.621 [botPool0-bot1] INFO  org.pircbotx.InputParser - :irc.glados.tv 253 bennerbot 10 :unknown connection(s)
11:15:03.622 [botPool0-bot1] INFO  org.pircbotx.InputParser - :irc.glados.tv 254 bennerbot 1 :channels formed
11:15:03.622 [botPool0-bot1] INFO  org.pircbotx.InputParser - :irc.glados.tv 255 bennerbot :I have 153 clients and 1 servers
11:15:03.623 [botPool0-bot1] INFO  org.pircbotx.InputParser - :irc.glados.tv 404 bennerbot #jdbener :Cannot send to channel
11:15:04.509 [bot2-shutdownhook] INFO  org.pircbotx.output.OutputRaw - QUIT :
11:15:04.523 [bot2-shutdownhook] INFO  org.pircbotx.dcc.DccHandler - Terminating all transfers waiting to be accepted
11:15:04.524 [bot2-shutdownhook] DEBUG org.pircbotx.PircBotX - Disconnected.
11:15:04.524 [bot2-shutdownhook] DEBUG o.p.h.m.ThreadedListenerManager - Waiting for listener me.jdbener.utilities.BotJoinHandeler@5de2cdbe to execute event DisconnectEvent(daoSnapshot=org.pircbotx.snapshot.UserChannelDaoSnapshot@6e51e55a, disconnectException=null)
11:15:04.595 [bot2-shutdownhook] INFO  org.pircbotx.output.OutputRaw - QUIT :
11:15:04.595 [bot2-shutdownhook] INFO  org.pircbotx.dcc.DccHandler - Terminating all transfers waiting to be accepted
11:15:04.595 [botPool0-bot1] INFO  org.pircbotx.PircBotX - Shutdown has been called, closing InputParser
11:15:04.596 [botPool0-bot1] DEBUG o.p.MultiBotManager$BotFutureCallback - Bot #1 finished
11:15:04.597 [bot2-shutdownhook] DEBUG org.pircbotx.PircBotX - Disconnected.
11:15:04.597 [bot2-shutdownhook] DEBUG o.p.h.m.ThreadedListenerManager - Waiting for listener me.jdbener.Cleaner@5b7fe066 to execute event ConnectEvent()
11:15:05.510 [botPool0-bot0] INFO  org.pircbotx.output.OutputRaw - JOIN #biogenx2b 
11:15:05.510 [botPool0-bot0] ERROR org.pircbotx.PircBotX - Exception encountered when parsing line
java.lang.RuntimeException: Couldn't pause thread for message delay
	at org.pircbotx.output.OutputRaw.rawLine(OutputRaw.java:76) ~[pircbotx-2.0.1.jar:na]
	at org.pircbotx.output.OutputIRC.joinChannel(OutputIRC.java:47) ~[pircbotx-2.0.1.jar:na]
	at org.pircbotx.output.OutputIRC.joinChannel(OutputIRC.java:59) ~[pircbotx-2.0.1.jar:na]
	at org.pircbotx.InputParser.processConnect(InputParser.java:377) ~[pircbotx-2.0.1.jar:na]
	at org.pircbotx.InputParser.handleLine(InputParser.java:322) ~[pircbotx-2.0.1.jar:na]
	at org.pircbotx.PircBotX.startLineProcessing(PircBotX.java:275) [pircbotx-2.0.1.jar:na]
	at org.pircbotx.PircBotX.connect(PircBotX.java:236) [pircbotx-2.0.1.jar:na]
	at org.pircbotx.MultiBotManager$BotRunner.call(MultiBotManager.java:219) [pircbotx-2.0.1.jar:na]
	at org.pircbotx.MultiBotManager$BotRunner.call(MultiBotManager.java:212) [pircbotx-2.0.1.jar:na]
	at java.util.concurrent.FutureTask.run(Unknown Source) [na:1.7.0_45]
	at java.util.concurrent.ThreadPoolExecutor.runWorker(Unknown Source) [na:1.7.0_45]
	at java.util.concurrent.ThreadPoolExecutor$Worker.run(Unknown Source) [na:1.7.0_45]
	at java.lang.Thread.run(Unknown Source) [na:1.7.0_45]
Caused by: java.lang.RuntimeException: Exception encountered when writing to socket
	at org.pircbotx.PircBotX.sendRawLineToServer(PircBotX.java:303) [pircbotx-2.0.1.jar:na]
	at org.pircbotx.Utils.sendRawLineToServer(Utils.java:88) ~[pircbotx-2.0.1.jar:na]
	at org.pircbotx.output.OutputRaw.rawLine(OutputRaw.java:73) ~[pircbotx-2.0.1.jar:na]
	... 12 common frames omitted
Caused by: java.net.SocketException: Socket closed
	at java.net.SocketOutputStream.socketWrite(Unknown Source) ~[na:1.7.0_45]
	at java.net.SocketOutputStream.write(Unknown Source) ~[na:1.7.0_45]
	at sun.nio.cs.StreamEncoder.writeBytes(Unknown Source) ~[na:1.7.0_45]
	at sun.nio.cs.StreamEncoder.implFlushBuffer(Unknown Source) ~[na:1.7.0_45]
	at sun.nio.cs.StreamEncoder.implFlush(Unknown Source) ~[na:1.7.0_45]
	at sun.nio.cs.StreamEncoder.flush(Unknown Source) ~[na:1.7.0_45]
	at java.io.OutputStreamWriter.flush(Unknown Source) ~[na:1.7.0_45]
	at org.pircbotx.PircBotX.sendRawLineToServer(PircBotX.java:300) [pircbotx-2.0.1.jar:na]
	... 14 common frames omitted
11:15:05.511 [botPool0-bot0] INFO  org.pircbotx.InputParser - :tmi.twitch.tv 002 bennerbot :Your host is tmi.twitch.tv
11:15:05.511 [botPool0-bot0] ERROR org.pircbotx.PircBotX - Exception encountered when parsing line
java.lang.IllegalStateException: Shutdown in progress
	at java.lang.ApplicationShutdownHooks.add(Unknown Source) ~[na:1.7.0_45]
	at java.lang.Runtime.addShutdownHook(Unknown Source) ~[na:1.7.0_45]
	at org.pircbotx.PircBotX.loggedIn(PircBotX.java:312) [pircbotx-2.0.1.jar:na]
	at org.pircbotx.InputParser.processConnect(InputParser.java:365) ~[pircbotx-2.0.1.jar:na]
	at org.pircbotx.InputParser.handleLine(InputParser.java:322) ~[pircbotx-2.0.1.jar:na]
	at org.pircbotx.PircBotX.startLineProcessing(PircBotX.java:275) [pircbotx-2.0.1.jar:na]
	at org.pircbotx.PircBotX.connect(PircBotX.java:236) [pircbotx-2.0.1.jar:na]
	at org.pircbotx.MultiBotManager$BotRunner.call(MultiBotManager.java:219) [pircbotx-2.0.1.jar:na]
	at org.pircbotx.MultiBotManager$BotRunner.call(MultiBotManager.java:212) [pircbotx-2.0.1.jar:na]
	at java.util.concurrent.FutureTask.run(Unknown Source) [na:1.7.0_45]
	at java.util.concurrent.ThreadPoolExecutor.runWorker(Unknown Source) [na:1.7.0_45]
	at java.util.concurrent.ThreadPoolExecutor$Worker.run(Unknown Source) [na:1.7.0_45]
	at java.lang.Thread.run(Unknown Source) [na:1.7.0_45]
11:15:05.511 [botPool0-bot0] INFO  org.pircbotx.InputParser - :tmi.twitch.tv 003 bennerbot :This server is rather new
11:15:05.512 [botPool0-bot0] INFO  org.pircbotx.PircBotX - Shutdown has been called, closing InputParser
11:15:05.512 [botPool0-bot0] DEBUG o.p.MultiBotManager$BotFutureCallback - Bot #0 finished
11:15:05.596 [listenerPool1-thread3] INFO  org.pircbotx.output.OutputRaw - PRIVMSG #jdbener :/color #ff0000
11:15:05.597 [listenerPool1-thread3] ERROR o.p.h.m.ThreadedListenerManager - Exception encountered when executing event ConnectEvent() on listener me.jdbener.Cleaner@5b7fe066
java.lang.RuntimeException: Couldn't pause thread for message delay
	at org.pircbotx.output.OutputRaw.rawLine(OutputRaw.java:76) ~[pircbotx-2.0.1.jar:na]
	at me.jdbener.Bennerbot.sendMessage(Bennerbot.java:279) ~[bin/:na]
	at me.jdbener.Cleaner.onConnect(Cleaner.java:82) ~[bin/:na]
	at org.pircbotx.hooks.ListenerAdapter.onEvent(ListenerAdapter.java:45) ~[pircbotx-2.0.1.jar:na]
	at org.pircbotx.hooks.managers.ThreadedListenerManager$1.call(ThreadedListenerManager.java:119) [pircbotx-2.0.1.jar:na]
	at org.pircbotx.hooks.managers.ThreadedListenerManager$1.call(ThreadedListenerManager.java:115) [pircbotx-2.0.1.jar:na]
	at java.util.concurrent.FutureTask.run(Unknown Source) [na:1.7.0_45]
	at java.util.concurrent.ThreadPoolExecutor.runWorker(Unknown Source) [na:1.7.0_45]
	at java.util.concurrent.ThreadPoolExecutor$Worker.run(Unknown Source) [na:1.7.0_45]
	at java.lang.Thread.run(Unknown Source) [na:1.7.0_45]
Caused by: java.lang.RuntimeException: Exception encountered when writing to socket
	at org.pircbotx.PircBotX.sendRawLineToServer(PircBotX.java:303) ~[pircbotx-2.0.1.jar:na]
	at org.pircbotx.Utils.sendRawLineToServer(Utils.java:88) ~[pircbotx-2.0.1.jar:na]
	at org.pircbotx.output.OutputRaw.rawLine(OutputRaw.java:73) ~[pircbotx-2.0.1.jar:na]
	... 9 common frames omitted
Caused by: java.net.SocketException: Socket closed
	at java.net.SocketOutputStream.socketWrite(Unknown Source) ~[na:1.7.0_45]
	at java.net.SocketOutputStream.write(Unknown Source) ~[na:1.7.0_45]
	at sun.nio.cs.StreamEncoder.writeBytes(Unknown Source) ~[na:1.7.0_45]
	at sun.nio.cs.StreamEncoder.implFlushBuffer(Unknown Source) ~[na:1.7.0_45]
	at sun.nio.cs.StreamEncoder.implFlush(Unknown Source) ~[na:1.7.0_45]
	at sun.nio.cs.StreamEncoder.flush(Unknown Source) ~[na:1.7.0_45]
	at java.io.OutputStreamWriter.flush(Unknown Source) ~[na:1.7.0_45]
	at org.pircbotx.PircBotX.sendRawLineToServer(PircBotX.java:300) ~[pircbotx-2.0.1.jar:na]
	... 11 common frames omitted
