13:53:02.983 [main] INFO  me.jdbener.Bennerbot - Begining plugin loading
13:53:03.079 [main] INFO  me.jdbener.Bennerbot - Finished looking for plugins in: plugins
13:53:03.104 [main] INFO  me.jdbener.Bennerbot - Finished looking for plugins in: plugins/BasicCommands
13:53:03.105 [main] INFO  me.jdbener.Bennerbot - Finished looking for plugins in: plugins/dissabled
13:53:03.107 [main] INFO  me.jdbener.Bennerbot - Beggining pluging loading sequence
13:53:03.107 [main] INFO  me.jdbener.Bennerbot - Beggining loading of: Basic Commands
13:53:03.107 [main] INFO  me.jdbener.Bennerbot - Added listener to twitch bot
13:53:03.107 [main] INFO  me.jdbener.Bennerbot - Added listener to hitbox bot
13:53:03.107 [main] INFO  me.jdbener.Bennerbot - Basic Commands has been sucessfully loaded!
13:53:03.107 [main] INFO  me.jdbener.Bennerbot - Finished pluging loading sequence
13:53:03.107 [main] INFO  me.jdbener.Bennerbot - Proceading with BennerBot initiation sequence
13:53:04.543 [main] INFO  me.jdbener.Bennerbot - Successfully initiated follower notifications
13:53:04.545 [main] INFO  me.jdbener.Bennerbot - Successfully initiated twitch api connections
13:53:04.628 [main] DEBUG org.pircbotx.MultiBotManager - Not started yet, add to queue
13:53:04.628 [main] DEBUG org.pircbotx.MultiBotManager - Not started yet, add to queue
13:53:04.640 [botPool0-bot0] DEBUG org.pircbotx.PircBotX - Trying address irc.twitch.tv/199.9.250.239
13:53:04.643 [botPool0-bot1] DEBUG org.pircbotx.PircBotX - Trying address irc.glados.tv/192.99.100.37
13:53:04.647 [main] INFO  me.jdbener.Bennerbot - Started Loading the GUI
13:53:04.669 [botPool0-bot0] INFO  org.pircbotx.PircBotX - Connected to server.
13:53:04.677 [botPool0-bot0] INFO  org.pircbotx.output.OutputRaw - PASS oauth:hrr2wpqq0knt6sb0spzd3d1mugpdezf
13:53:04.677 [botPool0-bot0] INFO  org.pircbotx.output.OutputRaw - NICK BennerBot
13:53:04.677 [botPool0-bot0] INFO  org.pircbotx.output.OutputRaw - USER BennerBot 8 * :PircBotX 2.0.1, a fork of PircBot, the Java IRC bot - pircbotx.googlecode.com
13:53:04.735 [botPool0-bot0] INFO  org.pircbotx.InputParser - :tmi.twitch.tv 001 bennerbot :Welcome, GLHF!
13:53:04.745 [botPool0-bot0] DEBUG org.pircbotx.InputParser - Logged onto server.
13:53:04.757 [botPool0-bot1] INFO  org.pircbotx.PircBotX - Connected to server.
13:53:04.759 [botPool0-bot1] INFO  org.pircbotx.output.OutputRaw - PASS bennerbot
13:53:04.759 [botPool0-bot1] INFO  org.pircbotx.output.OutputRaw - NICK bennerbot
13:53:04.759 [botPool0-bot1] INFO  org.pircbotx.output.OutputRaw - USER BennerBot 8 * :PircBotX 2.0.1, a fork of PircBot, the Java IRC bot - pircbotx.googlecode.com
13:53:05.476 [botPool0-bot1] INFO  org.pircbotx.InputParser - :irc.glados.tv 001 bennerbot :Welcome to the hitbox-tv IRC Network bennerbot!BennerBot@ip.bennerbot.chat.hitbox.tv (Connection ID: 2af964e0-f345-4125-bb09-14f3a123cac5)
13:53:05.476 [botPool0-bot1] DEBUG org.pircbotx.InputParser - Logged onto server.
13:53:05.678 [listenerPool0-thread3] INFO  org.pircbotx.output.OutputRaw - PRIVMSG #biogenx2b :/color #ff0000
13:53:05.760 [botPool0-bot1] INFO  org.pircbotx.output.OutputRaw - JOIN #jdbener 
13:53:05.761 [botPool0-bot1] INFO  org.pircbotx.InputParser - :irc.glados.tv 002 bennerbot :Your host is irc.glados.tv, running version IrcD.Net, Version=0.3.5351.28745, Culture=neutral, PublicKeyToken=null
13:53:05.761 [botPool0-bot1] INFO  org.pircbotx.InputParser - :irc.glados.tv 003 bennerbot :This server was created 11/13/2014 6:08:51 AM
13:53:05.762 [botPool0-bot1] INFO  org.pircbotx.InputParser - :irc.glados.tv 004 bennerbot :irc.glados.tv ircD.Net.0.3.5351.28745 Oiorwx ahovITbceiklmnpst
13:53:05.768 [botPool0-bot1] ERROR org.pircbotx.PircBotX - Exception encountered when parsing line
java.lang.IndexOutOfBoundsException: Index: 1, Size: 1
	at java.util.ArrayList.rangeCheck(Unknown Source) ~[na:1.7.0_45]
	at java.util.ArrayList.get(Unknown Source) ~[na:1.7.0_45]
	at org.pircbotx.ServerInfo.parse004(ServerInfo.java:113) ~[pircbotx-2.0.1.jar:na]
	at org.pircbotx.ServerInfo.parse(ServerInfo.java:106) ~[pircbotx-2.0.1.jar:na]
	at org.pircbotx.InputParser.processServerResponse(InputParser.java:709) ~[pircbotx-2.0.1.jar:na]
	at org.pircbotx.InputParser.handleLine(InputParser.java:323) ~[pircbotx-2.0.1.jar:na]
	at org.pircbotx.PircBotX.startLineProcessing(PircBotX.java:275) [pircbotx-2.0.1.jar:na]
	at org.pircbotx.PircBotX.connect(PircBotX.java:236) [pircbotx-2.0.1.jar:na]
	at org.pircbotx.MultiBotManager$BotRunner.call(MultiBotManager.java:219) [pircbotx-2.0.1.jar:na]
	at org.pircbotx.MultiBotManager$BotRunner.call(MultiBotManager.java:212) [pircbotx-2.0.1.jar:na]
	at java.util.concurrent.FutureTask.run(Unknown Source) [na:1.7.0_45]
	at java.util.concurrent.ThreadPoolExecutor.runWorker(Unknown Source) [na:1.7.0_45]
	at java.util.concurrent.ThreadPoolExecutor$Worker.run(Unknown Source) [na:1.7.0_45]
	at java.lang.Thread.run(Unknown Source) [na:1.7.0_45]
13:53:05.768 [botPool0-bot1] INFO  org.pircbotx.InputParser - :irc.glados.tv 005 bennerbot STD=draft03 PREFIX=(aohv)&@%+ CHANMODES=Ibe,k,l,Tcimnpst CHANTYPES=# CHANLIMIT=#:10 INEVEX=I EXCEPTS=e NETWORK=hitbox-tv CASEMAPPING=ascii CHANNELLEN=40 NICKLEN=32 MAXNICKLEN=32 TOPICLEN=300 KICKLEN=300 AWAYLEN=300 KNOCK LANGUAGE=5,af,sq,am,ar,hy,az,eu,be,bn,bh,bg,my,ca,chr,zh,zh-CN,zh-TW,hr,cs,da,dv,nl,en,eo,et,tl,fi,fr,gl,ka,de,el,gn,gu,iw,hi,hu,is,id,iu,it,ja,kn,kk,km,ko,ku,ky,lo,lv,lt,mk,ms,ml,mt,mr,mn,ne,no,or,ps,fa,pl,pt-PT,pa,ro,ru,sa,sr,sd :are supported by this server
13:53:05.769 [botPool0-bot1] INFO  org.pircbotx.InputParser - :irc.glados.tv 005 bennerbot LANGUAGE=5,si,sk,sl,es,sw,sv,tg,ta,te,th,bo,tr,uk,ur,uz,ug,vi SILENCE=25 RFC2812 :are supported by this server
13:53:05.770 [botPool0-bot1] INFO  org.pircbotx.InputParser - :irc.glados.tv 375 bennerbot :- irc.glados.tv Message of the day -
13:53:05.771 [botPool0-bot1] INFO  org.pircbotx.InputParser - :irc.glados.tv 372 bennerbot :-   +MMMMMMMMMMMMmdho+oddmNMMMMMMMMMMMMM $$\   $$\ $$\   $$\     $$\                                 $$$$$$\ $$$$$$$\   $$$$$$\  
13:53:05.771 [botPool0-bot1] INFO  org.pircbotx.InputParser - :irc.glados.tv 372 bennerbot :-   +MMMMMMMMNdoo/::-:///+osymNMMMMMMMMM $$ |  $$ |\__|  $$ |    $$ |                                \_$$  _|$$  __$$\ $$  __$$\ 
13:53:05.772 [botPool0-bot1] INFO  org.pircbotx.InputParser - :irc.glados.tv 372 bennerbot :-   +MMMMMMMMh::-----:////////dMMMMMMMMM $$ |  $$ |$$\ $$$$$$\   $$$$$$$\   $$$$$$\  $$\   $$\         $$ |  $$ |  $$ |$$ /  \__|
13:53:05.773 [botPool0-bot1] INFO  org.pircbotx.InputParser - :irc.glados.tv 372 bennerbot :-   +MMMMMMMMh:::----:////////dMMMMMMMMM $$$$$$$$ |$$ |\_$$  _|  $$  __$$\ $$  __$$\ \$$\ $$  |        $$ |  $$$$$$$  |$$ |     
13:53:05.774 [botPool0-bot1] INFO  org.pircbotx.InputParser - :irc.glados.tv 372 bennerbot :-   +MMMMMMMMh:::----:////////dMMMMMMMMM $$  __$$ |$$ |  $$ |    $$ |  $$ |$$ /  $$ | \$$$$  /         $$ |  $$  __$$< $$ |      
13:53:05.774 [botPool0-bot1] INFO  org.pircbotx.InputParser - :irc.glados.tv 372 bennerbot :-   +MMMMMMMMh::::---:////////dMMMMMMMMM $$ |  $$ |$$ |  $$ |$$\ $$ |  $$ |$$ |  $$ | $$  $$<          $$ |  $$ |  $$ |$$ |  $$\ 
13:53:05.775 [botPool0-bot1] INFO  org.pircbotx.InputParser - :irc.glados.tv 372 bennerbot :-   +MMMMMMMMh:::://++oo++++/+dMMMMMMMMM $$ |  $$ |$$ |  \$$$$  |$$$$$$$  |\$$$$$$  |$$  /\$$\       $$$$$$\ $$ |  $$ |\$$$$$$  |
13:53:05.776 [botPool0-bot1] INFO  org.pircbotx.InputParser - :irc.glados.tv 372 bennerbot :-   +MMMMMMMMmhmmdddddddddmmmmNMMMMMMMMM \__|  \__|\__|   \____/ \_______/  \______/ \__/  \__|      \______|\__|  \__| \______/ 
13:53:05.776 [botPool0-bot1] INFO  org.pircbotx.InputParser - :irc.glados.tv 372 bennerbot :-   +NyssssMyo+///:::::/+++oosyhMyyyhhMM
13:53:05.777 [botPool0-bot1] INFO  org.pircbotx.InputParser - :irc.glados.tv 372 bennerbot :-   +N:::::Mo::::::::::////++++yM+++ooNM $$$$$$$\            $$\                                                                 
13:53:05.778 [botPool0-bot1] INFO  org.pircbotx.InputParser - :irc.glados.tv 372 bennerbot :-   +N:::::Mo::::::::::///+++++yM++oooNM $$$$$$$\            $$\                           
13:53:05.779 [botPool0-bot1] INFO  org.pircbotx.InputParser - :irc.glados.tv 372 bennerbot :-   +N:::::Mo:::::::::://++++++yM+ooooNM $$  __$$\           $$ |                         
13:53:05.780 [botPool0-bot1] INFO  org.pircbotx.InputParser - :irc.glados.tv 372 bennerbot :-   +N:::::Mo:::::::::://++++++yMoooooNM $$ |  $$ | $$$$$$\  $$ | $$$$$$\  $$\   $$\          
13:53:05.781 [botPool0-bot1] INFO  org.pircbotx.InputParser - :irc.glados.tv 372 bennerbot :-   +N:::::Mo::::::::://+++++++yMoooooNM $$$$$$$  |$$  __$$\ $$ | \____$$\ $$ |  $$ |        
13:53:05.781 [botPool0-bot1] INFO  org.pircbotx.InputParser - :irc.glados.tv 372 bennerbot :-   +N/::::Mo:::::::::/++++++++yMoosyhMM $$  __$$< $$$$$$$$ |$$ | $$$$$$$ |$$ |  $$ |      
13:53:05.782 [botPool0-bot1] INFO  org.pircbotx.InputParser - :irc.glados.tv 372 bennerbot :-   +Mho//:Mo:::::::::/+++++++oyMhdNMMMM $$ |  $$ |$$   ____|$$ |$$  __$$ |$$ |  $$ |       
13:53:05.782 [botPool0-bot1] INFO  org.pircbotx.InputParser - :irc.glados.tv 372 bennerbot :-   +MMMMNhMy+/:::::::/++++oshmNMMMMMMMM $$ |  $$ |\$$$$$$$\ $$ |\$$$$$$$ |\$$$$$$$ |       
13:53:05.783 [botPool0-bot1] INFO  org.pircbotx.InputParser - :irc.glados.tv 372 bennerbot :-   +MMMMMMMhyddhs+/::/+oydmmhyhMMMMMMMM \__|  \__| \_______|\__| \_______| \____$$ |             -Community Driven
13:53:05.783 [botPool0-bot1] INFO  org.pircbotx.InputParser - :irc.glados.tv 372 bennerbot :-   +MMMMMMMo::/+shhhhddmdyo+ooyMMMMMMMM                                   $$\   $$ |      
13:53:05.784 [botPool0-bot1] INFO  org.pircbotx.InputParser - :irc.glados.tv 372 bennerbot :-   +MMMMMMMo:::::::/dNd+++++ooyMMMMMMMM                                   \$$$$$$  |  
13:53:05.784 [botPool0-bot1] INFO  org.pircbotx.InputParser - :irc.glados.tv 372 bennerbot :-   +MMMMMMMs::::::::hNh++++oooyMMMMMMMM                                    \______/  
13:53:05.784 [botPool0-bot1] INFO  org.pircbotx.InputParser - :irc.glados.tv 372 bennerbot :-   +MMMMMMMNdso//:::hNh++oosydNMMMMMMMM
13:53:05.785 [botPool0-bot1] INFO  org.pircbotx.InputParser - :irc.glados.tv 372 bennerbot :-   +MMMMMMMMMMMmdyo/dNh+shmNMMMMMMMMMMM
13:53:05.785 [botPool0-bot1] INFO  org.pircbotx.InputParser - :irc.glados.tv 372 bennerbot :-   +MMMMMMMMMMMMMMMNMMMNMMMMMMMMMMMMMMM
13:53:05.786 [botPool0-bot1] INFO  org.pircbotx.InputParser - :irc.glados.tv 372 bennerbot :-   
13:53:05.786 [botPool0-bot1] INFO  org.pircbotx.InputParser - :irc.glados.tv 372 bennerbot :-   Join #help for problems/assistance. To join channels, use the lowercase version of the channel name (ex. Danbopes => #danbopes)
13:53:05.786 [botPool0-bot1] INFO  org.pircbotx.InputParser - :irc.glados.tv 372 bennerbot :-   
13:53:05.787 [botPool0-bot1] INFO  org.pircbotx.InputParser - :irc.glados.tv 376 bennerbot :End of MOTD command
13:53:05.788 [botPool0-bot1] INFO  org.pircbotx.InputParser - :irc.glados.tv 251 bennerbot :There are 153 users and 0 services on 1 servers
13:53:05.788 [botPool0-bot1] INFO  org.pircbotx.InputParser - :irc.glados.tv 252 bennerbot 0 :operator(s) online
13:53:05.789 [botPool0-bot1] INFO  org.pircbotx.InputParser - :irc.glados.tv 253 bennerbot 9 :unknown connection(s)
13:53:05.789 [botPool0-bot1] INFO  org.pircbotx.InputParser - :irc.glados.tv 254 bennerbot 1 :channels formed
13:53:05.790 [botPool0-bot1] INFO  org.pircbotx.InputParser - :irc.glados.tv 255 bennerbot :I have 153 clients and 1 servers
13:53:06.679 [listenerPool1-thread6] INFO  org.pircbotx.output.OutputRaw - PRIVMSG #biogenx2b :/color #ff0000
13:53:06.761 [listenerPool0-thread3] INFO  org.pircbotx.output.OutputRaw - PRIVMSG #jdbener :/color #ff0000
13:53:07.680 [botPool0-bot0] INFO  org.pircbotx.output.OutputRaw - JOIN #biogenx2b 
13:53:07.680 [botPool0-bot0] INFO  org.pircbotx.InputParser - :tmi.twitch.tv 002 bennerbot :Your host is tmi.twitch.tv
13:53:07.680 [botPool0-bot0] INFO  org.pircbotx.InputParser - :tmi.twitch.tv 003 bennerbot :This server is rather new
13:53:07.681 [botPool0-bot0] INFO  org.pircbotx.InputParser - :tmi.twitch.tv 004 bennerbot :-
13:53:07.681 [botPool0-bot0] ERROR org.pircbotx.PircBotX - Exception encountered when parsing line
java.lang.IndexOutOfBoundsException: Index: 1, Size: 1
	at java.util.ArrayList.rangeCheck(Unknown Source) ~[na:1.7.0_45]
	at java.util.ArrayList.get(Unknown Source) ~[na:1.7.0_45]
	at org.pircbotx.ServerInfo.parse004(ServerInfo.java:113) ~[pircbotx-2.0.1.jar:na]
	at org.pircbotx.ServerInfo.parse(ServerInfo.java:106) ~[pircbotx-2.0.1.jar:na]
	at org.pircbotx.InputParser.processServerResponse(InputParser.java:709) ~[pircbotx-2.0.1.jar:na]
	at org.pircbotx.InputParser.handleLine(InputParser.java:323) ~[pircbotx-2.0.1.jar:na]
	at org.pircbotx.PircBotX.startLineProcessing(PircBotX.java:275) [pircbotx-2.0.1.jar:na]
	at org.pircbotx.PircBotX.connect(PircBotX.java:236) [pircbotx-2.0.1.jar:na]
	at org.pircbotx.MultiBotManager$BotRunner.call(MultiBotManager.java:219) [pircbotx-2.0.1.jar:na]
	at org.pircbotx.MultiBotManager$BotRunner.call(MultiBotManager.java:212) [pircbotx-2.0.1.jar:na]
	at java.util.concurrent.FutureTask.run(Unknown Source) [na:1.7.0_45]
	at java.util.concurrent.ThreadPoolExecutor.runWorker(Unknown Source) [na:1.7.0_45]
	at java.util.concurrent.ThreadPoolExecutor$Worker.run(Unknown Source) [na:1.7.0_45]
	at java.lang.Thread.run(Unknown Source) [na:1.7.0_45]
13:53:07.682 [botPool0-bot0] INFO  org.pircbotx.InputParser - :tmi.twitch.tv 375 bennerbot :-
13:53:07.682 [botPool0-bot0] INFO  org.pircbotx.InputParser - :tmi.twitch.tv 372 bennerbot :You are in a maze of twisty passages, all alike.
13:53:07.683 [botPool0-bot0] INFO  org.pircbotx.InputParser - :tmi.twitch.tv 376 bennerbot :>
13:53:07.683 [botPool0-bot0] INFO  org.pircbotx.InputParser - :jtv!jtv@jtv.tmi.twitch.tv PRIVMSG bennerbot :USERCOLOR bennerbot #FF0000
13:53:07.686 [botPool0-bot0] INFO  org.pircbotx.InputParser - :jtv!jtv@jtv.tmi.twitch.tv PRIVMSG bennerbot :Your color has been changed
13:53:07.687 [botPool0-bot0] INFO  org.pircbotx.InputParser - :jtv!jtv@jtv.tmi.twitch.tv PRIVMSG bennerbot :USERCOLOR bennerbot #FF0000
13:53:07.687 [botPool0-bot0] INFO  org.pircbotx.InputParser - :jtv!jtv@jtv.tmi.twitch.tv PRIVMSG bennerbot :Your color has been changed
13:53:07.734 [botPool0-bot1] INFO  org.pircbotx.InputParser - :bennerbot!BennerBot@ip.bennerbot.chat.hitbox.tv JOIN #jdbener
13:53:07.744 [botPool0-bot0] INFO  org.pircbotx.InputParser - :bennerbot!bennerbot@bennerbot.tmi.twitch.tv JOIN #biogenx2b
13:53:07.762 [botPool0-bot1] INFO  org.pircbotx.output.OutputRaw - WHO #jdbener
13:53:08.681 [botPool0-bot0] INFO  org.pircbotx.output.OutputRaw - WHO #biogenx2b
13:53:08.763 [botPool0-bot1] INFO  org.pircbotx.output.OutputRaw - MODE #jdbener
13:53:08.766 [botPool0-bot1] INFO  org.pircbotx.InputParser - :irc.glados.tv 332 bennerbot #jdbener :test
13:53:08.766 [botPool0-bot1] INFO  org.pircbotx.InputParser - :irc.glados.tv 353 bennerbot = #jdbener :bennerbot @Jdbener
13:53:08.767 [botPool0-bot1] INFO  org.pircbotx.InputParser - :irc.glados.tv 366 bennerbot #jdbener :End of NAMES list
13:53:08.767 [botPool0-bot1] INFO  org.pircbotx.InputParser - :irc.glados.tv 315 bennerbot #jdbener :End of /WHO list.
13:53:08.950 [botPool0-bot1] INFO  org.pircbotx.InputParser - :irc.glados.tv 324 bennerbot #jdbener +
13:53:09.682 [botPool0-bot0] INFO  org.pircbotx.output.OutputRaw - MODE #biogenx2b
13:53:09.682 [botPool0-bot0] INFO  org.pircbotx.InputParser - :jtv!jtv@jtv.tmi.twitch.tv PRIVMSG bennerbot :USERCOLOR bennerbot #FF0000
13:53:09.683 [botPool0-bot0] INFO  org.pircbotx.InputParser - :jtv!jtv@jtv.tmi.twitch.tv PRIVMSG bennerbot :HISTORYEND biogenx2b
13:53:09.683 [botPool0-bot0] INFO  org.pircbotx.InputParser - :bennerbot.tmi.twitch.tv 353 bennerbot = #biogenx2b :ethannex bullseyeshot2 battlebuddiesgaming gwydo pethunter bennerbot moobot jdbener biogenx2b
13:53:09.683 [botPool0-bot0] INFO  org.pircbotx.InputParser - :bennerbot.tmi.twitch.tv 366 bennerbot #biogenx2b :End of /NAMES list
13:53:09.684 [botPool0-bot0] INFO  org.pircbotx.InputParser - :jtv MODE #biogenx2b +o pethunter
13:53:09.689 [botPool0-bot0] INFO  org.pircbotx.InputParser - :jtv MODE #biogenx2b +o jdbener
13:53:09.689 [botPool0-bot0] INFO  org.pircbotx.InputParser - :jtv MODE #biogenx2b +o biogenx2b
13:53:09.690 [botPool0-bot0] INFO  org.pircbotx.InputParser - :jtv MODE #biogenx2b +o moobot
13:53:09.691 [botPool0-bot0] INFO  org.pircbotx.InputParser - :jtv MODE #biogenx2b +o bullseyeshot2
13:53:09.691 [botPool0-bot0] INFO  org.pircbotx.InputParser - :jtv MODE #biogenx2b +o gwydo
13:53:09.692 [botPool0-bot0] INFO  org.pircbotx.InputParser - :tmi.twitch.tv 421 bennerbot WHO :Unknown command
13:53:09.764 [listenerPool1-thread6] INFO  org.pircbotx.output.OutputRaw - PRIVMSG #jdbener :/color #ff0000
13:53:13.426 [botPool0-bot0] INFO  org.pircbotx.InputParser - :jdbener!jdbener@jdbener.tmi.twitch.tv PRIVMSG #biogenx2b :ebay?
13:53:13.427 [listenerPool0-thread4] INFO  org.pircbotx.output.OutputRaw - PRIVMSG #jdbener :Jdbener: ebay?
13:53:16.064 [botPool0-bot0] INFO  org.pircbotx.InputParser - :jdbener!jdbener@jdbener.tmi.twitch.tv PRIVMSG #biogenx2b :amazon?
13:53:16.065 [listenerPool0-thread2] INFO  org.pircbotx.output.OutputRaw - PRIVMSG #jdbener :Jdbener: amazon?
13:53:19.421 [botPool0-bot0] INFO  org.pircbotx.InputParser - :jdbener!jdbener@jdbener.tmi.twitch.tv PRIVMSG #biogenx2b :dealzon?
13:53:19.422 [listenerPool0-thread4] INFO  org.pircbotx.output.OutputRaw - PRIVMSG #jdbener :Jdbener: dealzon?
13:53:23.696 [botPool0-bot0] INFO  org.pircbotx.InputParser - :jdbener!jdbener@jdbener.tmi.twitch.tv PRIVMSG #biogenx2b :http://dealzon.com
13:53:23.696 [listenerPool0-thread4] INFO  org.pircbotx.output.OutputRaw - PRIVMSG #jdbener :Jdbener: http://dealzon.com
13:53:47.240 [botPool0-bot0] INFO  org.pircbotx.InputParser - :ethannex!ethannex@ethannex.tmi.twitch.tv PRIVMSG #biogenx2b :any gaming laptops that u guys recommend?
13:53:47.241 [listenerPool0-thread4] INFO  org.pircbotx.output.OutputRaw - PRIVMSG #jdbener :Ethannex: any gaming laptops that u guys recommend?
13:53:52.769 [botPool0-bot0] INFO  org.pircbotx.InputParser - :jdbener!jdbener@jdbener.tmi.twitch.tv PRIVMSG #biogenx2b :idk
13:53:52.769 [listenerPool0-thread1] INFO  org.pircbotx.output.OutputRaw - PRIVMSG #jdbener :Jdbener: idk
13:54:00.914 [botPool0-bot0] INFO  org.pircbotx.InputParser - :jdbener!jdbener@jdbener.tmi.twitch.tv PRIVMSG #biogenx2b :im peronaly not a laptop person
13:54:00.915 [listenerPool0-thread4] INFO  org.pircbotx.output.OutputRaw - PRIVMSG #jdbener :Jdbener: im peronaly not a laptop person
13:54:03.115 [botPool0-bot0] INFO  org.pircbotx.InputParser - :jdbener!jdbener@jdbener.tmi.twitch.tv PRIVMSG #biogenx2b ::p
13:54:03.115 [listenerPool0-thread5] INFO  org.pircbotx.output.OutputRaw - PRIVMSG #jdbener :Jdbener: :p
13:54:08.631 [botPool0-bot0] INFO  org.pircbotx.InputParser - :jdbener!jdbener@jdbener.tmi.twitch.tv PRIVMSG #biogenx2b :fuck
13:54:08.634 [listenerPool0-thread5] INFO  org.pircbotx.output.OutputRaw - PRIVMSG #jdbener :Jdbener: fuck
13:54:11.725 [botPool0-bot0] INFO  org.pircbotx.InputParser - :jdbener!jdbener@jdbener.tmi.twitch.tv PRIVMSG #biogenx2b :eve
13:54:11.725 [listenerPool0-thread3] INFO  org.pircbotx.output.OutputRaw - PRIVMSG #jdbener :Jdbener: eve
13:54:25.596 [bot2-shutdownhook] INFO  org.pircbotx.output.OutputRaw - QUIT :
13:54:25.597 [bot2-shutdownhook] INFO  org.pircbotx.output.OutputRaw - QUIT :
13:54:25.607 [bot2-shutdownhook] WARN  org.pircbotx.Channel - Channel #biogenx2b mode '' is stale
13:54:25.624 [bot2-shutdownhook] WARN  org.pircbotx.Channel - Channel #biogenx2b mode '' is stale
13:54:25.627 [bot2-shutdownhook] INFO  org.pircbotx.dcc.DccHandler - Terminating all transfers waiting to be accepted
13:54:25.627 [botPool0-bot1] INFO  org.pircbotx.PircBotX - Shutdown has been called, closing InputParser
13:54:25.628 [botPool0-bot1] DEBUG o.p.MultiBotManager$BotFutureCallback - Bot #1 finished
13:54:25.628 [bot2-shutdownhook] DEBUG org.pircbotx.PircBotX - Disconnected.
13:54:25.628 [bot2-shutdownhook] DEBUG o.p.h.m.ThreadedListenerManager - Waiting for listener me.jdbener.utilities.Infromation@34d6e7b8 to execute event DisconnectEvent(daoSnapshot=org.pircbotx.snapshot.UserChannelDaoSnapshot@c4fb686, disconnectException=null)
13:54:25.628 [bot2-shutdownhook] DEBUG o.p.h.m.ThreadedListenerManager - Waiting for listener me.jdbener.Cleaner@4b534d8c to execute event DisconnectEvent(daoSnapshot=org.pircbotx.snapshot.UserChannelDaoSnapshot@c4fb686, disconnectException=null)
13:54:25.628 [bot2-shutdownhook] INFO  org.pircbotx.dcc.DccHandler - Terminating all transfers waiting to be accepted
13:54:25.628 [botPool0-bot0] INFO  org.pircbotx.PircBotX - Shutdown has been called, closing InputParser
13:54:25.628 [botPool0-bot0] DEBUG o.p.MultiBotManager$BotFutureCallback - Bot #0 finished
13:54:25.628 [bot2-shutdownhook] DEBUG o.p.h.m.ThreadedListenerManager - Waiting for listener me.jdbener.apis.hitbox.HitboxStatusGameUpdater@58dad8b5 to execute event DisconnectEvent(daoSnapshot=org.pircbotx.snapshot.UserChannelDaoSnapshot@c4fb686, disconnectException=null)
13:54:25.629 [bot2-shutdownhook] DEBUG org.pircbotx.PircBotX - Disconnected.
13:54:25.629 [bot2-shutdownhook] DEBUG o.p.h.m.ThreadedListenerManager - Waiting for listener me.jdbener.apis.twitch.TwitchStatusGameUpdater@7a78bf45 to execute event DisconnectEvent(daoSnapshot=org.pircbotx.snapshot.UserChannelDaoSnapshot@45581dba, disconnectException=null)
13:54:25.629 [bot2-shutdownhook] DEBUG o.p.h.m.ThreadedListenerManager - Waiting for listener me.jdbener.utilities.CustomCommandHandeler@36b4361a to execute event DisconnectEvent(daoSnapshot=org.pircbotx.snapshot.UserChannelDaoSnapshot@c4fb686, disconnectException=null)
13:54:25.629 [bot2-shutdownhook] DEBUG o.p.h.m.ThreadedListenerManager - Waiting for listener org.pircbotx.hooks.CoreHooks@47b620a2 to execute event DisconnectEvent(daoSnapshot=org.pircbotx.snapshot.UserChannelDaoSnapshot@c4fb686, disconnectException=null)
13:54:25.629 [bot2-shutdownhook] DEBUG o.p.h.m.ThreadedListenerManager - Waiting for listener me.jdbener.plugins.BasicCommands.BasicCommandsPlugin@afeef51 to execute event DisconnectEvent(daoSnapshot=org.pircbotx.snapshot.UserChannelDaoSnapshot@45581dba, disconnectException=null)
13:54:25.629 [bot2-shutdownhook] DEBUG o.p.h.m.ThreadedListenerManager - Waiting for listener me.jdbener.utilities.JoinLeaveMessages@6cf1156e to execute event DisconnectEvent(daoSnapshot=org.pircbotx.snapshot.UserChannelDaoSnapshot@45581dba, disconnectException=null)
13:54:25.629 [bot2-shutdownhook] DEBUG o.p.h.m.ThreadedListenerManager - Waiting for listener me.jdbener.utilities.BotJoinHandeler@113ee167 to execute event DisconnectEvent(daoSnapshot=org.pircbotx.snapshot.UserChannelDaoSnapshot@45581dba, disconnectException=null)
13:54:25.629 [bot2-shutdownhook] DEBUG o.p.h.m.ThreadedListenerManager - Waiting for listener me.jdbener.utilities.Infromation@5a0deddc to execute event DisconnectEvent(daoSnapshot=org.pircbotx.snapshot.UserChannelDaoSnapshot@45581dba, disconnectException=null)
13:54:25.629 [bot2-shutdownhook] DEBUG o.p.h.m.ThreadedListenerManager - Waiting for listener org.pircbotx.hooks.CoreHooks@13c058d6 to execute event DisconnectEvent(daoSnapshot=org.pircbotx.snapshot.UserChannelDaoSnapshot@45581dba, disconnectException=null)
13:54:25.629 [bot2-shutdownhook] DEBUG o.p.h.m.ThreadedListenerManager - Waiting for listener me.jdbener.apis.twitch.TwitchFollowerHandeler@49f43358 to execute event DisconnectEvent(daoSnapshot=org.pircbotx.snapshot.UserChannelDaoSnapshot@45581dba, disconnectException=null)
13:54:25.629 [bot2-shutdownhook] DEBUG o.p.h.m.ThreadedListenerManager - Waiting for listener me.jdbener.Cleaner@56aa5f3f to execute event DisconnectEvent(daoSnapshot=org.pircbotx.snapshot.UserChannelDaoSnapshot@45581dba, disconnectException=null)
13:54:25.629 [bot2-shutdownhook] DEBUG o.p.h.m.ThreadedListenerManager - Waiting for listener me.jdbener.apis.hitbox.HitboxStatusGameUpdater@669f1fb5 to execute event DisconnectEvent(daoSnapshot=org.pircbotx.snapshot.UserChannelDaoSnapshot@45581dba, disconnectException=null)
