14:52:13.548 [main] INFO  me.jdbener.Bennerbot - Begining plugin loading
14:52:13.644 [main] INFO  me.jdbener.Bennerbot - Finished looking for plugins in: plugins
14:52:13.671 [main] INFO  me.jdbener.Bennerbot - Finished looking for plugins in: plugins/BasicCommands
14:52:13.672 [main] INFO  me.jdbener.Bennerbot - Finished looking for plugins in: plugins/dissabled
14:52:13.674 [main] INFO  me.jdbener.Bennerbot - Beggining pluging loading sequence
14:52:13.674 [main] INFO  me.jdbener.Bennerbot - Beggining loading of: Basic Commands
14:52:13.674 [main] INFO  me.jdbener.Bennerbot - Added listener to twitch bot
14:52:13.674 [main] INFO  me.jdbener.Bennerbot - Added listener to hitbox bot
14:52:13.674 [main] INFO  me.jdbener.Bennerbot - Basic Commands has been sucessfully loaded!
14:52:13.675 [main] INFO  me.jdbener.Bennerbot - Finished pluging loading sequence
14:52:13.675 [main] INFO  me.jdbener.Bennerbot - Proceading with BennerBot initiation sequence
14:52:14.712 [main] INFO  me.jdbener.Bennerbot - Successfully initiated follower notifications
14:52:14.713 [main] INFO  me.jdbener.Bennerbot - Successfully initiated twitch api connections
14:52:14.810 [main] DEBUG org.pircbotx.MultiBotManager - Not started yet, add to queue
14:52:14.810 [main] DEBUG org.pircbotx.MultiBotManager - Not started yet, add to queue
14:52:14.815 [botPool0-bot0] DEBUG org.pircbotx.PircBotX - Trying address irc.twitch.tv/199.9.250.229
14:52:14.823 [main] INFO  me.jdbener.Bennerbot - Started Loading the GUI
14:52:14.842 [botPool0-bot0] INFO  org.pircbotx.PircBotX - Connected to server.
14:52:14.849 [botPool0-bot0] INFO  org.pircbotx.output.OutputRaw - PASS oauth:hrr2wpqq0knt6sb0spzd3d1mugpdezf
14:52:14.849 [botPool0-bot0] INFO  org.pircbotx.output.OutputRaw - NICK BennerBot
14:52:14.849 [botPool0-bot0] INFO  org.pircbotx.output.OutputRaw - USER BennerBot 8 * :PircBotX 2.0.1, a fork of PircBot, the Java IRC bot - pircbotx.googlecode.com
14:52:14.906 [botPool0-bot0] INFO  org.pircbotx.InputParser - :tmi.twitch.tv 001 bennerbot :Welcome, GLHF!
14:52:14.915 [botPool0-bot0] DEBUG org.pircbotx.InputParser - Logged onto server.
14:52:14.921 [botPool0-bot1] DEBUG org.pircbotx.PircBotX - Trying address irc.glados.tv/192.99.100.37
14:52:15.041 [botPool0-bot1] INFO  org.pircbotx.PircBotX - Connected to server.
14:52:15.043 [botPool0-bot1] INFO  org.pircbotx.output.OutputRaw - PASS bennerbot
14:52:15.043 [botPool0-bot1] INFO  org.pircbotx.output.OutputRaw - NICK bennerbot
14:52:15.043 [botPool0-bot1] INFO  org.pircbotx.output.OutputRaw - USER BennerBot 8 * :PircBotX 2.0.1, a fork of PircBot, the Java IRC bot - pircbotx.googlecode.com
14:52:15.850 [listenerPool0-thread5] INFO  org.pircbotx.output.OutputRaw - PRIVMSG #biogenx2b :/color #ff0000
14:52:15.886 [botPool0-bot1] INFO  org.pircbotx.InputParser - :irc.glados.tv 001 bennerbot :Welcome to the hitbox-tv IRC Network bennerbot!BennerBot@ip.bennerbot.chat.hitbox.tv (Connection ID: ea5c1c1d-c17c-487f-bc0e-5691d706e307)
14:52:15.886 [botPool0-bot1] DEBUG org.pircbotx.InputParser - Logged onto server.
14:52:16.044 [listenerPool0-thread5] INFO  org.pircbotx.output.OutputRaw - PRIVMSG #jdbener :/color #ff0000
14:52:16.851 [listenerPool1-thread6] INFO  org.pircbotx.output.OutputRaw - PRIVMSG #biogenx2b :/color #ff0000
14:52:17.045 [botPool0-bot1] INFO  org.pircbotx.output.OutputRaw - JOIN #jdbener 
14:52:17.046 [botPool0-bot1] INFO  org.pircbotx.InputParser - :irc.glados.tv 002 bennerbot :Your host is irc.glados.tv, running version IrcD.Net, Version=0.3.5351.28745, Culture=neutral, PublicKeyToken=null
14:52:17.047 [botPool0-bot1] INFO  org.pircbotx.InputParser - :irc.glados.tv 003 bennerbot :This server was created 11/13/2014 6:08:51 AM
14:52:17.048 [botPool0-bot1] INFO  org.pircbotx.InputParser - :irc.glados.tv 004 bennerbot :irc.glados.tv ircD.Net.0.3.5351.28745 Oiorwx ahovITbceiklmnpst
14:52:17.056 [botPool0-bot1] ERROR org.pircbotx.PircBotX - Exception encountered when parsing line
java.lang.IndexOutOfBoundsException: Index: 1, Size: 1
	at java.util.ArrayList.rangeCheck(Unknown Source) ~[na:1.7.0_45]
	at java.util.ArrayList.get(Unknown Source) ~[na:1.7.0_45]
	at org.pircbotx.ServerInfo.parse004(ServerInfo.java:113) ~[pircbotx-2.0.1.jar:na]
	at org.pircbotx.ServerInfo.parse(ServerInfo.java:106) ~[pircbotx-2.0.1.jar:na]
	at org.pircbotx.InputParser.processServerResponse(InputParser.java:709) ~[pircbotx-2.0.1.jar:na]
	at org.pircbotx.InputParser.handleLine(InputParser.java:323) ~[pircbotx-2.0.1.jar:na]
	at org.pircbotx.PircBotX.startLineProcessing(PircBotX.java:275) [pircbotx-2.0.1.jar:na]
	at org.pircbotx.PircBotX.connect(PircBotX.java:236) [pircbotx-2.0.1.jar:na]
	at org.pircbotx.MultiBotManager$BotRunner.call(MultiBotManager.java:219) [pircbotx-2.0.1.jar:na]
	at org.pircbotx.MultiBotManager$BotRunner.call(MultiBotManager.java:212) [pircbotx-2.0.1.jar:na]
	at java.util.concurrent.FutureTask.run(Unknown Source) [na:1.7.0_45]
	at java.util.concurrent.ThreadPoolExecutor.runWorker(Unknown Source) [na:1.7.0_45]
	at java.util.concurrent.ThreadPoolExecutor$Worker.run(Unknown Source) [na:1.7.0_45]
	at java.lang.Thread.run(Unknown Source) [na:1.7.0_45]
14:52:17.056 [botPool0-bot1] INFO  org.pircbotx.InputParser - :irc.glados.tv 005 bennerbot STD=draft03 PREFIX=(aohv)&@%+ CHANMODES=Ibe,k,l,Tcimnpst CHANTYPES=# CHANLIMIT=#:10 INEVEX=I EXCEPTS=e NETWORK=hitbox-tv CASEMAPPING=ascii CHANNELLEN=40 NICKLEN=32 MAXNICKLEN=32 TOPICLEN=300 KICKLEN=300 AWAYLEN=300 KNOCK LANGUAGE=5,af,sq,am,ar,hy,az,eu,be,bn,bh,bg,my,ca,chr,zh,zh-CN,zh-TW,hr,cs,da,dv,nl,en,eo,et,tl,fi,fr,gl,ka,de,el,gn,gu,iw,hi,hu,is,id,iu,it,ja,kn,kk,km,ko,ku,ky,lo,lv,lt,mk,ms,ml,mt,mr,mn,ne,no,or,ps,fa,pl,pt-PT,pa,ro,ru,sa,sr,sd :are supported by this server
14:52:17.057 [botPool0-bot1] INFO  org.pircbotx.InputParser - :irc.glados.tv 005 bennerbot LANGUAGE=5,si,sk,sl,es,sw,sv,tg,ta,te,th,bo,tr,uk,ur,uz,ug,vi SILENCE=25 RFC2812 :are supported by this server
14:52:17.058 [botPool0-bot1] INFO  org.pircbotx.InputParser - :irc.glados.tv 375 bennerbot :- irc.glados.tv Message of the day -
14:52:17.059 [botPool0-bot1] INFO  org.pircbotx.InputParser - :irc.glados.tv 372 bennerbot :-   +MMMMMMMMMMMMmdho+oddmNMMMMMMMMMMMMM $$\   $$\ $$\   $$\     $$\                                 $$$$$$\ $$$$$$$\   $$$$$$\  
14:52:17.060 [botPool0-bot1] INFO  org.pircbotx.InputParser - :irc.glados.tv 372 bennerbot :-   +MMMMMMMMNdoo/::-:///+osymNMMMMMMMMM $$ |  $$ |\__|  $$ |    $$ |                                \_$$  _|$$  __$$\ $$  __$$\ 
14:52:17.061 [botPool0-bot1] INFO  org.pircbotx.InputParser - :irc.glados.tv 372 bennerbot :-   +MMMMMMMMh::-----:////////dMMMMMMMMM $$ |  $$ |$$\ $$$$$$\   $$$$$$$\   $$$$$$\  $$\   $$\         $$ |  $$ |  $$ |$$ /  \__|
14:52:17.061 [botPool0-bot1] INFO  org.pircbotx.InputParser - :irc.glados.tv 372 bennerbot :-   +MMMMMMMMh:::----:////////dMMMMMMMMM $$$$$$$$ |$$ |\_$$  _|  $$  __$$\ $$  __$$\ \$$\ $$  |        $$ |  $$$$$$$  |$$ |     
14:52:17.062 [botPool0-bot1] INFO  org.pircbotx.InputParser - :irc.glados.tv 372 bennerbot :-   +MMMMMMMMh:::----:////////dMMMMMMMMM $$  __$$ |$$ |  $$ |    $$ |  $$ |$$ /  $$ | \$$$$  /         $$ |  $$  __$$< $$ |      
14:52:17.063 [botPool0-bot1] INFO  org.pircbotx.InputParser - :irc.glados.tv 372 bennerbot :-   +MMMMMMMMh::::---:////////dMMMMMMMMM $$ |  $$ |$$ |  $$ |$$\ $$ |  $$ |$$ |  $$ | $$  $$<          $$ |  $$ |  $$ |$$ |  $$\ 
14:52:17.063 [botPool0-bot1] INFO  org.pircbotx.InputParser - :irc.glados.tv 372 bennerbot :-   +MMMMMMMMh:::://++oo++++/+dMMMMMMMMM $$ |  $$ |$$ |  \$$$$  |$$$$$$$  |\$$$$$$  |$$  /\$$\       $$$$$$\ $$ |  $$ |\$$$$$$  |
14:52:17.064 [botPool0-bot1] INFO  org.pircbotx.InputParser - :irc.glados.tv 372 bennerbot :-   +MMMMMMMMmhmmdddddddddmmmmNMMMMMMMMM \__|  \__|\__|   \____/ \_______/  \______/ \__/  \__|      \______|\__|  \__| \______/ 
14:52:17.065 [botPool0-bot1] INFO  org.pircbotx.InputParser - :irc.glados.tv 372 bennerbot :-   +NyssssMyo+///:::::/+++oosyhMyyyhhMM
14:52:17.066 [botPool0-bot1] INFO  org.pircbotx.InputParser - :irc.glados.tv 372 bennerbot :-   +N:::::Mo::::::::::////++++yM+++ooNM $$$$$$$\            $$\                                                                 
14:52:17.067 [botPool0-bot1] INFO  org.pircbotx.InputParser - :irc.glados.tv 372 bennerbot :-   +N:::::Mo::::::::::///+++++yM++oooNM $$$$$$$\            $$\                           
14:52:17.068 [botPool0-bot1] INFO  org.pircbotx.InputParser - :irc.glados.tv 372 bennerbot :-   +N:::::Mo:::::::::://++++++yM+ooooNM $$  __$$\           $$ |                         
14:52:17.069 [botPool0-bot1] INFO  org.pircbotx.InputParser - :irc.glados.tv 372 bennerbot :-   +N:::::Mo:::::::::://++++++yMoooooNM $$ |  $$ | $$$$$$\  $$ | $$$$$$\  $$\   $$\          
14:52:17.069 [botPool0-bot1] INFO  org.pircbotx.InputParser - :irc.glados.tv 372 bennerbot :-   +N:::::Mo::::::::://+++++++yMoooooNM $$$$$$$  |$$  __$$\ $$ | \____$$\ $$ |  $$ |        
14:52:17.070 [botPool0-bot1] INFO  org.pircbotx.InputParser - :irc.glados.tv 372 bennerbot :-   +N/::::Mo:::::::::/++++++++yMoosyhMM $$  __$$< $$$$$$$$ |$$ | $$$$$$$ |$$ |  $$ |      
14:52:17.071 [botPool0-bot1] INFO  org.pircbotx.InputParser - :irc.glados.tv 372 bennerbot :-   +Mho//:Mo:::::::::/+++++++oyMhdNMMMM $$ |  $$ |$$   ____|$$ |$$  __$$ |$$ |  $$ |       
14:52:17.071 [botPool0-bot1] INFO  org.pircbotx.InputParser - :irc.glados.tv 372 bennerbot :-   +MMMMNhMy+/:::::::/++++oshmNMMMMMMMM $$ |  $$ |\$$$$$$$\ $$ |\$$$$$$$ |\$$$$$$$ |       
14:52:17.072 [botPool0-bot1] INFO  org.pircbotx.InputParser - :irc.glados.tv 372 bennerbot :-   +MMMMMMMhyddhs+/::/+oydmmhyhMMMMMMMM \__|  \__| \_______|\__| \_______| \____$$ |             -Community Driven
14:52:17.072 [botPool0-bot1] INFO  org.pircbotx.InputParser - :irc.glados.tv 372 bennerbot :-   +MMMMMMMo::/+shhhhddmdyo+ooyMMMMMMMM                                   $$\   $$ |      
14:52:17.074 [botPool0-bot1] INFO  org.pircbotx.InputParser - :irc.glados.tv 372 bennerbot :-   +MMMMMMMo:::::::/dNd+++++ooyMMMMMMMM                                   \$$$$$$  |  
14:52:17.075 [botPool0-bot1] INFO  org.pircbotx.InputParser - :irc.glados.tv 372 bennerbot :-   +MMMMMMMs::::::::hNh++++oooyMMMMMMMM                                    \______/  
14:52:17.075 [botPool0-bot1] INFO  org.pircbotx.InputParser - :irc.glados.tv 372 bennerbot :-   +MMMMMMMNdso//:::hNh++oosydNMMMMMMMM
14:52:17.076 [botPool0-bot1] INFO  org.pircbotx.InputParser - :irc.glados.tv 372 bennerbot :-   +MMMMMMMMMMMmdyo/dNh+shmNMMMMMMMMMMM
14:52:17.077 [botPool0-bot1] INFO  org.pircbotx.InputParser - :irc.glados.tv 372 bennerbot :-   +MMMMMMMMMMMMMMMNMMMNMMMMMMMMMMMMMMM
14:52:17.078 [botPool0-bot1] INFO  org.pircbotx.InputParser - :irc.glados.tv 372 bennerbot :-   
14:52:17.078 [botPool0-bot1] INFO  org.pircbotx.InputParser - :irc.glados.tv 372 bennerbot :-   Join #help for problems/assistance. To join channels, use the lowercase version of the channel name (ex. Danbopes => #danbopes)
14:52:17.079 [botPool0-bot1] INFO  org.pircbotx.InputParser - :irc.glados.tv 372 bennerbot :-   
14:52:17.079 [botPool0-bot1] INFO  org.pircbotx.InputParser - :irc.glados.tv 376 bennerbot :End of MOTD command
14:52:17.080 [botPool0-bot1] INFO  org.pircbotx.InputParser - :irc.glados.tv 251 bennerbot :There are 154 users and 0 services on 1 servers
14:52:17.081 [botPool0-bot1] INFO  org.pircbotx.InputParser - :irc.glados.tv 252 bennerbot 0 :operator(s) online
14:52:17.081 [botPool0-bot1] INFO  org.pircbotx.InputParser - :irc.glados.tv 253 bennerbot 9 :unknown connection(s)
14:52:17.082 [botPool0-bot1] INFO  org.pircbotx.InputParser - :irc.glados.tv 254 bennerbot 1 :channels formed
14:52:17.082 [botPool0-bot1] INFO  org.pircbotx.InputParser - :irc.glados.tv 255 bennerbot :I have 154 clients and 1 servers
14:52:17.082 [botPool0-bot1] INFO  org.pircbotx.InputParser - :irc.glados.tv 404 bennerbot #jdbener :Cannot send to channel
14:52:17.852 [botPool0-bot0] INFO  org.pircbotx.output.OutputRaw - JOIN #biogenx2b 
14:52:17.852 [botPool0-bot0] INFO  org.pircbotx.InputParser - :tmi.twitch.tv 002 bennerbot :Your host is tmi.twitch.tv
14:52:17.853 [botPool0-bot0] INFO  org.pircbotx.InputParser - :tmi.twitch.tv 003 bennerbot :This server is rather new
14:52:17.855 [botPool0-bot0] INFO  org.pircbotx.InputParser - :tmi.twitch.tv 004 bennerbot :-
14:52:17.855 [botPool0-bot0] ERROR org.pircbotx.PircBotX - Exception encountered when parsing line
java.lang.IndexOutOfBoundsException: Index: 1, Size: 1
	at java.util.ArrayList.rangeCheck(Unknown Source) ~[na:1.7.0_45]
	at java.util.ArrayList.get(Unknown Source) ~[na:1.7.0_45]
	at org.pircbotx.ServerInfo.parse004(ServerInfo.java:113) ~[pircbotx-2.0.1.jar:na]
	at org.pircbotx.ServerInfo.parse(ServerInfo.java:106) ~[pircbotx-2.0.1.jar:na]
	at org.pircbotx.InputParser.processServerResponse(InputParser.java:709) ~[pircbotx-2.0.1.jar:na]
	at org.pircbotx.InputParser.handleLine(InputParser.java:323) ~[pircbotx-2.0.1.jar:na]
	at org.pircbotx.PircBotX.startLineProcessing(PircBotX.java:275) [pircbotx-2.0.1.jar:na]
	at org.pircbotx.PircBotX.connect(PircBotX.java:236) [pircbotx-2.0.1.jar:na]
	at org.pircbotx.MultiBotManager$BotRunner.call(MultiBotManager.java:219) [pircbotx-2.0.1.jar:na]
	at org.pircbotx.MultiBotManager$BotRunner.call(MultiBotManager.java:212) [pircbotx-2.0.1.jar:na]
	at java.util.concurrent.FutureTask.run(Unknown Source) [na:1.7.0_45]
	at java.util.concurrent.ThreadPoolExecutor.runWorker(Unknown Source) [na:1.7.0_45]
	at java.util.concurrent.ThreadPoolExecutor$Worker.run(Unknown Source) [na:1.7.0_45]
	at java.lang.Thread.run(Unknown Source) [na:1.7.0_45]
14:52:17.855 [botPool0-bot0] INFO  org.pircbotx.InputParser - :tmi.twitch.tv 375 bennerbot :-
14:52:17.855 [botPool0-bot0] INFO  org.pircbotx.InputParser - :tmi.twitch.tv 372 bennerbot :You are in a maze of twisty passages, all alike.
14:52:17.856 [botPool0-bot0] INFO  org.pircbotx.InputParser - :tmi.twitch.tv 376 bennerbot :>
14:52:17.857 [botPool0-bot0] INFO  org.pircbotx.InputParser - :jtv!jtv@jtv.tmi.twitch.tv PRIVMSG bennerbot :USERCOLOR bennerbot #FF0000
14:52:17.859 [botPool0-bot0] INFO  org.pircbotx.InputParser - :jtv!jtv@jtv.tmi.twitch.tv PRIVMSG bennerbot :Your color has been changed
14:52:17.859 [botPool0-bot0] INFO  org.pircbotx.InputParser - :jtv!jtv@jtv.tmi.twitch.tv PRIVMSG bennerbot :USERCOLOR bennerbot #FF0000
14:52:17.859 [botPool0-bot0] INFO  org.pircbotx.InputParser - :jtv!jtv@jtv.tmi.twitch.tv PRIVMSG bennerbot :Your color has been changed
14:52:17.921 [botPool0-bot0] INFO  org.pircbotx.InputParser - :bennerbot!bennerbot@bennerbot.tmi.twitch.tv JOIN #biogenx2b
14:52:18.046 [listenerPool1-thread6] INFO  org.pircbotx.output.OutputRaw - PRIVMSG #jdbener :/color #ff0000
14:52:18.853 [botPool0-bot0] INFO  org.pircbotx.output.OutputRaw - WHO #biogenx2b
14:52:19.050 [botPool0-bot1] INFO  org.pircbotx.InputParser - :bennerbot!BennerBot@ip.bennerbot.chat.hitbox.tv JOIN #jdbener
14:52:19.050 [botPool0-bot1] INFO  org.pircbotx.output.OutputRaw - WHO #jdbener
14:52:19.854 [botPool0-bot0] INFO  org.pircbotx.output.OutputRaw - MODE #biogenx2b
14:52:19.858 [botPool0-bot0] INFO  org.pircbotx.InputParser - :bennerbot.tmi.twitch.tv 353 bennerbot = #biogenx2b :bennerbot
14:52:19.858 [botPool0-bot0] INFO  org.pircbotx.InputParser - :bennerbot.tmi.twitch.tv 366 bennerbot #biogenx2b :End of /NAMES list
14:52:19.859 [botPool0-bot0] INFO  org.pircbotx.InputParser - :jtv!jtv@jtv.tmi.twitch.tv PRIVMSG bennerbot :USERCOLOR bennerbot #FF0000
14:52:19.859 [botPool0-bot0] INFO  org.pircbotx.InputParser - :jtv!jtv@jtv.tmi.twitch.tv PRIVMSG bennerbot :HISTORYEND biogenx2b
14:52:19.859 [botPool0-bot0] INFO  org.pircbotx.InputParser - :tmi.twitch.tv 421 bennerbot WHO :Unknown command
14:52:20.051 [botPool0-bot1] INFO  org.pircbotx.output.OutputRaw - MODE #jdbener
14:52:20.051 [botPool0-bot1] INFO  org.pircbotx.InputParser - :irc.glados.tv 332 bennerbot #jdbener :test
14:52:20.052 [botPool0-bot1] INFO  org.pircbotx.InputParser - :irc.glados.tv 353 bennerbot = #jdbener :bennerbot @Jdbener
14:52:20.052 [botPool0-bot1] INFO  org.pircbotx.InputParser - :irc.glados.tv 366 bennerbot #jdbener :End of NAMES list
14:52:20.052 [botPool0-bot1] INFO  org.pircbotx.InputParser - :irc.glados.tv 315 bennerbot #jdbener :End of /WHO list.
14:52:20.246 [botPool0-bot1] INFO  org.pircbotx.InputParser - :irc.glados.tv 324 bennerbot #jdbener +
14:52:28.168 [botPool0-bot0] INFO  org.pircbotx.InputParser - :jdbener!jdbener@jdbener.tmi.twitch.tv PRIVMSG #biogenx2b :http://twitch.tv
14:52:28.170 [listenerPool0-thread6] INFO  org.pircbotx.output.OutputRaw - PRIVMSG #jdbener :Jdbener: http://twitch.tv
14:53:05.901 [bot2-shutdownhook] INFO  org.pircbotx.output.OutputRaw - QUIT :
14:53:05.916 [bot2-shutdownhook] INFO  org.pircbotx.output.OutputRaw - QUIT :
14:53:05.928 [bot2-shutdownhook] INFO  org.pircbotx.dcc.DccHandler - Terminating all transfers waiting to be accepted
14:53:05.928 [botPool0-bot1] INFO  org.pircbotx.PircBotX - Shutdown has been called, closing InputParser
14:53:05.929 [bot2-shutdownhook] DEBUG org.pircbotx.PircBotX - Disconnected.
14:53:05.929 [bot2-shutdownhook] DEBUG o.p.h.m.ThreadedListenerManager - Waiting for listener me.jdbener.apis.hitbox.HitboxFollowerHandeler@624e2184 to execute event DisconnectEvent(daoSnapshot=org.pircbotx.snapshot.UserChannelDaoSnapshot@4351451d, disconnectException=null)
14:53:05.929 [botPool0-bot1] DEBUG o.p.MultiBotManager$BotFutureCallback - Bot #1 finished
14:53:05.931 [bot2-shutdownhook] INFO  org.pircbotx.dcc.DccHandler - Terminating all transfers waiting to be accepted
14:53:05.931 [botPool0-bot0] INFO  org.pircbotx.PircBotX - Shutdown has been called, closing InputParser
14:53:05.931 [botPool0-bot0] DEBUG o.p.MultiBotManager$BotFutureCallback - Bot #0 finished
14:53:05.931 [bot2-shutdownhook] DEBUG org.pircbotx.PircBotX - Disconnected.
14:53:05.931 [bot2-shutdownhook] DEBUG o.p.h.m.ThreadedListenerManager - Waiting for listener me.jdbener.apis.twitch.TwitchStatusGameUpdater@3015a293 to execute event DisconnectEvent(daoSnapshot=org.pircbotx.snapshot.UserChannelDaoSnapshot@50218c57, disconnectException=null)
14:53:05.931 [bot2-shutdownhook] DEBUG o.p.h.m.ThreadedListenerManager - Waiting for listener me.jdbener.utilities.BotJoinHandeler@2e4e3801 to execute event DisconnectEvent(daoSnapshot=org.pircbotx.snapshot.UserChannelDaoSnapshot@50218c57, disconnectException=null)
