11:21:04.324 [main] INFO  me.jdbener.Bennerbot - Begining plugin loading
11:21:04.418 [main] INFO  me.jdbener.Bennerbot - Finished looking for plugins in: plugins
11:21:04.420 [main] INFO  me.jdbener.Bennerbot - Finished looking for plugins in: plugins/BasicCommands
11:21:04.422 [main] INFO  me.jdbener.Bennerbot - Finished looking for plugins in: plugins/dissabled
11:21:04.424 [main] INFO  me.jdbener.Bennerbot - Beggining pluging loading sequence
11:21:04.424 [main] INFO  me.jdbener.Bennerbot - Finished pluging loading sequence
11:21:04.424 [main] INFO  me.jdbener.Bennerbot - Proceading with BennerBot initiation sequence
11:21:05.615 [main] INFO  me.jdbener.Bennerbot - Successfully initiated follower notifications
11:21:05.617 [main] INFO  me.jdbener.Bennerbot - Successfully initiated twitch api connections
11:21:05.828 [main] DEBUG org.pircbotx.MultiBotManager - Not started yet, add to queue
11:21:05.828 [main] DEBUG org.pircbotx.MultiBotManager - Not started yet, add to queue
11:21:05.832 [botPool0-bot0] DEBUG org.pircbotx.PircBotX - Trying address irc.twitch.tv/199.9.250.229
11:21:05.838 [botPool0-bot1] DEBUG org.pircbotx.PircBotX - Trying address irc.glados.tv/192.99.100.37
11:21:05.841 [main] INFO  me.jdbener.Bennerbot - Started Loading the GUI
11:21:05.860 [botPool0-bot0] INFO  org.pircbotx.PircBotX - Connected to server.
11:21:05.868 [botPool0-bot0] INFO  org.pircbotx.output.OutputRaw - PASS oauth:hrr2wpqq0knt6sb0spzd3d1mugpdezf
11:21:05.868 [botPool0-bot0] INFO  org.pircbotx.output.OutputRaw - NICK BennerBot
11:21:05.868 [botPool0-bot0] INFO  org.pircbotx.output.OutputRaw - USER BennerBot 8 * :PircBotX 2.0.1, a fork of PircBot, the Java IRC bot - pircbotx.googlecode.com
11:21:05.928 [botPool0-bot0] INFO  org.pircbotx.InputParser - :tmi.twitch.tv 001 bennerbot :Welcome, GLHF!
11:21:05.941 [botPool0-bot0] DEBUG org.pircbotx.InputParser - Logged onto server.
11:21:05.954 [botPool0-bot1] INFO  org.pircbotx.PircBotX - Connected to server.
11:21:05.956 [botPool0-bot1] INFO  org.pircbotx.output.OutputRaw - PASS bennerbot
11:21:05.956 [botPool0-bot1] INFO  org.pircbotx.output.OutputRaw - NICK bennerbot
11:21:05.956 [botPool0-bot1] INFO  org.pircbotx.output.OutputRaw - USER BennerBot 8 * :PircBotX 2.0.1, a fork of PircBot, the Java IRC bot - pircbotx.googlecode.com
11:21:06.869 [listenerPool0-thread5] INFO  org.pircbotx.output.OutputRaw - PRIVMSG #pinkandorangeandgold :/color #ff0000
11:21:06.957 [listenerPool0-thread5] INFO  org.pircbotx.output.OutputRaw - PRIVMSG #pinkandorangeandgold :/color #ff0000
11:21:07.539 [botPool0-bot1] INFO  org.pircbotx.InputParser - :irc.glados.tv 001 bennerbot :Welcome to the hitbox-tv IRC Network bennerbot!BennerBot@ip.bennerbot.chat.hitbox.tv (Connection ID: 3d328e37-b039-49ef-9d86-517d003ebb3c)
11:21:07.539 [botPool0-bot1] DEBUG org.pircbotx.InputParser - Logged onto server.
11:21:07.870 [listenerPool1-thread4] INFO  org.pircbotx.output.OutputRaw - PRIVMSG #pinkandorangeandgold :/color #ff0000
11:21:07.958 [listenerPool1-thread4] INFO  org.pircbotx.output.OutputRaw - PRIVMSG #pinkandorangeandgold :/color #ff0000
11:21:08.871 [botPool0-bot0] INFO  org.pircbotx.output.OutputRaw - JOIN #pinkandorangeandgold 
11:21:08.871 [botPool0-bot0] INFO  org.pircbotx.InputParser - :tmi.twitch.tv 002 bennerbot :Your host is tmi.twitch.tv
11:21:08.872 [botPool0-bot0] INFO  org.pircbotx.InputParser - :tmi.twitch.tv 003 bennerbot :This server is rather new
11:21:08.872 [botPool0-bot0] INFO  org.pircbotx.InputParser - :tmi.twitch.tv 004 bennerbot :-
11:21:08.878 [botPool0-bot0] ERROR org.pircbotx.PircBotX - Exception encountered when parsing line
java.lang.IndexOutOfBoundsException: Index: 1, Size: 1
	at java.util.ArrayList.rangeCheck(Unknown Source) ~[na:1.7.0_45]
	at java.util.ArrayList.get(Unknown Source) ~[na:1.7.0_45]
	at org.pircbotx.ServerInfo.parse004(ServerInfo.java:113) ~[pircbotx-2.0.1.jar:na]
	at org.pircbotx.ServerInfo.parse(ServerInfo.java:106) ~[pircbotx-2.0.1.jar:na]
	at org.pircbotx.InputParser.processServerResponse(InputParser.java:709) ~[pircbotx-2.0.1.jar:na]
	at org.pircbotx.InputParser.handleLine(InputParser.java:323) ~[pircbotx-2.0.1.jar:na]
	at org.pircbotx.PircBotX.startLineProcessing(PircBotX.java:275) [pircbotx-2.0.1.jar:na]
	at org.pircbotx.PircBotX.connect(PircBotX.java:236) [pircbotx-2.0.1.jar:na]
	at org.pircbotx.MultiBotManager$BotRunner.call(MultiBotManager.java:219) [pircbotx-2.0.1.jar:na]
	at org.pircbotx.MultiBotManager$BotRunner.call(MultiBotManager.java:212) [pircbotx-2.0.1.jar:na]
	at java.util.concurrent.FutureTask.run(Unknown Source) [na:1.7.0_45]
	at java.util.concurrent.ThreadPoolExecutor.runWorker(Unknown Source) [na:1.7.0_45]
	at java.util.concurrent.ThreadPoolExecutor$Worker.run(Unknown Source) [na:1.7.0_45]
	at java.lang.Thread.run(Unknown Source) [na:1.7.0_45]
11:21:08.879 [botPool0-bot0] INFO  org.pircbotx.InputParser - :tmi.twitch.tv 375 bennerbot :-
11:21:08.879 [botPool0-bot0] INFO  org.pircbotx.InputParser - :tmi.twitch.tv 372 bennerbot :You are in a maze of twisty passages, all alike.
11:21:08.879 [botPool0-bot0] INFO  org.pircbotx.InputParser - :tmi.twitch.tv 376 bennerbot :>
11:21:08.880 [botPool0-bot0] INFO  org.pircbotx.InputParser - :jtv!jtv@jtv.tmi.twitch.tv PRIVMSG bennerbot :USERCOLOR bennerbot #FF0000
11:21:08.883 [botPool0-bot0] INFO  org.pircbotx.InputParser - :jtv!jtv@jtv.tmi.twitch.tv PRIVMSG bennerbot :Your color has been changed
11:21:08.883 [botPool0-bot0] INFO  org.pircbotx.InputParser - :jtv!jtv@jtv.tmi.twitch.tv PRIVMSG bennerbot :USERCOLOR bennerbot #FF0000
11:21:08.884 [botPool0-bot0] INFO  org.pircbotx.InputParser - :jtv!jtv@jtv.tmi.twitch.tv PRIVMSG bennerbot :Your color has been changed
11:21:08.959 [botPool0-bot1] INFO  org.pircbotx.output.OutputRaw - JOIN #pinkandorangeandgold 
11:21:08.959 [botPool0-bot1] INFO  org.pircbotx.InputParser - :irc.glados.tv 002 bennerbot :Your host is irc.glados.tv, running version IrcD.Net, Version=0.3.5351.28745, Culture=neutral, PublicKeyToken=null
11:21:08.960 [botPool0-bot1] INFO  org.pircbotx.InputParser - :irc.glados.tv 003 bennerbot :This server was created 11/13/2014 6:08:51 AM
11:21:08.961 [botPool0-bot1] INFO  org.pircbotx.InputParser - :irc.glados.tv 004 bennerbot :irc.glados.tv ircD.Net.0.3.5351.28745 Oiorwx ahovITbceiklmnpst
11:21:08.961 [botPool0-bot1] ERROR org.pircbotx.PircBotX - Exception encountered when parsing line
java.lang.IndexOutOfBoundsException: Index: 1, Size: 1
	at java.util.ArrayList.rangeCheck(Unknown Source) ~[na:1.7.0_45]
	at java.util.ArrayList.get(Unknown Source) ~[na:1.7.0_45]
	at org.pircbotx.ServerInfo.parse004(ServerInfo.java:113) ~[pircbotx-2.0.1.jar:na]
	at org.pircbotx.ServerInfo.parse(ServerInfo.java:106) ~[pircbotx-2.0.1.jar:na]
	at org.pircbotx.InputParser.processServerResponse(InputParser.java:709) ~[pircbotx-2.0.1.jar:na]
	at org.pircbotx.InputParser.handleLine(InputParser.java:323) ~[pircbotx-2.0.1.jar:na]
	at org.pircbotx.PircBotX.startLineProcessing(PircBotX.java:275) [pircbotx-2.0.1.jar:na]
	at org.pircbotx.PircBotX.connect(PircBotX.java:236) [pircbotx-2.0.1.jar:na]
	at org.pircbotx.MultiBotManager$BotRunner.call(MultiBotManager.java:219) [pircbotx-2.0.1.jar:na]
	at org.pircbotx.MultiBotManager$BotRunner.call(MultiBotManager.java:212) [pircbotx-2.0.1.jar:na]
	at java.util.concurrent.FutureTask.run(Unknown Source) [na:1.7.0_45]
	at java.util.concurrent.ThreadPoolExecutor.runWorker(Unknown Source) [na:1.7.0_45]
	at java.util.concurrent.ThreadPoolExecutor$Worker.run(Unknown Source) [na:1.7.0_45]
	at java.lang.Thread.run(Unknown Source) [na:1.7.0_45]
11:21:08.961 [botPool0-bot1] INFO  org.pircbotx.InputParser - :irc.glados.tv 005 bennerbot STD=draft03 PREFIX=(aohv)&@%+ CHANMODES=Ibe,k,l,Tcimnpst CHANTYPES=# CHANLIMIT=#:10 INEVEX=I EXCEPTS=e NETWORK=hitbox-tv CASEMAPPING=ascii CHANNELLEN=40 NICKLEN=32 MAXNICKLEN=32 TOPICLEN=300 KICKLEN=300 AWAYLEN=300 KNOCK LANGUAGE=5,af,sq,am,ar,hy,az,eu,be,bn,bh,bg,my,ca,chr,zh,zh-CN,zh-TW,hr,cs,da,dv,nl,en,eo,et,tl,fi,fr,gl,ka,de,el,gn,gu,iw,hi,hu,is,id,iu,it,ja,kn,kk,km,ko,ku,ky,lo,lv,lt,mk,ms,ml,mt,mr,mn,ne,no,or,ps,fa,pl,pt-PT,pa,ro,ru,sa,sr,sd :are supported by this server
11:21:08.962 [botPool0-bot1] INFO  org.pircbotx.InputParser - :irc.glados.tv 005 bennerbot LANGUAGE=5,si,sk,sl,es,sw,sv,tg,ta,te,th,bo,tr,uk,ur,uz,ug,vi SILENCE=25 RFC2812 :are supported by this server
11:21:08.962 [botPool0-bot1] INFO  org.pircbotx.InputParser - :irc.glados.tv 375 bennerbot :- irc.glados.tv Message of the day -
11:21:08.963 [botPool0-bot1] INFO  org.pircbotx.InputParser - :irc.glados.tv 372 bennerbot :-   +MMMMMMMMMMMMmdho+oddmNMMMMMMMMMMMMM $$\   $$\ $$\   $$\     $$\                                 $$$$$$\ $$$$$$$\   $$$$$$\  
11:21:08.963 [botPool0-bot1] INFO  org.pircbotx.InputParser - :irc.glados.tv 372 bennerbot :-   +MMMMMMMMNdoo/::-:///+osymNMMMMMMMMM $$ |  $$ |\__|  $$ |    $$ |                                \_$$  _|$$  __$$\ $$  __$$\ 
11:21:08.964 [botPool0-bot1] INFO  org.pircbotx.InputParser - :irc.glados.tv 372 bennerbot :-   +MMMMMMMMh::-----:////////dMMMMMMMMM $$ |  $$ |$$\ $$$$$$\   $$$$$$$\   $$$$$$\  $$\   $$\         $$ |  $$ |  $$ |$$ /  \__|
11:21:08.964 [botPool0-bot1] INFO  org.pircbotx.InputParser - :irc.glados.tv 372 bennerbot :-   +MMMMMMMMh:::----:////////dMMMMMMMMM $$$$$$$$ |$$ |\_$$  _|  $$  __$$\ $$  __$$\ \$$\ $$  |        $$ |  $$$$$$$  |$$ |     
11:21:08.965 [botPool0-bot1] INFO  org.pircbotx.InputParser - :irc.glados.tv 372 bennerbot :-   +MMMMMMMMh:::----:////////dMMMMMMMMM $$  __$$ |$$ |  $$ |    $$ |  $$ |$$ /  $$ | \$$$$  /         $$ |  $$  __$$< $$ |      
11:21:08.965 [botPool0-bot1] INFO  org.pircbotx.InputParser - :irc.glados.tv 372 bennerbot :-   +MMMMMMMMh::::---:////////dMMMMMMMMM $$ |  $$ |$$ |  $$ |$$\ $$ |  $$ |$$ |  $$ | $$  $$<          $$ |  $$ |  $$ |$$ |  $$\ 
11:21:08.966 [botPool0-bot1] INFO  org.pircbotx.InputParser - :irc.glados.tv 372 bennerbot :-   +MMMMMMMMh:::://++oo++++/+dMMMMMMMMM $$ |  $$ |$$ |  \$$$$  |$$$$$$$  |\$$$$$$  |$$  /\$$\       $$$$$$\ $$ |  $$ |\$$$$$$  |
11:21:08.966 [botPool0-bot1] INFO  org.pircbotx.InputParser - :irc.glados.tv 372 bennerbot :-   +MMMMMMMMmhmmdddddddddmmmmNMMMMMMMMM \__|  \__|\__|   \____/ \_______/  \______/ \__/  \__|      \______|\__|  \__| \______/ 
11:21:08.967 [botPool0-bot1] INFO  org.pircbotx.InputParser - :irc.glados.tv 372 bennerbot :-   +NyssssMyo+///:::::/+++oosyhMyyyhhMM
11:21:08.968 [botPool0-bot1] INFO  org.pircbotx.InputParser - :irc.glados.tv 372 bennerbot :-   +N:::::Mo::::::::::////++++yM+++ooNM $$$$$$$\            $$\                                                                 
11:21:08.969 [botPool0-bot1] INFO  org.pircbotx.InputParser - :irc.glados.tv 372 bennerbot :-   +N:::::Mo::::::::::///+++++yM++oooNM $$$$$$$\            $$\                           
11:21:08.969 [botPool0-bot1] INFO  org.pircbotx.InputParser - :irc.glados.tv 372 bennerbot :-   +N:::::Mo:::::::::://++++++yM+ooooNM $$  __$$\           $$ |                         
11:21:08.970 [botPool0-bot1] INFO  org.pircbotx.InputParser - :irc.glados.tv 372 bennerbot :-   +N:::::Mo:::::::::://++++++yMoooooNM $$ |  $$ | $$$$$$\  $$ | $$$$$$\  $$\   $$\          
11:21:08.970 [botPool0-bot1] INFO  org.pircbotx.InputParser - :irc.glados.tv 372 bennerbot :-   +N:::::Mo::::::::://+++++++yMoooooNM $$$$$$$  |$$  __$$\ $$ | \____$$\ $$ |  $$ |        
11:21:08.971 [botPool0-bot1] INFO  org.pircbotx.InputParser - :irc.glados.tv 372 bennerbot :-   +N/::::Mo:::::::::/++++++++yMoosyhMM $$  __$$< $$$$$$$$ |$$ | $$$$$$$ |$$ |  $$ |      
11:21:08.972 [botPool0-bot1] INFO  org.pircbotx.InputParser - :irc.glados.tv 372 bennerbot :-   +Mho//:Mo:::::::::/+++++++oyMhdNMMMM $$ |  $$ |$$   ____|$$ |$$  __$$ |$$ |  $$ |       
11:21:08.973 [botPool0-bot1] INFO  org.pircbotx.InputParser - :irc.glados.tv 372 bennerbot :-   +MMMMNhMy+/:::::::/++++oshmNMMMMMMMM $$ |  $$ |\$$$$$$$\ $$ |\$$$$$$$ |\$$$$$$$ |       
11:21:08.973 [botPool0-bot1] INFO  org.pircbotx.InputParser - :irc.glados.tv 372 bennerbot :-   +MMMMMMMhyddhs+/::/+oydmmhyhMMMMMMMM \__|  \__| \_______|\__| \_______| \____$$ |             -Community Driven
11:21:08.974 [botPool0-bot1] INFO  org.pircbotx.InputParser - :irc.glados.tv 372 bennerbot :-   +MMMMMMMo::/+shhhhddmdyo+ooyMMMMMMMM                                   $$\   $$ |      
11:21:08.975 [botPool0-bot1] INFO  org.pircbotx.InputParser - :irc.glados.tv 372 bennerbot :-   +MMMMMMMo:::::::/dNd+++++ooyMMMMMMMM                                   \$$$$$$  |  
11:21:08.975 [botPool0-bot1] INFO  org.pircbotx.InputParser - :irc.glados.tv 372 bennerbot :-   +MMMMMMMs::::::::hNh++++oooyMMMMMMMM                                    \______/  
11:21:08.976 [botPool0-bot1] INFO  org.pircbotx.InputParser - :irc.glados.tv 372 bennerbot :-   +MMMMMMMNdso//:::hNh++oosydNMMMMMMMM
11:21:08.976 [botPool0-bot1] INFO  org.pircbotx.InputParser - :irc.glados.tv 372 bennerbot :-   +MMMMMMMMMMMmdyo/dNh+shmNMMMMMMMMMMM
11:21:08.977 [botPool0-bot1] INFO  org.pircbotx.InputParser - :irc.glados.tv 372 bennerbot :-   +MMMMMMMMMMMMMMMNMMMNMMMMMMMMMMMMMMM
11:21:08.977 [botPool0-bot1] INFO  org.pircbotx.InputParser - :irc.glados.tv 372 bennerbot :-   
11:21:08.977 [botPool0-bot1] INFO  org.pircbotx.InputParser - :irc.glados.tv 372 bennerbot :-   Join #help for problems/assistance. To join channels, use the lowercase version of the channel name (ex. Danbopes => #danbopes)
11:21:08.978 [botPool0-bot1] INFO  org.pircbotx.InputParser - :irc.glados.tv 372 bennerbot :-   
11:21:08.978 [botPool0-bot1] INFO  org.pircbotx.InputParser - :irc.glados.tv 376 bennerbot :End of MOTD command
11:21:08.979 [botPool0-bot1] INFO  org.pircbotx.InputParser - :irc.glados.tv 251 bennerbot :There are 160 users and 0 services on 1 servers
11:21:08.979 [botPool0-bot1] INFO  org.pircbotx.InputParser - :irc.glados.tv 252 bennerbot 0 :operator(s) online
11:21:08.981 [botPool0-bot1] INFO  org.pircbotx.InputParser - :irc.glados.tv 253 bennerbot 13 :unknown connection(s)
11:21:08.981 [botPool0-bot1] INFO  org.pircbotx.InputParser - :irc.glados.tv 254 bennerbot 1 :channels formed
11:21:08.982 [botPool0-bot1] INFO  org.pircbotx.InputParser - :irc.glados.tv 255 bennerbot :I have 160 clients and 1 servers
11:21:08.982 [botPool0-bot1] INFO  org.pircbotx.InputParser - :irc.glados.tv 404 bennerbot #pinkandorangeandgold :Cannot send to channel
11:21:08.983 [botPool0-bot1] INFO  org.pircbotx.InputParser - :irc.glados.tv 404 bennerbot #pinkandorangeandgold :Cannot send to channel
11:21:08.997 [botPool0-bot0] INFO  org.pircbotx.InputParser - :bennerbot!bennerbot@bennerbot.tmi.twitch.tv JOIN #pinkandorangeandgold
11:21:09.872 [botPool0-bot0] INFO  org.pircbotx.output.OutputRaw - WHO #pinkandorangeandgold
11:21:10.873 [botPool0-bot0] INFO  org.pircbotx.output.OutputRaw - MODE #pinkandorangeandgold
11:21:10.876 [botPool0-bot0] INFO  org.pircbotx.InputParser - :bennerbot.tmi.twitch.tv 353 bennerbot = #pinkandorangeandgold :bennerbot
11:21:10.876 [botPool0-bot0] INFO  org.pircbotx.InputParser - :bennerbot.tmi.twitch.tv 366 bennerbot #pinkandorangeandgold :End of /NAMES list
11:21:10.877 [botPool0-bot0] INFO  org.pircbotx.InputParser - :jtv!jtv@jtv.tmi.twitch.tv PRIVMSG bennerbot :USERCOLOR bennerbot #FF0000
11:21:10.877 [botPool0-bot0] INFO  org.pircbotx.InputParser - :jtv!jtv@jtv.tmi.twitch.tv PRIVMSG bennerbot :HISTORYEND pinkandorangeandgold
11:21:10.877 [botPool0-bot0] INFO  org.pircbotx.InputParser - :jtv!jtv@jtv.tmi.twitch.tv PRIVMSG bennerbot :HOSTTARGET kahmul78 -
11:21:10.877 [botPool0-bot0] INFO  org.pircbotx.InputParser - :jtv!jtv@jtv.tmi.twitch.tv PRIVMSG bennerbot :Now hosting kahmul78.
11:21:10.878 [botPool0-bot0] INFO  org.pircbotx.InputParser - :tmi.twitch.tv 421 bennerbot WHO :Unknown command
11:21:12.835 [botPool0-bot1] INFO  org.pircbotx.InputParser - :bennerbot!BennerBot@ip.bennerbot.chat.hitbox.tv JOIN #pinkandorangeandgold
11:21:12.835 [botPool0-bot1] INFO  org.pircbotx.output.OutputRaw - WHO #pinkandorangeandgold
11:21:13.836 [botPool0-bot1] INFO  org.pircbotx.output.OutputRaw - MODE #pinkandorangeandgold
11:21:13.836 [botPool0-bot1] INFO  org.pircbotx.InputParser - :irc.glados.tv 332 bennerbot #pinkandorangeandgold :[Speedrun] All Bosses - Magic
11:21:13.837 [botPool0-bot1] INFO  org.pircbotx.InputParser - :irc.glados.tv 353 bennerbot = #pinkandorangeandgold :bennerbot @PinkAndOrangeAndGold Jdbener
11:21:13.837 [botPool0-bot1] INFO  org.pircbotx.InputParser - :irc.glados.tv 366 bennerbot #pinkandorangeandgold :End of NAMES list
11:21:13.837 [botPool0-bot1] INFO  org.pircbotx.InputParser - :irc.glados.tv 315 bennerbot #pinkandorangeandgold :End of /WHO list.
11:21:14.058 [botPool0-bot1] INFO  org.pircbotx.InputParser - :irc.glados.tv 324 bennerbot #pinkandorangeandgold +
11:21:15.595 [botPool0-bot0] INFO  org.pircbotx.InputParser - :jdbener!jdbener@jdbener.tmi.twitch.tv PRIVMSG #pinkandorangeandgold :Kappa
11:21:15.595 [listenerPool0-thread10] INFO  org.pircbotx.output.OutputRaw - PRIVMSG #pinkandorangeandgold :Jdbener: Kappa
11:21:21.977 [botPool0-bot0] INFO  org.pircbotx.InputParser - :jdbener!jdbener@jdbener.tmi.twitch.tv PRIVMSG #pinkandorangeandgold :!game
11:21:21.977 [listenerPool0-thread9] INFO  org.pircbotx.output.OutputRaw - PRIVMSG #pinkandorangeandgold :!game
11:21:21.977 [listenerPool0-thread14] INFO  org.pircbotx.output.OutputRaw - PRIVMSG #pinkandorangeandgold :Jdbener has just tried to use a command they dont have permision to
11:21:22.978 [listenerPool0-thread10] INFO  org.pircbotx.output.OutputRaw - PRIVMSG #pinkandorangeandgold :Jdbener has just tried to use a command they dont have permision to
11:21:25.116 [listenerPool0-thread14] INFO  org.pircbotx.output.OutputRaw - PRIVMSG #pinkandorangeandgold :Jdbener you have: 1 warnings left!
11:21:25.116 [listenerPool0-thread14] INFO  org.pircbotx.output.OutputRaw - PRIVMSG #pinkandorangeandgold :Jdbener you have: 1 warnings left!
11:21:26.117 [listenerPool0-thread10] INFO  org.pircbotx.output.OutputRaw - PRIVMSG #pinkandorangeandgold :Jdbener you have: 1 warnings left!
11:21:26.117 [listenerPool0-thread10] INFO  org.pircbotx.output.OutputRaw - PRIVMSG #pinkandorangeandgold :Jdbener you have: 1 warnings left!
11:21:26.728 [botPool0-bot0] INFO  org.pircbotx.InputParser - :mackmarceau!mackmarceau@mackmarceau.tmi.twitch.tv JOIN #pinkandorangeandgold
11:21:26.728 [botPool0-bot0] INFO  org.pircbotx.InputParser - :waterwazzoo!waterwazzoo@waterwazzoo.tmi.twitch.tv JOIN #pinkandorangeandgold
11:21:26.728 [botPool0-bot0] INFO  org.pircbotx.InputParser - :annoyedneighbours!annoyedneighbours@annoyedneighbours.tmi.twitch.tv JOIN #pinkandorangeandgold
11:21:26.729 [botPool0-bot0] INFO  org.pircbotx.InputParser - :typwo!typwo@typwo.tmi.twitch.tv JOIN #pinkandorangeandgold
11:21:26.729 [botPool0-bot0] INFO  org.pircbotx.InputParser - :homunculusmaximus!homunculusmaximus@homunculusmaximus.tmi.twitch.tv JOIN #pinkandorangeandgold
11:21:26.729 [botPool0-bot0] INFO  org.pircbotx.InputParser - :jdbener!jdbener@jdbener.tmi.twitch.tv JOIN #pinkandorangeandgold
11:21:26.730 [botPool0-bot0] INFO  org.pircbotx.InputParser - :pinkandorangeandgold!pinkandorangeandgold@pinkandorangeandgold.tmi.twitch.tv JOIN #pinkandorangeandgold
11:21:26.730 [botPool0-bot0] INFO  org.pircbotx.InputParser - :jtv MODE #pinkandorangeandgold +o pinkandorangeandgold
11:22:27.696 [botPool0-bot1] INFO  org.pircbotx.InputParser - PING :irc.glados.tv
11:22:27.697 [listenerPool1-thread9] INFO  org.pircbotx.output.OutputRaw - PONG irc.glados.tv
11:22:28.210 [botPool0-bot0] INFO  org.pircbotx.InputParser - :jtv MODE #pinkandorangeandgold +o bennerbot
11:22:39.647 [bot2-shutdownhook] INFO  org.pircbotx.output.OutputRaw - QUIT :
11:22:39.647 [bot2-shutdownhook] INFO  org.pircbotx.output.OutputRaw - QUIT :
11:22:39.651 [bot2-shutdownhook] WARN  org.pircbotx.Channel - Channel #pinkandorangeandgold mode '' is stale
11:22:39.671 [bot2-shutdownhook] WARN  org.pircbotx.Channel - Channel #pinkandorangeandgold mode '' is stale
11:22:39.675 [bot2-shutdownhook] INFO  org.pircbotx.dcc.DccHandler - Terminating all transfers waiting to be accepted
11:22:39.675 [botPool0-bot1] INFO  org.pircbotx.PircBotX - Shutdown has been called, closing InputParser
11:22:39.676 [botPool0-bot1] DEBUG o.p.MultiBotManager$BotFutureCallback - Bot #1 finished
11:22:39.676 [bot2-shutdownhook] DEBUG org.pircbotx.PircBotX - Disconnected.
11:22:39.677 [bot2-shutdownhook] DEBUG o.p.h.m.ThreadedListenerManager - Waiting for listener me.jdbener.utilities.JoinLeaveMessages@4b24e48f to execute event DisconnectEvent(daoSnapshot=org.pircbotx.snapshot.UserChannelDaoSnapshot@747b96ad, disconnectException=null)
11:22:39.678 [bot2-shutdownhook] DEBUG o.p.h.m.ThreadedListenerManager - Waiting for listener me.jdbener.apis.hitbox.HitboxFollowerHandeler@2d75d90a to execute event DisconnectEvent(daoSnapshot=org.pircbotx.snapshot.UserChannelDaoSnapshot@747b96ad, disconnectException=null)
11:22:39.678 [bot2-shutdownhook] INFO  org.pircbotx.dcc.DccHandler - Terminating all transfers waiting to be accepted
11:22:39.678 [bot2-shutdownhook] DEBUG o.p.h.m.ThreadedListenerManager - Waiting for listener me.jdbener.utilities.BotJoinHandeler@7a4f0b5b to execute event DisconnectEvent(daoSnapshot=org.pircbotx.snapshot.UserChannelDaoSnapshot@747b96ad, disconnectException=null)
11:22:39.679 [botPool0-bot0] INFO  org.pircbotx.PircBotX - Shutdown has been called, closing InputParser
11:22:39.679 [bot2-shutdownhook] DEBUG org.pircbotx.PircBotX - Disconnected.
11:22:39.679 [botPool0-bot0] DEBUG o.p.MultiBotManager$BotFutureCallback - Bot #0 finished
11:22:39.679 [bot2-shutdownhook] DEBUG o.p.h.m.ThreadedListenerManager - Waiting for listener me.jdbener.utilities.Infromation@1b490621 to execute event DisconnectEvent(daoSnapshot=org.pircbotx.snapshot.UserChannelDaoSnapshot@6ab6d32d, disconnectException=null)
11:22:39.679 [bot2-shutdownhook] DEBUG o.p.h.m.ThreadedListenerManager - Waiting for listener me.jdbener.utilities.BotJoinHandeler@29db197 to execute event DisconnectEvent(daoSnapshot=org.pircbotx.snapshot.UserChannelDaoSnapshot@6ab6d32d, disconnectException=null)
11:22:39.679 [bot2-shutdownhook] DEBUG o.p.h.m.ThreadedListenerManager - Waiting for listener org.pircbotx.hooks.CoreHooks@1615b33b to execute event DisconnectEvent(daoSnapshot=org.pircbotx.snapshot.UserChannelDaoSnapshot@6ab6d32d, disconnectException=null)
11:22:39.680 [bot2-shutdownhook] DEBUG o.p.h.m.ThreadedListenerManager - Waiting for listener me.jdbener.Cleaner@6ef53890 to execute event DisconnectEvent(daoSnapshot=org.pircbotx.snapshot.UserChannelDaoSnapshot@6ab6d32d, disconnectException=null)
