18:21:30.192 [main] INFO  me.jdbener.Bennerbot - Begining plugin loading
18:21:30.291 [main] INFO  me.jdbener.Bennerbot - Finished looking for plugins in: plugins
18:21:30.316 [main] INFO  me.jdbener.Bennerbot - Finished looking for plugins in: plugins/BasicCommands
18:21:30.318 [main] INFO  me.jdbener.Bennerbot - Finished looking for plugins in: plugins/dissabled
18:21:30.320 [main] INFO  me.jdbener.Bennerbot - Beggining pluging loading sequence
18:21:30.320 [main] INFO  me.jdbener.Bennerbot - Beggining loading of: Basic Commands
18:21:30.321 [main] INFO  me.jdbener.Bennerbot - Added listener to twitch bot
18:21:30.321 [main] INFO  me.jdbener.Bennerbot - Added listener to hitbox bot
18:21:30.321 [main] INFO  me.jdbener.Bennerbot - Basic Commands has been sucessfully loaded!
18:21:30.321 [main] INFO  me.jdbener.Bennerbot - Finished pluging loading sequence
18:21:30.321 [main] INFO  me.jdbener.Bennerbot - Proceading with BennerBot initiation sequence
18:21:31.755 [main] INFO  me.jdbener.Bennerbot - Successfully initiated follower notifications
18:21:31.757 [main] INFO  me.jdbener.Bennerbot - Successfully initiated twitch api connections
18:21:32.185 [main] DEBUG org.pircbotx.MultiBotManager - Not started yet, add to queue
18:21:32.185 [main] DEBUG org.pircbotx.MultiBotManager - Not started yet, add to queue
18:21:32.189 [botPool0-bot0] DEBUG org.pircbotx.PircBotX - Trying address irc.twitch.tv/199.9.249.252
18:21:32.196 [main] INFO  me.jdbener.Bennerbot - Started Loading the GUI
18:21:32.226 [botPool0-bot0] INFO  org.pircbotx.PircBotX - Connected to server.
18:21:32.233 [botPool0-bot0] INFO  org.pircbotx.output.OutputRaw - PASS oauth:hrr2wpqq0knt6sb0spzd3d1mugpdezf
18:21:32.233 [botPool0-bot0] INFO  org.pircbotx.output.OutputRaw - NICK BennerBot
18:21:32.233 [botPool0-bot0] INFO  org.pircbotx.output.OutputRaw - USER BennerBot 8 * :PircBotX 2.0.1, a fork of PircBot, the Java IRC bot - pircbotx.googlecode.com
18:21:32.260 [botPool0-bot1] DEBUG org.pircbotx.PircBotX - Trying address irc.glados.tv/192.99.100.37
18:21:32.318 [botPool0-bot0] INFO  org.pircbotx.InputParser - :tmi.twitch.tv 001 bennerbot :Welcome, GLHF!
18:21:32.327 [botPool0-bot0] DEBUG org.pircbotx.InputParser - Logged onto server.
18:21:32.387 [botPool0-bot1] INFO  org.pircbotx.PircBotX - Connected to server.
18:21:32.388 [botPool0-bot1] INFO  org.pircbotx.output.OutputRaw - PASS bennerbot
18:21:32.388 [botPool0-bot1] INFO  org.pircbotx.output.OutputRaw - NICK bennerbot
18:21:32.388 [botPool0-bot1] INFO  org.pircbotx.output.OutputRaw - USER BennerBot 8 * :PircBotX 2.0.1, a fork of PircBot, the Java IRC bot - pircbotx.googlecode.com
18:21:33.234 [listenerPool0-thread3] INFO  org.pircbotx.output.OutputRaw - PRIVMSG #biogenx2b :/color #ff0000
18:21:33.389 [listenerPool0-thread3] INFO  org.pircbotx.output.OutputRaw - PRIVMSG #jdbener :/color #ff0000
18:21:33.561 [botPool0-bot1] INFO  org.pircbotx.InputParser - :irc.glados.tv 001 bennerbot :Welcome to the hitbox-tv IRC Network bennerbot!BennerBot@ip.bennerbot.chat.hitbox.tv (Connection ID: f9482b91-dbf7-4659-a11d-01970f87c8c6)
18:21:33.561 [botPool0-bot1] DEBUG org.pircbotx.InputParser - Logged onto server.
18:21:34.235 [listenerPool1-thread4] INFO  org.pircbotx.output.OutputRaw - PRIVMSG #biogenx2b :/color #ff0000
18:21:34.390 [listenerPool1-thread4] INFO  org.pircbotx.output.OutputRaw - PRIVMSG #jdbener :/color #ff0000
18:21:35.236 [botPool0-bot0] INFO  org.pircbotx.output.OutputRaw - JOIN #biogenx2b 
18:21:35.237 [botPool0-bot0] INFO  org.pircbotx.InputParser - :tmi.twitch.tv 002 bennerbot :Your host is tmi.twitch.tv
18:21:35.237 [botPool0-bot0] INFO  org.pircbotx.InputParser - :tmi.twitch.tv 003 bennerbot :This server is rather new
18:21:35.237 [botPool0-bot0] INFO  org.pircbotx.InputParser - :tmi.twitch.tv 004 bennerbot :-
18:21:35.243 [botPool0-bot0] ERROR org.pircbotx.PircBotX - Exception encountered when parsing line
java.lang.IndexOutOfBoundsException: Index: 1, Size: 1
	at java.util.ArrayList.rangeCheck(Unknown Source) ~[na:1.7.0_45]
	at java.util.ArrayList.get(Unknown Source) ~[na:1.7.0_45]
	at org.pircbotx.ServerInfo.parse004(ServerInfo.java:113) ~[pircbotx-2.0.1.jar:na]
	at org.pircbotx.ServerInfo.parse(ServerInfo.java:106) ~[pircbotx-2.0.1.jar:na]
	at org.pircbotx.InputParser.processServerResponse(InputParser.java:709) ~[pircbotx-2.0.1.jar:na]
	at org.pircbotx.InputParser.handleLine(InputParser.java:323) ~[pircbotx-2.0.1.jar:na]
	at org.pircbotx.PircBotX.startLineProcessing(PircBotX.java:275) [pircbotx-2.0.1.jar:na]
	at org.pircbotx.PircBotX.connect(PircBotX.java:236) [pircbotx-2.0.1.jar:na]
	at org.pircbotx.MultiBotManager$BotRunner.call(MultiBotManager.java:219) [pircbotx-2.0.1.jar:na]
	at org.pircbotx.MultiBotManager$BotRunner.call(MultiBotManager.java:212) [pircbotx-2.0.1.jar:na]
	at java.util.concurrent.FutureTask.run(Unknown Source) [na:1.7.0_45]
	at java.util.concurrent.ThreadPoolExecutor.runWorker(Unknown Source) [na:1.7.0_45]
	at java.util.concurrent.ThreadPoolExecutor$Worker.run(Unknown Source) [na:1.7.0_45]
	at java.lang.Thread.run(Unknown Source) [na:1.7.0_45]
18:21:35.243 [botPool0-bot0] INFO  org.pircbotx.InputParser - :tmi.twitch.tv 375 bennerbot :-
18:21:35.244 [botPool0-bot0] INFO  org.pircbotx.InputParser - :tmi.twitch.tv 372 bennerbot :You are in a maze of twisty passages, all alike.
18:21:35.244 [botPool0-bot0] INFO  org.pircbotx.InputParser - :tmi.twitch.tv 376 bennerbot :>
18:21:35.245 [botPool0-bot0] INFO  org.pircbotx.InputParser - :jtv!jtv@jtv.tmi.twitch.tv PRIVMSG bennerbot :USERCOLOR bennerbot #FF0000
18:21:35.248 [botPool0-bot0] INFO  org.pircbotx.InputParser - :jtv!jtv@jtv.tmi.twitch.tv PRIVMSG bennerbot :Your color has been changed
18:21:35.248 [botPool0-bot0] INFO  org.pircbotx.InputParser - :jtv!jtv@jtv.tmi.twitch.tv PRIVMSG bennerbot :USERCOLOR bennerbot #FF0000
18:21:35.248 [botPool0-bot0] INFO  org.pircbotx.InputParser - :jtv!jtv@jtv.tmi.twitch.tv PRIVMSG bennerbot :Your color has been changed
18:21:35.333 [botPool0-bot0] INFO  org.pircbotx.InputParser - :bennerbot!bennerbot@bennerbot.tmi.twitch.tv JOIN #biogenx2b
18:21:35.391 [botPool0-bot1] INFO  org.pircbotx.output.OutputRaw - JOIN #jdbener 
18:21:35.392 [botPool0-bot1] INFO  org.pircbotx.InputParser - :irc.glados.tv 002 bennerbot :Your host is irc.glados.tv, running version IrcD.Net, Version=0.3.5351.28745, Culture=neutral, PublicKeyToken=null
18:21:35.393 [botPool0-bot1] INFO  org.pircbotx.InputParser - :irc.glados.tv 003 bennerbot :This server was created 11/13/2014 6:08:51 AM
18:21:35.393 [botPool0-bot1] INFO  org.pircbotx.InputParser - :irc.glados.tv 004 bennerbot :irc.glados.tv ircD.Net.0.3.5351.28745 Oiorwx ahovITbceiklmnpst
18:21:35.394 [botPool0-bot1] ERROR org.pircbotx.PircBotX - Exception encountered when parsing line
java.lang.IndexOutOfBoundsException: Index: 1, Size: 1
	at java.util.ArrayList.rangeCheck(Unknown Source) ~[na:1.7.0_45]
	at java.util.ArrayList.get(Unknown Source) ~[na:1.7.0_45]
	at org.pircbotx.ServerInfo.parse004(ServerInfo.java:113) ~[pircbotx-2.0.1.jar:na]
	at org.pircbotx.ServerInfo.parse(ServerInfo.java:106) ~[pircbotx-2.0.1.jar:na]
	at org.pircbotx.InputParser.processServerResponse(InputParser.java:709) ~[pircbotx-2.0.1.jar:na]
	at org.pircbotx.InputParser.handleLine(InputParser.java:323) ~[pircbotx-2.0.1.jar:na]
	at org.pircbotx.PircBotX.startLineProcessing(PircBotX.java:275) [pircbotx-2.0.1.jar:na]
	at org.pircbotx.PircBotX.connect(PircBotX.java:236) [pircbotx-2.0.1.jar:na]
	at org.pircbotx.MultiBotManager$BotRunner.call(MultiBotManager.java:219) [pircbotx-2.0.1.jar:na]
	at org.pircbotx.MultiBotManager$BotRunner.call(MultiBotManager.java:212) [pircbotx-2.0.1.jar:na]
	at java.util.concurrent.FutureTask.run(Unknown Source) [na:1.7.0_45]
	at java.util.concurrent.ThreadPoolExecutor.runWorker(Unknown Source) [na:1.7.0_45]
	at java.util.concurrent.ThreadPoolExecutor$Worker.run(Unknown Source) [na:1.7.0_45]
	at java.lang.Thread.run(Unknown Source) [na:1.7.0_45]
18:21:35.394 [botPool0-bot1] INFO  org.pircbotx.InputParser - :irc.glados.tv 005 bennerbot STD=draft03 PREFIX=(aohv)&@%+ CHANMODES=Ibe,k,l,Tcimnpst CHANTYPES=# CHANLIMIT=#:10 INEVEX=I EXCEPTS=e NETWORK=hitbox-tv CASEMAPPING=ascii CHANNELLEN=40 NICKLEN=32 MAXNICKLEN=32 TOPICLEN=300 KICKLEN=300 AWAYLEN=300 KNOCK LANGUAGE=5,af,sq,am,ar,hy,az,eu,be,bn,bh,bg,my,ca,chr,zh,zh-CN,zh-TW,hr,cs,da,dv,nl,en,eo,et,tl,fi,fr,gl,ka,de,el,gn,gu,iw,hi,hu,is,id,iu,it,ja,kn,kk,km,ko,ku,ky,lo,lv,lt,mk,ms,ml,mt,mr,mn,ne,no,or,ps,fa,pl,pt-PT,pa,ro,ru,sa,sr,sd :are supported by this server
18:21:35.395 [botPool0-bot1] INFO  org.pircbotx.InputParser - :irc.glados.tv 005 bennerbot LANGUAGE=5,si,sk,sl,es,sw,sv,tg,ta,te,th,bo,tr,uk,ur,uz,ug,vi SILENCE=25 RFC2812 :are supported by this server
18:21:35.397 [botPool0-bot1] INFO  org.pircbotx.InputParser - :irc.glados.tv 375 bennerbot :- irc.glados.tv Message of the day -
18:21:35.398 [botPool0-bot1] INFO  org.pircbotx.InputParser - :irc.glados.tv 372 bennerbot :-   +MMMMMMMMMMMMmdho+oddmNMMMMMMMMMMMMM $$\   $$\ $$\   $$\     $$\                                 $$$$$$\ $$$$$$$\   $$$$$$\  
18:21:35.398 [botPool0-bot1] INFO  org.pircbotx.InputParser - :irc.glados.tv 372 bennerbot :-   +MMMMMMMMNdoo/::-:///+osymNMMMMMMMMM $$ |  $$ |\__|  $$ |    $$ |                                \_$$  _|$$  __$$\ $$  __$$\ 
18:21:35.398 [botPool0-bot1] INFO  org.pircbotx.InputParser - :irc.glados.tv 372 bennerbot :-   +MMMMMMMMh::-----:////////dMMMMMMMMM $$ |  $$ |$$\ $$$$$$\   $$$$$$$\   $$$$$$\  $$\   $$\         $$ |  $$ |  $$ |$$ /  \__|
18:21:35.399 [botPool0-bot1] INFO  org.pircbotx.InputParser - :irc.glados.tv 372 bennerbot :-   +MMMMMMMMh:::----:////////dMMMMMMMMM $$$$$$$$ |$$ |\_$$  _|  $$  __$$\ $$  __$$\ \$$\ $$  |        $$ |  $$$$$$$  |$$ |     
18:21:35.400 [botPool0-bot1] INFO  org.pircbotx.InputParser - :irc.glados.tv 372 bennerbot :-   +MMMMMMMMh:::----:////////dMMMMMMMMM $$  __$$ |$$ |  $$ |    $$ |  $$ |$$ /  $$ | \$$$$  /         $$ |  $$  __$$< $$ |      
18:21:35.400 [botPool0-bot1] INFO  org.pircbotx.InputParser - :irc.glados.tv 372 bennerbot :-   +MMMMMMMMh::::---:////////dMMMMMMMMM $$ |  $$ |$$ |  $$ |$$\ $$ |  $$ |$$ |  $$ | $$  $$<          $$ |  $$ |  $$ |$$ |  $$\ 
18:21:35.401 [botPool0-bot1] INFO  org.pircbotx.InputParser - :irc.glados.tv 372 bennerbot :-   +MMMMMMMMh:::://++oo++++/+dMMMMMMMMM $$ |  $$ |$$ |  \$$$$  |$$$$$$$  |\$$$$$$  |$$  /\$$\       $$$$$$\ $$ |  $$ |\$$$$$$  |
18:21:35.402 [botPool0-bot1] INFO  org.pircbotx.InputParser - :irc.glados.tv 372 bennerbot :-   +MMMMMMMMmhmmdddddddddmmmmNMMMMMMMMM \__|  \__|\__|   \____/ \_______/  \______/ \__/  \__|      \______|\__|  \__| \______/ 
18:21:35.403 [botPool0-bot1] INFO  org.pircbotx.InputParser - :irc.glados.tv 372 bennerbot :-   +NyssssMyo+///:::::/+++oosyhMyyyhhMM
18:21:35.404 [botPool0-bot1] INFO  org.pircbotx.InputParser - :irc.glados.tv 372 bennerbot :-   +N:::::Mo::::::::::////++++yM+++ooNM $$$$$$$\            $$\                                                                 
18:21:35.404 [botPool0-bot1] INFO  org.pircbotx.InputParser - :irc.glados.tv 372 bennerbot :-   +N:::::Mo::::::::::///+++++yM++oooNM $$$$$$$\            $$\                           
18:21:35.405 [botPool0-bot1] INFO  org.pircbotx.InputParser - :irc.glados.tv 372 bennerbot :-   +N:::::Mo:::::::::://++++++yM+ooooNM $$  __$$\           $$ |                         
18:21:35.406 [botPool0-bot1] INFO  org.pircbotx.InputParser - :irc.glados.tv 372 bennerbot :-   +N:::::Mo:::::::::://++++++yMoooooNM $$ |  $$ | $$$$$$\  $$ | $$$$$$\  $$\   $$\          
18:21:35.407 [botPool0-bot1] INFO  org.pircbotx.InputParser - :irc.glados.tv 372 bennerbot :-   +N:::::Mo::::::::://+++++++yMoooooNM $$$$$$$  |$$  __$$\ $$ | \____$$\ $$ |  $$ |        
18:21:35.408 [botPool0-bot1] INFO  org.pircbotx.InputParser - :irc.glados.tv 372 bennerbot :-   +N/::::Mo:::::::::/++++++++yMoosyhMM $$  __$$< $$$$$$$$ |$$ | $$$$$$$ |$$ |  $$ |      
18:21:35.409 [botPool0-bot1] INFO  org.pircbotx.InputParser - :irc.glados.tv 372 bennerbot :-   +Mho//:Mo:::::::::/+++++++oyMhdNMMMM $$ |  $$ |$$   ____|$$ |$$  __$$ |$$ |  $$ |       
18:21:35.409 [botPool0-bot1] INFO  org.pircbotx.InputParser - :irc.glados.tv 372 bennerbot :-   +MMMMNhMy+/:::::::/++++oshmNMMMMMMMM $$ |  $$ |\$$$$$$$\ $$ |\$$$$$$$ |\$$$$$$$ |       
18:21:35.410 [botPool0-bot1] INFO  org.pircbotx.InputParser - :irc.glados.tv 372 bennerbot :-   +MMMMMMMhyddhs+/::/+oydmmhyhMMMMMMMM \__|  \__| \_______|\__| \_______| \____$$ |             -Community Driven
18:21:35.411 [botPool0-bot1] INFO  org.pircbotx.InputParser - :irc.glados.tv 372 bennerbot :-   +MMMMMMMo::/+shhhhddmdyo+ooyMMMMMMMM                                   $$\   $$ |      
18:21:35.411 [botPool0-bot1] INFO  org.pircbotx.InputParser - :irc.glados.tv 372 bennerbot :-   +MMMMMMMo:::::::/dNd+++++ooyMMMMMMMM                                   \$$$$$$  |  
18:21:35.411 [botPool0-bot1] INFO  org.pircbotx.InputParser - :irc.glados.tv 372 bennerbot :-   +MMMMMMMs::::::::hNh++++oooyMMMMMMMM                                    \______/  
18:21:35.412 [botPool0-bot1] INFO  org.pircbotx.InputParser - :irc.glados.tv 372 bennerbot :-   +MMMMMMMNdso//:::hNh++oosydNMMMMMMMM
18:21:35.412 [botPool0-bot1] INFO  org.pircbotx.InputParser - :irc.glados.tv 372 bennerbot :-   +MMMMMMMMMMMmdyo/dNh+shmNMMMMMMMMMMM
18:21:35.412 [botPool0-bot1] INFO  org.pircbotx.InputParser - :irc.glados.tv 372 bennerbot :-   +MMMMMMMMMMMMMMMNMMMNMMMMMMMMMMMMMMM
18:21:35.413 [botPool0-bot1] INFO  org.pircbotx.InputParser - :irc.glados.tv 372 bennerbot :-   
18:21:35.413 [botPool0-bot1] INFO  org.pircbotx.InputParser - :irc.glados.tv 372 bennerbot :-   Join #help for problems/assistance. To join channels, use the lowercase version of the channel name (ex. Danbopes => #danbopes)
18:21:35.414 [botPool0-bot1] INFO  org.pircbotx.InputParser - :irc.glados.tv 372 bennerbot :-   
18:21:35.414 [botPool0-bot1] INFO  org.pircbotx.InputParser - :irc.glados.tv 376 bennerbot :End of MOTD command
18:21:35.416 [botPool0-bot1] INFO  org.pircbotx.InputParser - :irc.glados.tv 251 bennerbot :There are 134 users and 0 services on 1 servers
18:21:35.416 [botPool0-bot1] INFO  org.pircbotx.InputParser - :irc.glados.tv 252 bennerbot 0 :operator(s) online
18:21:35.418 [botPool0-bot1] INFO  org.pircbotx.InputParser - :irc.glados.tv 253 bennerbot 10 :unknown connection(s)
18:21:35.418 [botPool0-bot1] INFO  org.pircbotx.InputParser - :irc.glados.tv 254 bennerbot 1 :channels formed
18:21:35.419 [botPool0-bot1] INFO  org.pircbotx.InputParser - :irc.glados.tv 255 bennerbot :I have 134 clients and 1 servers
18:21:35.419 [botPool0-bot1] INFO  org.pircbotx.InputParser - :irc.glados.tv 404 bennerbot #jdbener :Cannot send to channel
18:21:35.420 [botPool0-bot1] INFO  org.pircbotx.InputParser - :irc.glados.tv 404 bennerbot #jdbener :Cannot send to channel
18:21:36.237 [botPool0-bot0] INFO  org.pircbotx.output.OutputRaw - WHO #biogenx2b
18:21:37.238 [botPool0-bot0] INFO  org.pircbotx.output.OutputRaw - MODE #biogenx2b
18:21:37.241 [botPool0-bot0] INFO  org.pircbotx.InputParser - :jtv!jtv@jtv.tmi.twitch.tv PRIVMSG bennerbot :USERCOLOR bennerbot #FF0000
18:21:37.242 [botPool0-bot0] INFO  org.pircbotx.InputParser - :jtv!jtv@jtv.tmi.twitch.tv PRIVMSG bennerbot :HISTORYEND biogenx2b
18:21:37.242 [botPool0-bot0] INFO  org.pircbotx.InputParser - :bennerbot.tmi.twitch.tv 353 bennerbot = #biogenx2b :bennerbot
18:21:37.242 [botPool0-bot0] INFO  org.pircbotx.InputParser - :bennerbot.tmi.twitch.tv 366 bennerbot #biogenx2b :End of /NAMES list
18:21:37.243 [botPool0-bot0] INFO  org.pircbotx.InputParser - :tmi.twitch.tv 421 bennerbot WHO :Unknown command
18:21:38.297 [botPool0-bot1] INFO  org.pircbotx.InputParser - :bennerbot!BennerBot@ip.bennerbot.chat.hitbox.tv JOIN #jdbener
18:21:38.298 [botPool0-bot1] INFO  org.pircbotx.output.OutputRaw - WHO #jdbener
18:21:39.299 [botPool0-bot1] INFO  org.pircbotx.output.OutputRaw - MODE #jdbener
18:21:39.299 [botPool0-bot1] INFO  org.pircbotx.InputParser - :irc.glados.tv 332 bennerbot #jdbener :test
18:21:39.299 [botPool0-bot1] INFO  org.pircbotx.InputParser - :irc.glados.tv 353 bennerbot = #jdbener :bennerbot @Jdbener
18:21:39.300 [botPool0-bot1] INFO  org.pircbotx.InputParser - :irc.glados.tv 366 bennerbot #jdbener :End of NAMES list
18:21:39.300 [botPool0-bot1] INFO  org.pircbotx.InputParser - :irc.glados.tv 315 bennerbot #jdbener :End of /WHO list.
18:21:39.541 [botPool0-bot1] INFO  org.pircbotx.InputParser - :irc.glados.tv 324 bennerbot #jdbener +
18:21:42.091 [botPool0-bot0] INFO  org.pircbotx.InputParser - :jdbener!jdbener@jdbener.tmi.twitch.tv PRIVMSG #biogenx2b :oh fuck
18:21:42.092 [listenerPool0-thread5] INFO  org.pircbotx.output.OutputRaw - PRIVMSG #jdbener :Jdbener: oh fuck
18:21:52.915 [botPool0-bot0] INFO  org.pircbotx.InputParser - :jdbener!jdbener@jdbener.tmi.twitch.tv PRIVMSG #biogenx2b :i forget to reset the reset colors
18:21:52.915 [listenerPool0-thread13] INFO  org.pircbotx.output.OutputRaw - PRIVMSG #jdbener :Jdbener: i forget to reset the reset colors
18:21:56.405 [botPool0-bot0] INFO  org.pircbotx.InputParser - :jdbener!jdbener@jdbener.tmi.twitch.tv PRIVMSG #biogenx2b :sniffle sniffle
18:21:56.405 [listenerPool0-thread2] INFO  org.pircbotx.output.OutputRaw - PRIVMSG #jdbener :Jdbener: sniffle sniffle
18:22:10.080 [botPool0-bot0] INFO  org.pircbotx.InputParser - :moobot!moobot@moobot.tmi.twitch.tv JOIN #biogenx2b
18:22:10.080 [botPool0-bot0] INFO  org.pircbotx.InputParser - :jdbener!jdbener@jdbener.tmi.twitch.tv JOIN #biogenx2b
18:22:10.081 [botPool0-bot0] INFO  org.pircbotx.InputParser - :battlebuddiesgaming!battlebuddiesgaming@battlebuddiesgaming.tmi.twitch.tv JOIN #biogenx2b
18:22:10.081 [botPool0-bot0] INFO  org.pircbotx.InputParser - :flarhgunnstow!flarhgunnstow@flarhgunnstow.tmi.twitch.tv JOIN #biogenx2b
18:22:10.081 [botPool0-bot0] INFO  org.pircbotx.InputParser - :biogenx2b!biogenx2b@biogenx2b.tmi.twitch.tv JOIN #biogenx2b
18:22:10.082 [botPool0-bot0] INFO  org.pircbotx.InputParser - :hjf288!hjf288@hjf288.tmi.twitch.tv JOIN #biogenx2b
18:22:10.082 [botPool0-bot0] INFO  org.pircbotx.InputParser - :jtv MODE #biogenx2b +o moobot
18:22:10.087 [botPool0-bot0] INFO  org.pircbotx.InputParser - :jtv MODE #biogenx2b +o jdbener
18:22:10.088 [botPool0-bot0] INFO  org.pircbotx.InputParser - :jtv MODE #biogenx2b +o biogenx2b
18:22:19.877 [botPool0-bot0] INFO  org.pircbotx.InputParser - :jdbener!jdbener@jdbener.tmi.twitch.tv PRIVMSG #biogenx2b :and im still blue
18:22:19.878 [listenerPool0-thread12] INFO  org.pircbotx.output.OutputRaw - PRIVMSG #jdbener :Jdbener: and im still blue
18:22:21.063 [botPool0-bot0] INFO  org.pircbotx.InputParser - :jdbener!jdbener@jdbener.tmi.twitch.tv PRIVMSG #biogenx2b :hu?
18:22:21.064 [listenerPool0-thread14] INFO  org.pircbotx.output.OutputRaw - PRIVMSG #jdbener :Jdbener: hu?
18:22:43.477 [botPool0-bot0] INFO  org.pircbotx.InputParser - :jdbener!jdbener@jdbener.tmi.twitch.tv PRIVMSG #biogenx2b :bio would you be so kind as to say something in chat for me please?
18:22:43.478 [listenerPool0-thread16] INFO  org.pircbotx.output.OutputRaw - PRIVMSG #jdbener :Jdbener: bio would you be so kind as to say something in chat for me please?
18:23:43.819 [botPool0-bot1] INFO  org.pircbotx.InputParser - PING :irc.glados.tv
18:23:43.820 [listenerPool1-thread10] INFO  org.pircbotx.output.OutputRaw - PONG irc.glados.tv
18:24:36.476 [botPool0-bot0] INFO  org.pircbotx.InputParser - :biogenx2b!biogenx2b@biogenx2b.tmi.twitch.tv PRIVMSG #biogenx2b :something
18:24:36.478 [listenerPool0-thread18] INFO  org.pircbotx.output.OutputRaw - PRIVMSG #jdbener :Biogenx2b: something
18:24:54.120 [botPool0-bot0] INFO  org.pircbotx.InputParser - :jdbener!jdbener@jdbener.tmi.twitch.tv PRIVMSG #biogenx2b :ty
18:24:54.121 [listenerPool0-thread19] INFO  org.pircbotx.output.OutputRaw - PRIVMSG #jdbener :Jdbener: ty
18:24:55.413 [botPool0-bot0] INFO  org.pircbotx.InputParser - :jdbener!jdbener@jdbener.tmi.twitch.tv PRIVMSG #biogenx2b :good
18:24:55.414 [listenerPool0-thread21] INFO  org.pircbotx.output.OutputRaw - PRIVMSG #jdbener :Jdbener: good
18:25:06.088 [botPool0-bot0] INFO  org.pircbotx.InputParser - :jdbener!jdbener@jdbener.tmi.twitch.tv PRIVMSG #biogenx2b :its not just infiently spouting blue
18:25:06.088 [listenerPool0-thread21] INFO  org.pircbotx.output.OutputRaw - PRIVMSG #jdbener :Jdbener: its not just infiently spouting blue
18:25:11.991 [botPool0-bot0] INFO  org.pircbotx.InputParser - :jdbener!jdbener@jdbener.tmi.twitch.tv PRIVMSG #biogenx2b :i was a little woried there
18:25:11.992 [listenerPool0-thread23] INFO  org.pircbotx.output.OutputRaw - PRIVMSG #jdbener :Jdbener: i was a little woried there
18:25:42.057 [botPool0-bot0] INFO  org.pircbotx.InputParser - :jdbener!jdbener@jdbener.tmi.twitch.tv PRIVMSG #biogenx2b :im not gona do a configuration gui
18:25:42.058 [listenerPool0-thread21] INFO  org.pircbotx.output.OutputRaw - PRIVMSG #jdbener :Jdbener: im not gona do a configuration gui
18:25:50.882 [botPool0-bot0] INFO  org.pircbotx.InputParser - :jdbener!jdbener@jdbener.tmi.twitch.tv PRIVMSG #biogenx2b :as a feature
18:25:50.883 [listenerPool0-thread26] INFO  org.pircbotx.output.OutputRaw - PRIVMSG #jdbener :Jdbener: as a feature
18:25:51.208 [botPool0-bot0] INFO  org.pircbotx.InputParser - :moobot!moobot@moobot.tmi.twitch.tv PRIVMSG #biogenx2b :+ Save BIG on Warlords of Draenor: http://www.g2a.com/r/wod40 •• The Sims Medieval: http://www.g2a.com/r/thesimsmedieval •• Dragon Age: Inqusition http://www.g2a.com/r/da3discount •• AND MUCH MORE at the G2A store! Use !gs for more info.
18:25:51.885 [listenerPool0-thread22] INFO  org.pircbotx.output.OutputRaw - PRIVMSG #jdbener :Moobot: + Save BIG on Warlords of Draenor: http://www.g2a.com/r/wod40 •• The Sims Medieval: http://www.g2a.com/r/thesimsmedieval •• Dragon Age: Inqusition http://www.g2a.com/r/da3discount •• AND MUCH MORE at the G2A store! Use !gs for more info.
18:25:55.228 [botPool0-bot0] INFO  org.pircbotx.InputParser - :jdbener!jdbener@jdbener.tmi.twitch.tv PRIVMSG #biogenx2b :maybe as a plugin
18:25:55.229 [listenerPool0-thread27] INFO  org.pircbotx.output.OutputRaw - PRIVMSG #jdbener :Jdbener: maybe as a plugin
18:26:26.187 [botPool0-bot0] INFO  org.pircbotx.InputParser - :jdbener!jdbener@jdbener.tmi.twitch.tv PRIVMSG #biogenx2b :i think what ill try and do is make a lua plugin
18:26:26.188 [listenerPool0-thread26] INFO  org.pircbotx.output.OutputRaw - PRIVMSG #jdbener :Jdbener: i think what ill try and do is make a lua plugin
18:26:28.579 [botPool0-bot0] INFO  org.pircbotx.InputParser - PING :tmi.twitch.tv
18:26:28.579 [listenerPool0-thread19] INFO  org.pircbotx.output.OutputRaw - PONG tmi.twitch.tv
18:26:37.790 [botPool0-bot0] INFO  org.pircbotx.InputParser - :jdbener!jdbener@jdbener.tmi.twitch.tv PRIVMSG #biogenx2b :so you can use lua in your plugins
18:26:37.790 [listenerPool0-thread23] INFO  org.pircbotx.output.OutputRaw - PRIVMSG #jdbener :Jdbener: so you can use lua in your plugins
18:26:54.108 [botPool0-bot0] INFO  org.pircbotx.InputParser - :jdbener!jdbener@jdbener.tmi.twitch.tv PRIVMSG #biogenx2b :ya
18:26:54.109 [listenerPool0-thread23] INFO  org.pircbotx.output.OutputRaw - PRIVMSG #jdbener :Jdbener: ya
18:27:15.286 [botPool0-bot0] INFO  org.pircbotx.InputParser - :jdbener!jdbener@jdbener.tmi.twitch.tv PRIVMSG #biogenx2b :i personaly think config file editing would work better
18:27:15.286 [listenerPool0-thread27] INFO  org.pircbotx.output.OutputRaw - PRIVMSG #jdbener :Jdbener: i personaly think config file editing would work better
18:28:12.488 [botPool0-bot0] INFO  org.pircbotx.InputParser - :jdbener!jdbener@jdbener.tmi.twitch.tv PRIVMSG #biogenx2b :well
18:28:12.489 [listenerPool0-thread25] INFO  org.pircbotx.output.OutputRaw - PRIVMSG #jdbener :Jdbener: well
18:28:26.499 [botPool0-bot0] INFO  org.pircbotx.InputParser - :jdbener!jdbener@jdbener.tmi.twitch.tv PRIVMSG #biogenx2b :language dosent matter
18:28:26.501 [listenerPool0-thread23] INFO  org.pircbotx.output.OutputRaw - PRIVMSG #jdbener :Jdbener: language dosent matter
18:28:39.919 [botPool0-bot0] INFO  org.pircbotx.InputParser - :jdbener!jdbener@jdbener.tmi.twitch.tv PRIVMSG #biogenx2b :you can do anything in any language
18:28:39.920 [listenerPool0-thread21] INFO  org.pircbotx.output.OutputRaw - PRIVMSG #jdbener :Jdbener: you can do anything in any language
18:28:43.820 [botPool0-bot1] INFO  org.pircbotx.output.OutputRaw - PING 1416191323
18:28:43.934 [botPool0-bot1] INFO  org.pircbotx.InputParser - :irc.glados.tv PONG :irc.glados.tv 1416191323
18:29:11.549 [botPool0-bot0] INFO  org.pircbotx.InputParser - :jdbener!jdbener@jdbener.tmi.twitch.tv PRIVMSG #biogenx2b :the thing is
18:29:11.549 [listenerPool0-thread25] INFO  org.pircbotx.output.OutputRaw - PRIVMSG #jdbener :Jdbener: the thing is
18:29:19.387 [botPool0-bot0] INFO  org.pircbotx.InputParser - :jdbener!jdbener@jdbener.tmi.twitch.tv PRIVMSG #biogenx2b :im not a gui programer
18:29:19.389 [listenerPool0-thread20] INFO  org.pircbotx.output.OutputRaw - PRIVMSG #jdbener :Jdbener: im not a gui programer
18:29:44.275 [botPool0-bot0] INFO  org.pircbotx.InputParser - :jdbener!jdbener@jdbener.tmi.twitch.tv PRIVMSG #biogenx2b :so... what i would make would be absolute shit
18:29:44.277 [listenerPool0-thread28] INFO  org.pircbotx.output.OutputRaw - PRIVMSG #jdbener :Jdbener: so... what i would make would be absolute shit
18:30:09.525 [botPool0-bot0] INFO  org.pircbotx.InputParser - :jdbener!jdbener@jdbener.tmi.twitch.tv PRIVMSG #biogenx2b :maybe
18:30:09.526 [listenerPool0-thread21] INFO  org.pircbotx.output.OutputRaw - PRIVMSG #jdbener :Jdbener: maybe
18:30:23.015 [botPool0-bot0] INFO  org.pircbotx.InputParser - :jdbener!jdbener@jdbener.tmi.twitch.tv PRIVMSG #biogenx2b :but thats later on down the line
18:30:23.015 [listenerPool0-thread21] INFO  org.pircbotx.output.OutputRaw - PRIVMSG #jdbener :Jdbener: but thats later on down the line
18:30:35.688 [botPool0-bot0] INFO  org.pircbotx.InputParser - :jdbener!jdbener@jdbener.tmi.twitch.tv PRIVMSG #biogenx2b :im trying to scrape my brain for things to add
18:30:35.689 [listenerPool0-thread28] INFO  org.pircbotx.output.OutputRaw - PRIVMSG #jdbener :Jdbener: im trying to scrape my brain for things to add
18:30:57.358 [botPool0-bot0] INFO  org.pircbotx.InputParser - :jdbener!jdbener@jdbener.tmi.twitch.tv PRIVMSG #biogenx2b :and if i cant come up with anything, and you or my other two testers cant come up with anything
18:30:57.358 [listenerPool0-thread22] INFO  org.pircbotx.output.OutputRaw - PRIVMSG #jdbener :Jdbener: and if i cant come up with anything, and you or my other two testers cant come up with anything
18:31:06.884 [botPool0-bot0] INFO  org.pircbotx.InputParser - PING :tmi.twitch.tv
18:31:06.884 [listenerPool0-thread20] INFO  org.pircbotx.output.OutputRaw - PONG tmi.twitch.tv
18:31:21.661 [botPool0-bot0] INFO  org.pircbotx.InputParser - :admiralfunk!admiralfunk@admiralfunk.tmi.twitch.tv JOIN #biogenx2b
18:31:21.661 [botPool0-bot0] INFO  org.pircbotx.InputParser - :jtv MODE #biogenx2b +o admiralfunk
18:31:24.769 [botPool0-bot0] INFO  org.pircbotx.InputParser - :jdbener!jdbener@jdbener.tmi.twitch.tv PRIVMSG #biogenx2b :then ill start advertising BB and hopefully i can get some help with some of theis things
18:31:24.769 [listenerPool0-thread23] INFO  org.pircbotx.output.OutputRaw - PRIVMSG #jdbener :Jdbener: then ill start advertising BB and hopefully i can get some help with some of theis things
18:31:41.528 [botPool0-bot0] INFO  org.pircbotx.InputParser - :jdbener!jdbener@jdbener.tmi.twitch.tv PRIVMSG #biogenx2b :and people will start making plugins
18:31:41.528 [listenerPool0-thread17] INFO  org.pircbotx.output.OutputRaw - PRIVMSG #jdbener :Jdbener: and people will start making plugins
18:32:35.951 [botPool0-bot0] INFO  org.pircbotx.InputParser - :jdbener!jdbener@jdbener.tmi.twitch.tv PRIVMSG #biogenx2b :that would be great
18:32:35.952 [listenerPool0-thread25] INFO  org.pircbotx.output.OutputRaw - PRIVMSG #jdbener :Jdbener: that would be great
18:32:56.870 [botPool0-bot0] INFO  org.pircbotx.InputParser - :jdbener!jdbener@jdbener.tmi.twitch.tv PRIVMSG #biogenx2b :cause all i need is a backedn
18:32:56.871 [listenerPool0-thread17] INFO  org.pircbotx.output.OutputRaw - PRIVMSG #jdbener :Jdbener: cause all i need is a backedn
18:33:05.388 [botPool0-bot0] INFO  org.pircbotx.InputParser - :jdbener!jdbener@jdbener.tmi.twitch.tv PRIVMSG #biogenx2b :and people can make their own front ends
18:33:05.389 [listenerPool0-thread27] INFO  org.pircbotx.output.OutputRaw - PRIVMSG #jdbener :Jdbener: and people can make their own front ends
18:33:25.179 [botPool0-bot0] INFO  org.pircbotx.InputParser - :jdbener!jdbener@jdbener.tmi.twitch.tv PRIVMSG #biogenx2b :ok
18:33:25.179 [listenerPool0-thread27] INFO  org.pircbotx.output.OutputRaw - PRIVMSG #jdbener :Jdbener: ok
18:33:35.025 [botPool0-bot0] INFO  org.pircbotx.InputParser - :jdbener!jdbener@jdbener.tmi.twitch.tv PRIVMSG #biogenx2b :i make a loop that calls my setup function
18:33:35.026 [listenerPool0-thread28] INFO  org.pircbotx.output.OutputRaw - PRIVMSG #jdbener :Jdbener: i make a loop that calls my setup function
18:33:38.305 [botPool0-bot0] INFO  org.pircbotx.InputParser - :jdbener!jdbener@jdbener.tmi.twitch.tv PRIVMSG #biogenx2b :and that should do it
18:33:38.307 [listenerPool0-thread19] INFO  org.pircbotx.output.OutputRaw - PRIVMSG #jdbener :Jdbener: and that should do it
18:33:41.363 [botPool0-bot0] INFO  org.pircbotx.InputParser - :jdbener!jdbener@jdbener.tmi.twitch.tv PRIVMSG #biogenx2b :i think
18:33:41.364 [listenerPool0-thread23] INFO  org.pircbotx.output.OutputRaw - PRIVMSG #jdbener :Jdbener: i think
18:33:43.936 [botPool0-bot1] INFO  org.pircbotx.output.OutputRaw - PING 1416191623
18:33:44.877 [botPool0-bot1] INFO  org.pircbotx.InputParser - :irc.glados.tv PONG :irc.glados.tv LAG3097382720
18:34:19.395 [botPool0-bot0] INFO  org.pircbotx.InputParser - :jdbener!jdbener@jdbener.tmi.twitch.tv PRIVMSG #biogenx2b :ill try it
18:34:19.396 [listenerPool0-thread19] INFO  org.pircbotx.output.OutputRaw - PRIVMSG #jdbener :Jdbener: ill try it
18:34:23.338 [botPool0-bot0] INFO  org.pircbotx.InputParser - :jdbener!jdbener@jdbener.tmi.twitch.tv PRIVMSG #biogenx2b :cause i have noticed
18:34:23.340 [listenerPool0-thread27] INFO  org.pircbotx.output.OutputRaw - PRIVMSG #jdbener :Jdbener: cause i have noticed
18:34:34.162 [botPool0-bot0] INFO  org.pircbotx.InputParser - :jdbener!jdbener@jdbener.tmi.twitch.tv PRIVMSG #biogenx2b :that i have kinda been winding down in my coding recently
18:34:34.162 [listenerPool0-thread19] INFO  org.pircbotx.output.OutputRaw - PRIVMSG #jdbener :Jdbener: that i have kinda been winding down in my coding recently
18:35:06.810 [botPool0-bot0] INFO  org.pircbotx.InputParser - :jdbener!jdbener@jdbener.tmi.twitch.tv PRIVMSG #biogenx2b :the server it is conected to wont reload
18:35:06.811 [listenerPool0-thread25] INFO  org.pircbotx.output.OutputRaw - PRIVMSG #jdbener :Jdbener: the server it is conected to wont reload
18:35:12.947 [botPool0-bot0] INFO  org.pircbotx.InputParser - :jdbener!jdbener@jdbener.tmi.twitch.tv PRIVMSG #biogenx2b :but other things should be able to
18:35:12.952 [listenerPool0-thread26] INFO  org.pircbotx.output.OutputRaw - PRIVMSG #jdbener :Jdbener: but other things should be able to
18:35:28.498 [botPool0-bot0] INFO  org.pircbotx.InputParser - :jdbener!jdbener@jdbener.tmi.twitch.tv PRIVMSG #biogenx2b :2 is months
18:35:28.498 [listenerPool0-thread26] INFO  org.pircbotx.output.OutputRaw - PRIVMSG #jdbener :Jdbener: 2 is months
18:35:45.240 [botPool0-bot0] INFO  org.pircbotx.InputParser - PING :tmi.twitch.tv
18:35:45.240 [listenerPool0-thread20] INFO  org.pircbotx.output.OutputRaw - PONG tmi.twitch.tv
18:35:53.061 [botPool0-bot0] INFO  org.pircbotx.InputParser - :jdbener!jdbener@jdbener.tmi.twitch.tv PRIVMSG #biogenx2b :well a joke in the homeschool comunity is
18:35:53.061 [listenerPool0-thread25] INFO  org.pircbotx.output.OutputRaw - PRIVMSG #jdbener :Jdbener: well a joke in the homeschool comunity is
18:36:11.644 [botPool0-bot0] INFO  org.pircbotx.InputParser - :jdbener!jdbener@jdbener.tmi.twitch.tv PRIVMSG #biogenx2b :"what dose this word 'social' you speak of"
18:36:11.644 [listenerPool0-thread21] INFO  org.pircbotx.output.OutputRaw - PRIVMSG #jdbener :Jdbener: "what dose this word 'social' you speak of"
18:36:19.357 [botPool0-bot0] INFO  org.pircbotx.InputParser - :jdbener!jdbener@jdbener.tmi.twitch.tv PRIVMSG #biogenx2b :i wrote BB in 2 months
18:36:19.358 [listenerPool0-thread29] INFO  org.pircbotx.output.OutputRaw - PRIVMSG #jdbener :Jdbener: i wrote BB in 2 months
18:36:41.436 [botPool0-bot0] INFO  org.pircbotx.InputParser - :jdbener!jdbener@jdbener.tmi.twitch.tv PRIVMSG #biogenx2b :and im to the point where i gave it a shorthand name
18:36:41.436 [listenerPool0-thread20] INFO  org.pircbotx.output.OutputRaw - PRIVMSG #jdbener :Jdbener: and im to the point where i gave it a shorthand name
18:37:42.853 [botPool0-bot1] INFO  org.pircbotx.InputParser - PING :irc.glados.tv
18:37:42.854 [listenerPool1-thread29] INFO  org.pircbotx.output.OutputRaw - PONG irc.glados.tv
18:38:44.209 [botPool0-bot1] INFO  org.pircbotx.InputParser - PING :irc.glados.tv
18:38:44.209 [listenerPool1-thread36] INFO  org.pircbotx.output.OutputRaw - PONG irc.glados.tv
18:39:46.500 [botPool0-bot1] INFO  org.pircbotx.InputParser - PING :irc.glados.tv
18:39:46.504 [listenerPool1-thread43] INFO  org.pircbotx.output.OutputRaw - PONG irc.glados.tv
18:40:21.587 [botPool0-bot0] INFO  org.pircbotx.InputParser - PING :tmi.twitch.tv
18:40:21.588 [listenerPool0-thread31] INFO  org.pircbotx.output.OutputRaw - PONG tmi.twitch.tv
18:40:48.280 [botPool0-bot1] INFO  org.pircbotx.InputParser - PING :irc.glados.tv
18:40:48.282 [listenerPool1-thread54] INFO  org.pircbotx.output.OutputRaw - PONG irc.glados.tv
18:41:50.314 [botPool0-bot1] INFO  org.pircbotx.InputParser - PING :irc.glados.tv
18:41:50.315 [listenerPool1-thread65] INFO  org.pircbotx.output.OutputRaw - PONG irc.glados.tv
18:42:03.798 [bot2-shutdownhook] INFO  org.pircbotx.output.OutputRaw - QUIT :
18:42:03.798 [bot2-shutdownhook] INFO  org.pircbotx.output.OutputRaw - QUIT :
18:42:03.807 [bot2-shutdownhook] WARN  org.pircbotx.Channel - Channel #biogenx2b mode '' is stale
18:42:03.832 [bot2-shutdownhook] WARN  org.pircbotx.Channel - Channel #biogenx2b mode '' is stale
18:42:03.837 [bot2-shutdownhook] INFO  org.pircbotx.dcc.DccHandler - Terminating all transfers waiting to be accepted
18:42:03.837 [bot2-shutdownhook] INFO  org.pircbotx.dcc.DccHandler - Terminating all transfers waiting to be accepted
18:42:03.837 [botPool0-bot0] INFO  org.pircbotx.PircBotX - Shutdown has been called, closing InputParser
18:42:03.837 [botPool0-bot1] INFO  org.pircbotx.PircBotX - Shutdown has been called, closing InputParser
18:42:03.838 [botPool0-bot1] DEBUG o.p.MultiBotManager$BotFutureCallback - Bot #1 finished
18:42:03.838 [botPool0-bot0] DEBUG o.p.MultiBotManager$BotFutureCallback - Bot #0 finished
18:42:03.838 [bot2-shutdownhook] DEBUG org.pircbotx.PircBotX - Disconnected.
18:42:03.839 [bot2-shutdownhook] DEBUG o.p.h.m.ThreadedListenerManager - Waiting for listener me.jdbener.apis.hitbox.HitboxStatusGameUpdater@5a925c95 to execute event DisconnectEvent(daoSnapshot=org.pircbotx.snapshot.UserChannelDaoSnapshot@707c0d90, disconnectException=null)
18:42:03.839 [bot2-shutdownhook] DEBUG org.pircbotx.PircBotX - Disconnected.
18:42:03.839 [bot2-shutdownhook] DEBUG o.p.h.m.ThreadedListenerManager - Waiting for listener me.jdbener.utilities.Infromation@1b490621 to execute event DisconnectEvent(daoSnapshot=org.pircbotx.snapshot.UserChannelDaoSnapshot@614c0482, disconnectException=null)
18:42:03.840 [bot2-shutdownhook] DEBUG o.p.h.m.ThreadedListenerManager - Waiting for listener me.jdbener.utilities.ChatRelayHandeler@906fc22 to execute event DisconnectEvent(daoSnapshot=org.pircbotx.snapshot.UserChannelDaoSnapshot@707c0d90, disconnectException=null)
18:42:03.840 [bot2-shutdownhook] DEBUG o.p.h.m.ThreadedListenerManager - Waiting for listener me.jdbener.Cleaner@2111e072 to execute event DisconnectEvent(daoSnapshot=org.pircbotx.snapshot.UserChannelDaoSnapshot@614c0482, disconnectException=null)
18:42:03.841 [bot2-shutdownhook] DEBUG o.p.h.m.ThreadedListenerManager - Waiting for listener me.jdbener.utilities.BotJoinHandeler@2b672c8c to execute event DisconnectEvent(daoSnapshot=org.pircbotx.snapshot.UserChannelDaoSnapshot@614c0482, disconnectException=null)
18:42:03.843 [bot2-shutdownhook] DEBUG o.p.h.m.ThreadedListenerManager - Waiting for listener me.jdbener.utilities.BotJoinHandeler@7a4f0b5b to execute event DisconnectEvent(daoSnapshot=org.pircbotx.snapshot.UserChannelDaoSnapshot@707c0d90, disconnectException=null)
