11:06:41.162 [main] INFO  me.jdbener.Bennerbot - Begining plugin loading
11:06:41.259 [main] INFO  me.jdbener.Bennerbot - Finished looking for plugins in: plugins
11:06:41.295 [main] INFO  me.jdbener.Bennerbot - Finished looking for plugins in: plugins/BasicCommands
11:06:41.296 [main] INFO  me.jdbener.Bennerbot - Finished looking for plugins in: plugins/dissabled
11:06:41.298 [main] INFO  me.jdbener.Bennerbot - Beggining pluging loading sequence
11:06:41.298 [main] INFO  me.jdbener.Bennerbot - Beggining loading of: Basic Commands
11:06:41.298 [main] INFO  me.jdbener.Bennerbot - Added listener to twitch bot
11:06:41.298 [main] INFO  me.jdbener.Bennerbot - Added listener to hitbox bot
11:06:41.298 [main] INFO  me.jdbener.Bennerbot - Basic Commands has been sucessfully loaded!
11:06:41.298 [main] INFO  me.jdbener.Bennerbot - Finished pluging loading sequence
11:06:41.299 [main] INFO  me.jdbener.Bennerbot - Proceading with BennerBot initiation sequence
11:06:42.844 [main] INFO  me.jdbener.Bennerbot - Successfully initiated follower notifications
11:06:42.853 [main] INFO  me.jdbener.Bennerbot - Successfully initiated twitch api connections
11:06:43.382 [main] DEBUG org.pircbotx.MultiBotManager - Not started yet, add to queue
11:06:43.383 [main] DEBUG org.pircbotx.MultiBotManager - Not started yet, add to queue
11:06:43.397 [main] INFO  me.jdbener.Bennerbot - Started Loading the GUI
11:06:43.450 [botPool0-bot0] DEBUG org.pircbotx.PircBotX - Trying address irc.twitch.tv/199.9.250.229
11:06:43.457 [botPool0-bot1] DEBUG org.pircbotx.PircBotX - Trying address irc.glados.tv/192.99.100.37
11:06:43.478 [botPool0-bot0] INFO  org.pircbotx.PircBotX - Connected to server.
11:06:43.484 [botPool0-bot0] INFO  org.pircbotx.output.OutputRaw - PASS oauth:hrr2wpqq0knt6sb0spzd3d1mugpdezf
11:06:43.484 [botPool0-bot0] INFO  org.pircbotx.output.OutputRaw - NICK BennerBot
11:06:43.484 [botPool0-bot0] INFO  org.pircbotx.output.OutputRaw - USER BennerBot 8 * :PircBotX 2.0.1, a fork of PircBot, the Java IRC bot - pircbotx.googlecode.com
11:06:43.541 [botPool0-bot0] INFO  org.pircbotx.InputParser - :tmi.twitch.tv 001 bennerbot :Welcome, GLHF!
11:06:43.552 [botPool0-bot0] DEBUG org.pircbotx.InputParser - Logged onto server.
11:06:43.573 [botPool0-bot1] INFO  org.pircbotx.PircBotX - Connected to server.
11:06:43.577 [botPool0-bot1] INFO  org.pircbotx.output.OutputRaw - PASS bennerbot
11:06:43.577 [botPool0-bot1] INFO  org.pircbotx.output.OutputRaw - NICK bennerbot
11:06:43.577 [botPool0-bot1] INFO  org.pircbotx.output.OutputRaw - USER BennerBot 8 * :PircBotX 2.0.1, a fork of PircBot, the Java IRC bot - pircbotx.googlecode.com
11:06:44.485 [botPool0-bot0] INFO  org.pircbotx.output.OutputRaw - JOIN #pinkandorangeandgold 
11:06:44.486 [botPool0-bot0] INFO  org.pircbotx.InputParser - :tmi.twitch.tv 002 bennerbot :Your host is tmi.twitch.tv
11:06:44.487 [botPool0-bot0] INFO  org.pircbotx.InputParser - :tmi.twitch.tv 003 bennerbot :This server is rather new
11:06:44.488 [botPool0-bot0] INFO  org.pircbotx.InputParser - :tmi.twitch.tv 004 bennerbot :-
11:06:44.494 [botPool0-bot0] ERROR org.pircbotx.PircBotX - Exception encountered when parsing line
java.lang.IndexOutOfBoundsException: Index: 1, Size: 1
	at java.util.ArrayList.rangeCheck(Unknown Source) ~[na:1.7.0_45]
	at java.util.ArrayList.get(Unknown Source) ~[na:1.7.0_45]
	at org.pircbotx.ServerInfo.parse004(ServerInfo.java:113) ~[pircbotx-2.0.1.jar:na]
	at org.pircbotx.ServerInfo.parse(ServerInfo.java:106) ~[pircbotx-2.0.1.jar:na]
	at org.pircbotx.InputParser.processServerResponse(InputParser.java:709) ~[pircbotx-2.0.1.jar:na]
	at org.pircbotx.InputParser.handleLine(InputParser.java:323) ~[pircbotx-2.0.1.jar:na]
	at org.pircbotx.PircBotX.startLineProcessing(PircBotX.java:275) [pircbotx-2.0.1.jar:na]
	at org.pircbotx.PircBotX.connect(PircBotX.java:236) [pircbotx-2.0.1.jar:na]
	at org.pircbotx.MultiBotManager$BotRunner.call(MultiBotManager.java:219) [pircbotx-2.0.1.jar:na]
	at org.pircbotx.MultiBotManager$BotRunner.call(MultiBotManager.java:212) [pircbotx-2.0.1.jar:na]
	at java.util.concurrent.FutureTask.run(Unknown Source) [na:1.7.0_45]
	at java.util.concurrent.ThreadPoolExecutor.runWorker(Unknown Source) [na:1.7.0_45]
	at java.util.concurrent.ThreadPoolExecutor$Worker.run(Unknown Source) [na:1.7.0_45]
	at java.lang.Thread.run(Unknown Source) [na:1.7.0_45]
11:06:44.495 [botPool0-bot0] INFO  org.pircbotx.InputParser - :tmi.twitch.tv 375 bennerbot :-
11:06:44.495 [botPool0-bot0] INFO  org.pircbotx.InputParser - :tmi.twitch.tv 372 bennerbot :You are in a maze of twisty passages, all alike.
11:06:44.496 [botPool0-bot0] INFO  org.pircbotx.InputParser - :tmi.twitch.tv 376 bennerbot :>
11:06:44.579 [botPool0-bot0] INFO  org.pircbotx.InputParser - :bennerbot!bennerbot@bennerbot.tmi.twitch.tv JOIN #pinkandorangeandgold
11:06:45.486 [botPool0-bot0] INFO  org.pircbotx.output.OutputRaw - WHO #pinkandorangeandgold
11:06:46.487 [botPool0-bot0] INFO  org.pircbotx.output.OutputRaw - MODE #pinkandorangeandgold
11:06:46.491 [botPool0-bot0] INFO  org.pircbotx.InputParser - :bennerbot.tmi.twitch.tv 353 bennerbot = #pinkandorangeandgold :bennerbot
11:06:46.491 [botPool0-bot0] INFO  org.pircbotx.InputParser - :bennerbot.tmi.twitch.tv 366 bennerbot #pinkandorangeandgold :End of /NAMES list
11:06:46.492 [botPool0-bot0] INFO  org.pircbotx.InputParser - :jtv!jtv@jtv.tmi.twitch.tv PRIVMSG bennerbot :USERCOLOR bennerbot #FF0000
11:06:46.493 [botPool0-bot0] INFO  org.pircbotx.InputParser - :jtv!jtv@jtv.tmi.twitch.tv PRIVMSG bennerbot :HISTORYEND pinkandorangeandgold
11:06:46.493 [botPool0-bot0] INFO  org.pircbotx.InputParser - :jtv!jtv@jtv.tmi.twitch.tv PRIVMSG bennerbot :HOSTTARGET kahmul78 -
11:06:46.494 [botPool0-bot0] INFO  org.pircbotx.InputParser - :jtv!jtv@jtv.tmi.twitch.tv PRIVMSG bennerbot :Now hosting kahmul78.
11:06:46.494 [botPool0-bot0] INFO  org.pircbotx.InputParser - :tmi.twitch.tv 421 bennerbot WHO :Unknown command
11:06:46.873 [botPool0-bot1] INFO  org.pircbotx.InputParser - :irc.glados.tv 001 bennerbot :Welcome to the hitbox-tv IRC Network bennerbot!BennerBot@ip.bennerbot.chat.hitbox.tv (Connection ID: 40025dc5-4b45-4470-ba44-9384051cdcaa)
11:06:46.873 [botPool0-bot1] DEBUG org.pircbotx.InputParser - Logged onto server.
11:06:46.873 [botPool0-bot1] INFO  org.pircbotx.output.OutputRaw - JOIN #pinkandorangeandgold 
11:06:46.876 [botPool0-bot1] INFO  org.pircbotx.InputParser - :irc.glados.tv 002 bennerbot :Your host is irc.glados.tv, running version IrcD.Net, Version=0.3.5351.28745, Culture=neutral, PublicKeyToken=null
11:06:46.876 [botPool0-bot1] INFO  org.pircbotx.InputParser - :irc.glados.tv 003 bennerbot :This server was created 11/13/2014 6:08:51 AM
11:06:46.877 [botPool0-bot1] INFO  org.pircbotx.InputParser - :irc.glados.tv 004 bennerbot :irc.glados.tv ircD.Net.0.3.5351.28745 Oiorwx ahovITbceiklmnpst
11:06:46.877 [botPool0-bot1] ERROR org.pircbotx.PircBotX - Exception encountered when parsing line
java.lang.IndexOutOfBoundsException: Index: 1, Size: 1
	at java.util.ArrayList.rangeCheck(Unknown Source) ~[na:1.7.0_45]
	at java.util.ArrayList.get(Unknown Source) ~[na:1.7.0_45]
	at org.pircbotx.ServerInfo.parse004(ServerInfo.java:113) ~[pircbotx-2.0.1.jar:na]
	at org.pircbotx.ServerInfo.parse(ServerInfo.java:106) ~[pircbotx-2.0.1.jar:na]
	at org.pircbotx.InputParser.processServerResponse(InputParser.java:709) ~[pircbotx-2.0.1.jar:na]
	at org.pircbotx.InputParser.handleLine(InputParser.java:323) ~[pircbotx-2.0.1.jar:na]
	at org.pircbotx.PircBotX.startLineProcessing(PircBotX.java:275) [pircbotx-2.0.1.jar:na]
	at org.pircbotx.PircBotX.connect(PircBotX.java:236) [pircbotx-2.0.1.jar:na]
	at org.pircbotx.MultiBotManager$BotRunner.call(MultiBotManager.java:219) [pircbotx-2.0.1.jar:na]
	at org.pircbotx.MultiBotManager$BotRunner.call(MultiBotManager.java:212) [pircbotx-2.0.1.jar:na]
	at java.util.concurrent.FutureTask.run(Unknown Source) [na:1.7.0_45]
	at java.util.concurrent.ThreadPoolExecutor.runWorker(Unknown Source) [na:1.7.0_45]
	at java.util.concurrent.ThreadPoolExecutor$Worker.run(Unknown Source) [na:1.7.0_45]
	at java.lang.Thread.run(Unknown Source) [na:1.7.0_45]
11:06:46.877 [botPool0-bot1] INFO  org.pircbotx.InputParser - :irc.glados.tv 005 bennerbot STD=draft03 PREFIX=(aohv)&@%+ CHANMODES=Ibe,k,l,Tcimnpst CHANTYPES=# CHANLIMIT=#:10 INEVEX=I EXCEPTS=e NETWORK=hitbox-tv CASEMAPPING=ascii CHANNELLEN=40 NICKLEN=32 MAXNICKLEN=32 TOPICLEN=300 KICKLEN=300 AWAYLEN=300 KNOCK LANGUAGE=5,af,sq,am,ar,hy,az,eu,be,bn,bh,bg,my,ca,chr,zh,zh-CN,zh-TW,hr,cs,da,dv,nl,en,eo,et,tl,fi,fr,gl,ka,de,el,gn,gu,iw,hi,hu,is,id,iu,it,ja,kn,kk,km,ko,ku,ky,lo,lv,lt,mk,ms,ml,mt,mr,mn,ne,no,or,ps,fa,pl,pt-PT,pa,ro,ru,sa,sr,sd :are supported by this server
11:06:46.878 [botPool0-bot1] INFO  org.pircbotx.InputParser - :irc.glados.tv 005 bennerbot LANGUAGE=5,si,sk,sl,es,sw,sv,tg,ta,te,th,bo,tr,uk,ur,uz,ug,vi SILENCE=25 RFC2812 :are supported by this server
11:06:46.878 [botPool0-bot1] INFO  org.pircbotx.InputParser - :irc.glados.tv 375 bennerbot :- irc.glados.tv Message of the day -
11:06:46.878 [botPool0-bot1] INFO  org.pircbotx.InputParser - :irc.glados.tv 372 bennerbot :-   +MMMMMMMMMMMMmdho+oddmNMMMMMMMMMMMMM $$\   $$\ $$\   $$\     $$\                                 $$$$$$\ $$$$$$$\   $$$$$$\  
11:06:46.879 [botPool0-bot1] INFO  org.pircbotx.InputParser - :irc.glados.tv 372 bennerbot :-   +MMMMMMMMNdoo/::-:///+osymNMMMMMMMMM $$ |  $$ |\__|  $$ |    $$ |                                \_$$  _|$$  __$$\ $$  __$$\ 
11:06:46.879 [botPool0-bot1] INFO  org.pircbotx.InputParser - :irc.glados.tv 372 bennerbot :-   +MMMMMMMMh::-----:////////dMMMMMMMMM $$ |  $$ |$$\ $$$$$$\   $$$$$$$\   $$$$$$\  $$\   $$\         $$ |  $$ |  $$ |$$ /  \__|
11:06:46.880 [botPool0-bot1] INFO  org.pircbotx.InputParser - :irc.glados.tv 372 bennerbot :-   +MMMMMMMMh:::----:////////dMMMMMMMMM $$$$$$$$ |$$ |\_$$  _|  $$  __$$\ $$  __$$\ \$$\ $$  |        $$ |  $$$$$$$  |$$ |     
11:06:46.880 [botPool0-bot1] INFO  org.pircbotx.InputParser - :irc.glados.tv 372 bennerbot :-   +MMMMMMMMh:::----:////////dMMMMMMMMM $$  __$$ |$$ |  $$ |    $$ |  $$ |$$ /  $$ | \$$$$  /         $$ |  $$  __$$< $$ |      
11:06:46.880 [botPool0-bot1] INFO  org.pircbotx.InputParser - :irc.glados.tv 372 bennerbot :-   +MMMMMMMMh::::---:////////dMMMMMMMMM $$ |  $$ |$$ |  $$ |$$\ $$ |  $$ |$$ |  $$ | $$  $$<          $$ |  $$ |  $$ |$$ |  $$\ 
11:06:46.881 [botPool0-bot1] INFO  org.pircbotx.InputParser - :irc.glados.tv 372 bennerbot :-   +MMMMMMMMh:::://++oo++++/+dMMMMMMMMM $$ |  $$ |$$ |  \$$$$  |$$$$$$$  |\$$$$$$  |$$  /\$$\       $$$$$$\ $$ |  $$ |\$$$$$$  |
11:06:46.881 [botPool0-bot1] INFO  org.pircbotx.InputParser - :irc.glados.tv 372 bennerbot :-   +MMMMMMMMmhmmdddddddddmmmmNMMMMMMMMM \__|  \__|\__|   \____/ \_______/  \______/ \__/  \__|      \______|\__|  \__| \______/ 
11:06:46.882 [botPool0-bot1] INFO  org.pircbotx.InputParser - :irc.glados.tv 372 bennerbot :-   +NyssssMyo+///:::::/+++oosyhMyyyhhMM
11:06:46.883 [botPool0-bot1] INFO  org.pircbotx.InputParser - :irc.glados.tv 372 bennerbot :-   +N:::::Mo::::::::::////++++yM+++ooNM $$$$$$$\            $$\                                                                 
11:06:46.883 [botPool0-bot1] INFO  org.pircbotx.InputParser - :irc.glados.tv 372 bennerbot :-   +N:::::Mo::::::::::///+++++yM++oooNM $$$$$$$\            $$\                           
11:06:46.986 [botPool0-bot1] INFO  org.pircbotx.InputParser - :irc.glados.tv 372 bennerbot :-   +N:::::Mo:::::::::://++++++yM+ooooNM $$  __$$\           $$ |                         
11:06:46.987 [botPool0-bot1] INFO  org.pircbotx.InputParser - :irc.glados.tv 372 bennerbot :-   +N:::::Mo:::::::::://++++++yMoooooNM $$ |  $$ | $$$$$$\  $$ | $$$$$$\  $$\   $$\          
11:06:46.987 [botPool0-bot1] INFO  org.pircbotx.InputParser - :irc.glados.tv 372 bennerbot :-   +N:::::Mo::::::::://+++++++yMoooooNM $$$$$$$  |$$  __$$\ $$ | \____$$\ $$ |  $$ |        
11:06:46.990 [botPool0-bot1] INFO  org.pircbotx.InputParser - :irc.glados.tv 372 bennerbot :-   +N/::::Mo:::::::::/++++++++yMoosyhMM $$  __$$< $$$$$$$$ |$$ | $$$$$$$ |$$ |  $$ |      
11:06:46.990 [botPool0-bot1] INFO  org.pircbotx.InputParser - :irc.glados.tv 372 bennerbot :-   +Mho//:Mo:::::::::/+++++++oyMhdNMMMM $$ |  $$ |$$   ____|$$ |$$  __$$ |$$ |  $$ |       
11:06:46.990 [botPool0-bot1] INFO  org.pircbotx.InputParser - :irc.glados.tv 372 bennerbot :-   +MMMMNhMy+/:::::::/++++oshmNMMMMMMMM $$ |  $$ |\$$$$$$$\ $$ |\$$$$$$$ |\$$$$$$$ |       
11:06:46.990 [botPool0-bot1] INFO  org.pircbotx.InputParser - :irc.glados.tv 372 bennerbot :-   +MMMMMMMhyddhs+/::/+oydmmhyhMMMMMMMM \__|  \__| \_______|\__| \_______| \____$$ |             -Community Driven
11:06:46.991 [botPool0-bot1] INFO  org.pircbotx.InputParser - :irc.glados.tv 372 bennerbot :-   +MMMMMMMo::/+shhhhddmdyo+ooyMMMMMMMM                                   $$\   $$ |      
11:06:46.991 [botPool0-bot1] INFO  org.pircbotx.InputParser - :irc.glados.tv 372 bennerbot :-   +MMMMMMMo:::::::/dNd+++++ooyMMMMMMMM                                   \$$$$$$  |  
11:06:46.991 [botPool0-bot1] INFO  org.pircbotx.InputParser - :irc.glados.tv 372 bennerbot :-   +MMMMMMMs::::::::hNh++++oooyMMMMMMMM                                    \______/  
11:06:46.992 [botPool0-bot1] INFO  org.pircbotx.InputParser - :irc.glados.tv 372 bennerbot :-   +MMMMMMMNdso//:::hNh++oosydNMMMMMMMM
11:06:46.993 [botPool0-bot1] INFO  org.pircbotx.InputParser - :irc.glados.tv 372 bennerbot :-   +MMMMMMMMMMMmdyo/dNh+shmNMMMMMMMMMMM
11:06:46.993 [botPool0-bot1] INFO  org.pircbotx.InputParser - :irc.glados.tv 372 bennerbot :-   +MMMMMMMMMMMMMMMNMMMNMMMMMMMMMMMMMMM
11:06:46.994 [botPool0-bot1] INFO  org.pircbotx.InputParser - :irc.glados.tv 372 bennerbot :-   
11:06:46.994 [botPool0-bot1] INFO  org.pircbotx.InputParser - :irc.glados.tv 372 bennerbot :-   Join #help for problems/assistance. To join channels, use the lowercase version of the channel name (ex. Danbopes => #danbopes)
11:06:46.996 [botPool0-bot1] INFO  org.pircbotx.InputParser - :irc.glados.tv 372 bennerbot :-   
11:06:46.996 [botPool0-bot1] INFO  org.pircbotx.InputParser - :irc.glados.tv 376 bennerbot :End of MOTD command
11:06:46.997 [botPool0-bot1] INFO  org.pircbotx.InputParser - :irc.glados.tv 251 bennerbot :There are 156 users and 0 services on 1 servers
11:06:46.998 [botPool0-bot1] INFO  org.pircbotx.InputParser - :irc.glados.tv 252 bennerbot 0 :operator(s) online
11:06:46.999 [botPool0-bot1] INFO  org.pircbotx.InputParser - :irc.glados.tv 253 bennerbot 11 :unknown connection(s)
11:06:46.999 [botPool0-bot1] INFO  org.pircbotx.InputParser - :irc.glados.tv 254 bennerbot 1 :channels formed
11:06:47.000 [botPool0-bot1] INFO  org.pircbotx.InputParser - :irc.glados.tv 255 bennerbot :I have 156 clients and 1 servers
11:06:47.488 [listenerPool0-thread8] INFO  org.pircbotx.output.OutputRaw - PRIVMSG #pinkandorangeandgold :/color #ff0000
11:06:47.540 [botPool0-bot0] INFO  org.pircbotx.InputParser - :jtv!jtv@jtv.tmi.twitch.tv PRIVMSG bennerbot :USERCOLOR bennerbot #FF0000
11:06:47.540 [botPool0-bot0] INFO  org.pircbotx.InputParser - :jtv!jtv@jtv.tmi.twitch.tv PRIVMSG bennerbot :Your color has been changed
11:06:47.874 [listenerPool0-thread8] INFO  org.pircbotx.output.OutputRaw - PRIVMSG #pinkandorangeandgold :/color #ff0000
11:06:48.489 [listenerPool1-thread1] INFO  org.pircbotx.output.OutputRaw - PRIVMSG #pinkandorangeandgold :/color #ff0000
11:06:48.573 [botPool0-bot0] INFO  org.pircbotx.InputParser - :jtv!jtv@jtv.tmi.twitch.tv PRIVMSG bennerbot :USERCOLOR bennerbot #FF0000
11:06:48.574 [botPool0-bot0] INFO  org.pircbotx.InputParser - :jtv!jtv@jtv.tmi.twitch.tv PRIVMSG bennerbot :Your color has been changed
11:06:48.875 [listenerPool1-thread1] INFO  org.pircbotx.output.OutputRaw - PRIVMSG #pinkandorangeandgold :/color #ff0000
11:06:50.649 [botPool0-bot1] INFO  org.pircbotx.InputParser - :bennerbot!BennerBot@ip.bennerbot.chat.hitbox.tv JOIN #pinkandorangeandgold
11:06:50.649 [botPool0-bot1] INFO  org.pircbotx.output.OutputRaw - WHO #pinkandorangeandgold
11:06:51.650 [botPool0-bot1] INFO  org.pircbotx.output.OutputRaw - MODE #pinkandorangeandgold
11:06:51.650 [botPool0-bot1] INFO  org.pircbotx.InputParser - :irc.glados.tv 332 bennerbot #pinkandorangeandgold :[Speedrun] All Bosses - Magic
11:06:51.650 [botPool0-bot1] INFO  org.pircbotx.InputParser - :irc.glados.tv 353 bennerbot = #pinkandorangeandgold :bennerbot @PinkAndOrangeAndGold
11:06:51.651 [botPool0-bot1] INFO  org.pircbotx.InputParser - :irc.glados.tv 366 bennerbot #pinkandorangeandgold :End of NAMES list
11:06:51.651 [botPool0-bot1] INFO  org.pircbotx.InputParser - :irc.glados.tv 315 bennerbot #pinkandorangeandgold :End of /WHO list.
11:06:51.764 [botPool0-bot1] INFO  org.pircbotx.InputParser - :irc.glados.tv 324 bennerbot #pinkandorangeandgold +
11:06:51.989 [botPool0-bot0] INFO  org.pircbotx.InputParser - :jdbener!jdbener@jdbener.tmi.twitch.tv PRIVMSG #pinkandorangeandgold :!hello
11:06:51.990 [listenerPool0-thread4] INFO  org.pircbotx.output.OutputRaw - PRIVMSG #pinkandorangeandgold :!hello
11:06:52.991 [listenerPool0-thread14] INFO  org.pircbotx.output.OutputRaw - PRIVMSG #pinkandorangeandgold :Hey, jdbener!
11:07:00.521 [botPool0-bot0] INFO  org.pircbotx.InputParser - :jdbener!jdbener@jdbener.tmi.twitch.tv PRIVMSG #pinkandorangeandgold :ok mine dose it also
11:07:00.524 [listenerPool0-thread4] INFO  org.pircbotx.output.OutputRaw - PRIVMSG #pinkandorangeandgold :Jdbener: ok mine dose it also
11:07:04.762 [botPool0-bot0] INFO  org.pircbotx.InputParser - :pinkandorangeandgold!pinkandorangeandgold@pinkandorangeandgold.tmi.twitch.tv PRIVMSG #pinkandorangeandgold :!hello
11:07:04.762 [listenerPool0-thread15] INFO  org.pircbotx.output.OutputRaw - PRIVMSG #pinkandorangeandgold :!hello
11:07:05.763 [listenerPool0-thread8] INFO  org.pircbotx.output.OutputRaw - PRIVMSG #pinkandorangeandgold :Hey, pinkandorangeandgold!
11:07:25.770 [botPool0-bot1] INFO  org.pircbotx.InputParser - :Jdbener!Jdbener@ip.Jdbener.chat.hitbox.tv JOIN #pinkandorangeandgold
11:07:26.084 [botPool0-bot1] INFO  org.pircbotx.InputParser - :Jdbener!Jdbener@ip.Jdbener.chat.hitbox.tv PRIVMSG #pinkandorangeandgold :!hello
11:07:26.084 [listenerPool1-thread47] INFO  org.pircbotx.output.OutputRaw - PRIVMSG #pinkandorangeandgold :Hey, Jdbener!
11:07:26.084 [listenerPool1-thread31] INFO  org.pircbotx.output.OutputRaw - PRIVMSG #pinkandorangeandgold :!hello
11:07:39.485 [botPool0-bot0] INFO  org.pircbotx.InputParser - :jdbener!jdbener@jdbener.tmi.twitch.tv PRIVMSG #pinkandorangeandgold :and on hitbox it seams to work finr
11:07:39.485 [listenerPool0-thread12] INFO  org.pircbotx.output.OutputRaw - PRIVMSG #pinkandorangeandgold :Jdbener: and on hitbox it seams to work finr
11:07:42.288 [botPool0-bot0] INFO  org.pircbotx.InputParser - :jdbener!jdbener@jdbener.tmi.twitch.tv PRIVMSG #pinkandorangeandgold :fine*
11:07:42.288 [listenerPool0-thread5] INFO  org.pircbotx.output.OutputRaw - PRIVMSG #pinkandorangeandgold :Jdbener: fine*
11:07:43.328 [botPool0-bot0] INFO  org.pircbotx.InputParser - :pinkandorangeandgold!pinkandorangeandgold@pinkandorangeandgold.tmi.twitch.tv PRIVMSG #pinkandorangeandgold :typing command in gui didnt work for me :D
11:07:43.329 [listenerPool0-thread1] INFO  org.pircbotx.output.OutputRaw - PRIVMSG #pinkandorangeandgold :Pinkandorangeandgold: typing command in gui didnt work for me :D
11:07:59.148 [botPool0-bot0] INFO  org.pircbotx.InputParser - :pinkandorangeandgold!pinkandorangeandgold@pinkandorangeandgold.tmi.twitch.tv PRIVMSG #pinkandorangeandgold :Yes hitbox is fine
11:07:59.149 [listenerPool0-thread12] INFO  org.pircbotx.output.OutputRaw - PRIVMSG #pinkandorangeandgold :Pinkandorangeandgold: Yes hitbox is fine
11:08:53.685 [botPool0-bot0] INFO  org.pircbotx.InputParser - :jdbener!jdbener@jdbener.tmi.twitch.tv PRIVMSG #pinkandorangeandgold :yes commands in the gui dont work
11:08:53.685 [listenerPool0-thread12] INFO  org.pircbotx.output.OutputRaw - PRIVMSG #pinkandorangeandgold :Jdbener: yes commands in the gui dont work
11:08:58.497 [botPool0-bot0] INFO  org.pircbotx.InputParser - :jdbener!jdbener@jdbener.tmi.twitch.tv PRIVMSG #pinkandorangeandgold :thats a know bug
11:08:58.498 [listenerPool0-thread14] INFO  org.pircbotx.output.OutputRaw - PRIVMSG #pinkandorangeandgold :Jdbener: thats a know bug
11:09:07.861 [botPool0-bot0] INFO  org.pircbotx.InputParser - :jdbener!jdbener@jdbener.tmi.twitch.tv PRIVMSG #pinkandorangeandgold :well its not really a bug
11:09:07.861 [listenerPool0-thread12] INFO  org.pircbotx.output.OutputRaw - PRIVMSG #pinkandorangeandgold :Jdbener: well its not really a bug
11:09:14.371 [botPool0-bot0] INFO  org.pircbotx.InputParser - :jdbener!jdbener@jdbener.tmi.twitch.tv PRIVMSG #pinkandorangeandgold :its more like an un implemented feature
11:09:14.371 [listenerPool0-thread17] INFO  org.pircbotx.output.OutputRaw - PRIVMSG #pinkandorangeandgold :Jdbener: its more like an un implemented feature
11:09:18.304 [botPool0-bot0] INFO  org.pircbotx.InputParser - :pinkandorangeandgold!pinkandorangeandgold@pinkandorangeandgold.tmi.twitch.tv PRIVMSG #pinkandorangeandgold :I don't plan to use that
11:09:18.307 [listenerPool0-thread11] INFO  org.pircbotx.output.OutputRaw - PRIVMSG #pinkandorangeandgold :Pinkandorangeandgold: I don't plan to use that
11:09:31.038 [botPool0-bot0] INFO  org.pircbotx.InputParser - :pinkandorangeandgold!pinkandorangeandgold@pinkandorangeandgold.tmi.twitch.tv PRIVMSG #pinkandorangeandgold :!game hello kitty
11:09:31.038 [listenerPool0-thread11] INFO  org.pircbotx.output.OutputRaw - PRIVMSG #pinkandorangeandgold :!game hello kitty
11:09:32.039 [listenerPool0-thread19] INFO  org.pircbotx.output.OutputRaw - PRIVMSG #pinkandorangeandgold :Pinkandorangeandgold has just tried to use a command they dont have permision to
11:09:32.039 [listenerPool0-thread19] INFO  org.pircbotx.output.OutputRaw - PRIVMSG #pinkandorangeandgold :Pinkandorangeandgold has just tried to use a command they dont have permision to
11:09:33.040 [listenerPool0-thread2] INFO  org.pircbotx.output.OutputRaw - PRIVMSG #pinkandorangeandgold :Pinkandorangeandgold has just tried to use a command they dont have permision to
11:09:33.040 [listenerPool0-thread2] INFO  org.pircbotx.output.OutputRaw - PRIVMSG #pinkandorangeandgold :Pinkandorangeandgold has just tried to use a command they dont have permision to
11:09:35.165 [listenerPool0-thread19] INFO  org.pircbotx.output.OutputRaw - PRIVMSG #pinkandorangeandgold :Pinkandorangeandgold you have: 1 warnings left!
11:09:35.168 [listenerPool0-thread19] INFO  org.pircbotx.output.OutputRaw - PRIVMSG #pinkandorangeandgold :Pinkandorangeandgold you have: 1 warnings left!
11:09:36.168 [listenerPool0-thread2] INFO  org.pircbotx.output.OutputRaw - PRIVMSG #pinkandorangeandgold :Pinkandorangeandgold you have: 1 warnings left!
11:09:36.168 [listenerPool0-thread2] INFO  org.pircbotx.output.OutputRaw - PRIVMSG #pinkandorangeandgold :Pinkandorangeandgold you have: 1 warnings left!
11:09:40.885 [botPool0-bot0] INFO  org.pircbotx.InputParser - :jdbener!jdbener@jdbener.tmi.twitch.tv PRIVMSG #pinkandorangeandgold :ok
11:09:40.885 [listenerPool0-thread14] INFO  org.pircbotx.output.OutputRaw - PRIVMSG #pinkandorangeandgold :Jdbener: ok
11:09:49.098 [botPool0-bot0] INFO  org.pircbotx.InputParser - :pinkandorangeandgold!pinkandorangeandgold@pinkandorangeandgold.tmi.twitch.tv PRIVMSG #pinkandorangeandgold ::o
11:09:49.098 [listenerPool0-thread4] INFO  org.pircbotx.output.OutputRaw - PRIVMSG #pinkandorangeandgold :Pinkandorangeandgold: :o
11:10:05.441 [botPool0-bot0] INFO  org.pircbotx.InputParser - :pinkandorangeandgold!pinkandorangeandgold@pinkandorangeandgold.tmi.twitch.tv PRIVMSG #pinkandorangeandgold :getting banned in my own chat hype Kappa
11:10:05.442 [listenerPool0-thread16] INFO  org.pircbotx.output.OutputRaw - PRIVMSG #pinkandorangeandgold :Pinkandorangeandgold: getting banned in my own chat hype Kappa
11:10:05.964 [botPool0-bot0] INFO  org.pircbotx.InputParser - :jdbener!jdbener@jdbener.tmi.twitch.tv PRIVMSG #pinkandorangeandgold :thats a bug also
11:10:06.443 [listenerPool0-thread18] INFO  org.pircbotx.output.OutputRaw - PRIVMSG #pinkandorangeandgold :Jdbener: thats a bug also
11:10:54.374 [botPool0-bot0] INFO  org.pircbotx.InputParser - PING :tmi.twitch.tv
11:10:54.375 [listenerPool0-thread4] INFO  org.pircbotx.output.OutputRaw - PONG tmi.twitch.tv
11:11:08.049 [botPool0-bot1] INFO  org.pircbotx.InputParser - PING :irc.glados.tv
11:11:08.050 [listenerPool1-thread63] INFO  org.pircbotx.output.OutputRaw - PONG irc.glados.tv
11:11:15.079 [botPool0-bot0] INFO  org.pircbotx.InputParser - :jdbener!jdbener@jdbener.tmi.twitch.tv PRIVMSG #pinkandorangeandgold :!hello
11:11:15.079 [listenerPool0-thread18] INFO  org.pircbotx.output.OutputRaw - PRIVMSG #pinkandorangeandgold :Hey, jdbener!
11:11:16.080 [listenerPool0-thread16] INFO  org.pircbotx.output.OutputRaw - PRIVMSG #pinkandorangeandgold :!hello
11:11:28.698 [botPool0-bot0] INFO  org.pircbotx.InputParser - :jdbener!jdbener@jdbener.tmi.twitch.tv PRIVMSG #pinkandorangeandgold :so its a seperate method
11:11:28.699 [listenerPool0-thread7] INFO  org.pircbotx.output.OutputRaw - PRIVMSG #pinkandorangeandgold :Jdbener: so its a seperate method
11:11:32.002 [botPool0-bot0] INFO  org.pircbotx.InputParser - :jdbener!jdbener@jdbener.tmi.twitch.tv PRIVMSG #pinkandorangeandgold :um
11:11:32.003 [listenerPool0-thread16] INFO  org.pircbotx.output.OutputRaw - PRIVMSG #pinkandorangeandgold :Jdbener: um
11:11:45.794 [bot2-shutdownhook] INFO  org.pircbotx.output.OutputRaw - QUIT :
11:11:45.796 [bot2-shutdownhook] INFO  org.pircbotx.output.OutputRaw - QUIT :
11:11:45.835 [bot2-shutdownhook] INFO  org.pircbotx.dcc.DccHandler - Terminating all transfers waiting to be accepted
11:11:45.835 [bot2-shutdownhook] INFO  org.pircbotx.dcc.DccHandler - Terminating all transfers waiting to be accepted
11:11:45.835 [botPool0-bot1] INFO  org.pircbotx.PircBotX - Shutdown has been called, closing InputParser
11:11:45.836 [botPool0-bot1] DEBUG o.p.MultiBotManager$BotFutureCallback - Bot #1 finished
11:11:45.836 [botPool0-bot0] INFO  org.pircbotx.PircBotX - Shutdown has been called, closing InputParser
11:11:45.836 [botPool0-bot0] DEBUG o.p.MultiBotManager$BotFutureCallback - Bot #0 finished
11:11:45.837 [bot2-shutdownhook] DEBUG org.pircbotx.PircBotX - Disconnected.
11:11:45.837 [bot2-shutdownhook] DEBUG o.p.h.m.ThreadedListenerManager - Waiting for listener me.jdbener.utilities.CustomCommandHandeler@4b24e48f to execute event DisconnectEvent(daoSnapshot=org.pircbotx.snapshot.UserChannelDaoSnapshot@4b71188e, disconnectException=null)
11:11:45.837 [bot2-shutdownhook] DEBUG org.pircbotx.PircBotX - Disconnected.
11:11:45.837 [bot2-shutdownhook] DEBUG o.p.h.m.ThreadedListenerManager - Waiting for listener me.jdbener.utilities.Infromation@73949d1 to execute event DisconnectEvent(daoSnapshot=org.pircbotx.snapshot.UserChannelDaoSnapshot@75e04c59, disconnectException=null)
11:11:45.837 [bot2-shutdownhook] DEBUG o.p.h.m.ThreadedListenerManager - Waiting for listener me.jdbener.utilities.ChatRelayHandeler@5b72c218 to execute event DisconnectEvent(daoSnapshot=org.pircbotx.snapshot.UserChannelDaoSnapshot@4b71188e, disconnectException=null)
11:11:45.837 [bot2-shutdownhook] DEBUG o.p.h.m.ThreadedListenerManager - Waiting for listener me.jdbener.utilities.CustomCommandHandeler@5531a519 to execute event DisconnectEvent(daoSnapshot=org.pircbotx.snapshot.UserChannelDaoSnapshot@75e04c59, disconnectException=null)
11:11:45.837 [bot2-shutdownhook] DEBUG o.p.h.m.ThreadedListenerManager - Waiting for listener me.jdbener.utilities.ChatRelayHandeler@44ce3dad to execute event DisconnectEvent(daoSnapshot=org.pircbotx.snapshot.UserChannelDaoSnapshot@75e04c59, disconnectException=null)
11:11:45.837 [bot2-shutdownhook] DEBUG o.p.h.m.ThreadedListenerManager - Waiting for listener org.pircbotx.hooks.CoreHooks@1cad8848 to execute event DisconnectEvent(daoSnapshot=org.pircbotx.snapshot.UserChannelDaoSnapshot@75e04c59, disconnectException=null)
11:11:45.837 [bot2-shutdownhook] DEBUG o.p.h.m.ThreadedListenerManager - Waiting for listener me.jdbener.Cleaner@4b48148 to execute event DisconnectEvent(daoSnapshot=org.pircbotx.snapshot.UserChannelDaoSnapshot@75e04c59, disconnectException=null)
11:11:45.838 [bot2-shutdownhook] DEBUG o.p.h.m.ThreadedListenerManager - Waiting for listener me.jdbener.apis.twitch.TwitchFollowerHandeler@3d302260 to execute event DisconnectEvent(daoSnapshot=org.pircbotx.snapshot.UserChannelDaoSnapshot@75e04c59, disconnectException=null)
11:11:45.838 [bot2-shutdownhook] DEBUG o.p.h.m.ThreadedListenerManager - Waiting for listener org.pircbotx.hooks.CoreHooks@7a4f0b5b to execute event DisconnectEvent(daoSnapshot=org.pircbotx.snapshot.UserChannelDaoSnapshot@4b71188e, disconnectException=null)
