17:09:14.167 [main] INFO  me.jdbener.Bennerbot - Begining plugin loading
17:09:14.263 [main] INFO  me.jdbener.Bennerbot - Finished looking for plugins in: plugins
17:09:14.306 [main] INFO  me.jdbener.Bennerbot - Finished looking for plugins in: plugins/BasicCommands
17:09:14.307 [main] INFO  me.jdbener.Bennerbot - Finished looking for plugins in: plugins/dissabled
17:09:14.309 [main] INFO  me.jdbener.Bennerbot - Beggining pluging loading sequence
17:09:14.309 [main] INFO  me.jdbener.Bennerbot - Beggining loading of: Basic Commands
17:09:14.309 [main] INFO  me.jdbener.Bennerbot - Added listener to twitch bot
17:09:14.309 [main] INFO  me.jdbener.Bennerbot - Added listener to hitbox bot
17:09:14.309 [main] INFO  me.jdbener.Bennerbot - Basic Commands has been sucessfully loaded!
17:09:14.309 [main] INFO  me.jdbener.Bennerbot - Finished pluging loading sequence
17:09:14.309 [main] INFO  me.jdbener.Bennerbot - Proceading with BennerBot initiation sequence
17:09:15.840 [main] INFO  me.jdbener.Bennerbot - Successfully initiated follower notifications
17:09:15.842 [main] INFO  me.jdbener.Bennerbot - Successfully initiated twitch api connections
17:09:16.148 [main] DEBUG org.pircbotx.MultiBotManager - Not started yet, add to queue
17:09:16.148 [main] DEBUG org.pircbotx.MultiBotManager - Not started yet, add to queue
17:09:16.165 [main] INFO  me.jdbener.Bennerbot - Started Loading the GUI
17:09:16.217 [botPool0-bot0] DEBUG org.pircbotx.PircBotX - Trying address irc.twitch.tv/199.9.249.252
17:09:16.245 [botPool0-bot0] INFO  org.pircbotx.PircBotX - Connected to server.
17:09:16.251 [botPool0-bot0] INFO  org.pircbotx.output.OutputRaw - PASS oauth:hrr2wpqq0knt6sb0spzd3d1mugpdezf
17:09:16.252 [botPool0-bot0] INFO  org.pircbotx.output.OutputRaw - NICK BennerBot
17:09:16.252 [botPool0-bot0] INFO  org.pircbotx.output.OutputRaw - USER BennerBot 8 * :PircBotX 2.0.1, a fork of PircBot, the Java IRC bot - pircbotx.googlecode.com
17:09:16.256 [botPool0-bot1] DEBUG org.pircbotx.PircBotX - Trying address irc.glados.tv/192.99.100.37
17:09:16.310 [botPool0-bot0] INFO  org.pircbotx.InputParser - :tmi.twitch.tv 001 bennerbot :Welcome, GLHF!
17:09:16.320 [botPool0-bot0] DEBUG org.pircbotx.InputParser - Logged onto server.
17:09:16.372 [botPool0-bot1] INFO  org.pircbotx.PircBotX - Connected to server.
17:09:16.374 [botPool0-bot1] INFO  org.pircbotx.output.OutputRaw - PASS bennerbot
17:09:16.374 [botPool0-bot1] INFO  org.pircbotx.output.OutputRaw - NICK bennerbot
17:09:16.374 [botPool0-bot1] INFO  org.pircbotx.output.OutputRaw - USER BennerBot 8 * :PircBotX 2.0.1, a fork of PircBot, the Java IRC bot - pircbotx.googlecode.com
17:09:17.236 [botPool0-bot1] INFO  org.pircbotx.InputParser - :irc.glados.tv 001 bennerbot :Welcome to the hitbox-tv IRC Network bennerbot!BennerBot@ip.bennerbot.chat.hitbox.tv (Connection ID: c7c19804-4550-420e-aa5c-2683ab14c8dc)
17:09:17.236 [botPool0-bot1] DEBUG org.pircbotx.InputParser - Logged onto server.
17:09:17.253 [listenerPool1-thread9] INFO  org.pircbotx.output.OutputRaw - PRIVMSG #biogenx2b :/color #ff0000
17:09:17.375 [botPool0-bot1] INFO  org.pircbotx.output.OutputRaw - JOIN #jdbener 
17:09:17.445 [botPool0-bot1] INFO  org.pircbotx.InputParser - :irc.glados.tv 002 bennerbot :Your host is irc.glados.tv, running version IrcD.Net, Version=0.3.5351.28745, Culture=neutral, PublicKeyToken=null
17:09:17.445 [botPool0-bot1] INFO  org.pircbotx.InputParser - :irc.glados.tv 003 bennerbot :This server was created 11/13/2014 6:08:51 AM
17:09:17.446 [botPool0-bot1] INFO  org.pircbotx.InputParser - :irc.glados.tv 004 bennerbot :irc.glados.tv ircD.Net.0.3.5351.28745 Oiorwx ahovITbceiklmnpst
17:09:17.453 [botPool0-bot1] ERROR org.pircbotx.PircBotX - Exception encountered when parsing line
java.lang.IndexOutOfBoundsException: Index: 1, Size: 1
	at java.util.ArrayList.rangeCheck(Unknown Source) ~[na:1.7.0_45]
	at java.util.ArrayList.get(Unknown Source) ~[na:1.7.0_45]
	at org.pircbotx.ServerInfo.parse004(ServerInfo.java:113) ~[pircbotx-2.0.1.jar:na]
	at org.pircbotx.ServerInfo.parse(ServerInfo.java:106) ~[pircbotx-2.0.1.jar:na]
	at org.pircbotx.InputParser.processServerResponse(InputParser.java:709) ~[pircbotx-2.0.1.jar:na]
	at org.pircbotx.InputParser.handleLine(InputParser.java:323) ~[pircbotx-2.0.1.jar:na]
	at org.pircbotx.PircBotX.startLineProcessing(PircBotX.java:275) [pircbotx-2.0.1.jar:na]
	at org.pircbotx.PircBotX.connect(PircBotX.java:236) [pircbotx-2.0.1.jar:na]
	at org.pircbotx.MultiBotManager$BotRunner.call(MultiBotManager.java:219) [pircbotx-2.0.1.jar:na]
	at org.pircbotx.MultiBotManager$BotRunner.call(MultiBotManager.java:212) [pircbotx-2.0.1.jar:na]
	at java.util.concurrent.FutureTask.run(Unknown Source) [na:1.7.0_45]
	at java.util.concurrent.ThreadPoolExecutor.runWorker(Unknown Source) [na:1.7.0_45]
	at java.util.concurrent.ThreadPoolExecutor$Worker.run(Unknown Source) [na:1.7.0_45]
	at java.lang.Thread.run(Unknown Source) [na:1.7.0_45]
17:09:17.453 [botPool0-bot1] INFO  org.pircbotx.InputParser - :irc.glados.tv 005 bennerbot STD=draft03 PREFIX=(aohv)&@%+ CHANMODES=Ibe,k,l,Tcimnpst CHANTYPES=# CHANLIMIT=#:10 INEVEX=I EXCEPTS=e NETWORK=hitbox-tv CASEMAPPING=ascii CHANNELLEN=40 NICKLEN=32 MAXNICKLEN=32 TOPICLEN=300 KICKLEN=300 AWAYLEN=300 KNOCK LANGUAGE=5,af,sq,am,ar,hy,az,eu,be,bn,bh,bg,my,ca,chr,zh,zh-CN,zh-TW,hr,cs,da,dv,nl,en,eo,et,tl,fi,fr,gl,ka,de,el,gn,gu,iw,hi,hu,is,id,iu,it,ja,kn,kk,km,ko,ku,ky,lo,lv,lt,mk,ms,ml,mt,mr,mn,ne,no,or,ps,fa,pl,pt-PT,pa,ro,ru,sa,sr,sd :are supported by this server
17:09:17.454 [botPool0-bot1] INFO  org.pircbotx.InputParser - :irc.glados.tv 005 bennerbot LANGUAGE=5,si,sk,sl,es,sw,sv,tg,ta,te,th,bo,tr,uk,ur,uz,ug,vi SILENCE=25 RFC2812 :are supported by this server
17:09:17.455 [botPool0-bot1] INFO  org.pircbotx.InputParser - :irc.glados.tv 375 bennerbot :- irc.glados.tv Message of the day -
17:09:17.456 [botPool0-bot1] INFO  org.pircbotx.InputParser - :irc.glados.tv 372 bennerbot :-   +MMMMMMMMMMMMmdho+oddmNMMMMMMMMMMMMM $$\   $$\ $$\   $$\     $$\                                 $$$$$$\ $$$$$$$\   $$$$$$\  
17:09:17.457 [botPool0-bot1] INFO  org.pircbotx.InputParser - :irc.glados.tv 372 bennerbot :-   +MMMMMMMMNdoo/::-:///+osymNMMMMMMMMM $$ |  $$ |\__|  $$ |    $$ |                                \_$$  _|$$  __$$\ $$  __$$\ 
17:09:17.458 [botPool0-bot1] INFO  org.pircbotx.InputParser - :irc.glados.tv 372 bennerbot :-   +MMMMMMMMh::-----:////////dMMMMMMMMM $$ |  $$ |$$\ $$$$$$\   $$$$$$$\   $$$$$$\  $$\   $$\         $$ |  $$ |  $$ |$$ /  \__|
17:09:17.459 [botPool0-bot1] INFO  org.pircbotx.InputParser - :irc.glados.tv 372 bennerbot :-   +MMMMMMMMh:::----:////////dMMMMMMMMM $$$$$$$$ |$$ |\_$$  _|  $$  __$$\ $$  __$$\ \$$\ $$  |        $$ |  $$$$$$$  |$$ |     
17:09:17.459 [botPool0-bot1] INFO  org.pircbotx.InputParser - :irc.glados.tv 372 bennerbot :-   +MMMMMMMMh:::----:////////dMMMMMMMMM $$  __$$ |$$ |  $$ |    $$ |  $$ |$$ /  $$ | \$$$$  /         $$ |  $$  __$$< $$ |      
17:09:17.460 [botPool0-bot1] INFO  org.pircbotx.InputParser - :irc.glados.tv 372 bennerbot :-   +MMMMMMMMh::::---:////////dMMMMMMMMM $$ |  $$ |$$ |  $$ |$$\ $$ |  $$ |$$ |  $$ | $$  $$<          $$ |  $$ |  $$ |$$ |  $$\ 
17:09:17.460 [botPool0-bot1] INFO  org.pircbotx.InputParser - :irc.glados.tv 372 bennerbot :-   +MMMMMMMMh:::://++oo++++/+dMMMMMMMMM $$ |  $$ |$$ |  \$$$$  |$$$$$$$  |\$$$$$$  |$$  /\$$\       $$$$$$\ $$ |  $$ |\$$$$$$  |
17:09:17.461 [botPool0-bot1] INFO  org.pircbotx.InputParser - :irc.glados.tv 372 bennerbot :-   +MMMMMMMMmhmmdddddddddmmmmNMMMMMMMMM \__|  \__|\__|   \____/ \_______/  \______/ \__/  \__|      \______|\__|  \__| \______/ 
17:09:17.461 [botPool0-bot1] INFO  org.pircbotx.InputParser - :irc.glados.tv 372 bennerbot :-   +NyssssMyo+///:::::/+++oosyhMyyyhhMM
17:09:17.462 [botPool0-bot1] INFO  org.pircbotx.InputParser - :irc.glados.tv 372 bennerbot :-   +N:::::Mo::::::::::////++++yM+++ooNM $$$$$$$\            $$\                                                                 
17:09:17.462 [botPool0-bot1] INFO  org.pircbotx.InputParser - :irc.glados.tv 372 bennerbot :-   +N:::::Mo::::::::::///+++++yM++oooNM $$$$$$$\            $$\                           
17:09:17.489 [botPool0-bot1] INFO  org.pircbotx.InputParser - :irc.glados.tv 372 bennerbot :-   +N:::::Mo:::::::::://++++++yM+ooooNM $$  __$$\           $$ |                         
17:09:17.489 [botPool0-bot1] INFO  org.pircbotx.InputParser - :irc.glados.tv 372 bennerbot :-   +N:::::Mo:::::::::://++++++yMoooooNM $$ |  $$ | $$$$$$\  $$ | $$$$$$\  $$\   $$\          
17:09:17.490 [botPool0-bot1] INFO  org.pircbotx.InputParser - :irc.glados.tv 372 bennerbot :-   +N:::::Mo::::::::://+++++++yMoooooNM $$$$$$$  |$$  __$$\ $$ | \____$$\ $$ |  $$ |        
17:09:17.558 [botPool0-bot1] INFO  org.pircbotx.InputParser - :irc.glados.tv 372 bennerbot :-   +N/::::Mo:::::::::/++++++++yMoosyhMM $$  __$$< $$$$$$$$ |$$ | $$$$$$$ |$$ |  $$ |      
17:09:17.559 [botPool0-bot1] INFO  org.pircbotx.InputParser - :irc.glados.tv 372 bennerbot :-   +Mho//:Mo:::::::::/+++++++oyMhdNMMMM $$ |  $$ |$$   ____|$$ |$$  __$$ |$$ |  $$ |       
17:09:17.559 [botPool0-bot1] INFO  org.pircbotx.InputParser - :irc.glados.tv 372 bennerbot :-   +MMMMNhMy+/:::::::/++++oshmNMMMMMMMM $$ |  $$ |\$$$$$$$\ $$ |\$$$$$$$ |\$$$$$$$ |       
17:09:17.560 [botPool0-bot1] INFO  org.pircbotx.InputParser - :irc.glados.tv 372 bennerbot :-   +MMMMMMMhyddhs+/::/+oydmmhyhMMMMMMMM \__|  \__| \_______|\__| \_______| \____$$ |             -Community Driven
17:09:17.561 [botPool0-bot1] INFO  org.pircbotx.InputParser - :irc.glados.tv 372 bennerbot :-   +MMMMMMMo::/+shhhhddmdyo+ooyMMMMMMMM                                   $$\   $$ |      
17:09:17.561 [botPool0-bot1] INFO  org.pircbotx.InputParser - :irc.glados.tv 372 bennerbot :-   +MMMMMMMo:::::::/dNd+++++ooyMMMMMMMM                                   \$$$$$$  |  
17:09:17.562 [botPool0-bot1] INFO  org.pircbotx.InputParser - :irc.glados.tv 372 bennerbot :-   +MMMMMMMs::::::::hNh++++oooyMMMMMMMM                                    \______/  
17:09:17.563 [botPool0-bot1] INFO  org.pircbotx.InputParser - :irc.glados.tv 372 bennerbot :-   +MMMMMMMNdso//:::hNh++oosydNMMMMMMMM
17:09:17.563 [botPool0-bot1] INFO  org.pircbotx.InputParser - :irc.glados.tv 372 bennerbot :-   +MMMMMMMMMMMmdyo/dNh+shmNMMMMMMMMMMM
17:09:17.564 [botPool0-bot1] INFO  org.pircbotx.InputParser - :irc.glados.tv 372 bennerbot :-   +MMMMMMMMMMMMMMMNMMMNMMMMMMMMMMMMMMM
17:09:17.564 [botPool0-bot1] INFO  org.pircbotx.InputParser - :irc.glados.tv 372 bennerbot :-   
17:09:17.565 [botPool0-bot1] INFO  org.pircbotx.InputParser - :irc.glados.tv 372 bennerbot :-   Join #help for problems/assistance. To join channels, use the lowercase version of the channel name (ex. Danbopes => #danbopes)
17:09:17.565 [botPool0-bot1] INFO  org.pircbotx.InputParser - :irc.glados.tv 372 bennerbot :-   
17:09:17.566 [botPool0-bot1] INFO  org.pircbotx.InputParser - :irc.glados.tv 376 bennerbot :End of MOTD command
17:09:17.567 [botPool0-bot1] INFO  org.pircbotx.InputParser - :irc.glados.tv 251 bennerbot :There are 139 users and 0 services on 1 servers
17:09:17.601 [botPool0-bot1] INFO  org.pircbotx.InputParser - :irc.glados.tv 252 bennerbot 0 :operator(s) online
17:09:17.771 [botPool0-bot1] INFO  org.pircbotx.InputParser - :irc.glados.tv 253 bennerbot 10 :unknown connection(s)
17:09:18.085 [botPool0-bot1] INFO  org.pircbotx.InputParser - :irc.glados.tv 254 bennerbot 1 :channels formed
17:09:18.085 [botPool0-bot1] INFO  org.pircbotx.InputParser - :irc.glados.tv 255 bennerbot :I have 139 clients and 1 servers
17:09:18.254 [botPool0-bot0] INFO  org.pircbotx.output.OutputRaw - JOIN #biogenx2b 
17:09:18.254 [botPool0-bot0] INFO  org.pircbotx.InputParser - :tmi.twitch.tv 002 bennerbot :Your host is tmi.twitch.tv
17:09:18.255 [botPool0-bot0] INFO  org.pircbotx.InputParser - :tmi.twitch.tv 003 bennerbot :This server is rather new
17:09:18.255 [botPool0-bot0] INFO  org.pircbotx.InputParser - :tmi.twitch.tv 004 bennerbot :-
17:09:18.255 [botPool0-bot0] ERROR org.pircbotx.PircBotX - Exception encountered when parsing line
java.lang.IndexOutOfBoundsException: Index: 1, Size: 1
	at java.util.ArrayList.rangeCheck(Unknown Source) ~[na:1.7.0_45]
	at java.util.ArrayList.get(Unknown Source) ~[na:1.7.0_45]
	at org.pircbotx.ServerInfo.parse004(ServerInfo.java:113) ~[pircbotx-2.0.1.jar:na]
	at org.pircbotx.ServerInfo.parse(ServerInfo.java:106) ~[pircbotx-2.0.1.jar:na]
	at org.pircbotx.InputParser.processServerResponse(InputParser.java:709) ~[pircbotx-2.0.1.jar:na]
	at org.pircbotx.InputParser.handleLine(InputParser.java:323) ~[pircbotx-2.0.1.jar:na]
	at org.pircbotx.PircBotX.startLineProcessing(PircBotX.java:275) [pircbotx-2.0.1.jar:na]
	at org.pircbotx.PircBotX.connect(PircBotX.java:236) [pircbotx-2.0.1.jar:na]
	at org.pircbotx.MultiBotManager$BotRunner.call(MultiBotManager.java:219) [pircbotx-2.0.1.jar:na]
	at org.pircbotx.MultiBotManager$BotRunner.call(MultiBotManager.java:212) [pircbotx-2.0.1.jar:na]
	at java.util.concurrent.FutureTask.run(Unknown Source) [na:1.7.0_45]
	at java.util.concurrent.ThreadPoolExecutor.runWorker(Unknown Source) [na:1.7.0_45]
	at java.util.concurrent.ThreadPoolExecutor$Worker.run(Unknown Source) [na:1.7.0_45]
	at java.lang.Thread.run(Unknown Source) [na:1.7.0_45]
17:09:18.256 [botPool0-bot0] INFO  org.pircbotx.InputParser - :tmi.twitch.tv 375 bennerbot :-
17:09:18.256 [botPool0-bot0] INFO  org.pircbotx.InputParser - :tmi.twitch.tv 372 bennerbot :You are in a maze of twisty passages, all alike.
17:09:18.256 [botPool0-bot0] INFO  org.pircbotx.InputParser - :tmi.twitch.tv 376 bennerbot :>
17:09:18.258 [botPool0-bot0] INFO  org.pircbotx.InputParser - :jtv!jtv@jtv.tmi.twitch.tv PRIVMSG bennerbot :USERCOLOR bennerbot #FF0000
17:09:18.261 [botPool0-bot0] INFO  org.pircbotx.InputParser - :jtv!jtv@jtv.tmi.twitch.tv PRIVMSG bennerbot :Your color has been changed
17:09:18.316 [botPool0-bot0] INFO  org.pircbotx.InputParser - :bennerbot!bennerbot@bennerbot.tmi.twitch.tv JOIN #biogenx2b
17:09:18.376 [listenerPool1-thread9] INFO  org.pircbotx.output.OutputRaw - PRIVMSG #jdbener :/color #ff0000
17:09:19.255 [listenerPool0-thread1] INFO  org.pircbotx.output.OutputRaw - PRIVMSG #biogenx2b :/color #ff0000
17:09:19.377 [listenerPool0-thread1] INFO  org.pircbotx.output.OutputRaw - PRIVMSG #jdbener :/color #ff0000
17:09:19.907 [botPool0-bot1] INFO  org.pircbotx.InputParser - :bennerbot!BennerBot@ip.bennerbot.chat.hitbox.tv JOIN #jdbener
17:09:20.256 [botPool0-bot0] INFO  org.pircbotx.output.OutputRaw - WHO #biogenx2b
17:09:20.378 [botPool0-bot1] INFO  org.pircbotx.output.OutputRaw - WHO #jdbener
17:09:21.257 [botPool0-bot0] INFO  org.pircbotx.output.OutputRaw - MODE #biogenx2b
17:09:21.261 [botPool0-bot0] INFO  org.pircbotx.InputParser - :bennerbot.tmi.twitch.tv 353 bennerbot = #biogenx2b :bennerbot
17:09:21.261 [botPool0-bot0] INFO  org.pircbotx.InputParser - :bennerbot.tmi.twitch.tv 366 bennerbot #biogenx2b :End of /NAMES list
17:09:21.262 [botPool0-bot0] INFO  org.pircbotx.InputParser - :jtv!jtv@jtv.tmi.twitch.tv PRIVMSG bennerbot :USERCOLOR bennerbot #FF0000
17:09:21.262 [botPool0-bot0] INFO  org.pircbotx.InputParser - :jtv!jtv@jtv.tmi.twitch.tv PRIVMSG bennerbot :HISTORYEND biogenx2b
17:09:21.262 [botPool0-bot0] INFO  org.pircbotx.InputParser - :jtv!jtv@jtv.tmi.twitch.tv PRIVMSG bennerbot :USERCOLOR bennerbot #FF0000
17:09:21.262 [botPool0-bot0] INFO  org.pircbotx.InputParser - :jtv!jtv@jtv.tmi.twitch.tv PRIVMSG bennerbot :Your color has been changed
17:09:21.263 [botPool0-bot0] INFO  org.pircbotx.InputParser - :tmi.twitch.tv 421 bennerbot WHO :Unknown command
17:09:21.379 [botPool0-bot1] INFO  org.pircbotx.output.OutputRaw - MODE #jdbener
17:09:21.379 [botPool0-bot1] INFO  org.pircbotx.InputParser - :irc.glados.tv 332 bennerbot #jdbener :test
17:09:21.380 [botPool0-bot1] INFO  org.pircbotx.InputParser - :irc.glados.tv 353 bennerbot = #jdbener :bennerbot @Jdbener
17:09:21.380 [botPool0-bot1] INFO  org.pircbotx.InputParser - :irc.glados.tv 366 bennerbot #jdbener :End of NAMES list
17:09:22.296 [botPool0-bot1] INFO  org.pircbotx.InputParser - :irc.glados.tv 315 bennerbot #jdbener :End of /WHO list.
17:09:22.609 [botPool0-bot1] INFO  org.pircbotx.InputParser - :irc.glados.tv 324 bennerbot #jdbener +
17:09:26.274 [botPool0-bot0] INFO  org.pircbotx.InputParser - :jdbener!jdbener@jdbener.tmi.twitch.tv PRIVMSG #biogenx2b :hi radio
17:09:26.276 [listenerPool0-thread15] INFO  org.pircbotx.output.OutputRaw - PRIVMSG #jdbener :Jdbener: hi radio
17:09:41.575 [botPool0-bot0] INFO  org.pircbotx.InputParser - :radiobiology!radiobiology@radiobiology.tmi.twitch.tv PRIVMSG #biogenx2b :!Hello
17:09:41.608 [listenerPool0-thread6] INFO  org.pircbotx.output.OutputRaw - PRIVMSG #jdbener :Radiobiology: !Hello
17:09:41.610 [listenerPool0-thread13] INFO  org.pircbotx.output.OutputRaw - PRIVMSG #biogenx2b :Hey, radiobiology!
17:09:41.766 [botPool0-bot0] INFO  org.pircbotx.InputParser - :moobot!moobot@moobot.tmi.twitch.tv PRIVMSG #biogenx2b :+ Hey radiobiology, I heard that Follow button was talking about you behind your back! You gonna just take that lying down!?
17:09:42.609 [listenerPool0-thread3] INFO  org.pircbotx.output.OutputRaw - PRIVMSG #jdbener :Moobot: + Hey radiobiology, I heard that Follow button was talking about you behind your back! You gonna just take that lying down!?
17:09:56.148 [botPool0-bot0] INFO  org.pircbotx.InputParser - :hjf288!hjf288@hjf288.tmi.twitch.tv JOIN #biogenx2b
17:09:56.149 [botPool0-bot0] INFO  org.pircbotx.InputParser - :battlebuddiesgaming!battlebuddiesgaming@battlebuddiesgaming.tmi.twitch.tv JOIN #biogenx2b
17:09:56.149 [botPool0-bot0] INFO  org.pircbotx.InputParser - :moobot!moobot@moobot.tmi.twitch.tv JOIN #biogenx2b
17:09:56.149 [botPool0-bot0] INFO  org.pircbotx.InputParser - :flarhgunnstow!flarhgunnstow@flarhgunnstow.tmi.twitch.tv JOIN #biogenx2b
17:09:56.149 [botPool0-bot0] INFO  org.pircbotx.InputParser - :biogenx2b!biogenx2b@biogenx2b.tmi.twitch.tv JOIN #biogenx2b
17:09:56.150 [botPool0-bot0] INFO  org.pircbotx.InputParser - :jdbener!jdbener@jdbener.tmi.twitch.tv JOIN #biogenx2b
17:09:56.150 [botPool0-bot0] INFO  org.pircbotx.InputParser - :mindy29!mindy29@mindy29.tmi.twitch.tv JOIN #biogenx2b
17:09:56.150 [botPool0-bot0] INFO  org.pircbotx.InputParser - :pethunter!pethunter@pethunter.tmi.twitch.tv JOIN #biogenx2b
17:09:56.151 [botPool0-bot0] INFO  org.pircbotx.InputParser - :radiobiology!radiobiology@radiobiology.tmi.twitch.tv JOIN #biogenx2b
17:09:56.151 [botPool0-bot0] INFO  org.pircbotx.InputParser - :jtv MODE #biogenx2b +o biogenx2b
17:09:56.156 [botPool0-bot0] INFO  org.pircbotx.InputParser - :jtv MODE #biogenx2b +o jdbener
17:09:56.157 [botPool0-bot0] INFO  org.pircbotx.InputParser - :jtv MODE #biogenx2b +o moobot
17:09:56.158 [botPool0-bot0] INFO  org.pircbotx.InputParser - :jtv MODE #biogenx2b +o pethunter
17:10:14.651 [botPool0-bot0] INFO  org.pircbotx.InputParser - :jdbener!jdbener@jdbener.tmi.twitch.tv PRIVMSG #biogenx2b :bounce
17:10:14.651 [listenerPool0-thread21] INFO  org.pircbotx.output.OutputRaw - PRIVMSG #jdbener :Jdbener: bounce
17:10:16.432 [botPool0-bot0] INFO  org.pircbotx.InputParser - :jdbener!jdbener@jdbener.tmi.twitch.tv PRIVMSG #biogenx2b :bounce
17:10:16.436 [listenerPool0-thread21] INFO  org.pircbotx.output.OutputRaw - PRIVMSG #jdbener :Jdbener: bounce
17:10:18.051 [botPool0-bot0] INFO  org.pircbotx.InputParser - :jdbener!jdbener@jdbener.tmi.twitch.tv PRIVMSG #biogenx2b :bounce
17:10:18.052 [listenerPool0-thread18] INFO  org.pircbotx.output.OutputRaw - PRIVMSG #jdbener :Jdbener: bounce
17:10:19.732 [botPool0-bot0] INFO  org.pircbotx.InputParser - :hjf288!hjf288@hjf288.tmi.twitch.tv PRIVMSG #biogenx2b :o/
17:10:19.732 [listenerPool0-thread5] INFO  org.pircbotx.output.OutputRaw - PRIVMSG #jdbener :Hjf288: o/
17:10:29.497 [botPool0-bot0] INFO  org.pircbotx.InputParser - :jdbener!jdbener@jdbener.tmi.twitch.tv PRIVMSG #biogenx2b :ok
17:10:29.497 [listenerPool0-thread24] INFO  org.pircbotx.output.OutputRaw - PRIVMSG #jdbener :Jdbener: ok
17:10:32.765 [botPool0-bot0] INFO  org.pircbotx.InputParser - :jdbener!jdbener@jdbener.tmi.twitch.tv PRIVMSG #biogenx2b :so
17:10:32.766 [listenerPool0-thread14] INFO  org.pircbotx.output.OutputRaw - PRIVMSG #jdbener :Jdbener: so
17:10:43.815 [botPool0-bot0] INFO  org.pircbotx.InputParser - :jdbener!jdbener@jdbener.tmi.twitch.tv PRIVMSG #biogenx2b :hjf288 what have you been up to recently?
17:10:43.815 [listenerPool0-thread7] INFO  org.pircbotx.output.OutputRaw - PRIVMSG #jdbener :Jdbener: hjf288 what have you been up to recently?
17:11:11.465 [botPool0-bot0] INFO  org.pircbotx.InputParser - :hjf288!hjf288@hjf288.tmi.twitch.tv PRIVMSG #biogenx2b :Coding, dying of flu :p
17:11:11.466 [listenerPool0-thread7] INFO  org.pircbotx.output.OutputRaw - PRIVMSG #jdbener :Hjf288: Coding, dying of flu :p
17:11:22.235 [botPool0-bot0] INFO  org.pircbotx.InputParser - :hjf288!hjf288@hjf288.tmi.twitch.tv PRIVMSG #biogenx2b :And dying of hangover
17:11:22.240 [listenerPool0-thread8] INFO  org.pircbotx.output.OutputRaw - PRIVMSG #jdbener :Hjf288: And dying of hangover
17:11:32.468 [botPool0-bot0] INFO  org.pircbotx.InputParser - :jdbener!jdbener@jdbener.tmi.twitch.tv PRIVMSG #biogenx2b :flu and a hangover
17:11:32.471 [listenerPool0-thread5] INFO  org.pircbotx.output.OutputRaw - PRIVMSG #jdbener :Jdbener: flu and a hangover
17:11:42.113 [botPool0-bot0] INFO  org.pircbotx.InputParser - :jdbener!jdbener@jdbener.tmi.twitch.tv PRIVMSG #biogenx2b :what the hell where you thinking?
17:11:42.114 [listenerPool0-thread24] INFO  org.pircbotx.output.OutputRaw - PRIVMSG #jdbener :Jdbener: what the hell where you thinking?
17:11:59.780 [botPool0-bot0] INFO  org.pircbotx.InputParser - :jdbener!jdbener@jdbener.tmi.twitch.tv PRIVMSG #biogenx2b :well shit
17:11:59.781 [listenerPool0-thread24] INFO  org.pircbotx.output.OutputRaw - PRIVMSG #jdbener :Jdbener: well shit
17:12:56.909 [botPool0-bot0] INFO  org.pircbotx.InputParser - :hjf288!hjf288@hjf288.tmi.twitch.tv PRIVMSG #biogenx2b :well a friend i hadnt seen in over a year had his birthday on friday
17:12:56.909 [listenerPool0-thread14] INFO  org.pircbotx.output.OutputRaw - PRIVMSG #jdbener :Hjf288: well a friend i hadnt seen in over a year had his birthday on friday
17:13:02.715 [botPool0-bot0] INFO  org.pircbotx.InputParser - :hjf288!hjf288@hjf288.tmi.twitch.tv PRIVMSG #biogenx2b :i was like totally show up, not going to drink
17:13:02.719 [listenerPool0-thread7] INFO  org.pircbotx.output.OutputRaw - PRIVMSG #jdbener :Hjf288: i was like totally show up, not going to drink
17:13:04.333 [botPool0-bot0] INFO  org.pircbotx.InputParser - :radiobiology!radiobiology@radiobiology.tmi.twitch.tv PART #biogenx2b
17:13:04.337 [botPool0-bot0] WARN  org.pircbotx.Channel - Channel #biogenx2b mode '' is stale
17:13:04.370 [botPool0-bot0] WARN  org.pircbotx.Channel - Channel #biogenx2b mode '' is stale
17:13:13.221 [botPool0-bot0] INFO  org.pircbotx.InputParser - :hjf288!hjf288@hjf288.tmi.twitch.tv PRIVMSG #biogenx2b :but it was cold so just one
17:13:13.221 [listenerPool0-thread8] INFO  org.pircbotx.output.OutputRaw - PRIVMSG #jdbener :Hjf288: but it was cold so just one
17:13:17.816 [botPool0-bot0] INFO  org.pircbotx.InputParser - :hjf288!hjf288@hjf288.tmi.twitch.tv PRIVMSG #biogenx2b :but the bar is busy so i'll buy two
17:13:17.818 [listenerPool0-thread7] INFO  org.pircbotx.output.OutputRaw - PRIVMSG #jdbener :Hjf288: but the bar is busy so i'll buy two
17:13:51.238 [botPool0-bot0] INFO  org.pircbotx.InputParser - :hjf288!hjf288@hjf288.tmi.twitch.tv PRIVMSG #biogenx2b :and then that ends up with moving on to another place a couple of hours later
17:13:51.238 [listenerPool0-thread26] INFO  org.pircbotx.output.OutputRaw - PRIVMSG #jdbener :Hjf288: and then that ends up with moving on to another place a couple of hours later
17:13:56.996 [botPool0-bot0] INFO  org.pircbotx.InputParser - :hjf288!hjf288@hjf288.tmi.twitch.tv PRIVMSG #biogenx2b :more drinks, then fuck it - shots
17:13:56.997 [listenerPool0-thread18] INFO  org.pircbotx.output.OutputRaw - PRIVMSG #jdbener :Hjf288: more drinks, then fuck it - shots
17:14:09.140 [botPool0-bot0] INFO  org.pircbotx.InputParser - PING :tmi.twitch.tv
17:14:09.140 [listenerPool0-thread14] INFO  org.pircbotx.output.OutputRaw - PONG tmi.twitch.tv
17:14:22.610 [botPool0-bot0] INFO  org.pircbotx.InputParser - :hjf288!hjf288@hjf288.tmi.twitch.tv PRIVMSG #biogenx2b :can't remember anything past 2am apart from buying a pizza and getting a taxi home, eating 2 slices then sleeping
17:14:22.612 [listenerPool0-thread2] INFO  org.pircbotx.output.OutputRaw - PRIVMSG #jdbener :Hjf288: can't remember anything past 2am apart from buying a pizza and getting a taxi home, eating 2 slices then sleeping
17:14:23.613 [botPool0-bot1] INFO  org.pircbotx.output.OutputRaw - PING 1416186862
17:14:24.410 [botPool0-bot1] INFO  org.pircbotx.InputParser - :irc.glados.tv PONG :irc.glados.tv 1416186862
17:15:24.984 [botPool0-bot1] INFO  org.pircbotx.InputParser - PING :irc.glados.tv
17:15:24.985 [listenerPool1-thread21] INFO  org.pircbotx.output.OutputRaw - PONG irc.glados.tv
17:16:14.901 [botPool0-bot0] INFO  org.pircbotx.InputParser - :hjf288!hjf288@hjf288.tmi.twitch.tv PRIVMSG #biogenx2b :was fun
17:16:14.906 [listenerPool0-thread35] INFO  org.pircbotx.output.OutputRaw - PRIVMSG #jdbener :Hjf288: was fun
17:16:30.834 [botPool0-bot0] INFO  org.pircbotx.InputParser - :jdbener!jdbener@jdbener.tmi.twitch.tv PRIVMSG #biogenx2b :ok
17:16:30.847 [listenerPool0-thread31] INFO  org.pircbotx.output.OutputRaw - PRIVMSG #jdbener :Jdbener: ok
17:16:44.184 [botPool0-bot0] INFO  org.pircbotx.InputParser - :jdbener!jdbener@jdbener.tmi.twitch.tv PRIVMSG #biogenx2b :bio my shits not working  :(
17:16:44.185 [listenerPool0-thread35] INFO  org.pircbotx.output.OutputRaw - PRIVMSG #jdbener :Jdbener: bio my shits not working  :(
17:17:11.842 [botPool0-bot0] INFO  org.pircbotx.InputParser - :pethunter!pethunter@pethunter.tmi.twitch.tv PART #biogenx2b
17:17:11.842 [botPool0-bot0] WARN  org.pircbotx.Channel - Channel #biogenx2b mode '' is stale
17:17:11.843 [botPool0-bot0] WARN  org.pircbotx.Channel - Channel #biogenx2b mode '' is stale
17:17:11.843 [botPool0-bot0] INFO  org.pircbotx.InputParser - :mindy29!mindy29@mindy29.tmi.twitch.tv PART #biogenx2b
17:17:11.844 [botPool0-bot0] WARN  org.pircbotx.Channel - Channel #biogenx2b mode '' is stale
17:17:11.844 [botPool0-bot0] WARN  org.pircbotx.Channel - Channel #biogenx2b mode '' is stale
17:17:11.845 [botPool0-bot0] INFO  org.pircbotx.InputParser - :jtv MODE #biogenx2b -o pethunter
17:17:26.519 [botPool0-bot0] INFO  org.pircbotx.InputParser - :jdbener!jdbener@jdbener.tmi.twitch.tv PRIVMSG #biogenx2b :i hate javascript
17:17:26.519 [listenerPool0-thread31] INFO  org.pircbotx.output.OutputRaw - PRIVMSG #jdbener :Jdbener: i hate javascript
17:18:02.060 [botPool0-bot0] INFO  org.pircbotx.InputParser - :hjf288!hjf288@hjf288.tmi.twitch.tv PRIVMSG #biogenx2b :join the club
17:18:02.060 [listenerPool0-thread34] INFO  org.pircbotx.output.OutputRaw - PRIVMSG #jdbener :Hjf288: join the club
17:18:39.841 [botPool0-bot0] INFO  org.pircbotx.InputParser - :jdbener!jdbener@jdbener.tmi.twitch.tv PRIVMSG #biogenx2b :im not recoding bennerbot
17:18:39.841 [listenerPool0-thread39] INFO  org.pircbotx.output.OutputRaw - PRIVMSG #jdbener :Jdbener: im not recoding bennerbot
17:18:46.566 [botPool0-bot0] INFO  org.pircbotx.InputParser - :jdbener!jdbener@jdbener.tmi.twitch.tv PRIVMSG #biogenx2b :im coding the display for you
17:18:46.567 [listenerPool0-thread39] INFO  org.pircbotx.output.OutputRaw - PRIVMSG #jdbener :Jdbener: im coding the display for you
17:18:53.312 [botPool0-bot0] INFO  org.pircbotx.InputParser - :jdbener!jdbener@jdbener.tmi.twitch.tv PRIVMSG #biogenx2b :java is awsome
17:18:53.316 [listenerPool0-thread38] INFO  org.pircbotx.output.OutputRaw - PRIVMSG #jdbener :Jdbener: java is awsome
17:18:55.043 [botPool0-bot0] INFO  org.pircbotx.InputParser - PING :tmi.twitch.tv
17:18:55.043 [listenerPool0-thread29] INFO  org.pircbotx.output.OutputRaw - PONG tmi.twitch.tv
17:18:59.199 [botPool0-bot0] INFO  org.pircbotx.InputParser - :jdbener!jdbener@jdbener.tmi.twitch.tv PRIVMSG #biogenx2b :javascript sucks
17:18:59.201 [listenerPool0-thread36] INFO  org.pircbotx.output.OutputRaw - PRIVMSG #jdbener :Jdbener: javascript sucks
17:20:01.226 [botPool0-bot1] INFO  org.pircbotx.InputParser - PING :irc.glados.tv
17:20:01.227 [listenerPool1-thread27] INFO  org.pircbotx.output.OutputRaw - PONG irc.glados.tv
17:21:01.878 [botPool0-bot1] INFO  org.pircbotx.InputParser - PING :irc.glados.tv
17:21:01.879 [listenerPool1-thread31] INFO  org.pircbotx.output.OutputRaw - PONG irc.glados.tv
17:21:09.184 [botPool0-bot0] INFO  org.pircbotx.InputParser - :jdbener!jdbener@jdbener.tmi.twitch.tv PRIVMSG #biogenx2b :its easily done
17:21:09.186 [listenerPool0-thread48] INFO  org.pircbotx.output.OutputRaw - PRIVMSG #jdbener :Jdbener: its easily done
17:21:16.555 [botPool0-bot0] INFO  org.pircbotx.InputParser - :jdbener!jdbener@jdbener.tmi.twitch.tv PRIVMSG #biogenx2b :they have the same name
17:21:16.555 [listenerPool0-thread48] INFO  org.pircbotx.output.OutputRaw - PRIVMSG #jdbener :Jdbener: they have the same name
17:21:24.060 [botPool0-bot0] INFO  org.pircbotx.InputParser - :jdbener!jdbener@jdbener.tmi.twitch.tv PRIVMSG #biogenx2b :its just one is designed for web
17:21:24.061 [listenerPool0-thread47] INFO  org.pircbotx.output.OutputRaw - PRIVMSG #jdbener :Jdbener: its just one is designed for web
17:21:39.604 [botPool0-bot0] INFO  org.pircbotx.InputParser - :jdbener!jdbener@jdbener.tmi.twitch.tv PRIVMSG #biogenx2b :one is deisgned as a standalone language
17:21:39.607 [listenerPool0-thread49] INFO  org.pircbotx.output.OutputRaw - PRIVMSG #jdbener :Jdbener: one is deisgned as a standalone language
17:22:41.547 [botPool0-bot1] INFO  org.pircbotx.InputParser - PING :irc.glados.tv
17:22:41.550 [listenerPool1-thread38] INFO  org.pircbotx.output.OutputRaw - PONG irc.glados.tv
17:22:58.594 [botPool0-bot0] INFO  org.pircbotx.InputParser - PING :tmi.twitch.tv
17:22:58.595 [listenerPool0-thread53] INFO  org.pircbotx.output.OutputRaw - PONG tmi.twitch.tv
17:23:43.243 [botPool0-bot1] INFO  org.pircbotx.InputParser - PING :irc.glados.tv
17:23:43.245 [listenerPool1-thread49] INFO  org.pircbotx.output.OutputRaw - PONG irc.glados.tv
17:24:43.459 [botPool0-bot1] INFO  org.pircbotx.InputParser - PING :irc.glados.tv
17:24:43.460 [listenerPool1-thread56] INFO  org.pircbotx.output.OutputRaw - PONG irc.glados.tv
17:25:35.557 [botPool0-bot0] INFO  org.pircbotx.InputParser - :jdbener!jdbener@jdbener.tmi.twitch.tv PRIVMSG #biogenx2b :i guess all i need to do is scroll to the botom every second
17:25:35.558 [listenerPool0-thread63] INFO  org.pircbotx.output.OutputRaw - PRIVMSG #jdbener :Jdbener: i guess all i need to do is scroll to the botom every second
17:26:35.714 [botPool0-bot1] INFO  org.pircbotx.InputParser - PING :irc.glados.tv
17:26:35.736 [listenerPool1-thread63] INFO  org.pircbotx.output.OutputRaw - PONG irc.glados.tv
17:27:20.172 [botPool0-bot0] INFO  org.pircbotx.InputParser - PING :tmi.twitch.tv
17:27:20.173 [listenerPool0-thread66] INFO  org.pircbotx.output.OutputRaw - PONG tmi.twitch.tv
17:27:37.990 [botPool0-bot1] INFO  org.pircbotx.InputParser - PING :irc.glados.tv
17:27:37.991 [listenerPool1-thread67] INFO  org.pircbotx.output.OutputRaw - PONG irc.glados.tv
17:27:52.415 [botPool0-bot0] INFO  org.pircbotx.InputParser - :jdbener!jdbener@jdbener.tmi.twitch.tv PRIVMSG #biogenx2b :fuck you chrome
17:27:52.415 [listenerPool0-thread66] INFO  org.pircbotx.output.OutputRaw - PRIVMSG #jdbener :Jdbener: fuck you chrome
17:28:54.247 [botPool0-bot1] INFO  org.pircbotx.InputParser - PING :irc.glados.tv
17:28:54.248 [listenerPool1-thread75] INFO  org.pircbotx.output.OutputRaw - PONG irc.glados.tv
17:29:57.199 [botPool0-bot1] INFO  org.pircbotx.InputParser - PING :irc.glados.tv
17:29:57.201 [listenerPool1-thread81] INFO  org.pircbotx.output.OutputRaw - PONG irc.glados.tv
17:30:52.259 [botPool0-bot0] INFO  org.pircbotx.InputParser - :jdbener!jdbener@jdbener.tmi.twitch.tv PRIVMSG #biogenx2b :hay hjf
17:30:52.261 [listenerPool0-thread79] INFO  org.pircbotx.output.OutputRaw - PRIVMSG #jdbener :Jdbener: hay hjf
17:30:56.849 [botPool0-bot0] INFO  org.pircbotx.InputParser - :jdbener!jdbener@jdbener.tmi.twitch.tv PRIVMSG #biogenx2b :can i call you hig?
17:30:56.849 [listenerPool0-thread75] INFO  org.pircbotx.output.OutputRaw - PRIVMSG #jdbener :Jdbener: can i call you hig?
17:31:02.900 [botPool0-bot0] INFO  org.pircbotx.InputParser - :hjf288!hjf288@hjf288.tmi.twitch.tv PRIVMSG #biogenx2b :no
17:31:02.901 [listenerPool0-thread75] INFO  org.pircbotx.output.OutputRaw - PRIVMSG #jdbener :Hjf288: no
17:31:05.785 [botPool0-bot0] INFO  org.pircbotx.InputParser - :jdbener!jdbener@jdbener.tmi.twitch.tv PRIVMSG #biogenx2b :k
17:31:05.785 [listenerPool0-thread77] INFO  org.pircbotx.output.OutputRaw - PRIVMSG #jdbener :Jdbener: k
17:31:25.298 [botPool0-bot0] INFO  org.pircbotx.InputParser - PING :tmi.twitch.tv
17:31:25.299 [listenerPool0-thread83] INFO  org.pircbotx.output.OutputRaw - PONG tmi.twitch.tv
17:31:59.204 [botPool0-bot0] INFO  org.pircbotx.InputParser - :hjf288!hjf288@hjf288.tmi.twitch.tv PRIVMSG #biogenx2b :I mean ffs
17:31:59.205 [listenerPool0-thread79] INFO  org.pircbotx.output.OutputRaw - PRIVMSG #jdbener :Hjf288: I mean ffs
17:32:02.071 [botPool0-bot0] INFO  org.pircbotx.InputParser - :jdbener!jdbener@jdbener.tmi.twitch.tv PRIVMSG #biogenx2b :could you tell me whats wrong with this code? http://pastebin.com/z4stFmhU
17:32:02.071 [listenerPool0-thread81] INFO  org.pircbotx.output.OutputRaw - PRIVMSG #jdbener :Jdbener: could you tell me whats wrong with this code? http://pastebin.com/z4stFmhU
17:32:09.593 [botPool0-bot0] INFO  org.pircbotx.InputParser - :hjf288!hjf288@hjf288.tmi.twitch.tv PRIVMSG #biogenx2b :Most people used HIF
17:32:09.594 [listenerPool0-thread74] INFO  org.pircbotx.output.OutputRaw - PRIVMSG #jdbener :Hjf288: Most people used HIF
17:32:27.008 [botPool0-bot0] INFO  org.pircbotx.InputParser - :hjf288!hjf288@hjf288.tmi.twitch.tv PRIVMSG #biogenx2b :http://www.netbrawl.com/uploads/eae90f51e593f828d8dd3319708ebd7b.jpg which always reminded me of that
17:32:27.009 [listenerPool0-thread77] INFO  org.pircbotx.output.OutputRaw - PRIVMSG #jdbener :Hjf288: http://www.netbrawl.com/uploads/eae90f51e593f828d8dd3319708ebd7b.jpg which always reminded me of that
17:32:34.108 [botPool0-bot0] INFO  org.pircbotx.InputParser - :hjf288!hjf288@hjf288.tmi.twitch.tv PRIVMSG #biogenx2b :hill drift yo
17:32:34.108 [listenerPool0-thread77] INFO  org.pircbotx.output.OutputRaw - PRIVMSG #jdbener :Hjf288: hill drift yo
17:32:48.487 [botPool0-bot0] INFO  org.pircbotx.InputParser - :jdbener!jdbener@jdbener.tmi.twitch.tv PRIVMSG #biogenx2b :hill drift op
17:32:48.488 [listenerPool0-thread73] INFO  org.pircbotx.output.OutputRaw - PRIVMSG #jdbener :Jdbener: hill drift op
17:33:26.043 [botPool0-bot0] INFO  org.pircbotx.InputParser - :hjf288!hjf288@hjf288.tmi.twitch.tv PRIVMSG #biogenx2b :err JS isn't my forte I'm afraid, you can't debug it in your browser?
17:33:26.043 [listenerPool0-thread75] INFO  org.pircbotx.output.OutputRaw - PRIVMSG #jdbener :Hjf288: err JS isn't my forte I'm afraid, you can't debug it in your browser?
17:33:47.129 [botPool0-bot0] INFO  org.pircbotx.InputParser - :hjf288!hjf288@hjf288.tmi.twitch.tv PRIVMSG #biogenx2b :the console normally tells you where stuff is fucking up or at least gives you a clue
17:33:47.129 [listenerPool0-thread74] INFO  org.pircbotx.output.OutputRaw - PRIVMSG #jdbener :Hjf288: the console normally tells you where stuff is fucking up or at least gives you a clue
17:33:59.698 [botPool0-bot0] INFO  org.pircbotx.InputParser - :jdbener!jdbener@jdbener.tmi.twitch.tv PRIVMSG #biogenx2b :its giving me a security eror
17:33:59.699 [listenerPool0-thread74] INFO  org.pircbotx.output.OutputRaw - PRIVMSG #jdbener :Jdbener: its giving me a security eror
17:34:06.351 [botPool0-bot0] INFO  org.pircbotx.InputParser - :jdbener!jdbener@jdbener.tmi.twitch.tv PRIVMSG #biogenx2b :error*
17:34:06.352 [listenerPool0-thread80] INFO  org.pircbotx.output.OutputRaw - PRIVMSG #jdbener :Jdbener: error*
17:34:56.657 [botPool0-bot0] INFO  org.pircbotx.InputParser - :jdbener!jdbener@jdbener.tmi.twitch.tv PRIVMSG #biogenx2b :and looking it up it means that chrome dosent like loading iframes on localhost
17:34:56.658 [listenerPool0-thread83] INFO  org.pircbotx.output.OutputRaw - PRIVMSG #jdbener :Jdbener: and looking it up it means that chrome dosent like loading iframes on localhost
17:34:57.659 [botPool0-bot1] INFO  org.pircbotx.output.OutputRaw - PING 1416188097
17:34:58.198 [botPool0-bot1] INFO  org.pircbotx.InputParser - :irc.glados.tv PONG :irc.glados.tv 1416188097
17:34:58.656 [botPool0-bot0] INFO  org.pircbotx.InputParser - :hjf288!hjf288@hjf288.tmi.twitch.tv PRIVMSG #biogenx2b :can you paste it?
17:34:58.660 [listenerPool0-thread77] INFO  org.pircbotx.output.OutputRaw - PRIVMSG #jdbener :Hjf288: can you paste it?
17:35:40.306 [botPool0-bot0] INFO  org.pircbotx.InputParser - :jdbener!jdbener@jdbener.tmi.twitch.tv PRIVMSG #biogenx2b :no
17:35:40.307 [listenerPool0-thread79] INFO  org.pircbotx.output.OutputRaw - PRIVMSG #jdbener :Jdbener: no
17:35:40.404 [botPool0-bot0] INFO  org.pircbotx.InputParser - :moobot!moobot@moobot.tmi.twitch.tv PRIVMSG #biogenx2b :+ Save BIG on Warlords of Draenor: http://www.g2a.com/r/wod40 •• The Sims Medieval: http://www.g2a.com/r/thesimsmedieval •• Dragon Age: Inqusition http://www.g2a.com/r/da3discount •• AND MUCH MORE at the G2A store! Use !gs for more info.
17:35:41.308 [listenerPool0-thread73] INFO  org.pircbotx.output.OutputRaw - PRIVMSG #jdbener :Moobot: + Save BIG on Warlords of Draenor: http://www.g2a.com/r/wod40 •• The Sims Medieval: http://www.g2a.com/r/thesimsmedieval •• Dragon Age: Inqusition http://www.g2a.com/r/da3discount •• AND MUCH MORE at the G2A store! Use !gs for more info.
17:35:46.206 [botPool0-bot0] INFO  org.pircbotx.InputParser - :jdbener!jdbener@jdbener.tmi.twitch.tv PRIVMSG #biogenx2b :but ill type it for you
17:35:46.208 [listenerPool0-thread74] INFO  org.pircbotx.output.OutputRaw - PRIVMSG #jdbener :Jdbener: but ill type it for you
17:35:50.400 [botPool0-bot0] INFO  org.pircbotx.InputParser - :jdbener!jdbener@jdbener.tmi.twitch.tv PRIVMSG #biogenx2b :give me a sec
17:35:50.400 [listenerPool0-thread80] INFO  org.pircbotx.output.OutputRaw - PRIVMSG #jdbener :Jdbener: give me a sec
17:36:21.018 [botPool0-bot0] INFO  org.pircbotx.InputParser - PING :tmi.twitch.tv
17:36:21.018 [listenerPool0-thread75] INFO  org.pircbotx.output.OutputRaw - PONG tmi.twitch.tv
17:36:51.189 [botPool0-bot1] INFO  org.pircbotx.InputParser - PING :irc.glados.tv
17:36:51.191 [listenerPool1-thread93] INFO  org.pircbotx.output.OutputRaw - PONG irc.glados.tv
17:37:15.607 [botPool0-bot0] INFO  org.pircbotx.InputParser - :jdbener!jdbener@jdbener.tmi.twitch.tv PRIVMSG #biogenx2b :Uncaught SecurityError: Blocked a frame with origin "null" from accessing a file with origin "null". Protocols, Domains and Ports must match.
17:37:15.607 [listenerPool0-thread82] INFO  org.pircbotx.output.OutputRaw - PRIVMSG #jdbener :Jdbener: Uncaught SecurityError: Blocked a frame with origin "null" from accessing a file with origin "null". Protocols, Domains and Ports must match.
17:38:17.560 [botPool0-bot1] INFO  org.pircbotx.InputParser - PING :irc.glados.tv
17:38:17.561 [listenerPool1-thread101] INFO  org.pircbotx.output.OutputRaw - PONG irc.glados.tv
17:39:03.003 [botPool0-bot0] INFO  org.pircbotx.InputParser - :hjf288!hjf288@hjf288.tmi.twitch.tv PRIVMSG #biogenx2b :ahh yeah i don't think chrome is good for accessing local files using javascript
17:39:03.007 [listenerPool0-thread91] INFO  org.pircbotx.output.OutputRaw - PRIVMSG #jdbener :Hjf288: ahh yeah i don't think chrome is good for accessing local files using javascript
17:39:11.815 [botPool0-bot0] INFO  org.pircbotx.InputParser - :jdbener!jdbener@jdbener.tmi.twitch.tv PRIVMSG #biogenx2b :fuck
17:39:11.816 [listenerPool0-thread90] INFO  org.pircbotx.output.OutputRaw - PRIVMSG #jdbener :Jdbener: fuck
17:39:28.733 [botPool0-bot0] INFO  org.pircbotx.InputParser - :jdbener!jdbener@jdbener.tmi.twitch.tv PRIVMSG #biogenx2b :bio dose it have to be clr browser?
17:39:28.733 [listenerPool0-thread89] INFO  org.pircbotx.output.OutputRaw - PRIVMSG #jdbener :Jdbener: bio dose it have to be clr browser?
17:40:25.546 [botPool0-bot0] INFO  org.pircbotx.InputParser - :hjf288!hjf288@hjf288.tmi.twitch.tv PRIVMSG #biogenx2b :what are you trying to do?
17:40:25.546 [listenerPool0-thread87] INFO  org.pircbotx.output.OutputRaw - PRIVMSG #jdbener :Hjf288: what are you trying to do?
17:40:31.371 [botPool0-bot0] INFO  org.pircbotx.InputParser - PING :tmi.twitch.tv
17:40:31.371 [listenerPool0-thread94] INFO  org.pircbotx.output.OutputRaw - PONG tmi.twitch.tv
17:40:41.583 [botPool0-bot0] INFO  org.pircbotx.InputParser - :jdbener!jdbener@jdbener.tmi.twitch.tv PRIVMSG #biogenx2b :so i have an html file that BB generates
17:40:41.583 [listenerPool0-thread89] INFO  org.pircbotx.output.OutputRaw - PRIVMSG #jdbener :Jdbener: so i have an html file that BB generates
17:40:59.713 [botPool0-bot0] INFO  org.pircbotx.InputParser - :hjf288!hjf288@hjf288.tmi.twitch.tv PRIVMSG #biogenx2b :You are writing content to the HTML
17:40:59.714 [listenerPool0-thread94] INFO  org.pircbotx.output.OutputRaw - PRIVMSG #jdbener :Hjf288: You are writing content to the HTML
17:41:07.818 [botPool0-bot0] INFO  org.pircbotx.InputParser - :jdbener!jdbener@jdbener.tmi.twitch.tv PRIVMSG #biogenx2b :yes
17:41:07.820 [listenerPool0-thread88] INFO  org.pircbotx.output.OutputRaw - PRIVMSG #jdbener :Jdbener: yes
17:41:10.148 [botPool0-bot0] INFO  org.pircbotx.InputParser - :hjf288!hjf288@hjf288.tmi.twitch.tv PRIVMSG #biogenx2b :and trying to have that page display the content of the HTML
17:41:10.148 [listenerPool0-thread90] INFO  org.pircbotx.output.OutputRaw - PRIVMSG #jdbener :Hjf288: and trying to have that page display the content of the HTML
17:41:26.804 [botPool0-bot0] INFO  org.pircbotx.InputParser - :jdbener!jdbener@jdbener.tmi.twitch.tv PRIVMSG #biogenx2b :yes but always scrolled to the bottom
17:41:26.805 [listenerPool0-thread86] INFO  org.pircbotx.output.OutputRaw - PRIVMSG #jdbener :Jdbener: yes but always scrolled to the bottom
17:42:18.994 [botPool0-bot0] INFO  org.pircbotx.InputParser - :hjf288!hjf288@hjf288.tmi.twitch.tv PRIVMSG #biogenx2b :Ok so couldn't you embed a small webserver into BB and serve directly, then have a page that hits the embedded server?
17:42:18.995 [listenerPool0-thread86] INFO  org.pircbotx.output.OutputRaw - PRIVMSG #jdbener :Hjf288: Ok so couldn't you embed a small webserver into BB and serve directly, then have a page that hits the embedded server?
17:42:45.350 [botPool0-bot0] INFO  org.pircbotx.InputParser - :hjf288!hjf288@hjf288.tmi.twitch.tv PRIVMSG #biogenx2b :since it'll be over http and not file - it should avoid the file:// restriction
17:42:45.350 [listenerPool0-thread84] INFO  org.pircbotx.output.OutputRaw - PRIVMSG #jdbener :Hjf288: since it'll be over http and not file - it should avoid the file:// restriction
17:43:05.075 [botPool0-bot0] INFO  org.pircbotx.InputParser - :jdbener!jdbener@jdbener.tmi.twitch.tv PRIVMSG #biogenx2b :ok
17:43:05.076 [listenerPool0-thread85] INFO  org.pircbotx.output.OutputRaw - PRIVMSG #jdbener :Jdbener: ok
17:43:14.115 [botPool0-bot0] INFO  org.pircbotx.InputParser - :jdbener!jdbener@jdbener.tmi.twitch.tv PRIVMSG #biogenx2b :how would i go about doing that?
17:43:14.116 [listenerPool0-thread93] INFO  org.pircbotx.output.OutputRaw - PRIVMSG #jdbener :Jdbener: how would i go about doing that?
17:43:17.562 [botPool0-bot1] INFO  org.pircbotx.output.OutputRaw - PING 1416188597
17:43:17.690 [botPool0-bot1] INFO  org.pircbotx.InputParser - :irc.glados.tv PONG :irc.glados.tv 1416188597
17:43:59.208 [botPool0-bot0] INFO  org.pircbotx.InputParser - :jdbener!jdbener@jdbener.tmi.twitch.tv PART #biogenx2b
17:43:59.208 [botPool0-bot0] WARN  org.pircbotx.Channel - Channel #biogenx2b mode '' is stale
17:43:59.209 [botPool0-bot0] WARN  org.pircbotx.Channel - Channel #biogenx2b mode '' is stale
17:43:59.209 [botPool0-bot0] INFO  org.pircbotx.InputParser - :jtv MODE #biogenx2b -o jdbener
17:44:17.943 [botPool0-bot1] INFO  org.pircbotx.InputParser - PING :irc.glados.tv
17:44:17.944 [listenerPool1-thread112] INFO  org.pircbotx.output.OutputRaw - PONG irc.glados.tv
17:44:43.919 [botPool0-bot0] INFO  org.pircbotx.InputParser - :hjf288!hjf288@hjf288.tmi.twitch.tv PRIVMSG #biogenx2b :I'm sure theres a bunch of prebuilt webservers /frameworks to integrate into your project
17:44:43.919 [listenerPool0-thread97] INFO  org.pircbotx.output.OutputRaw - PRIVMSG #jdbener :Hjf288: I'm sure theres a bunch of prebuilt webservers /frameworks to integrate into your project
17:45:01.427 [botPool0-bot0] INFO  org.pircbotx.InputParser - :jdbener!jdbener@jdbener.tmi.twitch.tv JOIN #biogenx2b
17:45:01.427 [botPool0-bot0] INFO  org.pircbotx.InputParser - :jtv MODE #biogenx2b +o jdbener
17:45:02.667 [botPool0-bot0] INFO  org.pircbotx.InputParser - PING :tmi.twitch.tv
17:45:02.667 [listenerPool0-thread89] INFO  org.pircbotx.output.OutputRaw - PONG tmi.twitch.tv
17:45:10.200 [botPool0-bot0] INFO  org.pircbotx.InputParser - :hjf288!hjf288@hjf288.tmi.twitch.tv PRIVMSG #biogenx2b :http://www.eclipse.org/jetty/ I know of Jetty mainly
17:45:10.201 [listenerPool0-thread98] INFO  org.pircbotx.output.OutputRaw - PRIVMSG #jdbener :Hjf288: http://www.eclipse.org/jetty/ I know of Jetty mainly
17:45:37.201 [botPool0-bot0] INFO  org.pircbotx.InputParser - :hjf288!hjf288@hjf288.tmi.twitch.tv PRIVMSG #biogenx2b :PHP is my main forte with a dash of Python
17:45:37.202 [listenerPool0-thread85] INFO  org.pircbotx.output.OutputRaw - PRIVMSG #jdbener :Hjf288: PHP is my main forte with a dash of Python
17:46:03.205 [botPool0-bot0] INFO  org.pircbotx.InputParser - :hjf288!hjf288@hjf288.tmi.twitch.tv PRIVMSG #biogenx2b :After playing around with JAVA for a month, I just wanted to kill
17:46:03.206 [listenerPool0-thread85] INFO  org.pircbotx.output.OutputRaw - PRIVMSG #jdbener :Hjf288: After playing around with JAVA for a month, I just wanted to kill
17:46:22.740 [botPool0-bot0] INFO  org.pircbotx.InputParser - :hjf288!hjf288@hjf288.tmi.twitch.tv PRIVMSG #biogenx2b :https://github.com/NanoHttpd/nanohttpd
17:46:22.741 [listenerPool0-thread92] INFO  org.pircbotx.output.OutputRaw - PRIVMSG #jdbener :Hjf288: https://github.com/NanoHttpd/nanohttpd
17:46:47.097 [botPool0-bot0] INFO  org.pircbotx.InputParser - :jdbener!jdbener@jdbener.tmi.twitch.tv PRIVMSG #biogenx2b :i learned PHP and am now learning java
17:46:47.098 [listenerPool0-thread98] INFO  org.pircbotx.output.OutputRaw - PRIVMSG #jdbener :Jdbener: i learned PHP and am now learning java
17:46:55.635 [botPool0-bot0] INFO  org.pircbotx.InputParser - :jdbener!jdbener@jdbener.tmi.twitch.tv PRIVMSG #biogenx2b :i find it to be a much nicer language
17:46:55.640 [listenerPool0-thread92] INFO  org.pircbotx.output.OutputRaw - PRIVMSG #jdbener :Jdbener: i find it to be a much nicer language
17:46:59.338 [botPool0-bot0] INFO  org.pircbotx.InputParser - :jdbener!jdbener@jdbener.tmi.twitch.tv PRIVMSG #biogenx2b :but to each there own
17:46:59.340 [listenerPool0-thread95] INFO  org.pircbotx.output.OutputRaw - PRIVMSG #jdbener :Jdbener: but to each there own
17:47:49.585 [botPool0-bot0] INFO  org.pircbotx.InputParser - :hjf288!hjf288@hjf288.tmi.twitch.tv PRIVMSG #biogenx2b :PHP has it's role in web development, but it's not suited for doing desktop apps for example although it is possible
17:47:49.586 [listenerPool0-thread96] INFO  org.pircbotx.output.OutputRaw - PRIVMSG #jdbener :Hjf288: PHP has it's role in web development, but it's not suited for doing desktop apps for example although it is possible
17:48:10.448 [botPool0-bot0] INFO  org.pircbotx.InputParser - :hjf288!hjf288@hjf288.tmi.twitch.tv PRIVMSG #biogenx2b :Python is nice, very flexible
17:48:10.448 [listenerPool0-thread92] INFO  org.pircbotx.output.OutputRaw - PRIVMSG #jdbener :Hjf288: Python is nice, very flexible
17:48:15.048 [botPool0-bot0] INFO  org.pircbotx.InputParser - :hjf288!hjf288@hjf288.tmi.twitch.tv PRIVMSG #biogenx2b :can get alot done in not alot of code
17:48:15.048 [listenerPool0-thread98] INFO  org.pircbotx.output.OutputRaw - PRIVMSG #jdbener :Hjf288: can get alot done in not alot of code
17:48:22.438 [botPool0-bot0] INFO  org.pircbotx.InputParser - :hjf288!hjf288@hjf288.tmi.twitch.tv PRIVMSG #biogenx2b :JAVA wins in speed but the language itself just makes me cringe
17:48:22.438 [listenerPool0-thread98] INFO  org.pircbotx.output.OutputRaw - PRIVMSG #jdbener :Hjf288: JAVA wins in speed but the language itself just makes me cringe
17:48:34.495 [botPool0-bot0] INFO  org.pircbotx.InputParser - :hjf288!hjf288@hjf288.tmi.twitch.tv PRIVMSG #biogenx2b :and the JRE :p
17:48:34.496 [listenerPool0-thread96] INFO  org.pircbotx.output.OutputRaw - PRIVMSG #jdbener :Hjf288: and the JRE :p
17:49:05.659 [botPool0-bot0] INFO  org.pircbotx.InputParser - :battlefield4battlebeta!battlefield4battlebeta@battlefield4battlebeta.tmi.twitch.tv JOIN #biogenx2b
17:49:11.357 [botPool0-bot0] INFO  org.pircbotx.InputParser - :jdbener!jdbener@jdbener.tmi.twitch.tv PRIVMSG #biogenx2b :JRE is a bitch :p
17:49:11.358 [listenerPool0-thread97] INFO  org.pircbotx.output.OutputRaw - PRIVMSG #jdbener :Jdbener: JRE is a bitch :p
17:49:17.944 [botPool0-bot1] INFO  org.pircbotx.output.OutputRaw - PING 1416188957
17:49:18.091 [botPool0-bot1] INFO  org.pircbotx.InputParser - :irc.glados.tv PONG :irc.glados.tv 1416188957
17:49:29.050 [botPool0-bot0] INFO  org.pircbotx.InputParser - :jdbener!jdbener@jdbener.tmi.twitch.tv PRIVMSG #biogenx2b :i figured it out
17:49:29.051 [listenerPool0-thread85] INFO  org.pircbotx.output.OutputRaw - PRIVMSG #jdbener :Jdbener: i figured it out
17:49:31.017 [botPool0-bot0] INFO  org.pircbotx.InputParser - PING :tmi.twitch.tv
17:49:31.017 [listenerPool0-thread99] INFO  org.pircbotx.output.OutputRaw - PONG tmi.twitch.tv
17:49:47.375 [botPool0-bot0] INFO  org.pircbotx.InputParser - :jdbener!jdbener@jdbener.tmi.twitch.tv PRIVMSG #biogenx2b :screw the display file and just pop is strait in the output
17:49:47.376 [listenerPool0-thread92] INFO  org.pircbotx.output.OutputRaw - PRIVMSG #jdbener :Jdbener: screw the display file and just pop is strait in the output
17:49:56.041 [botPool0-bot0] INFO  org.pircbotx.InputParser - :jdbener!jdbener@jdbener.tmi.twitch.tv PRIVMSG #biogenx2b :how dose this look: http://gyazo.com/4e603bc62581888b4f961367b773248d
17:49:56.041 [listenerPool0-thread85] INFO  org.pircbotx.output.OutputRaw - PRIVMSG #jdbener :Jdbener: how dose this look: http://gyazo.com/4e603bc62581888b4f961367b773248d
17:50:41.980 [botPool0-bot0] INFO  org.pircbotx.InputParser - :hjf288!hjf288@hjf288.tmi.twitch.tv PRIVMSG #biogenx2b :Apart from the colours, functional :)
17:50:41.991 [listenerPool0-thread99] INFO  org.pircbotx.output.OutputRaw - PRIVMSG #jdbener :Hjf288: Apart from the colours, functional :)
17:51:03.969 [botPool0-bot0] INFO  org.pircbotx.InputParser - :jdbener!jdbener@jdbener.tmi.twitch.tv PRIVMSG #biogenx2b :its all in an easily acsessable css file
17:51:03.974 [listenerPool0-thread96] INFO  org.pircbotx.output.OutputRaw - PRIVMSG #jdbener :Jdbener: its all in an easily acsessable css file
17:51:16.007 [botPool0-bot0] INFO  org.pircbotx.InputParser - :battlefield4battlebeta!battlefield4battlebeta@battlefield4battlebeta.tmi.twitch.tv PART #biogenx2b
17:51:16.008 [botPool0-bot0] WARN  org.pircbotx.Channel - Channel #biogenx2b mode '' is stale
17:51:16.008 [botPool0-bot0] WARN  org.pircbotx.Channel - Channel #biogenx2b mode '' is stale
17:51:24.005 [botPool0-bot0] INFO  org.pircbotx.InputParser - :jdbener!jdbener@jdbener.tmi.twitch.tv PRIVMSG #biogenx2b :and im gona switch user colors to being forced to twitch
17:51:24.005 [listenerPool0-thread91] INFO  org.pircbotx.output.OutputRaw - PRIVMSG #jdbener :Jdbener: and im gona switch user colors to being forced to twitch
17:51:52.824 [botPool0-bot0] INFO  org.pircbotx.InputParser - :jdbener!jdbener@jdbener.tmi.twitch.tv PRIVMSG #biogenx2b :colors
17:51:52.825 [listenerPool0-thread85] INFO  org.pircbotx.output.OutputRaw - PRIVMSG #jdbener :Jdbener: colors
17:51:57.971 [botPool0-bot0] INFO  org.pircbotx.InputParser - :jdbener!jdbener@jdbener.tmi.twitch.tv PRIVMSG #biogenx2b :which will make them alot nicer
17:51:57.971 [listenerPool0-thread84] INFO  org.pircbotx.output.OutputRaw - PRIVMSG #jdbener :Jdbener: which will make them alot nicer
17:52:24.346 [botPool0-bot0] INFO  org.pircbotx.InputParser - :hjf288!hjf288@hjf288.tmi.twitch.tv PRIVMSG #biogenx2b ::)
17:52:24.346 [listenerPool0-thread95] INFO  org.pircbotx.output.OutputRaw - PRIVMSG #jdbener :Hjf288: :)
17:52:38.413 [botPool0-bot0] INFO  org.pircbotx.InputParser - :hjf288!hjf288@hjf288.tmi.twitch.tv PRIVMSG #biogenx2b :Mainly the grey on your background doesn't work but apart from that its good
17:52:38.414 [listenerPool0-thread99] INFO  org.pircbotx.output.OutputRaw - PRIVMSG #jdbener :Hjf288: Mainly the grey on your background doesn't work but apart from that its good
17:53:27.931 [botPool0-bot0] INFO  org.pircbotx.InputParser - :hjf288!hjf288@hjf288.tmi.twitch.tv PRIVMSG #biogenx2b :*grey text
17:53:27.932 [listenerPool0-thread97] INFO  org.pircbotx.output.OutputRaw - PRIVMSG #jdbener :Hjf288: *grey text
17:53:32.791 [botPool0-bot0] INFO  org.pircbotx.InputParser - :hjf288!hjf288@hjf288.tmi.twitch.tv PRIVMSG #biogenx2b :but as you said it's changeable
17:53:32.792 [listenerPool0-thread92] INFO  org.pircbotx.output.OutputRaw - PRIVMSG #jdbener :Hjf288: but as you said it's changeable
17:53:42.021 [botPool0-bot0] INFO  org.pircbotx.InputParser - PING :tmi.twitch.tv
17:53:42.021 [listenerPool0-thread89] INFO  org.pircbotx.output.OutputRaw - PONG tmi.twitch.tv
17:53:56.178 [botPool0-bot0] INFO  org.pircbotx.InputParser - :hjf288!hjf288@hjf288.tmi.twitch.tv PRIVMSG #biogenx2b :omg this spooky sounding music
17:53:56.178 [listenerPool0-thread86] INFO  org.pircbotx.output.OutputRaw - PRIVMSG #jdbener :Hjf288: omg this spooky sounding music
17:53:59.995 [botPool0-bot0] INFO  org.pircbotx.InputParser - :hjf288!hjf288@hjf288.tmi.twitch.tv PRIVMSG #biogenx2b :and then suddenly a bio appears
17:53:59.995 [listenerPool0-thread85] INFO  org.pircbotx.output.OutputRaw - PRIVMSG #jdbener :Hjf288: and then suddenly a bio appears
17:54:18.092 [botPool0-bot1] INFO  org.pircbotx.output.OutputRaw - PING 1416189258
17:54:18.397 [botPool0-bot1] INFO  org.pircbotx.InputParser - :irc.glados.tv PONG :irc.glados.tv 1416189258
17:54:56.542 [botPool0-bot0] INFO  org.pircbotx.InputParser - :hjf288!hjf288@hjf288.tmi.twitch.tv PRIVMSG #biogenx2b :also bio your BRB thing is still on :p
17:54:56.543 [listenerPool0-thread92] INFO  org.pircbotx.output.OutputRaw - PRIVMSG #jdbener :Hjf288: also bio your BRB thing is still on :p
17:55:57.127 [botPool0-bot1] INFO  org.pircbotx.InputParser - PING :irc.glados.tv
17:55:57.128 [listenerPool1-thread127] INFO  org.pircbotx.output.OutputRaw - PONG irc.glados.tv
17:56:46.952 [botPool0-bot0] INFO  org.pircbotx.InputParser - :jdbener!jdbener@jdbener.tmi.twitch.tv PRIVMSG #biogenx2b :bio did you see the picture i sent?
17:56:46.953 [listenerPool0-thread102] INFO  org.pircbotx.output.OutputRaw - PRIVMSG #jdbener :Jdbener: bio did you see the picture i sent?
17:57:49.129 [botPool0-bot1] INFO  org.pircbotx.InputParser - PING :irc.glados.tv
17:57:49.131 [listenerPool1-thread136] INFO  org.pircbotx.output.OutputRaw - PONG irc.glados.tv
17:58:23.183 [botPool0-bot0] INFO  org.pircbotx.InputParser - PING :tmi.twitch.tv
17:58:23.184 [listenerPool0-thread108] INFO  org.pircbotx.output.OutputRaw - PONG tmi.twitch.tv
17:58:50.097 [botPool0-bot1] INFO  org.pircbotx.InputParser - PING :irc.glados.tv
17:58:50.098 [listenerPool1-thread142] INFO  org.pircbotx.output.OutputRaw - PONG irc.glados.tv
17:58:50.154 [botPool0-bot0] INFO  org.pircbotx.InputParser - :jdbener!jdbener@jdbener.tmi.twitch.tv PRIVMSG #biogenx2b :bio your mic is muted bro
17:58:51.099 [listenerPool0-thread111] INFO  org.pircbotx.output.OutputRaw - PRIVMSG #jdbener :Jdbener: bio your mic is muted bro
17:59:07.052 [botPool0-bot0] INFO  org.pircbotx.InputParser - :hjf288!hjf288@hjf288.tmi.twitch.tv PRIVMSG #biogenx2b :lmfao
17:59:07.052 [listenerPool0-thread114] INFO  org.pircbotx.output.OutputRaw - PRIVMSG #jdbener :Hjf288: lmfao
17:59:18.989 [botPool0-bot0] INFO  org.pircbotx.InputParser - :hjf288!hjf288@hjf288.tmi.twitch.tv PRIVMSG #biogenx2b :he's trapped in a glass box of emotion
17:59:18.990 [listenerPool0-thread116] INFO  org.pircbotx.output.OutputRaw - PRIVMSG #jdbener :Hjf288: he's trapped in a glass box of emotion
17:59:23.847 [botPool0-bot0] INFO  org.pircbotx.InputParser - :hjf288!hjf288@hjf288.tmi.twitch.tv PRIVMSG #biogenx2b :but we can't hear XD
17:59:23.848 [listenerPool0-thread109] INFO  org.pircbotx.output.OutputRaw - PRIVMSG #jdbener :Hjf288: but we can't hear XD
17:59:23.998 [botPool0-bot0] INFO  org.pircbotx.InputParser - :moobot!moobot@moobot.tmi.twitch.tv PRIVMSG #biogenx2b :+ Save BIG on Warlords of Draenor: http://www.g2a.com/r/wod40 •• The Sims Medieval: http://www.g2a.com/r/thesimsmedieval •• Dragon Age: Inqusition http://www.g2a.com/r/da3discount •• AND MUCH MORE at the G2A store! Use !gs for more info.
17:59:24.849 [listenerPool0-thread107] INFO  org.pircbotx.output.OutputRaw - PRIVMSG #jdbener :Moobot: + Save BIG on Warlords of Draenor: http://www.g2a.com/r/wod40 •• The Sims Medieval: http://www.g2a.com/r/thesimsmedieval •• Dragon Age: Inqusition http://www.g2a.com/r/da3discount •• AND MUCH MORE at the G2A store! Use !gs for more info.
18:00:09.986 [botPool0-bot0] INFO  org.pircbotx.InputParser - :jdbener!jdbener@jdbener.tmi.twitch.tv PRIVMSG #biogenx2b :usernames are in a span
18:00:09.987 [listenerPool0-thread112] INFO  org.pircbotx.output.OutputRaw - PRIVMSG #jdbener :Jdbener: usernames are in a span
18:00:19.556 [botPool0-bot0] INFO  org.pircbotx.InputParser - :jdbener!jdbener@jdbener.tmi.twitch.tv PRIVMSG #biogenx2b :and that is the only place where spans are used
18:00:19.557 [listenerPool0-thread116] INFO  org.pircbotx.output.OutputRaw - PRIVMSG #jdbener :Jdbener: and that is the only place where spans are used
18:00:44.414 [botPool0-bot0] INFO  org.pircbotx.InputParser - :jdbener!jdbener@jdbener.tmi.twitch.tv PRIVMSG #biogenx2b :so change the info for span tags if you want to change the nick size
18:00:44.414 [listenerPool0-thread112] INFO  org.pircbotx.output.OutputRaw - PRIVMSG #jdbener :Jdbener: so change the info for span tags if you want to change the nick size
18:00:49.441 [botPool0-bot0] INFO  org.pircbotx.InputParser - :spothas!spothas@spothas.tmi.twitch.tv JOIN #biogenx2b
18:01:41.329 [botPool0-bot0] INFO  org.pircbotx.InputParser - :jdbener!jdbener@jdbener.tmi.twitch.tv PRIVMSG #biogenx2b :type: span {whatever you want: to edit here;}
18:01:41.329 [listenerPool0-thread116] INFO  org.pircbotx.output.OutputRaw - PRIVMSG #jdbener :Jdbener: type: span {whatever you want: to edit here;}
18:01:53.937 [botPool0-bot0] INFO  org.pircbotx.InputParser - :spothas!spothas@spothas.tmi.twitch.tv PRIVMSG #biogenx2b :Are you legit reading the quest
18:01:53.948 [listenerPool0-thread109] INFO  org.pircbotx.output.OutputRaw - PRIVMSG #jdbener :Spothas: Are you legit reading the quest
18:02:05.457 [botPool0-bot0] INFO  org.pircbotx.InputParser - :jdbener!jdbener@jdbener.tmi.twitch.tv PRIVMSG #biogenx2b :in the resource/layout.css file
18:02:05.460 [listenerPool0-thread108] INFO  org.pircbotx.output.OutputRaw - PRIVMSG #jdbener :Jdbener: in the resource/layout.css file
18:02:19.543 [botPool0-bot0] INFO  org.pircbotx.InputParser - :hjf288!hjf288@hjf288.tmi.twitch.tv PRIVMSG #biogenx2b :right i'm off - got work in the morning, have a good one
18:02:19.546 [listenerPool0-thread109] INFO  org.pircbotx.output.OutputRaw - PRIVMSG #jdbener :Hjf288: right i'm off - got work in the morning, have a good one
18:02:31.333 [botPool0-bot0] INFO  org.pircbotx.InputParser - :jdbener!jdbener@jdbener.tmi.twitch.tv PRIVMSG #biogenx2b :bye hjf
18:02:31.335 [listenerPool0-thread108] INFO  org.pircbotx.output.OutputRaw - PRIVMSG #jdbener :Jdbener: bye hjf
18:02:32.391 [botPool0-bot0] INFO  org.pircbotx.InputParser - PING :tmi.twitch.tv
18:02:32.391 [listenerPool0-thread117] INFO  org.pircbotx.output.OutputRaw - PONG tmi.twitch.tv
18:03:32.795 [botPool0-bot1] INFO  org.pircbotx.InputParser - PING :irc.glados.tv
18:03:32.796 [listenerPool1-thread148] INFO  org.pircbotx.output.OutputRaw - PONG irc.glados.tv
18:03:59.522 [botPool0-bot0] INFO  org.pircbotx.InputParser - :jdbener!jdbener@jdbener.tmi.twitch.tv PRIVMSG #biogenx2b :i guess its time for another hotfix
18:03:59.527 [listenerPool0-thread125] INFO  org.pircbotx.output.OutputRaw - PRIVMSG #jdbener :Jdbener: i guess its time for another hotfix
18:04:57.250 [bot2-shutdownhook] INFO  org.pircbotx.output.OutputRaw - QUIT :
18:04:57.251 [bot2-shutdownhook] INFO  org.pircbotx.output.OutputRaw - QUIT :
18:04:57.251 [bot2-shutdownhook] WARN  org.pircbotx.Channel - Channel #biogenx2b mode '' is stale
18:04:57.251 [bot2-shutdownhook] INFO  org.pircbotx.dcc.DccHandler - Terminating all transfers waiting to be accepted
18:04:57.252 [botPool0-bot1] INFO  org.pircbotx.PircBotX - Shutdown has been called, closing InputParser
18:04:57.252 [bot2-shutdownhook] WARN  org.pircbotx.Channel - Channel #biogenx2b mode '' is stale
18:04:57.252 [bot2-shutdownhook] INFO  org.pircbotx.dcc.DccHandler - Terminating all transfers waiting to be accepted
18:04:57.252 [botPool0-bot0] INFO  org.pircbotx.PircBotX - Shutdown has been called, closing InputParser
18:04:57.253 [botPool0-bot0] DEBUG o.p.MultiBotManager$BotFutureCallback - Bot #0 finished
18:04:57.253 [botPool0-bot1] DEBUG o.p.MultiBotManager$BotFutureCallback - Bot #1 finished
18:04:57.253 [bot2-shutdownhook] DEBUG org.pircbotx.PircBotX - Disconnected.
18:04:57.253 [bot2-shutdownhook] DEBUG o.p.h.m.ThreadedListenerManager - Waiting for listener me.jdbener.utilities.JoinLeaveMessages@4b24e48f to execute event DisconnectEvent(daoSnapshot=org.pircbotx.snapshot.UserChannelDaoSnapshot@37970f19, disconnectException=null)
18:04:57.253 [bot2-shutdownhook] DEBUG org.pircbotx.PircBotX - Disconnected.
18:04:57.253 [bot2-shutdownhook] DEBUG o.p.h.m.ThreadedListenerManager - Waiting for listener org.pircbotx.hooks.CoreHooks@49a1afb1 to execute event DisconnectEvent(daoSnapshot=org.pircbotx.snapshot.UserChannelDaoSnapshot@1e604ed2, disconnectException=null)
18:04:57.253 [bot2-shutdownhook] DEBUG o.p.h.m.ThreadedListenerManager - Waiting for listener org.pircbotx.hooks.CoreHooks@34d6e7b8 to execute event DisconnectEvent(daoSnapshot=org.pircbotx.snapshot.UserChannelDaoSnapshot@37970f19, disconnectException=null)
18:04:57.254 [bot2-shutdownhook] DEBUG o.p.h.m.ThreadedListenerManager - Waiting for listener me.jdbener.utilities.CustomCommandHandeler@299320cf to execute event DisconnectEvent(daoSnapshot=org.pircbotx.snapshot.UserChannelDaoSnapshot@37970f19, disconnectException=null)
18:04:57.270 [bot2-shutdownhook] DEBUG o.p.h.m.ThreadedListenerManager - Waiting for listener me.jdbener.utilities.Infromation@1b490621 to execute event DisconnectEvent(daoSnapshot=org.pircbotx.snapshot.UserChannelDaoSnapshot@1e604ed2, disconnectException=null)
18:04:57.270 [bot2-shutdownhook] DEBUG o.p.h.m.ThreadedListenerManager - Waiting for listener me.jdbener.apis.twitch.TwitchStatusGameUpdater@3015a293 to execute event DisconnectEvent(daoSnapshot=org.pircbotx.snapshot.UserChannelDaoSnapshot@1e604ed2, disconnectException=null)
18:04:57.270 [bot2-shutdownhook] DEBUG o.p.h.m.ThreadedListenerManager - Waiting for listener me.jdbener.plugins.BasicCommands.BasicCommandsPlugin@2ae522a0 to execute event DisconnectEvent(daoSnapshot=org.pircbotx.snapshot.UserChannelDaoSnapshot@1e604ed2, disconnectException=null)
18:04:57.273 [bot2-shutdownhook] DEBUG o.p.h.m.ThreadedListenerManager - Waiting for listener me.jdbener.plugins.BasicCommands.BasicCommandsPlugin@2ae522a0 to execute event DisconnectEvent(daoSnapshot=org.pircbotx.snapshot.UserChannelDaoSnapshot@37970f19, disconnectException=null)
18:04:57.273 [bot2-shutdownhook] DEBUG o.p.h.m.ThreadedListenerManager - Waiting for listener me.jdbener.apis.hitbox.HitboxStatusGameUpdater@5a925c95 to execute event DisconnectEvent(daoSnapshot=org.pircbotx.snapshot.UserChannelDaoSnapshot@37970f19, disconnectException=null)
18:04:57.273 [bot2-shutdownhook] DEBUG o.p.h.m.ThreadedListenerManager - Waiting for listener me.jdbener.utilities.ChatRelayHandeler@906fc22 to execute event DisconnectEvent(daoSnapshot=org.pircbotx.snapshot.UserChannelDaoSnapshot@37970f19, disconnectException=null)
18:04:57.273 [bot2-shutdownhook] DEBUG o.p.h.m.ThreadedListenerManager - Waiting for listener me.jdbener.utilities.Infromation@5b72c218 to execute event DisconnectEvent(daoSnapshot=org.pircbotx.snapshot.UserChannelDaoSnapshot@37970f19, disconnectException=null)
18:04:57.273 [bot2-shutdownhook] DEBUG o.p.h.m.ThreadedListenerManager - Waiting for listener me.jdbener.apis.twitch.TwitchStatusGameUpdater@5c64798e to execute event DisconnectEvent(daoSnapshot=org.pircbotx.snapshot.UserChannelDaoSnapshot@37970f19, disconnectException=null)
