13:00:13.743 [main] INFO  me.jdbener.Bennerbot - Begining plugin loading
13:00:13.831 [main] INFO  me.jdbener.Bennerbot - Finished looking for plugins in: plugins
13:00:13.833 [main] INFO  me.jdbener.Bennerbot - Finished looking for plugins in: plugins/BasicCommands
13:00:13.834 [main] INFO  me.jdbener.Bennerbot - Finished looking for plugins in: plugins/dissabled
13:00:13.836 [main] INFO  me.jdbener.Bennerbot - Beggining pluging loading sequence
13:00:13.836 [main] INFO  me.jdbener.Bennerbot - Finished pluging loading sequence
13:00:13.836 [main] INFO  me.jdbener.Bennerbot - Proceading with BennerBot initiation sequence
13:00:15.191 [main] DEBUG org.pircbotx.MultiBotManager - Not started yet, add to queue
13:00:15.191 [main] DEBUG org.pircbotx.MultiBotManager - Not started yet, add to queue
13:00:15.259 [botPool0-bot0] DEBUG org.pircbotx.PircBotX - Trying address irc.twitch.tv/199.9.249.252
13:00:15.261 [main] INFO  me.jdbener.Bennerbot - Started Loading the GUI
13:00:15.278 [botPool0-bot1] DEBUG org.pircbotx.PircBotX - Trying address irc.glados.tv/192.99.100.37
13:00:15.286 [botPool0-bot0] INFO  org.pircbotx.PircBotX - Connected to server.
13:00:15.293 [botPool0-bot0] INFO  org.pircbotx.output.OutputRaw - PASS oauth:hrr2wpqq0knt6sb0spzd3d1mugpdezf
13:00:15.293 [botPool0-bot0] INFO  org.pircbotx.output.OutputRaw - NICK bennerbot
13:00:15.293 [botPool0-bot0] INFO  org.pircbotx.output.OutputRaw - USER BennerBot 8 * :PircBotX 2.0.1, a fork of PircBot, the Java IRC bot - pircbotx.googlecode.com
13:00:15.352 [botPool0-bot0] INFO  org.pircbotx.InputParser - :tmi.twitch.tv 001 bennerbot :Welcome, GLHF!
13:00:15.361 [botPool0-bot0] DEBUG org.pircbotx.InputParser - Logged onto server.
13:00:15.392 [botPool0-bot1] INFO  org.pircbotx.PircBotX - Connected to server.
13:00:15.393 [botPool0-bot1] INFO  org.pircbotx.output.OutputRaw - PASS bennerbot
13:00:15.393 [botPool0-bot1] INFO  org.pircbotx.output.OutputRaw - NICK bennerbot
13:00:15.393 [botPool0-bot1] INFO  org.pircbotx.output.OutputRaw - USER BennerBot 8 * :PircBotX 2.0.1, a fork of PircBot, the Java IRC bot - pircbotx.googlecode.com
13:00:16.294 [botPool0-bot0] INFO  org.pircbotx.output.OutputRaw - JOIN #jdbener 
13:00:16.294 [botPool0-bot0] INFO  org.pircbotx.InputParser - :tmi.twitch.tv 002 bennerbot :Your host is tmi.twitch.tv
13:00:16.295 [botPool0-bot0] INFO  org.pircbotx.InputParser - :tmi.twitch.tv 003 bennerbot :This server is rather new
13:00:16.295 [botPool0-bot0] INFO  org.pircbotx.InputParser - :tmi.twitch.tv 004 bennerbot :-
13:00:16.301 [botPool0-bot0] ERROR org.pircbotx.PircBotX - Exception encountered when parsing line
java.lang.IndexOutOfBoundsException: Index: 1, Size: 1
	at java.util.ArrayList.rangeCheck(Unknown Source) ~[na:1.7.0_45]
	at java.util.ArrayList.get(Unknown Source) ~[na:1.7.0_45]
	at org.pircbotx.ServerInfo.parse004(ServerInfo.java:113) ~[pircbotx-2.0.1.jar:na]
	at org.pircbotx.ServerInfo.parse(ServerInfo.java:106) ~[pircbotx-2.0.1.jar:na]
	at org.pircbotx.InputParser.processServerResponse(InputParser.java:709) ~[pircbotx-2.0.1.jar:na]
	at org.pircbotx.InputParser.handleLine(InputParser.java:323) ~[pircbotx-2.0.1.jar:na]
	at org.pircbotx.PircBotX.startLineProcessing(PircBotX.java:275) [pircbotx-2.0.1.jar:na]
	at org.pircbotx.PircBotX.connect(PircBotX.java:236) [pircbotx-2.0.1.jar:na]
	at org.pircbotx.MultiBotManager$BotRunner.call(MultiBotManager.java:219) [pircbotx-2.0.1.jar:na]
	at org.pircbotx.MultiBotManager$BotRunner.call(MultiBotManager.java:212) [pircbotx-2.0.1.jar:na]
	at java.util.concurrent.FutureTask.run(Unknown Source) [na:1.7.0_45]
	at java.util.concurrent.ThreadPoolExecutor.runWorker(Unknown Source) [na:1.7.0_45]
	at java.util.concurrent.ThreadPoolExecutor$Worker.run(Unknown Source) [na:1.7.0_45]
	at java.lang.Thread.run(Unknown Source) [na:1.7.0_45]
13:00:16.301 [botPool0-bot0] INFO  org.pircbotx.InputParser - :tmi.twitch.tv 375 bennerbot :-
13:00:16.302 [botPool0-bot0] INFO  org.pircbotx.InputParser - :tmi.twitch.tv 372 bennerbot :You are in a maze of twisty passages, all alike.
13:00:16.302 [botPool0-bot0] INFO  org.pircbotx.InputParser - :tmi.twitch.tv 376 bennerbot :>
13:00:16.306 [botPool0-bot1] INFO  org.pircbotx.InputParser - :irc.glados.tv 001 bennerbot :Welcome to the hitbox-tv IRC Network bennerbot!BennerBot@ip.bennerbot.chat.hitbox.tv (Connection ID: 7f8de335-f9d9-424c-892d-cacb78c47eaf)
13:00:16.306 [botPool0-bot1] DEBUG org.pircbotx.InputParser - Logged onto server.
13:00:16.375 [botPool0-bot0] INFO  org.pircbotx.InputParser - :bennerbot!bennerbot@bennerbot.tmi.twitch.tv JOIN #jdbener
13:00:16.394 [botPool0-bot1] INFO  org.pircbotx.output.OutputRaw - JOIN #jdbener 
13:00:16.394 [botPool0-bot1] INFO  org.pircbotx.InputParser - :irc.glados.tv 002 bennerbot :Your host is irc.glados.tv, running version IrcD.Net, Version=0.3.5351.28745, Culture=neutral, PublicKeyToken=null
13:00:16.395 [botPool0-bot1] INFO  org.pircbotx.InputParser - :irc.glados.tv 003 bennerbot :This server was created 11/13/2014 6:08:51 AM
13:00:16.395 [botPool0-bot1] INFO  org.pircbotx.InputParser - :irc.glados.tv 004 bennerbot :irc.glados.tv ircD.Net.0.3.5351.28745 Oiorwx ahovITbceiklmnpst
13:00:16.396 [botPool0-bot1] ERROR org.pircbotx.PircBotX - Exception encountered when parsing line
java.lang.IndexOutOfBoundsException: Index: 1, Size: 1
	at java.util.ArrayList.rangeCheck(Unknown Source) ~[na:1.7.0_45]
	at java.util.ArrayList.get(Unknown Source) ~[na:1.7.0_45]
	at org.pircbotx.ServerInfo.parse004(ServerInfo.java:113) ~[pircbotx-2.0.1.jar:na]
	at org.pircbotx.ServerInfo.parse(ServerInfo.java:106) ~[pircbotx-2.0.1.jar:na]
	at org.pircbotx.InputParser.processServerResponse(InputParser.java:709) ~[pircbotx-2.0.1.jar:na]
	at org.pircbotx.InputParser.handleLine(InputParser.java:323) ~[pircbotx-2.0.1.jar:na]
	at org.pircbotx.PircBotX.startLineProcessing(PircBotX.java:275) [pircbotx-2.0.1.jar:na]
	at org.pircbotx.PircBotX.connect(PircBotX.java:236) [pircbotx-2.0.1.jar:na]
	at org.pircbotx.MultiBotManager$BotRunner.call(MultiBotManager.java:219) [pircbotx-2.0.1.jar:na]
	at org.pircbotx.MultiBotManager$BotRunner.call(MultiBotManager.java:212) [pircbotx-2.0.1.jar:na]
	at java.util.concurrent.FutureTask.run(Unknown Source) [na:1.7.0_45]
	at java.util.concurrent.ThreadPoolExecutor.runWorker(Unknown Source) [na:1.7.0_45]
	at java.util.concurrent.ThreadPoolExecutor$Worker.run(Unknown Source) [na:1.7.0_45]
	at java.lang.Thread.run(Unknown Source) [na:1.7.0_45]
13:00:16.396 [botPool0-bot1] INFO  org.pircbotx.InputParser - :irc.glados.tv 005 bennerbot STD=draft03 PREFIX=(aohv)&@%+ CHANMODES=Ibe,k,l,Tcimnpst CHANTYPES=# CHANLIMIT=#:10 INEVEX=I EXCEPTS=e NETWORK=hitbox-tv CASEMAPPING=ascii CHANNELLEN=40 NICKLEN=32 MAXNICKLEN=32 TOPICLEN=300 KICKLEN=300 AWAYLEN=300 KNOCK LANGUAGE=5,af,sq,am,ar,hy,az,eu,be,bn,bh,bg,my,ca,chr,zh,zh-CN,zh-TW,hr,cs,da,dv,nl,en,eo,et,tl,fi,fr,gl,ka,de,el,gn,gu,iw,hi,hu,is,id,iu,it,ja,kn,kk,km,ko,ku,ky,lo,lv,lt,mk,ms,ml,mt,mr,mn,ne,no,or,ps,fa,pl,pt-PT,pa,ro,ru,sa,sr,sd :are supported by this server
13:00:16.397 [botPool0-bot1] INFO  org.pircbotx.InputParser - :irc.glados.tv 005 bennerbot LANGUAGE=5,si,sk,sl,es,sw,sv,tg,ta,te,th,bo,tr,uk,ur,uz,ug,vi SILENCE=25 RFC2812 :are supported by this server
13:00:16.397 [botPool0-bot1] INFO  org.pircbotx.InputParser - :irc.glados.tv 375 bennerbot :- irc.glados.tv Message of the day -
13:00:16.397 [botPool0-bot1] INFO  org.pircbotx.InputParser - :irc.glados.tv 372 bennerbot :-   +MMMMMMMMMMMMmdho+oddmNMMMMMMMMMMMMM $$\   $$\ $$\   $$\     $$\                                 $$$$$$\ $$$$$$$\   $$$$$$\  
13:00:16.398 [botPool0-bot1] INFO  org.pircbotx.InputParser - :irc.glados.tv 372 bennerbot :-   +MMMMMMMMNdoo/::-:///+osymNMMMMMMMMM $$ |  $$ |\__|  $$ |    $$ |                                \_$$  _|$$  __$$\ $$  __$$\ 
13:00:16.398 [botPool0-bot1] INFO  org.pircbotx.InputParser - :irc.glados.tv 372 bennerbot :-   +MMMMMMMMh::-----:////////dMMMMMMMMM $$ |  $$ |$$\ $$$$$$\   $$$$$$$\   $$$$$$\  $$\   $$\         $$ |  $$ |  $$ |$$ /  \__|
13:00:16.399 [botPool0-bot1] INFO  org.pircbotx.InputParser - :irc.glados.tv 372 bennerbot :-   +MMMMMMMMh:::----:////////dMMMMMMMMM $$$$$$$$ |$$ |\_$$  _|  $$  __$$\ $$  __$$\ \$$\ $$  |        $$ |  $$$$$$$  |$$ |     
13:00:16.399 [botPool0-bot1] INFO  org.pircbotx.InputParser - :irc.glados.tv 372 bennerbot :-   +MMMMMMMMh:::----:////////dMMMMMMMMM $$  __$$ |$$ |  $$ |    $$ |  $$ |$$ /  $$ | \$$$$  /         $$ |  $$  __$$< $$ |      
13:00:16.399 [botPool0-bot1] INFO  org.pircbotx.InputParser - :irc.glados.tv 372 bennerbot :-   +MMMMMMMMh::::---:////////dMMMMMMMMM $$ |  $$ |$$ |  $$ |$$\ $$ |  $$ |$$ |  $$ | $$  $$<          $$ |  $$ |  $$ |$$ |  $$\ 
13:00:16.400 [botPool0-bot1] INFO  org.pircbotx.InputParser - :irc.glados.tv 372 bennerbot :-   +MMMMMMMMh:::://++oo++++/+dMMMMMMMMM $$ |  $$ |$$ |  \$$$$  |$$$$$$$  |\$$$$$$  |$$  /\$$\       $$$$$$\ $$ |  $$ |\$$$$$$  |
13:00:16.400 [botPool0-bot1] INFO  org.pircbotx.InputParser - :irc.glados.tv 372 bennerbot :-   +MMMMMMMMmhmmdddddddddmmmmNMMMMMMMMM \__|  \__|\__|   \____/ \_______/  \______/ \__/  \__|      \______|\__|  \__| \______/ 
13:00:16.400 [botPool0-bot1] INFO  org.pircbotx.InputParser - :irc.glados.tv 372 bennerbot :-   +NyssssMyo+///:::::/+++oosyhMyyyhhMM
13:00:16.400 [botPool0-bot1] INFO  org.pircbotx.InputParser - :irc.glados.tv 372 bennerbot :-   +N:::::Mo::::::::::////++++yM+++ooNM $$$$$$$\            $$\                                                                 
13:00:16.401 [botPool0-bot1] INFO  org.pircbotx.InputParser - :irc.glados.tv 372 bennerbot :-   +N:::::Mo::::::::::///+++++yM++oooNM $$$$$$$\            $$\                           
13:00:16.422 [botPool0-bot1] INFO  org.pircbotx.InputParser - :irc.glados.tv 372 bennerbot :-   +N:::::Mo:::::::::://++++++yM+ooooNM $$  __$$\           $$ |                         
13:00:16.422 [botPool0-bot1] INFO  org.pircbotx.InputParser - :irc.glados.tv 372 bennerbot :-   +N:::::Mo:::::::::://++++++yMoooooNM $$ |  $$ | $$$$$$\  $$ | $$$$$$\  $$\   $$\          
13:00:16.423 [botPool0-bot1] INFO  org.pircbotx.InputParser - :irc.glados.tv 372 bennerbot :-   +N:::::Mo::::::::://+++++++yMoooooNM $$$$$$$  |$$  __$$\ $$ | \____$$\ $$ |  $$ |        
13:00:16.423 [botPool0-bot1] INFO  org.pircbotx.InputParser - :irc.glados.tv 372 bennerbot :-   +N/::::Mo:::::::::/++++++++yMoosyhMM $$  __$$< $$$$$$$$ |$$ | $$$$$$$ |$$ |  $$ |      
13:00:16.423 [botPool0-bot1] INFO  org.pircbotx.InputParser - :irc.glados.tv 372 bennerbot :-   +Mho//:Mo:::::::::/+++++++oyMhdNMMMM $$ |  $$ |$$   ____|$$ |$$  __$$ |$$ |  $$ |       
13:00:16.424 [botPool0-bot1] INFO  org.pircbotx.InputParser - :irc.glados.tv 372 bennerbot :-   +MMMMNhMy+/:::::::/++++oshmNMMMMMMMM $$ |  $$ |\$$$$$$$\ $$ |\$$$$$$$ |\$$$$$$$ |       
13:00:16.425 [botPool0-bot1] INFO  org.pircbotx.InputParser - :irc.glados.tv 372 bennerbot :-   +MMMMMMMhyddhs+/::/+oydmmhyhMMMMMMMM \__|  \__| \_______|\__| \_______| \____$$ |             -Community Driven
13:00:16.425 [botPool0-bot1] INFO  org.pircbotx.InputParser - :irc.glados.tv 372 bennerbot :-   +MMMMMMMo::/+shhhhddmdyo+ooyMMMMMMMM                                   $$\   $$ |      
13:00:16.426 [botPool0-bot1] INFO  org.pircbotx.InputParser - :irc.glados.tv 372 bennerbot :-   +MMMMMMMo:::::::/dNd+++++ooyMMMMMMMM                                   \$$$$$$  |  
13:00:16.426 [botPool0-bot1] INFO  org.pircbotx.InputParser - :irc.glados.tv 372 bennerbot :-   +MMMMMMMs::::::::hNh++++oooyMMMMMMMM                                    \______/  
13:00:16.427 [botPool0-bot1] INFO  org.pircbotx.InputParser - :irc.glados.tv 372 bennerbot :-   +MMMMMMMNdso//:::hNh++oosydNMMMMMMMM
13:00:16.427 [botPool0-bot1] INFO  org.pircbotx.InputParser - :irc.glados.tv 372 bennerbot :-   +MMMMMMMMMMMmdyo/dNh+shmNMMMMMMMMMMM
13:00:16.428 [botPool0-bot1] INFO  org.pircbotx.InputParser - :irc.glados.tv 372 bennerbot :-   +MMMMMMMMMMMMMMMNMMMNMMMMMMMMMMMMMMM
13:00:16.429 [botPool0-bot1] INFO  org.pircbotx.InputParser - :irc.glados.tv 372 bennerbot :-   
13:00:16.647 [botPool0-bot1] INFO  org.pircbotx.InputParser - :irc.glados.tv 372 bennerbot :-   Join #help for problems/assistance. To join channels, use the lowercase version of the channel name (ex. Danbopes => #danbopes)
13:00:16.960 [botPool0-bot1] INFO  org.pircbotx.InputParser - :irc.glados.tv 372 bennerbot :-   
13:00:16.960 [botPool0-bot1] INFO  org.pircbotx.InputParser - :irc.glados.tv 376 bennerbot :End of MOTD command
13:00:16.961 [botPool0-bot1] INFO  org.pircbotx.InputParser - :irc.glados.tv 251 bennerbot :There are 124 users and 0 services on 1 servers
13:00:16.961 [botPool0-bot1] INFO  org.pircbotx.InputParser - :irc.glados.tv 252 bennerbot 0 :operator(s) online
13:00:16.961 [botPool0-bot1] INFO  org.pircbotx.InputParser - :irc.glados.tv 253 bennerbot 8 :unknown connection(s)
13:00:16.962 [botPool0-bot1] INFO  org.pircbotx.InputParser - :irc.glados.tv 254 bennerbot 1 :channels formed
13:00:16.962 [botPool0-bot1] INFO  org.pircbotx.InputParser - :irc.glados.tv 255 bennerbot :I have 124 clients and 1 servers
13:00:17.295 [botPool0-bot0] INFO  org.pircbotx.output.OutputRaw - WHO #jdbener
13:00:18.296 [botPool0-bot0] INFO  org.pircbotx.output.OutputRaw - MODE #jdbener
13:00:18.299 [botPool0-bot0] INFO  org.pircbotx.InputParser - :bennerbot.tmi.twitch.tv 353 bennerbot = #jdbener :bennerbot
13:00:18.300 [botPool0-bot0] INFO  org.pircbotx.InputParser - :bennerbot.tmi.twitch.tv 366 bennerbot #jdbener :End of /NAMES list
13:00:18.300 [botPool0-bot0] INFO  org.pircbotx.InputParser - :jtv!jtv@jtv.tmi.twitch.tv PRIVMSG bennerbot :USERCOLOR bennerbot #FF0000
13:00:18.301 [botPool0-bot0] INFO  org.pircbotx.InputParser - :jtv!jtv@jtv.tmi.twitch.tv PRIVMSG bennerbot :HISTORYEND jdbener
13:00:18.301 [botPool0-bot0] INFO  org.pircbotx.InputParser - :tmi.twitch.tv 421 bennerbot WHO :Unknown command
13:00:18.443 [botPool0-bot1] INFO  org.pircbotx.InputParser - :bennerbot!BennerBot@ip.bennerbot.chat.hitbox.tv JOIN #jdbener
13:00:18.443 [botPool0-bot1] INFO  org.pircbotx.output.OutputRaw - WHO #jdbener
13:00:19.297 [listenerPool0-thread7] INFO  org.pircbotx.output.OutputRaw - PRIVMSG #jdbener :/color #ff0000
13:00:19.368 [botPool0-bot0] INFO  org.pircbotx.InputParser - :jtv!jtv@jtv.tmi.twitch.tv PRIVMSG bennerbot :USERCOLOR bennerbot #FF0000
13:00:19.369 [botPool0-bot0] INFO  org.pircbotx.InputParser - :jtv!jtv@jtv.tmi.twitch.tv PRIVMSG bennerbot :Your color has been changed
13:00:19.444 [listenerPool0-thread7] INFO  org.pircbotx.output.OutputRaw - PRIVMSG #jdbener :/color #ff0000
13:00:20.298 [listenerPool0-thread3] INFO  org.pircbotx.output.OutputRaw - PRIVMSG #jdbener :/color #ff0000
13:00:20.359 [botPool0-bot0] INFO  org.pircbotx.InputParser - :jtv!jtv@jtv.tmi.twitch.tv PRIVMSG bennerbot :USERCOLOR bennerbot #FF0000
13:00:20.360 [botPool0-bot0] INFO  org.pircbotx.InputParser - :jtv!jtv@jtv.tmi.twitch.tv PRIVMSG bennerbot :Your color has been changed
13:00:20.367 [botPool0-bot0] INFO  org.pircbotx.InputParser - :jtv PRIVMSG bennerbot :USERCOLOR jdbener #1E90FF
13:00:20.369 [botPool0-bot0] INFO  org.pircbotx.InputParser - :jdbener!jdbener@jdbener.tmi.twitch.tv PRIVMSG #jdbener :!song
13:00:20.445 [botPool0-bot1] INFO  org.pircbotx.output.OutputRaw - MODE #jdbener
13:00:20.445 [botPool0-bot1] INFO  org.pircbotx.InputParser - :irc.glados.tv 332 bennerbot #jdbener :test
13:00:20.445 [botPool0-bot1] INFO  org.pircbotx.InputParser - :irc.glados.tv 353 bennerbot = #jdbener :%bennerbot
13:00:20.446 [botPool0-bot1] INFO  org.pircbotx.InputParser - :irc.glados.tv 366 bennerbot #jdbener :End of NAMES list
13:00:20.446 [botPool0-bot1] INFO  org.pircbotx.InputParser - :irc.glados.tv 315 bennerbot #jdbener :End of /WHO list.
13:00:20.557 [botPool0-bot1] INFO  org.pircbotx.InputParser - :irc.glados.tv 324 bennerbot #jdbener +
13:00:21.446 [listenerPool0-thread2] INFO  org.pircbotx.output.OutputRaw - PRIVMSG #jdbener :Jdbener: !song
13:00:22.447 [listenerPool0-thread3] INFO  org.pircbotx.output.OutputRaw - PRIVMSG #jdbener :/color #ff0000
13:00:22.973 [listenerPool0-thread1] INFO  org.pircbotx.output.OutputRaw - PRIVMSG #jdbener :hay Jdbener thats, Volkshaus Zurich Switzerland 11-11-1986 ~ The Stranglers on  http://www.last.fm/music/The+Stranglers/_/Volkshaus+Zurich+Switzerland+11-11-1986
13:00:23.129 [botPool0-bot0] INFO  org.pircbotx.InputParser - :jtv PRIVMSG bennerbot :USERCOLOR bennerbot #FF0000
13:00:23.448 [listenerPool0-thread1] INFO  org.pircbotx.output.OutputRaw - PRIVMSG #jdbener :hay Jdbener thats, Volkshaus Zurich Switzerland 11-11-1986 ~ The Stranglers on  http://www.last.fm/music/The+Stranglers/_/Volkshaus+Zurich+Switzerland+11-11-1986
13:00:23.603 [botPool0-bot1] INFO  org.pircbotx.InputParser - :bennerbot!bennerbot@ip.bennerbot.chat.hitbox.tv PRIVMSG #jdbener :hay Jdbener thats, Volkshaus Zurich Switzerland 11-11-1986 ~ The Stranglers on  http://www.last.fm/music/The+Stranglers/_/Volkshaus+Zurich+Switzerland+11-11-1986
13:00:23.974 [listenerPool0-thread1] INFO  org.pircbotx.output.OutputRaw - PRIVMSG #jdbener :Bennerbot: hay Jdbener thats, Volkshaus Zurich Switzerland 11-11-1986 ~ The Stranglers on  http://www.last.fm/music/The+Stranglers/_/Volkshaus+Zurich+Switzerland+11-11-1986
13:00:24.085 [botPool0-bot0] INFO  org.pircbotx.InputParser - :jtv PRIVMSG bennerbot :USERCOLOR bennerbot #FF0000
13:00:25.480 [pool-6-thread-1] INFO  org.pircbotx.output.OutputRaw - PRIVMSG #jdbener :Test Message
13:00:25.481 [pool-6-thread-1] INFO  org.pircbotx.output.OutputRaw - PRIVMSG #jdbener :Test Message
13:00:25.630 [botPool0-bot0] INFO  org.pircbotx.InputParser - :jtv PRIVMSG bennerbot :USERCOLOR bennerbot #FF0000
13:00:56.973 [botPool0-bot0] INFO  org.pircbotx.InputParser - :jtv PRIVMSG bennerbot :USERCOLOR jdbener #1E90FF
13:00:56.977 [botPool0-bot0] INFO  org.pircbotx.InputParser - :jdbener!jdbener@jdbener.tmi.twitch.tv PRIVMSG #jdbener :!song
13:00:56.978 [listenerPool0-thread8] INFO  org.pircbotx.output.OutputRaw - PRIVMSG #jdbener :Jdbener: !song
13:00:59.652 [listenerPool0-thread2] INFO  org.pircbotx.output.OutputRaw - PRIVMSG #jdbener :hay Jdbener thats, Volkshaus Zurich Switzerland 11-11-1986 ~ The Stranglers on  http://www.last.fm/music/The+Stranglers/_/Volkshaus+Zurich+Switzerland+11-11-1986, the last song was: That Woman's Got Me Drinking ~ Shane MacGowan And The Popes
13:00:59.652 [listenerPool0-thread2] INFO  org.pircbotx.output.OutputRaw - PRIVMSG #jdbener :hay Jdbener thats, Volkshaus Zurich Switzerland 11-11-1986 ~ The Stranglers on  http://www.last.fm/music/The+Stranglers/_/Volkshaus+Zurich+Switzerland+11-11-1986, the last song was: That Woman's Got Me Drinking ~ Shane MacGowan And The Popes
13:00:59.756 [botPool0-bot0] INFO  org.pircbotx.InputParser - :jtv PRIVMSG bennerbot :USERCOLOR bennerbot #FF0000
13:00:59.815 [botPool0-bot1] INFO  org.pircbotx.InputParser - :bennerbot!bennerbot@ip.bennerbot.chat.hitbox.tv PRIVMSG #jdbener :hay Jdbener thats, Volkshaus Zurich Switzerland 11-11-1986 ~ The Stranglers on  http://www.last.fm/music/The+Stranglers/_/Volkshaus+Zurich+Switzerland+11-11-1986, the last song was: That Woman's Got Me Drinking ~ Shane MacGowan And The Popes
13:01:00.653 [listenerPool0-thread8] INFO  org.pircbotx.output.OutputRaw - PRIVMSG #jdbener :Bennerbot: hay Jdbener thats, Volkshaus Zurich Switzerland 11-11-1986 ~ The Stranglers on  http://www.last.fm/music/The+Stranglers/_/Volkshaus+Zurich+Switzerland+11-11-1986, the last song was: That Woman's Got Me Drinking ~ Shane MacGowan And The Popes
13:01:00.765 [botPool0-bot0] INFO  org.pircbotx.InputParser - :jtv PRIVMSG bennerbot :USERCOLOR bennerbot #FF0000
13:01:12.105 [botPool0-bot0] INFO  org.pircbotx.InputParser - :jdbener!jdbener@jdbener.tmi.twitch.tv JOIN #jdbener
13:01:12.105 [botPool0-bot0] INFO  org.pircbotx.InputParser - :jtv MODE #jdbener +o jdbener
13:01:12.110 [botPool0-bot0] INFO  org.pircbotx.InputParser - :jtv MODE #jdbener +o bennerbot
13:01:25.003 [bot2-shutdownhook] INFO  org.pircbotx.output.OutputRaw - QUIT :
13:01:25.017 [bot2-shutdownhook] INFO  org.pircbotx.output.OutputRaw - QUIT :
13:01:25.023 [bot2-shutdownhook] WARN  org.pircbotx.Channel - Channel #jdbener mode '' is stale
13:01:25.039 [bot2-shutdownhook] WARN  org.pircbotx.Channel - Channel #jdbener mode '' is stale
13:01:25.041 [bot2-shutdownhook] INFO  org.pircbotx.dcc.DccHandler - Terminating all transfers waiting to be accepted
13:01:25.041 [botPool0-bot1] INFO  org.pircbotx.PircBotX - Shutdown has been called, closing InputParser
13:01:25.042 [bot2-shutdownhook] DEBUG org.pircbotx.PircBotX - Disconnected.
13:01:25.042 [bot2-shutdownhook] DEBUG o.p.h.m.ThreadedListenerManager - Waiting for listener me.jdbener.apis.twitch.TwitchStatusGameUpdater@2d48410b to execute event DisconnectEvent(daoSnapshot=org.pircbotx.snapshot.UserChannelDaoSnapshot@373e118c, disconnectException=null)
13:01:25.042 [botPool0-bot1] DEBUG o.p.MultiBotManager$BotFutureCallback - Bot #1 finished
13:01:25.042 [bot2-shutdownhook] DEBUG o.p.h.m.ThreadedListenerManager - Waiting for listener me.jdbener.Cleaner@504cb46a to execute event DisconnectEvent(daoSnapshot=org.pircbotx.snapshot.UserChannelDaoSnapshot@373e118c, disconnectException=null)
13:01:25.042 [bot2-shutdownhook] DEBUG o.p.h.m.ThreadedListenerManager - Waiting for listener org.pircbotx.hooks.CoreHooks@34b0c151 to execute event DisconnectEvent(daoSnapshot=org.pircbotx.snapshot.UserChannelDaoSnapshot@373e118c, disconnectException=null)
13:01:25.042 [bot2-shutdownhook] DEBUG o.p.h.m.ThreadedListenerManager - Waiting for listener me.jdbener.apis.Lastfm.LastfmNowPlaying@51cc87e3 to execute event DisconnectEvent(daoSnapshot=org.pircbotx.snapshot.UserChannelDaoSnapshot@373e118c, disconnectException=null)
13:01:25.042 [bot2-shutdownhook] DEBUG o.p.h.m.ThreadedListenerManager - Waiting for listener me.jdbener.utilities.Infromation@34651695 to execute event DisconnectEvent(daoSnapshot=org.pircbotx.snapshot.UserChannelDaoSnapshot@373e118c, disconnectException=null)
13:01:25.042 [bot2-shutdownhook] DEBUG o.p.h.m.ThreadedListenerManager - Waiting for listener me.jdbener.utilities.CustomCommandHandeler@520cec87 to execute event DisconnectEvent(daoSnapshot=org.pircbotx.snapshot.UserChannelDaoSnapshot@373e118c, disconnectException=null)
13:01:25.042 [bot2-shutdownhook] DEBUG o.p.h.m.ThreadedListenerManager - Waiting for listener me.jdbener.apis.hitbox.HitboxStatusGameUpdater@617d59ff to execute event DisconnectEvent(daoSnapshot=org.pircbotx.snapshot.UserChannelDaoSnapshot@373e118c, disconnectException=null)
13:01:25.043 [bot2-shutdownhook] INFO  org.pircbotx.dcc.DccHandler - Terminating all transfers waiting to be accepted
13:01:25.044 [botPool0-bot0] INFO  org.pircbotx.PircBotX - Shutdown has been called, closing InputParser
13:01:25.044 [botPool0-bot0] DEBUG o.p.MultiBotManager$BotFutureCallback - Bot #0 finished
13:01:25.044 [bot2-shutdownhook] DEBUG org.pircbotx.PircBotX - Disconnected.
