16:20:42.636 [main] INFO  me.jdbener.Bennerbot - Begining plugin loading
16:20:42.732 [main] INFO  me.jdbener.Bennerbot - Finished looking for plugins in: plugins
16:20:42.733 [main] INFO  me.jdbener.Bennerbot - Finished looking for plugins in: plugins/BasicCommands
16:20:42.734 [main] INFO  me.jdbener.Bennerbot - Finished looking for plugins in: plugins/dissabled
16:20:42.737 [main] INFO  me.jdbener.Bennerbot - Beggining pluging loading sequence
16:20:42.737 [main] INFO  me.jdbener.Bennerbot - Finished pluging loading sequence
16:20:42.737 [main] INFO  me.jdbener.Bennerbot - Proceading with BennerBot initiation sequence
16:20:44.316 [main] DEBUG org.pircbotx.MultiBotManager - Not started yet, add to queue
16:20:44.316 [main] DEBUG org.pircbotx.MultiBotManager - Not started yet, add to queue
16:20:44.320 [botPool0-bot0] DEBUG org.pircbotx.PircBotX - Trying address irc.twitch.tv/199.9.249.252
16:20:44.325 [botPool0-bot1] DEBUG org.pircbotx.PircBotX - Trying address irc.glados.tv/192.99.100.37
16:20:44.349 [botPool0-bot0] INFO  org.pircbotx.PircBotX - Connected to server.
16:20:44.355 [botPool0-bot0] INFO  org.pircbotx.output.OutputRaw - PASS oauth:hrr2wpqq0knt6sb0spzd3d1mugpdezf
16:20:44.355 [botPool0-bot0] INFO  org.pircbotx.output.OutputRaw - NICK bennerbot
16:20:44.355 [botPool0-bot0] INFO  org.pircbotx.output.OutputRaw - USER BennerBot 8 * :PircBotX 2.0.1, a fork of PircBot, the Java IRC bot - pircbotx.googlecode.com
16:20:44.382 [main] INFO  me.jdbener.Bennerbot - Started Loading the GUI
16:20:44.433 [botPool0-bot0] INFO  org.pircbotx.InputParser - :tmi.twitch.tv 001 bennerbot :Welcome, GLHF!
16:20:44.443 [botPool0-bot0] DEBUG org.pircbotx.InputParser - Logged onto server.
16:20:44.453 [botPool0-bot1] INFO  org.pircbotx.PircBotX - Connected to server.
16:20:44.454 [botPool0-bot1] INFO  org.pircbotx.output.OutputRaw - PASS bennerbot
16:20:44.454 [botPool0-bot1] INFO  org.pircbotx.output.OutputRaw - NICK bennerbot
16:20:44.454 [botPool0-bot1] INFO  org.pircbotx.output.OutputRaw - USER BennerBot 8 * :PircBotX 2.0.1, a fork of PircBot, the Java IRC bot - pircbotx.googlecode.com
16:20:45.357 [listenerPool0-thread3] INFO  org.pircbotx.output.OutputRaw - PRIVMSG #biogenx2b :/color #ff0000
16:20:45.455 [listenerPool0-thread3] INFO  org.pircbotx.output.OutputRaw - PRIVMSG #jdbener :/color #ff0000
16:20:45.747 [botPool0-bot1] INFO  org.pircbotx.InputParser - :irc.glados.tv 001 bennerbot :Welcome to the hitbox-tv IRC Network bennerbot!BennerBot@ip.bennerbot.chat.hitbox.tv (Connection ID: f5ff6d09-657b-412a-b183-361d9422562b)
16:20:45.748 [botPool0-bot1] DEBUG org.pircbotx.InputParser - Logged onto server.
16:20:46.358 [botPool0-bot0] INFO  org.pircbotx.output.OutputRaw - JOIN #biogenx2b 
16:20:46.360 [botPool0-bot0] INFO  org.pircbotx.InputParser - :tmi.twitch.tv 002 bennerbot :Your host is tmi.twitch.tv
16:20:46.360 [botPool0-bot0] INFO  org.pircbotx.InputParser - :tmi.twitch.tv 003 bennerbot :This server is rather new
16:20:46.361 [botPool0-bot0] INFO  org.pircbotx.InputParser - :tmi.twitch.tv 004 bennerbot :-
16:20:46.367 [botPool0-bot0] ERROR org.pircbotx.PircBotX - Exception encountered when parsing line
java.lang.IndexOutOfBoundsException: Index: 1, Size: 1
	at java.util.ArrayList.rangeCheck(Unknown Source) ~[na:1.7.0_45]
	at java.util.ArrayList.get(Unknown Source) ~[na:1.7.0_45]
	at org.pircbotx.ServerInfo.parse004(ServerInfo.java:113) ~[pircbotx-2.0.1.jar:na]
	at org.pircbotx.ServerInfo.parse(ServerInfo.java:106) ~[pircbotx-2.0.1.jar:na]
	at org.pircbotx.InputParser.processServerResponse(InputParser.java:709) ~[pircbotx-2.0.1.jar:na]
	at org.pircbotx.InputParser.handleLine(InputParser.java:323) ~[pircbotx-2.0.1.jar:na]
	at org.pircbotx.PircBotX.startLineProcessing(PircBotX.java:275) [pircbotx-2.0.1.jar:na]
	at org.pircbotx.PircBotX.connect(PircBotX.java:236) [pircbotx-2.0.1.jar:na]
	at org.pircbotx.MultiBotManager$BotRunner.call(MultiBotManager.java:219) [pircbotx-2.0.1.jar:na]
	at org.pircbotx.MultiBotManager$BotRunner.call(MultiBotManager.java:212) [pircbotx-2.0.1.jar:na]
	at java.util.concurrent.FutureTask.run(Unknown Source) [na:1.7.0_45]
	at java.util.concurrent.ThreadPoolExecutor.runWorker(Unknown Source) [na:1.7.0_45]
	at java.util.concurrent.ThreadPoolExecutor$Worker.run(Unknown Source) [na:1.7.0_45]
	at java.lang.Thread.run(Unknown Source) [na:1.7.0_45]
16:20:46.368 [botPool0-bot0] INFO  org.pircbotx.InputParser - :tmi.twitch.tv 375 bennerbot :-
16:20:46.369 [botPool0-bot0] INFO  org.pircbotx.InputParser - :tmi.twitch.tv 372 bennerbot :You are in a maze of twisty passages, all alike.
16:20:46.370 [botPool0-bot0] INFO  org.pircbotx.InputParser - :tmi.twitch.tv 376 bennerbot :>
16:20:46.371 [botPool0-bot0] INFO  org.pircbotx.InputParser - :jtv!jtv@jtv.tmi.twitch.tv PRIVMSG bennerbot :USERCOLOR bennerbot #FF0000
16:20:46.373 [botPool0-bot0] INFO  org.pircbotx.InputParser - :jtv!jtv@jtv.tmi.twitch.tv PRIVMSG bennerbot :Your color has been changed
16:20:46.456 [botPool0-bot1] INFO  org.pircbotx.output.OutputRaw - JOIN #jdbener 
16:20:46.456 [botPool0-bot1] INFO  org.pircbotx.InputParser - :irc.glados.tv 002 bennerbot :Your host is irc.glados.tv, running version IrcD.Net, Version=0.3.5351.28745, Culture=neutral, PublicKeyToken=null
16:20:46.458 [botPool0-bot1] INFO  org.pircbotx.InputParser - :irc.glados.tv 003 bennerbot :This server was created 11/13/2014 6:08:51 AM
16:20:46.459 [botPool0-bot1] INFO  org.pircbotx.InputParser - :irc.glados.tv 004 bennerbot :irc.glados.tv ircD.Net.0.3.5351.28745 Oiorwx ahovITbceiklmnpst
16:20:46.460 [botPool0-bot1] ERROR org.pircbotx.PircBotX - Exception encountered when parsing line
java.lang.IndexOutOfBoundsException: Index: 1, Size: 1
	at java.util.ArrayList.rangeCheck(Unknown Source) ~[na:1.7.0_45]
	at java.util.ArrayList.get(Unknown Source) ~[na:1.7.0_45]
	at org.pircbotx.ServerInfo.parse004(ServerInfo.java:113) ~[pircbotx-2.0.1.jar:na]
	at org.pircbotx.ServerInfo.parse(ServerInfo.java:106) ~[pircbotx-2.0.1.jar:na]
	at org.pircbotx.InputParser.processServerResponse(InputParser.java:709) ~[pircbotx-2.0.1.jar:na]
	at org.pircbotx.InputParser.handleLine(InputParser.java:323) ~[pircbotx-2.0.1.jar:na]
	at org.pircbotx.PircBotX.startLineProcessing(PircBotX.java:275) [pircbotx-2.0.1.jar:na]
	at org.pircbotx.PircBotX.connect(PircBotX.java:236) [pircbotx-2.0.1.jar:na]
	at org.pircbotx.MultiBotManager$BotRunner.call(MultiBotManager.java:219) [pircbotx-2.0.1.jar:na]
	at org.pircbotx.MultiBotManager$BotRunner.call(MultiBotManager.java:212) [pircbotx-2.0.1.jar:na]
	at java.util.concurrent.FutureTask.run(Unknown Source) [na:1.7.0_45]
	at java.util.concurrent.ThreadPoolExecutor.runWorker(Unknown Source) [na:1.7.0_45]
	at java.util.concurrent.ThreadPoolExecutor$Worker.run(Unknown Source) [na:1.7.0_45]
	at java.lang.Thread.run(Unknown Source) [na:1.7.0_45]
16:20:46.460 [botPool0-bot1] INFO  org.pircbotx.InputParser - :irc.glados.tv 005 bennerbot STD=draft03 PREFIX=(aohv)&@%+ CHANMODES=Ibe,k,l,Tcimnpst CHANTYPES=# CHANLIMIT=#:10 INEVEX=I EXCEPTS=e NETWORK=hitbox-tv CASEMAPPING=ascii CHANNELLEN=40 NICKLEN=32 MAXNICKLEN=32 TOPICLEN=300 KICKLEN=300 AWAYLEN=300 KNOCK LANGUAGE=5,af,sq,am,ar,hy,az,eu,be,bn,bh,bg,my,ca,chr,zh,zh-CN,zh-TW,hr,cs,da,dv,nl,en,eo,et,tl,fi,fr,gl,ka,de,el,gn,gu,iw,hi,hu,is,id,iu,it,ja,kn,kk,km,ko,ku,ky,lo,lv,lt,mk,ms,ml,mt,mr,mn,ne,no,or,ps,fa,pl,pt-PT,pa,ro,ru,sa,sr,sd :are supported by this server
16:20:46.461 [botPool0-bot1] INFO  org.pircbotx.InputParser - :irc.glados.tv 005 bennerbot LANGUAGE=5,si,sk,sl,es,sw,sv,tg,ta,te,th,bo,tr,uk,ur,uz,ug,vi SILENCE=25 RFC2812 :are supported by this server
16:20:46.461 [botPool0-bot1] INFO  org.pircbotx.InputParser - :irc.glados.tv 375 bennerbot :- irc.glados.tv Message of the day -
16:20:46.462 [botPool0-bot1] INFO  org.pircbotx.InputParser - :irc.glados.tv 372 bennerbot :-   +MMMMMMMMMMMMmdho+oddmNMMMMMMMMMMMMM $$\   $$\ $$\   $$\     $$\                                 $$$$$$\ $$$$$$$\   $$$$$$\  
16:20:46.463 [botPool0-bot1] INFO  org.pircbotx.InputParser - :irc.glados.tv 372 bennerbot :-   +MMMMMMMMNdoo/::-:///+osymNMMMMMMMMM $$ |  $$ |\__|  $$ |    $$ |                                \_$$  _|$$  __$$\ $$  __$$\ 
16:20:46.463 [botPool0-bot1] INFO  org.pircbotx.InputParser - :irc.glados.tv 372 bennerbot :-   +MMMMMMMMh::-----:////////dMMMMMMMMM $$ |  $$ |$$\ $$$$$$\   $$$$$$$\   $$$$$$\  $$\   $$\         $$ |  $$ |  $$ |$$ /  \__|
16:20:46.464 [botPool0-bot1] INFO  org.pircbotx.InputParser - :irc.glados.tv 372 bennerbot :-   +MMMMMMMMh:::----:////////dMMMMMMMMM $$$$$$$$ |$$ |\_$$  _|  $$  __$$\ $$  __$$\ \$$\ $$  |        $$ |  $$$$$$$  |$$ |     
16:20:46.464 [botPool0-bot1] INFO  org.pircbotx.InputParser - :irc.glados.tv 372 bennerbot :-   +MMMMMMMMh:::----:////////dMMMMMMMMM $$  __$$ |$$ |  $$ |    $$ |  $$ |$$ /  $$ | \$$$$  /         $$ |  $$  __$$< $$ |      
16:20:46.465 [botPool0-bot1] INFO  org.pircbotx.InputParser - :irc.glados.tv 372 bennerbot :-   +MMMMMMMMh::::---:////////dMMMMMMMMM $$ |  $$ |$$ |  $$ |$$\ $$ |  $$ |$$ |  $$ | $$  $$<          $$ |  $$ |  $$ |$$ |  $$\ 
16:20:46.465 [botPool0-bot1] INFO  org.pircbotx.InputParser - :irc.glados.tv 372 bennerbot :-   +MMMMMMMMh:::://++oo++++/+dMMMMMMMMM $$ |  $$ |$$ |  \$$$$  |$$$$$$$  |\$$$$$$  |$$  /\$$\       $$$$$$\ $$ |  $$ |\$$$$$$  |
16:20:46.465 [botPool0-bot1] INFO  org.pircbotx.InputParser - :irc.glados.tv 372 bennerbot :-   +MMMMMMMMmhmmdddddddddmmmmNMMMMMMMMM \__|  \__|\__|   \____/ \_______/  \______/ \__/  \__|      \______|\__|  \__| \______/ 
16:20:46.466 [botPool0-bot1] INFO  org.pircbotx.InputParser - :irc.glados.tv 372 bennerbot :-   +NyssssMyo+///:::::/+++oosyhMyyyhhMM
16:20:46.466 [botPool0-bot1] INFO  org.pircbotx.InputParser - :irc.glados.tv 372 bennerbot :-   +N:::::Mo::::::::::////++++yM+++ooNM $$$$$$$\            $$\                                                                 
16:20:46.467 [botPool0-bot1] INFO  org.pircbotx.InputParser - :irc.glados.tv 372 bennerbot :-   +N:::::Mo::::::::::///+++++yM++oooNM $$$$$$$\            $$\                           
16:20:46.468 [botPool0-bot1] INFO  org.pircbotx.InputParser - :irc.glados.tv 372 bennerbot :-   +N:::::Mo:::::::::://++++++yM+ooooNM $$  __$$\           $$ |                         
16:20:46.468 [botPool0-bot1] INFO  org.pircbotx.InputParser - :irc.glados.tv 372 bennerbot :-   +N:::::Mo:::::::::://++++++yMoooooNM $$ |  $$ | $$$$$$\  $$ | $$$$$$\  $$\   $$\          
16:20:46.468 [botPool0-bot1] INFO  org.pircbotx.InputParser - :irc.glados.tv 372 bennerbot :-   +N:::::Mo::::::::://+++++++yMoooooNM $$$$$$$  |$$  __$$\ $$ | \____$$\ $$ |  $$ |        
16:20:46.469 [botPool0-bot1] INFO  org.pircbotx.InputParser - :irc.glados.tv 372 bennerbot :-   +N/::::Mo:::::::::/++++++++yMoosyhMM $$  __$$< $$$$$$$$ |$$ | $$$$$$$ |$$ |  $$ |      
16:20:46.469 [botPool0-bot1] INFO  org.pircbotx.InputParser - :irc.glados.tv 372 bennerbot :-   +Mho//:Mo:::::::::/+++++++oyMhdNMMMM $$ |  $$ |$$   ____|$$ |$$  __$$ |$$ |  $$ |       
16:20:46.469 [botPool0-bot1] INFO  org.pircbotx.InputParser - :irc.glados.tv 372 bennerbot :-   +MMMMNhMy+/:::::::/++++oshmNMMMMMMMM $$ |  $$ |\$$$$$$$\ $$ |\$$$$$$$ |\$$$$$$$ |       
16:20:46.470 [botPool0-bot1] INFO  org.pircbotx.InputParser - :irc.glados.tv 372 bennerbot :-   +MMMMMMMhyddhs+/::/+oydmmhyhMMMMMMMM \__|  \__| \_______|\__| \_______| \____$$ |             -Community Driven
16:20:46.470 [botPool0-bot1] INFO  org.pircbotx.InputParser - :irc.glados.tv 372 bennerbot :-   +MMMMMMMo::/+shhhhddmdyo+ooyMMMMMMMM                                   $$\   $$ |      
16:20:46.471 [botPool0-bot1] INFO  org.pircbotx.InputParser - :irc.glados.tv 372 bennerbot :-   +MMMMMMMo:::::::/dNd+++++ooyMMMMMMMM                                   \$$$$$$  |  
16:20:46.471 [botPool0-bot1] INFO  org.pircbotx.InputParser - :irc.glados.tv 372 bennerbot :-   +MMMMMMMs::::::::hNh++++oooyMMMMMMMM                                    \______/  
16:20:46.471 [botPool0-bot1] INFO  org.pircbotx.InputParser - :irc.glados.tv 372 bennerbot :-   +MMMMMMMNdso//:::hNh++oosydNMMMMMMMM
16:20:46.472 [botPool0-bot1] INFO  org.pircbotx.InputParser - :irc.glados.tv 372 bennerbot :-   +MMMMMMMMMMMmdyo/dNh+shmNMMMMMMMMMMM
16:20:46.472 [botPool0-bot1] INFO  org.pircbotx.InputParser - :irc.glados.tv 372 bennerbot :-   +MMMMMMMMMMMMMMMNMMMNMMMMMMMMMMMMMMM
16:20:46.473 [botPool0-bot1] INFO  org.pircbotx.InputParser - :irc.glados.tv 372 bennerbot :-   
16:20:46.473 [botPool0-bot1] INFO  org.pircbotx.InputParser - :irc.glados.tv 372 bennerbot :-   Join #help for problems/assistance. To join channels, use the lowercase version of the channel name (ex. Danbopes => #danbopes)
16:20:46.473 [botPool0-bot1] INFO  org.pircbotx.InputParser - :irc.glados.tv 372 bennerbot :-   
16:20:46.474 [botPool0-bot1] INFO  org.pircbotx.InputParser - :irc.glados.tv 376 bennerbot :End of MOTD command
16:20:46.474 [botPool0-bot1] INFO  org.pircbotx.InputParser - :irc.glados.tv 251 bennerbot :There are 121 users and 0 services on 1 servers
16:20:46.475 [botPool0-bot1] INFO  org.pircbotx.InputParser - :irc.glados.tv 252 bennerbot 0 :operator(s) online
16:20:46.475 [botPool0-bot1] INFO  org.pircbotx.InputParser - :irc.glados.tv 253 bennerbot 6 :unknown connection(s)
16:20:46.475 [botPool0-bot1] INFO  org.pircbotx.InputParser - :irc.glados.tv 254 bennerbot 1 :channels formed
16:20:46.476 [botPool0-bot1] INFO  org.pircbotx.InputParser - :irc.glados.tv 255 bennerbot :I have 121 clients and 1 servers
16:20:46.478 [botPool0-bot1] INFO  org.pircbotx.InputParser - :irc.glados.tv 404 bennerbot #jdbener :Cannot send to channel
16:20:46.831 [botPool0-bot0] INFO  org.pircbotx.InputParser - :bennerbot!bennerbot@bennerbot.tmi.twitch.tv JOIN #biogenx2b
16:20:47.359 [botPool0-bot0] INFO  org.pircbotx.output.OutputRaw - WHO #biogenx2b
16:20:48.360 [botPool0-bot0] INFO  org.pircbotx.output.OutputRaw - MODE #biogenx2b
16:20:48.365 [botPool0-bot0] INFO  org.pircbotx.InputParser - :bennerbot.tmi.twitch.tv 353 bennerbot = #biogenx2b :bennerbot
16:20:48.365 [botPool0-bot0] INFO  org.pircbotx.InputParser - :bennerbot.tmi.twitch.tv 366 bennerbot #biogenx2b :End of /NAMES list
16:20:48.366 [botPool0-bot0] INFO  org.pircbotx.InputParser - :jtv!jtv@jtv.tmi.twitch.tv PRIVMSG bennerbot :USERCOLOR bennerbot #FF0000
16:20:48.366 [botPool0-bot0] INFO  org.pircbotx.InputParser - :jtv!jtv@jtv.tmi.twitch.tv PRIVMSG bennerbot :HISTORYEND biogenx2b
16:20:48.366 [botPool0-bot0] INFO  org.pircbotx.InputParser - :tmi.twitch.tv 421 bennerbot WHO :Unknown command
16:20:48.636 [botPool0-bot1] INFO  org.pircbotx.InputParser - :bennerbot!BennerBot@ip.bennerbot.chat.hitbox.tv JOIN #jdbener
16:20:48.636 [botPool0-bot1] INFO  org.pircbotx.output.OutputRaw - WHO #jdbener
16:20:49.361 [listenerPool0-thread2] INFO  org.pircbotx.output.OutputRaw - PRIVMSG #biogenx2b :/color #ff0000
16:20:49.436 [botPool0-bot0] INFO  org.pircbotx.InputParser - :jtv!jtv@jtv.tmi.twitch.tv PRIVMSG bennerbot :USERCOLOR bennerbot #FF0000
16:20:49.436 [botPool0-bot0] INFO  org.pircbotx.InputParser - :jtv!jtv@jtv.tmi.twitch.tv PRIVMSG bennerbot :Your color has been changed
16:20:49.637 [listenerPool0-thread2] INFO  org.pircbotx.output.OutputRaw - PRIVMSG #jdbener :/color #ff0000
16:20:50.638 [botPool0-bot1] INFO  org.pircbotx.output.OutputRaw - MODE #jdbener
16:20:50.638 [botPool0-bot1] INFO  org.pircbotx.InputParser - :irc.glados.tv 332 bennerbot #jdbener :test
16:20:50.639 [botPool0-bot1] INFO  org.pircbotx.InputParser - :irc.glados.tv 353 bennerbot = #jdbener :%bennerbot
16:20:50.639 [botPool0-bot1] INFO  org.pircbotx.InputParser - :irc.glados.tv 366 bennerbot #jdbener :End of NAMES list
16:20:50.639 [botPool0-bot1] INFO  org.pircbotx.InputParser - :irc.glados.tv 315 bennerbot #jdbener :End of /WHO list.
16:20:51.027 [botPool0-bot1] INFO  org.pircbotx.InputParser - :irc.glados.tv 324 bennerbot #jdbener +
16:21:09.801 [botPool0-bot0] INFO  org.pircbotx.InputParser - :jdbener!jdbener@jdbener.tmi.twitch.tv PRIVMSG #biogenx2b :yay questlines are fun :p
16:21:09.804 [listenerPool0-thread21] INFO  org.pircbotx.output.OutputRaw - PRIVMSG #biogenx2b :Jdbener: yay questlines are fun :p
16:21:09.917 [botPool0-bot1] INFO  org.pircbotx.InputParser - :irc.glados.tv 404 bennerbot #biogenx2b :Cannot send to channel
16:22:10.005 [botPool0-bot1] INFO  org.pircbotx.InputParser - PING :irc.glados.tv
16:22:10.006 [listenerPool0-thread8] INFO  org.pircbotx.output.OutputRaw - PONG irc.glados.tv
16:23:01.076 [bot2-shutdownhook] INFO  org.pircbotx.output.OutputRaw - QUIT :
16:23:01.076 [bot2-shutdownhook] INFO  org.pircbotx.output.OutputRaw - QUIT :
16:23:01.116 [bot2-shutdownhook] INFO  org.pircbotx.dcc.DccHandler - Terminating all transfers waiting to be accepted
16:23:01.116 [botPool0-bot1] INFO  org.pircbotx.PircBotX - Shutdown has been called, closing InputParser
16:23:01.117 [bot2-shutdownhook] DEBUG org.pircbotx.PircBotX - Disconnected.
16:23:01.117 [bot2-shutdownhook] DEBUG o.p.h.m.ThreadedListenerManager - Waiting for listener me.jdbener.utilities.Infromation@4fbc79fa to execute event DisconnectEvent(daoSnapshot=org.pircbotx.snapshot.UserChannelDaoSnapshot@3645f8ee, disconnectException=null)
16:23:01.117 [botPool0-bot1] DEBUG o.p.MultiBotManager$BotFutureCallback - Bot #1 finished
16:23:01.117 [bot2-shutdownhook] DEBUG o.p.h.m.ThreadedListenerManager - Waiting for listener me.jdbener.apis.lastfm.LastfmNowPlaying@2627430a to execute event DisconnectEvent(daoSnapshot=org.pircbotx.snapshot.UserChannelDaoSnapshot@3645f8ee, disconnectException=null)
16:23:01.117 [bot2-shutdownhook] DEBUG o.p.h.m.ThreadedListenerManager - Waiting for listener me.jdbener.apis.twitch.TwitchStatusGameUpdater@7ab3b96f to execute event DisconnectEvent(daoSnapshot=org.pircbotx.snapshot.UserChannelDaoSnapshot@3645f8ee, disconnectException=null)
16:23:01.117 [bot2-shutdownhook] DEBUG o.p.h.m.ThreadedListenerManager - Waiting for listener me.jdbener.Cleaner@75ff5fed to execute event DisconnectEvent(daoSnapshot=org.pircbotx.snapshot.UserChannelDaoSnapshot@3645f8ee, disconnectException=null)
16:23:01.117 [bot2-shutdownhook] DEBUG o.p.h.m.ThreadedListenerManager - Waiting for listener me.jdbener.utilities.ChatRelayHandeler@2bb10f9a to execute event DisconnectEvent(daoSnapshot=org.pircbotx.snapshot.UserChannelDaoSnapshot@3645f8ee, disconnectException=null)
16:23:01.118 [bot2-shutdownhook] INFO  org.pircbotx.dcc.DccHandler - Terminating all transfers waiting to be accepted
16:23:01.118 [botPool0-bot0] INFO  org.pircbotx.PircBotX - Shutdown has been called, closing InputParser
16:23:01.118 [botPool0-bot0] DEBUG o.p.MultiBotManager$BotFutureCallback - Bot #0 finished
16:23:01.118 [bot2-shutdownhook] DEBUG org.pircbotx.PircBotX - Disconnected.
16:23:01.118 [bot2-shutdownhook] DEBUG o.p.h.m.ThreadedListenerManager - Waiting for listener me.jdbener.apis.twitch.TwitchStatusGameUpdater@7ab3b96f to execute event DisconnectEvent(daoSnapshot=org.pircbotx.snapshot.UserChannelDaoSnapshot@4c9d7b55, disconnectException=null)
16:23:01.118 [bot2-shutdownhook] DEBUG o.p.h.m.ThreadedListenerManager - Waiting for listener me.jdbener.Cleaner@75ff5fed to execute event DisconnectEvent(daoSnapshot=org.pircbotx.snapshot.UserChannelDaoSnapshot@4c9d7b55, disconnectException=null)
16:23:01.118 [bot2-shutdownhook] DEBUG o.p.h.m.ThreadedListenerManager - Waiting for listener me.jdbener.utilities.ChatRelayHandeler@2bb10f9a to execute event DisconnectEvent(daoSnapshot=org.pircbotx.snapshot.UserChannelDaoSnapshot@4c9d7b55, disconnectException=null)
