17:46:33.743 [main] INFO  me.jdbener.Bennerbot - Begining plugin loading
17:46:33.837 [main] INFO  me.jdbener.Bennerbot - Finished looking for plugins in: plugins
17:46:33.839 [main] INFO  me.jdbener.Bennerbot - Finished looking for plugins in: plugins/BasicCommands
17:46:33.840 [main] INFO  me.jdbener.Bennerbot - Finished looking for plugins in: plugins/dissabled
17:46:33.842 [main] INFO  me.jdbener.Bennerbot - Beggining pluging loading sequence
17:46:33.842 [main] INFO  me.jdbener.Bennerbot - Finished pluging loading sequence
17:46:33.842 [main] INFO  me.jdbener.Bennerbot - Proceading with BennerBot initiation sequence
17:46:35.223 [main] DEBUG org.pircbotx.MultiBotManager - Not started yet, add to queue
17:46:35.224 [main] DEBUG org.pircbotx.MultiBotManager - Not started yet, add to queue
17:46:35.227 [botPool0-bot0] DEBUG org.pircbotx.PircBotX - Trying address irc.twitch.tv/199.9.252.28
17:46:35.232 [botPool0-bot1] DEBUG org.pircbotx.PircBotX - Trying address irc.glados.tv/192.99.100.37
17:46:35.274 [botPool0-bot0] INFO  org.pircbotx.PircBotX - Connected to server.
17:46:35.280 [botPool0-bot0] INFO  org.pircbotx.output.OutputRaw - PASS oauth:hrr2wpqq0knt6sb0spzd3d1mugpdezf
17:46:35.280 [botPool0-bot0] INFO  org.pircbotx.output.OutputRaw - NICK bennerbot
17:46:35.280 [botPool0-bot0] INFO  org.pircbotx.output.OutputRaw - USER BennerBot 8 * :PircBotX 2.0.1, a fork of PircBot, the Java IRC bot - pircbotx.googlecode.com
17:46:35.288 [main] INFO  me.jdbener.Bennerbot - Started Loading the GUI
17:46:35.346 [botPool0-bot1] INFO  org.pircbotx.PircBotX - Connected to server.
17:46:35.346 [botPool0-bot1] INFO  org.pircbotx.output.OutputRaw - PASS bennerbot
17:46:35.347 [botPool0-bot1] INFO  org.pircbotx.output.OutputRaw - NICK bennerbot
17:46:35.347 [botPool0-bot1] INFO  org.pircbotx.output.OutputRaw - USER BennerBot 8 * :PircBotX 2.0.1, a fork of PircBot, the Java IRC bot - pircbotx.googlecode.com
17:46:35.372 [botPool0-bot0] INFO  org.pircbotx.InputParser - :tmi.twitch.tv 001 bennerbot :Welcome, GLHF!
17:46:35.381 [botPool0-bot0] DEBUG org.pircbotx.InputParser - Logged onto server.
17:46:36.063 [botPool0-bot1] INFO  org.pircbotx.InputParser - :irc.glados.tv 001 bennerbot :Welcome to the hitbox-tv IRC Network bennerbot!BennerBot@ip.bennerbot.chat.hitbox.tv (Connection ID: 7b1f533d-1cf5-453e-a2d5-b91f7c2f2d3f)
17:46:36.063 [botPool0-bot1] DEBUG org.pircbotx.InputParser - Logged onto server.
17:46:36.281 [botPool0-bot0] INFO  org.pircbotx.output.OutputRaw - JOIN #biogenx2b 
17:46:36.281 [botPool0-bot0] INFO  org.pircbotx.InputParser - :tmi.twitch.tv 002 bennerbot :Your host is tmi.twitch.tv
17:46:36.282 [botPool0-bot0] INFO  org.pircbotx.InputParser - :tmi.twitch.tv 003 bennerbot :This server is rather new
17:46:36.282 [botPool0-bot0] INFO  org.pircbotx.InputParser - :tmi.twitch.tv 004 bennerbot :-
17:46:36.288 [botPool0-bot0] ERROR org.pircbotx.PircBotX - Exception encountered when parsing line
java.lang.IndexOutOfBoundsException: Index: 1, Size: 1
	at java.util.ArrayList.rangeCheck(Unknown Source) ~[na:1.7.0_45]
	at java.util.ArrayList.get(Unknown Source) ~[na:1.7.0_45]
	at org.pircbotx.ServerInfo.parse004(ServerInfo.java:113) ~[pircbotx-2.0.1.jar:na]
	at org.pircbotx.ServerInfo.parse(ServerInfo.java:106) ~[pircbotx-2.0.1.jar:na]
	at org.pircbotx.InputParser.processServerResponse(InputParser.java:709) ~[pircbotx-2.0.1.jar:na]
	at org.pircbotx.InputParser.handleLine(InputParser.java:323) ~[pircbotx-2.0.1.jar:na]
	at org.pircbotx.PircBotX.startLineProcessing(PircBotX.java:275) [pircbotx-2.0.1.jar:na]
	at org.pircbotx.PircBotX.connect(PircBotX.java:236) [pircbotx-2.0.1.jar:na]
	at org.pircbotx.MultiBotManager$BotRunner.call(MultiBotManager.java:219) [pircbotx-2.0.1.jar:na]
	at org.pircbotx.MultiBotManager$BotRunner.call(MultiBotManager.java:212) [pircbotx-2.0.1.jar:na]
	at java.util.concurrent.FutureTask.run(Unknown Source) [na:1.7.0_45]
	at java.util.concurrent.ThreadPoolExecutor.runWorker(Unknown Source) [na:1.7.0_45]
	at java.util.concurrent.ThreadPoolExecutor$Worker.run(Unknown Source) [na:1.7.0_45]
	at java.lang.Thread.run(Unknown Source) [na:1.7.0_45]
17:46:36.289 [botPool0-bot0] INFO  org.pircbotx.InputParser - :tmi.twitch.tv 375 bennerbot :-
17:46:36.289 [botPool0-bot0] INFO  org.pircbotx.InputParser - :tmi.twitch.tv 372 bennerbot :You are in a maze of twisty passages, all alike.
17:46:36.290 [botPool0-bot0] INFO  org.pircbotx.InputParser - :tmi.twitch.tv 376 bennerbot :>
17:46:36.348 [botPool0-bot1] INFO  org.pircbotx.output.OutputRaw - JOIN #jdbener 
17:46:36.348 [botPool0-bot1] INFO  org.pircbotx.InputParser - :irc.glados.tv 002 bennerbot :Your host is irc.glados.tv, running version IrcD.Net, Version=0.3.5351.28745, Culture=neutral, PublicKeyToken=null
17:46:36.349 [botPool0-bot1] INFO  org.pircbotx.InputParser - :irc.glados.tv 003 bennerbot :This server was created 11/13/2014 6:08:51 AM
17:46:36.349 [botPool0-bot1] INFO  org.pircbotx.InputParser - :irc.glados.tv 004 bennerbot :irc.glados.tv ircD.Net.0.3.5351.28745 Oiorwx ahovITbceiklmnpst
17:46:36.350 [botPool0-bot1] ERROR org.pircbotx.PircBotX - Exception encountered when parsing line
java.lang.IndexOutOfBoundsException: Index: 1, Size: 1
	at java.util.ArrayList.rangeCheck(Unknown Source) ~[na:1.7.0_45]
	at java.util.ArrayList.get(Unknown Source) ~[na:1.7.0_45]
	at org.pircbotx.ServerInfo.parse004(ServerInfo.java:113) ~[pircbotx-2.0.1.jar:na]
	at org.pircbotx.ServerInfo.parse(ServerInfo.java:106) ~[pircbotx-2.0.1.jar:na]
	at org.pircbotx.InputParser.processServerResponse(InputParser.java:709) ~[pircbotx-2.0.1.jar:na]
	at org.pircbotx.InputParser.handleLine(InputParser.java:323) ~[pircbotx-2.0.1.jar:na]
	at org.pircbotx.PircBotX.startLineProcessing(PircBotX.java:275) [pircbotx-2.0.1.jar:na]
	at org.pircbotx.PircBotX.connect(PircBotX.java:236) [pircbotx-2.0.1.jar:na]
	at org.pircbotx.MultiBotManager$BotRunner.call(MultiBotManager.java:219) [pircbotx-2.0.1.jar:na]
	at org.pircbotx.MultiBotManager$BotRunner.call(MultiBotManager.java:212) [pircbotx-2.0.1.jar:na]
	at java.util.concurrent.FutureTask.run(Unknown Source) [na:1.7.0_45]
	at java.util.concurrent.ThreadPoolExecutor.runWorker(Unknown Source) [na:1.7.0_45]
	at java.util.concurrent.ThreadPoolExecutor$Worker.run(Unknown Source) [na:1.7.0_45]
	at java.lang.Thread.run(Unknown Source) [na:1.7.0_45]
17:46:36.350 [botPool0-bot1] INFO  org.pircbotx.InputParser - :irc.glados.tv 005 bennerbot STD=draft03 PREFIX=(aohv)&@%+ CHANMODES=Ibe,k,l,Tcimnpst CHANTYPES=# CHANLIMIT=#:10 INEVEX=I EXCEPTS=e NETWORK=hitbox-tv CASEMAPPING=ascii CHANNELLEN=40 NICKLEN=32 MAXNICKLEN=32 TOPICLEN=300 KICKLEN=300 AWAYLEN=300 KNOCK LANGUAGE=5,af,sq,am,ar,hy,az,eu,be,bn,bh,bg,my,ca,chr,zh,zh-CN,zh-TW,hr,cs,da,dv,nl,en,eo,et,tl,fi,fr,gl,ka,de,el,gn,gu,iw,hi,hu,is,id,iu,it,ja,kn,kk,km,ko,ku,ky,lo,lv,lt,mk,ms,ml,mt,mr,mn,ne,no,or,ps,fa,pl,pt-PT,pa,ro,ru,sa,sr,sd :are supported by this server
17:46:36.350 [botPool0-bot1] INFO  org.pircbotx.InputParser - :irc.glados.tv 005 bennerbot LANGUAGE=5,si,sk,sl,es,sw,sv,tg,ta,te,th,bo,tr,uk,ur,uz,ug,vi SILENCE=25 RFC2812 :are supported by this server
17:46:36.351 [botPool0-bot1] INFO  org.pircbotx.InputParser - :irc.glados.tv 375 bennerbot :- irc.glados.tv Message of the day -
17:46:36.351 [botPool0-bot1] INFO  org.pircbotx.InputParser - :irc.glados.tv 372 bennerbot :-   +MMMMMMMMMMMMmdho+oddmNMMMMMMMMMMMMM $$\   $$\ $$\   $$\     $$\                                 $$$$$$\ $$$$$$$\   $$$$$$\  
17:46:36.352 [botPool0-bot1] INFO  org.pircbotx.InputParser - :irc.glados.tv 372 bennerbot :-   +MMMMMMMMNdoo/::-:///+osymNMMMMMMMMM $$ |  $$ |\__|  $$ |    $$ |                                \_$$  _|$$  __$$\ $$  __$$\ 
17:46:36.352 [botPool0-bot1] INFO  org.pircbotx.InputParser - :irc.glados.tv 372 bennerbot :-   +MMMMMMMMh::-----:////////dMMMMMMMMM $$ |  $$ |$$\ $$$$$$\   $$$$$$$\   $$$$$$\  $$\   $$\         $$ |  $$ |  $$ |$$ /  \__|
17:46:36.353 [botPool0-bot1] INFO  org.pircbotx.InputParser - :irc.glados.tv 372 bennerbot :-   +MMMMMMMMh:::----:////////dMMMMMMMMM $$$$$$$$ |$$ |\_$$  _|  $$  __$$\ $$  __$$\ \$$\ $$  |        $$ |  $$$$$$$  |$$ |     
17:46:36.353 [botPool0-bot1] INFO  org.pircbotx.InputParser - :irc.glados.tv 372 bennerbot :-   +MMMMMMMMh:::----:////////dMMMMMMMMM $$  __$$ |$$ |  $$ |    $$ |  $$ |$$ /  $$ | \$$$$  /         $$ |  $$  __$$< $$ |      
17:46:36.353 [botPool0-bot1] INFO  org.pircbotx.InputParser - :irc.glados.tv 372 bennerbot :-   +MMMMMMMMh::::---:////////dMMMMMMMMM $$ |  $$ |$$ |  $$ |$$\ $$ |  $$ |$$ |  $$ | $$  $$<          $$ |  $$ |  $$ |$$ |  $$\ 
17:46:36.354 [botPool0-bot1] INFO  org.pircbotx.InputParser - :irc.glados.tv 372 bennerbot :-   +MMMMMMMMh:::://++oo++++/+dMMMMMMMMM $$ |  $$ |$$ |  \$$$$  |$$$$$$$  |\$$$$$$  |$$  /\$$\       $$$$$$\ $$ |  $$ |\$$$$$$  |
17:46:36.354 [botPool0-bot1] INFO  org.pircbotx.InputParser - :irc.glados.tv 372 bennerbot :-   +MMMMMMMMmhmmdddddddddmmmmNMMMMMMMMM \__|  \__|\__|   \____/ \_______/  \______/ \__/  \__|      \______|\__|  \__| \______/ 
17:46:36.354 [botPool0-bot1] INFO  org.pircbotx.InputParser - :irc.glados.tv 372 bennerbot :-   +NyssssMyo+///:::::/+++oosyhMyyyhhMM
17:46:36.355 [botPool0-bot1] INFO  org.pircbotx.InputParser - :irc.glados.tv 372 bennerbot :-   +N:::::Mo::::::::::////++++yM+++ooNM $$$$$$$\            $$\                                                                 
17:46:36.356 [botPool0-bot1] INFO  org.pircbotx.InputParser - :irc.glados.tv 372 bennerbot :-   +N:::::Mo::::::::::///+++++yM++oooNM $$$$$$$\            $$\                           
17:46:36.357 [botPool0-bot1] INFO  org.pircbotx.InputParser - :irc.glados.tv 372 bennerbot :-   +N:::::Mo:::::::::://++++++yM+ooooNM $$  __$$\           $$ |                         
17:46:36.357 [botPool0-bot1] INFO  org.pircbotx.InputParser - :irc.glados.tv 372 bennerbot :-   +N:::::Mo:::::::::://++++++yMoooooNM $$ |  $$ | $$$$$$\  $$ | $$$$$$\  $$\   $$\          
17:46:36.357 [botPool0-bot1] INFO  org.pircbotx.InputParser - :irc.glados.tv 372 bennerbot :-   +N:::::Mo::::::::://+++++++yMoooooNM $$$$$$$  |$$  __$$\ $$ | \____$$\ $$ |  $$ |        
17:46:36.358 [botPool0-bot1] INFO  org.pircbotx.InputParser - :irc.glados.tv 372 bennerbot :-   +N/::::Mo:::::::::/++++++++yMoosyhMM $$  __$$< $$$$$$$$ |$$ | $$$$$$$ |$$ |  $$ |      
17:46:36.358 [botPool0-bot1] INFO  org.pircbotx.InputParser - :irc.glados.tv 372 bennerbot :-   +Mho//:Mo:::::::::/+++++++oyMhdNMMMM $$ |  $$ |$$   ____|$$ |$$  __$$ |$$ |  $$ |       
17:46:36.358 [botPool0-bot1] INFO  org.pircbotx.InputParser - :irc.glados.tv 372 bennerbot :-   +MMMMNhMy+/:::::::/++++oshmNMMMMMMMM $$ |  $$ |\$$$$$$$\ $$ |\$$$$$$$ |\$$$$$$$ |       
17:46:36.359 [botPool0-bot1] INFO  org.pircbotx.InputParser - :irc.glados.tv 372 bennerbot :-   +MMMMMMMhyddhs+/::/+oydmmhyhMMMMMMMM \__|  \__| \_______|\__| \_______| \____$$ |             -Community Driven
17:46:36.359 [botPool0-bot1] INFO  org.pircbotx.InputParser - :irc.glados.tv 372 bennerbot :-   +MMMMMMMo::/+shhhhddmdyo+ooyMMMMMMMM                                   $$\   $$ |      
17:46:36.359 [botPool0-bot1] INFO  org.pircbotx.InputParser - :irc.glados.tv 372 bennerbot :-   +MMMMMMMo:::::::/dNd+++++ooyMMMMMMMM                                   \$$$$$$  |  
17:46:36.359 [botPool0-bot1] INFO  org.pircbotx.InputParser - :irc.glados.tv 372 bennerbot :-   +MMMMMMMs::::::::hNh++++oooyMMMMMMMM                                    \______/  
17:46:36.360 [botPool0-bot1] INFO  org.pircbotx.InputParser - :irc.glados.tv 372 bennerbot :-   +MMMMMMMNdso//:::hNh++oosydNMMMMMMMM
17:46:36.360 [botPool0-bot1] INFO  org.pircbotx.InputParser - :irc.glados.tv 372 bennerbot :-   +MMMMMMMMMMMmdyo/dNh+shmNMMMMMMMMMMM
17:46:36.361 [botPool0-bot1] INFO  org.pircbotx.InputParser - :irc.glados.tv 372 bennerbot :-   +MMMMMMMMMMMMMMMNMMMNMMMMMMMMMMMMMMM
17:46:36.361 [botPool0-bot1] INFO  org.pircbotx.InputParser - :irc.glados.tv 372 bennerbot :-   
17:46:36.362 [botPool0-bot1] INFO  org.pircbotx.InputParser - :irc.glados.tv 372 bennerbot :-   Join #help for problems/assistance. To join channels, use the lowercase version of the channel name (ex. Danbopes => #danbopes)
17:46:36.362 [botPool0-bot1] INFO  org.pircbotx.InputParser - :irc.glados.tv 372 bennerbot :-   
17:46:36.363 [botPool0-bot1] INFO  org.pircbotx.InputParser - :irc.glados.tv 376 bennerbot :End of MOTD command
17:46:36.364 [botPool0-bot1] INFO  org.pircbotx.InputParser - :irc.glados.tv 251 bennerbot :There are 124 users and 0 services on 1 servers
17:46:36.365 [botPool0-bot1] INFO  org.pircbotx.InputParser - :irc.glados.tv 252 bennerbot 0 :operator(s) online
17:46:36.375 [botPool0-bot0] INFO  org.pircbotx.InputParser - :bennerbot!bennerbot@bennerbot.tmi.twitch.tv JOIN #biogenx2b
17:46:36.968 [botPool0-bot1] INFO  org.pircbotx.InputParser - :irc.glados.tv 253 bennerbot 6 :unknown connection(s)
17:46:36.968 [botPool0-bot1] INFO  org.pircbotx.InputParser - :irc.glados.tv 254 bennerbot 1 :channels formed
17:46:36.969 [botPool0-bot1] INFO  org.pircbotx.InputParser - :irc.glados.tv 255 bennerbot :I have 124 clients and 1 servers
17:46:37.282 [listenerPool0-thread4] INFO  org.pircbotx.output.OutputRaw - PRIVMSG #biogenx2b :/color #ff0000
17:46:37.349 [listenerPool0-thread4] INFO  org.pircbotx.output.OutputRaw - PRIVMSG #jdbener :/color #ff0000
17:46:38.283 [botPool0-bot0] INFO  org.pircbotx.output.OutputRaw - WHO #biogenx2b
17:46:38.561 [botPool0-bot1] INFO  org.pircbotx.InputParser - :bennerbot!BennerBot@ip.bennerbot.chat.hitbox.tv JOIN #jdbener
17:46:38.561 [botPool0-bot1] INFO  org.pircbotx.output.OutputRaw - WHO #jdbener
17:46:39.284 [listenerPool0-thread3] INFO  org.pircbotx.output.OutputRaw - PRIVMSG #biogenx2b :/color #ff0000
17:46:39.563 [botPool0-bot1] INFO  org.pircbotx.output.OutputRaw - MODE #jdbener
17:46:39.566 [botPool0-bot1] INFO  org.pircbotx.InputParser - :irc.glados.tv 332 bennerbot #jdbener :test
17:46:39.567 [botPool0-bot1] INFO  org.pircbotx.InputParser - :irc.glados.tv 353 bennerbot = #jdbener :%bennerbot
17:46:39.567 [botPool0-bot1] INFO  org.pircbotx.InputParser - :irc.glados.tv 366 bennerbot #jdbener :End of NAMES list
17:46:39.568 [botPool0-bot1] INFO  org.pircbotx.InputParser - :irc.glados.tv 315 bennerbot #jdbener :End of /WHO list.
17:46:39.676 [botPool0-bot1] INFO  org.pircbotx.InputParser - :irc.glados.tv 324 bennerbot #jdbener +
17:46:40.285 [botPool0-bot0] INFO  org.pircbotx.output.OutputRaw - MODE #biogenx2b
17:46:40.285 [botPool0-bot0] INFO  org.pircbotx.InputParser - :bennerbot.tmi.twitch.tv 353 bennerbot = #biogenx2b :bennerbot
17:46:40.286 [botPool0-bot0] INFO  org.pircbotx.InputParser - :bennerbot.tmi.twitch.tv 366 bennerbot #biogenx2b :End of /NAMES list
17:46:40.286 [botPool0-bot0] INFO  org.pircbotx.InputParser - :jtv!jtv@jtv.tmi.twitch.tv PRIVMSG bennerbot :USERCOLOR bennerbot #FF0000
17:46:40.287 [botPool0-bot0] INFO  org.pircbotx.InputParser - :jtv!jtv@jtv.tmi.twitch.tv PRIVMSG bennerbot :HISTORYEND biogenx2b
17:46:40.287 [botPool0-bot0] INFO  org.pircbotx.InputParser - :jtv!jtv@jtv.tmi.twitch.tv PRIVMSG bennerbot :USERCOLOR bennerbot #FF0000
17:46:40.287 [botPool0-bot0] INFO  org.pircbotx.InputParser - :jtv!jtv@jtv.tmi.twitch.tv PRIVMSG bennerbot :Your color has been changed
17:46:40.287 [botPool0-bot0] INFO  org.pircbotx.InputParser - :tmi.twitch.tv 421 bennerbot WHO :Unknown command
17:46:40.288 [botPool0-bot0] INFO  org.pircbotx.InputParser - :jtv!jtv@jtv.tmi.twitch.tv PRIVMSG bennerbot :USERCOLOR bennerbot #FF0000
17:46:40.288 [botPool0-bot0] INFO  org.pircbotx.InputParser - :jtv!jtv@jtv.tmi.twitch.tv PRIVMSG bennerbot :Your color has been changed
17:46:40.565 [listenerPool0-thread3] INFO  org.pircbotx.output.OutputRaw - PRIVMSG #jdbener :/color #ff0000
17:46:41.134 [botPool0-bot0] INFO  org.pircbotx.InputParser - :jdbener!jdbener@jdbener.tmi.twitch.tv PRIVMSG #biogenx2b :!switch usesvariable
2
17:46:41.287 [listenerPool0-thread11] INFO  org.pircbotx.output.OutputRaw - PRIVMSG #biogenx2b :Command: "usesvariable" has successfully been updated to entry #2
17:46:41.566 [listenerPool0-thread11] INFO  org.pircbotx.output.OutputRaw - PRIVMSG #jdbener :Command: "usesvariable" has successfully been updated to entry #2
17:46:42.567 [listenerPool0-thread8] INFO  org.pircbotx.output.OutputRaw - PRIVMSG #jdbener :Jdbener: !switch usesvariable
17:46:46.024 [botPool0-bot0] INFO  org.pircbotx.InputParser - :jdbener!jdbener@jdbener.tmi.twitch.tv PRIVMSG #biogenx2b :!switch usesvariable
2
17:46:46.025 [listenerPool0-thread11] INFO  org.pircbotx.output.OutputRaw - PRIVMSG #biogenx2b :Command: "usesvariable" has successfully been updated to entry #2
17:46:46.025 [listenerPool0-thread3] INFO  org.pircbotx.output.OutputRaw - PRIVMSG #jdbener :Jdbener: !switch usesvariable
17:46:46.094 [botPool0-bot0] INFO  org.pircbotx.InputParser - :jtv!jtv@jtv.tmi.twitch.tv PRIVMSG bennerbot :Your message was not sent because it is identical to the previous one you sent, less than 30 seconds ago.
17:46:47.026 [listenerPool0-thread11] INFO  org.pircbotx.output.OutputRaw - PRIVMSG #jdbener :Command: "usesvariable" has successfully been updated to entry #2
17:47:45.896 [bot2-shutdownhook] INFO  org.pircbotx.output.OutputRaw - QUIT :
17:47:45.896 [bot2-shutdownhook] INFO  org.pircbotx.output.OutputRaw - QUIT :
17:47:45.921 [bot2-shutdownhook] INFO  org.pircbotx.dcc.DccHandler - Terminating all transfers waiting to be accepted
17:47:45.921 [botPool0-bot1] INFO  org.pircbotx.PircBotX - Shutdown has been called, closing InputParser
17:47:45.921 [bot2-shutdownhook] DEBUG org.pircbotx.PircBotX - Disconnected.
17:47:45.921 [bot2-shutdownhook] DEBUG o.p.h.m.ThreadedListenerManager - Waiting for listener me.jdbener.utilities.CustomCommandHandeler@32999f10 to execute event DisconnectEvent(daoSnapshot=org.pircbotx.snapshot.UserChannelDaoSnapshot@6849a0fa, disconnectException=null)
17:47:45.921 [bot2-shutdownhook] DEBUG o.p.h.m.ThreadedListenerManager - Waiting for listener me.jdbener.Cleaner@1c32e0ec to execute event DisconnectEvent(daoSnapshot=org.pircbotx.snapshot.UserChannelDaoSnapshot@6849a0fa, disconnectException=null)
17:47:45.922 [bot2-shutdownhook] DEBUG o.p.h.m.ThreadedListenerManager - Waiting for listener me.jdbener.apis.twitch.TwitchStatusGameUpdater@48e4ec18 to execute event DisconnectEvent(daoSnapshot=org.pircbotx.snapshot.UserChannelDaoSnapshot@6849a0fa, disconnectException=null)
17:47:45.922 [bot2-shutdownhook] DEBUG o.p.h.m.ThreadedListenerManager - Waiting for listener me.jdbener.apis.lastfm.LastfmNowPlaying@27cd61b to execute event DisconnectEvent(daoSnapshot=org.pircbotx.snapshot.UserChannelDaoSnapshot@6849a0fa, disconnectException=null)
17:47:45.922 [bot2-shutdownhook] DEBUG o.p.h.m.ThreadedListenerManager - Waiting for listener me.jdbener.utilities.Infromation@106faf1e to execute event DisconnectEvent(daoSnapshot=org.pircbotx.snapshot.UserChannelDaoSnapshot@6849a0fa, disconnectException=null)
17:47:45.922 [bot2-shutdownhook] INFO  org.pircbotx.dcc.DccHandler - Terminating all transfers waiting to be accepted
17:47:45.922 [botPool0-bot1] DEBUG o.p.MultiBotManager$BotFutureCallback - Bot #1 finished
17:47:45.923 [botPool0-bot0] INFO  org.pircbotx.PircBotX - Shutdown has been called, closing InputParser
17:47:45.923 [botPool0-bot0] DEBUG o.p.MultiBotManager$BotFutureCallback - Bot #0 finished
17:47:45.923 [bot2-shutdownhook] DEBUG org.pircbotx.PircBotX - Disconnected.
17:47:45.923 [bot2-shutdownhook] DEBUG o.p.h.m.ThreadedListenerManager - Waiting for listener me.jdbener.Cleaner@1c32e0ec to execute event DisconnectEvent(daoSnapshot=org.pircbotx.snapshot.UserChannelDaoSnapshot@698ceb26, disconnectException=null)
17:47:45.923 [bot2-shutdownhook] DEBUG o.p.h.m.ThreadedListenerManager - Waiting for listener me.jdbener.utilities.Infromation@106faf1e to execute event DisconnectEvent(daoSnapshot=org.pircbotx.snapshot.UserChannelDaoSnapshot@698ceb26, disconnectException=null)
