16:55:50.199 [main] INFO  me.jdbener.Bennerbot - Begining plugin loading
16:55:50.295 [main] INFO  me.jdbener.Bennerbot - Finished looking for plugins in: plugins
16:55:50.298 [main] INFO  me.jdbener.Bennerbot - Finished looking for plugins in: plugins/BasicCommands
16:55:50.299 [main] INFO  me.jdbener.Bennerbot - Finished looking for plugins in: plugins/dissabled
16:55:50.301 [main] INFO  me.jdbener.Bennerbot - Beggining pluging loading sequence
16:55:50.302 [main] INFO  me.jdbener.Bennerbot - Finished pluging loading sequence
16:55:50.302 [main] INFO  me.jdbener.Bennerbot - Proceading with BennerBot initiation sequence
16:55:51.537 [main] DEBUG org.pircbotx.MultiBotManager - Not started yet, add to queue
16:55:51.537 [main] DEBUG org.pircbotx.MultiBotManager - Not started yet, add to queue
16:55:51.540 [botPool0-bot0] DEBUG org.pircbotx.PircBotX - Trying address irc.twitch.tv/199.9.249.252
16:55:51.568 [botPool0-bot0] INFO  org.pircbotx.PircBotX - Connected to server.
16:55:51.574 [botPool0-bot0] INFO  org.pircbotx.output.OutputRaw - PASS oauth:hrr2wpqq0knt6sb0spzd3d1mugpdezf
16:55:51.574 [botPool0-bot0] INFO  org.pircbotx.output.OutputRaw - NICK bennerbot
16:55:51.574 [botPool0-bot0] INFO  org.pircbotx.output.OutputRaw - USER BennerBot 8 * :PircBotX 2.0.1, a fork of PircBot, the Java IRC bot - pircbotx.googlecode.com
16:55:51.601 [main] INFO  me.jdbener.Bennerbot - Started Loading the GUI
16:55:51.611 [botPool0-bot1] DEBUG org.pircbotx.PircBotX - Trying address irc.glados.tv/192.99.100.37
16:55:51.633 [botPool0-bot0] INFO  org.pircbotx.InputParser - :tmi.twitch.tv 001 bennerbot :Welcome, GLHF!
16:55:51.644 [botPool0-bot0] DEBUG org.pircbotx.InputParser - Logged onto server.
16:55:51.726 [botPool0-bot1] INFO  org.pircbotx.PircBotX - Connected to server.
16:55:51.727 [botPool0-bot1] INFO  org.pircbotx.output.OutputRaw - PASS bennerbot
16:55:51.727 [botPool0-bot1] INFO  org.pircbotx.output.OutputRaw - NICK bennerbot
16:55:51.727 [botPool0-bot1] INFO  org.pircbotx.output.OutputRaw - USER BennerBot 8 * :PircBotX 2.0.1, a fork of PircBot, the Java IRC bot - pircbotx.googlecode.com
16:55:52.575 [listenerPool0-thread5] INFO  org.pircbotx.output.OutputRaw - PRIVMSG #biogenx2b :/color #ff0000
16:55:52.728 [listenerPool0-thread5] INFO  org.pircbotx.output.OutputRaw - PRIVMSG #jdbener :/color #ff0000
16:55:52.759 [botPool0-bot1] INFO  org.pircbotx.InputParser - :irc.glados.tv 001 bennerbot :Welcome to the hitbox-tv IRC Network bennerbot!BennerBot@ip.bennerbot.chat.hitbox.tv (Connection ID: 1ff8cdd5-b93b-4d83-8b95-6df15827bd76)
16:55:52.759 [botPool0-bot1] DEBUG org.pircbotx.InputParser - Logged onto server.
16:55:53.576 [listenerPool0-thread6] INFO  org.pircbotx.output.OutputRaw - PRIVMSG #biogenx2b :/color #ff0000
16:55:53.729 [listenerPool0-thread6] INFO  org.pircbotx.output.OutputRaw - PRIVMSG #jdbener :/color #ff0000
16:55:54.577 [botPool0-bot0] INFO  org.pircbotx.output.OutputRaw - JOIN #biogenx2b 
16:55:54.577 [botPool0-bot0] INFO  org.pircbotx.InputParser - :tmi.twitch.tv 002 bennerbot :Your host is tmi.twitch.tv
16:55:54.578 [botPool0-bot0] INFO  org.pircbotx.InputParser - :tmi.twitch.tv 003 bennerbot :This server is rather new
16:55:54.578 [botPool0-bot0] INFO  org.pircbotx.InputParser - :tmi.twitch.tv 004 bennerbot :-
16:55:54.584 [botPool0-bot0] ERROR org.pircbotx.PircBotX - Exception encountered when parsing line
java.lang.IndexOutOfBoundsException: Index: 1, Size: 1
	at java.util.ArrayList.rangeCheck(Unknown Source) ~[na:1.7.0_45]
	at java.util.ArrayList.get(Unknown Source) ~[na:1.7.0_45]
	at org.pircbotx.ServerInfo.parse004(ServerInfo.java:113) ~[pircbotx-2.0.1.jar:na]
	at org.pircbotx.ServerInfo.parse(ServerInfo.java:106) ~[pircbotx-2.0.1.jar:na]
	at org.pircbotx.InputParser.processServerResponse(InputParser.java:709) ~[pircbotx-2.0.1.jar:na]
	at org.pircbotx.InputParser.handleLine(InputParser.java:323) ~[pircbotx-2.0.1.jar:na]
	at org.pircbotx.PircBotX.startLineProcessing(PircBotX.java:275) [pircbotx-2.0.1.jar:na]
	at org.pircbotx.PircBotX.connect(PircBotX.java:236) [pircbotx-2.0.1.jar:na]
	at org.pircbotx.MultiBotManager$BotRunner.call(MultiBotManager.java:219) [pircbotx-2.0.1.jar:na]
	at org.pircbotx.MultiBotManager$BotRunner.call(MultiBotManager.java:212) [pircbotx-2.0.1.jar:na]
	at java.util.concurrent.FutureTask.run(Unknown Source) [na:1.7.0_45]
	at java.util.concurrent.ThreadPoolExecutor.runWorker(Unknown Source) [na:1.7.0_45]
	at java.util.concurrent.ThreadPoolExecutor$Worker.run(Unknown Source) [na:1.7.0_45]
	at java.lang.Thread.run(Unknown Source) [na:1.7.0_45]
16:55:54.584 [botPool0-bot0] INFO  org.pircbotx.InputParser - :tmi.twitch.tv 375 bennerbot :-
16:55:54.585 [botPool0-bot0] INFO  org.pircbotx.InputParser - :tmi.twitch.tv 372 bennerbot :You are in a maze of twisty passages, all alike.
16:55:54.586 [botPool0-bot0] INFO  org.pircbotx.InputParser - :tmi.twitch.tv 376 bennerbot :>
16:55:54.587 [botPool0-bot0] INFO  org.pircbotx.InputParser - :jtv!jtv@jtv.tmi.twitch.tv PRIVMSG bennerbot :USERCOLOR bennerbot #FF0000
16:55:54.590 [botPool0-bot0] INFO  org.pircbotx.InputParser - :jtv!jtv@jtv.tmi.twitch.tv PRIVMSG bennerbot :Your color has been changed
16:55:54.591 [botPool0-bot0] INFO  org.pircbotx.InputParser - :jtv!jtv@jtv.tmi.twitch.tv PRIVMSG bennerbot :USERCOLOR bennerbot #FF0000
16:55:54.591 [botPool0-bot0] INFO  org.pircbotx.InputParser - :jtv!jtv@jtv.tmi.twitch.tv PRIVMSG bennerbot :Your color has been changed
16:55:54.637 [botPool0-bot0] INFO  org.pircbotx.InputParser - :bennerbot!bennerbot@bennerbot.tmi.twitch.tv JOIN #biogenx2b
16:55:54.730 [botPool0-bot1] INFO  org.pircbotx.output.OutputRaw - JOIN #jdbener 
16:55:54.730 [botPool0-bot1] INFO  org.pircbotx.InputParser - :irc.glados.tv 002 bennerbot :Your host is irc.glados.tv, running version IrcD.Net, Version=0.3.5351.28745, Culture=neutral, PublicKeyToken=null
16:55:54.731 [botPool0-bot1] INFO  org.pircbotx.InputParser - :irc.glados.tv 003 bennerbot :This server was created 11/13/2014 6:08:51 AM
16:55:54.731 [botPool0-bot1] INFO  org.pircbotx.InputParser - :irc.glados.tv 004 bennerbot :irc.glados.tv ircD.Net.0.3.5351.28745 Oiorwx ahovITbceiklmnpst
16:55:54.731 [botPool0-bot1] ERROR org.pircbotx.PircBotX - Exception encountered when parsing line
java.lang.IndexOutOfBoundsException: Index: 1, Size: 1
	at java.util.ArrayList.rangeCheck(Unknown Source) ~[na:1.7.0_45]
	at java.util.ArrayList.get(Unknown Source) ~[na:1.7.0_45]
	at org.pircbotx.ServerInfo.parse004(ServerInfo.java:113) ~[pircbotx-2.0.1.jar:na]
	at org.pircbotx.ServerInfo.parse(ServerInfo.java:106) ~[pircbotx-2.0.1.jar:na]
	at org.pircbotx.InputParser.processServerResponse(InputParser.java:709) ~[pircbotx-2.0.1.jar:na]
	at org.pircbotx.InputParser.handleLine(InputParser.java:323) ~[pircbotx-2.0.1.jar:na]
	at org.pircbotx.PircBotX.startLineProcessing(PircBotX.java:275) [pircbotx-2.0.1.jar:na]
	at org.pircbotx.PircBotX.connect(PircBotX.java:236) [pircbotx-2.0.1.jar:na]
	at org.pircbotx.MultiBotManager$BotRunner.call(MultiBotManager.java:219) [pircbotx-2.0.1.jar:na]
	at org.pircbotx.MultiBotManager$BotRunner.call(MultiBotManager.java:212) [pircbotx-2.0.1.jar:na]
	at java.util.concurrent.FutureTask.run(Unknown Source) [na:1.7.0_45]
	at java.util.concurrent.ThreadPoolExecutor.runWorker(Unknown Source) [na:1.7.0_45]
	at java.util.concurrent.ThreadPoolExecutor$Worker.run(Unknown Source) [na:1.7.0_45]
	at java.lang.Thread.run(Unknown Source) [na:1.7.0_45]
16:55:54.732 [botPool0-bot1] INFO  org.pircbotx.InputParser - :irc.glados.tv 005 bennerbot STD=draft03 PREFIX=(aohv)&@%+ CHANMODES=Ibe,k,l,Tcimnpst CHANTYPES=# CHANLIMIT=#:10 INEVEX=I EXCEPTS=e NETWORK=hitbox-tv CASEMAPPING=ascii CHANNELLEN=40 NICKLEN=32 MAXNICKLEN=32 TOPICLEN=300 KICKLEN=300 AWAYLEN=300 KNOCK LANGUAGE=5,af,sq,am,ar,hy,az,eu,be,bn,bh,bg,my,ca,chr,zh,zh-CN,zh-TW,hr,cs,da,dv,nl,en,eo,et,tl,fi,fr,gl,ka,de,el,gn,gu,iw,hi,hu,is,id,iu,it,ja,kn,kk,km,ko,ku,ky,lo,lv,lt,mk,ms,ml,mt,mr,mn,ne,no,or,ps,fa,pl,pt-PT,pa,ro,ru,sa,sr,sd :are supported by this server
16:55:54.732 [botPool0-bot1] INFO  org.pircbotx.InputParser - :irc.glados.tv 005 bennerbot LANGUAGE=5,si,sk,sl,es,sw,sv,tg,ta,te,th,bo,tr,uk,ur,uz,ug,vi SILENCE=25 RFC2812 :are supported by this server
16:55:54.733 [botPool0-bot1] INFO  org.pircbotx.InputParser - :irc.glados.tv 375 bennerbot :- irc.glados.tv Message of the day -
16:55:54.733 [botPool0-bot1] INFO  org.pircbotx.InputParser - :irc.glados.tv 372 bennerbot :-   +MMMMMMMMMMMMmdho+oddmNMMMMMMMMMMMMM $$\   $$\ $$\   $$\     $$\                                 $$$$$$\ $$$$$$$\   $$$$$$\  
16:55:54.733 [botPool0-bot1] INFO  org.pircbotx.InputParser - :irc.glados.tv 372 bennerbot :-   +MMMMMMMMNdoo/::-:///+osymNMMMMMMMMM $$ |  $$ |\__|  $$ |    $$ |                                \_$$  _|$$  __$$\ $$  __$$\ 
16:55:54.734 [botPool0-bot1] INFO  org.pircbotx.InputParser - :irc.glados.tv 372 bennerbot :-   +MMMMMMMMh::-----:////////dMMMMMMMMM $$ |  $$ |$$\ $$$$$$\   $$$$$$$\   $$$$$$\  $$\   $$\         $$ |  $$ |  $$ |$$ /  \__|
16:55:54.734 [botPool0-bot1] INFO  org.pircbotx.InputParser - :irc.glados.tv 372 bennerbot :-   +MMMMMMMMh:::----:////////dMMMMMMMMM $$$$$$$$ |$$ |\_$$  _|  $$  __$$\ $$  __$$\ \$$\ $$  |        $$ |  $$$$$$$  |$$ |     
16:55:54.734 [botPool0-bot1] INFO  org.pircbotx.InputParser - :irc.glados.tv 372 bennerbot :-   +MMMMMMMMh:::----:////////dMMMMMMMMM $$  __$$ |$$ |  $$ |    $$ |  $$ |$$ /  $$ | \$$$$  /         $$ |  $$  __$$< $$ |      
16:55:54.735 [botPool0-bot1] INFO  org.pircbotx.InputParser - :irc.glados.tv 372 bennerbot :-   +MMMMMMMMh::::---:////////dMMMMMMMMM $$ |  $$ |$$ |  $$ |$$\ $$ |  $$ |$$ |  $$ | $$  $$<          $$ |  $$ |  $$ |$$ |  $$\ 
16:55:54.735 [botPool0-bot1] INFO  org.pircbotx.InputParser - :irc.glados.tv 372 bennerbot :-   +MMMMMMMMh:::://++oo++++/+dMMMMMMMMM $$ |  $$ |$$ |  \$$$$  |$$$$$$$  |\$$$$$$  |$$  /\$$\       $$$$$$\ $$ |  $$ |\$$$$$$  |
16:55:54.735 [botPool0-bot1] INFO  org.pircbotx.InputParser - :irc.glados.tv 372 bennerbot :-   +MMMMMMMMmhmmdddddddddmmmmNMMMMMMMMM \__|  \__|\__|   \____/ \_______/  \______/ \__/  \__|      \______|\__|  \__| \______/ 
16:55:54.736 [botPool0-bot1] INFO  org.pircbotx.InputParser - :irc.glados.tv 372 bennerbot :-   +NyssssMyo+///:::::/+++oosyhMyyyhhMM
16:55:54.736 [botPool0-bot1] INFO  org.pircbotx.InputParser - :irc.glados.tv 372 bennerbot :-   +N:::::Mo::::::::::////++++yM+++ooNM $$$$$$$\            $$\                                                                 
16:55:54.737 [botPool0-bot1] INFO  org.pircbotx.InputParser - :irc.glados.tv 372 bennerbot :-   +N:::::Mo::::::::::///+++++yM++oooNM $$$$$$$\            $$\                           
16:55:54.737 [botPool0-bot1] INFO  org.pircbotx.InputParser - :irc.glados.tv 372 bennerbot :-   +N:::::Mo:::::::::://++++++yM+ooooNM $$  __$$\           $$ |                         
16:55:54.738 [botPool0-bot1] INFO  org.pircbotx.InputParser - :irc.glados.tv 372 bennerbot :-   +N:::::Mo:::::::::://++++++yMoooooNM $$ |  $$ | $$$$$$\  $$ | $$$$$$\  $$\   $$\          
16:55:54.739 [botPool0-bot1] INFO  org.pircbotx.InputParser - :irc.glados.tv 372 bennerbot :-   +N:::::Mo::::::::://+++++++yMoooooNM $$$$$$$  |$$  __$$\ $$ | \____$$\ $$ |  $$ |        
16:55:54.739 [botPool0-bot1] INFO  org.pircbotx.InputParser - :irc.glados.tv 372 bennerbot :-   +N/::::Mo:::::::::/++++++++yMoosyhMM $$  __$$< $$$$$$$$ |$$ | $$$$$$$ |$$ |  $$ |      
16:55:54.740 [botPool0-bot1] INFO  org.pircbotx.InputParser - :irc.glados.tv 372 bennerbot :-   +Mho//:Mo:::::::::/+++++++oyMhdNMMMM $$ |  $$ |$$   ____|$$ |$$  __$$ |$$ |  $$ |       
16:55:54.741 [botPool0-bot1] INFO  org.pircbotx.InputParser - :irc.glados.tv 372 bennerbot :-   +MMMMNhMy+/:::::::/++++oshmNMMMMMMMM $$ |  $$ |\$$$$$$$\ $$ |\$$$$$$$ |\$$$$$$$ |       
16:55:54.741 [botPool0-bot1] INFO  org.pircbotx.InputParser - :irc.glados.tv 372 bennerbot :-   +MMMMMMMhyddhs+/::/+oydmmhyhMMMMMMMM \__|  \__| \_______|\__| \_______| \____$$ |             -Community Driven
16:55:54.742 [botPool0-bot1] INFO  org.pircbotx.InputParser - :irc.glados.tv 372 bennerbot :-   +MMMMMMMo::/+shhhhddmdyo+ooyMMMMMMMM                                   $$\   $$ |      
16:55:54.742 [botPool0-bot1] INFO  org.pircbotx.InputParser - :irc.glados.tv 372 bennerbot :-   +MMMMMMMo:::::::/dNd+++++ooyMMMMMMMM                                   \$$$$$$  |  
16:55:54.744 [botPool0-bot1] INFO  org.pircbotx.InputParser - :irc.glados.tv 372 bennerbot :-   +MMMMMMMs::::::::hNh++++oooyMMMMMMMM                                    \______/  
16:55:54.744 [botPool0-bot1] INFO  org.pircbotx.InputParser - :irc.glados.tv 372 bennerbot :-   +MMMMMMMNdso//:::hNh++oosydNMMMMMMMM
16:55:54.745 [botPool0-bot1] INFO  org.pircbotx.InputParser - :irc.glados.tv 372 bennerbot :-   +MMMMMMMMMMMmdyo/dNh+shmNMMMMMMMMMMM
16:55:54.745 [botPool0-bot1] INFO  org.pircbotx.InputParser - :irc.glados.tv 372 bennerbot :-   +MMMMMMMMMMMMMMMNMMMNMMMMMMMMMMMMMMM
16:55:54.746 [botPool0-bot1] INFO  org.pircbotx.InputParser - :irc.glados.tv 372 bennerbot :-   
16:55:54.746 [botPool0-bot1] INFO  org.pircbotx.InputParser - :irc.glados.tv 372 bennerbot :-   Join #help for problems/assistance. To join channels, use the lowercase version of the channel name (ex. Danbopes => #danbopes)
16:55:54.747 [botPool0-bot1] INFO  org.pircbotx.InputParser - :irc.glados.tv 372 bennerbot :-   
16:55:54.747 [botPool0-bot1] INFO  org.pircbotx.InputParser - :irc.glados.tv 376 bennerbot :End of MOTD command
16:55:54.748 [botPool0-bot1] INFO  org.pircbotx.InputParser - :irc.glados.tv 251 bennerbot :There are 139 users and 0 services on 1 servers
16:55:54.748 [botPool0-bot1] INFO  org.pircbotx.InputParser - :irc.glados.tv 252 bennerbot 0 :operator(s) online
16:55:54.749 [botPool0-bot1] INFO  org.pircbotx.InputParser - :irc.glados.tv 253 bennerbot 7 :unknown connection(s)
16:55:54.749 [botPool0-bot1] INFO  org.pircbotx.InputParser - :irc.glados.tv 254 bennerbot 1 :channels formed
16:55:54.749 [botPool0-bot1] INFO  org.pircbotx.InputParser - :irc.glados.tv 255 bennerbot :I have 139 clients and 1 servers
16:55:54.749 [botPool0-bot1] INFO  org.pircbotx.InputParser - :irc.glados.tv 404 bennerbot #jdbener :Cannot send to channel
16:55:54.750 [botPool0-bot1] INFO  org.pircbotx.InputParser - :irc.glados.tv 404 bennerbot #jdbener :Cannot send to channel
16:55:55.578 [botPool0-bot0] INFO  org.pircbotx.output.OutputRaw - WHO #biogenx2b
16:55:56.441 [botPool0-bot1] INFO  org.pircbotx.InputParser - :bennerbot!BennerBot@ip.bennerbot.chat.hitbox.tv JOIN #jdbener
16:55:56.441 [botPool0-bot1] INFO  org.pircbotx.output.OutputRaw - WHO #jdbener
16:55:56.579 [botPool0-bot0] INFO  org.pircbotx.output.OutputRaw - MODE #biogenx2b
16:55:56.582 [botPool0-bot0] INFO  org.pircbotx.InputParser - :bennerbot.tmi.twitch.tv 353 bennerbot = #biogenx2b :bennerbot
16:55:56.582 [botPool0-bot0] INFO  org.pircbotx.InputParser - :bennerbot.tmi.twitch.tv 366 bennerbot #biogenx2b :End of /NAMES list
16:55:56.583 [botPool0-bot0] INFO  org.pircbotx.InputParser - :jtv!jtv@jtv.tmi.twitch.tv PRIVMSG bennerbot :USERCOLOR bennerbot #FF0000
16:55:56.583 [botPool0-bot0] INFO  org.pircbotx.InputParser - :jtv!jtv@jtv.tmi.twitch.tv PRIVMSG bennerbot :HISTORYEND biogenx2b
16:55:56.584 [botPool0-bot0] INFO  org.pircbotx.InputParser - :tmi.twitch.tv 421 bennerbot WHO :Unknown command
16:55:57.054 [botPool0-bot0] INFO  org.pircbotx.InputParser - :jdbener!jdbener@jdbener.tmi.twitch.tv PRIVMSG #biogenx2b :!usesvariable
0
16:55:57.442 [listenerPool0-thread9] INFO  org.pircbotx.output.OutputRaw - PRIVMSG #jdbener :Jdbener: !usesvariable
16:55:57.580 [listenerPool0-thread10] INFO  org.pircbotx.output.OutputRaw - PRIVMSG #biogenx2b :var:0
16:55:58.444 [botPool0-bot1] INFO  org.pircbotx.output.OutputRaw - MODE #jdbener
16:55:58.444 [botPool0-bot1] INFO  org.pircbotx.InputParser - :irc.glados.tv 332 bennerbot #jdbener :test
16:55:58.444 [botPool0-bot1] INFO  org.pircbotx.InputParser - :irc.glados.tv 353 bennerbot = #jdbener :%bennerbot
16:55:58.445 [botPool0-bot1] INFO  org.pircbotx.InputParser - :irc.glados.tv 366 bennerbot #jdbener :End of NAMES list
16:55:58.445 [botPool0-bot1] INFO  org.pircbotx.InputParser - :irc.glados.tv 315 bennerbot #jdbener :End of /WHO list.
16:55:58.569 [botPool0-bot1] INFO  org.pircbotx.InputParser - :irc.glados.tv 324 bennerbot #jdbener +
16:56:02.117 [botPool0-bot0] INFO  org.pircbotx.InputParser - :jdbener!jdbener@jdbener.tmi.twitch.tv PRIVMSG #biogenx2b :um
16:56:02.117 [listenerPool0-thread3] INFO  org.pircbotx.output.OutputRaw - PRIVMSG #jdbener :Jdbener: um
16:57:03.165 [botPool0-bot1] INFO  org.pircbotx.InputParser - PING :irc.glados.tv
16:57:03.167 [listenerPool0-thread14] INFO  org.pircbotx.output.OutputRaw - PONG irc.glados.tv
16:58:05.049 [botPool0-bot1] INFO  org.pircbotx.InputParser - PING :irc.glados.tv
16:58:05.050 [listenerPool0-thread23] INFO  org.pircbotx.output.OutputRaw - PONG irc.glados.tv
16:59:06.012 [botPool0-bot1] INFO  org.pircbotx.InputParser - PING :irc.glados.tv
16:59:06.013 [listenerPool0-thread28] INFO  org.pircbotx.output.OutputRaw - PONG irc.glados.tv
17:00:07.603 [botPool0-bot1] INFO  org.pircbotx.InputParser - PING :irc.glados.tv
17:00:07.604 [listenerPool0-thread34] INFO  org.pircbotx.output.OutputRaw - PONG irc.glados.tv
17:00:20.285 [botPool0-bot0] INFO  org.pircbotx.InputParser - PING :tmi.twitch.tv
17:00:20.286 [listenerPool0-thread32] INFO  org.pircbotx.output.OutputRaw - PONG tmi.twitch.tv
17:00:21.730 [botPool0-bot0] INFO  org.pircbotx.InputParser - :veeveechan!veeveechan@veeveechan.tmi.twitch.tv PRIVMSG #biogenx2b :gonna go get ready, ttyl
17:00:21.731 [listenerPool0-thread37] INFO  org.pircbotx.output.OutputRaw - PRIVMSG #jdbener :Veeveechan: gonna go get ready, ttyl
17:01:23.355 [botPool0-bot1] INFO  org.pircbotx.InputParser - PING :irc.glados.tv
17:01:23.356 [listenerPool0-thread38] INFO  org.pircbotx.output.OutputRaw - PONG irc.glados.tv
17:01:23.911 [botPool0-bot0] INFO  org.pircbotx.InputParser - :veeveechan!veeveechan@veeveechan.tmi.twitch.tv PART #biogenx2b
17:01:23.932 [botPool0-bot0] INFO  org.pircbotx.InputParser - :jtv MODE #biogenx2b -o veeveechan
17:02:25.529 [botPool0-bot1] INFO  org.pircbotx.InputParser - PING :irc.glados.tv
17:02:25.530 [listenerPool0-thread49] INFO  org.pircbotx.output.OutputRaw - PONG irc.glados.tv
17:03:27.226 [botPool0-bot1] INFO  org.pircbotx.InputParser - PING :irc.glados.tv
17:03:27.227 [listenerPool0-thread54] INFO  org.pircbotx.output.OutputRaw - PONG irc.glados.tv
17:04:27.485 [botPool0-bot1] INFO  org.pircbotx.InputParser - PING :irc.glados.tv
17:04:27.485 [listenerPool0-thread58] INFO  org.pircbotx.output.OutputRaw - PONG irc.glados.tv
17:05:00.428 [botPool0-bot0] INFO  org.pircbotx.InputParser - PING :tmi.twitch.tv
17:05:00.428 [listenerPool0-thread60] INFO  org.pircbotx.output.OutputRaw - PONG tmi.twitch.tv
17:05:27.837 [botPool0-bot1] INFO  org.pircbotx.InputParser - PING :irc.glados.tv
17:05:27.838 [listenerPool0-thread64] INFO  org.pircbotx.output.OutputRaw - PONG irc.glados.tv
17:06:15.238 [botPool0-bot0] INFO  org.pircbotx.InputParser - :kirrlaos!kirrlaos@kirrlaos.tmi.twitch.tv PRIVMSG #biogenx2b :BOOM
17:06:15.239 [listenerPool0-thread66] INFO  org.pircbotx.output.OutputRaw - PRIVMSG #jdbener :Kirrlaos: BOOM
17:06:42.168 [botPool0-bot0] INFO  org.pircbotx.InputParser - :kirrlaos!kirrlaos@kirrlaos.tmi.twitch.tv JOIN #biogenx2b
17:06:52.339 [botPool0-bot0] INFO  org.pircbotx.InputParser - :kirrlaos!kirrlaos@kirrlaos.tmi.twitch.tv PRIVMSG #biogenx2b :*dances*
17:06:52.340 [listenerPool0-thread62] INFO  org.pircbotx.output.OutputRaw - PRIVMSG #jdbener :Kirrlaos: *dances*
17:07:53.583 [botPool0-bot1] INFO  org.pircbotx.InputParser - PING :irc.glados.tv
17:07:53.584 [listenerPool0-thread69] INFO  org.pircbotx.output.OutputRaw - PONG irc.glados.tv
17:08:26.148 [botPool0-bot0] INFO  org.pircbotx.InputParser - :jdbener!jdbener@jdbener.tmi.twitch.tv PRIVMSG #biogenx2b :!song
17:08:26.149 [listenerPool0-thread70] INFO  org.pircbotx.output.OutputRaw - PRIVMSG #jdbener :Jdbener: !song
17:08:28.039 [listenerPool0-thread68] INFO  org.pircbotx.output.OutputRaw - PRIVMSG #biogenx2b :hay Jdbener thats, Whistlin' Past the Graveyard ~ Tom Waits on Blue Valentine http://www.last.fm/music/Tom+Waits/_/Whistlin%27+Past+the+Graveyard
17:08:28.039 [listenerPool0-thread68] INFO  org.pircbotx.output.OutputRaw - PRIVMSG #jdbener :hay Jdbener thats, Whistlin' Past the Graveyard ~ Tom Waits on Blue Valentine http://www.last.fm/music/Tom+Waits/_/Whistlin%27+Past+the+Graveyard
17:08:28.227 [botPool0-bot1] INFO  org.pircbotx.InputParser - :bennerbot!bennerbot@ip.bennerbot.chat.hitbox.tv PRIVMSG #jdbener :hay Jdbener thats, Whistlin' Past the Graveyard ~ Tom Waits on Blue Valentine http://www.last.fm/music/Tom+Waits/_/Whistlin%27+Past+the+Graveyard
17:08:30.026 [botPool0-bot0] INFO  org.pircbotx.InputParser - :jdbener!jdbener@jdbener.tmi.twitch.tv PRIVMSG #biogenx2b :i love this song
17:08:30.027 [listenerPool0-thread72] INFO  org.pircbotx.output.OutputRaw - PRIVMSG #jdbener :Jdbener: i love this song
17:08:38.579 [botPool0-bot0] INFO  org.pircbotx.InputParser - :jdbener!jdbener@jdbener.tmi.twitch.tv PRIVMSG #biogenx2b :oh...
17:08:38.587 [listenerPool0-thread67] INFO  org.pircbotx.output.OutputRaw - PRIVMSG #jdbener :Jdbener: oh...
17:08:41.911 [botPool0-bot0] INFO  org.pircbotx.InputParser - :jdbener!jdbener@jdbener.tmi.twitch.tv PRIVMSG #biogenx2b :now i feal dumb
17:08:41.912 [listenerPool0-thread71] INFO  org.pircbotx.output.OutputRaw - PRIVMSG #jdbener :Jdbener: now i feal dumb
17:09:30.739 [botPool0-bot0] INFO  org.pircbotx.InputParser - PING :tmi.twitch.tv
17:09:30.740 [listenerPool0-thread72] INFO  org.pircbotx.output.OutputRaw - PONG tmi.twitch.tv
17:09:42.611 [botPool0-bot1] INFO  org.pircbotx.InputParser - PING :irc.glados.tv
17:09:42.611 [listenerPool0-thread69] INFO  org.pircbotx.output.OutputRaw - PONG irc.glados.tv
17:10:43.537 [botPool0-bot1] INFO  org.pircbotx.InputParser - PING :irc.glados.tv
17:10:43.539 [listenerPool0-thread81] INFO  org.pircbotx.output.OutputRaw - PONG irc.glados.tv
17:10:55.618 [botPool0-bot0] INFO  org.pircbotx.InputParser - :kirrlaos!kirrlaos@kirrlaos.tmi.twitch.tv PART #biogenx2b
17:10:55.618 [botPool0-bot0] WARN  org.pircbotx.Channel - Channel #biogenx2b mode '' is stale
17:10:55.620 [botPool0-bot0] WARN  org.pircbotx.Channel - Channel #biogenx2b mode '' is stale
17:11:45.553 [botPool0-bot1] INFO  org.pircbotx.InputParser - PING :irc.glados.tv
17:11:45.554 [listenerPool0-thread81] INFO  org.pircbotx.output.OutputRaw - PONG irc.glados.tv
17:12:46.251 [botPool0-bot1] INFO  org.pircbotx.InputParser - PING :irc.glados.tv
17:12:46.252 [listenerPool0-thread86] INFO  org.pircbotx.output.OutputRaw - PONG irc.glados.tv
17:13:47.968 [botPool0-bot1] INFO  org.pircbotx.InputParser - PING :irc.glados.tv
17:13:47.969 [listenerPool0-thread91] INFO  org.pircbotx.output.OutputRaw - PONG irc.glados.tv
17:13:50.512 [botPool0-bot0] INFO  org.pircbotx.InputParser - PING :tmi.twitch.tv
17:13:50.513 [listenerPool0-thread88] INFO  org.pircbotx.output.OutputRaw - PONG tmi.twitch.tv
17:14:49.942 [botPool0-bot1] INFO  org.pircbotx.InputParser - PING :irc.glados.tv
17:14:49.943 [listenerPool0-thread89] INFO  org.pircbotx.output.OutputRaw - PONG irc.glados.tv
17:15:51.704 [botPool0-bot1] INFO  org.pircbotx.InputParser - PING :irc.glados.tv
17:15:51.706 [listenerPool0-thread99] INFO  org.pircbotx.output.OutputRaw - PONG irc.glados.tv
17:16:53.532 [botPool0-bot1] INFO  org.pircbotx.InputParser - PING :irc.glados.tv
17:16:53.533 [listenerPool0-thread102] INFO  org.pircbotx.output.OutputRaw - PONG irc.glados.tv
17:17:40.933 [botPool0-bot0] INFO  org.pircbotx.InputParser - :jdbener!jdbener@jdbener.tmi.twitch.tv PRIVMSG #biogenx2b :!usesvariable
0
17:17:40.934 [listenerPool0-thread108] INFO  org.pircbotx.output.OutputRaw - PRIVMSG #jdbener :Jdbener: !usesvariable
17:17:40.934 [listenerPool0-thread103] INFO  org.pircbotx.output.OutputRaw - PRIVMSG #biogenx2b :var:0
17:18:04.096 [botPool0-bot0] INFO  org.pircbotx.InputParser - PING :tmi.twitch.tv
17:18:04.096 [listenerPool0-thread108] INFO  org.pircbotx.output.OutputRaw - PONG tmi.twitch.tv
17:18:10.110 [bot2-shutdownhook] INFO  org.pircbotx.output.OutputRaw - QUIT :
17:18:10.111 [bot2-shutdownhook] WARN  org.pircbotx.Channel - Channel #biogenx2b mode '' is stale
17:18:10.111 [bot2-shutdownhook] WARN  org.pircbotx.Channel - Channel #biogenx2b mode '' is stale
17:18:10.111 [bot2-shutdownhook] INFO  org.pircbotx.output.OutputRaw - QUIT :
17:18:10.114 [bot2-shutdownhook] INFO  org.pircbotx.dcc.DccHandler - Terminating all transfers waiting to be accepted
17:18:10.114 [bot2-shutdownhook] INFO  org.pircbotx.dcc.DccHandler - Terminating all transfers waiting to be accepted
17:18:10.114 [botPool0-bot0] INFO  org.pircbotx.PircBotX - Shutdown has been called, closing InputParser
17:18:10.114 [botPool0-bot1] INFO  org.pircbotx.PircBotX - Shutdown has been called, closing InputParser
17:18:10.115 [bot2-shutdownhook] DEBUG org.pircbotx.PircBotX - Disconnected.
17:18:10.115 [bot2-shutdownhook] DEBUG o.p.h.m.ThreadedListenerManager - Waiting for listener me.jdbener.apis.hitbox.HitboxStatusGameUpdater@67156187 to execute event DisconnectEvent(daoSnapshot=org.pircbotx.snapshot.UserChannelDaoSnapshot@23e89397, disconnectException=null)
17:18:10.115 [botPool0-bot1] DEBUG o.p.MultiBotManager$BotFutureCallback - Bot #1 finished
17:18:10.115 [botPool0-bot0] DEBUG o.p.MultiBotManager$BotFutureCallback - Bot #0 finished
17:18:10.115 [bot2-shutdownhook] DEBUG org.pircbotx.PircBotX - Disconnected.
17:18:10.115 [bot2-shutdownhook] DEBUG o.p.h.m.ThreadedListenerManager - Waiting for listener me.jdbener.utilities.CustomCommandHandeler@32999f10 to execute event DisconnectEvent(daoSnapshot=org.pircbotx.snapshot.UserChannelDaoSnapshot@545652f9, disconnectException=null)
17:18:10.115 [bot2-shutdownhook] DEBUG o.p.h.m.ThreadedListenerManager - Waiting for listener me.jdbener.apis.hitbox.HitboxStatusGameUpdater@67156187 to execute event DisconnectEvent(daoSnapshot=org.pircbotx.snapshot.UserChannelDaoSnapshot@545652f9, disconnectException=null)
17:18:10.116 [bot2-shutdownhook] DEBUG o.p.h.m.ThreadedListenerManager - Waiting for listener me.jdbener.utilities.JoinLeaveMessages@6ef250f3 to execute event DisconnectEvent(daoSnapshot=org.pircbotx.snapshot.UserChannelDaoSnapshot@545652f9, disconnectException=null)
17:18:10.116 [bot2-shutdownhook] DEBUG o.p.h.m.ThreadedListenerManager - Waiting for listener me.jdbener.Cleaner@79e4f9af to execute event DisconnectEvent(daoSnapshot=org.pircbotx.snapshot.UserChannelDaoSnapshot@545652f9, disconnectException=null)
17:18:10.116 [bot2-shutdownhook] DEBUG o.p.h.m.ThreadedListenerManager - Waiting for listener me.jdbener.utilities.ChatRelayHandeler@2bb10f9a to execute event DisconnectEvent(daoSnapshot=org.pircbotx.snapshot.UserChannelDaoSnapshot@545652f9, disconnectException=null)
