13:51:03.058 [main] INFO  me.jdbener.Bennerbot - Begining plugin loading
13:51:03.146 [main] INFO  me.jdbener.Bennerbot - Finished looking for plugins in: plugins
13:51:03.147 [main] INFO  me.jdbener.Bennerbot - Finished looking for plugins in: plugins/BasicCommands
13:51:03.149 [main] INFO  me.jdbener.Bennerbot - Finished looking for plugins in: plugins/dissabled
13:51:03.150 [main] INFO  me.jdbener.Bennerbot - Beggining pluging loading sequence
13:51:03.151 [main] INFO  me.jdbener.Bennerbot - Finished pluging loading sequence
13:51:03.151 [main] INFO  me.jdbener.Bennerbot - Proceading with BennerBot initiation sequence
13:51:03.254 [main] DEBUG org.pircbotx.MultiBotManager - Not started yet, add to queue
13:51:03.254 [main] DEBUG org.pircbotx.MultiBotManager - Not started yet, add to queue
13:51:03.261 [botPool0-bot0] DEBUG org.pircbotx.PircBotX - Trying address irc.twitch.tv/199.9.252.28
13:51:03.289 [botPool0-bot0] INFO  org.pircbotx.PircBotX - Connected to server.
13:51:03.296 [botPool0-bot0] INFO  org.pircbotx.output.OutputRaw - PASS oauth:hrr2wpqq0knt6sb0spzd3d1mugpdezf
13:51:03.296 [botPool0-bot0] INFO  org.pircbotx.output.OutputRaw - NICK bennerbot
13:51:03.296 [botPool0-bot0] INFO  org.pircbotx.output.OutputRaw - USER BennerBot 8 * :PircBotX 2.0.1, a fork of PircBot, the Java IRC bot - pircbotx.googlecode.com
13:51:03.321 [main] INFO  me.jdbener.Bennerbot - Started Loading the GUI
13:51:03.359 [botPool0-bot0] INFO  org.pircbotx.InputParser - :tmi.twitch.tv 001 bennerbot :Welcome, GLHF!
13:51:03.364 [botPool0-bot1] DEBUG org.pircbotx.PircBotX - Trying address irc.glados.tv/192.99.100.37
13:51:03.370 [botPool0-bot0] DEBUG org.pircbotx.InputParser - Logged onto server.
13:51:03.478 [botPool0-bot1] INFO  org.pircbotx.PircBotX - Connected to server.
13:51:03.478 [botPool0-bot1] INFO  org.pircbotx.output.OutputRaw - PASS bennerbot
13:51:03.478 [botPool0-bot1] INFO  org.pircbotx.output.OutputRaw - NICK bennerbot
13:51:03.478 [botPool0-bot1] INFO  org.pircbotx.output.OutputRaw - USER BennerBot 8 * :PircBotX 2.0.1, a fork of PircBot, the Java IRC bot - pircbotx.googlecode.com
13:51:04.297 [botPool0-bot0] INFO  org.pircbotx.output.OutputRaw - JOIN #cherrytree5 
13:51:04.297 [botPool0-bot0] INFO  org.pircbotx.InputParser - :tmi.twitch.tv 002 bennerbot :Your host is tmi.twitch.tv
13:51:04.298 [botPool0-bot0] INFO  org.pircbotx.InputParser - :tmi.twitch.tv 003 bennerbot :This server is rather new
13:51:04.298 [botPool0-bot0] INFO  org.pircbotx.InputParser - :tmi.twitch.tv 004 bennerbot :-
13:51:04.306 [botPool0-bot0] ERROR org.pircbotx.PircBotX - Exception encountered when parsing line
java.lang.IndexOutOfBoundsException: Index: 1, Size: 1
	at java.util.ArrayList.rangeCheck(Unknown Source) ~[na:1.7.0_45]
	at java.util.ArrayList.get(Unknown Source) ~[na:1.7.0_45]
	at org.pircbotx.ServerInfo.parse004(ServerInfo.java:113) ~[pircbotx-2.0.1.jar:na]
	at org.pircbotx.ServerInfo.parse(ServerInfo.java:106) ~[pircbotx-2.0.1.jar:na]
	at org.pircbotx.InputParser.processServerResponse(InputParser.java:709) ~[pircbotx-2.0.1.jar:na]
	at org.pircbotx.InputParser.handleLine(InputParser.java:323) ~[pircbotx-2.0.1.jar:na]
	at org.pircbotx.PircBotX.startLineProcessing(PircBotX.java:275) [pircbotx-2.0.1.jar:na]
	at org.pircbotx.PircBotX.connect(PircBotX.java:236) [pircbotx-2.0.1.jar:na]
	at org.pircbotx.MultiBotManager$BotRunner.call(MultiBotManager.java:219) [pircbotx-2.0.1.jar:na]
	at org.pircbotx.MultiBotManager$BotRunner.call(MultiBotManager.java:212) [pircbotx-2.0.1.jar:na]
	at java.util.concurrent.FutureTask.run(Unknown Source) [na:1.7.0_45]
	at java.util.concurrent.ThreadPoolExecutor.runWorker(Unknown Source) [na:1.7.0_45]
	at java.util.concurrent.ThreadPoolExecutor$Worker.run(Unknown Source) [na:1.7.0_45]
	at java.lang.Thread.run(Unknown Source) [na:1.7.0_45]
13:51:04.306 [botPool0-bot0] INFO  org.pircbotx.InputParser - :tmi.twitch.tv 375 bennerbot :-
13:51:04.307 [botPool0-bot0] INFO  org.pircbotx.InputParser - :tmi.twitch.tv 372 bennerbot :You are in a maze of twisty passages, all alike.
13:51:04.307 [botPool0-bot0] INFO  org.pircbotx.InputParser - :tmi.twitch.tv 376 bennerbot :>
13:51:04.378 [botPool0-bot1] INFO  org.pircbotx.InputParser - :irc.glados.tv 001 bennerbot :Welcome to the hitbox-tv IRC Network bennerbot!BennerBot@ip.bennerbot.chat.hitbox.tv (Connection ID: 69d336b5-0317-4ebf-b0c3-72257c0325ae)
13:51:04.378 [botPool0-bot1] DEBUG org.pircbotx.InputParser - Logged onto server.
13:51:04.479 [botPool0-bot1] INFO  org.pircbotx.output.OutputRaw - JOIN #jdbener 
13:51:04.479 [botPool0-bot1] INFO  org.pircbotx.InputParser - :irc.glados.tv 002 bennerbot :Your host is irc.glados.tv, running version IrcD.Net, Version=0.3.5351.28745, Culture=neutral, PublicKeyToken=null
13:51:04.480 [botPool0-bot1] INFO  org.pircbotx.InputParser - :irc.glados.tv 003 bennerbot :This server was created 11/13/2014 6:08:51 AM
13:51:04.481 [botPool0-bot1] INFO  org.pircbotx.InputParser - :irc.glados.tv 004 bennerbot :irc.glados.tv ircD.Net.0.3.5351.28745 Oiorwx ahovITbceiklmnpst
13:51:04.481 [botPool0-bot1] ERROR org.pircbotx.PircBotX - Exception encountered when parsing line
java.lang.IndexOutOfBoundsException: Index: 1, Size: 1
	at java.util.ArrayList.rangeCheck(Unknown Source) ~[na:1.7.0_45]
	at java.util.ArrayList.get(Unknown Source) ~[na:1.7.0_45]
	at org.pircbotx.ServerInfo.parse004(ServerInfo.java:113) ~[pircbotx-2.0.1.jar:na]
	at org.pircbotx.ServerInfo.parse(ServerInfo.java:106) ~[pircbotx-2.0.1.jar:na]
	at org.pircbotx.InputParser.processServerResponse(InputParser.java:709) ~[pircbotx-2.0.1.jar:na]
	at org.pircbotx.InputParser.handleLine(InputParser.java:323) ~[pircbotx-2.0.1.jar:na]
	at org.pircbotx.PircBotX.startLineProcessing(PircBotX.java:275) [pircbotx-2.0.1.jar:na]
	at org.pircbotx.PircBotX.connect(PircBotX.java:236) [pircbotx-2.0.1.jar:na]
	at org.pircbotx.MultiBotManager$BotRunner.call(MultiBotManager.java:219) [pircbotx-2.0.1.jar:na]
	at org.pircbotx.MultiBotManager$BotRunner.call(MultiBotManager.java:212) [pircbotx-2.0.1.jar:na]
	at java.util.concurrent.FutureTask.run(Unknown Source) [na:1.7.0_45]
	at java.util.concurrent.ThreadPoolExecutor.runWorker(Unknown Source) [na:1.7.0_45]
	at java.util.concurrent.ThreadPoolExecutor$Worker.run(Unknown Source) [na:1.7.0_45]
	at java.lang.Thread.run(Unknown Source) [na:1.7.0_45]
13:51:04.482 [botPool0-bot1] INFO  org.pircbotx.InputParser - :irc.glados.tv 005 bennerbot STD=draft03 PREFIX=(aohv)&@%+ CHANMODES=Ibe,k,l,Tcimnpst CHANTYPES=# CHANLIMIT=#:10 INEVEX=I EXCEPTS=e NETWORK=hitbox-tv CASEMAPPING=ascii CHANNELLEN=40 NICKLEN=32 MAXNICKLEN=32 TOPICLEN=300 KICKLEN=300 AWAYLEN=300 KNOCK LANGUAGE=5,af,sq,am,ar,hy,az,eu,be,bn,bh,bg,my,ca,chr,zh,zh-CN,zh-TW,hr,cs,da,dv,nl,en,eo,et,tl,fi,fr,gl,ka,de,el,gn,gu,iw,hi,hu,is,id,iu,it,ja,kn,kk,km,ko,ku,ky,lo,lv,lt,mk,ms,ml,mt,mr,mn,ne,no,or,ps,fa,pl,pt-PT,pa,ro,ru,sa,sr,sd :are supported by this server
13:51:04.483 [botPool0-bot1] INFO  org.pircbotx.InputParser - :irc.glados.tv 005 bennerbot LANGUAGE=5,si,sk,sl,es,sw,sv,tg,ta,te,th,bo,tr,uk,ur,uz,ug,vi SILENCE=25 RFC2812 :are supported by this server
13:51:04.484 [botPool0-bot1] INFO  org.pircbotx.InputParser - :irc.glados.tv 375 bennerbot :- irc.glados.tv Message of the day -
13:51:04.485 [botPool0-bot1] INFO  org.pircbotx.InputParser - :irc.glados.tv 372 bennerbot :-   +MMMMMMMMMMMMmdho+oddmNMMMMMMMMMMMMM $$\   $$\ $$\   $$\     $$\                                 $$$$$$\ $$$$$$$\   $$$$$$\  
13:51:04.485 [botPool0-bot1] INFO  org.pircbotx.InputParser - :irc.glados.tv 372 bennerbot :-   +MMMMMMMMNdoo/::-:///+osymNMMMMMMMMM $$ |  $$ |\__|  $$ |    $$ |                                \_$$  _|$$  __$$\ $$  __$$\ 
13:51:04.486 [botPool0-bot1] INFO  org.pircbotx.InputParser - :irc.glados.tv 372 bennerbot :-   +MMMMMMMMh::-----:////////dMMMMMMMMM $$ |  $$ |$$\ $$$$$$\   $$$$$$$\   $$$$$$\  $$\   $$\         $$ |  $$ |  $$ |$$ /  \__|
13:51:04.487 [botPool0-bot1] INFO  org.pircbotx.InputParser - :irc.glados.tv 372 bennerbot :-   +MMMMMMMMh:::----:////////dMMMMMMMMM $$$$$$$$ |$$ |\_$$  _|  $$  __$$\ $$  __$$\ \$$\ $$  |        $$ |  $$$$$$$  |$$ |     
13:51:04.488 [botPool0-bot1] INFO  org.pircbotx.InputParser - :irc.glados.tv 372 bennerbot :-   +MMMMMMMMh:::----:////////dMMMMMMMMM $$  __$$ |$$ |  $$ |    $$ |  $$ |$$ /  $$ | \$$$$  /         $$ |  $$  __$$< $$ |      
13:51:04.488 [botPool0-bot1] INFO  org.pircbotx.InputParser - :irc.glados.tv 372 bennerbot :-   +MMMMMMMMh::::---:////////dMMMMMMMMM $$ |  $$ |$$ |  $$ |$$\ $$ |  $$ |$$ |  $$ | $$  $$<          $$ |  $$ |  $$ |$$ |  $$\ 
13:51:04.489 [botPool0-bot1] INFO  org.pircbotx.InputParser - :irc.glados.tv 372 bennerbot :-   +MMMMMMMMh:::://++oo++++/+dMMMMMMMMM $$ |  $$ |$$ |  \$$$$  |$$$$$$$  |\$$$$$$  |$$  /\$$\       $$$$$$\ $$ |  $$ |\$$$$$$  |
13:51:04.490 [botPool0-bot1] INFO  org.pircbotx.InputParser - :irc.glados.tv 372 bennerbot :-   +MMMMMMMMmhmmdddddddddmmmmNMMMMMMMMM \__|  \__|\__|   \____/ \_______/  \______/ \__/  \__|      \______|\__|  \__| \______/ 
13:51:04.491 [botPool0-bot1] INFO  org.pircbotx.InputParser - :irc.glados.tv 372 bennerbot :-   +NyssssMyo+///:::::/+++oosyhMyyyhhMM
13:51:04.491 [botPool0-bot1] INFO  org.pircbotx.InputParser - :irc.glados.tv 372 bennerbot :-   +N:::::Mo::::::::::////++++yM+++ooNM $$$$$$$\            $$\                                                                 
13:51:04.492 [botPool0-bot1] INFO  org.pircbotx.InputParser - :irc.glados.tv 372 bennerbot :-   +N:::::Mo::::::::::///+++++yM++oooNM $$$$$$$\            $$\                           
13:51:04.496 [botPool0-bot1] INFO  org.pircbotx.InputParser - :irc.glados.tv 372 bennerbot :-   +N:::::Mo:::::::::://++++++yM+ooooNM $$  __$$\           $$ |                         
13:51:04.497 [botPool0-bot1] INFO  org.pircbotx.InputParser - :irc.glados.tv 372 bennerbot :-   +N:::::Mo:::::::::://++++++yMoooooNM $$ |  $$ | $$$$$$\  $$ | $$$$$$\  $$\   $$\          
13:51:04.497 [botPool0-bot1] INFO  org.pircbotx.InputParser - :irc.glados.tv 372 bennerbot :-   +N:::::Mo::::::::://+++++++yMoooooNM $$$$$$$  |$$  __$$\ $$ | \____$$\ $$ |  $$ |        
13:51:04.498 [botPool0-bot1] INFO  org.pircbotx.InputParser - :irc.glados.tv 372 bennerbot :-   +N/::::Mo:::::::::/++++++++yMoosyhMM $$  __$$< $$$$$$$$ |$$ | $$$$$$$ |$$ |  $$ |      
13:51:04.498 [botPool0-bot1] INFO  org.pircbotx.InputParser - :irc.glados.tv 372 bennerbot :-   +Mho//:Mo:::::::::/+++++++oyMhdNMMMM $$ |  $$ |$$   ____|$$ |$$  __$$ |$$ |  $$ |       
13:51:04.499 [botPool0-bot1] INFO  org.pircbotx.InputParser - :irc.glados.tv 372 bennerbot :-   +MMMMNhMy+/:::::::/++++oshmNMMMMMMMM $$ |  $$ |\$$$$$$$\ $$ |\$$$$$$$ |\$$$$$$$ |       
13:51:04.499 [botPool0-bot1] INFO  org.pircbotx.InputParser - :irc.glados.tv 372 bennerbot :-   +MMMMMMMhyddhs+/::/+oydmmhyhMMMMMMMM \__|  \__| \_______|\__| \_______| \____$$ |             -Community Driven
13:51:04.500 [botPool0-bot1] INFO  org.pircbotx.InputParser - :irc.glados.tv 372 bennerbot :-   +MMMMMMMo::/+shhhhddmdyo+ooyMMMMMMMM                                   $$\   $$ |      
13:51:04.501 [botPool0-bot1] INFO  org.pircbotx.InputParser - :irc.glados.tv 372 bennerbot :-   +MMMMMMMo:::::::/dNd+++++ooyMMMMMMMM                                   \$$$$$$  |  
13:51:04.501 [botPool0-bot1] INFO  org.pircbotx.InputParser - :irc.glados.tv 372 bennerbot :-   +MMMMMMMs::::::::hNh++++oooyMMMMMMMM                                    \______/  
13:51:04.502 [botPool0-bot1] INFO  org.pircbotx.InputParser - :irc.glados.tv 372 bennerbot :-   +MMMMMMMNdso//:::hNh++oosydNMMMMMMMM
13:51:04.502 [botPool0-bot1] INFO  org.pircbotx.InputParser - :irc.glados.tv 372 bennerbot :-   +MMMMMMMMMMMmdyo/dNh+shmNMMMMMMMMMMM
13:51:04.503 [botPool0-bot1] INFO  org.pircbotx.InputParser - :irc.glados.tv 372 bennerbot :-   +MMMMMMMMMMMMMMMNMMMNMMMMMMMMMMMMMMM
13:51:04.503 [botPool0-bot1] INFO  org.pircbotx.InputParser - :irc.glados.tv 372 bennerbot :-   
13:51:04.504 [botPool0-bot1] INFO  org.pircbotx.InputParser - :irc.glados.tv 372 bennerbot :-   Join #help for problems/assistance. To join channels, use the lowercase version of the channel name (ex. Danbopes => #danbopes)
13:51:04.504 [botPool0-bot1] INFO  org.pircbotx.InputParser - :irc.glados.tv 372 bennerbot :-   
13:51:04.504 [botPool0-bot1] INFO  org.pircbotx.InputParser - :irc.glados.tv 376 bennerbot :End of MOTD command
13:51:04.505 [botPool0-bot1] INFO  org.pircbotx.InputParser - :irc.glados.tv 251 bennerbot :There are 136 users and 0 services on 1 servers
13:51:04.506 [botPool0-bot1] INFO  org.pircbotx.InputParser - :irc.glados.tv 252 bennerbot 0 :operator(s) online
13:51:04.506 [botPool0-bot1] INFO  org.pircbotx.InputParser - :irc.glados.tv 253 bennerbot 7 :unknown connection(s)
13:51:04.507 [botPool0-bot1] INFO  org.pircbotx.InputParser - :irc.glados.tv 254 bennerbot 1 :channels formed
13:51:04.507 [botPool0-bot1] INFO  org.pircbotx.InputParser - :irc.glados.tv 255 bennerbot :I have 136 clients and 1 servers
13:51:04.585 [botPool0-bot0] INFO  org.pircbotx.InputParser - :bennerbot!bennerbot@bennerbot.tmi.twitch.tv JOIN #cherrytree5
13:51:05.299 [botPool0-bot0] INFO  org.pircbotx.output.OutputRaw - WHO #cherrytree5
13:51:06.300 [botPool0-bot0] INFO  org.pircbotx.output.OutputRaw - MODE #cherrytree5
13:51:06.304 [botPool0-bot0] INFO  org.pircbotx.InputParser - :bennerbot.tmi.twitch.tv 353 bennerbot = #cherrytree5 :voidgazer surrealistik herpvanderpsten huck24 cherrytree5 bennerbot jdbener 1pancakess enterres
13:51:06.304 [botPool0-bot0] INFO  org.pircbotx.InputParser - :bennerbot.tmi.twitch.tv 366 bennerbot #cherrytree5 :End of /NAMES list
13:51:06.305 [botPool0-bot0] INFO  org.pircbotx.InputParser - :jtv MODE #cherrytree5 +o cherrytree5
13:51:06.312 [botPool0-bot0] INFO  org.pircbotx.InputParser - :jtv!jtv@jtv.tmi.twitch.tv PRIVMSG bennerbot :USERCOLOR bennerbot #FF0000
13:51:06.313 [botPool0-bot0] INFO  org.pircbotx.InputParser - :jtv!jtv@jtv.tmi.twitch.tv PRIVMSG bennerbot :HISTORYEND cherrytree5
13:51:06.313 [botPool0-bot0] INFO  org.pircbotx.InputParser - :tmi.twitch.tv 421 bennerbot WHO :Unknown command
13:51:07.301 [listenerPool0-thread7] INFO  org.pircbotx.output.OutputRaw - PRIVMSG #cherrytree5 :/color #ff0000
13:51:07.301 [listenerPool0-thread7] INFO  org.pircbotx.output.OutputRaw - PRIVMSG #jdbener :/color #ff0000
13:51:07.387 [botPool0-bot0] INFO  org.pircbotx.InputParser - :jtv!jtv@jtv.tmi.twitch.tv PRIVMSG bennerbot :USERCOLOR bennerbot #FF0000
13:51:07.388 [botPool0-bot0] INFO  org.pircbotx.InputParser - :jtv!jtv@jtv.tmi.twitch.tv PRIVMSG bennerbot :Your color has been changed
13:51:07.860 [botPool0-bot1] INFO  org.pircbotx.InputParser - :bennerbot!BennerBot@ip.bennerbot.chat.hitbox.tv JOIN #jdbener
13:51:08.302 [listenerPool0-thread5] INFO  org.pircbotx.output.OutputRaw - PRIVMSG #cherrytree5 :/color #ff0000
13:51:08.302 [botPool0-bot1] INFO  org.pircbotx.output.OutputRaw - WHO #jdbener
13:51:08.401 [botPool0-bot0] INFO  org.pircbotx.InputParser - :jtv!jtv@jtv.tmi.twitch.tv PRIVMSG bennerbot :USERCOLOR bennerbot #FF0000
13:51:08.403 [botPool0-bot0] INFO  org.pircbotx.InputParser - :jtv!jtv@jtv.tmi.twitch.tv PRIVMSG bennerbot :Your color has been changed
13:51:09.302 [listenerPool0-thread7] INFO  org.pircbotx.output.OutputRaw - TWITCHCLIENT 1
13:51:09.302 [botPool0-bot1] INFO  org.pircbotx.output.OutputRaw - MODE #jdbener
13:51:09.303 [botPool0-bot1] INFO  org.pircbotx.InputParser - :irc.glados.tv 332 bennerbot #jdbener :test
13:51:09.304 [botPool0-bot1] INFO  org.pircbotx.InputParser - :irc.glados.tv 353 bennerbot = #jdbener :%bennerbot
13:51:09.304 [botPool0-bot1] INFO  org.pircbotx.InputParser - :irc.glados.tv 366 bennerbot #jdbener :End of NAMES list
13:51:09.305 [botPool0-bot1] INFO  org.pircbotx.InputParser - :irc.glados.tv 315 bennerbot #jdbener :End of /WHO list.
13:51:10.220 [botPool0-bot1] INFO  org.pircbotx.InputParser - :irc.glados.tv 324 bennerbot #jdbener +
13:51:10.303 [listenerPool0-thread5] INFO  org.pircbotx.output.OutputRaw - PRIVMSG #jdbener :/color #ff0000
13:52:13.034 [botPool0-bot1] INFO  org.pircbotx.InputParser - PING :irc.glados.tv
13:52:13.035 [listenerPool0-thread11] INFO  org.pircbotx.output.OutputRaw - PONG irc.glados.tv
13:53:13.741 [botPool0-bot1] INFO  org.pircbotx.InputParser - PING :irc.glados.tv
13:53:13.742 [listenerPool0-thread15] INFO  org.pircbotx.output.OutputRaw - PONG irc.glados.tv
13:54:16.611 [botPool0-bot1] INFO  org.pircbotx.InputParser - PING :irc.glados.tv
13:54:16.612 [listenerPool0-thread22] INFO  org.pircbotx.output.OutputRaw - PONG irc.glados.tv
13:55:12.001 [botPool0-bot0] INFO  org.pircbotx.InputParser - PING :tmi.twitch.tv
13:55:12.002 [listenerPool0-thread26] INFO  org.pircbotx.output.OutputRaw - PONG tmi.twitch.tv
13:55:17.501 [botPool0-bot1] INFO  org.pircbotx.InputParser - PING :irc.glados.tv
13:55:17.502 [listenerPool0-thread21] INFO  org.pircbotx.output.OutputRaw - PONG irc.glados.tv
13:56:20.022 [botPool0-bot1] INFO  org.pircbotx.InputParser - PING :irc.glados.tv
13:56:20.023 [listenerPool0-thread34] INFO  org.pircbotx.output.OutputRaw - PONG irc.glados.tv
13:57:21.470 [botPool0-bot1] INFO  org.pircbotx.InputParser - PING :irc.glados.tv
13:57:21.472 [listenerPool0-thread38] INFO  org.pircbotx.output.OutputRaw - PONG irc.glados.tv
13:58:23.006 [botPool0-bot1] INFO  org.pircbotx.InputParser - PING :irc.glados.tv
13:58:23.007 [listenerPool0-thread44] INFO  org.pircbotx.output.OutputRaw - PONG irc.glados.tv
13:59:25.449 [botPool0-bot1] INFO  org.pircbotx.InputParser - PING :irc.glados.tv
13:59:25.450 [listenerPool0-thread53] INFO  org.pircbotx.output.OutputRaw - PONG irc.glados.tv
13:59:50.120 [botPool0-bot0] INFO  org.pircbotx.InputParser - PING :tmi.twitch.tv
13:59:50.122 [listenerPool0-thread57] INFO  org.pircbotx.output.OutputRaw - PONG tmi.twitch.tv
14:00:27.117 [botPool0-bot1] INFO  org.pircbotx.InputParser - PING :irc.glados.tv
14:00:27.117 [listenerPool0-thread55] INFO  org.pircbotx.output.OutputRaw - PONG irc.glados.tv
14:01:30.183 [botPool0-bot1] INFO  org.pircbotx.InputParser - PING :irc.glados.tv
14:01:30.184 [listenerPool0-thread68] INFO  org.pircbotx.output.OutputRaw - PONG irc.glados.tv
14:02:30.942 [botPool0-bot1] INFO  org.pircbotx.InputParser - PING :irc.glados.tv
14:02:30.943 [listenerPool0-thread74] INFO  org.pircbotx.output.OutputRaw - PONG irc.glados.tv
14:03:34.559 [botPool0-bot1] INFO  org.pircbotx.InputParser - PING :irc.glados.tv
14:03:34.560 [listenerPool0-thread80] INFO  org.pircbotx.output.OutputRaw - PONG irc.glados.tv
14:03:51.084 [botPool0-bot0] INFO  org.pircbotx.InputParser - PING :tmi.twitch.tv
14:03:51.085 [listenerPool0-thread83] INFO  org.pircbotx.output.OutputRaw - PONG tmi.twitch.tv
14:04:01.204 [bot2-shutdownhook] INFO  org.pircbotx.output.OutputRaw - QUIT :
14:04:01.206 [bot2-shutdownhook] INFO  org.pircbotx.output.OutputRaw - QUIT :
14:04:01.210 [bot2-shutdownhook] WARN  org.pircbotx.Channel - Channel #cherrytree5 mode '' is stale
14:04:01.233 [bot2-shutdownhook] WARN  org.pircbotx.Channel - Channel #cherrytree5 mode '' is stale
14:04:01.236 [bot2-shutdownhook] INFO  org.pircbotx.dcc.DccHandler - Terminating all transfers waiting to be accepted
14:04:01.236 [botPool0-bot1] INFO  org.pircbotx.PircBotX - Shutdown has been called, closing InputParser
14:04:01.236 [bot2-shutdownhook] DEBUG org.pircbotx.PircBotX - Disconnected.
14:04:01.237 [bot2-shutdownhook] DEBUG o.p.h.m.ThreadedListenerManager - Waiting for listener me.jdbener.apis.lastfm.LastfmNowPlaying@269d5b42 to execute event DisconnectEvent(daoSnapshot=org.pircbotx.snapshot.UserChannelDaoSnapshot@682ccea8, disconnectException=null)
14:04:01.238 [bot2-shutdownhook] INFO  org.pircbotx.dcc.DccHandler - Terminating all transfers waiting to be accepted
14:04:01.238 [botPool0-bot1] DEBUG o.p.MultiBotManager$BotFutureCallback - Bot #1 finished
14:04:01.238 [botPool0-bot0] INFO  org.pircbotx.PircBotX - Shutdown has been called, closing InputParser
14:04:01.238 [botPool0-bot0] DEBUG o.p.MultiBotManager$BotFutureCallback - Bot #0 finished
14:04:01.240 [bot2-shutdownhook] DEBUG o.p.h.m.ThreadedListenerManager - Waiting for listener me.jdbener.levels.LevelManager@633c2a46 to execute event DisconnectEvent(daoSnapshot=org.pircbotx.snapshot.UserChannelDaoSnapshot@682ccea8, disconnectException=null)
14:04:01.240 [bot2-shutdownhook] DEBUG o.p.h.m.ThreadedListenerManager - Waiting for listener me.jdbener.utilities.CustomCommandHandeler@687963ac to execute event DisconnectEvent(daoSnapshot=org.pircbotx.snapshot.UserChannelDaoSnapshot@682ccea8, disconnectException=null)
14:04:01.240 [bot2-shutdownhook] DEBUG o.p.h.m.ThreadedListenerManager - Waiting for listener me.jdbener.utilities.JoinLeaveMessages@78d1cbf1 to execute event DisconnectEvent(daoSnapshot=org.pircbotx.snapshot.UserChannelDaoSnapshot@682ccea8, disconnectException=null)
14:04:01.240 [bot2-shutdownhook] DEBUG o.p.h.m.ThreadedListenerManager - Waiting for listener me.jdbener.apis.hitbox.HitboxStatusGameUpdater@1a2639d1 to execute event DisconnectEvent(daoSnapshot=org.pircbotx.snapshot.UserChannelDaoSnapshot@682ccea8, disconnectException=null)
14:04:01.241 [bot2-shutdownhook] DEBUG o.p.h.m.ThreadedListenerManager - Waiting for listener me.jdbener.utilities.Countdown@72f2a45d to execute event DisconnectEvent(daoSnapshot=org.pircbotx.snapshot.UserChannelDaoSnapshot@682ccea8, disconnectException=null)
14:04:01.241 [bot2-shutdownhook] DEBUG o.p.h.m.ThreadedListenerManager - Waiting for listener org.pircbotx.hooks.CoreHooks@25aaa1f to execute event DisconnectEvent(daoSnapshot=org.pircbotx.snapshot.UserChannelDaoSnapshot@682ccea8, disconnectException=null)
14:04:01.241 [bot2-shutdownhook] DEBUG o.p.h.m.ThreadedListenerManager - Waiting for listener me.jdbener.levels.BennerBitManager@4bf58247 to execute event DisconnectEvent(daoSnapshot=org.pircbotx.snapshot.UserChannelDaoSnapshot@682ccea8, disconnectException=null)
14:04:01.241 [bot2-shutdownhook] DEBUG o.p.h.m.ThreadedListenerManager - Waiting for listener me.jdbener.apis.twitch.TwitchStatusGameUpdater@73c622ec to execute event DisconnectEvent(daoSnapshot=org.pircbotx.snapshot.UserChannelDaoSnapshot@682ccea8, disconnectException=null)
14:04:01.241 [bot2-shutdownhook] DEBUG o.p.h.m.ThreadedListenerManager - Waiting for listener me.jdbener.utilities.ChatRelayHandeler@2c761b38 to execute event DisconnectEvent(daoSnapshot=org.pircbotx.snapshot.UserChannelDaoSnapshot@682ccea8, disconnectException=null)
14:04:01.241 [bot2-shutdownhook] DEBUG o.p.h.m.ThreadedListenerManager - Waiting for listener me.jdbener.utilities.Infromation@5674fb70 to execute event DisconnectEvent(daoSnapshot=org.pircbotx.snapshot.UserChannelDaoSnapshot@682ccea8, disconnectException=null)
14:04:01.241 [bot2-shutdownhook] DEBUG o.p.h.m.ThreadedListenerManager - Waiting for listener me.jdbener.Cleaner@7591a41d to execute event DisconnectEvent(daoSnapshot=org.pircbotx.snapshot.UserChannelDaoSnapshot@682ccea8, disconnectException=null)
14:04:01.245 [bot2-shutdownhook] DEBUG org.pircbotx.PircBotX - Disconnected.
14:04:01.245 [bot2-shutdownhook] DEBUG o.p.h.m.ThreadedListenerManager - Waiting for listener me.jdbener.apis.lastfm.LastfmNowPlaying@269d5b42 to execute event DisconnectEvent(daoSnapshot=org.pircbotx.snapshot.UserChannelDaoSnapshot@e3fabd8, disconnectException=null)
14:04:01.245 [bot2-shutdownhook] DEBUG o.p.h.m.ThreadedListenerManager - Waiting for listener me.jdbener.levels.LevelManager@633c2a46 to execute event DisconnectEvent(daoSnapshot=org.pircbotx.snapshot.UserChannelDaoSnapshot@e3fabd8, disconnectException=null)
14:04:01.246 [bot2-shutdownhook] DEBUG o.p.h.m.ThreadedListenerManager - Waiting for listener me.jdbener.utilities.Countdown@72f2a45d to execute event DisconnectEvent(daoSnapshot=org.pircbotx.snapshot.UserChannelDaoSnapshot@e3fabd8, disconnectException=null)
14:04:01.246 [bot2-shutdownhook] DEBUG o.p.h.m.ThreadedListenerManager - Waiting for listener me.jdbener.levels.BennerBitManager@4bf58247 to execute event DisconnectEvent(daoSnapshot=org.pircbotx.snapshot.UserChannelDaoSnapshot@e3fabd8, disconnectException=null)
14:04:01.246 [bot2-shutdownhook] DEBUG o.p.h.m.ThreadedListenerManager - Waiting for listener me.jdbener.utilities.Infromation@5674fb70 to execute event DisconnectEvent(daoSnapshot=org.pircbotx.snapshot.UserChannelDaoSnapshot@e3fabd8, disconnectException=null)
14:04:01.246 [bot2-shutdownhook] DEBUG o.p.h.m.ThreadedListenerManager - Waiting for listener me.jdbener.Cleaner@7591a41d to execute event DisconnectEvent(daoSnapshot=org.pircbotx.snapshot.UserChannelDaoSnapshot@e3fabd8, disconnectException=null)
