21:42:34.015 [main] INFO  me.jdbener.Bennerbot - Begining plugin loading
21:42:34.107 [main] INFO  me.jdbener.Bennerbot - Finished looking for plugins in: plugins
21:42:34.108 [main] INFO  me.jdbener.Bennerbot - Finished looking for plugins in: plugins/BasicCommands
21:42:34.109 [main] INFO  me.jdbener.Bennerbot - Finished looking for plugins in: plugins/dissabled
21:42:34.111 [main] INFO  me.jdbener.Bennerbot - Beggining pluging loading sequence
21:42:34.111 [main] INFO  me.jdbener.Bennerbot - Finished pluging loading sequence
21:42:34.111 [main] INFO  me.jdbener.Bennerbot - Proceading with BennerBot initiation sequence
21:42:35.434 [main] DEBUG org.pircbotx.MultiBotManager - Not started yet, add to queue
21:42:35.434 [main] DEBUG org.pircbotx.MultiBotManager - Not started yet, add to queue
21:42:35.438 [botPool0-bot0] DEBUG org.pircbotx.PircBotX - Trying address irc.twitch.tv/199.9.252.120
21:42:35.442 [botPool0-bot1] DEBUG org.pircbotx.PircBotX - Trying address irc.glados.tv/192.99.100.37
21:42:35.467 [botPool0-bot0] INFO  org.pircbotx.PircBotX - Connected to server.
21:42:35.476 [botPool0-bot0] INFO  org.pircbotx.output.OutputRaw - PASS oauth:hrr2wpqq0knt6sb0spzd3d1mugpdezf
21:42:35.477 [botPool0-bot0] INFO  org.pircbotx.output.OutputRaw - NICK bennerbot
21:42:35.477 [botPool0-bot0] INFO  org.pircbotx.output.OutputRaw - USER BennerBot 8 * :PircBotX 2.0.1, a fork of PircBot, the Java IRC bot - pircbotx.googlecode.com
21:42:35.503 [main] INFO  me.jdbener.Bennerbot - Started Loading the GUI
21:42:35.536 [botPool0-bot0] INFO  org.pircbotx.InputParser - :tmi.twitch.tv 001 bennerbot :Welcome, GLHF!
21:42:35.547 [botPool0-bot0] DEBUG org.pircbotx.InputParser - Logged onto server.
21:42:35.572 [botPool0-bot1] INFO  org.pircbotx.PircBotX - Connected to server.
21:42:35.573 [botPool0-bot1] INFO  org.pircbotx.output.OutputRaw - PASS bennerbot
21:42:35.573 [botPool0-bot1] INFO  org.pircbotx.output.OutputRaw - NICK bennerbot
21:42:35.573 [botPool0-bot1] INFO  org.pircbotx.output.OutputRaw - USER BennerBot 8 * :PircBotX 2.0.1, a fork of PircBot, the Java IRC bot - pircbotx.googlecode.com
21:42:36.395 [botPool0-bot1] INFO  org.pircbotx.InputParser - :irc.glados.tv 001 bennerbot :Welcome to the hitbox-tv IRC Network bennerbot!BennerBot@ip.bennerbot.chat.hitbox.tv (Connection ID: 7a740619-6fa4-4773-a1b9-67571cef11d7)
21:42:36.395 [botPool0-bot1] DEBUG org.pircbotx.InputParser - Logged onto server.
21:42:36.478 [listenerPool0-thread2] INFO  org.pircbotx.output.OutputRaw - PRIVMSG #biogenx2b :/color #ff0000
21:42:36.574 [listenerPool0-thread2] INFO  org.pircbotx.output.OutputRaw - PRIVMSG #jdbener :/color #ff0000
21:42:37.479 [botPool0-bot0] INFO  org.pircbotx.output.OutputRaw - JOIN #biogenx2b 
21:42:37.479 [botPool0-bot0] INFO  org.pircbotx.InputParser - :tmi.twitch.tv 002 bennerbot :Your host is tmi.twitch.tv
21:42:37.480 [botPool0-bot0] INFO  org.pircbotx.InputParser - :tmi.twitch.tv 003 bennerbot :This server is rather new
21:42:37.480 [botPool0-bot0] INFO  org.pircbotx.InputParser - :tmi.twitch.tv 004 bennerbot :-
21:42:37.487 [botPool0-bot0] ERROR org.pircbotx.PircBotX - Exception encountered when parsing line
java.lang.IndexOutOfBoundsException: Index: 1, Size: 1
	at java.util.ArrayList.rangeCheck(Unknown Source) ~[na:1.7.0_45]
	at java.util.ArrayList.get(Unknown Source) ~[na:1.7.0_45]
	at org.pircbotx.ServerInfo.parse004(ServerInfo.java:113) ~[pircbotx-2.0.1.jar:na]
	at org.pircbotx.ServerInfo.parse(ServerInfo.java:106) ~[pircbotx-2.0.1.jar:na]
	at org.pircbotx.InputParser.processServerResponse(InputParser.java:709) ~[pircbotx-2.0.1.jar:na]
	at org.pircbotx.InputParser.handleLine(InputParser.java:323) ~[pircbotx-2.0.1.jar:na]
	at org.pircbotx.PircBotX.startLineProcessing(PircBotX.java:275) [pircbotx-2.0.1.jar:na]
	at org.pircbotx.PircBotX.connect(PircBotX.java:236) [pircbotx-2.0.1.jar:na]
	at org.pircbotx.MultiBotManager$BotRunner.call(MultiBotManager.java:219) [pircbotx-2.0.1.jar:na]
	at org.pircbotx.MultiBotManager$BotRunner.call(MultiBotManager.java:212) [pircbotx-2.0.1.jar:na]
	at java.util.concurrent.FutureTask.run(Unknown Source) [na:1.7.0_45]
	at java.util.concurrent.ThreadPoolExecutor.runWorker(Unknown Source) [na:1.7.0_45]
	at java.util.concurrent.ThreadPoolExecutor$Worker.run(Unknown Source) [na:1.7.0_45]
	at java.lang.Thread.run(Unknown Source) [na:1.7.0_45]
21:42:37.487 [botPool0-bot0] INFO  org.pircbotx.InputParser - :tmi.twitch.tv 375 bennerbot :-
21:42:37.487 [botPool0-bot0] INFO  org.pircbotx.InputParser - :tmi.twitch.tv 372 bennerbot :You are in a maze of twisty passages, all alike.
21:42:37.488 [botPool0-bot0] INFO  org.pircbotx.InputParser - :tmi.twitch.tv 376 bennerbot :>
21:42:37.490 [botPool0-bot0] INFO  org.pircbotx.InputParser - :jtv!jtv@jtv.tmi.twitch.tv PRIVMSG bennerbot :USERCOLOR bennerbot #FF0000
21:42:37.492 [botPool0-bot0] INFO  org.pircbotx.InputParser - :jtv!jtv@jtv.tmi.twitch.tv PRIVMSG bennerbot :Your color has been changed
21:42:37.540 [botPool0-bot0] INFO  org.pircbotx.InputParser - :bennerbot!bennerbot@bennerbot.tmi.twitch.tv JOIN #biogenx2b
21:42:37.575 [botPool0-bot1] INFO  org.pircbotx.output.OutputRaw - JOIN #jdbener 
21:42:37.576 [botPool0-bot1] INFO  org.pircbotx.InputParser - :irc.glados.tv 002 bennerbot :Your host is irc.glados.tv, running version IrcD.Net, Version=0.3.5351.28745, Culture=neutral, PublicKeyToken=null
21:42:37.576 [botPool0-bot1] INFO  org.pircbotx.InputParser - :irc.glados.tv 003 bennerbot :This server was created 11/13/2014 6:08:51 AM
21:42:37.577 [botPool0-bot1] INFO  org.pircbotx.InputParser - :irc.glados.tv 004 bennerbot :irc.glados.tv ircD.Net.0.3.5351.28745 Oiorwx ahovITbceiklmnpst
21:42:37.577 [botPool0-bot1] ERROR org.pircbotx.PircBotX - Exception encountered when parsing line
java.lang.IndexOutOfBoundsException: Index: 1, Size: 1
	at java.util.ArrayList.rangeCheck(Unknown Source) ~[na:1.7.0_45]
	at java.util.ArrayList.get(Unknown Source) ~[na:1.7.0_45]
	at org.pircbotx.ServerInfo.parse004(ServerInfo.java:113) ~[pircbotx-2.0.1.jar:na]
	at org.pircbotx.ServerInfo.parse(ServerInfo.java:106) ~[pircbotx-2.0.1.jar:na]
	at org.pircbotx.InputParser.processServerResponse(InputParser.java:709) ~[pircbotx-2.0.1.jar:na]
	at org.pircbotx.InputParser.handleLine(InputParser.java:323) ~[pircbotx-2.0.1.jar:na]
	at org.pircbotx.PircBotX.startLineProcessing(PircBotX.java:275) [pircbotx-2.0.1.jar:na]
	at org.pircbotx.PircBotX.connect(PircBotX.java:236) [pircbotx-2.0.1.jar:na]
	at org.pircbotx.MultiBotManager$BotRunner.call(MultiBotManager.java:219) [pircbotx-2.0.1.jar:na]
	at org.pircbotx.MultiBotManager$BotRunner.call(MultiBotManager.java:212) [pircbotx-2.0.1.jar:na]
	at java.util.concurrent.FutureTask.run(Unknown Source) [na:1.7.0_45]
	at java.util.concurrent.ThreadPoolExecutor.runWorker(Unknown Source) [na:1.7.0_45]
	at java.util.concurrent.ThreadPoolExecutor$Worker.run(Unknown Source) [na:1.7.0_45]
	at java.lang.Thread.run(Unknown Source) [na:1.7.0_45]
21:42:37.578 [botPool0-bot1] INFO  org.pircbotx.InputParser - :irc.glados.tv 005 bennerbot STD=draft03 PREFIX=(aohv)&@%+ CHANMODES=Ibe,k,l,Tcimnpst CHANTYPES=# CHANLIMIT=#:10 INEVEX=I EXCEPTS=e NETWORK=hitbox-tv CASEMAPPING=ascii CHANNELLEN=40 NICKLEN=32 MAXNICKLEN=32 TOPICLEN=300 KICKLEN=300 AWAYLEN=300 KNOCK LANGUAGE=5,af,sq,am,ar,hy,az,eu,be,bn,bh,bg,my,ca,chr,zh,zh-CN,zh-TW,hr,cs,da,dv,nl,en,eo,et,tl,fi,fr,gl,ka,de,el,gn,gu,iw,hi,hu,is,id,iu,it,ja,kn,kk,km,ko,ku,ky,lo,lv,lt,mk,ms,ml,mt,mr,mn,ne,no,or,ps,fa,pl,pt-PT,pa,ro,ru,sa,sr,sd :are supported by this server
21:42:37.578 [botPool0-bot1] INFO  org.pircbotx.InputParser - :irc.glados.tv 005 bennerbot LANGUAGE=5,si,sk,sl,es,sw,sv,tg,ta,te,th,bo,tr,uk,ur,uz,ug,vi SILENCE=25 RFC2812 :are supported by this server
21:42:37.579 [botPool0-bot1] INFO  org.pircbotx.InputParser - :irc.glados.tv 375 bennerbot :- irc.glados.tv Message of the day -
21:42:37.580 [botPool0-bot1] INFO  org.pircbotx.InputParser - :irc.glados.tv 372 bennerbot :-   +MMMMMMMMMMMMmdho+oddmNMMMMMMMMMMMMM $$\   $$\ $$\   $$\     $$\                                 $$$$$$\ $$$$$$$\   $$$$$$\  
21:42:37.580 [botPool0-bot1] INFO  org.pircbotx.InputParser - :irc.glados.tv 372 bennerbot :-   +MMMMMMMMNdoo/::-:///+osymNMMMMMMMMM $$ |  $$ |\__|  $$ |    $$ |                                \_$$  _|$$  __$$\ $$  __$$\ 
21:42:37.581 [botPool0-bot1] INFO  org.pircbotx.InputParser - :irc.glados.tv 372 bennerbot :-   +MMMMMMMMh::-----:////////dMMMMMMMMM $$ |  $$ |$$\ $$$$$$\   $$$$$$$\   $$$$$$\  $$\   $$\         $$ |  $$ |  $$ |$$ /  \__|
21:42:37.582 [botPool0-bot1] INFO  org.pircbotx.InputParser - :irc.glados.tv 372 bennerbot :-   +MMMMMMMMh:::----:////////dMMMMMMMMM $$$$$$$$ |$$ |\_$$  _|  $$  __$$\ $$  __$$\ \$$\ $$  |        $$ |  $$$$$$$  |$$ |     
21:42:37.582 [botPool0-bot1] INFO  org.pircbotx.InputParser - :irc.glados.tv 372 bennerbot :-   +MMMMMMMMh:::----:////////dMMMMMMMMM $$  __$$ |$$ |  $$ |    $$ |  $$ |$$ /  $$ | \$$$$  /         $$ |  $$  __$$< $$ |      
21:42:37.584 [botPool0-bot1] INFO  org.pircbotx.InputParser - :irc.glados.tv 372 bennerbot :-   +MMMMMMMMh::::---:////////dMMMMMMMMM $$ |  $$ |$$ |  $$ |$$\ $$ |  $$ |$$ |  $$ | $$  $$<          $$ |  $$ |  $$ |$$ |  $$\ 
21:42:37.585 [botPool0-bot1] INFO  org.pircbotx.InputParser - :irc.glados.tv 372 bennerbot :-   +MMMMMMMMh:::://++oo++++/+dMMMMMMMMM $$ |  $$ |$$ |  \$$$$  |$$$$$$$  |\$$$$$$  |$$  /\$$\       $$$$$$\ $$ |  $$ |\$$$$$$  |
21:42:37.586 [botPool0-bot1] INFO  org.pircbotx.InputParser - :irc.glados.tv 372 bennerbot :-   +MMMMMMMMmhmmdddddddddmmmmNMMMMMMMMM \__|  \__|\__|   \____/ \_______/  \______/ \__/  \__|      \______|\__|  \__| \______/ 
21:42:37.587 [botPool0-bot1] INFO  org.pircbotx.InputParser - :irc.glados.tv 372 bennerbot :-   +NyssssMyo+///:::::/+++oosyhMyyyhhMM
21:42:37.587 [botPool0-bot1] INFO  org.pircbotx.InputParser - :irc.glados.tv 372 bennerbot :-   +N:::::Mo::::::::::////++++yM+++ooNM $$$$$$$\            $$\                                                                 
21:42:37.588 [botPool0-bot1] INFO  org.pircbotx.InputParser - :irc.glados.tv 372 bennerbot :-   +N:::::Mo::::::::::///+++++yM++oooNM $$$$$$$\            $$\                           
21:42:37.589 [botPool0-bot1] INFO  org.pircbotx.InputParser - :irc.glados.tv 372 bennerbot :-   +N:::::Mo:::::::::://++++++yM+ooooNM $$  __$$\           $$ |                         
21:42:37.589 [botPool0-bot1] INFO  org.pircbotx.InputParser - :irc.glados.tv 372 bennerbot :-   +N:::::Mo:::::::::://++++++yMoooooNM $$ |  $$ | $$$$$$\  $$ | $$$$$$\  $$\   $$\          
21:42:37.590 [botPool0-bot1] INFO  org.pircbotx.InputParser - :irc.glados.tv 372 bennerbot :-   +N:::::Mo::::::::://+++++++yMoooooNM $$$$$$$  |$$  __$$\ $$ | \____$$\ $$ |  $$ |        
21:42:37.591 [botPool0-bot1] INFO  org.pircbotx.InputParser - :irc.glados.tv 372 bennerbot :-   +N/::::Mo:::::::::/++++++++yMoosyhMM $$  __$$< $$$$$$$$ |$$ | $$$$$$$ |$$ |  $$ |      
21:42:37.591 [botPool0-bot1] INFO  org.pircbotx.InputParser - :irc.glados.tv 372 bennerbot :-   +Mho//:Mo:::::::::/+++++++oyMhdNMMMM $$ |  $$ |$$   ____|$$ |$$  __$$ |$$ |  $$ |       
21:42:37.592 [botPool0-bot1] INFO  org.pircbotx.InputParser - :irc.glados.tv 372 bennerbot :-   +MMMMNhMy+/:::::::/++++oshmNMMMMMMMM $$ |  $$ |\$$$$$$$\ $$ |\$$$$$$$ |\$$$$$$$ |       
21:42:37.592 [botPool0-bot1] INFO  org.pircbotx.InputParser - :irc.glados.tv 372 bennerbot :-   +MMMMMMMhyddhs+/::/+oydmmhyhMMMMMMMM \__|  \__| \_______|\__| \_______| \____$$ |             -Community Driven
21:42:37.593 [botPool0-bot1] INFO  org.pircbotx.InputParser - :irc.glados.tv 372 bennerbot :-   +MMMMMMMo::/+shhhhddmdyo+ooyMMMMMMMM                                   $$\   $$ |      
21:42:37.593 [botPool0-bot1] INFO  org.pircbotx.InputParser - :irc.glados.tv 372 bennerbot :-   +MMMMMMMo:::::::/dNd+++++ooyMMMMMMMM                                   \$$$$$$  |  
21:42:37.594 [botPool0-bot1] INFO  org.pircbotx.InputParser - :irc.glados.tv 372 bennerbot :-   +MMMMMMMs::::::::hNh++++oooyMMMMMMMM                                    \______/  
21:42:37.594 [botPool0-bot1] INFO  org.pircbotx.InputParser - :irc.glados.tv 372 bennerbot :-   +MMMMMMMNdso//:::hNh++oosydNMMMMMMMM
21:42:37.595 [botPool0-bot1] INFO  org.pircbotx.InputParser - :irc.glados.tv 372 bennerbot :-   +MMMMMMMMMMMmdyo/dNh+shmNMMMMMMMMMMM
21:42:37.595 [botPool0-bot1] INFO  org.pircbotx.InputParser - :irc.glados.tv 372 bennerbot :-   +MMMMMMMMMMMMMMMNMMMNMMMMMMMMMMMMMMM
21:42:37.596 [botPool0-bot1] INFO  org.pircbotx.InputParser - :irc.glados.tv 372 bennerbot :-   
21:42:37.596 [botPool0-bot1] INFO  org.pircbotx.InputParser - :irc.glados.tv 372 bennerbot :-   Join #help for problems/assistance. To join channels, use the lowercase version of the channel name (ex. Danbopes => #danbopes)
21:42:37.597 [botPool0-bot1] INFO  org.pircbotx.InputParser - :irc.glados.tv 372 bennerbot :-   
21:42:37.597 [botPool0-bot1] INFO  org.pircbotx.InputParser - :irc.glados.tv 376 bennerbot :End of MOTD command
21:42:37.599 [botPool0-bot1] INFO  org.pircbotx.InputParser - :irc.glados.tv 251 bennerbot :There are 128 users and 0 services on 1 servers
21:42:37.599 [botPool0-bot1] INFO  org.pircbotx.InputParser - :irc.glados.tv 252 bennerbot 0 :operator(s) online
21:42:37.600 [botPool0-bot1] INFO  org.pircbotx.InputParser - :irc.glados.tv 253 bennerbot 5 :unknown connection(s)
21:42:37.601 [botPool0-bot1] INFO  org.pircbotx.InputParser - :irc.glados.tv 254 bennerbot 1 :channels formed
21:42:37.601 [botPool0-bot1] INFO  org.pircbotx.InputParser - :irc.glados.tv 255 bennerbot :I have 128 clients and 1 servers
21:42:37.602 [botPool0-bot1] INFO  org.pircbotx.InputParser - :irc.glados.tv 404 bennerbot #jdbener :Cannot send to channel
21:42:38.480 [listenerPool0-thread7] INFO  org.pircbotx.output.OutputRaw - PRIVMSG #biogenx2b :/color #ff0000
21:42:38.576 [listenerPool0-thread7] INFO  org.pircbotx.output.OutputRaw - PRIVMSG #jdbener :/color #ff0000
21:42:39.481 [botPool0-bot0] INFO  org.pircbotx.output.OutputRaw - WHO #biogenx2b
21:42:40.169 [botPool0-bot1] INFO  org.pircbotx.InputParser - :bennerbot!BennerBot@ip.bennerbot.chat.hitbox.tv JOIN #jdbener
21:42:40.169 [botPool0-bot1] INFO  org.pircbotx.output.OutputRaw - WHO #jdbener
21:42:40.482 [botPool0-bot0] INFO  org.pircbotx.output.OutputRaw - MODE #biogenx2b
21:42:40.485 [botPool0-bot0] INFO  org.pircbotx.InputParser - :jtv!jtv@jtv.tmi.twitch.tv PRIVMSG bennerbot :USERCOLOR bennerbot #FF0000
21:42:40.486 [botPool0-bot0] INFO  org.pircbotx.InputParser - :jtv!jtv@jtv.tmi.twitch.tv PRIVMSG bennerbot :HISTORYEND biogenx2b
21:42:40.487 [botPool0-bot0] INFO  org.pircbotx.InputParser - :bennerbot.tmi.twitch.tv 353 bennerbot = #biogenx2b :bennerbot
21:42:40.487 [botPool0-bot0] INFO  org.pircbotx.InputParser - :bennerbot.tmi.twitch.tv 366 bennerbot #biogenx2b :End of /NAMES list
21:42:40.488 [botPool0-bot0] INFO  org.pircbotx.InputParser - :jtv!jtv@jtv.tmi.twitch.tv PRIVMSG bennerbot :USERCOLOR bennerbot #FF0000
21:42:40.488 [botPool0-bot0] INFO  org.pircbotx.InputParser - :jtv!jtv@jtv.tmi.twitch.tv PRIVMSG bennerbot :Your color has been changed
21:42:40.489 [botPool0-bot0] INFO  org.pircbotx.InputParser - :tmi.twitch.tv 421 bennerbot WHO :Unknown command
21:42:41.170 [botPool0-bot1] INFO  org.pircbotx.output.OutputRaw - MODE #jdbener
21:42:41.170 [botPool0-bot1] INFO  org.pircbotx.InputParser - :irc.glados.tv 332 bennerbot #jdbener :test
21:42:41.171 [botPool0-bot1] INFO  org.pircbotx.InputParser - :irc.glados.tv 353 bennerbot = #jdbener :%bennerbot
21:42:41.171 [botPool0-bot1] INFO  org.pircbotx.InputParser - :irc.glados.tv 366 bennerbot #jdbener :End of NAMES list
21:42:41.171 [botPool0-bot1] INFO  org.pircbotx.InputParser - :irc.glados.tv 315 bennerbot #jdbener :End of /WHO list.
21:42:41.300 [botPool0-bot1] INFO  org.pircbotx.InputParser - :irc.glados.tv 324 bennerbot #jdbener +
21:42:42.942 [botPool0-bot0] INFO  org.pircbotx.InputParser - :jdbener!jdbener@jdbener.tmi.twitch.tv PRIVMSG #biogenx2b :yep
21:42:42.943 [listenerPool0-thread1] INFO  org.pircbotx.output.OutputRaw - PRIVMSG #jdbener :Jdbener: yep
21:42:50.591 [botPool0-bot0] INFO  org.pircbotx.InputParser - :jdbener!jdbener@jdbener.tmi.twitch.tv PRIVMSG #biogenx2b :he is my never ending project
21:42:50.592 [listenerPool0-thread5] INFO  org.pircbotx.output.OutputRaw - PRIVMSG #jdbener :Jdbener: he is my never ending project
21:43:00.596 [botPool0-bot0] INFO  org.pircbotx.InputParser - :jdbener!jdbener@jdbener.tmi.twitch.tv PRIVMSG #biogenx2b :look what i got done today!
21:43:00.597 [listenerPool0-thread4] INFO  org.pircbotx.output.OutputRaw - PRIVMSG #jdbener :Jdbener: look what i got done today!
21:43:14.972 [botPool0-bot0] INFO  org.pircbotx.InputParser - :jdbener!jdbener@jdbener.tmi.twitch.tv PRIVMSG #biogenx2b :!countdown 20 1 Hi Mindy!
21:43:14.972 [listenerPool0-thread1] INFO  org.pircbotx.output.OutputRaw - PRIVMSG #jdbener :Jdbener: !countdown 20 1 Hi Mindy!
21:43:14.975 [pool-6-thread-1] INFO  org.pircbotx.output.OutputRaw - PRIVMSG #biogenx2b : Hi Mindy!, 20...
21:43:15.973 [pool-6-thread-1] INFO  org.pircbotx.output.OutputRaw - PRIVMSG #jdbener : Hi Mindy!, 20...
21:43:16.983 [pool-6-thread-1] INFO  org.pircbotx.output.OutputRaw - PRIVMSG #biogenx2b : Hi Mindy!, 19...
21:43:16.983 [pool-6-thread-1] INFO  org.pircbotx.output.OutputRaw - PRIVMSG #jdbener : Hi Mindy!, 19...
21:43:18.014 [pool-6-thread-1] INFO  org.pircbotx.output.OutputRaw - PRIVMSG #biogenx2b : Hi Mindy!, 18...
21:43:18.014 [pool-6-thread-1] INFO  org.pircbotx.output.OutputRaw - PRIVMSG #jdbener : Hi Mindy!, 18...
21:43:18.059 [botPool0-bot0] INFO  org.pircbotx.InputParser - :jtv!jtv@jtv.tmi.twitch.tv PRIVMSG bennerbot :Your message was not sent because you are sending messages too quickly.
21:43:19.024 [pool-6-thread-1] INFO  org.pircbotx.output.OutputRaw - PRIVMSG #biogenx2b : Hi Mindy!, 17...
21:43:19.024 [pool-6-thread-1] INFO  org.pircbotx.output.OutputRaw - PRIVMSG #jdbener : Hi Mindy!, 17...
21:43:20.033 [pool-6-thread-1] INFO  org.pircbotx.output.OutputRaw - PRIVMSG #biogenx2b : Hi Mindy!, 16...
21:43:20.033 [pool-6-thread-1] INFO  org.pircbotx.output.OutputRaw - PRIVMSG #jdbener : Hi Mindy!, 16...
21:43:20.078 [botPool0-bot0] INFO  org.pircbotx.InputParser - :jtv!jtv@jtv.tmi.twitch.tv PRIVMSG bennerbot :Your message was not sent because you are sending messages too quickly.
21:43:21.042 [pool-6-thread-1] INFO  org.pircbotx.output.OutputRaw - PRIVMSG #biogenx2b : Hi Mindy!, 15...
21:43:21.042 [pool-6-thread-1] INFO  org.pircbotx.output.OutputRaw - PRIVMSG #jdbener : Hi Mindy!, 15...
21:43:22.057 [pool-6-thread-1] INFO  org.pircbotx.output.OutputRaw - PRIVMSG #biogenx2b : Hi Mindy!, 14...
21:43:22.057 [pool-6-thread-1] INFO  org.pircbotx.output.OutputRaw - PRIVMSG #jdbener : Hi Mindy!, 14...
21:43:22.103 [botPool0-bot0] INFO  org.pircbotx.InputParser - :jtv!jtv@jtv.tmi.twitch.tv PRIVMSG bennerbot :Your message was not sent because you are sending messages too quickly.
21:43:23.066 [pool-6-thread-1] INFO  org.pircbotx.output.OutputRaw - PRIVMSG #biogenx2b : Hi Mindy!, 13...
21:43:23.066 [pool-6-thread-1] INFO  org.pircbotx.output.OutputRaw - PRIVMSG #jdbener : Hi Mindy!, 13...
21:43:24.075 [pool-6-thread-1] INFO  org.pircbotx.output.OutputRaw - PRIVMSG #biogenx2b : Hi Mindy!, 12...
21:43:24.075 [pool-6-thread-1] INFO  org.pircbotx.output.OutputRaw - PRIVMSG #jdbener : Hi Mindy!, 12...
21:43:24.128 [botPool0-bot0] INFO  org.pircbotx.InputParser - :jtv!jtv@jtv.tmi.twitch.tv PRIVMSG bennerbot :Your message was not sent because you are sending messages too quickly.
21:43:25.084 [pool-6-thread-1] INFO  org.pircbotx.output.OutputRaw - PRIVMSG #biogenx2b : Hi Mindy!, 11...
21:43:25.084 [pool-6-thread-1] INFO  org.pircbotx.output.OutputRaw - PRIVMSG #jdbener : Hi Mindy!, 11...
21:43:26.095 [pool-6-thread-1] INFO  org.pircbotx.output.OutputRaw - PRIVMSG #biogenx2b : Hi Mindy!, 10...
21:43:26.095 [pool-6-thread-1] INFO  org.pircbotx.output.OutputRaw - PRIVMSG #jdbener : Hi Mindy!, 10...
21:43:26.142 [botPool0-bot0] INFO  org.pircbotx.InputParser - :jtv!jtv@jtv.tmi.twitch.tv PRIVMSG bennerbot :Your message was not sent because you are sending messages too quickly.
21:43:27.104 [pool-6-thread-1] INFO  org.pircbotx.output.OutputRaw - PRIVMSG #biogenx2b : Hi Mindy!, 9...
21:43:27.104 [pool-6-thread-1] INFO  org.pircbotx.output.OutputRaw - PRIVMSG #jdbener : Hi Mindy!, 9...
21:43:28.113 [pool-6-thread-1] INFO  org.pircbotx.output.OutputRaw - PRIVMSG #biogenx2b : Hi Mindy!, 8...
21:43:28.113 [pool-6-thread-1] INFO  org.pircbotx.output.OutputRaw - PRIVMSG #jdbener : Hi Mindy!, 8...
21:43:28.159 [botPool0-bot0] INFO  org.pircbotx.InputParser - :jtv!jtv@jtv.tmi.twitch.tv PRIVMSG bennerbot :Your message was not sent because you are sending messages too quickly.
21:43:29.122 [pool-6-thread-1] INFO  org.pircbotx.output.OutputRaw - PRIVMSG #biogenx2b : Hi Mindy!, 7...
21:43:29.122 [pool-6-thread-1] INFO  org.pircbotx.output.OutputRaw - PRIVMSG #jdbener : Hi Mindy!, 7...
21:43:30.131 [pool-6-thread-1] INFO  org.pircbotx.output.OutputRaw - PRIVMSG #biogenx2b : Hi Mindy!, 6...
21:43:30.131 [pool-6-thread-1] INFO  org.pircbotx.output.OutputRaw - PRIVMSG #jdbener : Hi Mindy!, 6...
21:43:30.175 [botPool0-bot0] INFO  org.pircbotx.InputParser - :jtv!jtv@jtv.tmi.twitch.tv PRIVMSG bennerbot :Your message was not sent because you are sending messages too quickly.
21:43:31.140 [pool-6-thread-1] INFO  org.pircbotx.output.OutputRaw - PRIVMSG #biogenx2b : Hi Mindy!, 5...
21:43:31.140 [pool-6-thread-1] INFO  org.pircbotx.output.OutputRaw - PRIVMSG #jdbener : Hi Mindy!, 5...
21:43:32.148 [pool-6-thread-1] INFO  org.pircbotx.output.OutputRaw - PRIVMSG #biogenx2b : Hi Mindy!, 4...
21:43:32.148 [pool-6-thread-1] INFO  org.pircbotx.output.OutputRaw - PRIVMSG #jdbener : Hi Mindy!, 4...
21:43:32.199 [botPool0-bot0] INFO  org.pircbotx.InputParser - :jtv!jtv@jtv.tmi.twitch.tv PRIVMSG bennerbot :Your message was not sent because you are sending messages too quickly.
21:43:33.158 [pool-6-thread-1] INFO  org.pircbotx.output.OutputRaw - PRIVMSG #biogenx2b : Hi Mindy!, 3...
21:43:33.158 [pool-6-thread-1] INFO  org.pircbotx.output.OutputRaw - PRIVMSG #jdbener : Hi Mindy!, 3...
21:43:34.167 [pool-6-thread-1] INFO  org.pircbotx.output.OutputRaw - PRIVMSG #biogenx2b : Hi Mindy!, 2...
21:43:34.167 [pool-6-thread-1] INFO  org.pircbotx.output.OutputRaw - PRIVMSG #jdbener : Hi Mindy!, 2...
21:43:34.215 [botPool0-bot0] INFO  org.pircbotx.InputParser - :jtv!jtv@jtv.tmi.twitch.tv PRIVMSG bennerbot :Your message was not sent because you are sending messages too quickly.
21:43:35.179 [pool-6-thread-1] INFO  org.pircbotx.output.OutputRaw - PRIVMSG #biogenx2b : Hi Mindy!, 1...
21:43:35.179 [pool-6-thread-1] INFO  org.pircbotx.output.OutputRaw - PRIVMSG #jdbener : Hi Mindy!, 1...
21:43:36.193 [pool-6-thread-1] INFO  org.pircbotx.output.OutputRaw - PRIVMSG #biogenx2b :DONE!
21:43:36.193 [pool-6-thread-1] INFO  org.pircbotx.output.OutputRaw - PRIVMSG #jdbener :DONE!
21:43:36.237 [botPool0-bot0] INFO  org.pircbotx.InputParser - :jtv!jtv@jtv.tmi.twitch.tv PRIVMSG bennerbot :Your message was not sent because you are sending messages too quickly.
21:43:46.744 [botPool0-bot0] INFO  org.pircbotx.InputParser - :jdbener!jdbener@jdbener.tmi.twitch.tv PRIVMSG #biogenx2b :!countdown 20 5 Hi Mindy!
21:43:46.745 [listenerPool0-thread5] INFO  org.pircbotx.output.OutputRaw - PRIVMSG #jdbener :Jdbener: !countdown 20 5 Hi Mindy!
21:43:46.745 [pool-7-thread-1] INFO  org.pircbotx.output.OutputRaw - PRIVMSG #biogenx2b : Hi Mindy!, 20...
21:43:47.746 [pool-7-thread-1] INFO  org.pircbotx.output.OutputRaw - PRIVMSG #jdbener : Hi Mindy!, 20...
21:43:52.759 [pool-7-thread-1] INFO  org.pircbotx.output.OutputRaw - PRIVMSG #biogenx2b : Hi Mindy!, 15...
21:43:52.759 [pool-7-thread-1] INFO  org.pircbotx.output.OutputRaw - PRIVMSG #jdbener : Hi Mindy!, 15...
21:43:57.769 [pool-7-thread-1] INFO  org.pircbotx.output.OutputRaw - PRIVMSG #biogenx2b : Hi Mindy!, 10...
21:43:57.769 [pool-7-thread-1] INFO  org.pircbotx.output.OutputRaw - PRIVMSG #jdbener : Hi Mindy!, 10...
21:44:02.778 [pool-7-thread-1] INFO  org.pircbotx.output.OutputRaw - PRIVMSG #biogenx2b : Hi Mindy!, 5...
21:44:02.778 [pool-7-thread-1] INFO  org.pircbotx.output.OutputRaw - PRIVMSG #jdbener : Hi Mindy!, 5...
21:44:07.791 [pool-7-thread-1] INFO  org.pircbotx.output.OutputRaw - PRIVMSG #biogenx2b :DONE!
21:44:07.791 [pool-7-thread-1] INFO  org.pircbotx.output.OutputRaw - PRIVMSG #jdbener :DONE!
21:44:16.131 [botPool0-bot0] INFO  org.pircbotx.InputParser - :jdbener!jdbener@jdbener.tmi.twitch.tv PRIVMSG #biogenx2b :its impressive :D
21:44:16.132 [listenerPool0-thread4] INFO  org.pircbotx.output.OutputRaw - PRIVMSG #jdbener :Jdbener: its impressive :D
21:44:41.854 [botPool0-bot0] INFO  org.pircbotx.InputParser - :jdbener!jdbener@jdbener.tmi.twitch.tv PRIVMSG #biogenx2b :!usesvariable
0
21:44:41.855 [listenerPool0-thread1] INFO  org.pircbotx.output.OutputRaw - PRIVMSG #jdbener :Jdbener: !usesvariable
21:44:41.857 [listenerPool0-thread4] INFO  org.pircbotx.output.OutputRaw - PRIVMSG #biogenx2b :var
21:44:47.333 [botPool0-bot0] INFO  org.pircbotx.InputParser - :jdbener!jdbener@jdbener.tmi.twitch.tv PRIVMSG #biogenx2b :!switch usesvariable
2
1
21:44:47.334 [listenerPool0-thread1] INFO  org.pircbotx.output.OutputRaw - PRIVMSG #biogenx2b :Command: "usesvariable" has successfully been updated to entry #1
21:44:47.334 [listenerPool0-thread1] INFO  org.pircbotx.output.OutputRaw - PRIVMSG #jdbener :Command: "usesvariable" has successfully been updated to entry #1
<thisisvariable>~ya bitch:1
21:44:48.335 [listenerPool0-thread5] INFO  org.pircbotx.output.OutputRaw - PRIVMSG #jdbener :Jdbener: !switch usesvariable
21:44:49.826 [botPool0-bot0] INFO  org.pircbotx.InputParser - :jdbener!jdbener@jdbener.tmi.twitch.tv PRIVMSG #biogenx2b :!usesvariable
21:44:49.827 [listenerPool0-thread4] INFO  org.pircbotx.output.OutputRaw - PRIVMSG #jdbener :Jdbener: !usesvariable
0
21:44:49.827 [listenerPool0-thread1] INFO  org.pircbotx.output.OutputRaw - PRIVMSG #biogenx2b :var
21:45:50.656 [botPool0-bot1] INFO  org.pircbotx.InputParser - PING :irc.glados.tv
21:45:50.657 [listenerPool0-thread13] INFO  org.pircbotx.output.OutputRaw - PONG irc.glados.tv
21:45:54.037 [botPool0-bot0] INFO  org.pircbotx.InputParser - :mindy29!mindy29@mindy29.tmi.twitch.tv PRIVMSG #biogenx2b :Dear lord. That's a lot of hi's.
21:45:54.041 [listenerPool0-thread16] INFO  org.pircbotx.output.OutputRaw - PRIVMSG #jdbener :Mindy29: Dear lord. That's a lot of hi's.
21:45:54.133 [botPool0-bot0] INFO  org.pircbotx.InputParser - :moobot!moobot@moobot.tmi.twitch.tv PRIVMSG #biogenx2b :+ Save BIG on Warlords of Draenor: http://www.g2a.com/r/wod40 •• The Sims Medieval: http://www.g2a.com/r/thesimsmedieval •• Dragon Age: Inqusition http://www.g2a.com/r/da3discount •• AND MUCH MORE at the G2A store! Use !gs for more info.
21:45:55.043 [listenerPool0-thread19] INFO  org.pircbotx.output.OutputRaw - PRIVMSG #jdbener :Moobot: + Save BIG on Warlords of Draenor: http://www.g2a.com/r/wod40 •• The Sims Medieval: http://www.g2a.com/r/thesimsmedieval •• Dragon Age: Inqusition http://www.g2a.com/r/da3discount •• AND MUCH MORE at the G2A store! Use !gs for more info.
21:45:55.666 [botPool0-bot1] INFO  org.pircbotx.InputParser - :bennerbot!bennerbot@ip.bennerbot.chat.hitbox.tv PRIVMSG #jdbener :Moobot: + Save BIG on Warlords of Draenor: http://www.g2a.com/r/wod40 •• The Sims Medieval: http://www.g2a.com/r/thesimsmedieval •• Dragon Age: Inqusition http://www.g2a.com/r/da3discount •• AND MUCH MORE at the G2A store! Use !gs for more info.
21:46:15.447 [botPool0-bot0] INFO  org.pircbotx.InputParser - :jdbener!jdbener@jdbener.tmi.twitch.tv PRIVMSG #biogenx2b :!switch usesvariable 1
21:46:15.447 [listenerPool0-thread11] INFO  org.pircbotx.output.OutputRaw - PRIVMSG #jdbener :Jdbener: !switch usesvariable 1
3
21:46:15.448 [listenerPool0-thread12] INFO  org.pircbotx.output.OutputRaw - PRIVMSG #biogenx2b :Command: "usesvariable" has successfully been updated to entry #1
21:46:16.448 [listenerPool0-thread12] INFO  org.pircbotx.output.OutputRaw - PRIVMSG #jdbener :Command: "usesvariable" has successfully been updated to entry #1
21:46:20.015 [botPool0-bot0] INFO  org.pircbotx.InputParser - :jdbener!jdbener@jdbener.tmi.twitch.tv PRIVMSG #biogenx2b :!switch usesvariable 2
21:46:20.015 [listenerPool0-thread16] INFO  org.pircbotx.output.OutputRaw - PRIVMSG #jdbener :Jdbener: !switch usesvariable 2
3
21:46:20.016 [listenerPool0-thread13] INFO  org.pircbotx.output.OutputRaw - PRIVMSG #biogenx2b :Command: "usesvariable" has successfully been updated to entry #1
21:46:20.072 [botPool0-bot0] INFO  org.pircbotx.InputParser - :jtv!jtv@jtv.tmi.twitch.tv PRIVMSG bennerbot :Your message was not sent because it is identical to the previous one you sent, less than 30 seconds ago.
21:46:21.016 [listenerPool0-thread13] INFO  org.pircbotx.output.OutputRaw - PRIVMSG #jdbener :Command: "usesvariable" has successfully been updated to entry #1
21:46:25.178 [botPool0-bot0] INFO  org.pircbotx.InputParser - :jdbener!jdbener@jdbener.tmi.twitch.tv PRIVMSG #biogenx2b :!switch usesvariable 0
21:46:25.179 [listenerPool0-thread15] INFO  org.pircbotx.output.OutputRaw - PRIVMSG #jdbener :Jdbener: !switch usesvariable 0
3
21:46:25.180 [listenerPool0-thread18] INFO  org.pircbotx.output.OutputRaw - PRIVMSG #biogenx2b :Command: "usesvariable" has successfully been updated to entry #0
21:46:26.180 [listenerPool0-thread18] INFO  org.pircbotx.output.OutputRaw - PRIVMSG #jdbener :Command: "usesvariable" has successfully been updated to entry #0
21:46:33.758 [botPool0-bot0] INFO  org.pircbotx.InputParser - :jdbener!jdbener@jdbener.tmi.twitch.tv PRIVMSG #biogenx2b :!usesvariable
21:46:33.759 [listenerPool0-thread20] INFO  org.pircbotx.output.OutputRaw - PRIVMSG #jdbener :Jdbener: !usesvariable
0
21:46:33.760 [listenerPool0-thread19] INFO  org.pircbotx.output.OutputRaw - PRIVMSG #biogenx2b :var
21:46:45.285 [botPool0-bot0] INFO  org.pircbotx.InputParser - :jdbener!jdbener@jdbener.tmi.twitch.tv PRIVMSG #biogenx2b :!switch usesvariable
21:46:45.285 [listenerPool0-thread16] INFO  org.pircbotx.output.OutputRaw - PRIVMSG #jdbener :Jdbener: !switch usesvariable
2
1
21:46:45.286 [listenerPool0-thread12] INFO  org.pircbotx.output.OutputRaw - PRIVMSG #biogenx2b :Command: "usesvariable" has successfully been updated to entry #1
21:46:46.286 [listenerPool0-thread12] INFO  org.pircbotx.output.OutputRaw - PRIVMSG #jdbener :Command: "usesvariable" has successfully been updated to entry #1
<thisisvariable>~ya bitch:1
21:46:48.973 [botPool0-bot0] INFO  org.pircbotx.InputParser - :jdbener!jdbener@jdbener.tmi.twitch.tv PRIVMSG #biogenx2b :!usesvariable
21:46:48.973 [listenerPool0-thread20] INFO  org.pircbotx.output.OutputRaw - PRIVMSG #jdbener :Jdbener: !usesvariable
0
21:46:48.974 [listenerPool0-thread13] INFO  org.pircbotx.output.OutputRaw - PRIVMSG #biogenx2b :var
21:46:51.785 [botPool0-bot0] INFO  org.pircbotx.InputParser - :jdbener!jdbener@jdbener.tmi.twitch.tv PRIVMSG #biogenx2b :damnit
21:46:51.785 [listenerPool0-thread15] INFO  org.pircbotx.output.OutputRaw - PRIVMSG #jdbener :Jdbener: damnit
21:47:01.304 [botPool0-bot0] INFO  org.pircbotx.InputParser - PING :tmi.twitch.tv
21:47:01.305 [listenerPool0-thread13] INFO  org.pircbotx.output.OutputRaw - PONG tmi.twitch.tv
21:47:20.794 [bot2-shutdownhook] INFO  org.pircbotx.output.OutputRaw - QUIT :
21:47:20.794 [bot2-shutdownhook] INFO  org.pircbotx.output.OutputRaw - QUIT :
21:47:20.816 [bot2-shutdownhook] INFO  org.pircbotx.dcc.DccHandler - Terminating all transfers waiting to be accepted
21:47:20.816 [botPool0-bot1] INFO  org.pircbotx.PircBotX - Shutdown has been called, closing InputParser
21:47:20.816 [bot2-shutdownhook] DEBUG org.pircbotx.PircBotX - Disconnected.
21:47:20.816 [bot2-shutdownhook] DEBUG o.p.h.m.ThreadedListenerManager - Waiting for listener me.jdbener.utilities.CustomCommandHandeler@5eec34fb to execute event DisconnectEvent(daoSnapshot=org.pircbotx.snapshot.UserChannelDaoSnapshot@1702e9f1, disconnectException=null)
21:47:20.817 [botPool0-bot1] DEBUG o.p.MultiBotManager$BotFutureCallback - Bot #1 finished
21:47:20.818 [bot2-shutdownhook] INFO  org.pircbotx.dcc.DccHandler - Terminating all transfers waiting to be accepted
21:47:20.818 [botPool0-bot0] INFO  org.pircbotx.PircBotX - Shutdown has been called, closing InputParser
21:47:20.818 [botPool0-bot0] DEBUG o.p.MultiBotManager$BotFutureCallback - Bot #0 finished
21:47:20.818 [bot2-shutdownhook] DEBUG o.p.h.m.ThreadedListenerManager - Waiting for listener org.pircbotx.hooks.CoreHooks@2e771a72 to execute event DisconnectEvent(daoSnapshot=org.pircbotx.snapshot.UserChannelDaoSnapshot@1702e9f1, disconnectException=null)
21:47:20.818 [bot2-shutdownhook] DEBUG o.p.h.m.ThreadedListenerManager - Waiting for listener me.jdbener.apis.lastfm.LastfmNowPlaying@3cd82121 to execute event DisconnectEvent(daoSnapshot=org.pircbotx.snapshot.UserChannelDaoSnapshot@1702e9f1, disconnectException=null)
21:47:20.818 [bot2-shutdownhook] DEBUG o.p.h.m.ThreadedListenerManager - Waiting for listener me.jdbener.apis.twitch.TwitchStatusGameUpdater@2cb61af0 to execute event DisconnectEvent(daoSnapshot=org.pircbotx.snapshot.UserChannelDaoSnapshot@1702e9f1, disconnectException=null)
21:47:20.819 [bot2-shutdownhook] DEBUG o.p.h.m.ThreadedListenerManager - Waiting for listener me.jdbener.utilities.JoinLeaveMessages@183b1e8b to execute event DisconnectEvent(daoSnapshot=org.pircbotx.snapshot.UserChannelDaoSnapshot@1702e9f1, disconnectException=null)
21:47:20.819 [bot2-shutdownhook] DEBUG o.p.h.m.ThreadedListenerManager - Waiting for listener me.jdbener.apis.hitbox.HitboxStatusGameUpdater@3986d72f to execute event DisconnectEvent(daoSnapshot=org.pircbotx.snapshot.UserChannelDaoSnapshot@1702e9f1, disconnectException=null)
21:47:20.819 [bot2-shutdownhook] DEBUG o.p.h.m.ThreadedListenerManager - Waiting for listener me.jdbener.utilities.Infromation@58adab12 to execute event DisconnectEvent(daoSnapshot=org.pircbotx.snapshot.UserChannelDaoSnapshot@1702e9f1, disconnectException=null)
21:47:20.819 [bot2-shutdownhook] DEBUG o.p.h.m.ThreadedListenerManager - Waiting for listener me.jdbener.utilities.ChatRelayHandeler@2bb10f9a to execute event DisconnectEvent(daoSnapshot=org.pircbotx.snapshot.UserChannelDaoSnapshot@1702e9f1, disconnectException=null)
21:47:20.819 [bot2-shutdownhook] DEBUG org.pircbotx.PircBotX - Disconnected.
21:47:20.819 [bot2-shutdownhook] DEBUG o.p.h.m.ThreadedListenerManager - Waiting for listener org.pircbotx.hooks.CoreHooks@2e771a72 to execute event DisconnectEvent(daoSnapshot=org.pircbotx.snapshot.UserChannelDaoSnapshot@6b892f14, disconnectException=null)
21:47:20.819 [bot2-shutdownhook] DEBUG o.p.h.m.ThreadedListenerManager - Waiting for listener me.jdbener.utilities.Infromation@58adab12 to execute event DisconnectEvent(daoSnapshot=org.pircbotx.snapshot.UserChannelDaoSnapshot@6b892f14, disconnectException=null)
