10:10:16.024 [main] INFO  me.jdbener.Bennerbot - Begining plugin loading
10:10:16.120 [main] INFO  me.jdbener.Bennerbot - Finished looking for plugins in: plugins
10:10:16.122 [main] INFO  me.jdbener.Bennerbot - Finished looking for plugins in: plugins/BasicCommands
10:10:16.123 [main] INFO  me.jdbener.Bennerbot - Finished looking for plugins in: plugins/dissabled
10:10:16.125 [main] INFO  me.jdbener.Bennerbot - Beggining pluging loading sequence
10:10:16.125 [main] INFO  me.jdbener.Bennerbot - Finished pluging loading sequence
10:10:16.125 [main] INFO  me.jdbener.Bennerbot - Proceading with BennerBot initiation sequence
10:10:18.650 [main] DEBUG org.pircbotx.MultiBotManager - Not started yet, add to queue
10:10:18.651 [main] DEBUG org.pircbotx.MultiBotManager - Not started yet, add to queue
10:10:18.687 [botPool0-bot0] DEBUG org.pircbotx.PircBotX - Trying address irc.twitch.tv/199.9.253.165
10:10:18.693 [botPool0-bot1] DEBUG org.pircbotx.PircBotX - Trying address irc.glados.tv/192.99.100.37
10:10:18.715 [botPool0-bot0] INFO  org.pircbotx.PircBotX - Connected to server.
10:10:18.734 [botPool0-bot0] INFO  org.pircbotx.output.OutputRaw - PASS oauth:hrr2wpqq0knt6sb0spzd3d1mugpdezf
10:10:18.734 [botPool0-bot0] INFO  org.pircbotx.output.OutputRaw - NICK bennerbot
10:10:18.734 [botPool0-bot0] INFO  org.pircbotx.output.OutputRaw - USER BennerBot 8 * :PircBotX 2.0.1, a fork of PircBot, the Java IRC bot - pircbotx.googlecode.com
10:10:18.793 [botPool0-bot0] INFO  org.pircbotx.InputParser - :tmi.twitch.tv 001 bennerbot :Welcome, GLHF!
10:10:18.802 [botPool0-bot0] DEBUG org.pircbotx.InputParser - Logged onto server.
10:10:18.807 [botPool0-bot1] INFO  org.pircbotx.PircBotX - Connected to server.
10:10:18.808 [botPool0-bot1] INFO  org.pircbotx.output.OutputRaw - PASS bennerbot
10:10:18.819 [botPool0-bot1] INFO  org.pircbotx.output.OutputRaw - NICK bennerbot
10:10:18.819 [botPool0-bot1] INFO  org.pircbotx.output.OutputRaw - USER BennerBot 8 * :PircBotX 2.0.1, a fork of PircBot, the Java IRC bot - pircbotx.googlecode.com
10:10:18.836 [main] INFO  me.jdbener.Bennerbot - Started Loading the GUI
10:10:19.696 [botPool0-bot1] INFO  org.pircbotx.InputParser - :irc.glados.tv 001 bennerbot :Welcome to the hitbox-tv IRC Network bennerbot!BennerBot@ip.bennerbot.chat.hitbox.tv (Connection ID: 8918980f-4cbc-40f6-bafa-c4b539058e3d)
10:10:19.696 [botPool0-bot1] DEBUG org.pircbotx.InputParser - Logged onto server.
10:10:19.735 [botPool0-bot0] INFO  org.pircbotx.output.OutputRaw - JOIN #jdbener 
10:10:19.735 [botPool0-bot0] INFO  org.pircbotx.InputParser - :tmi.twitch.tv 002 bennerbot :Your host is tmi.twitch.tv
10:10:19.736 [botPool0-bot0] INFO  org.pircbotx.InputParser - :tmi.twitch.tv 003 bennerbot :This server is rather new
10:10:19.736 [botPool0-bot0] INFO  org.pircbotx.InputParser - :tmi.twitch.tv 004 bennerbot :-
10:10:19.742 [botPool0-bot0] ERROR org.pircbotx.PircBotX - Exception encountered when parsing line
java.lang.IndexOutOfBoundsException: Index: 1, Size: 1
	at java.util.ArrayList.rangeCheck(Unknown Source) ~[na:1.7.0_45]
	at java.util.ArrayList.get(Unknown Source) ~[na:1.7.0_45]
	at org.pircbotx.ServerInfo.parse004(ServerInfo.java:113) ~[pircbotx-2.0.1.jar:na]
	at org.pircbotx.ServerInfo.parse(ServerInfo.java:106) ~[pircbotx-2.0.1.jar:na]
	at org.pircbotx.InputParser.processServerResponse(InputParser.java:709) ~[pircbotx-2.0.1.jar:na]
	at org.pircbotx.InputParser.handleLine(InputParser.java:323) ~[pircbotx-2.0.1.jar:na]
	at org.pircbotx.PircBotX.startLineProcessing(PircBotX.java:275) [pircbotx-2.0.1.jar:na]
	at org.pircbotx.PircBotX.connect(PircBotX.java:236) [pircbotx-2.0.1.jar:na]
	at org.pircbotx.MultiBotManager$BotRunner.call(MultiBotManager.java:219) [pircbotx-2.0.1.jar:na]
	at org.pircbotx.MultiBotManager$BotRunner.call(MultiBotManager.java:212) [pircbotx-2.0.1.jar:na]
	at java.util.concurrent.FutureTask.run(Unknown Source) [na:1.7.0_45]
	at java.util.concurrent.ThreadPoolExecutor.runWorker(Unknown Source) [na:1.7.0_45]
	at java.util.concurrent.ThreadPoolExecutor$Worker.run(Unknown Source) [na:1.7.0_45]
	at java.lang.Thread.run(Unknown Source) [na:1.7.0_45]
10:10:19.743 [botPool0-bot0] INFO  org.pircbotx.InputParser - :tmi.twitch.tv 375 bennerbot :-
10:10:19.743 [botPool0-bot0] INFO  org.pircbotx.InputParser - :tmi.twitch.tv 372 bennerbot :You are in a maze of twisty passages, all alike.
10:10:19.744 [botPool0-bot0] INFO  org.pircbotx.InputParser - :tmi.twitch.tv 376 bennerbot :>
10:10:19.804 [botPool0-bot0] INFO  org.pircbotx.InputParser - :bennerbot!bennerbot@bennerbot.tmi.twitch.tv JOIN #jdbener
10:10:19.820 [botPool0-bot1] INFO  org.pircbotx.output.OutputRaw - JOIN #jdbener 
10:10:19.821 [botPool0-bot1] INFO  org.pircbotx.InputParser - :irc.glados.tv 002 bennerbot :Your host is irc.glados.tv, running version IrcD.Net, Version=0.3.5351.28745, Culture=neutral, PublicKeyToken=null
10:10:19.822 [botPool0-bot1] INFO  org.pircbotx.InputParser - :irc.glados.tv 003 bennerbot :This server was created 11/13/2014 6:08:51 AM
10:10:19.822 [botPool0-bot1] INFO  org.pircbotx.InputParser - :irc.glados.tv 004 bennerbot :irc.glados.tv ircD.Net.0.3.5351.28745 Oiorwx ahovITbceiklmnpst
10:10:19.823 [botPool0-bot1] ERROR org.pircbotx.PircBotX - Exception encountered when parsing line
java.lang.IndexOutOfBoundsException: Index: 1, Size: 1
	at java.util.ArrayList.rangeCheck(Unknown Source) ~[na:1.7.0_45]
	at java.util.ArrayList.get(Unknown Source) ~[na:1.7.0_45]
	at org.pircbotx.ServerInfo.parse004(ServerInfo.java:113) ~[pircbotx-2.0.1.jar:na]
	at org.pircbotx.ServerInfo.parse(ServerInfo.java:106) ~[pircbotx-2.0.1.jar:na]
	at org.pircbotx.InputParser.processServerResponse(InputParser.java:709) ~[pircbotx-2.0.1.jar:na]
	at org.pircbotx.InputParser.handleLine(InputParser.java:323) ~[pircbotx-2.0.1.jar:na]
	at org.pircbotx.PircBotX.startLineProcessing(PircBotX.java:275) [pircbotx-2.0.1.jar:na]
	at org.pircbotx.PircBotX.connect(PircBotX.java:236) [pircbotx-2.0.1.jar:na]
	at org.pircbotx.MultiBotManager$BotRunner.call(MultiBotManager.java:219) [pircbotx-2.0.1.jar:na]
	at org.pircbotx.MultiBotManager$BotRunner.call(MultiBotManager.java:212) [pircbotx-2.0.1.jar:na]
	at java.util.concurrent.FutureTask.run(Unknown Source) [na:1.7.0_45]
	at java.util.concurrent.ThreadPoolExecutor.runWorker(Unknown Source) [na:1.7.0_45]
	at java.util.concurrent.ThreadPoolExecutor$Worker.run(Unknown Source) [na:1.7.0_45]
	at java.lang.Thread.run(Unknown Source) [na:1.7.0_45]
10:10:19.823 [botPool0-bot1] INFO  org.pircbotx.InputParser - :irc.glados.tv 005 bennerbot STD=draft03 PREFIX=(aohv)&@%+ CHANMODES=Ibe,k,l,Tcimnpst CHANTYPES=# CHANLIMIT=#:10 INEVEX=I EXCEPTS=e NETWORK=hitbox-tv CASEMAPPING=ascii CHANNELLEN=40 NICKLEN=32 MAXNICKLEN=32 TOPICLEN=300 KICKLEN=300 AWAYLEN=300 KNOCK LANGUAGE=5,af,sq,am,ar,hy,az,eu,be,bn,bh,bg,my,ca,chr,zh,zh-CN,zh-TW,hr,cs,da,dv,nl,en,eo,et,tl,fi,fr,gl,ka,de,el,gn,gu,iw,hi,hu,is,id,iu,it,ja,kn,kk,km,ko,ku,ky,lo,lv,lt,mk,ms,ml,mt,mr,mn,ne,no,or,ps,fa,pl,pt-PT,pa,ro,ru,sa,sr,sd :are supported by this server
10:10:19.824 [botPool0-bot1] INFO  org.pircbotx.InputParser - :irc.glados.tv 005 bennerbot LANGUAGE=5,si,sk,sl,es,sw,sv,tg,ta,te,th,bo,tr,uk,ur,uz,ug,vi SILENCE=25 RFC2812 :are supported by this server
10:10:19.825 [botPool0-bot1] INFO  org.pircbotx.InputParser - :irc.glados.tv 375 bennerbot :- irc.glados.tv Message of the day -
10:10:19.829 [botPool0-bot1] INFO  org.pircbotx.InputParser - :irc.glados.tv 372 bennerbot :-   +MMMMMMMMMMMMmdho+oddmNMMMMMMMMMMMMM $$\   $$\ $$\   $$\     $$\                                 $$$$$$\ $$$$$$$\   $$$$$$\  
10:10:19.830 [botPool0-bot1] INFO  org.pircbotx.InputParser - :irc.glados.tv 372 bennerbot :-   +MMMMMMMMNdoo/::-:///+osymNMMMMMMMMM $$ |  $$ |\__|  $$ |    $$ |                                \_$$  _|$$  __$$\ $$  __$$\ 
10:10:19.831 [botPool0-bot1] INFO  org.pircbotx.InputParser - :irc.glados.tv 372 bennerbot :-   +MMMMMMMMh::-----:////////dMMMMMMMMM $$ |  $$ |$$\ $$$$$$\   $$$$$$$\   $$$$$$\  $$\   $$\         $$ |  $$ |  $$ |$$ /  \__|
10:10:19.831 [botPool0-bot1] INFO  org.pircbotx.InputParser - :irc.glados.tv 372 bennerbot :-   +MMMMMMMMh:::----:////////dMMMMMMMMM $$$$$$$$ |$$ |\_$$  _|  $$  __$$\ $$  __$$\ \$$\ $$  |        $$ |  $$$$$$$  |$$ |     
10:10:19.832 [botPool0-bot1] INFO  org.pircbotx.InputParser - :irc.glados.tv 372 bennerbot :-   +MMMMMMMMh:::----:////////dMMMMMMMMM $$  __$$ |$$ |  $$ |    $$ |  $$ |$$ /  $$ | \$$$$  /         $$ |  $$  __$$< $$ |      
10:10:19.833 [botPool0-bot1] INFO  org.pircbotx.InputParser - :irc.glados.tv 372 bennerbot :-   +MMMMMMMMh::::---:////////dMMMMMMMMM $$ |  $$ |$$ |  $$ |$$\ $$ |  $$ |$$ |  $$ | $$  $$<          $$ |  $$ |  $$ |$$ |  $$\ 
10:10:19.833 [botPool0-bot1] INFO  org.pircbotx.InputParser - :irc.glados.tv 372 bennerbot :-   +MMMMMMMMh:::://++oo++++/+dMMMMMMMMM $$ |  $$ |$$ |  \$$$$  |$$$$$$$  |\$$$$$$  |$$  /\$$\       $$$$$$\ $$ |  $$ |\$$$$$$  |
10:10:19.833 [botPool0-bot1] INFO  org.pircbotx.InputParser - :irc.glados.tv 372 bennerbot :-   +MMMMMMMMmhmmdddddddddmmmmNMMMMMMMMM \__|  \__|\__|   \____/ \_______/  \______/ \__/  \__|      \______|\__|  \__| \______/ 
10:10:19.833 [botPool0-bot1] INFO  org.pircbotx.InputParser - :irc.glados.tv 372 bennerbot :-   +NyssssMyo+///:::::/+++oosyhMyyyhhMM
10:10:19.834 [botPool0-bot1] INFO  org.pircbotx.InputParser - :irc.glados.tv 372 bennerbot :-   +N:::::Mo::::::::::////++++yM+++ooNM $$$$$$$\            $$\                                                                 
10:10:19.834 [botPool0-bot1] INFO  org.pircbotx.InputParser - :irc.glados.tv 372 bennerbot :-   +N:::::Mo::::::::::///+++++yM++oooNM $$$$$$$\            $$\                           
10:10:19.835 [botPool0-bot1] INFO  org.pircbotx.InputParser - :irc.glados.tv 372 bennerbot :-   +N:::::Mo:::::::::://++++++yM+ooooNM $$  __$$\           $$ |                         
10:10:19.835 [botPool0-bot1] INFO  org.pircbotx.InputParser - :irc.glados.tv 372 bennerbot :-   +N:::::Mo:::::::::://++++++yMoooooNM $$ |  $$ | $$$$$$\  $$ | $$$$$$\  $$\   $$\          
10:10:19.835 [botPool0-bot1] INFO  org.pircbotx.InputParser - :irc.glados.tv 372 bennerbot :-   +N:::::Mo::::::::://+++++++yMoooooNM $$$$$$$  |$$  __$$\ $$ | \____$$\ $$ |  $$ |        
10:10:19.836 [botPool0-bot1] INFO  org.pircbotx.InputParser - :irc.glados.tv 372 bennerbot :-   +N/::::Mo:::::::::/++++++++yMoosyhMM $$  __$$< $$$$$$$$ |$$ | $$$$$$$ |$$ |  $$ |      
10:10:19.836 [botPool0-bot1] INFO  org.pircbotx.InputParser - :irc.glados.tv 372 bennerbot :-   +Mho//:Mo:::::::::/+++++++oyMhdNMMMM $$ |  $$ |$$   ____|$$ |$$  __$$ |$$ |  $$ |       
10:10:19.836 [botPool0-bot1] INFO  org.pircbotx.InputParser - :irc.glados.tv 372 bennerbot :-   +MMMMNhMy+/:::::::/++++oshmNMMMMMMMM $$ |  $$ |\$$$$$$$\ $$ |\$$$$$$$ |\$$$$$$$ |       
10:10:19.837 [botPool0-bot1] INFO  org.pircbotx.InputParser - :irc.glados.tv 372 bennerbot :-   +MMMMMMMhyddhs+/::/+oydmmhyhMMMMMMMM \__|  \__| \_______|\__| \_______| \____$$ |             -Community Driven
10:10:19.837 [botPool0-bot1] INFO  org.pircbotx.InputParser - :irc.glados.tv 372 bennerbot :-   +MMMMMMMo::/+shhhhddmdyo+ooyMMMMMMMM                                   $$\   $$ |      
10:10:19.838 [botPool0-bot1] INFO  org.pircbotx.InputParser - :irc.glados.tv 372 bennerbot :-   +MMMMMMMo:::::::/dNd+++++ooyMMMMMMMM                                   \$$$$$$  |  
10:10:19.838 [botPool0-bot1] INFO  org.pircbotx.InputParser - :irc.glados.tv 372 bennerbot :-   +MMMMMMMs::::::::hNh++++oooyMMMMMMMM                                    \______/  
10:10:19.838 [botPool0-bot1] INFO  org.pircbotx.InputParser - :irc.glados.tv 372 bennerbot :-   +MMMMMMMNdso//:::hNh++oosydNMMMMMMMM
10:10:19.839 [botPool0-bot1] INFO  org.pircbotx.InputParser - :irc.glados.tv 372 bennerbot :-   +MMMMMMMMMMMmdyo/dNh+shmNMMMMMMMMMMM
10:10:19.839 [botPool0-bot1] INFO  org.pircbotx.InputParser - :irc.glados.tv 372 bennerbot :-   +MMMMMMMMMMMMMMMNMMMNMMMMMMMMMMMMMMM
10:10:19.839 [botPool0-bot1] INFO  org.pircbotx.InputParser - :irc.glados.tv 372 bennerbot :-   
10:10:19.840 [botPool0-bot1] INFO  org.pircbotx.InputParser - :irc.glados.tv 372 bennerbot :-   Join #help for problems/assistance. To join channels, use the lowercase version of the channel name (ex. Danbopes => #danbopes)
10:10:19.840 [botPool0-bot1] INFO  org.pircbotx.InputParser - :irc.glados.tv 372 bennerbot :-   
10:10:19.840 [botPool0-bot1] INFO  org.pircbotx.InputParser - :irc.glados.tv 376 bennerbot :End of MOTD command
10:10:19.841 [botPool0-bot1] INFO  org.pircbotx.InputParser - :irc.glados.tv 251 bennerbot :There are 128 users and 0 services on 1 servers
10:10:19.842 [botPool0-bot1] INFO  org.pircbotx.InputParser - :irc.glados.tv 252 bennerbot 0 :operator(s) online
10:10:19.842 [botPool0-bot1] INFO  org.pircbotx.InputParser - :irc.glados.tv 253 bennerbot 7 :unknown connection(s)
10:10:19.843 [botPool0-bot1] INFO  org.pircbotx.InputParser - :irc.glados.tv 254 bennerbot 1 :channels formed
10:10:19.843 [botPool0-bot1] INFO  org.pircbotx.InputParser - :irc.glados.tv 255 bennerbot :I have 128 clients and 1 servers
10:10:20.736 [botPool0-bot0] INFO  org.pircbotx.output.OutputRaw - WHO #jdbener
10:10:21.737 [botPool0-bot0] INFO  org.pircbotx.output.OutputRaw - MODE #jdbener
10:10:21.740 [botPool0-bot0] INFO  org.pircbotx.InputParser - :bennerbot.tmi.twitch.tv 353 bennerbot = #jdbener :bennerbot
10:10:21.740 [botPool0-bot0] INFO  org.pircbotx.InputParser - :bennerbot.tmi.twitch.tv 366 bennerbot #jdbener :End of /NAMES list
10:10:21.740 [botPool0-bot0] INFO  org.pircbotx.InputParser - :jtv!jtv@jtv.tmi.twitch.tv PRIVMSG bennerbot :USERCOLOR bennerbot #FF0000
10:10:21.741 [botPool0-bot0] INFO  org.pircbotx.InputParser - :jtv!jtv@jtv.tmi.twitch.tv PRIVMSG bennerbot :HISTORYEND jdbener
10:10:21.741 [botPool0-bot0] INFO  org.pircbotx.InputParser - :tmi.twitch.tv 421 bennerbot WHO :Unknown command
10:10:22.738 [listenerPool0-thread3] INFO  org.pircbotx.output.OutputRaw - PRIVMSG #jdbener :/color #ff0000
10:10:22.738 [listenerPool0-thread3] INFO  org.pircbotx.output.OutputRaw - PRIVMSG #jdbener :/color #ff0000
10:10:22.795 [botPool0-bot0] INFO  org.pircbotx.InputParser - :jtv!jtv@jtv.tmi.twitch.tv PRIVMSG bennerbot :USERCOLOR bennerbot #FF0000
10:10:22.795 [botPool0-bot0] INFO  org.pircbotx.InputParser - :jtv!jtv@jtv.tmi.twitch.tv PRIVMSG bennerbot :Your color has been changed
10:10:23.295 [botPool0-bot1] INFO  org.pircbotx.InputParser - :bennerbot!BennerBot@ip.bennerbot.chat.hitbox.tv JOIN #jdbener
10:10:23.739 [botPool0-bot1] INFO  org.pircbotx.output.OutputRaw - WHO #jdbener
10:10:23.739 [listenerPool0-thread3] INFO  org.pircbotx.output.OutputRaw - TWITCHCLIENT 1
10:10:24.740 [botPool0-bot1] INFO  org.pircbotx.output.OutputRaw - MODE #jdbener
10:10:24.740 [listenerPool0-thread2] INFO  org.pircbotx.output.OutputRaw - PRIVMSG #jdbener :/color #ff0000
10:10:24.740 [botPool0-bot1] INFO  org.pircbotx.InputParser - :irc.glados.tv 332 bennerbot #jdbener :test
10:10:24.741 [botPool0-bot1] INFO  org.pircbotx.InputParser - :irc.glados.tv 353 bennerbot = #jdbener :%bennerbot
10:10:24.741 [botPool0-bot1] INFO  org.pircbotx.InputParser - :irc.glados.tv 366 bennerbot #jdbener :End of NAMES list
10:10:24.741 [botPool0-bot1] INFO  org.pircbotx.InputParser - :irc.glados.tv 315 bennerbot #jdbener :End of /WHO list.
10:10:24.823 [botPool0-bot0] INFO  org.pircbotx.InputParser - :jtv!jtv@jtv.tmi.twitch.tv PRIVMSG bennerbot :USERCOLOR bennerbot #FF0000
10:10:24.823 [botPool0-bot0] INFO  org.pircbotx.InputParser - :jtv!jtv@jtv.tmi.twitch.tv PRIVMSG bennerbot :Your color has been changed
10:10:25.331 [botPool0-bot1] INFO  org.pircbotx.InputParser - :irc.glados.tv 324 bennerbot #jdbener +
10:10:25.741 [listenerPool0-thread2] INFO  org.pircbotx.output.OutputRaw - PRIVMSG #jdbener :/color #ff0000
10:11:27.953 [botPool0-bot1] INFO  org.pircbotx.InputParser - PING :irc.glados.tv
10:11:27.954 [listenerPool0-thread2] INFO  org.pircbotx.output.OutputRaw - PONG irc.glados.tv
10:12:26.878 [botPool0-bot0] INFO  org.pircbotx.InputParser - :jtv PRIVMSG bennerbot :USERCOLOR jdbener #1E90FF
10:12:26.879 [botPool0-bot0] INFO  org.pircbotx.InputParser - :jdbener!jdbener@jdbener.tmi.twitch.tv PRIVMSG #jdbener :this
10:12:26.880 [listenerPool0-thread26] INFO  org.pircbotx.output.OutputRaw - PRIVMSG #jdbener :Jdbener: this
10:12:27.770 [botPool0-bot0] INFO  org.pircbotx.InputParser - :jtv PRIVMSG bennerbot :USERCOLOR jdbener #1E90FF
10:12:27.773 [botPool0-bot0] INFO  org.pircbotx.InputParser - :jdbener!jdbener@jdbener.tmi.twitch.tv PRIVMSG #jdbener :is
10:12:27.882 [listenerPool0-thread26] INFO  org.pircbotx.output.OutputRaw - PRIVMSG #jdbener :Jdbener: is
10:12:28.995 [botPool0-bot0] INFO  org.pircbotx.InputParser - :jtv PRIVMSG bennerbot :USERCOLOR jdbener #1E90FF
10:12:29.008 [botPool0-bot0] INFO  org.pircbotx.InputParser - :jdbener!jdbener@jdbener.tmi.twitch.tv PRIVMSG #jdbener :super
10:12:29.008 [listenerPool0-thread2] INFO  org.pircbotx.output.OutputRaw - PRIVMSG #jdbener :Jdbener: super
10:12:30.322 [botPool0-bot0] INFO  org.pircbotx.InputParser - :jtv PRIVMSG bennerbot :USERCOLOR jdbener #1E90FF
10:12:30.323 [botPool0-bot0] INFO  org.pircbotx.InputParser - :jdbener!jdbener@jdbener.tmi.twitch.tv PRIVMSG #jdbener :cool
10:12:30.323 [listenerPool0-thread26] INFO  org.pircbotx.output.OutputRaw - PRIVMSG #jdbener :Jdbener: cool
10:12:31.112 [listenerPool0-thread25] ERROR o.p.h.m.ThreadedListenerManager - Exception encountered when executing event MessageEvent(channel=Channel(name=#jdbener, channelId=a501d909-e5b2-45ca-a50a-6f5e56af65ae, dao=org.pircbotx.UserChannelDao@220ed406, bot=Version{PircBotX 2.0.1, a fork of PircBot, the Java IRC bot - pircbotx.googlecode.com} Connected{true} Server{irc.twitch.tv} Port{6667} Password{oauth:hrr2wpqq0knt6sb0spzd3d1mugpdezf}, output=org.pircbotx.Channel$1@7b81e761, mode=, topic=, topicTimestamp=0, createTimestamp=0, topicSetter=, moderated=false, noExternalMessages=false, inviteOnly=false, secret=false, channelPrivate=false, topicProtection=false, channelLimit=-1, channelKey=null, modeStale=false, modeLatch=null), user=User(bot=Version{PircBotX 2.0.1, a fork of PircBot, the Java IRC bot - pircbotx.googlecode.com} Connected{true} Server{irc.twitch.tv} Port{6667} Password{oauth:hrr2wpqq0knt6sb0spzd3d1mugpdezf}, dao=org.pircbotx.UserChannelDao@220ed406, userId=4b816143-cf45-4c0c-ac8e-5a6c60dd413e, output=org.pircbotx.User$1@d7dd0a0, nick=jdbener, realName=, login=, hostmask=, awayMessage=null, ircop=false, server=, hops=0), message=this) on listener me.jdbener.Cleaner@603a669a
java.util.regex.PatternSyntaxException: Unclosed group near index 5
&gt;(
     ^
	at java.util.regex.Pattern.error(Unknown Source) ~[na:1.7.0_45]
	at java.util.regex.Pattern.accept(Unknown Source) ~[na:1.7.0_45]
	at java.util.regex.Pattern.group0(Unknown Source) ~[na:1.7.0_45]
	at java.util.regex.Pattern.sequence(Unknown Source) ~[na:1.7.0_45]
	at java.util.regex.Pattern.expr(Unknown Source) ~[na:1.7.0_45]
	at java.util.regex.Pattern.compile(Unknown Source) ~[na:1.7.0_45]
	at java.util.regex.Pattern.<init>(Unknown Source) ~[na:1.7.0_45]
	at java.util.regex.Pattern.compile(Unknown Source) ~[na:1.7.0_45]
	at java.lang.String.replaceAll(Unknown Source) ~[na:1.7.0_45]
	at me.jdbener.apis.APIManager.filterEmotes(APIManager.java:92) ~[bin/:na]
	at me.jdbener.Cleaner.onMessage(Cleaner.java:106) ~[bin/:na]
	at org.pircbotx.hooks.ListenerAdapter.onEvent(ListenerAdapter.java:63) ~[pircbotx-2.0.1.jar:na]
	at org.pircbotx.hooks.managers.ThreadedListenerManager$1.call(ThreadedListenerManager.java:119) [pircbotx-2.0.1.jar:na]
	at org.pircbotx.hooks.managers.ThreadedListenerManager$1.call(ThreadedListenerManager.java:115) [pircbotx-2.0.1.jar:na]
	at java.util.concurrent.FutureTask.run(Unknown Source) [na:1.7.0_45]
	at java.util.concurrent.ThreadPoolExecutor.runWorker(Unknown Source) [na:1.7.0_45]
	at java.util.concurrent.ThreadPoolExecutor$Worker.run(Unknown Source) [na:1.7.0_45]
	at java.lang.Thread.run(Unknown Source) [na:1.7.0_45]
10:12:32.197 [listenerPool0-thread33] ERROR o.p.h.m.ThreadedListenerManager - Exception encountered when executing event MessageEvent(channel=Channel(name=#jdbener, channelId=a501d909-e5b2-45ca-a50a-6f5e56af65ae, dao=org.pircbotx.UserChannelDao@220ed406, bot=Version{PircBotX 2.0.1, a fork of PircBot, the Java IRC bot - pircbotx.googlecode.com} Connected{true} Server{irc.twitch.tv} Port{6667} Password{oauth:hrr2wpqq0knt6sb0spzd3d1mugpdezf}, output=org.pircbotx.Channel$1@7b81e761, mode=, topic=, topicTimestamp=0, createTimestamp=0, topicSetter=, moderated=false, noExternalMessages=false, inviteOnly=false, secret=false, channelPrivate=false, topicProtection=false, channelLimit=-1, channelKey=null, modeStale=false, modeLatch=null), user=User(bot=Version{PircBotX 2.0.1, a fork of PircBot, the Java IRC bot - pircbotx.googlecode.com} Connected{true} Server{irc.twitch.tv} Port{6667} Password{oauth:hrr2wpqq0knt6sb0spzd3d1mugpdezf}, dao=org.pircbotx.UserChannelDao@220ed406, userId=4b816143-cf45-4c0c-ac8e-5a6c60dd413e, output=org.pircbotx.User$1@d7dd0a0, nick=jdbener, realName=, login=, hostmask=, awayMessage=null, ircop=false, server=, hops=0), message=is) on listener me.jdbener.Cleaner@603a669a
java.util.regex.PatternSyntaxException: Unclosed group near index 5
&gt;(
     ^
	at java.util.regex.Pattern.error(Unknown Source) ~[na:1.7.0_45]
	at java.util.regex.Pattern.accept(Unknown Source) ~[na:1.7.0_45]
	at java.util.regex.Pattern.group0(Unknown Source) ~[na:1.7.0_45]
	at java.util.regex.Pattern.sequence(Unknown Source) ~[na:1.7.0_45]
	at java.util.regex.Pattern.expr(Unknown Source) ~[na:1.7.0_45]
	at java.util.regex.Pattern.compile(Unknown Source) ~[na:1.7.0_45]
	at java.util.regex.Pattern.<init>(Unknown Source) ~[na:1.7.0_45]
	at java.util.regex.Pattern.compile(Unknown Source) ~[na:1.7.0_45]
	at java.lang.String.replaceAll(Unknown Source) ~[na:1.7.0_45]
	at me.jdbener.apis.APIManager.filterEmotes(APIManager.java:92) ~[bin/:na]
	at me.jdbener.Cleaner.onMessage(Cleaner.java:106) ~[bin/:na]
	at org.pircbotx.hooks.ListenerAdapter.onEvent(ListenerAdapter.java:63) ~[pircbotx-2.0.1.jar:na]
	at org.pircbotx.hooks.managers.ThreadedListenerManager$1.call(ThreadedListenerManager.java:119) [pircbotx-2.0.1.jar:na]
	at org.pircbotx.hooks.managers.ThreadedListenerManager$1.call(ThreadedListenerManager.java:115) [pircbotx-2.0.1.jar:na]
	at java.util.concurrent.FutureTask.run(Unknown Source) [na:1.7.0_45]
	at java.util.concurrent.ThreadPoolExecutor.runWorker(Unknown Source) [na:1.7.0_45]
	at java.util.concurrent.ThreadPoolExecutor$Worker.run(Unknown Source) [na:1.7.0_45]
	at java.lang.Thread.run(Unknown Source) [na:1.7.0_45]
10:12:34.568 [listenerPool0-thread31] ERROR o.p.h.m.ThreadedListenerManager - Exception encountered when executing event MessageEvent(channel=Channel(name=#jdbener, channelId=a501d909-e5b2-45ca-a50a-6f5e56af65ae, dao=org.pircbotx.UserChannelDao@220ed406, bot=Version{PircBotX 2.0.1, a fork of PircBot, the Java IRC bot - pircbotx.googlecode.com} Connected{true} Server{irc.twitch.tv} Port{6667} Password{oauth:hrr2wpqq0knt6sb0spzd3d1mugpdezf}, output=org.pircbotx.Channel$1@7b81e761, mode=, topic=, topicTimestamp=0, createTimestamp=0, topicSetter=, moderated=false, noExternalMessages=false, inviteOnly=false, secret=false, channelPrivate=false, topicProtection=false, channelLimit=-1, channelKey=null, modeStale=false, modeLatch=null), user=User(bot=Version{PircBotX 2.0.1, a fork of PircBot, the Java IRC bot - pircbotx.googlecode.com} Connected{true} Server{irc.twitch.tv} Port{6667} Password{oauth:hrr2wpqq0knt6sb0spzd3d1mugpdezf}, dao=org.pircbotx.UserChannelDao@220ed406, userId=4b816143-cf45-4c0c-ac8e-5a6c60dd413e, output=org.pircbotx.User$1@d7dd0a0, nick=jdbener, realName=, login=, hostmask=, awayMessage=null, ircop=false, server=, hops=0), message=cool) on listener me.jdbener.Cleaner@603a669a
java.util.regex.PatternSyntaxException: Unclosed group near index 5
&gt;(
     ^
	at java.util.regex.Pattern.error(Unknown Source) ~[na:1.7.0_45]
	at java.util.regex.Pattern.accept(Unknown Source) ~[na:1.7.0_45]
	at java.util.regex.Pattern.group0(Unknown Source) ~[na:1.7.0_45]
	at java.util.regex.Pattern.sequence(Unknown Source) ~[na:1.7.0_45]
	at java.util.regex.Pattern.expr(Unknown Source) ~[na:1.7.0_45]
	at java.util.regex.Pattern.compile(Unknown Source) ~[na:1.7.0_45]
	at java.util.regex.Pattern.<init>(Unknown Source) ~[na:1.7.0_45]
	at java.util.regex.Pattern.compile(Unknown Source) ~[na:1.7.0_45]
	at java.lang.String.replaceAll(Unknown Source) ~[na:1.7.0_45]
	at me.jdbener.apis.APIManager.filterEmotes(APIManager.java:92) ~[bin/:na]
	at me.jdbener.Cleaner.onMessage(Cleaner.java:106) ~[bin/:na]
	at org.pircbotx.hooks.ListenerAdapter.onEvent(ListenerAdapter.java:63) ~[pircbotx-2.0.1.jar:na]
	at org.pircbotx.hooks.managers.ThreadedListenerManager$1.call(ThreadedListenerManager.java:119) [pircbotx-2.0.1.jar:na]
	at org.pircbotx.hooks.managers.ThreadedListenerManager$1.call(ThreadedListenerManager.java:115) [pircbotx-2.0.1.jar:na]
	at java.util.concurrent.FutureTask.run(Unknown Source) [na:1.7.0_45]
	at java.util.concurrent.ThreadPoolExecutor.runWorker(Unknown Source) [na:1.7.0_45]
	at java.util.concurrent.ThreadPoolExecutor$Worker.run(Unknown Source) [na:1.7.0_45]
	at java.lang.Thread.run(Unknown Source) [na:1.7.0_45]
10:12:36.905 [listenerPool0-thread34] ERROR o.p.h.m.ThreadedListenerManager - Exception encountered when executing event MessageEvent(channel=Channel(name=#jdbener, channelId=a501d909-e5b2-45ca-a50a-6f5e56af65ae, dao=org.pircbotx.UserChannelDao@220ed406, bot=Version{PircBotX 2.0.1, a fork of PircBot, the Java IRC bot - pircbotx.googlecode.com} Connected{true} Server{irc.twitch.tv} Port{6667} Password{oauth:hrr2wpqq0knt6sb0spzd3d1mugpdezf}, output=org.pircbotx.Channel$1@7b81e761, mode=, topic=, topicTimestamp=0, createTimestamp=0, topicSetter=, moderated=false, noExternalMessages=false, inviteOnly=false, secret=false, channelPrivate=false, topicProtection=false, channelLimit=-1, channelKey=null, modeStale=false, modeLatch=null), user=User(bot=Version{PircBotX 2.0.1, a fork of PircBot, the Java IRC bot - pircbotx.googlecode.com} Connected{true} Server{irc.twitch.tv} Port{6667} Password{oauth:hrr2wpqq0knt6sb0spzd3d1mugpdezf}, dao=org.pircbotx.UserChannelDao@220ed406, userId=4b816143-cf45-4c0c-ac8e-5a6c60dd413e, output=org.pircbotx.User$1@d7dd0a0, nick=jdbener, realName=, login=, hostmask=, awayMessage=null, ircop=false, server=, hops=0), message=super) on listener me.jdbener.Cleaner@603a669a
java.util.regex.PatternSyntaxException: Unclosed group near index 5
&gt;(
     ^
	at java.util.regex.Pattern.error(Unknown Source) ~[na:1.7.0_45]
	at java.util.regex.Pattern.accept(Unknown Source) ~[na:1.7.0_45]
	at java.util.regex.Pattern.group0(Unknown Source) ~[na:1.7.0_45]
	at java.util.regex.Pattern.sequence(Unknown Source) ~[na:1.7.0_45]
	at java.util.regex.Pattern.expr(Unknown Source) ~[na:1.7.0_45]
	at java.util.regex.Pattern.compile(Unknown Source) ~[na:1.7.0_45]
	at java.util.regex.Pattern.<init>(Unknown Source) ~[na:1.7.0_45]
	at java.util.regex.Pattern.compile(Unknown Source) ~[na:1.7.0_45]
	at java.lang.String.replaceAll(Unknown Source) ~[na:1.7.0_45]
	at me.jdbener.apis.APIManager.filterEmotes(APIManager.java:92) ~[bin/:na]
	at me.jdbener.Cleaner.onMessage(Cleaner.java:106) ~[bin/:na]
	at org.pircbotx.hooks.ListenerAdapter.onEvent(ListenerAdapter.java:63) ~[pircbotx-2.0.1.jar:na]
	at org.pircbotx.hooks.managers.ThreadedListenerManager$1.call(ThreadedListenerManager.java:119) [pircbotx-2.0.1.jar:na]
	at org.pircbotx.hooks.managers.ThreadedListenerManager$1.call(ThreadedListenerManager.java:115) [pircbotx-2.0.1.jar:na]
	at java.util.concurrent.FutureTask.run(Unknown Source) [na:1.7.0_45]
	at java.util.concurrent.ThreadPoolExecutor.runWorker(Unknown Source) [na:1.7.0_45]
	at java.util.concurrent.ThreadPoolExecutor$Worker.run(Unknown Source) [na:1.7.0_45]
	at java.lang.Thread.run(Unknown Source) [na:1.7.0_45]
10:12:52.035 [botPool0-bot0] INFO  org.pircbotx.InputParser - :jtv PRIVMSG bennerbot :USERCOLOR jdbener #1E90FF
10:12:52.036 [botPool0-bot0] INFO  org.pircbotx.InputParser - :jdbener!jdbener@jdbener.tmi.twitch.tv PRIVMSG #jdbener :one
10:12:52.036 [listenerPool0-thread23] INFO  org.pircbotx.output.OutputRaw - PRIVMSG #jdbener :Jdbener: one
10:12:53.100 [botPool0-bot0] INFO  org.pircbotx.InputParser - :jtv PRIVMSG bennerbot :USERCOLOR jdbener #1E90FF
10:12:53.104 [botPool0-bot0] INFO  org.pircbotx.InputParser - :jdbener!jdbener@jdbener.tmi.twitch.tv PRIVMSG #jdbener :more
10:12:53.104 [listenerPool0-thread34] INFO  org.pircbotx.output.OutputRaw - PRIVMSG #jdbener :Jdbener: more
10:12:56.208 [listenerPool0-thread33] ERROR o.p.h.m.ThreadedListenerManager - Exception encountered when executing event MessageEvent(channel=Channel(name=#jdbener, channelId=a501d909-e5b2-45ca-a50a-6f5e56af65ae, dao=org.pircbotx.UserChannelDao@220ed406, bot=Version{PircBotX 2.0.1, a fork of PircBot, the Java IRC bot - pircbotx.googlecode.com} Connected{true} Server{irc.twitch.tv} Port{6667} Password{oauth:hrr2wpqq0knt6sb0spzd3d1mugpdezf}, output=org.pircbotx.Channel$1@7b81e761, mode=, topic=, topicTimestamp=0, createTimestamp=0, topicSetter=, moderated=false, noExternalMessages=false, inviteOnly=false, secret=false, channelPrivate=false, topicProtection=false, channelLimit=-1, channelKey=null, modeStale=false, modeLatch=null), user=User(bot=Version{PircBotX 2.0.1, a fork of PircBot, the Java IRC bot - pircbotx.googlecode.com} Connected{true} Server{irc.twitch.tv} Port{6667} Password{oauth:hrr2wpqq0knt6sb0spzd3d1mugpdezf}, dao=org.pircbotx.UserChannelDao@220ed406, userId=4b816143-cf45-4c0c-ac8e-5a6c60dd413e, output=org.pircbotx.User$1@d7dd0a0, nick=jdbener, realName=, login=, hostmask=, awayMessage=null, ircop=false, server=, hops=0), message=one) on listener me.jdbener.Cleaner@603a669a
java.util.regex.PatternSyntaxException: Unclosed group near index 5
&gt;(
     ^
	at java.util.regex.Pattern.error(Unknown Source) ~[na:1.7.0_45]
	at java.util.regex.Pattern.accept(Unknown Source) ~[na:1.7.0_45]
	at java.util.regex.Pattern.group0(Unknown Source) ~[na:1.7.0_45]
	at java.util.regex.Pattern.sequence(Unknown Source) ~[na:1.7.0_45]
	at java.util.regex.Pattern.expr(Unknown Source) ~[na:1.7.0_45]
	at java.util.regex.Pattern.compile(Unknown Source) ~[na:1.7.0_45]
	at java.util.regex.Pattern.<init>(Unknown Source) ~[na:1.7.0_45]
	at java.util.regex.Pattern.compile(Unknown Source) ~[na:1.7.0_45]
	at java.lang.String.replaceAll(Unknown Source) ~[na:1.7.0_45]
	at me.jdbener.apis.APIManager.filterEmotes(APIManager.java:92) ~[bin/:na]
	at me.jdbener.Cleaner.onMessage(Cleaner.java:106) ~[bin/:na]
	at org.pircbotx.hooks.ListenerAdapter.onEvent(ListenerAdapter.java:63) ~[pircbotx-2.0.1.jar:na]
	at org.pircbotx.hooks.managers.ThreadedListenerManager$1.call(ThreadedListenerManager.java:119) [pircbotx-2.0.1.jar:na]
	at org.pircbotx.hooks.managers.ThreadedListenerManager$1.call(ThreadedListenerManager.java:115) [pircbotx-2.0.1.jar:na]
	at java.util.concurrent.FutureTask.run(Unknown Source) [na:1.7.0_45]
	at java.util.concurrent.ThreadPoolExecutor.runWorker(Unknown Source) [na:1.7.0_45]
	at java.util.concurrent.ThreadPoolExecutor$Worker.run(Unknown Source) [na:1.7.0_45]
	at java.lang.Thread.run(Unknown Source) [na:1.7.0_45]
10:12:56.878 [listenerPool0-thread24] ERROR o.p.h.m.ThreadedListenerManager - Exception encountered when executing event MessageEvent(channel=Channel(name=#jdbener, channelId=a501d909-e5b2-45ca-a50a-6f5e56af65ae, dao=org.pircbotx.UserChannelDao@220ed406, bot=Version{PircBotX 2.0.1, a fork of PircBot, the Java IRC bot - pircbotx.googlecode.com} Connected{true} Server{irc.twitch.tv} Port{6667} Password{oauth:hrr2wpqq0knt6sb0spzd3d1mugpdezf}, output=org.pircbotx.Channel$1@7b81e761, mode=, topic=, topicTimestamp=0, createTimestamp=0, topicSetter=, moderated=false, noExternalMessages=false, inviteOnly=false, secret=false, channelPrivate=false, topicProtection=false, channelLimit=-1, channelKey=null, modeStale=false, modeLatch=null), user=User(bot=Version{PircBotX 2.0.1, a fork of PircBot, the Java IRC bot - pircbotx.googlecode.com} Connected{true} Server{irc.twitch.tv} Port{6667} Password{oauth:hrr2wpqq0knt6sb0spzd3d1mugpdezf}, dao=org.pircbotx.UserChannelDao@220ed406, userId=4b816143-cf45-4c0c-ac8e-5a6c60dd413e, output=org.pircbotx.User$1@d7dd0a0, nick=jdbener, realName=, login=, hostmask=, awayMessage=null, ircop=false, server=, hops=0), message=more) on listener me.jdbener.Cleaner@603a669a
java.util.regex.PatternSyntaxException: Unclosed group near index 5
&gt;(
     ^
	at java.util.regex.Pattern.error(Unknown Source) ~[na:1.7.0_45]
	at java.util.regex.Pattern.accept(Unknown Source) ~[na:1.7.0_45]
	at java.util.regex.Pattern.group0(Unknown Source) ~[na:1.7.0_45]
	at java.util.regex.Pattern.sequence(Unknown Source) ~[na:1.7.0_45]
	at java.util.regex.Pattern.expr(Unknown Source) ~[na:1.7.0_45]
	at java.util.regex.Pattern.compile(Unknown Source) ~[na:1.7.0_45]
	at java.util.regex.Pattern.<init>(Unknown Source) ~[na:1.7.0_45]
	at java.util.regex.Pattern.compile(Unknown Source) ~[na:1.7.0_45]
	at java.lang.String.replaceAll(Unknown Source) ~[na:1.7.0_45]
	at me.jdbener.apis.APIManager.filterEmotes(APIManager.java:92) ~[bin/:na]
	at me.jdbener.Cleaner.onMessage(Cleaner.java:106) ~[bin/:na]
	at org.pircbotx.hooks.ListenerAdapter.onEvent(ListenerAdapter.java:63) ~[pircbotx-2.0.1.jar:na]
	at org.pircbotx.hooks.managers.ThreadedListenerManager$1.call(ThreadedListenerManager.java:119) [pircbotx-2.0.1.jar:na]
	at org.pircbotx.hooks.managers.ThreadedListenerManager$1.call(ThreadedListenerManager.java:115) [pircbotx-2.0.1.jar:na]
	at java.util.concurrent.FutureTask.run(Unknown Source) [na:1.7.0_45]
	at java.util.concurrent.ThreadPoolExecutor.runWorker(Unknown Source) [na:1.7.0_45]
	at java.util.concurrent.ThreadPoolExecutor$Worker.run(Unknown Source) [na:1.7.0_45]
	at java.lang.Thread.run(Unknown Source) [na:1.7.0_45]
10:13:01.072 [botPool0-bot0] INFO  org.pircbotx.InputParser - :jdbener!jdbener@jdbener.tmi.twitch.tv JOIN #jdbener
10:13:14.329 [botPool0-bot0] INFO  org.pircbotx.InputParser - :jtv PRIVMSG bennerbot :USERCOLOR jdbener #1E90FF
10:13:14.347 [botPool0-bot0] INFO  org.pircbotx.InputParser - :jdbener!jdbener@jdbener.tmi.twitch.tv PRIVMSG #jdbener :!level
10:13:14.347 [listenerPool0-thread35] INFO  org.pircbotx.output.OutputRaw - PRIVMSG #jdbener :Jdbener: !level
10:13:14.482 [listenerPool0-thread29] INFO  org.pircbotx.output.OutputRaw - PRIVMSG #jdbener :Jdbener your level infromation is: 3 (160\300) 4
10:13:14.685 [botPool0-bot0] INFO  org.pircbotx.InputParser - :jtv PRIVMSG bennerbot :USERCOLOR bennerbot #FF0000
10:13:15.348 [listenerPool0-thread29] INFO  org.pircbotx.output.OutputRaw - PRIVMSG #jdbener :Jdbener your level infromation is: 3 (160\300) 4
10:13:18.134 [listenerPool0-thread23] ERROR o.p.h.m.ThreadedListenerManager - Exception encountered when executing event MessageEvent(channel=Channel(name=#jdbener, channelId=a501d909-e5b2-45ca-a50a-6f5e56af65ae, dao=org.pircbotx.UserChannelDao@220ed406, bot=Version{PircBotX 2.0.1, a fork of PircBot, the Java IRC bot - pircbotx.googlecode.com} Connected{true} Server{irc.twitch.tv} Port{6667} Password{oauth:hrr2wpqq0knt6sb0spzd3d1mugpdezf}, output=org.pircbotx.Channel$1@7b81e761, mode=, topic=, topicTimestamp=0, createTimestamp=0, topicSetter=, moderated=false, noExternalMessages=false, inviteOnly=false, secret=false, channelPrivate=false, topicProtection=false, channelLimit=-1, channelKey=null, modeStale=false, modeLatch=null), user=User(bot=Version{PircBotX 2.0.1, a fork of PircBot, the Java IRC bot - pircbotx.googlecode.com} Connected{true} Server{irc.twitch.tv} Port{6667} Password{oauth:hrr2wpqq0knt6sb0spzd3d1mugpdezf}, dao=org.pircbotx.UserChannelDao@220ed406, userId=4b816143-cf45-4c0c-ac8e-5a6c60dd413e, output=org.pircbotx.User$1@d7dd0a0, nick=jdbener, realName=, login=jdbener, hostmask=jdbener.tmi.twitch.tv, awayMessage=null, ircop=false, server=, hops=0), message=!level) on listener me.jdbener.Cleaner@603a669a
java.util.regex.PatternSyntaxException: Unclosed group near index 5
&gt;(
     ^
	at java.util.regex.Pattern.error(Unknown Source) ~[na:1.7.0_45]
	at java.util.regex.Pattern.accept(Unknown Source) ~[na:1.7.0_45]
	at java.util.regex.Pattern.group0(Unknown Source) ~[na:1.7.0_45]
	at java.util.regex.Pattern.sequence(Unknown Source) ~[na:1.7.0_45]
	at java.util.regex.Pattern.expr(Unknown Source) ~[na:1.7.0_45]
	at java.util.regex.Pattern.compile(Unknown Source) ~[na:1.7.0_45]
	at java.util.regex.Pattern.<init>(Unknown Source) ~[na:1.7.0_45]
	at java.util.regex.Pattern.compile(Unknown Source) ~[na:1.7.0_45]
	at java.lang.String.replaceAll(Unknown Source) ~[na:1.7.0_45]
	at me.jdbener.apis.APIManager.filterEmotes(APIManager.java:92) ~[bin/:na]
	at me.jdbener.Cleaner.onMessage(Cleaner.java:106) ~[bin/:na]
	at org.pircbotx.hooks.ListenerAdapter.onEvent(ListenerAdapter.java:63) ~[pircbotx-2.0.1.jar:na]
	at org.pircbotx.hooks.managers.ThreadedListenerManager$1.call(ThreadedListenerManager.java:119) [pircbotx-2.0.1.jar:na]
	at org.pircbotx.hooks.managers.ThreadedListenerManager$1.call(ThreadedListenerManager.java:115) [pircbotx-2.0.1.jar:na]
	at java.util.concurrent.FutureTask.run(Unknown Source) [na:1.7.0_45]
	at java.util.concurrent.ThreadPoolExecutor.runWorker(Unknown Source) [na:1.7.0_45]
	at java.util.concurrent.ThreadPoolExecutor$Worker.run(Unknown Source) [na:1.7.0_45]
	at java.lang.Thread.run(Unknown Source) [na:1.7.0_45]
10:13:58.085 [botPool0-bot0] INFO  org.pircbotx.InputParser - :jtv MODE #jdbener +o bennerbot
10:13:58.089 [botPool0-bot0] INFO  org.pircbotx.InputParser - :jtv MODE #jdbener +o jdbener
10:14:15.910 [botPool0-bot1] INFO  org.pircbotx.InputParser - PING :irc.glados.tv
10:14:15.911 [listenerPool0-thread31] INFO  org.pircbotx.output.OutputRaw - PONG irc.glados.tv
10:15:11.529 [botPool0-bot0] INFO  org.pircbotx.InputParser - PING :tmi.twitch.tv
10:15:11.529 [listenerPool0-thread33] INFO  org.pircbotx.output.OutputRaw - PONG tmi.twitch.tv
10:15:17.842 [botPool0-bot1] INFO  org.pircbotx.InputParser - PING :irc.glados.tv
10:15:17.842 [listenerPool0-thread32] INFO  org.pircbotx.output.OutputRaw - PONG irc.glados.tv
10:15:36.295 [bot2-shutdownhook] INFO  org.pircbotx.output.OutputRaw - QUIT :
10:15:36.297 [bot2-shutdownhook] INFO  org.pircbotx.output.OutputRaw - QUIT :
10:15:36.322 [bot2-shutdownhook] WARN  org.pircbotx.Channel - Channel #jdbener mode '' is stale
10:15:36.343 [bot2-shutdownhook] WARN  org.pircbotx.Channel - Channel #jdbener mode '' is stale
10:15:36.345 [bot2-shutdownhook] INFO  org.pircbotx.dcc.DccHandler - Terminating all transfers waiting to be accepted
10:15:36.345 [botPool0-bot1] INFO  org.pircbotx.PircBotX - Shutdown has been called, closing InputParser
10:15:36.345 [bot2-shutdownhook] DEBUG org.pircbotx.PircBotX - Disconnected.
10:15:36.345 [bot2-shutdownhook] DEBUG o.p.h.m.ThreadedListenerManager - Waiting for listener me.jdbener.apis.twitch.TwitchStatusGameUpdater@58c86119 to execute event DisconnectEvent(daoSnapshot=org.pircbotx.snapshot.UserChannelDaoSnapshot@4515605d, disconnectException=null)
10:15:36.346 [bot2-shutdownhook] DEBUG o.p.h.m.ThreadedListenerManager - Waiting for listener me.jdbener.apis.lastfm.LastfmNowPlaying@50c283c to execute event DisconnectEvent(daoSnapshot=org.pircbotx.snapshot.UserChannelDaoSnapshot@4515605d, disconnectException=null)
10:15:36.346 [botPool0-bot1] DEBUG o.p.MultiBotManager$BotFutureCallback - Bot #1 finished
10:15:36.346 [bot2-shutdownhook] DEBUG o.p.h.m.ThreadedListenerManager - Waiting for listener me.jdbener.utilities.ChatRelayHandeler@5abbfa4c to execute event DisconnectEvent(daoSnapshot=org.pircbotx.snapshot.UserChannelDaoSnapshot@4515605d, disconnectException=null)
10:15:36.346 [bot2-shutdownhook] DEBUG o.p.h.m.ThreadedListenerManager - Waiting for listener me.jdbener.apis.hitbox.HitboxStatusGameUpdater@78d51c6c to execute event DisconnectEvent(daoSnapshot=org.pircbotx.snapshot.UserChannelDaoSnapshot@4515605d, disconnectException=null)
10:15:36.346 [bot2-shutdownhook] DEBUG o.p.h.m.ThreadedListenerManager - Waiting for listener me.jdbener.levels.LevelManager@5333dfe5 to execute event DisconnectEvent(daoSnapshot=org.pircbotx.snapshot.UserChannelDaoSnapshot@4515605d, disconnectException=null)
10:15:36.346 [bot2-shutdownhook] DEBUG o.p.h.m.ThreadedListenerManager - Waiting for listener me.jdbener.utilities.JoinLeaveMessages@41799345 to execute event DisconnectEvent(daoSnapshot=org.pircbotx.snapshot.UserChannelDaoSnapshot@4515605d, disconnectException=null)
10:15:36.346 [bot2-shutdownhook] DEBUG o.p.h.m.ThreadedListenerManager - Waiting for listener me.jdbener.utilities.CustomCommandHandeler@c0e1f6c to execute event DisconnectEvent(daoSnapshot=org.pircbotx.snapshot.UserChannelDaoSnapshot@4515605d, disconnectException=null)
10:15:36.346 [bot2-shutdownhook] DEBUG o.p.h.m.ThreadedListenerManager - Waiting for listener me.jdbener.utilities.Countdown@7d504e7b to execute event DisconnectEvent(daoSnapshot=org.pircbotx.snapshot.UserChannelDaoSnapshot@4515605d, disconnectException=null)
10:15:36.346 [bot2-shutdownhook] DEBUG o.p.h.m.ThreadedListenerManager - Waiting for listener me.jdbener.Cleaner@603a669a to execute event DisconnectEvent(daoSnapshot=org.pircbotx.snapshot.UserChannelDaoSnapshot@4515605d, disconnectException=null)
10:15:36.346 [bot2-shutdownhook] DEBUG o.p.h.m.ThreadedListenerManager - Waiting for listener org.pircbotx.hooks.CoreHooks@49c03048 to execute event DisconnectEvent(daoSnapshot=org.pircbotx.snapshot.UserChannelDaoSnapshot@4515605d, disconnectException=null)
10:15:36.346 [bot2-shutdownhook] INFO  org.pircbotx.dcc.DccHandler - Terminating all transfers waiting to be accepted
10:15:36.347 [bot2-shutdownhook] DEBUG o.p.h.m.ThreadedListenerManager - Waiting for listener me.jdbener.utilities.Infromation@c3e65be to execute event DisconnectEvent(daoSnapshot=org.pircbotx.snapshot.UserChannelDaoSnapshot@4515605d, disconnectException=null)
10:15:36.347 [botPool0-bot0] INFO  org.pircbotx.PircBotX - Shutdown has been called, closing InputParser
10:15:36.347 [botPool0-bot0] DEBUG o.p.MultiBotManager$BotFutureCallback - Bot #0 finished
10:15:36.347 [bot2-shutdownhook] DEBUG org.pircbotx.PircBotX - Disconnected.
