16:58:12.123 [main] INFO  me.jdbener.Bennerbot - Begining plugin loading
16:58:12.212 [main] INFO  me.jdbener.Bennerbot - Finished looking for plugins in: plugins
16:58:12.214 [main] INFO  me.jdbener.Bennerbot - Finished looking for plugins in: plugins/BasicCommands
16:58:12.215 [main] INFO  me.jdbener.Bennerbot - Finished looking for plugins in: plugins/dissabled
16:58:12.218 [main] INFO  me.jdbener.Bennerbot - Beggining pluging loading sequence
16:58:12.218 [main] INFO  me.jdbener.Bennerbot - Finished pluging loading sequence
16:58:12.218 [main] INFO  me.jdbener.Bennerbot - Proceading with BennerBot initiation sequence
16:58:13.591 [main] DEBUG org.pircbotx.MultiBotManager - Not started yet, add to queue
16:58:13.592 [main] DEBUG org.pircbotx.MultiBotManager - Not started yet, add to queue
16:58:13.596 [botPool0-bot0] DEBUG org.pircbotx.PircBotX - Trying address irc.twitch.tv/199.9.252.120
16:58:13.614 [botPool0-bot1] DEBUG org.pircbotx.PircBotX - Trying address irc.glados.tv/192.99.100.37
16:58:13.648 [botPool0-bot0] INFO  org.pircbotx.PircBotX - Connected to server.
16:58:13.656 [botPool0-bot0] INFO  org.pircbotx.output.OutputRaw - PASS oauth:hrr2wpqq0knt6sb0spzd3d1mugpdezf
16:58:13.656 [botPool0-bot0] INFO  org.pircbotx.output.OutputRaw - NICK bennerbot
16:58:13.656 [botPool0-bot0] INFO  org.pircbotx.output.OutputRaw - USER BennerBot 8 * :PircBotX 2.0.1, a fork of PircBot, the Java IRC bot - pircbotx.googlecode.com
16:58:13.675 [main] INFO  me.jdbener.Bennerbot - Started Loading the GUI
16:58:13.731 [botPool0-bot1] INFO  org.pircbotx.PircBotX - Connected to server.
16:58:13.731 [botPool0-bot1] INFO  org.pircbotx.output.OutputRaw - PASS bennerbot
16:58:13.731 [botPool0-bot1] INFO  org.pircbotx.output.OutputRaw - NICK bennerbot
16:58:13.731 [botPool0-bot1] INFO  org.pircbotx.output.OutputRaw - USER BennerBot 8 * :PircBotX 2.0.1, a fork of PircBot, the Java IRC bot - pircbotx.googlecode.com
16:58:13.759 [botPool0-bot0] INFO  org.pircbotx.InputParser - :tmi.twitch.tv 001 bennerbot :Welcome, GLHF!
16:58:13.767 [botPool0-bot0] DEBUG org.pircbotx.InputParser - Logged onto server.
16:58:14.657 [botPool0-bot0] INFO  org.pircbotx.output.OutputRaw - JOIN #jdbener 
16:58:14.658 [botPool0-bot0] INFO  org.pircbotx.InputParser - :tmi.twitch.tv 002 bennerbot :Your host is tmi.twitch.tv
16:58:14.658 [botPool0-bot0] INFO  org.pircbotx.InputParser - :tmi.twitch.tv 003 bennerbot :This server is rather new
16:58:14.659 [botPool0-bot0] INFO  org.pircbotx.InputParser - :tmi.twitch.tv 004 bennerbot :-
16:58:14.665 [botPool0-bot0] ERROR org.pircbotx.PircBotX - Exception encountered when parsing line
java.lang.IndexOutOfBoundsException: Index: 1, Size: 1
	at java.util.ArrayList.rangeCheck(Unknown Source) ~[na:1.7.0_45]
	at java.util.ArrayList.get(Unknown Source) ~[na:1.7.0_45]
	at org.pircbotx.ServerInfo.parse004(ServerInfo.java:113) ~[pircbotx-2.0.1.jar:na]
	at org.pircbotx.ServerInfo.parse(ServerInfo.java:106) ~[pircbotx-2.0.1.jar:na]
	at org.pircbotx.InputParser.processServerResponse(InputParser.java:709) ~[pircbotx-2.0.1.jar:na]
	at org.pircbotx.InputParser.handleLine(InputParser.java:323) ~[pircbotx-2.0.1.jar:na]
	at org.pircbotx.PircBotX.startLineProcessing(PircBotX.java:275) [pircbotx-2.0.1.jar:na]
	at org.pircbotx.PircBotX.connect(PircBotX.java:236) [pircbotx-2.0.1.jar:na]
	at org.pircbotx.MultiBotManager$BotRunner.call(MultiBotManager.java:219) [pircbotx-2.0.1.jar:na]
	at org.pircbotx.MultiBotManager$BotRunner.call(MultiBotManager.java:212) [pircbotx-2.0.1.jar:na]
	at java.util.concurrent.FutureTask.run(Unknown Source) [na:1.7.0_45]
	at java.util.concurrent.ThreadPoolExecutor.runWorker(Unknown Source) [na:1.7.0_45]
	at java.util.concurrent.ThreadPoolExecutor$Worker.run(Unknown Source) [na:1.7.0_45]
	at java.lang.Thread.run(Unknown Source) [na:1.7.0_45]
16:58:14.665 [botPool0-bot0] INFO  org.pircbotx.InputParser - :tmi.twitch.tv 375 bennerbot :-
16:58:14.665 [botPool0-bot0] INFO  org.pircbotx.InputParser - :tmi.twitch.tv 372 bennerbot :You are in a maze of twisty passages, all alike.
16:58:14.666 [botPool0-bot0] INFO  org.pircbotx.InputParser - :tmi.twitch.tv 376 bennerbot :>
16:58:14.725 [botPool0-bot0] INFO  org.pircbotx.InputParser - :bennerbot!bennerbot@bennerbot.tmi.twitch.tv JOIN #jdbener
16:58:15.459 [botPool0-bot1] INFO  org.pircbotx.InputParser - :irc.glados.tv 001 bennerbot :Welcome to the hitbox-tv IRC Network bennerbot!BennerBot@ip.bennerbot.chat.hitbox.tv (Connection ID: 05b63311-2dee-4874-b217-4bb8a69c48dc)
16:58:15.460 [botPool0-bot1] DEBUG org.pircbotx.InputParser - Logged onto server.
16:58:15.460 [botPool0-bot1] INFO  org.pircbotx.output.OutputRaw - JOIN #jdbener 
16:58:15.463 [botPool0-bot1] INFO  org.pircbotx.InputParser - :irc.glados.tv 002 bennerbot :Your host is irc.glados.tv, running version IrcD.Net, Version=0.3.5351.28745, Culture=neutral, PublicKeyToken=null
16:58:15.463 [botPool0-bot1] INFO  org.pircbotx.InputParser - :irc.glados.tv 003 bennerbot :This server was created 11/13/2014 6:08:51 AM
16:58:15.463 [botPool0-bot1] INFO  org.pircbotx.InputParser - :irc.glados.tv 004 bennerbot :irc.glados.tv ircD.Net.0.3.5351.28745 Oiorwx ahovITbceiklmnpst
16:58:15.464 [botPool0-bot1] ERROR org.pircbotx.PircBotX - Exception encountered when parsing line
java.lang.IndexOutOfBoundsException: Index: 1, Size: 1
	at java.util.ArrayList.rangeCheck(Unknown Source) ~[na:1.7.0_45]
	at java.util.ArrayList.get(Unknown Source) ~[na:1.7.0_45]
	at org.pircbotx.ServerInfo.parse004(ServerInfo.java:113) ~[pircbotx-2.0.1.jar:na]
	at org.pircbotx.ServerInfo.parse(ServerInfo.java:106) ~[pircbotx-2.0.1.jar:na]
	at org.pircbotx.InputParser.processServerResponse(InputParser.java:709) ~[pircbotx-2.0.1.jar:na]
	at org.pircbotx.InputParser.handleLine(InputParser.java:323) ~[pircbotx-2.0.1.jar:na]
	at org.pircbotx.PircBotX.startLineProcessing(PircBotX.java:275) [pircbotx-2.0.1.jar:na]
	at org.pircbotx.PircBotX.connect(PircBotX.java:236) [pircbotx-2.0.1.jar:na]
	at org.pircbotx.MultiBotManager$BotRunner.call(MultiBotManager.java:219) [pircbotx-2.0.1.jar:na]
	at org.pircbotx.MultiBotManager$BotRunner.call(MultiBotManager.java:212) [pircbotx-2.0.1.jar:na]
	at java.util.concurrent.FutureTask.run(Unknown Source) [na:1.7.0_45]
	at java.util.concurrent.ThreadPoolExecutor.runWorker(Unknown Source) [na:1.7.0_45]
	at java.util.concurrent.ThreadPoolExecutor$Worker.run(Unknown Source) [na:1.7.0_45]
	at java.lang.Thread.run(Unknown Source) [na:1.7.0_45]
16:58:15.464 [botPool0-bot1] INFO  org.pircbotx.InputParser - :irc.glados.tv 005 bennerbot STD=draft03 PREFIX=(aohv)&@%+ CHANMODES=Ibe,k,l,Tcimnpst CHANTYPES=# CHANLIMIT=#:10 INEVEX=I EXCEPTS=e NETWORK=hitbox-tv CASEMAPPING=ascii CHANNELLEN=40 NICKLEN=32 MAXNICKLEN=32 TOPICLEN=300 KICKLEN=300 AWAYLEN=300 KNOCK LANGUAGE=5,af,sq,am,ar,hy,az,eu,be,bn,bh,bg,my,ca,chr,zh,zh-CN,zh-TW,hr,cs,da,dv,nl,en,eo,et,tl,fi,fr,gl,ka,de,el,gn,gu,iw,hi,hu,is,id,iu,it,ja,kn,kk,km,ko,ku,ky,lo,lv,lt,mk,ms,ml,mt,mr,mn,ne,no,or,ps,fa,pl,pt-PT,pa,ro,ru,sa,sr,sd :are supported by this server
16:58:15.464 [botPool0-bot1] INFO  org.pircbotx.InputParser - :irc.glados.tv 005 bennerbot LANGUAGE=5,si,sk,sl,es,sw,sv,tg,ta,te,th,bo,tr,uk,ur,uz,ug,vi SILENCE=25 RFC2812 :are supported by this server
16:58:15.464 [botPool0-bot1] INFO  org.pircbotx.InputParser - :irc.glados.tv 375 bennerbot :- irc.glados.tv Message of the day -
16:58:15.465 [botPool0-bot1] INFO  org.pircbotx.InputParser - :irc.glados.tv 372 bennerbot :-   +MMMMMMMMMMMMmdho+oddmNMMMMMMMMMMMMM $$\   $$\ $$\   $$\     $$\                                 $$$$$$\ $$$$$$$\   $$$$$$\  
16:58:15.465 [botPool0-bot1] INFO  org.pircbotx.InputParser - :irc.glados.tv 372 bennerbot :-   +MMMMMMMMNdoo/::-:///+osymNMMMMMMMMM $$ |  $$ |\__|  $$ |    $$ |                                \_$$  _|$$  __$$\ $$  __$$\ 
16:58:15.465 [botPool0-bot1] INFO  org.pircbotx.InputParser - :irc.glados.tv 372 bennerbot :-   +MMMMMMMMh::-----:////////dMMMMMMMMM $$ |  $$ |$$\ $$$$$$\   $$$$$$$\   $$$$$$\  $$\   $$\         $$ |  $$ |  $$ |$$ /  \__|
16:58:15.466 [botPool0-bot1] INFO  org.pircbotx.InputParser - :irc.glados.tv 372 bennerbot :-   +MMMMMMMMh:::----:////////dMMMMMMMMM $$$$$$$$ |$$ |\_$$  _|  $$  __$$\ $$  __$$\ \$$\ $$  |        $$ |  $$$$$$$  |$$ |     
16:58:15.466 [botPool0-bot1] INFO  org.pircbotx.InputParser - :irc.glados.tv 372 bennerbot :-   +MMMMMMMMh:::----:////////dMMMMMMMMM $$  __$$ |$$ |  $$ |    $$ |  $$ |$$ /  $$ | \$$$$  /         $$ |  $$  __$$< $$ |      
16:58:15.466 [botPool0-bot1] INFO  org.pircbotx.InputParser - :irc.glados.tv 372 bennerbot :-   +MMMMMMMMh::::---:////////dMMMMMMMMM $$ |  $$ |$$ |  $$ |$$\ $$ |  $$ |$$ |  $$ | $$  $$<          $$ |  $$ |  $$ |$$ |  $$\ 
16:58:15.467 [botPool0-bot1] INFO  org.pircbotx.InputParser - :irc.glados.tv 372 bennerbot :-   +MMMMMMMMh:::://++oo++++/+dMMMMMMMMM $$ |  $$ |$$ |  \$$$$  |$$$$$$$  |\$$$$$$  |$$  /\$$\       $$$$$$\ $$ |  $$ |\$$$$$$  |
16:58:15.467 [botPool0-bot1] INFO  org.pircbotx.InputParser - :irc.glados.tv 372 bennerbot :-   +MMMMMMMMmhmmdddddddddmmmmNMMMMMMMMM \__|  \__|\__|   \____/ \_______/  \______/ \__/  \__|      \______|\__|  \__| \______/ 
16:58:15.467 [botPool0-bot1] INFO  org.pircbotx.InputParser - :irc.glados.tv 372 bennerbot :-   +NyssssMyo+///:::::/+++oosyhMyyyhhMM
16:58:15.467 [botPool0-bot1] INFO  org.pircbotx.InputParser - :irc.glados.tv 372 bennerbot :-   +N:::::Mo::::::::::////++++yM+++ooNM $$$$$$$\            $$\                                                                 
16:58:15.468 [botPool0-bot1] INFO  org.pircbotx.InputParser - :irc.glados.tv 372 bennerbot :-   +N:::::Mo::::::::::///+++++yM++oooNM $$$$$$$\            $$\                           
16:58:15.573 [botPool0-bot1] INFO  org.pircbotx.InputParser - :irc.glados.tv 372 bennerbot :-   +N:::::Mo:::::::::://++++++yM+ooooNM $$  __$$\           $$ |                         
16:58:15.573 [botPool0-bot1] INFO  org.pircbotx.InputParser - :irc.glados.tv 372 bennerbot :-   +N:::::Mo:::::::::://++++++yMoooooNM $$ |  $$ | $$$$$$\  $$ | $$$$$$\  $$\   $$\          
16:58:15.574 [botPool0-bot1] INFO  org.pircbotx.InputParser - :irc.glados.tv 372 bennerbot :-   +N:::::Mo::::::::://+++++++yMoooooNM $$$$$$$  |$$  __$$\ $$ | \____$$\ $$ |  $$ |        
16:58:15.576 [botPool0-bot1] INFO  org.pircbotx.InputParser - :irc.glados.tv 372 bennerbot :-   +N/::::Mo:::::::::/++++++++yMoosyhMM $$  __$$< $$$$$$$$ |$$ | $$$$$$$ |$$ |  $$ |      
16:58:15.577 [botPool0-bot1] INFO  org.pircbotx.InputParser - :irc.glados.tv 372 bennerbot :-   +Mho//:Mo:::::::::/+++++++oyMhdNMMMM $$ |  $$ |$$   ____|$$ |$$  __$$ |$$ |  $$ |       
16:58:15.577 [botPool0-bot1] INFO  org.pircbotx.InputParser - :irc.glados.tv 372 bennerbot :-   +MMMMNhMy+/:::::::/++++oshmNMMMMMMMM $$ |  $$ |\$$$$$$$\ $$ |\$$$$$$$ |\$$$$$$$ |       
16:58:15.577 [botPool0-bot1] INFO  org.pircbotx.InputParser - :irc.glados.tv 372 bennerbot :-   +MMMMMMMhyddhs+/::/+oydmmhyhMMMMMMMM \__|  \__| \_______|\__| \_______| \____$$ |             -Community Driven
16:58:15.577 [botPool0-bot1] INFO  org.pircbotx.InputParser - :irc.glados.tv 372 bennerbot :-   +MMMMMMMo::/+shhhhddmdyo+ooyMMMMMMMM                                   $$\   $$ |      
16:58:15.578 [botPool0-bot1] INFO  org.pircbotx.InputParser - :irc.glados.tv 372 bennerbot :-   +MMMMMMMo:::::::/dNd+++++ooyMMMMMMMM                                   \$$$$$$  |  
16:58:15.578 [botPool0-bot1] INFO  org.pircbotx.InputParser - :irc.glados.tv 372 bennerbot :-   +MMMMMMMs::::::::hNh++++oooyMMMMMMMM                                    \______/  
16:58:15.578 [botPool0-bot1] INFO  org.pircbotx.InputParser - :irc.glados.tv 372 bennerbot :-   +MMMMMMMNdso//:::hNh++oosydNMMMMMMMM
16:58:15.578 [botPool0-bot1] INFO  org.pircbotx.InputParser - :irc.glados.tv 372 bennerbot :-   +MMMMMMMMMMMmdyo/dNh+shmNMMMMMMMMMMM
16:58:15.578 [botPool0-bot1] INFO  org.pircbotx.InputParser - :irc.glados.tv 372 bennerbot :-   +MMMMMMMMMMMMMMMNMMMNMMMMMMMMMMMMMMM
16:58:15.579 [botPool0-bot1] INFO  org.pircbotx.InputParser - :irc.glados.tv 372 bennerbot :-   
16:58:15.579 [botPool0-bot1] INFO  org.pircbotx.InputParser - :irc.glados.tv 372 bennerbot :-   Join #help for problems/assistance. To join channels, use the lowercase version of the channel name (ex. Danbopes => #danbopes)
16:58:15.579 [botPool0-bot1] INFO  org.pircbotx.InputParser - :irc.glados.tv 372 bennerbot :-   
16:58:15.580 [botPool0-bot1] INFO  org.pircbotx.InputParser - :irc.glados.tv 376 bennerbot :End of MOTD command
16:58:15.580 [botPool0-bot1] INFO  org.pircbotx.InputParser - :irc.glados.tv 251 bennerbot :There are 141 users and 0 services on 1 servers
16:58:15.581 [botPool0-bot1] INFO  org.pircbotx.InputParser - :irc.glados.tv 252 bennerbot 0 :operator(s) online
16:58:15.581 [botPool0-bot1] INFO  org.pircbotx.InputParser - :irc.glados.tv 253 bennerbot 9 :unknown connection(s)
16:58:15.582 [botPool0-bot1] INFO  org.pircbotx.InputParser - :irc.glados.tv 254 bennerbot 1 :channels formed
16:58:15.583 [botPool0-bot1] INFO  org.pircbotx.InputParser - :irc.glados.tv 255 bennerbot :I have 141 clients and 1 servers
16:58:15.658 [botPool0-bot0] INFO  org.pircbotx.output.OutputRaw - WHO #jdbener
16:58:16.659 [listenerPool0-thread9] INFO  org.pircbotx.output.OutputRaw - PRIVMSG #jdbener :/color #ff0000
16:58:16.659 [listenerPool0-thread9] INFO  org.pircbotx.output.OutputRaw - PRIVMSG #jdbener :/color #ff0000
16:58:17.660 [botPool0-bot0] INFO  org.pircbotx.output.OutputRaw - MODE #jdbener
16:58:17.663 [botPool0-bot0] INFO  org.pircbotx.InputParser - :bennerbot.tmi.twitch.tv 353 bennerbot = #jdbener :bennerbot
16:58:17.663 [botPool0-bot0] INFO  org.pircbotx.InputParser - :bennerbot.tmi.twitch.tv 366 bennerbot #jdbener :End of /NAMES list
16:58:17.664 [botPool0-bot0] INFO  org.pircbotx.InputParser - :jtv!jtv@jtv.tmi.twitch.tv PRIVMSG bennerbot :USERCOLOR bennerbot #FF0000
16:58:17.664 [botPool0-bot0] INFO  org.pircbotx.InputParser - :jtv!jtv@jtv.tmi.twitch.tv PRIVMSG bennerbot :HISTORYEND jdbener
16:58:17.664 [botPool0-bot0] INFO  org.pircbotx.InputParser - :tmi.twitch.tv 421 bennerbot WHO :Unknown command
16:58:17.665 [botPool0-bot0] INFO  org.pircbotx.InputParser - :jtv!jtv@jtv.tmi.twitch.tv PRIVMSG bennerbot :USERCOLOR bennerbot #FF0000
16:58:17.665 [botPool0-bot0] INFO  org.pircbotx.InputParser - :jtv!jtv@jtv.tmi.twitch.tv PRIVMSG bennerbot :Your color has been changed
16:58:18.661 [listenerPool0-thread8] INFO  org.pircbotx.output.OutputRaw - PRIVMSG #jdbener :/color #ff0000
16:58:18.661 [listenerPool0-thread8] INFO  org.pircbotx.output.OutputRaw - PRIVMSG #jdbener :/color #ff0000
16:58:18.866 [botPool0-bot0] INFO  org.pircbotx.InputParser - :jtv!jtv@jtv.tmi.twitch.tv PRIVMSG bennerbot :USERCOLOR bennerbot #FF0000
16:58:18.866 [botPool0-bot0] INFO  org.pircbotx.InputParser - :jtv!jtv@jtv.tmi.twitch.tv PRIVMSG bennerbot :Your color has been changed
16:58:19.010 [botPool0-bot0] INFO  org.pircbotx.InputParser - :jdbener!jdbener@jdbener.tmi.twitch.tv JOIN #jdbener
16:58:20.346 [botPool0-bot1] INFO  org.pircbotx.InputParser - :bennerbot!BennerBot@ip.bennerbot.chat.hitbox.tv JOIN #jdbener
16:58:20.346 [botPool0-bot1] INFO  org.pircbotx.output.OutputRaw - WHO #jdbener
16:58:21.347 [botPool0-bot1] INFO  org.pircbotx.output.OutputRaw - MODE #jdbener
16:58:21.347 [botPool0-bot1] INFO  org.pircbotx.InputParser - :irc.glados.tv 332 bennerbot #jdbener :test
16:58:21.347 [botPool0-bot1] INFO  org.pircbotx.InputParser - :irc.glados.tv 353 bennerbot = #jdbener :%bennerbot @Jdbener
16:58:21.347 [botPool0-bot1] INFO  org.pircbotx.InputParser - :irc.glados.tv 366 bennerbot #jdbener :End of NAMES list
16:58:21.556 [botPool0-bot1] INFO  org.pircbotx.InputParser - :bennerbot!bennerbot@ip.bennerbot.chat.hitbox.tv PRIVMSG #jdbener :/color #ff0000
16:58:21.557 [listenerPool0-thread9] INFO  org.pircbotx.output.OutputRaw - PRIVMSG #jdbener :Bennerbot: /color #ff0000
16:58:21.879 [botPool0-bot1] INFO  org.pircbotx.InputParser - :irc.glados.tv 315 bennerbot #jdbener :End of /WHO list.
16:58:22.195 [botPool0-bot1] INFO  org.pircbotx.InputParser - :irc.glados.tv 324 bennerbot #jdbener +
16:58:23.912 [pool-6-thread-1] INFO  org.pircbotx.output.OutputRaw - PRIVMSG #jdbener :Test Message
16:58:23.912 [pool-6-thread-1] INFO  org.pircbotx.output.OutputRaw - PRIVMSG #jdbener :Test Message
16:58:25.798 [botPool0-bot0] INFO  org.pircbotx.InputParser - :jdbener!jdbener@jdbener.tmi.twitch.tv PRIVMSG #jdbener :!warnings
16:58:25.800 [listenerPool0-thread25] INFO  org.pircbotx.output.OutputRaw - PRIVMSG #jdbener :Jdbener: !warnings
16:58:25.805 [listenerPool0-thread26] INFO  org.pircbotx.output.OutputRaw - PRIVMSG #jdbener :Jdbener you have: 5 warnings left!
16:58:26.801 [listenerPool0-thread26] INFO  org.pircbotx.output.OutputRaw - PRIVMSG #jdbener :Jdbener you have: 5 warnings left!
16:58:35.154 [botPool0-bot0] INFO  org.pircbotx.InputParser - :jdbener!jdbener@jdbener.tmi.twitch.tv PRIVMSG #jdbener :!warnings irish_00
16:58:35.155 [listenerPool0-thread31] INFO  org.pircbotx.output.OutputRaw - PRIVMSG #jdbener :Jdbener: !warnings irish_00
16:58:35.155 [listenerPool0-thread25] INFO  org.pircbotx.output.OutputRaw - PRIVMSG #jdbener :Irish_00 has: 5 warnings left!
16:58:36.156 [listenerPool0-thread25] INFO  org.pircbotx.output.OutputRaw - PRIVMSG #jdbener :Irish_00 has: 5 warnings left!
16:58:48.716 [botPool0-bot0] INFO  org.pircbotx.InputParser - :jdbener!jdbener@jdbener.tmi.twitch.tv PRIVMSG #jdbener :ALLCAPPS
16:58:48.717 [listenerPool0-thread28] INFO  org.pircbotx.output.OutputRaw - PRIVMSG #jdbener :Jdbener: ALLCAPPS
16:59:25.691 [botPool0-bot0] INFO  org.pircbotx.InputParser - :jtv MODE #jdbener +o bennerbot
16:59:25.695 [botPool0-bot0] INFO  org.pircbotx.InputParser - :jtv MODE #jdbener +o jdbener
16:59:49.813 [botPool0-bot1] INFO  org.pircbotx.InputParser - PING :irc.glados.tv
16:59:49.813 [listenerPool0-thread22] INFO  org.pircbotx.output.OutputRaw - PONG irc.glados.tv
17:00:50.271 [botPool0-bot1] INFO  org.pircbotx.InputParser - PING :irc.glados.tv
17:00:50.272 [listenerPool0-thread41] INFO  org.pircbotx.output.OutputRaw - PONG irc.glados.tv
17:01:51.569 [botPool0-bot1] INFO  org.pircbotx.InputParser - PING :irc.glados.tv
17:01:51.570 [listenerPool0-thread46] INFO  org.pircbotx.output.OutputRaw - PONG irc.glados.tv
17:02:52.378 [botPool0-bot1] INFO  org.pircbotx.InputParser - PING :irc.glados.tv
17:02:52.379 [listenerPool0-thread51] INFO  org.pircbotx.output.OutputRaw - PONG irc.glados.tv
17:02:59.655 [botPool0-bot0] INFO  org.pircbotx.InputParser - PING :tmi.twitch.tv
17:02:59.656 [listenerPool0-thread49] INFO  org.pircbotx.output.OutputRaw - PONG tmi.twitch.tv
17:03:23.917 [pool-6-thread-1] INFO  org.pircbotx.output.OutputRaw - PRIVMSG #jdbener :Test Message 2
17:03:23.917 [pool-6-thread-1] INFO  org.pircbotx.output.OutputRaw - PRIVMSG #jdbener :Test Message 2
17:04:24.127 [botPool0-bot1] INFO  org.pircbotx.InputParser - PING :irc.glados.tv
17:04:24.128 [listenerPool0-thread55] INFO  org.pircbotx.output.OutputRaw - PONG irc.glados.tv
17:05:24.754 [botPool0-bot1] INFO  org.pircbotx.InputParser - PING :irc.glados.tv
17:05:24.754 [listenerPool0-thread60] INFO  org.pircbotx.output.OutputRaw - PONG irc.glados.tv
17:06:26.084 [botPool0-bot1] INFO  org.pircbotx.InputParser - PING :irc.glados.tv
17:06:26.084 [listenerPool0-thread64] INFO  org.pircbotx.output.OutputRaw - PONG irc.glados.tv
17:07:06.146 [botPool0-bot0] INFO  org.pircbotx.InputParser - PING :tmi.twitch.tv
17:07:06.146 [listenerPool0-thread66] INFO  org.pircbotx.output.OutputRaw - PONG tmi.twitch.tv
17:07:27.741 [botPool0-bot1] INFO  org.pircbotx.InputParser - PING :irc.glados.tv
17:07:27.742 [listenerPool0-thread67] INFO  org.pircbotx.output.OutputRaw - PONG irc.glados.tv
17:07:43.248 [bot2-shutdownhook] INFO  org.pircbotx.output.OutputRaw - QUIT :
17:07:43.249 [bot2-shutdownhook] INFO  org.pircbotx.output.OutputRaw - QUIT :
17:07:43.256 [bot2-shutdownhook] WARN  org.pircbotx.Channel - Channel #jdbener mode '' is stale
17:07:43.283 [bot2-shutdownhook] WARN  org.pircbotx.Channel - Channel #jdbener mode '' is stale
17:07:43.286 [bot2-shutdownhook] INFO  org.pircbotx.dcc.DccHandler - Terminating all transfers waiting to be accepted
17:07:43.286 [botPool0-bot1] INFO  org.pircbotx.PircBotX - Shutdown has been called, closing InputParser
17:07:43.287 [bot2-shutdownhook] DEBUG org.pircbotx.PircBotX - Disconnected.
17:07:43.287 [botPool0-bot1] DEBUG o.p.MultiBotManager$BotFutureCallback - Bot #1 finished
17:07:43.288 [bot2-shutdownhook] INFO  org.pircbotx.dcc.DccHandler - Terminating all transfers waiting to be accepted
17:07:43.288 [botPool0-bot0] INFO  org.pircbotx.PircBotX - Shutdown has been called, closing InputParser
17:07:43.288 [botPool0-bot0] DEBUG o.p.MultiBotManager$BotFutureCallback - Bot #0 finished
17:07:43.288 [bot2-shutdownhook] DEBUG org.pircbotx.PircBotX - Disconnected.
