16:23:02.746 [main] INFO  me.jdbener.Bennerbot - Begining plugin loading
16:23:02.835 [main] INFO  me.jdbener.Bennerbot - Finished looking for plugins in: plugins
16:23:02.836 [main] INFO  me.jdbener.Bennerbot - Finished looking for plugins in: plugins/BasicCommands
16:23:02.838 [main] INFO  me.jdbener.Bennerbot - Finished looking for plugins in: plugins/dissabled
16:23:02.839 [main] INFO  me.jdbener.Bennerbot - Beggining pluging loading sequence
16:23:02.840 [main] INFO  me.jdbener.Bennerbot - Finished pluging loading sequence
16:23:02.840 [main] INFO  me.jdbener.Bennerbot - Proceading with BennerBot initiation sequence
16:23:04.177 [main] DEBUG org.pircbotx.MultiBotManager - Not started yet, add to queue
16:23:04.177 [main] DEBUG org.pircbotx.MultiBotManager - Not started yet, add to queue
16:23:04.180 [botPool0-bot0] DEBUG org.pircbotx.PircBotX - Trying address irc.twitch.tv/199.9.249.252
16:23:04.209 [botPool0-bot0] INFO  org.pircbotx.PircBotX - Connected to server.
16:23:04.215 [botPool0-bot0] INFO  org.pircbotx.output.OutputRaw - PASS oauth:hrr2wpqq0knt6sb0spzd3d1mugpdezf
16:23:04.215 [botPool0-bot0] INFO  org.pircbotx.output.OutputRaw - NICK bennerbot
16:23:04.215 [botPool0-bot0] INFO  org.pircbotx.output.OutputRaw - USER BennerBot 8 * :PircBotX 2.0.1, a fork of PircBot, the Java IRC bot - pircbotx.googlecode.com
16:23:04.243 [main] INFO  me.jdbener.Bennerbot - Started Loading the GUI
16:23:04.258 [botPool0-bot1] DEBUG org.pircbotx.PircBotX - Trying address irc.glados.tv/192.99.100.37
16:23:04.276 [botPool0-bot0] INFO  org.pircbotx.InputParser - :tmi.twitch.tv 001 bennerbot :Welcome, GLHF!
16:23:04.286 [botPool0-bot0] DEBUG org.pircbotx.InputParser - Logged onto server.
16:23:04.375 [botPool0-bot1] INFO  org.pircbotx.PircBotX - Connected to server.
16:23:04.375 [botPool0-bot1] INFO  org.pircbotx.output.OutputRaw - PASS bennerbot
16:23:04.375 [botPool0-bot1] INFO  org.pircbotx.output.OutputRaw - NICK bennerbot
16:23:04.375 [botPool0-bot1] INFO  org.pircbotx.output.OutputRaw - USER BennerBot 8 * :PircBotX 2.0.1, a fork of PircBot, the Java IRC bot - pircbotx.googlecode.com
16:23:05.216 [listenerPool0-thread3] INFO  org.pircbotx.output.OutputRaw - PRIVMSG #biogenx2b :/color #ff0000
16:23:05.376 [listenerPool0-thread3] INFO  org.pircbotx.output.OutputRaw - PRIVMSG #jdbener :/color #ff0000
16:23:05.685 [botPool0-bot1] INFO  org.pircbotx.InputParser - :irc.glados.tv 001 bennerbot :Welcome to the hitbox-tv IRC Network bennerbot!BennerBot@ip.bennerbot.chat.hitbox.tv (Connection ID: 5931382e-c967-4481-982b-10c4be086b13)
16:23:05.685 [botPool0-bot1] DEBUG org.pircbotx.InputParser - Logged onto server.
16:23:06.217 [listenerPool0-thread7] INFO  org.pircbotx.output.OutputRaw - PRIVMSG #biogenx2b :/color #ff0000
16:23:06.377 [listenerPool0-thread7] INFO  org.pircbotx.output.OutputRaw - PRIVMSG #jdbener :/color #ff0000
16:23:07.218 [botPool0-bot0] INFO  org.pircbotx.output.OutputRaw - JOIN #biogenx2b 
16:23:07.218 [botPool0-bot0] INFO  org.pircbotx.InputParser - :tmi.twitch.tv 002 bennerbot :Your host is tmi.twitch.tv
16:23:07.219 [botPool0-bot0] INFO  org.pircbotx.InputParser - :tmi.twitch.tv 003 bennerbot :This server is rather new
16:23:07.219 [botPool0-bot0] INFO  org.pircbotx.InputParser - :tmi.twitch.tv 004 bennerbot :-
16:23:07.225 [botPool0-bot0] ERROR org.pircbotx.PircBotX - Exception encountered when parsing line
java.lang.IndexOutOfBoundsException: Index: 1, Size: 1
	at java.util.ArrayList.rangeCheck(Unknown Source) ~[na:1.7.0_45]
	at java.util.ArrayList.get(Unknown Source) ~[na:1.7.0_45]
	at org.pircbotx.ServerInfo.parse004(ServerInfo.java:113) ~[pircbotx-2.0.1.jar:na]
	at org.pircbotx.ServerInfo.parse(ServerInfo.java:106) ~[pircbotx-2.0.1.jar:na]
	at org.pircbotx.InputParser.processServerResponse(InputParser.java:709) ~[pircbotx-2.0.1.jar:na]
	at org.pircbotx.InputParser.handleLine(InputParser.java:323) ~[pircbotx-2.0.1.jar:na]
	at org.pircbotx.PircBotX.startLineProcessing(PircBotX.java:275) [pircbotx-2.0.1.jar:na]
	at org.pircbotx.PircBotX.connect(PircBotX.java:236) [pircbotx-2.0.1.jar:na]
	at org.pircbotx.MultiBotManager$BotRunner.call(MultiBotManager.java:219) [pircbotx-2.0.1.jar:na]
	at org.pircbotx.MultiBotManager$BotRunner.call(MultiBotManager.java:212) [pircbotx-2.0.1.jar:na]
	at java.util.concurrent.FutureTask.run(Unknown Source) [na:1.7.0_45]
	at java.util.concurrent.ThreadPoolExecutor.runWorker(Unknown Source) [na:1.7.0_45]
	at java.util.concurrent.ThreadPoolExecutor$Worker.run(Unknown Source) [na:1.7.0_45]
	at java.lang.Thread.run(Unknown Source) [na:1.7.0_45]
16:23:07.225 [botPool0-bot0] INFO  org.pircbotx.InputParser - :tmi.twitch.tv 375 bennerbot :-
16:23:07.229 [botPool0-bot0] INFO  org.pircbotx.InputParser - :tmi.twitch.tv 372 bennerbot :You are in a maze of twisty passages, all alike.
16:23:07.229 [botPool0-bot0] INFO  org.pircbotx.InputParser - :tmi.twitch.tv 376 bennerbot :>
16:23:07.230 [botPool0-bot0] INFO  org.pircbotx.InputParser - :jtv!jtv@jtv.tmi.twitch.tv PRIVMSG bennerbot :USERCOLOR bennerbot #FF0000
16:23:07.234 [botPool0-bot0] INFO  org.pircbotx.InputParser - :jtv!jtv@jtv.tmi.twitch.tv PRIVMSG bennerbot :Your color has been changed
16:23:07.235 [botPool0-bot0] INFO  org.pircbotx.InputParser - :jtv!jtv@jtv.tmi.twitch.tv PRIVMSG bennerbot :USERCOLOR bennerbot #FF0000
16:23:07.235 [botPool0-bot0] INFO  org.pircbotx.InputParser - :jtv!jtv@jtv.tmi.twitch.tv PRIVMSG bennerbot :Your color has been changed
16:23:07.281 [botPool0-bot0] INFO  org.pircbotx.InputParser - :bennerbot!bennerbot@bennerbot.tmi.twitch.tv JOIN #biogenx2b
16:23:07.378 [botPool0-bot1] INFO  org.pircbotx.output.OutputRaw - JOIN #jdbener 
16:23:07.378 [botPool0-bot1] INFO  org.pircbotx.InputParser - :irc.glados.tv 002 bennerbot :Your host is irc.glados.tv, running version IrcD.Net, Version=0.3.5351.28745, Culture=neutral, PublicKeyToken=null
16:23:07.379 [botPool0-bot1] INFO  org.pircbotx.InputParser - :irc.glados.tv 003 bennerbot :This server was created 11/13/2014 6:08:51 AM
16:23:07.379 [botPool0-bot1] INFO  org.pircbotx.InputParser - :irc.glados.tv 004 bennerbot :irc.glados.tv ircD.Net.0.3.5351.28745 Oiorwx ahovITbceiklmnpst
16:23:07.380 [botPool0-bot1] ERROR org.pircbotx.PircBotX - Exception encountered when parsing line
java.lang.IndexOutOfBoundsException: Index: 1, Size: 1
	at java.util.ArrayList.rangeCheck(Unknown Source) ~[na:1.7.0_45]
	at java.util.ArrayList.get(Unknown Source) ~[na:1.7.0_45]
	at org.pircbotx.ServerInfo.parse004(ServerInfo.java:113) ~[pircbotx-2.0.1.jar:na]
	at org.pircbotx.ServerInfo.parse(ServerInfo.java:106) ~[pircbotx-2.0.1.jar:na]
	at org.pircbotx.InputParser.processServerResponse(InputParser.java:709) ~[pircbotx-2.0.1.jar:na]
	at org.pircbotx.InputParser.handleLine(InputParser.java:323) ~[pircbotx-2.0.1.jar:na]
	at org.pircbotx.PircBotX.startLineProcessing(PircBotX.java:275) [pircbotx-2.0.1.jar:na]
	at org.pircbotx.PircBotX.connect(PircBotX.java:236) [pircbotx-2.0.1.jar:na]
	at org.pircbotx.MultiBotManager$BotRunner.call(MultiBotManager.java:219) [pircbotx-2.0.1.jar:na]
	at org.pircbotx.MultiBotManager$BotRunner.call(MultiBotManager.java:212) [pircbotx-2.0.1.jar:na]
	at java.util.concurrent.FutureTask.run(Unknown Source) [na:1.7.0_45]
	at java.util.concurrent.ThreadPoolExecutor.runWorker(Unknown Source) [na:1.7.0_45]
	at java.util.concurrent.ThreadPoolExecutor$Worker.run(Unknown Source) [na:1.7.0_45]
	at java.lang.Thread.run(Unknown Source) [na:1.7.0_45]
16:23:07.380 [botPool0-bot1] INFO  org.pircbotx.InputParser - :irc.glados.tv 005 bennerbot STD=draft03 PREFIX=(aohv)&@%+ CHANMODES=Ibe,k,l,Tcimnpst CHANTYPES=# CHANLIMIT=#:10 INEVEX=I EXCEPTS=e NETWORK=hitbox-tv CASEMAPPING=ascii CHANNELLEN=40 NICKLEN=32 MAXNICKLEN=32 TOPICLEN=300 KICKLEN=300 AWAYLEN=300 KNOCK LANGUAGE=5,af,sq,am,ar,hy,az,eu,be,bn,bh,bg,my,ca,chr,zh,zh-CN,zh-TW,hr,cs,da,dv,nl,en,eo,et,tl,fi,fr,gl,ka,de,el,gn,gu,iw,hi,hu,is,id,iu,it,ja,kn,kk,km,ko,ku,ky,lo,lv,lt,mk,ms,ml,mt,mr,mn,ne,no,or,ps,fa,pl,pt-PT,pa,ro,ru,sa,sr,sd :are supported by this server
16:23:07.381 [botPool0-bot1] INFO  org.pircbotx.InputParser - :irc.glados.tv 005 bennerbot LANGUAGE=5,si,sk,sl,es,sw,sv,tg,ta,te,th,bo,tr,uk,ur,uz,ug,vi SILENCE=25 RFC2812 :are supported by this server
16:23:07.381 [botPool0-bot1] INFO  org.pircbotx.InputParser - :irc.glados.tv 375 bennerbot :- irc.glados.tv Message of the day -
16:23:07.381 [botPool0-bot1] INFO  org.pircbotx.InputParser - :irc.glados.tv 372 bennerbot :-   +MMMMMMMMMMMMmdho+oddmNMMMMMMMMMMMMM $$\   $$\ $$\   $$\     $$\                                 $$$$$$\ $$$$$$$\   $$$$$$\  
16:23:07.382 [botPool0-bot1] INFO  org.pircbotx.InputParser - :irc.glados.tv 372 bennerbot :-   +MMMMMMMMNdoo/::-:///+osymNMMMMMMMMM $$ |  $$ |\__|  $$ |    $$ |                                \_$$  _|$$  __$$\ $$  __$$\ 
16:23:07.382 [botPool0-bot1] INFO  org.pircbotx.InputParser - :irc.glados.tv 372 bennerbot :-   +MMMMMMMMh::-----:////////dMMMMMMMMM $$ |  $$ |$$\ $$$$$$\   $$$$$$$\   $$$$$$\  $$\   $$\         $$ |  $$ |  $$ |$$ /  \__|
16:23:07.383 [botPool0-bot1] INFO  org.pircbotx.InputParser - :irc.glados.tv 372 bennerbot :-   +MMMMMMMMh:::----:////////dMMMMMMMMM $$$$$$$$ |$$ |\_$$  _|  $$  __$$\ $$  __$$\ \$$\ $$  |        $$ |  $$$$$$$  |$$ |     
16:23:07.384 [botPool0-bot1] INFO  org.pircbotx.InputParser - :irc.glados.tv 372 bennerbot :-   +MMMMMMMMh:::----:////////dMMMMMMMMM $$  __$$ |$$ |  $$ |    $$ |  $$ |$$ /  $$ | \$$$$  /         $$ |  $$  __$$< $$ |      
16:23:07.384 [botPool0-bot1] INFO  org.pircbotx.InputParser - :irc.glados.tv 372 bennerbot :-   +MMMMMMMMh::::---:////////dMMMMMMMMM $$ |  $$ |$$ |  $$ |$$\ $$ |  $$ |$$ |  $$ | $$  $$<          $$ |  $$ |  $$ |$$ |  $$\ 
16:23:07.384 [botPool0-bot1] INFO  org.pircbotx.InputParser - :irc.glados.tv 372 bennerbot :-   +MMMMMMMMh:::://++oo++++/+dMMMMMMMMM $$ |  $$ |$$ |  \$$$$  |$$$$$$$  |\$$$$$$  |$$  /\$$\       $$$$$$\ $$ |  $$ |\$$$$$$  |
16:23:07.385 [botPool0-bot1] INFO  org.pircbotx.InputParser - :irc.glados.tv 372 bennerbot :-   +MMMMMMMMmhmmdddddddddmmmmNMMMMMMMMM \__|  \__|\__|   \____/ \_______/  \______/ \__/  \__|      \______|\__|  \__| \______/ 
16:23:07.385 [botPool0-bot1] INFO  org.pircbotx.InputParser - :irc.glados.tv 372 bennerbot :-   +NyssssMyo+///:::::/+++oosyhMyyyhhMM
16:23:07.386 [botPool0-bot1] INFO  org.pircbotx.InputParser - :irc.glados.tv 372 bennerbot :-   +N:::::Mo::::::::::////++++yM+++ooNM $$$$$$$\            $$\                                                                 
16:23:07.386 [botPool0-bot1] INFO  org.pircbotx.InputParser - :irc.glados.tv 372 bennerbot :-   +N:::::Mo::::::::::///+++++yM++oooNM $$$$$$$\            $$\                           
16:23:07.387 [botPool0-bot1] INFO  org.pircbotx.InputParser - :irc.glados.tv 372 bennerbot :-   +N:::::Mo:::::::::://++++++yM+ooooNM $$  __$$\           $$ |                         
16:23:07.387 [botPool0-bot1] INFO  org.pircbotx.InputParser - :irc.glados.tv 372 bennerbot :-   +N:::::Mo:::::::::://++++++yMoooooNM $$ |  $$ | $$$$$$\  $$ | $$$$$$\  $$\   $$\          
16:23:07.389 [botPool0-bot1] INFO  org.pircbotx.InputParser - :irc.glados.tv 372 bennerbot :-   +N:::::Mo::::::::://+++++++yMoooooNM $$$$$$$  |$$  __$$\ $$ | \____$$\ $$ |  $$ |        
16:23:07.389 [botPool0-bot1] INFO  org.pircbotx.InputParser - :irc.glados.tv 372 bennerbot :-   +N/::::Mo:::::::::/++++++++yMoosyhMM $$  __$$< $$$$$$$$ |$$ | $$$$$$$ |$$ |  $$ |      
16:23:07.391 [botPool0-bot1] INFO  org.pircbotx.InputParser - :irc.glados.tv 372 bennerbot :-   +Mho//:Mo:::::::::/+++++++oyMhdNMMMM $$ |  $$ |$$   ____|$$ |$$  __$$ |$$ |  $$ |       
16:23:07.391 [botPool0-bot1] INFO  org.pircbotx.InputParser - :irc.glados.tv 372 bennerbot :-   +MMMMNhMy+/:::::::/++++oshmNMMMMMMMM $$ |  $$ |\$$$$$$$\ $$ |\$$$$$$$ |\$$$$$$$ |       
16:23:07.392 [botPool0-bot1] INFO  org.pircbotx.InputParser - :irc.glados.tv 372 bennerbot :-   +MMMMMMMhyddhs+/::/+oydmmhyhMMMMMMMM \__|  \__| \_______|\__| \_______| \____$$ |             -Community Driven
16:23:07.392 [botPool0-bot1] INFO  org.pircbotx.InputParser - :irc.glados.tv 372 bennerbot :-   +MMMMMMMo::/+shhhhddmdyo+ooyMMMMMMMM                                   $$\   $$ |      
16:23:07.394 [botPool0-bot1] INFO  org.pircbotx.InputParser - :irc.glados.tv 372 bennerbot :-   +MMMMMMMo:::::::/dNd+++++ooyMMMMMMMM                                   \$$$$$$  |  
16:23:07.395 [botPool0-bot1] INFO  org.pircbotx.InputParser - :irc.glados.tv 372 bennerbot :-   +MMMMMMMs::::::::hNh++++oooyMMMMMMMM                                    \______/  
16:23:07.395 [botPool0-bot1] INFO  org.pircbotx.InputParser - :irc.glados.tv 372 bennerbot :-   +MMMMMMMNdso//:::hNh++oosydNMMMMMMMM
16:23:07.396 [botPool0-bot1] INFO  org.pircbotx.InputParser - :irc.glados.tv 372 bennerbot :-   +MMMMMMMMMMMmdyo/dNh+shmNMMMMMMMMMMM
16:23:07.397 [botPool0-bot1] INFO  org.pircbotx.InputParser - :irc.glados.tv 372 bennerbot :-   +MMMMMMMMMMMMMMMNMMMNMMMMMMMMMMMMMMM
16:23:07.397 [botPool0-bot1] INFO  org.pircbotx.InputParser - :irc.glados.tv 372 bennerbot :-   
16:23:07.398 [botPool0-bot1] INFO  org.pircbotx.InputParser - :irc.glados.tv 372 bennerbot :-   Join #help for problems/assistance. To join channels, use the lowercase version of the channel name (ex. Danbopes => #danbopes)
16:23:07.399 [botPool0-bot1] INFO  org.pircbotx.InputParser - :irc.glados.tv 372 bennerbot :-   
16:23:07.400 [botPool0-bot1] INFO  org.pircbotx.InputParser - :irc.glados.tv 376 bennerbot :End of MOTD command
16:23:07.401 [botPool0-bot1] INFO  org.pircbotx.InputParser - :irc.glados.tv 251 bennerbot :There are 122 users and 0 services on 1 servers
16:23:07.401 [botPool0-bot1] INFO  org.pircbotx.InputParser - :irc.glados.tv 252 bennerbot 0 :operator(s) online
16:23:07.402 [botPool0-bot1] INFO  org.pircbotx.InputParser - :irc.glados.tv 253 bennerbot 8 :unknown connection(s)
16:23:07.402 [botPool0-bot1] INFO  org.pircbotx.InputParser - :irc.glados.tv 254 bennerbot 1 :channels formed
16:23:07.402 [botPool0-bot1] INFO  org.pircbotx.InputParser - :irc.glados.tv 255 bennerbot :I have 122 clients and 1 servers
16:23:07.403 [botPool0-bot1] INFO  org.pircbotx.InputParser - :irc.glados.tv 404 bennerbot #jdbener :Cannot send to channel
16:23:07.403 [botPool0-bot1] INFO  org.pircbotx.InputParser - :irc.glados.tv 404 bennerbot #jdbener :Cannot send to channel
16:23:08.219 [botPool0-bot0] INFO  org.pircbotx.output.OutputRaw - WHO #biogenx2b
16:23:09.220 [botPool0-bot0] INFO  org.pircbotx.output.OutputRaw - MODE #biogenx2b
16:23:09.226 [botPool0-bot0] INFO  org.pircbotx.InputParser - :jtv!jtv@jtv.tmi.twitch.tv PRIVMSG bennerbot :USERCOLOR bennerbot #FF0000
16:23:09.227 [botPool0-bot0] INFO  org.pircbotx.InputParser - :jtv!jtv@jtv.tmi.twitch.tv PRIVMSG bennerbot :HISTORYEND biogenx2b
16:23:09.227 [botPool0-bot0] INFO  org.pircbotx.InputParser - :bennerbot.tmi.twitch.tv 353 bennerbot = #biogenx2b :bennerbot
16:23:09.228 [botPool0-bot0] INFO  org.pircbotx.InputParser - :bennerbot.tmi.twitch.tv 366 bennerbot #biogenx2b :End of /NAMES list
16:23:09.229 [botPool0-bot0] INFO  org.pircbotx.InputParser - :tmi.twitch.tv 421 bennerbot WHO :Unknown command
16:23:09.317 [botPool0-bot1] INFO  org.pircbotx.InputParser - :bennerbot!BennerBot@ip.bennerbot.chat.hitbox.tv JOIN #jdbener
16:23:09.317 [botPool0-bot1] INFO  org.pircbotx.output.OutputRaw - WHO #jdbener
16:23:10.318 [botPool0-bot1] INFO  org.pircbotx.output.OutputRaw - MODE #jdbener
16:23:10.318 [botPool0-bot1] INFO  org.pircbotx.InputParser - :irc.glados.tv 332 bennerbot #jdbener :test
16:23:10.318 [botPool0-bot1] INFO  org.pircbotx.InputParser - :irc.glados.tv 353 bennerbot = #jdbener :%bennerbot
16:23:10.318 [botPool0-bot1] INFO  org.pircbotx.InputParser - :irc.glados.tv 366 bennerbot #jdbener :End of NAMES list
16:23:10.319 [botPool0-bot1] INFO  org.pircbotx.InputParser - :irc.glados.tv 315 bennerbot #jdbener :End of /WHO list.
16:23:10.651 [botPool0-bot1] INFO  org.pircbotx.InputParser - :irc.glados.tv 324 bennerbot #jdbener +
16:23:14.175 [botPool0-bot0] INFO  org.pircbotx.InputParser - :jdbener!jdbener@jdbener.tmi.twitch.tv PRIVMSG #biogenx2b :sometimes i wonder just how retarded i really am...
16:23:14.176 [listenerPool0-thread14] INFO  org.pircbotx.output.OutputRaw - PRIVMSG #jdbener :Jdbener: sometimes i wonder just how retarded i really am...
16:24:16.122 [botPool0-bot1] INFO  org.pircbotx.InputParser - PING :irc.glados.tv
16:24:16.129 [listenerPool0-thread19] INFO  org.pircbotx.output.OutputRaw - PONG irc.glados.tv
16:24:41.850 [botPool0-bot0] INFO  org.pircbotx.InputParser - :jdbener!jdbener@jdbener.tmi.twitch.tv PRIVMSG #biogenx2b :thank you
16:24:41.850 [listenerPool0-thread21] INFO  org.pircbotx.output.OutputRaw - PRIVMSG #jdbener :Jdbener: thank you
16:24:47.318 [botPool0-bot0] INFO  org.pircbotx.InputParser - :jdbener!jdbener@jdbener.tmi.twitch.tv PRIVMSG #biogenx2b :that makes me feel alot better :D
16:24:47.319 [listenerPool0-thread21] INFO  org.pircbotx.output.OutputRaw - PRIVMSG #jdbener :Jdbener: that makes me feel alot better :D
16:25:48.980 [botPool0-bot1] INFO  org.pircbotx.InputParser - PING :irc.glados.tv
16:25:48.981 [listenerPool0-thread28] INFO  org.pircbotx.output.OutputRaw - PONG irc.glados.tv
16:26:49.823 [botPool0-bot1] INFO  org.pircbotx.InputParser - PING :irc.glados.tv
16:26:49.824 [listenerPool0-thread36] INFO  org.pircbotx.output.OutputRaw - PONG irc.glados.tv
16:27:06.056 [botPool0-bot0] INFO  org.pircbotx.InputParser - PING :tmi.twitch.tv
16:27:06.056 [listenerPool0-thread40] INFO  org.pircbotx.output.OutputRaw - PONG tmi.twitch.tv
16:27:51.189 [botPool0-bot1] INFO  org.pircbotx.InputParser - PING :irc.glados.tv
16:27:51.189 [listenerPool0-thread41] INFO  org.pircbotx.output.OutputRaw - PONG irc.glados.tv
16:28:51.566 [botPool0-bot1] INFO  org.pircbotx.InputParser - PING :irc.glados.tv
16:28:51.566 [listenerPool0-thread43] INFO  org.pircbotx.output.OutputRaw - PONG irc.glados.tv
16:29:53.507 [botPool0-bot1] INFO  org.pircbotx.InputParser - PING :irc.glados.tv
16:29:53.508 [listenerPool0-thread48] INFO  org.pircbotx.output.OutputRaw - PONG irc.glados.tv
16:29:58.438 [botPool0-bot0] INFO  org.pircbotx.InputParser - :veeveechan!veeveechan@veeveechan.tmi.twitch.tv PRIVMSG #biogenx2b :I need to visit your garrison
16:29:58.438 [listenerPool0-thread48] INFO  org.pircbotx.output.OutputRaw - PRIVMSG #jdbener :Veeveechan: I need to visit your garrison
16:30:02.460 [botPool0-bot0] INFO  org.pircbotx.InputParser - :bananasinmyears!bananasinmyears@bananasinmyears.tmi.twitch.tv JOIN #biogenx2b
16:30:59.209 [botPool0-bot1] INFO  org.pircbotx.InputParser - PING :irc.glados.tv
16:30:59.210 [listenerPool0-thread54] INFO  org.pircbotx.output.OutputRaw - PONG irc.glados.tv
16:31:34.518 [botPool0-bot0] INFO  org.pircbotx.InputParser - :ethannex!ethannex@ethannex.tmi.twitch.tv PRIVMSG #biogenx2b :Hey bio, it's been a while since u streamed
16:31:34.518 [listenerPool0-thread54] INFO  org.pircbotx.output.OutputRaw - PRIVMSG #jdbener :Ethannex: Hey bio, it's been a while since u streamed
16:31:43.807 [botPool0-bot0] INFO  org.pircbotx.InputParser - :jdbener!jdbener@jdbener.tmi.twitch.tv PRIVMSG #biogenx2b :EATHAN
16:31:43.807 [listenerPool0-thread56] INFO  org.pircbotx.output.OutputRaw - PRIVMSG #jdbener :Jdbener: EATHAN
16:31:46.592 [botPool0-bot0] INFO  org.pircbotx.InputParser - PING :tmi.twitch.tv
16:31:46.593 [listenerPool0-thread49] INFO  org.pircbotx.output.OutputRaw - PONG tmi.twitch.tv
16:31:49.051 [botPool0-bot0] INFO  org.pircbotx.InputParser - :jdbener!jdbener@jdbener.tmi.twitch.tv PRIVMSG #biogenx2b :hi
16:31:49.051 [listenerPool0-thread48] INFO  org.pircbotx.output.OutputRaw - PRIVMSG #jdbener :Jdbener: hi
16:31:57.487 [botPool0-bot0] INFO  org.pircbotx.InputParser - :ethannex!ethannex@ethannex.tmi.twitch.tv JOIN #biogenx2b
16:32:13.663 [botPool0-bot0] INFO  org.pircbotx.InputParser - :veeveechan!veeveechan@veeveechan.tmi.twitch.tv PRIVMSG #biogenx2b :Hello!
16:32:13.663 [listenerPool0-thread48] INFO  org.pircbotx.output.OutputRaw - PRIVMSG #jdbener :Veeveechan: Hello!
16:32:35.835 [botPool0-bot0] INFO  org.pircbotx.InputParser - :jdbener!jdbener@jdbener.tmi.twitch.tv PRIVMSG #biogenx2b :bio you wernt playing smash on saturday
16:32:35.835 [listenerPool0-thread50] INFO  org.pircbotx.output.OutputRaw - PRIVMSG #jdbener :Jdbener: bio you wernt playing smash on saturday
16:32:41.924 [botPool0-bot0] INFO  org.pircbotx.InputParser - :jdbener!jdbener@jdbener.tmi.twitch.tv PRIVMSG #biogenx2b :i was kinda bummed
16:32:41.925 [listenerPool0-thread53] INFO  org.pircbotx.output.OutputRaw - PRIVMSG #jdbener :Jdbener: i was kinda bummed
16:32:43.032 [botPool0-bot0] INFO  org.pircbotx.InputParser - :moobot!moobot@moobot.tmi.twitch.tv PRIVMSG #biogenx2b :- Save BIG on Warlords of Draenor: http://www.g2a.com/r/wod40 •• The Sims Medieval: http://www.g2a.com/r/thesimsmedieval •• Dragon Age: Inqusition http://www.g2a.com/r/da3discount •• AND MUCH MORE at the G2A store! Use !gs for more info.
16:32:43.032 [listenerPool0-thread49] INFO  org.pircbotx.output.OutputRaw - PRIVMSG #jdbener :Moobot: - Save BIG on Warlords of Draenor: http://www.g2a.com/r/wod40 •• The Sims Medieval: http://www.g2a.com/r/thesimsmedieval •• Dragon Age: Inqusition http://www.g2a.com/r/da3discount •• AND MUCH MORE at the G2A store! Use !gs for more info.
16:32:43.578 [botPool0-bot1] INFO  org.pircbotx.InputParser - :bennerbot!bennerbot@ip.bennerbot.chat.hitbox.tv PRIVMSG #jdbener :Moobot: - Save BIG on Warlords of Draenor: http://www.g2a.com/r/wod40 •• The Sims Medieval: http://www.g2a.com/r/thesimsmedieval •• Dragon Age: Inqusition http://www.g2a.com/r/da3discount •• AND MUCH MORE at the G2A store! Use !gs for more info.
16:33:04.716 [botPool0-bot0] INFO  org.pircbotx.InputParser - :veeveechan!veeveechan@veeveechan.tmi.twitch.tv PRIVMSG #biogenx2b :brb
16:33:04.716 [listenerPool0-thread52] INFO  org.pircbotx.output.OutputRaw - PRIVMSG #jdbener :Veeveechan: brb
16:33:54.598 [botPool0-bot0] INFO  org.pircbotx.InputParser - :jtv MODE #biogenx2b -o gwydo
16:33:54.603 [botPool0-bot0] INFO  org.pircbotx.InputParser - :jtv MODE #biogenx2b -o biogenx2b
16:33:54.604 [botPool0-bot0] INFO  org.pircbotx.InputParser - :jtv MODE #biogenx2b -o veeveechan
16:33:54.604 [botPool0-bot0] INFO  org.pircbotx.InputParser - :jtv MODE #biogenx2b -o moobot
16:33:54.605 [botPool0-bot0] INFO  org.pircbotx.InputParser - :jtv MODE #biogenx2b -o jdbener
16:34:06.824 [botPool0-bot1] INFO  org.pircbotx.InputParser - PING :irc.glados.tv
16:34:06.825 [listenerPool0-thread64] INFO  org.pircbotx.output.OutputRaw - PONG irc.glados.tv
16:34:52.542 [botPool0-bot0] INFO  org.pircbotx.InputParser - :jtv MODE #biogenx2b +o jdbener
16:34:52.543 [botPool0-bot0] INFO  org.pircbotx.InputParser - :jtv MODE #biogenx2b +o moobot
16:34:52.543 [botPool0-bot0] INFO  org.pircbotx.InputParser - :jtv MODE #biogenx2b +o gwydo
16:34:52.544 [botPool0-bot0] INFO  org.pircbotx.InputParser - :jtv MODE #biogenx2b +o biogenx2b
16:34:52.544 [botPool0-bot0] INFO  org.pircbotx.InputParser - :jtv MODE #biogenx2b +o veeveechan
16:35:08.154 [botPool0-bot1] INFO  org.pircbotx.InputParser - PING :irc.glados.tv
16:35:08.155 [listenerPool0-thread62] INFO  org.pircbotx.output.OutputRaw - PONG irc.glados.tv
16:35:35.231 [botPool0-bot0] INFO  org.pircbotx.InputParser - :ethannex!ethannex@ethannex.tmi.twitch.tv PRIVMSG #biogenx2b :Huh, I must just be really bored, I only have my phone and 360 to pass the time since I sold my laptop, anyway I live in AZ and I'm going to visit family in Utah on Wed-Sun for thanksgiving, I can't wait :D
16:35:35.232 [listenerPool0-thread53] INFO  org.pircbotx.output.OutputRaw - PRIVMSG #jdbener :Ethannex: Huh, I must just be really bored, I only have my phone and 360 to pass the time since I sold my laptop, anyway I live in AZ and I'm going to visit family in Utah on Wed-Sun for thanksgiving, I can't wait :D
16:36:22.157 [botPool0-bot0] INFO  org.pircbotx.InputParser - :jdbener!jdbener@jdbener.tmi.twitch.tv PRIVMSG #biogenx2b :i have a friend who lives in arizon
16:36:22.158 [listenerPool0-thread48] INFO  org.pircbotx.output.OutputRaw - PRIVMSG #jdbener :Jdbener: i have a friend who lives in arizon
16:36:22.986 [botPool0-bot0] INFO  org.pircbotx.InputParser - :jdbener!jdbener@jdbener.tmi.twitch.tv PRIVMSG #biogenx2b :a
16:36:23.159 [listenerPool0-thread62] INFO  org.pircbotx.output.OutputRaw - PRIVMSG #jdbener :Jdbener: a
16:36:28.111 [botPool0-bot0] INFO  org.pircbotx.InputParser - PING :tmi.twitch.tv
16:36:28.111 [listenerPool0-thread62] INFO  org.pircbotx.output.OutputRaw - PONG tmi.twitch.tv
16:36:29.532 [botPool0-bot0] INFO  org.pircbotx.InputParser - :jdbener!jdbener@jdbener.tmi.twitch.tv PRIVMSG #biogenx2b :he says its hot there
16:36:29.532 [listenerPool0-thread56] INFO  org.pircbotx.output.OutputRaw - PRIVMSG #jdbener :Jdbener: he says its hot there
16:36:35.067 [botPool0-bot0] INFO  org.pircbotx.InputParser - :bananasinmyears!bananasinmyears@bananasinmyears.tmi.twitch.tv PRIVMSG #biogenx2b :i wish i had thanksgiving in my country i could go for some turkey
16:36:35.068 [listenerPool0-thread49] INFO  org.pircbotx.output.OutputRaw - PRIVMSG #jdbener :Bananasinmyears: i wish i had thanksgiving in my country i could go for some turkey
16:36:55.162 [botPool0-bot0] INFO  org.pircbotx.InputParser - :jdbener!jdbener@jdbener.tmi.twitch.tv PRIVMSG #biogenx2b :where do you live bananas?
16:36:55.162 [listenerPool0-thread62] INFO  org.pircbotx.output.OutputRaw - PRIVMSG #jdbener :Jdbener: where do you live bananas?
16:37:02.767 [botPool0-bot0] INFO  org.pircbotx.InputParser - :bananasinmyears!bananasinmyears@bananasinmyears.tmi.twitch.tv PRIVMSG #biogenx2b :uk
16:37:02.768 [listenerPool0-thread56] INFO  org.pircbotx.output.OutputRaw - PRIVMSG #jdbener :Bananasinmyears: uk
16:37:12.336 [botPool0-bot0] INFO  org.pircbotx.InputParser - :gwydo!gwydo@gwydo.tmi.twitch.tv PRIVMSG #biogenx2b :back soon(ish) Meat going on BBQ. 
16:37:12.336 [listenerPool0-thread61] INFO  org.pircbotx.output.OutputRaw - PRIVMSG #jdbener :Gwydo: back soon(ish) Meat going on BBQ.
16:38:12.896 [botPool0-bot1] INFO  org.pircbotx.InputParser - PING :irc.glados.tv
16:38:12.897 [listenerPool0-thread67] INFO  org.pircbotx.output.OutputRaw - PONG irc.glados.tv
16:38:47.908 [botPool0-bot0] INFO  org.pircbotx.InputParser - :veeveechan!veeveechan@veeveechan.tmi.twitch.tv PRIVMSG #biogenx2b :are you just soloing these in heroic?
16:38:47.908 [listenerPool0-thread67] INFO  org.pircbotx.output.OutputRaw - PRIVMSG #jdbener :Veeveechan: are you just soloing these in heroic?
16:39:48.409 [botPool0-bot1] INFO  org.pircbotx.InputParser - PING :irc.glados.tv
16:39:48.409 [listenerPool0-thread76] INFO  org.pircbotx.output.OutputRaw - PONG irc.glados.tv
16:40:18.242 [botPool0-bot0] INFO  org.pircbotx.InputParser - :ethannex!ethannex@ethannex.tmi.twitch.tv PRIVMSG #biogenx2b :Ya, I live in Gilbert, AZ and it's definitely hot, but it's cooling down since it's winter
16:40:18.243 [listenerPool0-thread77] INFO  org.pircbotx.output.OutputRaw - PRIVMSG #jdbener :Ethannex: Ya, I live in Gilbert, AZ and it's definitely hot, but it's cooling down since it's winter
16:40:31.219 [botPool0-bot0] INFO  org.pircbotx.InputParser - PING :tmi.twitch.tv
16:40:31.219 [listenerPool0-thread78] INFO  org.pircbotx.output.OutputRaw - PONG tmi.twitch.tv
16:40:43.312 [botPool0-bot0] INFO  org.pircbotx.InputParser - :veeveechan!veeveechan@veeveechan.tmi.twitch.tv PRIVMSG #biogenx2b :why don't you cue up for that specific dungeon that you need?
16:40:43.313 [listenerPool0-thread83] INFO  org.pircbotx.output.OutputRaw - PRIVMSG #jdbener :Veeveechan: why don't you cue up for that specific dungeon that you need?
16:41:43.899 [botPool0-bot1] INFO  org.pircbotx.InputParser - PING :irc.glados.tv
16:41:43.900 [listenerPool0-thread85] INFO  org.pircbotx.output.OutputRaw - PONG irc.glados.tv
16:41:49.349 [botPool0-bot0] INFO  org.pircbotx.InputParser - :veeveechan!veeveechan@veeveechan.tmi.twitch.tv PRIVMSG #biogenx2b :my curse client just got orrupted, i need to redo allmy add ons
16:41:49.350 [listenerPool0-thread85] INFO  org.pircbotx.output.OutputRaw - PRIVMSG #jdbener :Veeveechan: my curse client just got orrupted, i need to redo allmy add ons
16:41:51.912 [botPool0-bot0] INFO  org.pircbotx.InputParser - :veeveechan!veeveechan@veeveechan.tmi.twitch.tv PRIVMSG #biogenx2b :screaming intensifies
16:41:51.912 [listenerPool0-thread93] INFO  org.pircbotx.output.OutputRaw - PRIVMSG #jdbener :Veeveechan: screaming intensifies
16:42:24.181 [botPool0-bot0] INFO  org.pircbotx.InputParser - :bananasinmyears!bananasinmyears@bananasinmyears.tmi.twitch.tv PART #biogenx2b
16:42:24.184 [botPool0-bot0] WARN  org.pircbotx.Channel - Channel #biogenx2b mode '' is stale
16:42:24.199 [botPool0-bot0] WARN  org.pircbotx.Channel - Channel #biogenx2b mode '' is stale
16:42:52.790 [botPool0-bot1] INFO  org.pircbotx.InputParser - PING :irc.glados.tv
16:42:52.791 [listenerPool0-thread90] INFO  org.pircbotx.output.OutputRaw - PONG irc.glados.tv
16:43:54.174 [botPool0-bot1] INFO  org.pircbotx.InputParser - PING :irc.glados.tv
16:43:54.176 [listenerPool0-thread94] INFO  org.pircbotx.output.OutputRaw - PONG irc.glados.tv
16:44:24.667 [botPool0-bot0] INFO  org.pircbotx.InputParser - :ethannex!ethannex@ethannex.tmi.twitch.tv PART #biogenx2b
16:44:24.667 [botPool0-bot0] WARN  org.pircbotx.Channel - Channel #biogenx2b mode '' is stale
16:44:24.668 [botPool0-bot0] WARN  org.pircbotx.Channel - Channel #biogenx2b mode '' is stale
16:44:56.460 [botPool0-bot1] INFO  org.pircbotx.InputParser - PING :irc.glados.tv
16:44:56.460 [listenerPool0-thread95] INFO  org.pircbotx.output.OutputRaw - PONG irc.glados.tv
16:44:59.825 [botPool0-bot0] INFO  org.pircbotx.InputParser - PING :tmi.twitch.tv
16:44:59.826 [listenerPool0-thread103] INFO  org.pircbotx.output.OutputRaw - PONG tmi.twitch.tv
16:45:57.855 [botPool0-bot1] INFO  org.pircbotx.InputParser - PING :irc.glados.tv
16:45:57.855 [listenerPool0-thread103] INFO  org.pircbotx.output.OutputRaw - PONG irc.glados.tv
16:46:59.497 [botPool0-bot1] INFO  org.pircbotx.InputParser - PING :irc.glados.tv
16:46:59.498 [listenerPool0-thread104] INFO  org.pircbotx.output.OutputRaw - PONG irc.glados.tv
16:47:36.244 [botPool0-bot0] INFO  org.pircbotx.InputParser - :moobot!moobot@moobot.tmi.twitch.tv PART #biogenx2b
16:47:36.244 [botPool0-bot0] WARN  org.pircbotx.Channel - Channel #biogenx2b mode '' is stale
16:47:36.244 [botPool0-bot0] WARN  org.pircbotx.Channel - Channel #biogenx2b mode '' is stale
16:47:36.245 [botPool0-bot0] INFO  org.pircbotx.InputParser - :jtv MODE #biogenx2b -o moobot
16:47:59.791 [botPool0-bot1] INFO  org.pircbotx.InputParser - PING :irc.glados.tv
16:47:59.791 [listenerPool0-thread110] INFO  org.pircbotx.output.OutputRaw - PONG irc.glados.tv
16:48:44.896 [botPool0-bot0] INFO  org.pircbotx.InputParser - :moobot!moobot@moobot.tmi.twitch.tv JOIN #biogenx2b
16:48:44.897 [botPool0-bot0] INFO  org.pircbotx.InputParser - :jtv MODE #biogenx2b +o moobot
16:49:02.180 [botPool0-bot1] INFO  org.pircbotx.InputParser - PING :irc.glados.tv
16:49:02.181 [listenerPool0-thread106] INFO  org.pircbotx.output.OutputRaw - PONG irc.glados.tv
16:49:28.148 [bot2-shutdownhook] INFO  org.pircbotx.output.OutputRaw - QUIT :
16:49:28.149 [bot2-shutdownhook] INFO  org.pircbotx.dcc.DccHandler - Terminating all transfers waiting to be accepted
16:49:28.149 [botPool0-bot1] INFO  org.pircbotx.PircBotX - Shutdown has been called, closing InputParser
16:49:28.150 [bot2-shutdownhook] DEBUG org.pircbotx.PircBotX - Disconnected.
16:49:28.151 [bot2-shutdownhook] INFO  org.pircbotx.output.OutputRaw - QUIT :
16:49:28.150 [botPool0-bot1] DEBUG o.p.MultiBotManager$BotFutureCallback - Bot #1 finished
16:49:28.153 [bot2-shutdownhook] WARN  org.pircbotx.Channel - Channel #biogenx2b mode '' is stale
16:49:28.153 [bot2-shutdownhook] WARN  org.pircbotx.Channel - Channel #biogenx2b mode '' is stale
16:49:28.153 [bot2-shutdownhook] INFO  org.pircbotx.dcc.DccHandler - Terminating all transfers waiting to be accepted
16:49:28.154 [botPool0-bot0] INFO  org.pircbotx.PircBotX - Shutdown has been called, closing InputParser
16:49:28.154 [botPool0-bot0] DEBUG o.p.MultiBotManager$BotFutureCallback - Bot #0 finished
16:49:28.154 [bot2-shutdownhook] DEBUG org.pircbotx.PircBotX - Disconnected.
16:49:28.154 [bot2-shutdownhook] DEBUG o.p.h.m.ThreadedListenerManager - Waiting for listener me.jdbener.apis.hitbox.HitboxStatusGameUpdater@523a4f93 to execute event DisconnectEvent(daoSnapshot=org.pircbotx.snapshot.UserChannelDaoSnapshot@4e57790a, disconnectException=null)
16:49:28.154 [bot2-shutdownhook] DEBUG o.p.h.m.ThreadedListenerManager - Waiting for listener me.jdbener.utilities.Infromation@2e2e06bd to execute event DisconnectEvent(daoSnapshot=org.pircbotx.snapshot.UserChannelDaoSnapshot@4e57790a, disconnectException=null)
16:49:28.154 [bot2-shutdownhook] DEBUG o.p.h.m.ThreadedListenerManager - Waiting for listener me.jdbener.utilities.ChatRelayHandeler@4158c7fa to execute event DisconnectEvent(daoSnapshot=org.pircbotx.snapshot.UserChannelDaoSnapshot@4e57790a, disconnectException=null)
