10:02:41.274 [main] INFO  me.jdbener.Bennerbot - Begining plugin loading
10:02:41.372 [main] INFO  me.jdbener.Bennerbot - Finished looking for plugins in: plugins
10:02:41.373 [main] INFO  me.jdbener.Bennerbot - Finished looking for plugins in: plugins/BasicCommands
10:02:41.375 [main] INFO  me.jdbener.Bennerbot - Finished looking for plugins in: plugins/dissabled
10:02:41.377 [main] INFO  me.jdbener.Bennerbot - Beggining pluging loading sequence
10:02:41.377 [main] INFO  me.jdbener.Bennerbot - Finished pluging loading sequence
10:02:41.377 [main] INFO  me.jdbener.Bennerbot - Proceading with BennerBot initiation sequence
10:02:41.489 [main] DEBUG org.pircbotx.MultiBotManager - Not started yet, add to queue
10:02:41.489 [main] DEBUG org.pircbotx.MultiBotManager - Not started yet, add to queue
10:02:41.504 [botPool0-bot0] DEBUG org.pircbotx.PircBotX - Trying address irc.twitch.tv/199.9.252.28
10:02:41.533 [botPool0-bot0] INFO  org.pircbotx.PircBotX - Connected to server.
10:02:41.540 [botPool0-bot0] INFO  org.pircbotx.output.OutputRaw - PASS oauth:hrr2wpqq0knt6sb0spzd3d1mugpdezf
10:02:41.540 [botPool0-bot0] INFO  org.pircbotx.output.OutputRaw - NICK bennerbot
10:02:41.540 [botPool0-bot0] INFO  org.pircbotx.output.OutputRaw - USER BennerBot 8 * :PircBotX 2.0.1, a fork of PircBot, the Java IRC bot - pircbotx.googlecode.com
10:02:41.567 [main] INFO  me.jdbener.Bennerbot - Started Loading the GUI
10:02:41.600 [botPool0-bot0] INFO  org.pircbotx.InputParser - :tmi.twitch.tv 001 bennerbot :Welcome, GLHF!
10:02:41.603 [botPool0-bot1] DEBUG org.pircbotx.PircBotX - Trying address irc.glados.tv/192.99.100.37
10:02:41.612 [botPool0-bot0] DEBUG org.pircbotx.InputParser - Logged onto server.
10:02:41.717 [botPool0-bot1] INFO  org.pircbotx.PircBotX - Connected to server.
10:02:41.717 [botPool0-bot1] INFO  org.pircbotx.output.OutputRaw - PASS bennerbot
10:02:41.718 [botPool0-bot1] INFO  org.pircbotx.output.OutputRaw - NICK bennerbot
10:02:41.718 [botPool0-bot1] INFO  org.pircbotx.output.OutputRaw - USER BennerBot 8 * :PircBotX 2.0.1, a fork of PircBot, the Java IRC bot - pircbotx.googlecode.com
10:02:42.541 [botPool0-bot0] INFO  org.pircbotx.output.OutputRaw - JOIN #irish_00 
10:02:42.541 [botPool0-bot0] INFO  org.pircbotx.InputParser - :tmi.twitch.tv 002 bennerbot :Your host is tmi.twitch.tv
10:02:42.542 [botPool0-bot0] INFO  org.pircbotx.InputParser - :tmi.twitch.tv 003 bennerbot :This server is rather new
10:02:42.543 [botPool0-bot0] INFO  org.pircbotx.InputParser - :tmi.twitch.tv 004 bennerbot :-
10:02:42.550 [botPool0-bot0] ERROR org.pircbotx.PircBotX - Exception encountered when parsing line
java.lang.IndexOutOfBoundsException: Index: 1, Size: 1
	at java.util.ArrayList.rangeCheck(Unknown Source) ~[na:1.7.0_45]
	at java.util.ArrayList.get(Unknown Source) ~[na:1.7.0_45]
	at org.pircbotx.ServerInfo.parse004(ServerInfo.java:113) ~[pircbotx-2.0.1.jar:na]
	at org.pircbotx.ServerInfo.parse(ServerInfo.java:106) ~[pircbotx-2.0.1.jar:na]
	at org.pircbotx.InputParser.processServerResponse(InputParser.java:709) ~[pircbotx-2.0.1.jar:na]
	at org.pircbotx.InputParser.handleLine(InputParser.java:323) ~[pircbotx-2.0.1.jar:na]
	at org.pircbotx.PircBotX.startLineProcessing(PircBotX.java:275) [pircbotx-2.0.1.jar:na]
	at org.pircbotx.PircBotX.connect(PircBotX.java:236) [pircbotx-2.0.1.jar:na]
	at org.pircbotx.MultiBotManager$BotRunner.call(MultiBotManager.java:219) [pircbotx-2.0.1.jar:na]
	at org.pircbotx.MultiBotManager$BotRunner.call(MultiBotManager.java:212) [pircbotx-2.0.1.jar:na]
	at java.util.concurrent.FutureTask.run(Unknown Source) [na:1.7.0_45]
	at java.util.concurrent.ThreadPoolExecutor.runWorker(Unknown Source) [na:1.7.0_45]
	at java.util.concurrent.ThreadPoolExecutor$Worker.run(Unknown Source) [na:1.7.0_45]
	at java.lang.Thread.run(Unknown Source) [na:1.7.0_45]
10:02:42.550 [botPool0-bot0] INFO  org.pircbotx.InputParser - :tmi.twitch.tv 375 bennerbot :-
10:02:42.551 [botPool0-bot0] INFO  org.pircbotx.InputParser - :tmi.twitch.tv 372 bennerbot :You are in a maze of twisty passages, all alike.
10:02:42.552 [botPool0-bot0] INFO  org.pircbotx.InputParser - :tmi.twitch.tv 376 bennerbot :>
10:02:42.605 [botPool0-bot0] INFO  org.pircbotx.InputParser - :bennerbot!bennerbot@bennerbot.tmi.twitch.tv JOIN #irish_00
10:02:43.542 [botPool0-bot0] INFO  org.pircbotx.output.OutputRaw - WHO #irish_00
10:02:43.586 [botPool0-bot1] INFO  org.pircbotx.InputParser - :irc.glados.tv 001 bennerbot :Welcome to the hitbox-tv IRC Network bennerbot!BennerBot@ip.bennerbot.chat.hitbox.tv (Connection ID: 683a8732-dd41-4aca-9651-eccc1b3635bc)
10:02:43.586 [botPool0-bot1] DEBUG org.pircbotx.InputParser - Logged onto server.
10:02:43.586 [botPool0-bot1] INFO  org.pircbotx.output.OutputRaw - JOIN #jdbener 
10:02:43.588 [botPool0-bot1] INFO  org.pircbotx.InputParser - :irc.glados.tv 002 bennerbot :Your host is irc.glados.tv, running version IrcD.Net, Version=0.3.5351.28745, Culture=neutral, PublicKeyToken=null
10:02:43.589 [botPool0-bot1] INFO  org.pircbotx.InputParser - :irc.glados.tv 003 bennerbot :This server was created 11/13/2014 6:08:51 AM
10:02:43.590 [botPool0-bot1] INFO  org.pircbotx.InputParser - :irc.glados.tv 004 bennerbot :irc.glados.tv ircD.Net.0.3.5351.28745 Oiorwx ahovITbceiklmnpst
10:02:43.590 [botPool0-bot1] ERROR org.pircbotx.PircBotX - Exception encountered when parsing line
java.lang.IndexOutOfBoundsException: Index: 1, Size: 1
	at java.util.ArrayList.rangeCheck(Unknown Source) ~[na:1.7.0_45]
	at java.util.ArrayList.get(Unknown Source) ~[na:1.7.0_45]
	at org.pircbotx.ServerInfo.parse004(ServerInfo.java:113) ~[pircbotx-2.0.1.jar:na]
	at org.pircbotx.ServerInfo.parse(ServerInfo.java:106) ~[pircbotx-2.0.1.jar:na]
	at org.pircbotx.InputParser.processServerResponse(InputParser.java:709) ~[pircbotx-2.0.1.jar:na]
	at org.pircbotx.InputParser.handleLine(InputParser.java:323) ~[pircbotx-2.0.1.jar:na]
	at org.pircbotx.PircBotX.startLineProcessing(PircBotX.java:275) [pircbotx-2.0.1.jar:na]
	at org.pircbotx.PircBotX.connect(PircBotX.java:236) [pircbotx-2.0.1.jar:na]
	at org.pircbotx.MultiBotManager$BotRunner.call(MultiBotManager.java:219) [pircbotx-2.0.1.jar:na]
	at org.pircbotx.MultiBotManager$BotRunner.call(MultiBotManager.java:212) [pircbotx-2.0.1.jar:na]
	at java.util.concurrent.FutureTask.run(Unknown Source) [na:1.7.0_45]
	at java.util.concurrent.ThreadPoolExecutor.runWorker(Unknown Source) [na:1.7.0_45]
	at java.util.concurrent.ThreadPoolExecutor$Worker.run(Unknown Source) [na:1.7.0_45]
	at java.lang.Thread.run(Unknown Source) [na:1.7.0_45]
10:02:43.590 [botPool0-bot1] INFO  org.pircbotx.InputParser - :irc.glados.tv 005 bennerbot STD=draft03 PREFIX=(aohv)&@%+ CHANMODES=Ibe,k,l,Tcimnpst CHANTYPES=# CHANLIMIT=#:10 INEVEX=I EXCEPTS=e NETWORK=hitbox-tv CASEMAPPING=ascii CHANNELLEN=40 NICKLEN=32 MAXNICKLEN=32 TOPICLEN=300 KICKLEN=300 AWAYLEN=300 KNOCK LANGUAGE=5,af,sq,am,ar,hy,az,eu,be,bn,bh,bg,my,ca,chr,zh,zh-CN,zh-TW,hr,cs,da,dv,nl,en,eo,et,tl,fi,fr,gl,ka,de,el,gn,gu,iw,hi,hu,is,id,iu,it,ja,kn,kk,km,ko,ku,ky,lo,lv,lt,mk,ms,ml,mt,mr,mn,ne,no,or,ps,fa,pl,pt-PT,pa,ro,ru,sa,sr,sd :are supported by this server
10:02:43.591 [botPool0-bot1] INFO  org.pircbotx.InputParser - :irc.glados.tv 005 bennerbot LANGUAGE=5,si,sk,sl,es,sw,sv,tg,ta,te,th,bo,tr,uk,ur,uz,ug,vi SILENCE=25 RFC2812 :are supported by this server
10:02:43.592 [botPool0-bot1] INFO  org.pircbotx.InputParser - :irc.glados.tv 375 bennerbot :- irc.glados.tv Message of the day -
10:02:43.593 [botPool0-bot1] INFO  org.pircbotx.InputParser - :irc.glados.tv 372 bennerbot :-   +MMMMMMMMMMMMmdho+oddmNMMMMMMMMMMMMM $$\   $$\ $$\   $$\     $$\                                 $$$$$$\ $$$$$$$\   $$$$$$\  
10:02:43.594 [botPool0-bot1] INFO  org.pircbotx.InputParser - :irc.glados.tv 372 bennerbot :-   +MMMMMMMMNdoo/::-:///+osymNMMMMMMMMM $$ |  $$ |\__|  $$ |    $$ |                                \_$$  _|$$  __$$\ $$  __$$\ 
10:02:43.594 [botPool0-bot1] INFO  org.pircbotx.InputParser - :irc.glados.tv 372 bennerbot :-   +MMMMMMMMh::-----:////////dMMMMMMMMM $$ |  $$ |$$\ $$$$$$\   $$$$$$$\   $$$$$$\  $$\   $$\         $$ |  $$ |  $$ |$$ /  \__|
10:02:43.595 [botPool0-bot1] INFO  org.pircbotx.InputParser - :irc.glados.tv 372 bennerbot :-   +MMMMMMMMh:::----:////////dMMMMMMMMM $$$$$$$$ |$$ |\_$$  _|  $$  __$$\ $$  __$$\ \$$\ $$  |        $$ |  $$$$$$$  |$$ |     
10:02:43.596 [botPool0-bot1] INFO  org.pircbotx.InputParser - :irc.glados.tv 372 bennerbot :-   +MMMMMMMMh:::----:////////dMMMMMMMMM $$  __$$ |$$ |  $$ |    $$ |  $$ |$$ /  $$ | \$$$$  /         $$ |  $$  __$$< $$ |      
10:02:43.596 [botPool0-bot1] INFO  org.pircbotx.InputParser - :irc.glados.tv 372 bennerbot :-   +MMMMMMMMh::::---:////////dMMMMMMMMM $$ |  $$ |$$ |  $$ |$$\ $$ |  $$ |$$ |  $$ | $$  $$<          $$ |  $$ |  $$ |$$ |  $$\ 
10:02:43.597 [botPool0-bot1] INFO  org.pircbotx.InputParser - :irc.glados.tv 372 bennerbot :-   +MMMMMMMMh:::://++oo++++/+dMMMMMMMMM $$ |  $$ |$$ |  \$$$$  |$$$$$$$  |\$$$$$$  |$$  /\$$\       $$$$$$\ $$ |  $$ |\$$$$$$  |
10:02:43.597 [botPool0-bot1] INFO  org.pircbotx.InputParser - :irc.glados.tv 372 bennerbot :-   +MMMMMMMMmhmmdddddddddmmmmNMMMMMMMMM \__|  \__|\__|   \____/ \_______/  \______/ \__/  \__|      \______|\__|  \__| \______/ 
10:02:43.598 [botPool0-bot1] INFO  org.pircbotx.InputParser - :irc.glados.tv 372 bennerbot :-   +NyssssMyo+///:::::/+++oosyhMyyyhhMM
10:02:43.599 [botPool0-bot1] INFO  org.pircbotx.InputParser - :irc.glados.tv 372 bennerbot :-   +N:::::Mo::::::::::////++++yM+++ooNM $$$$$$$\            $$\                                                                 
10:02:43.600 [botPool0-bot1] INFO  org.pircbotx.InputParser - :irc.glados.tv 372 bennerbot :-   +N:::::Mo::::::::::///+++++yM++oooNM $$$$$$$\            $$\                           
10:02:43.699 [botPool0-bot1] INFO  org.pircbotx.InputParser - :irc.glados.tv 372 bennerbot :-   +N:::::Mo:::::::::://++++++yM+ooooNM $$  __$$\           $$ |                         
10:02:43.700 [botPool0-bot1] INFO  org.pircbotx.InputParser - :irc.glados.tv 372 bennerbot :-   +N:::::Mo:::::::::://++++++yMoooooNM $$ |  $$ | $$$$$$\  $$ | $$$$$$\  $$\   $$\          
10:02:43.700 [botPool0-bot1] INFO  org.pircbotx.InputParser - :irc.glados.tv 372 bennerbot :-   +N:::::Mo::::::::://+++++++yMoooooNM $$$$$$$  |$$  __$$\ $$ | \____$$\ $$ |  $$ |        
10:02:43.701 [botPool0-bot1] INFO  org.pircbotx.InputParser - :irc.glados.tv 372 bennerbot :-   +N/::::Mo:::::::::/++++++++yMoosyhMM $$  __$$< $$$$$$$$ |$$ | $$$$$$$ |$$ |  $$ |      
10:02:43.702 [botPool0-bot1] INFO  org.pircbotx.InputParser - :irc.glados.tv 372 bennerbot :-   +Mho//:Mo:::::::::/+++++++oyMhdNMMMM $$ |  $$ |$$   ____|$$ |$$  __$$ |$$ |  $$ |       
10:02:43.703 [botPool0-bot1] INFO  org.pircbotx.InputParser - :irc.glados.tv 372 bennerbot :-   +MMMMNhMy+/:::::::/++++oshmNMMMMMMMM $$ |  $$ |\$$$$$$$\ $$ |\$$$$$$$ |\$$$$$$$ |       
10:02:43.704 [botPool0-bot1] INFO  org.pircbotx.InputParser - :irc.glados.tv 372 bennerbot :-   +MMMMMMMhyddhs+/::/+oydmmhyhMMMMMMMM \__|  \__| \_______|\__| \_______| \____$$ |             -Community Driven
10:02:43.704 [botPool0-bot1] INFO  org.pircbotx.InputParser - :irc.glados.tv 372 bennerbot :-   +MMMMMMMo::/+shhhhddmdyo+ooyMMMMMMMM                                   $$\   $$ |      
10:02:43.705 [botPool0-bot1] INFO  org.pircbotx.InputParser - :irc.glados.tv 372 bennerbot :-   +MMMMMMMo:::::::/dNd+++++ooyMMMMMMMM                                   \$$$$$$  |  
10:02:43.706 [botPool0-bot1] INFO  org.pircbotx.InputParser - :irc.glados.tv 372 bennerbot :-   +MMMMMMMs::::::::hNh++++oooyMMMMMMMM                                    \______/  
10:02:43.706 [botPool0-bot1] INFO  org.pircbotx.InputParser - :irc.glados.tv 372 bennerbot :-   +MMMMMMMNdso//:::hNh++oosydNMMMMMMMM
10:02:43.707 [botPool0-bot1] INFO  org.pircbotx.InputParser - :irc.glados.tv 372 bennerbot :-   +MMMMMMMMMMMmdyo/dNh+shmNMMMMMMMMMMM
10:02:43.707 [botPool0-bot1] INFO  org.pircbotx.InputParser - :irc.glados.tv 372 bennerbot :-   +MMMMMMMMMMMMMMMNMMMNMMMMMMMMMMMMMMM
10:02:43.708 [botPool0-bot1] INFO  org.pircbotx.InputParser - :irc.glados.tv 372 bennerbot :-   
10:02:43.709 [botPool0-bot1] INFO  org.pircbotx.InputParser - :irc.glados.tv 372 bennerbot :-   Join #help for problems/assistance. To join channels, use the lowercase version of the channel name (ex. Danbopes => #danbopes)
10:02:43.709 [botPool0-bot1] INFO  org.pircbotx.InputParser - :irc.glados.tv 372 bennerbot :-   
10:02:43.710 [botPool0-bot1] INFO  org.pircbotx.InputParser - :irc.glados.tv 376 bennerbot :End of MOTD command
10:02:43.712 [botPool0-bot1] INFO  org.pircbotx.InputParser - :irc.glados.tv 251 bennerbot :There are 128 users and 0 services on 1 servers
10:02:43.713 [botPool0-bot1] INFO  org.pircbotx.InputParser - :irc.glados.tv 252 bennerbot 0 :operator(s) online
10:02:43.714 [botPool0-bot1] INFO  org.pircbotx.InputParser - :irc.glados.tv 253 bennerbot 7 :unknown connection(s)
10:02:43.715 [botPool0-bot1] INFO  org.pircbotx.InputParser - :irc.glados.tv 254 bennerbot 1 :channels formed
10:02:43.715 [botPool0-bot1] INFO  org.pircbotx.InputParser - :irc.glados.tv 255 bennerbot :I have 128 clients and 1 servers
10:02:44.543 [botPool0-bot0] INFO  org.pircbotx.output.OutputRaw - MODE #irish_00
10:02:44.547 [botPool0-bot0] INFO  org.pircbotx.InputParser - :bennerbot.tmi.twitch.tv 353 bennerbot = #irish_00 :bennerbot
10:02:44.547 [botPool0-bot0] INFO  org.pircbotx.InputParser - :bennerbot.tmi.twitch.tv 366 bennerbot #irish_00 :End of /NAMES list
10:02:44.548 [botPool0-bot0] INFO  org.pircbotx.InputParser - :jtv!jtv@jtv.tmi.twitch.tv PRIVMSG bennerbot :USERCOLOR bennerbot #FF0000
10:02:44.548 [botPool0-bot0] INFO  org.pircbotx.InputParser - :jtv!jtv@jtv.tmi.twitch.tv PRIVMSG bennerbot :HISTORYEND irish_00
10:02:44.549 [botPool0-bot0] INFO  org.pircbotx.InputParser - :tmi.twitch.tv 421 bennerbot WHO :Unknown command
10:02:45.544 [listenerPool0-thread2] INFO  org.pircbotx.output.OutputRaw - PRIVMSG #irish_00 :/color #ff0000
10:02:45.544 [listenerPool0-thread2] INFO  org.pircbotx.output.OutputRaw - PRIVMSG #jdbener :/color #ff0000
10:02:45.609 [botPool0-bot0] INFO  org.pircbotx.InputParser - :jtv!jtv@jtv.tmi.twitch.tv PRIVMSG bennerbot :USERCOLOR bennerbot #FF0000
10:02:45.609 [botPool0-bot0] INFO  org.pircbotx.InputParser - :jtv!jtv@jtv.tmi.twitch.tv PRIVMSG bennerbot :Your color has been changed
10:02:46.545 [listenerPool0-thread2] INFO  org.pircbotx.output.OutputRaw - TWITCHCLIENT 1
10:02:47.546 [listenerPool0-thread1] INFO  org.pircbotx.output.OutputRaw - PRIVMSG #irish_00 :/color #ff0000
10:02:47.546 [listenerPool0-thread1] INFO  org.pircbotx.output.OutputRaw - PRIVMSG #jdbener :/color #ff0000
10:02:47.609 [botPool0-bot0] INFO  org.pircbotx.InputParser - :jtv!jtv@jtv.tmi.twitch.tv PRIVMSG bennerbot :USERCOLOR bennerbot #FF0000
10:02:47.609 [botPool0-bot0] INFO  org.pircbotx.InputParser - :jtv!jtv@jtv.tmi.twitch.tv PRIVMSG bennerbot :Your color has been changed
10:02:50.727 [botPool0-bot1] INFO  org.pircbotx.InputParser - :bennerbot!BennerBot@ip.bennerbot.chat.hitbox.tv JOIN #jdbener
10:02:50.727 [botPool0-bot1] INFO  org.pircbotx.output.OutputRaw - WHO #jdbener
10:02:51.728 [botPool0-bot1] INFO  org.pircbotx.output.OutputRaw - MODE #jdbener
10:02:51.728 [botPool0-bot1] INFO  org.pircbotx.InputParser - :irc.glados.tv 332 bennerbot #jdbener :test
10:02:51.729 [botPool0-bot1] INFO  org.pircbotx.InputParser - :irc.glados.tv 353 bennerbot = #jdbener :%bennerbot
10:02:51.730 [botPool0-bot1] INFO  org.pircbotx.InputParser - :irc.glados.tv 366 bennerbot #jdbener :End of NAMES list
10:02:57.035 [botPool0-bot1] INFO  org.pircbotx.InputParser - :irc.glados.tv 315 bennerbot #jdbener :End of /WHO list.
10:02:57.348 [botPool0-bot1] INFO  org.pircbotx.InputParser - :irc.glados.tv 324 bennerbot #jdbener +
10:02:57.351 [botPool0-bot1] INFO  org.pircbotx.InputParser - :bennerbot!bennerbot@ip.bennerbot.chat.hitbox.tv PRIVMSG #jdbener :/color #ff0000
10:02:57.352 [listenerPool0-thread5] INFO  org.pircbotx.output.OutputRaw - PRIVMSG #irish_00 :Bennerbot: /color #ff0000
10:02:57.515 [botPool0-bot0] INFO  org.pircbotx.InputParser - :jtv PRIVMSG bennerbot :USERCOLOR bennerbot #FF0000
10:03:13.321 [botPool0-bot0] INFO  org.pircbotx.InputParser - :jtv PRIVMSG bennerbot :USERCOLOR jdbener #1E90FF
10:03:13.324 [botPool0-bot0] INFO  org.pircbotx.InputParser - :jdbener!jdbener@jdbener.tmi.twitch.tv PRIVMSG #irish_00 :ัะตั?ั
10:03:13.324 [listenerPool0-thread9] INFO  org.pircbotx.output.OutputRaw - PRIVMSG #jdbener :Jdbener: ัะตั?ั
10:03:36.219 [botPool0-bot0] INFO  org.pircbotx.InputParser - :jtv PRIVMSG bennerbot :USERCOLOR jdbener #1E90FF
10:03:36.222 [botPool0-bot0] INFO  org.pircbotx.InputParser - :jdbener!jdbener@jdbener.tmi.twitch.tv PRIVMSG #irish_00 :my version is better
10:03:36.222 [listenerPool0-thread12] INFO  org.pircbotx.output.OutputRaw - PRIVMSG #jdbener :Jdbener: my version is better
10:03:41.657 [botPool0-bot0] INFO  org.pircbotx.InputParser - :jdbener!jdbener@jdbener.tmi.twitch.tv JOIN #irish_00
10:03:41.658 [botPool0-bot0] INFO  org.pircbotx.InputParser - :deadmen_tony!deadmen_tony@deadmen_tony.tmi.twitch.tv JOIN #irish_00
10:03:41.658 [botPool0-bot0] INFO  org.pircbotx.InputParser - :king_corno!king_corno@king_corno.tmi.twitch.tv JOIN #irish_00
10:03:41.658 [botPool0-bot0] INFO  org.pircbotx.InputParser - :irish_00!irish_00@irish_00.tmi.twitch.tv JOIN #irish_00
10:03:41.659 [botPool0-bot0] INFO  org.pircbotx.InputParser - :thorst4n!thorst4n@thorst4n.tmi.twitch.tv JOIN #irish_00
10:03:41.659 [botPool0-bot0] INFO  org.pircbotx.InputParser - :vorkoz!vorkoz@vorkoz.tmi.twitch.tv JOIN #irish_00
10:03:41.659 [botPool0-bot0] INFO  org.pircbotx.InputParser - :jtv MODE #irish_00 +o bennerbot
10:03:41.665 [botPool0-bot0] INFO  org.pircbotx.InputParser - :jtv MODE #irish_00 +o jdbener
10:03:41.666 [botPool0-bot0] INFO  org.pircbotx.InputParser - :jtv MODE #irish_00 +o irish_00
10:03:52.421 [botPool0-bot0] INFO  org.pircbotx.InputParser - :jtv PRIVMSG bennerbot :USERCOLOR jdbener #1E90FF
10:03:52.424 [botPool0-bot0] INFO  org.pircbotx.InputParser - :jdbener!jdbener@jdbener.tmi.twitch.tv PRIVMSG #irish_00 :#nobiased
10:03:52.424 [listenerPool0-thread2] INFO  org.pircbotx.output.OutputRaw - PRIVMSG #jdbener :Jdbener: #nobiased
10:04:22.952 [botPool0-bot0] INFO  org.pircbotx.InputParser - :jtv PRIVMSG bennerbot :USERCOLOR thorst4n #1E90FF
10:04:22.954 [botPool0-bot0] INFO  org.pircbotx.InputParser - :thorst4n!thorst4n@thorst4n.tmi.twitch.tv PRIVMSG #irish_00 :that building jumped in front of you ^^
10:04:22.955 [listenerPool0-thread10] INFO  org.pircbotx.output.OutputRaw - PRIVMSG #jdbener :Thorst4n: that building jumped in front of you ^^
10:05:24.745 [botPool0-bot1] INFO  org.pircbotx.InputParser - PING :irc.glados.tv
10:05:24.746 [listenerPool0-thread1] INFO  org.pircbotx.output.OutputRaw - PONG irc.glados.tv
10:06:05.469 [botPool0-bot0] INFO  org.pircbotx.InputParser - :jtv PRIVMSG bennerbot :USERCOLOR jdbener #1E90FF
10:06:05.476 [botPool0-bot0] INFO  org.pircbotx.InputParser - :jdbener!jdbener@jdbener.tmi.twitch.tv PRIVMSG #irish_00 :\u0442\u0435\u043a\u0441\u0442
10:06:05.477 [listenerPool0-thread1] INFO  org.pircbotx.output.OutputRaw - PRIVMSG #jdbener :Jdbener: \u0442\u0435\u043a\u0441\u0442
10:06:45.169 [botPool0-bot0] INFO  org.pircbotx.InputParser - :jtv PRIVMSG bennerbot :USERCOLOR thorst4n #1E90FF
10:06:45.170 [botPool0-bot0] INFO  org.pircbotx.InputParser - :thorst4n!thorst4n@thorst4n.tmi.twitch.tv PRIVMSG #irish_00 :I'm fine with whatever
10:06:45.176 [listenerPool0-thread20] INFO  org.pircbotx.output.OutputRaw - PRIVMSG #jdbener :Thorst4n: I'm fine with whatever
10:07:03.460 [botPool0-bot0] INFO  org.pircbotx.InputParser - :jtv PRIVMSG bennerbot :USERCOLOR jdbener #1E90FF
10:07:03.460 [botPool0-bot0] INFO  org.pircbotx.InputParser - :jdbener!jdbener@jdbener.tmi.twitch.tv PRIVMSG #irish_00 :y dont you let ur sister play?
10:07:03.462 [listenerPool0-thread21] INFO  org.pircbotx.output.OutputRaw - PRIVMSG #jdbener :Jdbener: y dont you let ur sister play?
10:07:06.028 [botPool0-bot0] INFO  org.pircbotx.InputParser - PING :tmi.twitch.tv
10:07:06.029 [listenerPool0-thread17] INFO  org.pircbotx.output.OutputRaw - PONG tmi.twitch.tv
10:07:06.918 [botPool0-bot0] INFO  org.pircbotx.InputParser - :jtv PRIVMSG bennerbot :USERCOLOR vorkoz #FF0000
10:07:06.919 [botPool0-bot0] INFO  org.pircbotx.InputParser - :vorkoz!vorkoz@vorkoz.tmi.twitch.tv PRIVMSG #irish_00 :sudden lagg attack
10:07:06.922 [listenerPool0-thread26] INFO  org.pircbotx.output.OutputRaw - PRIVMSG #jdbener :Vorkoz: sudden lagg attack
10:08:12.700 [botPool0-bot1] INFO  org.pircbotx.InputParser - PING :irc.glados.tv
10:08:12.703 [listenerPool0-thread32] INFO  org.pircbotx.output.OutputRaw - PONG irc.glados.tv
10:08:19.165 [botPool0-bot0] INFO  org.pircbotx.InputParser - :jtv PRIVMSG bennerbot :USERCOLOR thorst4n #1E90FF
10:08:19.167 [botPool0-bot0] INFO  org.pircbotx.InputParser - :thorst4n!thorst4n@thorst4n.tmi.twitch.tv PRIVMSG #irish_00 :those blocks are kinda dumb ^^
10:08:19.173 [listenerPool0-thread32] INFO  org.pircbotx.output.OutputRaw - PRIVMSG #jdbener :Thorst4n: those blocks are kinda dumb ^^
10:08:20.643 [botPool0-bot0] INFO  org.pircbotx.InputParser - :jtv PRIVMSG bennerbot :USERCOLOR vorkoz #FF0000
10:08:20.647 [botPool0-bot0] INFO  org.pircbotx.InputParser - :vorkoz!vorkoz@vorkoz.tmi.twitch.tv PRIVMSG #irish_00 :yes?
10:08:20.650 [listenerPool0-thread15] INFO  org.pircbotx.output.OutputRaw - PRIVMSG #jdbener :Vorkoz: yes?
10:08:22.788 [botPool0-bot0] INFO  org.pircbotx.InputParser - :jtv PRIVMSG bennerbot :USERCOLOR thorst4n #1E90FF
10:08:22.791 [botPool0-bot0] INFO  org.pircbotx.InputParser - :thorst4n!thorst4n@thorst4n.tmi.twitch.tv PRIVMSG #irish_00 :they move too fast
10:08:22.792 [listenerPool0-thread42] INFO  org.pircbotx.output.OutputRaw - PRIVMSG #jdbener :Thorst4n: they move too fast
10:08:45.996 [botPool0-bot0] INFO  org.pircbotx.InputParser - :jtv PRIVMSG bennerbot :USERCOLOR vorkoz #FF0000
10:08:45.998 [botPool0-bot0] INFO  org.pircbotx.InputParser - :vorkoz!vorkoz@vorkoz.tmi.twitch.tv PRIVMSG #irish_00 :cool
10:08:46.006 [listenerPool0-thread46] INFO  org.pircbotx.output.OutputRaw - PRIVMSG #jdbener :Vorkoz: cool
10:09:46.169 [botPool0-bot1] INFO  org.pircbotx.InputParser - PING :irc.glados.tv
10:09:46.169 [listenerPool0-thread33] INFO  org.pircbotx.output.OutputRaw - PONG irc.glados.tv
10:09:52.921 [botPool0-bot0] INFO  org.pircbotx.InputParser - :jtv PRIVMSG bennerbot :USERCOLOR jdbener #1E90FF
10:09:52.922 [botPool0-bot0] INFO  org.pircbotx.InputParser - :jdbener!jdbener@jdbener.tmi.twitch.tv PRIVMSG #irish_00 :not smash yourself?
10:09:52.923 [listenerPool0-thread51] INFO  org.pircbotx.output.OutputRaw - PRIVMSG #jdbener :Jdbener: not smash yourself?
10:10:07.192 [botPool0-bot0] INFO  org.pircbotx.InputParser - :jtv PRIVMSG bennerbot :USERCOLOR thorst4n #1E90FF
10:10:07.279 [botPool0-bot0] INFO  org.pircbotx.InputParser - :thorst4n!thorst4n@thorst4n.tmi.twitch.tv PRIVMSG #irish_00 :not going into builds might help :P
10:10:07.280 [listenerPool0-thread54] INFO  org.pircbotx.output.OutputRaw - PRIVMSG #jdbener :Thorst4n: not going into builds might help :P
10:10:09.040 [botPool0-bot0] INFO  org.pircbotx.InputParser - :jtv PRIVMSG bennerbot :USERCOLOR vorkoz #FF0000
10:10:09.041 [botPool0-bot0] INFO  org.pircbotx.InputParser - :vorkoz!vorkoz@vorkoz.tmi.twitch.tv PRIVMSG #irish_00 :achievement for breaking your skull into an obstacle Kappa
10:10:09.041 [listenerPool0-thread57] INFO  org.pircbotx.output.OutputRaw - PRIVMSG #jdbener :Vorkoz: achievement for breaking your skull into an obstacle Kappa
10:11:13.277 [botPool0-bot1] INFO  org.pircbotx.InputParser - PING :irc.glados.tv
10:11:13.277 [listenerPool0-thread50] INFO  org.pircbotx.output.OutputRaw - PONG irc.glados.tv
10:11:38.914 [botPool0-bot0] INFO  org.pircbotx.InputParser - PING :tmi.twitch.tv
10:11:38.917 [listenerPool0-thread53] INFO  org.pircbotx.output.OutputRaw - PONG tmi.twitch.tv
10:12:12.571 [bot2-shutdownhook] INFO  org.pircbotx.output.OutputRaw - QUIT :
10:12:12.571 [bot2-shutdownhook] INFO  org.pircbotx.output.OutputRaw - QUIT :
10:12:12.576 [bot2-shutdownhook] WARN  org.pircbotx.Channel - Channel #irish_00 mode '' is stale
10:12:12.594 [bot2-shutdownhook] INFO  org.pircbotx.dcc.DccHandler - Terminating all transfers waiting to be accepted
10:12:12.594 [bot2-shutdownhook] WARN  org.pircbotx.Channel - Channel #irish_00 mode '' is stale
10:12:12.594 [botPool0-bot1] INFO  org.pircbotx.PircBotX - Shutdown has been called, closing InputParser
10:12:12.602 [botPool0-bot1] DEBUG o.p.MultiBotManager$BotFutureCallback - Bot #1 finished
10:12:12.603 [bot2-shutdownhook] DEBUG org.pircbotx.PircBotX - Disconnected.
10:12:12.603 [bot2-shutdownhook] DEBUG o.p.h.m.ThreadedListenerManager - Waiting for listener me.jdbener.apis.lastfm.LastfmNowPlaying@4096af55 to execute event DisconnectEvent(daoSnapshot=org.pircbotx.snapshot.UserChannelDaoSnapshot@5039ed28, disconnectException=null)
10:12:12.603 [bot2-shutdownhook] DEBUG o.p.h.m.ThreadedListenerManager - Waiting for listener me.jdbener.utilities.Infromation@78d1cbf1 to execute event DisconnectEvent(daoSnapshot=org.pircbotx.snapshot.UserChannelDaoSnapshot@5039ed28, disconnectException=null)
10:12:12.603 [bot2-shutdownhook] DEBUG o.p.h.m.ThreadedListenerManager - Waiting for listener me.jdbener.utilities.ChatRelayHandeler@57a37ec1 to execute event DisconnectEvent(daoSnapshot=org.pircbotx.snapshot.UserChannelDaoSnapshot@5039ed28, disconnectException=null)
10:12:12.603 [bot2-shutdownhook] DEBUG o.p.h.m.ThreadedListenerManager - Waiting for listener me.jdbener.utilities.JoinLeaveMessages@2ac9b619 to execute event DisconnectEvent(daoSnapshot=org.pircbotx.snapshot.UserChannelDaoSnapshot@5039ed28, disconnectException=null)
10:12:12.603 [bot2-shutdownhook] DEBUG o.p.h.m.ThreadedListenerManager - Waiting for listener me.jdbener.utilities.Countdown@37fcdbc5 to execute event DisconnectEvent(daoSnapshot=org.pircbotx.snapshot.UserChannelDaoSnapshot@5039ed28, disconnectException=null)
10:12:12.603 [bot2-shutdownhook] DEBUG o.p.h.m.ThreadedListenerManager - Waiting for listener me.jdbener.utilities.CustomCommandHandeler@751d30f6 to execute event DisconnectEvent(daoSnapshot=org.pircbotx.snapshot.UserChannelDaoSnapshot@5039ed28, disconnectException=null)
10:12:12.604 [bot2-shutdownhook] INFO  org.pircbotx.dcc.DccHandler - Terminating all transfers waiting to be accepted
10:12:12.604 [botPool0-bot0] INFO  org.pircbotx.PircBotX - Shutdown has been called, closing InputParser
10:12:12.604 [botPool0-bot0] DEBUG o.p.MultiBotManager$BotFutureCallback - Bot #0 finished
10:12:12.604 [bot2-shutdownhook] DEBUG org.pircbotx.PircBotX - Disconnected.
10:12:12.604 [bot2-shutdownhook] DEBUG o.p.h.m.ThreadedListenerManager - Waiting for listener me.jdbener.utilities.CustomCommandHandeler@751d30f6 to execute event DisconnectEvent(daoSnapshot=org.pircbotx.snapshot.UserChannelDaoSnapshot@67fa7ca8, disconnectException=null)
