13:11:43.491 [main] INFO  me.jdbener.Bennerbot - Begining plugin loading
13:11:43.573 [main] INFO  me.jdbener.Bennerbot - Finished looking for plugins in: plugins
13:11:43.574 [main] INFO  me.jdbener.Bennerbot - Finished looking for plugins in: plugins/BasicCommands
13:11:43.576 [main] INFO  me.jdbener.Bennerbot - Finished looking for plugins in: plugins/dissabled
13:11:43.577 [main] INFO  me.jdbener.Bennerbot - Beggining pluging loading sequence
13:11:43.577 [main] INFO  me.jdbener.Bennerbot - Finished pluging loading sequence
13:11:43.577 [main] INFO  me.jdbener.Bennerbot - Proceading with BennerBot initiation sequence
13:11:43.673 [main] DEBUG org.pircbotx.MultiBotManager - Not started yet, add to queue
13:11:43.673 [main] DEBUG org.pircbotx.MultiBotManager - Not started yet, add to queue
13:11:43.687 [botPool0-bot0] DEBUG org.pircbotx.PircBotX - Trying address irc.twitch.tv/199.9.252.28
13:11:43.716 [botPool0-bot0] INFO  org.pircbotx.PircBotX - Connected to server.
13:11:43.721 [botPool0-bot1] DEBUG org.pircbotx.PircBotX - Trying address irc.glados.tv/192.99.100.37
13:11:43.722 [botPool0-bot0] INFO  org.pircbotx.output.OutputRaw - PASS oauth:hrr2wpqq0knt6sb0spzd3d1mugpdezf
13:11:43.722 [botPool0-bot0] INFO  org.pircbotx.output.OutputRaw - NICK bennerbot
13:11:43.722 [botPool0-bot0] INFO  org.pircbotx.output.OutputRaw - USER BennerBot 8 * :PircBotX 2.0.1, a fork of PircBot, the Java IRC bot - pircbotx.googlecode.com
13:11:43.740 [main] INFO  me.jdbener.Bennerbot - Started Loading the GUI
13:11:43.794 [botPool0-bot0] INFO  org.pircbotx.InputParser - :tmi.twitch.tv 001 bennerbot :Welcome, GLHF!
13:11:43.804 [botPool0-bot0] DEBUG org.pircbotx.InputParser - Logged onto server.
13:11:43.838 [botPool0-bot1] INFO  org.pircbotx.PircBotX - Connected to server.
13:11:43.839 [botPool0-bot1] INFO  org.pircbotx.output.OutputRaw - PASS bennerbot
13:11:43.840 [botPool0-bot1] INFO  org.pircbotx.output.OutputRaw - NICK bennerbot
13:11:43.840 [botPool0-bot1] INFO  org.pircbotx.output.OutputRaw - USER BennerBot 8 * :PircBotX 2.0.1, a fork of PircBot, the Java IRC bot - pircbotx.googlecode.com
13:11:44.723 [botPool0-bot0] INFO  org.pircbotx.output.OutputRaw - JOIN #irish_00 
13:11:44.724 [botPool0-bot0] INFO  org.pircbotx.InputParser - :tmi.twitch.tv 002 bennerbot :Your host is tmi.twitch.tv
13:11:44.725 [botPool0-bot0] INFO  org.pircbotx.InputParser - :tmi.twitch.tv 003 bennerbot :This server is rather new
13:11:44.726 [botPool0-bot0] INFO  org.pircbotx.InputParser - :tmi.twitch.tv 004 bennerbot :-
13:11:44.732 [botPool0-bot0] ERROR org.pircbotx.PircBotX - Exception encountered when parsing line
java.lang.IndexOutOfBoundsException: Index: 1, Size: 1
	at java.util.ArrayList.rangeCheck(Unknown Source) ~[na:1.7.0_45]
	at java.util.ArrayList.get(Unknown Source) ~[na:1.7.0_45]
	at org.pircbotx.ServerInfo.parse004(ServerInfo.java:113) ~[pircbotx-2.0.1.jar:na]
	at org.pircbotx.ServerInfo.parse(ServerInfo.java:106) ~[pircbotx-2.0.1.jar:na]
	at org.pircbotx.InputParser.processServerResponse(InputParser.java:709) ~[pircbotx-2.0.1.jar:na]
	at org.pircbotx.InputParser.handleLine(InputParser.java:323) ~[pircbotx-2.0.1.jar:na]
	at org.pircbotx.PircBotX.startLineProcessing(PircBotX.java:275) [pircbotx-2.0.1.jar:na]
	at org.pircbotx.PircBotX.connect(PircBotX.java:236) [pircbotx-2.0.1.jar:na]
	at org.pircbotx.MultiBotManager$BotRunner.call(MultiBotManager.java:219) [pircbotx-2.0.1.jar:na]
	at org.pircbotx.MultiBotManager$BotRunner.call(MultiBotManager.java:212) [pircbotx-2.0.1.jar:na]
	at java.util.concurrent.FutureTask.run(Unknown Source) [na:1.7.0_45]
	at java.util.concurrent.ThreadPoolExecutor.runWorker(Unknown Source) [na:1.7.0_45]
	at java.util.concurrent.ThreadPoolExecutor$Worker.run(Unknown Source) [na:1.7.0_45]
	at java.lang.Thread.run(Unknown Source) [na:1.7.0_45]
13:11:44.733 [botPool0-bot0] INFO  org.pircbotx.InputParser - :tmi.twitch.tv 375 bennerbot :-
13:11:44.735 [botPool0-bot0] INFO  org.pircbotx.InputParser - :tmi.twitch.tv 372 bennerbot :You are in a maze of twisty passages, all alike.
13:11:44.736 [botPool0-bot0] INFO  org.pircbotx.InputParser - :tmi.twitch.tv 376 bennerbot :>
13:11:44.826 [botPool0-bot0] INFO  org.pircbotx.InputParser - :bennerbot!bennerbot@bennerbot.tmi.twitch.tv JOIN #irish_00
13:11:45.724 [botPool0-bot0] INFO  org.pircbotx.output.OutputRaw - WHO #irish_00
13:11:46.725 [botPool0-bot0] INFO  org.pircbotx.output.OutputRaw - MODE #irish_00
13:11:46.732 [botPool0-bot0] INFO  org.pircbotx.InputParser - :bennerbot.tmi.twitch.tv 353 bennerbot = #irish_00 :bennerbot
13:11:46.733 [botPool0-bot0] INFO  org.pircbotx.InputParser - :bennerbot.tmi.twitch.tv 366 bennerbot #irish_00 :End of /NAMES list
13:11:46.733 [botPool0-bot0] INFO  org.pircbotx.InputParser - :jtv!jtv@jtv.tmi.twitch.tv PRIVMSG bennerbot :USERCOLOR bennerbot #FF0000
13:11:46.734 [botPool0-bot0] INFO  org.pircbotx.InputParser - :jtv!jtv@jtv.tmi.twitch.tv PRIVMSG bennerbot :HISTORYEND irish_00
13:11:46.735 [botPool0-bot0] INFO  org.pircbotx.InputParser - :tmi.twitch.tv 421 bennerbot WHO :Unknown command
13:11:47.726 [listenerPool0-thread4] INFO  org.pircbotx.output.OutputRaw - PRIVMSG #irish_00 :/color #ff0000
13:11:47.726 [listenerPool0-thread4] INFO  org.pircbotx.output.OutputRaw - PRIVMSG #jdbener :/color #ff0000
13:11:47.800 [botPool0-bot0] INFO  org.pircbotx.InputParser - :jtv!jtv@jtv.tmi.twitch.tv PRIVMSG bennerbot :USERCOLOR bennerbot #FF0000
13:11:47.801 [botPool0-bot0] INFO  org.pircbotx.InputParser - :jtv!jtv@jtv.tmi.twitch.tv PRIVMSG bennerbot :Your color has been changed
13:11:48.728 [listenerPool0-thread4] INFO  org.pircbotx.output.OutputRaw - TWITCHCLIENT 1
13:11:50.735 [botPool0-bot0] INFO  org.pircbotx.InputParser - :jtv PRIVMSG bennerbot :USERCOLOR oco6ohy6aceh #FF69B4
13:11:50.748 [botPool0-bot0] INFO  org.pircbotx.InputParser - :oco6ohy6aceh!oco6ohy6aceh@oco6ohy6aceh.tmi.twitch.tv PRIVMSG #irish_00 :–∫–∞–∫ —Ç—ã –ø—Ä–æ—à–µ–ª –≤ –ø–æ—?–µ–ª–æ–∫ –Ω–µ —É–±–∏–≤–∞—? –∞—Ä—Ç–æ—Ä–∏–∞—?–∞
13:11:50.749 [listenerPool0-thread2] INFO  org.pircbotx.output.OutputRaw - PRIVMSG #jdbener :Oco6ohy6aceh: –∫–∞–∫ —Ç—ã –ø—Ä–æ—à–µ–ª –≤ –ø–æ—?–µ–ª–æ–∫ –Ω–µ —É–±–∏–≤–∞—? –∞—Ä—Ç–æ—Ä–∏–∞—?–∞
13:11:59.687 [botPool0-bot1] INFO  org.pircbotx.InputParser - :irc.glados.tv 001 bennerbot :Welcome to the hitbox-tv IRC Network bennerbot!BennerBot@ip.bennerbot.chat.hitbox.tv (Connection ID: b17357f4-99b5-4d81-a75d-411a71bf228e)
13:11:59.688 [botPool0-bot1] DEBUG org.pircbotx.InputParser - Logged onto server.
13:11:59.688 [botPool0-bot1] INFO  org.pircbotx.output.OutputRaw - JOIN #jdbener 
13:11:59.801 [botPool0-bot1] INFO  org.pircbotx.InputParser - :irc.glados.tv 002 bennerbot :Your host is irc.glados.tv, running version IrcD.Net, Version=0.3.5351.28745, Culture=neutral, PublicKeyToken=null
13:11:59.801 [botPool0-bot1] INFO  org.pircbotx.InputParser - :irc.glados.tv 003 bennerbot :This server was created 11/13/2014 6:08:51 AM
13:11:59.802 [botPool0-bot1] INFO  org.pircbotx.InputParser - :irc.glados.tv 004 bennerbot :irc.glados.tv ircD.Net.0.3.5351.28745 Oiorwx ahovITbceiklmnpst
13:11:59.802 [botPool0-bot1] ERROR org.pircbotx.PircBotX - Exception encountered when parsing line
java.lang.IndexOutOfBoundsException: Index: 1, Size: 1
	at java.util.ArrayList.rangeCheck(Unknown Source) ~[na:1.7.0_45]
	at java.util.ArrayList.get(Unknown Source) ~[na:1.7.0_45]
	at org.pircbotx.ServerInfo.parse004(ServerInfo.java:113) ~[pircbotx-2.0.1.jar:na]
	at org.pircbotx.ServerInfo.parse(ServerInfo.java:106) ~[pircbotx-2.0.1.jar:na]
	at org.pircbotx.InputParser.processServerResponse(InputParser.java:709) ~[pircbotx-2.0.1.jar:na]
	at org.pircbotx.InputParser.handleLine(InputParser.java:323) ~[pircbotx-2.0.1.jar:na]
	at org.pircbotx.PircBotX.startLineProcessing(PircBotX.java:275) [pircbotx-2.0.1.jar:na]
	at org.pircbotx.PircBotX.connect(PircBotX.java:236) [pircbotx-2.0.1.jar:na]
	at org.pircbotx.MultiBotManager$BotRunner.call(MultiBotManager.java:219) [pircbotx-2.0.1.jar:na]
	at org.pircbotx.MultiBotManager$BotRunner.call(MultiBotManager.java:212) [pircbotx-2.0.1.jar:na]
	at java.util.concurrent.FutureTask.run(Unknown Source) [na:1.7.0_45]
	at java.util.concurrent.ThreadPoolExecutor.runWorker(Unknown Source) [na:1.7.0_45]
	at java.util.concurrent.ThreadPoolExecutor$Worker.run(Unknown Source) [na:1.7.0_45]
	at java.lang.Thread.run(Unknown Source) [na:1.7.0_45]
13:11:59.802 [botPool0-bot1] INFO  org.pircbotx.InputParser - :irc.glados.tv 005 bennerbot STD=draft03 PREFIX=(aohv)&@%+ CHANMODES=Ibe,k,l,Tcimnpst CHANTYPES=# CHANLIMIT=#:10 INEVEX=I EXCEPTS=e NETWORK=hitbox-tv CASEMAPPING=ascii CHANNELLEN=40 NICKLEN=32 MAXNICKLEN=32 TOPICLEN=300 KICKLEN=300 AWAYLEN=300 KNOCK LANGUAGE=5,af,sq,am,ar,hy,az,eu,be,bn,bh,bg,my,ca,chr,zh,zh-CN,zh-TW,hr,cs,da,dv,nl,en,eo,et,tl,fi,fr,gl,ka,de,el,gn,gu,iw,hi,hu,is,id,iu,it,ja,kn,kk,km,ko,ku,ky,lo,lv,lt,mk,ms,ml,mt,mr,mn,ne,no,or,ps,fa,pl,pt-PT,pa,ro,ru,sa,sr,sd :are supported by this server
13:11:59.803 [botPool0-bot1] INFO  org.pircbotx.InputParser - :irc.glados.tv 005 bennerbot LANGUAGE=5,si,sk,sl,es,sw,sv,tg,ta,te,th,bo,tr,uk,ur,uz,ug,vi SILENCE=25 RFC2812 :are supported by this server
13:11:59.803 [botPool0-bot1] INFO  org.pircbotx.InputParser - :irc.glados.tv 375 bennerbot :- irc.glados.tv Message of the day -
13:11:59.803 [botPool0-bot1] INFO  org.pircbotx.InputParser - :irc.glados.tv 372 bennerbot :-   +MMMMMMMMMMMMmdho+oddmNMMMMMMMMMMMMM $$\   $$\ $$\   $$\     $$\                                 $$$$$$\ $$$$$$$\   $$$$$$\  
13:12:00.279 [botPool0-bot1] INFO  org.pircbotx.InputParser - :irc.glados.tv 372 bennerbot :-   +MMMMMMMMNdoo/::-:///+osymNMMMMMMMMM $$ |  $$ |\__|  $$ |    $$ |                                \_$$  _|$$  __$$\ $$  __$$\ 
13:12:00.289 [botPool0-bot1] INFO  org.pircbotx.InputParser - :irc.glados.tv 372 bennerbot :-   +MMMMMMMMh::-----:////////dMMMMMMMMM $$ |  $$ |$$\ $$$$$$\   $$$$$$$\   $$$$$$\  $$\   $$\         $$ |  $$ |  $$ |$$ /  \__|
13:12:00.290 [botPool0-bot1] INFO  org.pircbotx.InputParser - :irc.glados.tv 372 bennerbot :-   +MMMMMMMMh:::----:////////dMMMMMMMMM $$$$$$$$ |$$ |\_$$  _|  $$  __$$\ $$  __$$\ \$$\ $$  |        $$ |  $$$$$$$  |$$ |     
13:12:00.290 [botPool0-bot1] INFO  org.pircbotx.InputParser - :irc.glados.tv 372 bennerbot :-   +MMMMMMMMh:::----:////////dMMMMMMMMM $$  __$$ |$$ |  $$ |    $$ |  $$ |$$ /  $$ | \$$$$  /         $$ |  $$  __$$< $$ |      
13:12:00.290 [botPool0-bot1] INFO  org.pircbotx.InputParser - :irc.glados.tv 372 bennerbot :-   +MMMMMMMMh::::---:////////dMMMMMMMMM $$ |  $$ |$$ |  $$ |$$\ $$ |  $$ |$$ |  $$ | $$  $$<          $$ |  $$ |  $$ |$$ |  $$\ 
13:12:00.291 [botPool0-bot1] INFO  org.pircbotx.InputParser - :irc.glados.tv 372 bennerbot :-   +MMMMMMMMh:::://++oo++++/+dMMMMMMMMM $$ |  $$ |$$ |  \$$$$  |$$$$$$$  |\$$$$$$  |$$  /\$$\       $$$$$$\ $$ |  $$ |\$$$$$$  |
13:12:00.291 [botPool0-bot1] INFO  org.pircbotx.InputParser - :irc.glados.tv 372 bennerbot :-   +MMMMMMMMmhmmdddddddddmmmmNMMMMMMMMM \__|  \__|\__|   \____/ \_______/  \______/ \__/  \__|      \______|\__|  \__| \______/ 
13:12:00.292 [botPool0-bot1] INFO  org.pircbotx.InputParser - :irc.glados.tv 372 bennerbot :-   +NyssssMyo+///:::::/+++oosyhMyyyhhMM
13:12:00.292 [botPool0-bot1] INFO  org.pircbotx.InputParser - :irc.glados.tv 372 bennerbot :-   +N:::::Mo::::::::::////++++yM+++ooNM $$$$$$$\            $$\                                                                 
13:12:00.292 [botPool0-bot1] INFO  org.pircbotx.InputParser - :irc.glados.tv 372 bennerbot :-   +N:::::Mo::::::::::///+++++yM++oooNM $$$$$$$\            $$\                           
13:12:00.292 [botPool0-bot1] INFO  org.pircbotx.InputParser - :irc.glados.tv 372 bennerbot :-   +N:::::Mo:::::::::://++++++yM+ooooNM $$  __$$\           $$ |                         
13:12:00.293 [botPool0-bot1] INFO  org.pircbotx.InputParser - :irc.glados.tv 372 bennerbot :-   +N:::::Mo:::::::::://++++++yMoooooNM $$ |  $$ | $$$$$$\  $$ | $$$$$$\  $$\   $$\          
13:12:00.402 [botPool0-bot1] INFO  org.pircbotx.InputParser - :irc.glados.tv 372 bennerbot :-   +N:::::Mo::::::::://+++++++yMoooooNM $$$$$$$  |$$  __$$\ $$ | \____$$\ $$ |  $$ |        
13:12:00.403 [botPool0-bot1] INFO  org.pircbotx.InputParser - :irc.glados.tv 372 bennerbot :-   +N/::::Mo:::::::::/++++++++yMoosyhMM $$  __$$< $$$$$$$$ |$$ | $$$$$$$ |$$ |  $$ |      
13:12:00.403 [botPool0-bot1] INFO  org.pircbotx.InputParser - :irc.glados.tv 372 bennerbot :-   +Mho//:Mo:::::::::/+++++++oyMhdNMMMM $$ |  $$ |$$   ____|$$ |$$  __$$ |$$ |  $$ |       
13:12:00.403 [botPool0-bot1] INFO  org.pircbotx.InputParser - :irc.glados.tv 372 bennerbot :-   +MMMMNhMy+/:::::::/++++oshmNMMMMMMMM $$ |  $$ |\$$$$$$$\ $$ |\$$$$$$$ |\$$$$$$$ |       
13:12:00.403 [botPool0-bot1] INFO  org.pircbotx.InputParser - :irc.glados.tv 372 bennerbot :-   +MMMMMMMhyddhs+/::/+oydmmhyhMMMMMMMM \__|  \__| \_______|\__| \_______| \____$$ |             -Community Driven
13:12:00.404 [botPool0-bot1] INFO  org.pircbotx.InputParser - :irc.glados.tv 372 bennerbot :-   +MMMMMMMo::/+shhhhddmdyo+ooyMMMMMMMM                                   $$\   $$ |      
13:12:00.404 [botPool0-bot1] INFO  org.pircbotx.InputParser - :irc.glados.tv 372 bennerbot :-   +MMMMMMMo:::::::/dNd+++++ooyMMMMMMMM                                   \$$$$$$  |  
13:12:00.920 [botPool0-bot1] INFO  org.pircbotx.InputParser - :irc.glados.tv 372 bennerbot :-   +MMMMMMMs::::::::hNh++++oooyMMMMMMMM                                    \______/  
13:12:01.233 [botPool0-bot1] INFO  org.pircbotx.InputParser - :irc.glados.tv 372 bennerbot :-   +MMMMMMMNdso//:::hNh++oosydNMMMMMMMM
13:12:01.233 [botPool0-bot1] INFO  org.pircbotx.InputParser - :irc.glados.tv 372 bennerbot :-   +MMMMMMMMMMMmdyo/dNh+shmNMMMMMMMMMMM
13:12:01.233 [botPool0-bot1] INFO  org.pircbotx.InputParser - :irc.glados.tv 372 bennerbot :-   +MMMMMMMMMMMMMMMNMMMNMMMMMMMMMMMMMMM
13:12:01.233 [botPool0-bot1] INFO  org.pircbotx.InputParser - :irc.glados.tv 372 bennerbot :-   
13:12:01.234 [botPool0-bot1] INFO  org.pircbotx.InputParser - :irc.glados.tv 372 bennerbot :-   Join #help for problems/assistance. To join channels, use the lowercase version of the channel name (ex. Danbopes => #danbopes)
13:12:01.234 [botPool0-bot1] INFO  org.pircbotx.InputParser - :irc.glados.tv 372 bennerbot :-   
13:12:01.547 [botPool0-bot1] INFO  org.pircbotx.InputParser - :irc.glados.tv 376 bennerbot :End of MOTD command
13:12:01.547 [botPool0-bot1] INFO  org.pircbotx.InputParser - :irc.glados.tv 251 bennerbot :There are 138 users and 0 services on 1 servers
13:12:01.548 [botPool0-bot1] INFO  org.pircbotx.InputParser - :irc.glados.tv 252 bennerbot 0 :operator(s) online
13:12:01.548 [botPool0-bot1] INFO  org.pircbotx.InputParser - :irc.glados.tv 253 bennerbot 8 :unknown connection(s)
13:12:01.859 [botPool0-bot1] INFO  org.pircbotx.InputParser - :irc.glados.tv 254 bennerbot 1 :channels formed
13:12:01.860 [botPool0-bot1] INFO  org.pircbotx.InputParser - :irc.glados.tv 255 bennerbot :I have 138 clients and 1 servers
13:12:02.686 [listenerPool0-thread13] INFO  org.pircbotx.output.OutputRaw - PRIVMSG #irish_00 :/color #ff0000
13:12:02.686 [listenerPool0-thread13] INFO  org.pircbotx.output.OutputRaw - PRIVMSG #jdbener :/color #ff0000
13:12:02.829 [botPool0-bot0] INFO  org.pircbotx.InputParser - :jtv!jtv@jtv.tmi.twitch.tv PRIVMSG bennerbot :USERCOLOR bennerbot #FF0000
13:12:02.829 [botPool0-bot0] INFO  org.pircbotx.InputParser - :jtv!jtv@jtv.tmi.twitch.tv PRIVMSG bennerbot :Your color has been changed
13:12:13.808 [botPool0-bot1] INFO  org.pircbotx.InputParser - :irc.glados.tv 404 bennerbot #jdbener :Cannot send to channel
13:12:18.627 [botPool0-bot1] INFO  org.pircbotx.InputParser - :irc.glados.tv 404 bennerbot #jdbener :Cannot send to channel
13:12:22.742 [botPool0-bot0] INFO  org.pircbotx.InputParser - :jtv PRIVMSG bennerbot :USERCOLOR jdbener #1E90FF
13:12:22.743 [botPool0-bot0] INFO  org.pircbotx.InputParser - :jdbener!jdbener@jdbener.tmi.twitch.tv PRIVMSG #irish_00 :–ø–æ—Ç–æ–º—É —á—Ç–æ
13:12:22.744 [listenerPool0-thread14] INFO  org.pircbotx.output.OutputRaw - PRIVMSG #jdbener :Jdbener: –ø–æ—Ç–æ–º—É —á—Ç–æ
13:12:42.109 [botPool0-bot0] INFO  org.pircbotx.InputParser - :vorkoz!vorkoz@vorkoz.tmi.twitch.tv JOIN #irish_00
13:12:42.109 [botPool0-bot0] INFO  org.pircbotx.InputParser - :cscmos!cscmos@cscmos.tmi.twitch.tv JOIN #irish_00
13:12:42.110 [botPool0-bot0] INFO  org.pircbotx.InputParser - :irish_00!irish_00@irish_00.tmi.twitch.tv JOIN #irish_00
13:12:42.110 [botPool0-bot0] INFO  org.pircbotx.InputParser - :sergeyxxxx!sergeyxxxx@sergeyxxxx.tmi.twitch.tv JOIN #irish_00
13:12:42.110 [botPool0-bot0] INFO  org.pircbotx.InputParser - :aacisuan!aacisuan@aacisuan.tmi.twitch.tv JOIN #irish_00
13:12:42.111 [botPool0-bot0] INFO  org.pircbotx.InputParser - :oco6ohy6aceh!oco6ohy6aceh@oco6ohy6aceh.tmi.twitch.tv JOIN #irish_00
13:12:42.111 [botPool0-bot0] INFO  org.pircbotx.InputParser - :xxsamperxx!xxsamperxx@xxsamperxx.tmi.twitch.tv JOIN #irish_00
13:12:42.112 [botPool0-bot0] INFO  org.pircbotx.InputParser - :darthnova86!darthnova86@darthnova86.tmi.twitch.tv JOIN #irish_00
13:12:42.112 [botPool0-bot0] INFO  org.pircbotx.InputParser - :thorst4n!thorst4n@thorst4n.tmi.twitch.tv JOIN #irish_00
13:12:42.112 [botPool0-bot0] INFO  org.pircbotx.InputParser - :popchops!popchops@popchops.tmi.twitch.tv JOIN #irish_00
13:12:42.112 [botPool0-bot0] INFO  org.pircbotx.InputParser - :jdbener!jdbener@jdbener.tmi.twitch.tv JOIN #irish_00
13:12:42.113 [botPool0-bot0] INFO  org.pircbotx.InputParser - :br3athless9!br3athless9@br3athless9.tmi.twitch.tv JOIN #irish_00
13:12:42.113 [botPool0-bot0] INFO  org.pircbotx.InputParser - :killerbananabread!killerbananabread@killerbananabread.tmi.twitch.tv JOIN #irish_00
13:12:42.113 [botPool0-bot0] INFO  org.pircbotx.InputParser - :jtv MODE #irish_00 +o irish_00
13:12:42.118 [botPool0-bot0] INFO  org.pircbotx.InputParser - :jtv MODE #irish_00 +o jdbener
13:12:42.119 [botPool0-bot0] INFO  org.pircbotx.InputParser - :jtv MODE #irish_00 +o bennerbot
13:13:13.404 [botPool0-bot1] INFO  org.pircbotx.InputParser - :bennerbot!BennerBot@ip.bennerbot.chat.hitbox.tv JOIN #jdbener
13:13:13.405 [botPool0-bot1] INFO  org.pircbotx.output.OutputRaw - WHO #jdbener
13:13:14.405 [botPool0-bot1] INFO  org.pircbotx.output.OutputRaw - MODE #jdbener
13:13:14.405 [botPool0-bot1] INFO  org.pircbotx.InputParser - :irc.glados.tv 332 bennerbot #jdbener :test
13:13:14.405 [botPool0-bot1] INFO  org.pircbotx.InputParser - :irc.glados.tv 353 bennerbot = #jdbener :%bennerbot
13:13:14.406 [botPool0-bot1] INFO  org.pircbotx.InputParser - :irc.glados.tv 366 bennerbot #jdbener :End of NAMES list
13:13:16.938 [botPool0-bot0] INFO  org.pircbotx.InputParser - :jtv PRIVMSG bennerbot :USERCOLOR thorst4n #1E90FF
13:13:16.940 [botPool0-bot0] INFO  org.pircbotx.InputParser - :thorst4n!thorst4n@thorst4n.tmi.twitch.tv PRIVMSG #irish_00 :btw everytime you circle like it looks like you are fishing
13:13:16.941 [listenerPool0-thread4] INFO  org.pircbotx.output.OutputRaw - PRIVMSG #jdbener :Thorst4n: btw everytime you circle like it looks like you are fishing
13:13:20.445 [botPool0-bot0] INFO  org.pircbotx.InputParser - :jtv PRIVMSG bennerbot :USERCOLOR oco6ohy6aceh #FF69B4
13:13:20.447 [botPool0-bot0] INFO  org.pircbotx.InputParser - :oco6ohy6aceh!oco6ohy6aceh@oco6ohy6aceh.tmi.twitch.tv PRIVMSG #irish_00 :–º–∞–Ω–∞ –µ—?—Ç—å –≤ –¥–µ–º–æ–Ω —?–æ—É–ª—?
13:13:20.448 [listenerPool0-thread12] INFO  org.pircbotx.output.OutputRaw - PRIVMSG #jdbener :Oco6ohy6aceh: –º–∞–Ω–∞ –µ—?—Ç—å –≤ –¥–µ–º–æ–Ω —?–æ—É–ª—?
13:13:26.517 [botPool0-bot0] INFO  org.pircbotx.InputParser - :jtv PRIVMSG bennerbot :USERCOLOR thorst4n #1E90FF
13:13:26.521 [botPool0-bot0] INFO  org.pircbotx.InputParser - :thorst4n!thorst4n@thorst4n.tmi.twitch.tv PRIVMSG #irish_00 :like that*
13:13:26.522 [listenerPool0-thread21] INFO  org.pircbotx.output.OutputRaw - PRIVMSG #jdbener :Thorst4n: like that*
13:13:27.946 [botPool0-bot1] INFO  org.pircbotx.InputParser - :irc.glados.tv 315 bennerbot #jdbener :End of /WHO list.
13:13:28.253 [botPool0-bot1] INFO  org.pircbotx.InputParser - :irc.glados.tv 324 bennerbot #jdbener +
13:13:51.883 [botPool0-bot0] INFO  org.pircbotx.InputParser - :jtv PRIVMSG bennerbot :USERCOLOR oco6ohy6aceh #FF69B4
13:13:51.885 [botPool0-bot0] INFO  org.pircbotx.InputParser - :oco6ohy6aceh!oco6ohy6aceh@oco6ohy6aceh.tmi.twitch.tv PRIVMSG #irish_00 :–±–µ–Ω–µ—Ä –∫–∞–∫ –¥–µ–ª–∞
13:13:51.886 [listenerPool0-thread4] INFO  org.pircbotx.output.OutputRaw - PRIVMSG #jdbener :Oco6ohy6aceh: –±–µ–Ω–µ—Ä –∫–∞–∫ –¥–µ–ª–∞
13:15:14.203 [botPool0-bot1] INFO  org.pircbotx.InputParser - PING :irc.glados.tv
13:15:14.204 [listenerPool0-thread34] INFO  org.pircbotx.output.OutputRaw - PONG irc.glados.tv
13:16:06.395 [botPool0-bot0] INFO  org.pircbotx.InputParser - PING :tmi.twitch.tv
13:16:06.395 [listenerPool0-thread30] INFO  org.pircbotx.output.OutputRaw - PONG tmi.twitch.tv
13:16:14.816 [botPool0-bot1] INFO  org.pircbotx.InputParser - PING :irc.glados.tv
13:16:14.817 [listenerPool0-thread39] INFO  org.pircbotx.output.OutputRaw - PONG irc.glados.tv
13:16:51.474 [botPool0-bot0] INFO  org.pircbotx.InputParser - :aacisuan!aacisuan@aacisuan.tmi.twitch.tv PRIVMSG #irish_00 :http://mugenmonkey.com/darksouls/?c=408572267328061464 u can try this
13:16:51.474 [listenerPool0-thread37] INFO  org.pircbotx.output.OutputRaw - PRIVMSG #jdbener :Aacisuan: http://mugenmonkey.com/darksouls/?c=408572267328061464 u can try this
13:17:21.171 [botPool0-bot1] INFO  org.pircbotx.InputParser - :bennerbot!bennerbot@ip.bennerbot.chat.hitbox.tv PRIVMSG #jdbener :Aacisuan: http://mugenmonkey.com/darksouls/?c=408572267328061464 u can try this
13:17:21.172 [listenerPool0-thread31] INFO  org.pircbotx.output.OutputRaw - PRIVMSG #irish_00 :Bennerbot: Aacisuan: http://mugenmonkey.com/darksouls/?c=408572267328061464 u can try this
13:17:21.447 [botPool0-bot0] INFO  org.pircbotx.InputParser - :jtv PRIVMSG bennerbot :USERCOLOR bennerbot #FF0000
13:18:14.435 [botPool0-bot1] INFO  org.pircbotx.InputParser - PING :irc.glados.tv
13:18:14.436 [listenerPool0-thread30] INFO  org.pircbotx.output.OutputRaw - PONG irc.glados.tv
13:18:30.823 [botPool0-bot0] INFO  org.pircbotx.InputParser - :sergeyxxxx!sergeyxxxx@sergeyxxxx.tmi.twitch.tv PRIVMSG #irish_00 :–±–ª–∏–Ω —? –Ω–µ –æ–∂—ã–¥–∞–ª —Ç–∞–∫–∏—Ö —Ñ–∞–Ω—Ç–æ–º —Ä–µ–π–Ω–¥–∂–æ–≤
13:18:30.823 [listenerPool0-thread33] INFO  org.pircbotx.output.OutputRaw - PRIVMSG #jdbener :Sergeyxxxx: –±–ª–∏–Ω —? –Ω–µ –æ–∂—ã–¥–∞–ª —Ç–∞–∫–∏—Ö —Ñ–∞–Ω—Ç–æ–º —Ä–µ–π–Ω–¥–∂–æ–≤
13:19:42.223 [botPool0-bot1] INFO  org.pircbotx.InputParser - PING :irc.glados.tv
13:19:42.224 [listenerPool0-thread45] INFO  org.pircbotx.output.OutputRaw - PONG irc.glados.tv
13:20:09.861 [botPool0-bot0] INFO  org.pircbotx.InputParser - PING :tmi.twitch.tv
13:20:09.861 [listenerPool0-thread48] INFO  org.pircbotx.output.OutputRaw - PONG tmi.twitch.tv
13:20:49.226 [botPool0-bot1] INFO  org.pircbotx.InputParser - PING :irc.glados.tv
13:20:49.227 [listenerPool0-thread47] INFO  org.pircbotx.output.OutputRaw - PONG irc.glados.tv
13:20:58.976 [botPool0-bot0] INFO  org.pircbotx.InputParser - :jtv PRIVMSG bennerbot :USERCOLOR bennerbot #FF0000
13:20:58.977 [botPool0-bot0] INFO  org.pircbotx.InputParser - :bennerbot!bennerbot@bennerbot.tmi.twitch.tv PRIVMSG #irish_00 :, Br3athless9 have followed on twitch
13:20:58.978 [listenerPool0-thread50] INFO  org.pircbotx.output.OutputRaw - PRIVMSG #jdbener :Bennerbot: , Br3athless9 have followed on twitch
13:21:16.538 [botPool0-bot0] INFO  org.pircbotx.InputParser - :jtv PRIVMSG bennerbot :USERCOLOR thorst4n #1E90FF
13:21:16.539 [botPool0-bot0] INFO  org.pircbotx.InputParser - :thorst4n!thorst4n@thorst4n.tmi.twitch.tv PRIVMSG #irish_00 :gonna go eat
13:21:16.540 [listenerPool0-thread50] INFO  org.pircbotx.output.OutputRaw - PRIVMSG #jdbener :Thorst4n: gonna go eat
13:21:25.625 [botPool0-bot0] INFO  org.pircbotx.InputParser - :jtv PRIVMSG bennerbot :USERCOLOR thorst4n #1E90FF
13:21:25.625 [botPool0-bot0] INFO  org.pircbotx.InputParser - :thorst4n!thorst4n@thorst4n.tmi.twitch.tv PRIVMSG #irish_00 :you are a lot better than when you started
13:21:25.626 [listenerPool0-thread49] INFO  org.pircbotx.output.OutputRaw - PRIVMSG #jdbener :Thorst4n: you are a lot better than when you started
13:21:27.164 [botPool0-bot0] INFO  org.pircbotx.InputParser - :jtv PRIVMSG bennerbot :USERCOLOR thorst4n #1E90FF
13:21:27.167 [botPool0-bot0] INFO  org.pircbotx.InputParser - :thorst4n!thorst4n@thorst4n.tmi.twitch.tv PRIVMSG #irish_00 :gl
13:21:27.174 [listenerPool0-thread55] INFO  org.pircbotx.output.OutputRaw - PRIVMSG #jdbener :Thorst4n: gl
13:21:40.095 [botPool0-bot0] INFO  org.pircbotx.InputParser - :jtv PRIVMSG bennerbot :USERCOLOR oco6ohy6aceh #FF69B4
13:21:40.095 [botPool0-bot0] INFO  org.pircbotx.InputParser - :oco6ohy6aceh!oco6ohy6aceh@oco6ohy6aceh.tmi.twitch.tv PRIVMSG #irish_00 :—Ñ—ã–≤—ã–ø
13:21:40.096 [listenerPool0-thread49] INFO  org.pircbotx.output.OutputRaw - PRIVMSG #jdbener :Oco6ohy6aceh: —Ñ—ã–≤—ã–ø
13:22:22.076 [botPool0-bot0] INFO  org.pircbotx.InputParser - :cscmos!cscmos@cscmos.tmi.twitch.tv PART #irish_00
13:22:22.079 [botPool0-bot0] WARN  org.pircbotx.Channel - Channel #irish_00 mode '' is stale
13:22:22.097 [botPool0-bot0] WARN  org.pircbotx.Channel - Channel #irish_00 mode '' is stale
13:23:00.085 [botPool0-bot1] INFO  org.pircbotx.InputParser - PING :irc.glados.tv
13:23:00.085 [listenerPool0-thread50] INFO  org.pircbotx.output.OutputRaw - PONG irc.glados.tv
13:23:03.109 [botPool0-bot0] INFO  org.pircbotx.InputParser - :jtv PRIVMSG bennerbot :USERCOLOR oco6ohy6aceh #FF69B4
13:23:03.112 [botPool0-bot0] INFO  org.pircbotx.InputParser - :oco6ohy6aceh!oco6ohy6aceh@oco6ohy6aceh.tmi.twitch.tv PRIVMSG #irish_00 :—? –≤ –¥–∞—Ä–∫ —?–æ—É–ª—? 2 –∏–≥—Ä–∞–ª —?–µ–≥–æ–¥–Ω—?, –Ω–µ –º–æ–≥—É —É–±–∏—Ç—å –¥—Ä–∞–∫–æ–Ω–∞ –Ω–ø—?, –æ–Ω —? –æ–¥–Ω–æ–≥–æ –∑–∞–¥—É–≤–∞ —É–±–∏–≤–∞–µ—Ç
13:23:03.112 [listenerPool0-thread56] INFO  org.pircbotx.output.OutputRaw - PRIVMSG #jdbener :Oco6ohy6aceh: —? –≤ –¥–∞—Ä–∫ —?–æ—É–ª—? 2 –∏–≥—Ä–∞–ª —?–µ–≥–æ–¥–Ω—?, –Ω–µ –º–æ–≥—É —É–±–∏—Ç—å –¥—Ä–∞–∫–æ–Ω–∞ –Ω–ø—?, –æ–Ω —? –æ–¥–Ω–æ–≥–æ –∑–∞–¥—É–≤–∞ —É–±–∏–≤–∞–µ—Ç
13:24:12.019 [botPool0-bot1] INFO  org.pircbotx.InputParser - PING :irc.glados.tv
13:24:12.020 [listenerPool0-thread64] INFO  org.pircbotx.output.OutputRaw - PONG irc.glados.tv
13:24:43.040 [botPool0-bot0] INFO  org.pircbotx.InputParser - PING :tmi.twitch.tv
13:24:43.040 [listenerPool0-thread60] INFO  org.pircbotx.output.OutputRaw - PONG tmi.twitch.tv
13:25:16.281 [botPool0-bot1] INFO  org.pircbotx.InputParser - PING :irc.glados.tv
13:25:16.282 [listenerPool0-thread65] INFO  org.pircbotx.output.OutputRaw - PONG irc.glados.tv
13:25:24.481 [botPool0-bot0] INFO  org.pircbotx.InputParser - :martynoob!martynoob@martynoob.tmi.twitch.tv JOIN #irish_00
13:25:36.276 [botPool0-bot0] INFO  org.pircbotx.InputParser - :jtv PRIVMSG bennerbot :USERCOLOR oco6ohy6aceh #FF69B4
13:25:36.280 [botPool0-bot0] INFO  org.pircbotx.InputParser - :oco6ohy6aceh!oco6ohy6aceh@oco6ohy6aceh.tmi.twitch.tv PRIVMSG #irish_00 :–Ω–µ –∑–Ω–∞—é –∫–∞–∫ –µ–≥–æ –ø—Ä–æ—Ö–æ–¥–∏—Ç—å
13:25:36.283 [listenerPool0-thread63] INFO  org.pircbotx.output.OutputRaw - PRIVMSG #jdbener :Oco6ohy6aceh: –Ω–µ –∑–Ω–∞—é –∫–∞–∫ –µ–≥–æ –ø—Ä–æ—Ö–æ–¥–∏—Ç—å
13:26:22.671 [botPool0-bot0] INFO  org.pircbotx.InputParser - :martynoob!martynoob@martynoob.tmi.twitch.tv PART #irish_00
13:26:22.671 [botPool0-bot0] WARN  org.pircbotx.Channel - Channel #irish_00 mode '' is stale
13:26:22.672 [botPool0-bot0] WARN  org.pircbotx.Channel - Channel #irish_00 mode '' is stale
13:26:50.776 [botPool0-bot1] INFO  org.pircbotx.InputParser - PING :irc.glados.tv
13:26:50.776 [listenerPool0-thread69] INFO  org.pircbotx.output.OutputRaw - PONG irc.glados.tv
13:28:06.654 [botPool0-bot1] INFO  org.pircbotx.InputParser - PING :irc.glados.tv
13:28:06.655 [listenerPool0-thread73] INFO  org.pircbotx.output.OutputRaw - PONG irc.glados.tv
13:28:51.340 [botPool0-bot0] INFO  org.pircbotx.InputParser - PING :tmi.twitch.tv
13:28:51.340 [listenerPool0-thread74] INFO  org.pircbotx.output.OutputRaw - PONG tmi.twitch.tv
13:29:13.259 [botPool0-bot1] INFO  org.pircbotx.InputParser - PING :irc.glados.tv
13:29:13.260 [listenerPool0-thread74] INFO  org.pircbotx.output.OutputRaw - PONG irc.glados.tv
13:30:07.571 [botPool0-bot0] INFO  org.pircbotx.InputParser - :jtv PRIVMSG bennerbot :USERCOLOR oco6ohy6aceh #FF69B4
13:30:07.572 [botPool0-bot0] INFO  org.pircbotx.InputParser - :oco6ohy6aceh!oco6ohy6aceh@oco6ohy6aceh.tmi.twitch.tv PRIVMSG #irish_00 :–∞–π—Ä–∏—à —É —Ç–µ–±—? —?–Ω–µ–≥ –≤—ã–ø–∞–ª?
13:30:07.574 [listenerPool0-thread81] INFO  org.pircbotx.output.OutputRaw - PRIVMSG #jdbener :Oco6ohy6aceh: –∞–π—Ä–∏—à —É —Ç–µ–±—? —?–Ω–µ–≥ –≤—ã–ø–∞–ª?
13:30:33.548 [botPool0-bot0] INFO  org.pircbotx.InputParser - :br3athless9!br3athless9@br3athless9.tmi.twitch.tv PART #irish_00
13:30:33.549 [botPool0-bot0] WARN  org.pircbotx.Channel - Channel #irish_00 mode '' is stale
13:30:33.550 [botPool0-bot0] WARN  org.pircbotx.Channel - Channel #irish_00 mode '' is stale
13:31:13.998 [botPool0-bot1] INFO  org.pircbotx.InputParser - PING :irc.glados.tv
13:31:13.998 [listenerPool0-thread85] INFO  org.pircbotx.output.OutputRaw - PONG irc.glados.tv
13:31:37.533 [botPool0-bot0] INFO  org.pircbotx.InputParser - :martynoob!martynoob@martynoob.tmi.twitch.tv JOIN #irish_00
13:32:16.170 [bot2-shutdownhook] INFO  org.pircbotx.output.OutputRaw - QUIT :
13:32:16.170 [bot2-shutdownhook] INFO  org.pircbotx.output.OutputRaw - QUIT :
13:32:16.171 [bot2-shutdownhook] WARN  org.pircbotx.Channel - Channel #irish_00 mode '' is stale
13:32:16.171 [bot2-shutdownhook] INFO  org.pircbotx.dcc.DccHandler - Terminating all transfers waiting to be accepted
13:32:16.172 [botPool0-bot1] INFO  org.pircbotx.PircBotX - Shutdown has been called, closing InputParser
13:32:16.173 [botPool0-bot1] DEBUG o.p.MultiBotManager$BotFutureCallback - Bot #1 finished
13:32:16.173 [bot2-shutdownhook] DEBUG org.pircbotx.PircBotX - Disconnected.
13:32:16.173 [bot2-shutdownhook] WARN  org.pircbotx.Channel - Channel #irish_00 mode '' is stale
13:32:16.173 [bot2-shutdownhook] DEBUG o.p.h.m.ThreadedListenerManager - Waiting for listener me.jdbener.utilities.Infromation@636d8356 to execute event DisconnectEvent(daoSnapshot=org.pircbotx.snapshot.UserChannelDaoSnapshot@21f9f232, disconnectException=null)
13:32:16.174 [bot2-shutdownhook] DEBUG o.p.h.m.ThreadedListenerManager - Waiting for listener me.jdbener.utilities.Countdown@7d1fa1ed to execute event DisconnectEvent(daoSnapshot=org.pircbotx.snapshot.UserChannelDaoSnapshot@21f9f232, disconnectException=null)
13:32:16.174 [bot2-shutdownhook] DEBUG o.p.h.m.ThreadedListenerManager - Waiting for listener me.jdbener.apis.lastfm.LastfmNowPlaying@64d11693 to execute event DisconnectEvent(daoSnapshot=org.pircbotx.snapshot.UserChannelDaoSnapshot@21f9f232, disconnectException=null)
13:32:16.174 [bot2-shutdownhook] DEBUG o.p.h.m.ThreadedListenerManager - Waiting for listener me.jdbener.apis.twitch.TwitchStatusGameUpdater@69ed8c20 to execute event DisconnectEvent(daoSnapshot=org.pircbotx.snapshot.UserChannelDaoSnapshot@21f9f232, disconnectException=null)
13:32:16.174 [bot2-shutdownhook] DEBUG o.p.h.m.ThreadedListenerManager - Waiting for listener me.jdbener.Cleaner@64037d0d to execute event DisconnectEvent(daoSnapshot=org.pircbotx.snapshot.UserChannelDaoSnapshot@21f9f232, disconnectException=null)
13:32:16.174 [bot2-shutdownhook] DEBUG o.p.h.m.ThreadedListenerManager - Waiting for listener org.pircbotx.hooks.CoreHooks@29fc9a67 to execute event DisconnectEvent(daoSnapshot=org.pircbotx.snapshot.UserChannelDaoSnapshot@21f9f232, disconnectException=null)
13:32:16.174 [bot2-shutdownhook] INFO  org.pircbotx.dcc.DccHandler - Terminating all transfers waiting to be accepted
13:32:16.174 [botPool0-bot0] INFO  org.pircbotx.PircBotX - Shutdown has been called, closing InputParser
13:32:16.174 [botPool0-bot0] DEBUG o.p.MultiBotManager$BotFutureCallback - Bot #0 finished
13:32:16.174 [bot2-shutdownhook] DEBUG org.pircbotx.PircBotX - Disconnected.
13:32:16.175 [bot2-shutdownhook] DEBUG o.p.h.m.ThreadedListenerManager - Waiting for listener me.jdbener.utilities.ChatRelayHandeler@60ef7ec1 to execute event DisconnectEvent(daoSnapshot=org.pircbotx.snapshot.UserChannelDaoSnapshot@37021b41, disconnectException=null)
13:32:16.175 [bot2-shutdownhook] DEBUG o.p.h.m.ThreadedListenerManager - Waiting for listener me.jdbener.levels.LevelManager@6c5cdf95 to execute event DisconnectEvent(daoSnapshot=org.pircbotx.snapshot.UserChannelDaoSnapshot@37021b41, disconnectException=null)
