13:38:51.275 [main] INFO  me.jdbener.Bennerbot - Begining plugin loading
13:38:51.359 [main] INFO  me.jdbener.Bennerbot - Finished looking for plugins in: plugins
13:38:51.360 [main] INFO  me.jdbener.Bennerbot - Finished looking for plugins in: plugins/BasicCommands
13:38:51.361 [main] INFO  me.jdbener.Bennerbot - Finished looking for plugins in: plugins/dissabled
13:38:51.363 [main] INFO  me.jdbener.Bennerbot - Beggining pluging loading sequence
13:38:51.363 [main] INFO  me.jdbener.Bennerbot - Finished pluging loading sequence
13:38:51.363 [main] INFO  me.jdbener.Bennerbot - Proceading with BennerBot initiation sequence
13:38:51.459 [main] DEBUG org.pircbotx.MultiBotManager - Not started yet, add to queue
13:38:51.459 [main] DEBUG org.pircbotx.MultiBotManager - Not started yet, add to queue
13:38:51.466 [botPool0-bot0] DEBUG org.pircbotx.PircBotX - Trying address irc.twitch.tv/199.9.252.28
13:38:51.494 [botPool0-bot0] INFO  org.pircbotx.PircBotX - Connected to server.
13:38:51.500 [botPool0-bot0] INFO  org.pircbotx.output.OutputRaw - PASS oauth:hrr2wpqq0knt6sb0spzd3d1mugpdezf
13:38:51.500 [botPool0-bot0] INFO  org.pircbotx.output.OutputRaw - NICK bennerbot
13:38:51.500 [botPool0-bot0] INFO  org.pircbotx.output.OutputRaw - USER BennerBot 8 * :PircBotX 2.0.1, a fork of PircBot, the Java IRC bot - pircbotx.googlecode.com
13:38:51.523 [main] INFO  me.jdbener.Bennerbot - Started Loading the GUI
13:38:51.559 [botPool0-bot0] INFO  org.pircbotx.InputParser - :tmi.twitch.tv 001 bennerbot :Welcome, GLHF!
13:38:51.568 [botPool0-bot1] DEBUG org.pircbotx.PircBotX - Trying address irc.glados.tv/192.99.100.37
13:38:51.571 [botPool0-bot0] DEBUG org.pircbotx.InputParser - Logged onto server.
13:38:51.683 [botPool0-bot1] INFO  org.pircbotx.PircBotX - Connected to server.
13:38:51.684 [botPool0-bot1] INFO  org.pircbotx.output.OutputRaw - PASS bennerbot
13:38:51.684 [botPool0-bot1] INFO  org.pircbotx.output.OutputRaw - NICK bennerbot
13:38:51.684 [botPool0-bot1] INFO  org.pircbotx.output.OutputRaw - USER BennerBot 8 * :PircBotX 2.0.1, a fork of PircBot, the Java IRC bot - pircbotx.googlecode.com
13:38:52.501 [botPool0-bot0] INFO  org.pircbotx.output.OutputRaw - JOIN #irish_00 
13:38:52.501 [botPool0-bot0] INFO  org.pircbotx.InputParser - :tmi.twitch.tv 002 bennerbot :Your host is tmi.twitch.tv
13:38:52.502 [botPool0-bot0] INFO  org.pircbotx.InputParser - :tmi.twitch.tv 003 bennerbot :This server is rather new
13:38:52.502 [botPool0-bot0] INFO  org.pircbotx.InputParser - :tmi.twitch.tv 004 bennerbot :-
13:38:52.508 [botPool0-bot0] ERROR org.pircbotx.PircBotX - Exception encountered when parsing line
java.lang.IndexOutOfBoundsException: Index: 1, Size: 1
	at java.util.ArrayList.rangeCheck(Unknown Source) ~[na:1.7.0_45]
	at java.util.ArrayList.get(Unknown Source) ~[na:1.7.0_45]
	at org.pircbotx.ServerInfo.parse004(ServerInfo.java:113) ~[pircbotx-2.0.1.jar:na]
	at org.pircbotx.ServerInfo.parse(ServerInfo.java:106) ~[pircbotx-2.0.1.jar:na]
	at org.pircbotx.InputParser.processServerResponse(InputParser.java:709) ~[pircbotx-2.0.1.jar:na]
	at org.pircbotx.InputParser.handleLine(InputParser.java:323) ~[pircbotx-2.0.1.jar:na]
	at org.pircbotx.PircBotX.startLineProcessing(PircBotX.java:275) [pircbotx-2.0.1.jar:na]
	at org.pircbotx.PircBotX.connect(PircBotX.java:236) [pircbotx-2.0.1.jar:na]
	at org.pircbotx.MultiBotManager$BotRunner.call(MultiBotManager.java:219) [pircbotx-2.0.1.jar:na]
	at org.pircbotx.MultiBotManager$BotRunner.call(MultiBotManager.java:212) [pircbotx-2.0.1.jar:na]
	at java.util.concurrent.FutureTask.run(Unknown Source) [na:1.7.0_45]
	at java.util.concurrent.ThreadPoolExecutor.runWorker(Unknown Source) [na:1.7.0_45]
	at java.util.concurrent.ThreadPoolExecutor$Worker.run(Unknown Source) [na:1.7.0_45]
	at java.lang.Thread.run(Unknown Source) [na:1.7.0_45]
13:38:52.509 [botPool0-bot0] INFO  org.pircbotx.InputParser - :tmi.twitch.tv 375 bennerbot :-
13:38:52.509 [botPool0-bot0] INFO  org.pircbotx.InputParser - :tmi.twitch.tv 372 bennerbot :You are in a maze of twisty passages, all alike.
13:38:52.510 [botPool0-bot0] INFO  org.pircbotx.InputParser - :tmi.twitch.tv 376 bennerbot :>
13:38:52.559 [botPool0-bot0] INFO  org.pircbotx.InputParser - :bennerbot!bennerbot@bennerbot.tmi.twitch.tv JOIN #irish_00
13:38:53.502 [botPool0-bot0] INFO  org.pircbotx.output.OutputRaw - WHO #irish_00
13:38:54.504 [botPool0-bot0] INFO  org.pircbotx.output.OutputRaw - MODE #irish_00
13:38:54.507 [botPool0-bot0] INFO  org.pircbotx.InputParser - :bennerbot.tmi.twitch.tv 353 bennerbot = #irish_00 :bennerbot
13:38:54.508 [botPool0-bot0] INFO  org.pircbotx.InputParser - :bennerbot.tmi.twitch.tv 366 bennerbot #irish_00 :End of /NAMES list
13:38:54.508 [botPool0-bot0] INFO  org.pircbotx.InputParser - :jtv!jtv@jtv.tmi.twitch.tv PRIVMSG bennerbot :USERCOLOR bennerbot #FF0000
13:38:54.508 [botPool0-bot0] INFO  org.pircbotx.InputParser - :jtv!jtv@jtv.tmi.twitch.tv PRIVMSG bennerbot :HISTORYEND irish_00
13:38:54.510 [botPool0-bot0] INFO  org.pircbotx.InputParser - :tmi.twitch.tv 421 bennerbot WHO :Unknown command
13:38:55.505 [listenerPool0-thread5] INFO  org.pircbotx.output.OutputRaw - PRIVMSG #irish_00 :/color #ff0000
13:38:55.505 [listenerPool0-thread5] INFO  org.pircbotx.output.OutputRaw - PRIVMSG #jdbener :/color #ff0000
13:38:55.566 [botPool0-bot0] INFO  org.pircbotx.InputParser - :jtv!jtv@jtv.tmi.twitch.tv PRIVMSG bennerbot :USERCOLOR bennerbot #FF0000
13:38:55.566 [botPool0-bot0] INFO  org.pircbotx.InputParser - :jtv!jtv@jtv.tmi.twitch.tv PRIVMSG bennerbot :Your color has been changed
13:38:56.506 [listenerPool0-thread5] INFO  org.pircbotx.output.OutputRaw - TWITCHCLIENT 1
13:39:03.504 [botPool0-bot0] INFO  org.pircbotx.InputParser - :jtv PRIVMSG bennerbot :USERCOLOR jdbener #1E90FF
13:39:03.507 [botPool0-bot0] INFO  org.pircbotx.InputParser - :jdbener!jdbener@jdbener.tmi.twitch.tv PRIVMSG #irish_00 :—Ç–µ—?—Ç
13:39:03.507 [listenerPool0-thread7] INFO  org.pircbotx.output.OutputRaw - PRIVMSG #jdbener :Jdbener: —Ç–µ—?—Ç
13:39:37.693 [botPool0-bot1] INFO  org.pircbotx.InputParser - :irc.glados.tv 001 bennerbot :Welcome to the hitbox-tv IRC Network bennerbot!BennerBot@ip.bennerbot.chat.hitbox.tv (Connection ID: d8cf3caf-965a-4eac-8b98-8e96ebf4b760)
13:39:37.693 [botPool0-bot1] DEBUG org.pircbotx.InputParser - Logged onto server.
13:39:37.694 [botPool0-bot1] INFO  org.pircbotx.output.OutputRaw - JOIN #jdbener 
13:39:37.700 [botPool0-bot1] INFO  org.pircbotx.InputParser - :irc.glados.tv 002 bennerbot :Your host is irc.glados.tv, running version IrcD.Net, Version=0.3.5351.28745, Culture=neutral, PublicKeyToken=null
13:39:37.700 [botPool0-bot1] INFO  org.pircbotx.InputParser - :irc.glados.tv 003 bennerbot :This server was created 11/13/2014 6:08:51 AM
13:39:37.701 [botPool0-bot1] INFO  org.pircbotx.InputParser - :irc.glados.tv 004 bennerbot :irc.glados.tv ircD.Net.0.3.5351.28745 Oiorwx ahovITbceiklmnpst
13:39:37.701 [botPool0-bot1] ERROR org.pircbotx.PircBotX - Exception encountered when parsing line
java.lang.IndexOutOfBoundsException: Index: 1, Size: 1
	at java.util.ArrayList.rangeCheck(Unknown Source) ~[na:1.7.0_45]
	at java.util.ArrayList.get(Unknown Source) ~[na:1.7.0_45]
	at org.pircbotx.ServerInfo.parse004(ServerInfo.java:113) ~[pircbotx-2.0.1.jar:na]
	at org.pircbotx.ServerInfo.parse(ServerInfo.java:106) ~[pircbotx-2.0.1.jar:na]
	at org.pircbotx.InputParser.processServerResponse(InputParser.java:709) ~[pircbotx-2.0.1.jar:na]
	at org.pircbotx.InputParser.handleLine(InputParser.java:323) ~[pircbotx-2.0.1.jar:na]
	at org.pircbotx.PircBotX.startLineProcessing(PircBotX.java:275) [pircbotx-2.0.1.jar:na]
	at org.pircbotx.PircBotX.connect(PircBotX.java:236) [pircbotx-2.0.1.jar:na]
	at org.pircbotx.MultiBotManager$BotRunner.call(MultiBotManager.java:219) [pircbotx-2.0.1.jar:na]
	at org.pircbotx.MultiBotManager$BotRunner.call(MultiBotManager.java:212) [pircbotx-2.0.1.jar:na]
	at java.util.concurrent.FutureTask.run(Unknown Source) [na:1.7.0_45]
	at java.util.concurrent.ThreadPoolExecutor.runWorker(Unknown Source) [na:1.7.0_45]
	at java.util.concurrent.ThreadPoolExecutor$Worker.run(Unknown Source) [na:1.7.0_45]
	at java.lang.Thread.run(Unknown Source) [na:1.7.0_45]
13:39:37.701 [botPool0-bot1] INFO  org.pircbotx.InputParser - :irc.glados.tv 005 bennerbot STD=draft03 PREFIX=(aohv)&@%+ CHANMODES=Ibe,k,l,Tcimnpst CHANTYPES=# CHANLIMIT=#:10 INEVEX=I EXCEPTS=e NETWORK=hitbox-tv CASEMAPPING=ascii CHANNELLEN=40 NICKLEN=32 MAXNICKLEN=32 TOPICLEN=300 KICKLEN=300 AWAYLEN=300 KNOCK LANGUAGE=5,af,sq,am,ar,hy,az,eu,be,bn,bh,bg,my,ca,chr,zh,zh-CN,zh-TW,hr,cs,da,dv,nl,en,eo,et,tl,fi,fr,gl,ka,de,el,gn,gu,iw,hi,hu,is,id,iu,it,ja,kn,kk,km,ko,ku,ky,lo,lv,lt,mk,ms,ml,mt,mr,mn,ne,no,or,ps,fa,pl,pt-PT,pa,ro,ru,sa,sr,sd :are supported by this server
13:39:37.702 [botPool0-bot1] INFO  org.pircbotx.InputParser - :irc.glados.tv 005 bennerbot LANGUAGE=5,si,sk,sl,es,sw,sv,tg,ta,te,th,bo,tr,uk,ur,uz,ug,vi SILENCE=25 RFC2812 :are supported by this server
13:39:37.702 [botPool0-bot1] INFO  org.pircbotx.InputParser - :irc.glados.tv 375 bennerbot :- irc.glados.tv Message of the day -
13:39:37.703 [botPool0-bot1] INFO  org.pircbotx.InputParser - :irc.glados.tv 372 bennerbot :-   +MMMMMMMMMMMMmdho+oddmNMMMMMMMMMMMMM $$\   $$\ $$\   $$\     $$\                                 $$$$$$\ $$$$$$$\   $$$$$$\  
13:39:37.703 [botPool0-bot1] INFO  org.pircbotx.InputParser - :irc.glados.tv 372 bennerbot :-   +MMMMMMMMNdoo/::-:///+osymNMMMMMMMMM $$ |  $$ |\__|  $$ |    $$ |                                \_$$  _|$$  __$$\ $$  __$$\ 
13:39:37.703 [botPool0-bot1] INFO  org.pircbotx.InputParser - :irc.glados.tv 372 bennerbot :-   +MMMMMMMMh::-----:////////dMMMMMMMMM $$ |  $$ |$$\ $$$$$$\   $$$$$$$\   $$$$$$\  $$\   $$\         $$ |  $$ |  $$ |$$ /  \__|
13:39:37.808 [botPool0-bot1] INFO  org.pircbotx.InputParser - :irc.glados.tv 372 bennerbot :-   +MMMMMMMMh:::----:////////dMMMMMMMMM $$$$$$$$ |$$ |\_$$  _|  $$  __$$\ $$  __$$\ \$$\ $$  |        $$ |  $$$$$$$  |$$ |     
13:39:37.808 [botPool0-bot1] INFO  org.pircbotx.InputParser - :irc.glados.tv 372 bennerbot :-   +MMMMMMMMh:::----:////////dMMMMMMMMM $$  __$$ |$$ |  $$ |    $$ |  $$ |$$ /  $$ | \$$$$  /         $$ |  $$  __$$< $$ |      
13:39:37.809 [botPool0-bot1] INFO  org.pircbotx.InputParser - :irc.glados.tv 372 bennerbot :-   +MMMMMMMMh::::---:////////dMMMMMMMMM $$ |  $$ |$$ |  $$ |$$\ $$ |  $$ |$$ |  $$ | $$  $$<          $$ |  $$ |  $$ |$$ |  $$\ 
13:39:37.809 [botPool0-bot1] INFO  org.pircbotx.InputParser - :irc.glados.tv 372 bennerbot :-   +MMMMMMMMh:::://++oo++++/+dMMMMMMMMM $$ |  $$ |$$ |  \$$$$  |$$$$$$$  |\$$$$$$  |$$  /\$$\       $$$$$$\ $$ |  $$ |\$$$$$$  |
13:39:37.809 [botPool0-bot1] INFO  org.pircbotx.InputParser - :irc.glados.tv 372 bennerbot :-   +MMMMMMMMmhmmdddddddddmmmmNMMMMMMMMM \__|  \__|\__|   \____/ \_______/  \______/ \__/  \__|      \______|\__|  \__| \______/ 
13:39:38.362 [botPool0-bot1] INFO  org.pircbotx.InputParser - :irc.glados.tv 372 bennerbot :-   +NyssssMyo+///:::::/+++oosyhMyyyhhMM
13:39:38.681 [botPool0-bot1] INFO  org.pircbotx.InputParser - :irc.glados.tv 372 bennerbot :-   +N:::::Mo::::::::::////++++yM+++ooNM $$$$$$$\            $$\                                                                 
13:39:38.682 [botPool0-bot1] INFO  org.pircbotx.InputParser - :irc.glados.tv 372 bennerbot :-   +N:::::Mo::::::::::///+++++yM++oooNM $$$$$$$\            $$\                           
13:39:38.682 [botPool0-bot1] INFO  org.pircbotx.InputParser - :irc.glados.tv 372 bennerbot :-   +N:::::Mo:::::::::://++++++yM+ooooNM $$  __$$\           $$ |                         
13:39:38.682 [botPool0-bot1] INFO  org.pircbotx.InputParser - :irc.glados.tv 372 bennerbot :-   +N:::::Mo:::::::::://++++++yMoooooNM $$ |  $$ | $$$$$$\  $$ | $$$$$$\  $$\   $$\          
13:39:38.997 [botPool0-bot1] INFO  org.pircbotx.InputParser - :irc.glados.tv 372 bennerbot :-   +N:::::Mo::::::::://+++++++yMoooooNM $$$$$$$  |$$  __$$\ $$ | \____$$\ $$ |  $$ |        
13:39:38.997 [botPool0-bot1] INFO  org.pircbotx.InputParser - :irc.glados.tv 372 bennerbot :-   +N/::::Mo:::::::::/++++++++yMoosyhMM $$  __$$< $$$$$$$$ |$$ | $$$$$$$ |$$ |  $$ |      
13:39:38.998 [botPool0-bot1] INFO  org.pircbotx.InputParser - :irc.glados.tv 372 bennerbot :-   +Mho//:Mo:::::::::/+++++++oyMhdNMMMM $$ |  $$ |$$   ____|$$ |$$  __$$ |$$ |  $$ |       
13:39:39.564 [botPool0-bot1] INFO  org.pircbotx.InputParser - :irc.glados.tv 372 bennerbot :-   +MMMMNhMy+/:::::::/++++oshmNMMMMMMMM $$ |  $$ |\$$$$$$$\ $$ |\$$$$$$$ |\$$$$$$$ |       
13:39:39.880 [botPool0-bot1] INFO  org.pircbotx.InputParser - :irc.glados.tv 372 bennerbot :-   +MMMMMMMhyddhs+/::/+oydmmhyhMMMMMMMM \__|  \__| \_______|\__| \_______| \____$$ |             -Community Driven
13:39:39.880 [botPool0-bot1] INFO  org.pircbotx.InputParser - :irc.glados.tv 372 bennerbot :-   +MMMMMMMo::/+shhhhddmdyo+ooyMMMMMMMM                                   $$\   $$ |      
13:39:39.880 [botPool0-bot1] INFO  org.pircbotx.InputParser - :irc.glados.tv 372 bennerbot :-   +MMMMMMMo:::::::/dNd+++++ooyMMMMMMMM                                   \$$$$$$  |  
13:39:39.881 [botPool0-bot1] INFO  org.pircbotx.InputParser - :irc.glados.tv 372 bennerbot :-   +MMMMMMMs::::::::hNh++++oooyMMMMMMMM                                    \______/  
13:39:39.881 [botPool0-bot1] INFO  org.pircbotx.InputParser - :irc.glados.tv 372 bennerbot :-   +MMMMMMMNdso//:::hNh++oosydNMMMMMMMM
13:39:39.882 [botPool0-bot1] INFO  org.pircbotx.InputParser - :irc.glados.tv 372 bennerbot :-   +MMMMMMMMMMMmdyo/dNh+shmNMMMMMMMMMMM
13:39:39.882 [botPool0-bot1] INFO  org.pircbotx.InputParser - :irc.glados.tv 372 bennerbot :-   +MMMMMMMMMMMMMMMNMMMNMMMMMMMMMMMMMMM
13:39:39.882 [botPool0-bot1] INFO  org.pircbotx.InputParser - :irc.glados.tv 372 bennerbot :-   
13:39:39.882 [botPool0-bot1] INFO  org.pircbotx.InputParser - :irc.glados.tv 372 bennerbot :-   Join #help for problems/assistance. To join channels, use the lowercase version of the channel name (ex. Danbopes => #danbopes)
13:39:39.883 [botPool0-bot1] INFO  org.pircbotx.InputParser - :irc.glados.tv 372 bennerbot :-   
13:39:39.883 [botPool0-bot1] INFO  org.pircbotx.InputParser - :irc.glados.tv 376 bennerbot :End of MOTD command
13:39:39.884 [botPool0-bot1] INFO  org.pircbotx.InputParser - :irc.glados.tv 251 bennerbot :There are 138 users and 0 services on 1 servers
13:39:39.884 [botPool0-bot1] INFO  org.pircbotx.InputParser - :irc.glados.tv 252 bennerbot 0 :operator(s) online
13:39:40.192 [botPool0-bot1] INFO  org.pircbotx.InputParser - :irc.glados.tv 253 bennerbot 11 :unknown connection(s)
13:39:40.192 [botPool0-bot1] INFO  org.pircbotx.InputParser - :irc.glados.tv 254 bennerbot 1 :channels formed
13:39:40.193 [botPool0-bot1] INFO  org.pircbotx.InputParser - :irc.glados.tv 255 bennerbot :I have 138 clients and 1 servers
13:39:40.800 [listenerPool0-thread14] INFO  org.pircbotx.output.OutputRaw - PRIVMSG #irish_00 :/color #ff0000
13:39:40.800 [listenerPool0-thread14] INFO  org.pircbotx.output.OutputRaw - PRIVMSG #jdbener :/color #ff0000
13:39:40.876 [botPool0-bot0] INFO  org.pircbotx.InputParser - :jtv!jtv@jtv.tmi.twitch.tv PRIVMSG bennerbot :USERCOLOR bennerbot #FF0000
13:39:40.876 [botPool0-bot0] INFO  org.pircbotx.InputParser - :jtv!jtv@jtv.tmi.twitch.tv PRIVMSG bennerbot :Your color has been changed
13:39:53.035 [botPool0-bot1] INFO  org.pircbotx.InputParser - :irc.glados.tv 404 bennerbot #jdbener :Cannot send to channel
13:40:08.914 [botPool0-bot1] INFO  org.pircbotx.InputParser - :irc.glados.tv 404 bennerbot #jdbener :Cannot send to channel
13:40:30.318 [botPool0-bot0] INFO  org.pircbotx.InputParser - :aacisuan!aacisuan@aacisuan.tmi.twitch.tv PRIVMSG #irish_00 :i defeat only one, and lost like 30 or more int the first day i play DS pvp :|
13:40:30.319 [listenerPool0-thread8] INFO  org.pircbotx.output.OutputRaw - PRIVMSG #jdbener :Aacisuan: i defeat only one, and lost like 30 or more int the first day i play DS pvp :|
13:40:39.543 [botPool0-bot0] INFO  org.pircbotx.InputParser - :jtv PRIVMSG bennerbot :USERCOLOR oco6ohy6aceh #FF69B4
13:40:39.549 [botPool0-bot0] INFO  org.pircbotx.InputParser - :oco6ohy6aceh!oco6ohy6aceh@oco6ohy6aceh.tmi.twitch.tv PRIVMSG #irish_00 :–≤ –æ—Ä–¥–µ–Ω–µ –¥—Ä–∞–∫–æ–Ω–æ–≤ –æ–¥–Ω–∏ –Ω—É–±—ã, —Ç—ã –¥–∞–∂–µ –µ–≥–æ –Ω–µ —É–±–∏–ª
13:40:39.553 [listenerPool0-thread15] INFO  org.pircbotx.output.OutputRaw - PRIVMSG #jdbener :Oco6ohy6aceh: –≤ –æ—Ä–¥–µ–Ω–µ –¥—Ä–∞–∫–æ–Ω–æ–≤ –æ–¥–Ω–∏ –Ω—É–±—ã, —Ç—ã –¥–∞–∂–µ –µ–≥–æ –Ω–µ —É–±–∏–ª
13:40:41.488 [botPool0-bot0] INFO  org.pircbotx.InputParser - :jtv PRIVMSG bennerbot :USERCOLOR oco6ohy6aceh #FF69B4
13:40:41.490 [botPool0-bot0] INFO  org.pircbotx.InputParser - :oco6ohy6aceh!oco6ohy6aceh@oco6ohy6aceh.tmi.twitch.tv PRIVMSG #irish_00 ::P
13:40:41.490 [listenerPool0-thread7] INFO  org.pircbotx.output.OutputRaw - PRIVMSG #jdbener :Oco6ohy6aceh: :P
13:41:02.534 [botPool0-bot0] INFO  org.pircbotx.InputParser - :sergeyxxxx!sergeyxxxx@sergeyxxxx.tmi.twitch.tv PRIVMSG #irish_00 :–ø–∞—Ä–∏—Ä—É–π –∏–ª–∏ –∫–æ–ø—å–µ –æ—Ä–æ–±–æ—Ä–æ
13:41:02.535 [listenerPool0-thread8] INFO  org.pircbotx.output.OutputRaw - PRIVMSG #jdbener :Sergeyxxxx: –ø–∞—Ä–∏—Ä—É–π –∏–ª–∏ –∫–æ–ø—å–µ –æ—Ä–æ–±–æ—Ä–æ
13:41:08.923 [botPool0-bot1] INFO  org.pircbotx.InputParser - PING :irc.glados.tv
13:41:08.924 [listenerPool0-thread23] INFO  org.pircbotx.output.OutputRaw - PONG irc.glados.tv
13:41:13.805 [botPool0-bot1] INFO  org.pircbotx.InputParser - :bennerbot!BennerBot@ip.bennerbot.chat.hitbox.tv JOIN #jdbener
13:41:13.806 [botPool0-bot1] INFO  org.pircbotx.output.OutputRaw - WHO #jdbener
13:41:14.807 [botPool0-bot1] INFO  org.pircbotx.output.OutputRaw - MODE #jdbener
13:41:14.807 [botPool0-bot1] INFO  org.pircbotx.InputParser - :irc.glados.tv 332 bennerbot #jdbener :test
13:41:14.807 [botPool0-bot1] INFO  org.pircbotx.InputParser - :irc.glados.tv 353 bennerbot = #jdbener :%bennerbot
13:41:14.808 [botPool0-bot1] INFO  org.pircbotx.InputParser - :irc.glados.tv 366 bennerbot #jdbener :End of NAMES list
13:41:22.016 [botPool0-bot0] INFO  org.pircbotx.InputParser - :jtv PRIVMSG bennerbot :SPECIALUSER a_sneaky_barrel turbo
13:41:22.023 [botPool0-bot0] INFO  org.pircbotx.InputParser - :jtv PRIVMSG bennerbot :USERCOLOR a_sneaky_barrel #00CC33
13:41:22.030 [botPool0-bot0] INFO  org.pircbotx.InputParser - :jtv PRIVMSG bennerbot :EMOTESET a_sneaky_barrel [4698,141,793,2224,136,33]
13:41:22.032 [botPool0-bot0] INFO  org.pircbotx.InputParser - :a_sneaky_barrel!a_sneaky_barrel@a_sneaky_barrel.tmi.twitch.tv PRIVMSG #irish_00 :WHAT CONSOLE? PC or PS3 or Xbox 360?
13:41:22.035 [listenerPool0-thread22] INFO  org.pircbotx.output.OutputRaw - PRIVMSG #jdbener :A_sneaky_barrel: WHAT CONSOLE? PC or PS3 or Xbox 360?
13:41:35.943 [bot2-shutdownhook] INFO  org.pircbotx.output.OutputRaw - QUIT :
13:41:35.943 [bot2-shutdownhook] INFO  org.pircbotx.output.OutputRaw - QUIT :
13:41:35.967 [bot2-shutdownhook] INFO  org.pircbotx.dcc.DccHandler - Terminating all transfers waiting to be accepted
13:41:35.967 [botPool0-bot1] INFO  org.pircbotx.PircBotX - Shutdown has been called, closing InputParser
13:41:35.967 [bot2-shutdownhook] DEBUG org.pircbotx.PircBotX - Disconnected.
13:41:35.967 [bot2-shutdownhook] DEBUG o.p.h.m.ThreadedListenerManager - Waiting for listener me.jdbener.utilities.CustomCommandHandeler@7afbbb20 to execute event DisconnectEvent(daoSnapshot=org.pircbotx.snapshot.UserChannelDaoSnapshot@4ac9b455, disconnectException=null)
13:41:35.968 [botPool0-bot1] DEBUG o.p.MultiBotManager$BotFutureCallback - Bot #1 finished
13:41:35.969 [bot2-shutdownhook] DEBUG o.p.h.m.ThreadedListenerManager - Waiting for listener me.jdbener.levels.BennerBitManager@2b2a653e to execute event DisconnectEvent(daoSnapshot=org.pircbotx.snapshot.UserChannelDaoSnapshot@4ac9b455, disconnectException=null)
13:41:35.969 [bot2-shutdownhook] DEBUG o.p.h.m.ThreadedListenerManager - Waiting for listener me.jdbener.utilities.JoinLeaveMessages@7787d5ed to execute event DisconnectEvent(daoSnapshot=org.pircbotx.snapshot.UserChannelDaoSnapshot@4ac9b455, disconnectException=null)
13:41:35.969 [bot2-shutdownhook] DEBUG o.p.h.m.ThreadedListenerManager - Waiting for listener me.jdbener.utilities.Infromation@636d8356 to execute event DisconnectEvent(daoSnapshot=org.pircbotx.snapshot.UserChannelDaoSnapshot@4ac9b455, disconnectException=null)
13:41:35.969 [bot2-shutdownhook] DEBUG o.p.h.m.ThreadedListenerManager - Waiting for listener me.jdbener.utilities.Countdown@7d1fa1ed to execute event DisconnectEvent(daoSnapshot=org.pircbotx.snapshot.UserChannelDaoSnapshot@4ac9b455, disconnectException=null)
13:41:35.969 [bot2-shutdownhook] DEBUG o.p.h.m.ThreadedListenerManager - Waiting for listener me.jdbener.utilities.ChatRelayHandeler@60ef7ec1 to execute event DisconnectEvent(daoSnapshot=org.pircbotx.snapshot.UserChannelDaoSnapshot@4ac9b455, disconnectException=null)
13:41:35.969 [bot2-shutdownhook] DEBUG o.p.h.m.ThreadedListenerManager - Waiting for listener me.jdbener.apis.lastfm.LastfmNowPlaying@64d11693 to execute event DisconnectEvent(daoSnapshot=org.pircbotx.snapshot.UserChannelDaoSnapshot@4ac9b455, disconnectException=null)
13:41:35.969 [bot2-shutdownhook] DEBUG o.p.h.m.ThreadedListenerManager - Waiting for listener me.jdbener.apis.twitch.TwitchStatusGameUpdater@69ed8c20 to execute event DisconnectEvent(daoSnapshot=org.pircbotx.snapshot.UserChannelDaoSnapshot@4ac9b455, disconnectException=null)
13:41:35.969 [bot2-shutdownhook] DEBUG o.p.h.m.ThreadedListenerManager - Waiting for listener me.jdbener.apis.hitbox.HitboxStatusGameUpdater@5c4ddc5 to execute event DisconnectEvent(daoSnapshot=org.pircbotx.snapshot.UserChannelDaoSnapshot@4ac9b455, disconnectException=null)
13:41:35.969 [bot2-shutdownhook] DEBUG o.p.h.m.ThreadedListenerManager - Waiting for listener me.jdbener.Cleaner@64037d0d to execute event DisconnectEvent(daoSnapshot=org.pircbotx.snapshot.UserChannelDaoSnapshot@4ac9b455, disconnectException=null)
13:41:35.970 [bot2-shutdownhook] DEBUG o.p.h.m.ThreadedListenerManager - Waiting for listener org.pircbotx.hooks.CoreHooks@29fc9a67 to execute event DisconnectEvent(daoSnapshot=org.pircbotx.snapshot.UserChannelDaoSnapshot@4ac9b455, disconnectException=null)
13:41:35.970 [bot2-shutdownhook] DEBUG o.p.h.m.ThreadedListenerManager - Waiting for listener me.jdbener.levels.LevelManager@6c5cdf95 to execute event DisconnectEvent(daoSnapshot=org.pircbotx.snapshot.UserChannelDaoSnapshot@4ac9b455, disconnectException=null)
13:41:35.971 [bot2-shutdownhook] INFO  org.pircbotx.dcc.DccHandler - Terminating all transfers waiting to be accepted
13:41:35.971 [botPool0-bot0] INFO  org.pircbotx.PircBotX - Shutdown has been called, closing InputParser
13:41:35.972 [botPool0-bot0] DEBUG o.p.MultiBotManager$BotFutureCallback - Bot #0 finished
13:41:35.972 [bot2-shutdownhook] DEBUG org.pircbotx.PircBotX - Disconnected.
13:41:35.972 [bot2-shutdownhook] DEBUG o.p.h.m.ThreadedListenerManager - Waiting for listener me.jdbener.levels.BennerBitManager@2b2a653e to execute event DisconnectEvent(daoSnapshot=org.pircbotx.snapshot.UserChannelDaoSnapshot@6b892f14, disconnectException=null)
13:41:35.972 [bot2-shutdownhook] DEBUG o.p.h.m.ThreadedListenerManager - Waiting for listener me.jdbener.utilities.JoinLeaveMessages@7787d5ed to execute event DisconnectEvent(daoSnapshot=org.pircbotx.snapshot.UserChannelDaoSnapshot@6b892f14, disconnectException=null)
13:41:35.972 [bot2-shutdownhook] DEBUG o.p.h.m.ThreadedListenerManager - Waiting for listener me.jdbener.utilities.Infromation@636d8356 to execute event DisconnectEvent(daoSnapshot=org.pircbotx.snapshot.UserChannelDaoSnapshot@6b892f14, disconnectException=null)
13:41:35.972 [bot2-shutdownhook] DEBUG o.p.h.m.ThreadedListenerManager - Waiting for listener me.jdbener.utilities.Countdown@7d1fa1ed to execute event DisconnectEvent(daoSnapshot=org.pircbotx.snapshot.UserChannelDaoSnapshot@6b892f14, disconnectException=null)
13:41:35.972 [bot2-shutdownhook] DEBUG o.p.h.m.ThreadedListenerManager - Waiting for listener me.jdbener.utilities.ChatRelayHandeler@60ef7ec1 to execute event DisconnectEvent(daoSnapshot=org.pircbotx.snapshot.UserChannelDaoSnapshot@6b892f14, disconnectException=null)
13:41:35.972 [bot2-shutdownhook] DEBUG o.p.h.m.ThreadedListenerManager - Waiting for listener me.jdbener.apis.lastfm.LastfmNowPlaying@64d11693 to execute event DisconnectEvent(daoSnapshot=org.pircbotx.snapshot.UserChannelDaoSnapshot@6b892f14, disconnectException=null)
13:41:35.972 [bot2-shutdownhook] DEBUG o.p.h.m.ThreadedListenerManager - Waiting for listener me.jdbener.apis.twitch.TwitchStatusGameUpdater@69ed8c20 to execute event DisconnectEvent(daoSnapshot=org.pircbotx.snapshot.UserChannelDaoSnapshot@6b892f14, disconnectException=null)
13:41:35.972 [bot2-shutdownhook] DEBUG o.p.h.m.ThreadedListenerManager - Waiting for listener me.jdbener.apis.hitbox.HitboxStatusGameUpdater@5c4ddc5 to execute event DisconnectEvent(daoSnapshot=org.pircbotx.snapshot.UserChannelDaoSnapshot@6b892f14, disconnectException=null)
13:41:35.972 [bot2-shutdownhook] DEBUG o.p.h.m.ThreadedListenerManager - Waiting for listener me.jdbener.Cleaner@64037d0d to execute event DisconnectEvent(daoSnapshot=org.pircbotx.snapshot.UserChannelDaoSnapshot@6b892f14, disconnectException=null)
13:41:35.972 [bot2-shutdownhook] DEBUG o.p.h.m.ThreadedListenerManager - Waiting for listener org.pircbotx.hooks.CoreHooks@29fc9a67 to execute event DisconnectEvent(daoSnapshot=org.pircbotx.snapshot.UserChannelDaoSnapshot@6b892f14, disconnectException=null)
13:41:35.972 [bot2-shutdownhook] DEBUG o.p.h.m.ThreadedListenerManager - Waiting for listener me.jdbener.levels.LevelManager@6c5cdf95 to execute event DisconnectEvent(daoSnapshot=org.pircbotx.snapshot.UserChannelDaoSnapshot@6b892f14, disconnectException=null)
