13:52:54.471 [main] WARN  me.jdbener.Bennerbot - Waiting for GUI to load
{}
{}
{}
{}
{}
13:53:12.402 [main] INFO  me.jdbener.Bennerbot - GUI loaded... Continuing with launch sequence
{}
{}
{}
{}
{}
{}
13:53:19.073 [main] INFO  me.jdbener.Bennerbot - Begining plugin loading
13:53:19.176 [main] INFO  me.jdbener.Bennerbot - Finished looking for plugins in: plugins
13:53:19.178 [main] INFO  me.jdbener.Bennerbot - Finished looking for plugins in: plugins/BasicCommands
13:53:19.180 [main] INFO  me.jdbener.Bennerbot - Finished looking for plugins in: plugins/dissabled
13:53:19.184 [main] INFO  me.jdbener.Bennerbot - Beggining pluging loading sequence
13:53:19.184 [main] INFO  me.jdbener.Bennerbot - Finished pluging loading sequence
13:53:19.184 [main] INFO  me.jdbener.Bennerbot - Proceading with BennerBot initiation sequence
13:53:19.237 [main] DEBUG org.pircbotx.MultiBotManager - Not started yet, add to queue
13:53:19.241 [botPool0-bot0] DEBUG org.pircbotx.PircBotX - Trying address irc.twitch.tv/199.9.250.239
{}
13:53:19.354 [botPool0-bot0] INFO  org.pircbotx.PircBotX - Connected to server.
13:53:19.360 [botPool0-bot0] INFO  org.pircbotx.output.OutputRaw - PASS oauth:hrr2wpqq0knt6sb0spzd3d1mugpdezf
13:53:19.360 [botPool0-bot0] INFO  org.pircbotx.output.OutputRaw - NICK bennerbot
13:53:19.360 [botPool0-bot0] INFO  org.pircbotx.output.OutputRaw - USER BennerBot 8 * :PircBotX 2.0.1, a fork of PircBot, the Java IRC bot - pircbotx.googlecode.com
13:53:19.444 [botPool0-bot0] INFO  org.pircbotx.InputParser - :tmi.twitch.tv 001 bennerbot :Welcome, GLHF!
13:53:19.453 [botPool0-bot0] DEBUG org.pircbotx.InputParser - Logged onto server.
{}
13:53:20.361 [botPool0-bot0] INFO  org.pircbotx.output.OutputRaw - JOIN #jdbener 
13:53:20.361 [botPool0-bot0] INFO  org.pircbotx.InputParser - :tmi.twitch.tv 002 bennerbot :Your host is tmi.twitch.tv
13:53:20.361 [botPool0-bot0] INFO  org.pircbotx.InputParser - :tmi.twitch.tv 003 bennerbot :This server is rather new
13:53:20.362 [botPool0-bot0] INFO  org.pircbotx.InputParser - :tmi.twitch.tv 004 bennerbot :-
13:53:20.367 [botPool0-bot0] ERROR org.pircbotx.PircBotX - Exception encountered when parsing line
java.lang.IndexOutOfBoundsException: Index: 1, Size: 1
	at java.util.ArrayList.rangeCheck(Unknown Source) ~[na:1.7.0_45]
	at java.util.ArrayList.get(Unknown Source) ~[na:1.7.0_45]
	at org.pircbotx.ServerInfo.parse004(ServerInfo.java:113) ~[pircbotx-2.0.1.jar:na]
	at org.pircbotx.ServerInfo.parse(ServerInfo.java:106) ~[pircbotx-2.0.1.jar:na]
	at org.pircbotx.InputParser.processServerResponse(InputParser.java:709) ~[pircbotx-2.0.1.jar:na]
	at org.pircbotx.InputParser.handleLine(InputParser.java:323) ~[pircbotx-2.0.1.jar:na]
	at org.pircbotx.PircBotX.startLineProcessing(PircBotX.java:275) [pircbotx-2.0.1.jar:na]
	at org.pircbotx.PircBotX.connect(PircBotX.java:236) [pircbotx-2.0.1.jar:na]
	at org.pircbotx.MultiBotManager$BotRunner.call(MultiBotManager.java:219) [pircbotx-2.0.1.jar:na]
	at org.pircbotx.MultiBotManager$BotRunner.call(MultiBotManager.java:212) [pircbotx-2.0.1.jar:na]
	at java.util.concurrent.FutureTask.run(Unknown Source) [na:1.7.0_45]
	at java.util.concurrent.ThreadPoolExecutor.runWorker(Unknown Source) [na:1.7.0_45]
	at java.util.concurrent.ThreadPoolExecutor$Worker.run(Unknown Source) [na:1.7.0_45]
	at java.lang.Thread.run(Unknown Source) [na:1.7.0_45]
13:53:20.367 [botPool0-bot0] INFO  org.pircbotx.InputParser - :tmi.twitch.tv 375 bennerbot :-
13:53:20.367 [botPool0-bot0] INFO  org.pircbotx.InputParser - :tmi.twitch.tv 372 bennerbot :You are in a maze of twisty passages, all alike.
13:53:20.368 [botPool0-bot0] INFO  org.pircbotx.InputParser - :tmi.twitch.tv 376 bennerbot :>
13:53:20.431 [botPool0-bot0] INFO  org.pircbotx.InputParser - :bennerbot!bennerbot@bennerbot.tmi.twitch.tv JOIN #jdbener
{}
13:53:21.362 [botPool0-bot0] INFO  org.pircbotx.output.OutputRaw - WHO #jdbener
{}
13:53:22.363 [botPool0-bot0] INFO  org.pircbotx.output.OutputRaw - MODE #jdbener
13:53:22.366 [botPool0-bot0] INFO  org.pircbotx.InputParser - :jtv!jtv@jtv.tmi.twitch.tv PRIVMSG bennerbot :USERCOLOR bennerbot #FF0000
13:53:22.367 [botPool0-bot0] INFO  org.pircbotx.InputParser - :jtv!jtv@jtv.tmi.twitch.tv PRIVMSG bennerbot :HISTORYEND jdbener
13:53:22.368 [botPool0-bot0] INFO  org.pircbotx.InputParser - :bennerbot.tmi.twitch.tv 353 bennerbot = #jdbener :pinkandorangeandgold biogenx2b t4arty gorm_ jdbener
13:53:22.368 [botPool0-bot0] INFO  org.pircbotx.InputParser - :bennerbot.tmi.twitch.tv 353 bennerbot = #jdbener :bennerbot
13:53:22.368 [botPool0-bot0] INFO  org.pircbotx.InputParser - :bennerbot.tmi.twitch.tv 366 bennerbot #jdbener :End of /NAMES list
13:53:22.369 [botPool0-bot0] INFO  org.pircbotx.InputParser - :jtv MODE #jdbener +o jdbener
13:53:22.374 [botPool0-bot0] INFO  org.pircbotx.InputParser - :tmi.twitch.tv 421 bennerbot WHO :Unknown command
{}
13:53:23.365 [listenerPool0-thread4] INFO  org.pircbotx.output.OutputRaw - PRIVMSG #jdbener :/color #ff0000
13:53:23.448 [botPool0-bot0] INFO  org.pircbotx.InputParser - :jtv!jtv@jtv.tmi.twitch.tv PRIVMSG bennerbot :USERCOLOR bennerbot #FF0000
13:53:23.448 [botPool0-bot0] INFO  org.pircbotx.InputParser - :jtv!jtv@jtv.tmi.twitch.tv PRIVMSG bennerbot :Your color has been changed
{}
13:53:24.366 [listenerPool0-thread4] INFO  org.pircbotx.output.OutputRaw - TWITCHCLIENT 1
{}
{}
{}
{}
{}
{}
{}
{}
13:53:32.998 [bot1-shutdownhook] INFO  org.pircbotx.output.OutputRaw - QUIT :
13:53:33.003 [bot1-shutdownhook] WARN  org.pircbotx.Channel - Channel #jdbener mode '' is stale
13:53:33.027 [bot1-shutdownhook] WARN  org.pircbotx.Channel - Channel #jdbener mode '' is stale
13:53:33.031 [bot1-shutdownhook] INFO  org.pircbotx.dcc.DccHandler - Terminating all transfers waiting to be accepted
13:53:33.031 [botPool0-bot0] INFO  org.pircbotx.PircBotX - Shutdown has been called, closing InputParser
13:53:33.032 [bot1-shutdownhook] DEBUG org.pircbotx.PircBotX - Disconnected.
13:53:33.032 [bot1-shutdownhook] DEBUG o.p.h.m.ThreadedListenerManager - Waiting for listener me.jdbener.levels.BennerBitManager@27bf194f to execute event DisconnectEvent(daoSnapshot=org.pircbotx.snapshot.UserChannelDaoSnapshot@3bcf72c7, disconnectException=null)
13:53:33.032 [bot1-shutdownhook] DEBUG o.p.h.m.ThreadedListenerManager - Waiting for listener org.pircbotx.hooks.CoreHooks@22546875 to execute event DisconnectEvent(daoSnapshot=org.pircbotx.snapshot.UserChannelDaoSnapshot@3bcf72c7, disconnectException=null)
13:53:33.032 [bot1-shutdownhook] DEBUG o.p.h.m.ThreadedListenerManager - Waiting for listener me.jdbener.utilities.ChatRelayHandeler@6c94d5ea to execute event DisconnectEvent(daoSnapshot=org.pircbotx.snapshot.UserChannelDaoSnapshot@3bcf72c7, disconnectException=null)
13:53:33.032 [botPool0-bot0] DEBUG o.p.MultiBotManager$BotFutureCallback - Bot #0 finished
