14:15:25.456 [main] WARN  me.jdbener.Bennerbot - Waiting for GUI to load
14:15:48.010 [main] INFO  me.jdbener.Bennerbot - GUI loaded... Continuing with launch sequence
14:15:54.733 [main] INFO  me.jdbener.Bennerbot - Begining plugin loading
14:15:54.837 [main] INFO  me.jdbener.Bennerbot - Finished looking for plugins in: plugins
14:15:54.838 [main] INFO  me.jdbener.Bennerbot - Finished looking for plugins in: plugins/BasicCommands
14:15:54.839 [main] INFO  me.jdbener.Bennerbot - Finished looking for plugins in: plugins/dissabled
14:15:54.841 [main] INFO  me.jdbener.Bennerbot - Beggining pluging loading sequence
14:15:54.842 [main] INFO  me.jdbener.Bennerbot - Finished pluging loading sequence
14:15:54.842 [main] INFO  me.jdbener.Bennerbot - Proceading with BennerBot initiation sequence
14:15:54.892 [main] DEBUG org.pircbotx.MultiBotManager - Not started yet, add to queue
14:15:54.896 [botPool0-bot0] DEBUG org.pircbotx.PircBotX - Trying address irc.twitch.tv/199.9.250.239
14:15:54.982 [botPool0-bot0] INFO  org.pircbotx.PircBotX - Connected to server.
14:15:54.994 [botPool0-bot0] INFO  org.pircbotx.output.OutputRaw - PASS oauth:hrr2wpqq0knt6sb0spzd3d1mugpdezf
14:15:54.994 [botPool0-bot0] INFO  org.pircbotx.output.OutputRaw - NICK bennerbot
14:15:54.994 [botPool0-bot0] INFO  org.pircbotx.output.OutputRaw - USER BennerBot 8 * :PircBotX 2.0.1, a fork of PircBot, the Java IRC bot - pircbotx.googlecode.com
14:15:55.053 [botPool0-bot0] INFO  org.pircbotx.InputParser - :tmi.twitch.tv 001 bennerbot :Welcome, GLHF!
14:15:55.062 [botPool0-bot0] DEBUG org.pircbotx.InputParser - Logged onto server.
14:15:55.995 [botPool0-bot0] INFO  org.pircbotx.output.OutputRaw - JOIN #jdbener 
14:15:55.996 [botPool0-bot0] INFO  org.pircbotx.InputParser - :tmi.twitch.tv 002 bennerbot :Your host is tmi.twitch.tv
14:15:55.996 [botPool0-bot0] INFO  org.pircbotx.InputParser - :tmi.twitch.tv 003 bennerbot :This server is rather new
14:15:55.996 [botPool0-bot0] INFO  org.pircbotx.InputParser - :tmi.twitch.tv 004 bennerbot :-
14:15:56.003 [botPool0-bot0] ERROR org.pircbotx.PircBotX - Exception encountered when parsing line
java.lang.IndexOutOfBoundsException: Index: 1, Size: 1
	at java.util.ArrayList.rangeCheck(Unknown Source) ~[na:1.7.0_45]
	at java.util.ArrayList.get(Unknown Source) ~[na:1.7.0_45]
	at org.pircbotx.ServerInfo.parse004(ServerInfo.java:113) ~[pircbotx-2.0.1.jar:na]
	at org.pircbotx.ServerInfo.parse(ServerInfo.java:106) ~[pircbotx-2.0.1.jar:na]
	at org.pircbotx.InputParser.processServerResponse(InputParser.java:709) ~[pircbotx-2.0.1.jar:na]
	at org.pircbotx.InputParser.handleLine(InputParser.java:323) ~[pircbotx-2.0.1.jar:na]
	at org.pircbotx.PircBotX.startLineProcessing(PircBotX.java:275) [pircbotx-2.0.1.jar:na]
	at org.pircbotx.PircBotX.connect(PircBotX.java:236) [pircbotx-2.0.1.jar:na]
	at org.pircbotx.MultiBotManager$BotRunner.call(MultiBotManager.java:219) [pircbotx-2.0.1.jar:na]
	at org.pircbotx.MultiBotManager$BotRunner.call(MultiBotManager.java:212) [pircbotx-2.0.1.jar:na]
	at java.util.concurrent.FutureTask.run(Unknown Source) [na:1.7.0_45]
	at java.util.concurrent.ThreadPoolExecutor.runWorker(Unknown Source) [na:1.7.0_45]
	at java.util.concurrent.ThreadPoolExecutor$Worker.run(Unknown Source) [na:1.7.0_45]
	at java.lang.Thread.run(Unknown Source) [na:1.7.0_45]
14:15:56.003 [botPool0-bot0] INFO  org.pircbotx.InputParser - :tmi.twitch.tv 375 bennerbot :-
14:15:56.004 [botPool0-bot0] INFO  org.pircbotx.InputParser - :tmi.twitch.tv 372 bennerbot :You are in a maze of twisty passages, all alike.
14:15:56.004 [botPool0-bot0] INFO  org.pircbotx.InputParser - :tmi.twitch.tv 376 bennerbot :>
14:15:56.063 [botPool0-bot0] INFO  org.pircbotx.InputParser - :bennerbot!bennerbot@bennerbot.tmi.twitch.tv JOIN #jdbener
14:15:56.996 [botPool0-bot0] INFO  org.pircbotx.output.OutputRaw - WHO #jdbener
14:15:57.997 [botPool0-bot0] INFO  org.pircbotx.output.OutputRaw - MODE #jdbener
14:15:58.002 [botPool0-bot0] INFO  org.pircbotx.InputParser - :bennerbot.tmi.twitch.tv 353 bennerbot = #jdbener :gorm_ cyrus_31 jdbener biogenx2b
14:15:58.003 [botPool0-bot0] INFO  org.pircbotx.InputParser - :bennerbot.tmi.twitch.tv 353 bennerbot = #jdbener :bennerbot
14:15:58.003 [botPool0-bot0] INFO  org.pircbotx.InputParser - :bennerbot.tmi.twitch.tv 366 bennerbot #jdbener :End of /NAMES list
14:15:58.005 [botPool0-bot0] INFO  org.pircbotx.InputParser - :jtv MODE #jdbener +o jdbener
14:15:58.011 [botPool0-bot0] INFO  org.pircbotx.InputParser - :jtv!jtv@jtv.tmi.twitch.tv PRIVMSG bennerbot :USERCOLOR bennerbot #FF0000
14:15:58.012 [botPool0-bot0] INFO  org.pircbotx.InputParser - :jtv!jtv@jtv.tmi.twitch.tv PRIVMSG bennerbot :HISTORYEND jdbener
14:15:58.012 [botPool0-bot0] INFO  org.pircbotx.InputParser - :tmi.twitch.tv 421 bennerbot WHO :Unknown command
14:15:58.998 [listenerPool0-thread5] INFO  org.pircbotx.output.OutputRaw - PRIVMSG #jdbener :/color #ff0000
14:15:59.055 [botPool0-bot0] INFO  org.pircbotx.InputParser - :jtv!jtv@jtv.tmi.twitch.tv PRIVMSG bennerbot :USERCOLOR bennerbot #FF0000
14:15:59.056 [botPool0-bot0] INFO  org.pircbotx.InputParser - :jtv!jtv@jtv.tmi.twitch.tv PRIVMSG bennerbot :Your color has been changed
14:15:59.999 [listenerPool0-thread5] INFO  org.pircbotx.output.OutputRaw - TWITCHCLIENT 1
14:16:02.667 [pool-6-thread-1] INFO  org.pircbotx.output.OutputRaw - PRIVMSG #jdbener :Test Message 2
14:16:03.093 [botPool0-bot0] INFO  org.pircbotx.InputParser - :jtv PRIVMSG bennerbot :USERCOLOR bennerbot #FF0000
14:16:04.903 [pool-7-thread-1] INFO  org.pircbotx.output.OutputRaw - PRIVMSG #jdbener :Test Message
14:16:05.074 [botPool0-bot0] INFO  org.pircbotx.InputParser - :jtv PRIVMSG bennerbot :USERCOLOR bennerbot #FF0000
14:16:12.668 [pool-6-thread-1] INFO  org.pircbotx.output.OutputRaw - PRIVMSG #jdbener :Another Message
14:16:12.964 [botPool0-bot0] INFO  org.pircbotx.InputParser - :jtv PRIVMSG bennerbot :USERCOLOR bennerbot #FF0000
14:16:14.904 [pool-7-thread-1] INFO  org.pircbotx.output.OutputRaw - PRIVMSG #jdbener :Test Message 2
14:16:15.093 [botPool0-bot0] INFO  org.pircbotx.InputParser - :jtv PRIVMSG bennerbot :USERCOLOR bennerbot #FF0000
14:16:22.667 [pool-6-thread-1] INFO  org.pircbotx.output.OutputRaw - PRIVMSG #jdbener :Test Message
14:16:23.019 [botPool0-bot0] INFO  org.pircbotx.InputParser - :jtv PRIVMSG bennerbot :USERCOLOR bennerbot #FF0000
14:16:24.905 [pool-7-thread-1] INFO  org.pircbotx.output.OutputRaw - PRIVMSG #jdbener :Another Message
14:16:25.127 [botPool0-bot0] INFO  org.pircbotx.InputParser - :jtv PRIVMSG bennerbot :USERCOLOR bennerbot #FF0000
14:16:32.668 [pool-6-thread-1] INFO  org.pircbotx.output.OutputRaw - PRIVMSG #jdbener :Test Message 2
14:16:33.035 [botPool0-bot0] INFO  org.pircbotx.InputParser - :jtv PRIVMSG bennerbot :USERCOLOR bennerbot #FF0000
14:16:34.904 [pool-7-thread-1] INFO  org.pircbotx.output.OutputRaw - PRIVMSG #jdbener :Test Message
14:16:35.139 [botPool0-bot0] INFO  org.pircbotx.InputParser - :jtv PRIVMSG bennerbot :USERCOLOR bennerbot #FF0000
14:16:42.668 [pool-6-thread-1] INFO  org.pircbotx.output.OutputRaw - PRIVMSG #jdbener :Another Message
14:16:42.819 [botPool0-bot0] INFO  org.pircbotx.InputParser - :jtv PRIVMSG bennerbot :USERCOLOR bennerbot #FF0000
14:16:44.905 [pool-7-thread-1] INFO  org.pircbotx.output.OutputRaw - PRIVMSG #jdbener :Test Message 2
14:16:45.066 [botPool0-bot0] INFO  org.pircbotx.InputParser - :jtv PRIVMSG bennerbot :USERCOLOR bennerbot #FF0000
14:16:52.668 [pool-6-thread-1] INFO  org.pircbotx.output.OutputRaw - PRIVMSG #jdbener :Test Message
14:16:52.781 [botPool0-bot0] INFO  org.pircbotx.InputParser - :jtv PRIVMSG bennerbot :USERCOLOR bennerbot #FF0000
14:16:54.375 [botPool0-bot0] INFO  org.pircbotx.InputParser - :jtv MODE #jdbener +o bennerbot
14:16:54.904 [pool-7-thread-1] INFO  org.pircbotx.output.OutputRaw - PRIVMSG #jdbener :Another Message
14:16:55.138 [botPool0-bot0] INFO  org.pircbotx.InputParser - :jtv PRIVMSG bennerbot :USERCOLOR bennerbot #FF0000
14:17:02.668 [pool-6-thread-1] INFO  org.pircbotx.output.OutputRaw - PRIVMSG #jdbener :Test Message 2
14:17:03.246 [botPool0-bot0] INFO  org.pircbotx.InputParser - :jtv PRIVMSG bennerbot :USERCOLOR bennerbot #FF0000
14:17:04.905 [pool-7-thread-1] INFO  org.pircbotx.output.OutputRaw - PRIVMSG #jdbener :Test Message
14:17:05.623 [botPool0-bot0] INFO  org.pircbotx.InputParser - :jtv PRIVMSG bennerbot :USERCOLOR bennerbot #FF0000
14:17:12.668 [pool-6-thread-1] INFO  org.pircbotx.output.OutputRaw - PRIVMSG #jdbener :Another Message
14:17:12.971 [botPool0-bot0] INFO  org.pircbotx.InputParser - :jtv PRIVMSG bennerbot :USERCOLOR bennerbot #FF0000
14:17:14.905 [pool-7-thread-1] INFO  org.pircbotx.output.OutputRaw - PRIVMSG #jdbener :Test Message 2
14:17:15.245 [botPool0-bot0] INFO  org.pircbotx.InputParser - :jtv PRIVMSG bennerbot :USERCOLOR bennerbot #FF0000
14:17:22.669 [pool-6-thread-1] INFO  org.pircbotx.output.OutputRaw - PRIVMSG #jdbener :Test Message
14:17:22.853 [botPool0-bot0] INFO  org.pircbotx.InputParser - :jtv PRIVMSG bennerbot :USERCOLOR bennerbot #FF0000
14:17:24.905 [pool-7-thread-1] INFO  org.pircbotx.output.OutputRaw - PRIVMSG #jdbener :Another Message
14:17:25.267 [botPool0-bot0] INFO  org.pircbotx.InputParser - :jtv PRIVMSG bennerbot :USERCOLOR bennerbot #FF0000
14:17:32.668 [pool-6-thread-1] INFO  org.pircbotx.output.OutputRaw - PRIVMSG #jdbener :Test Message 2
14:17:33.136 [botPool0-bot0] INFO  org.pircbotx.InputParser - :jtv PRIVMSG bennerbot :USERCOLOR bennerbot #FF0000
14:17:34.906 [pool-7-thread-1] INFO  org.pircbotx.output.OutputRaw - PRIVMSG #jdbener :Test Message
14:17:35.322 [botPool0-bot0] INFO  org.pircbotx.InputParser - :jtv PRIVMSG bennerbot :USERCOLOR bennerbot #FF0000
14:17:42.669 [pool-6-thread-1] INFO  org.pircbotx.output.OutputRaw - PRIVMSG #jdbener :Another Message
14:17:42.848 [botPool0-bot0] INFO  org.pircbotx.InputParser - :jtv PRIVMSG bennerbot :USERCOLOR bennerbot #FF0000
14:17:44.905 [pool-7-thread-1] INFO  org.pircbotx.output.OutputRaw - PRIVMSG #jdbener :Test Message 2
14:17:45.244 [botPool0-bot0] INFO  org.pircbotx.InputParser - :jtv PRIVMSG bennerbot :USERCOLOR bennerbot #FF0000
14:17:52.669 [pool-6-thread-1] INFO  org.pircbotx.output.OutputRaw - PRIVMSG #jdbener :Test Message
14:17:53.118 [botPool0-bot0] INFO  org.pircbotx.InputParser - :jtv PRIVMSG bennerbot :USERCOLOR bennerbot #FF0000
14:17:54.906 [pool-7-thread-1] INFO  org.pircbotx.output.OutputRaw - PRIVMSG #jdbener :Another Message
14:17:55.199 [botPool0-bot0] INFO  org.pircbotx.InputParser - :jtv PRIVMSG bennerbot :USERCOLOR bennerbot #FF0000
14:18:02.669 [pool-6-thread-1] INFO  org.pircbotx.output.OutputRaw - PRIVMSG #jdbener :Test Message 2
14:18:03.124 [botPool0-bot0] INFO  org.pircbotx.InputParser - :jtv PRIVMSG bennerbot :USERCOLOR bennerbot #FF0000
14:18:04.906 [pool-7-thread-1] INFO  org.pircbotx.output.OutputRaw - PRIVMSG #jdbener :Test Message
14:18:05.698 [botPool0-bot0] INFO  org.pircbotx.InputParser - :jtv PRIVMSG bennerbot :USERCOLOR bennerbot #FF0000
14:18:12.670 [pool-6-thread-1] INFO  org.pircbotx.output.OutputRaw - PRIVMSG #jdbener :Another Message
14:18:13.186 [botPool0-bot0] INFO  org.pircbotx.InputParser - :jtv PRIVMSG bennerbot :USERCOLOR bennerbot #FF0000
14:18:14.906 [pool-7-thread-1] INFO  org.pircbotx.output.OutputRaw - PRIVMSG #jdbener :Test Message 2
14:18:15.230 [botPool0-bot0] INFO  org.pircbotx.InputParser - :jtv PRIVMSG bennerbot :USERCOLOR bennerbot #FF0000
14:18:22.669 [pool-6-thread-1] INFO  org.pircbotx.output.OutputRaw - PRIVMSG #jdbener :Test Message
14:18:22.874 [botPool0-bot0] INFO  org.pircbotx.InputParser - :jtv PRIVMSG bennerbot :USERCOLOR bennerbot #FF0000
14:18:24.906 [pool-7-thread-1] INFO  org.pircbotx.output.OutputRaw - PRIVMSG #jdbener :Another Message
14:18:25.285 [botPool0-bot0] INFO  org.pircbotx.InputParser - :jtv PRIVMSG bennerbot :USERCOLOR bennerbot #FF0000
14:18:32.670 [pool-6-thread-1] INFO  org.pircbotx.output.OutputRaw - PRIVMSG #jdbener :Test Message 2
14:18:33.001 [botPool0-bot0] INFO  org.pircbotx.InputParser - :jtv PRIVMSG bennerbot :USERCOLOR bennerbot #FF0000
14:18:34.906 [pool-7-thread-1] INFO  org.pircbotx.output.OutputRaw - PRIVMSG #jdbener :Test Message
14:18:35.234 [botPool0-bot0] INFO  org.pircbotx.InputParser - :jtv PRIVMSG bennerbot :USERCOLOR bennerbot #FF0000
14:18:42.669 [pool-6-thread-1] INFO  org.pircbotx.output.OutputRaw - PRIVMSG #jdbener :Another Message
14:18:42.902 [botPool0-bot0] INFO  org.pircbotx.InputParser - :jtv PRIVMSG bennerbot :USERCOLOR bennerbot #FF0000
14:18:44.907 [pool-7-thread-1] INFO  org.pircbotx.output.OutputRaw - PRIVMSG #jdbener :Test Message 2
14:18:45.236 [botPool0-bot0] INFO  org.pircbotx.InputParser - :jtv PRIVMSG bennerbot :USERCOLOR bennerbot #FF0000
14:18:52.670 [pool-6-thread-1] INFO  org.pircbotx.output.OutputRaw - PRIVMSG #jdbener :Test Message
14:18:52.909 [botPool0-bot0] INFO  org.pircbotx.InputParser - :jtv PRIVMSG bennerbot :USERCOLOR bennerbot #FF0000
14:18:54.907 [pool-7-thread-1] INFO  org.pircbotx.output.OutputRaw - PRIVMSG #jdbener :Another Message
14:18:55.273 [botPool0-bot0] INFO  org.pircbotx.InputParser - :jtv PRIVMSG bennerbot :USERCOLOR bennerbot #FF0000
14:19:02.670 [pool-6-thread-1] INFO  org.pircbotx.output.OutputRaw - PRIVMSG #jdbener :Test Message 2
14:19:03.305 [botPool0-bot0] INFO  org.pircbotx.InputParser - :jtv PRIVMSG bennerbot :USERCOLOR bennerbot #FF0000
14:19:04.907 [pool-7-thread-1] INFO  org.pircbotx.output.OutputRaw - PRIVMSG #jdbener :Test Message
14:19:05.376 [botPool0-bot0] INFO  org.pircbotx.InputParser - :jtv PRIVMSG bennerbot :USERCOLOR bennerbot #FF0000
14:19:05.705 [botPool0-bot0] INFO  org.pircbotx.InputParser - :cyrus_31!cyrus_31@cyrus_31.tmi.twitch.tv PART #jdbener
14:19:05.709 [botPool0-bot0] WARN  org.pircbotx.Channel - Channel #jdbener mode '' is stale
14:19:05.726 [botPool0-bot0] WARN  org.pircbotx.Channel - Channel #jdbener mode '' is stale
14:19:12.670 [pool-6-thread-1] INFO  org.pircbotx.output.OutputRaw - PRIVMSG #jdbener :Another Message
14:19:12.899 [botPool0-bot0] INFO  org.pircbotx.InputParser - :jtv PRIVMSG bennerbot :USERCOLOR bennerbot #FF0000
14:19:14.907 [pool-7-thread-1] INFO  org.pircbotx.output.OutputRaw - PRIVMSG #jdbener :Test Message 2
14:19:15.371 [botPool0-bot0] INFO  org.pircbotx.InputParser - :jtv PRIVMSG bennerbot :USERCOLOR bennerbot #FF0000
14:19:22.671 [pool-6-thread-1] INFO  org.pircbotx.output.OutputRaw - PRIVMSG #jdbener :Test Message
14:19:22.893 [botPool0-bot0] INFO  org.pircbotx.InputParser - :jtv PRIVMSG bennerbot :USERCOLOR bennerbot #FF0000
14:19:24.907 [pool-7-thread-1] INFO  org.pircbotx.output.OutputRaw - PRIVMSG #jdbener :Another Message
14:19:25.204 [botPool0-bot0] INFO  org.pircbotx.InputParser - :jtv PRIVMSG bennerbot :USERCOLOR bennerbot #FF0000
14:19:32.670 [pool-6-thread-1] INFO  org.pircbotx.output.OutputRaw - PRIVMSG #jdbener :Test Message 2
14:19:32.910 [botPool0-bot0] INFO  org.pircbotx.InputParser - :jtv PRIVMSG bennerbot :USERCOLOR bennerbot #FF0000
14:19:34.907 [pool-7-thread-1] INFO  org.pircbotx.output.OutputRaw - PRIVMSG #jdbener :Test Message
14:19:35.272 [botPool0-bot0] INFO  org.pircbotx.InputParser - :jtv PRIVMSG bennerbot :USERCOLOR bennerbot #FF0000
14:19:42.671 [pool-6-thread-1] INFO  org.pircbotx.output.OutputRaw - PRIVMSG #jdbener :Another Message
14:19:42.809 [botPool0-bot0] INFO  org.pircbotx.InputParser - :jtv PRIVMSG bennerbot :USERCOLOR bennerbot #FF0000
14:19:44.907 [pool-7-thread-1] INFO  org.pircbotx.output.OutputRaw - PRIVMSG #jdbener :Test Message 2
14:19:45.231 [botPool0-bot0] INFO  org.pircbotx.InputParser - :jtv PRIVMSG bennerbot :USERCOLOR bennerbot #FF0000
14:19:52.670 [pool-6-thread-1] INFO  org.pircbotx.output.OutputRaw - PRIVMSG #jdbener :Test Message
14:19:53.982 [botPool0-bot0] INFO  org.pircbotx.InputParser - :jtv PRIVMSG bennerbot :USERCOLOR bennerbot #FF0000
14:19:54.908 [pool-7-thread-1] INFO  org.pircbotx.output.OutputRaw - PRIVMSG #jdbener :Another Message
14:19:55.315 [botPool0-bot0] INFO  org.pircbotx.InputParser - :jtv PRIVMSG bennerbot :USERCOLOR bennerbot #FF0000
14:20:02.671 [pool-6-thread-1] INFO  org.pircbotx.output.OutputRaw - PRIVMSG #jdbener :Test Message 2
14:20:03.684 [botPool0-bot0] INFO  org.pircbotx.InputParser - :jtv PRIVMSG bennerbot :USERCOLOR bennerbot #FF0000
14:20:04.908 [pool-7-thread-1] INFO  org.pircbotx.output.OutputRaw - PRIVMSG #jdbener :Test Message
14:20:06.775 [botPool0-bot0] INFO  org.pircbotx.InputParser - :jtv PRIVMSG bennerbot :USERCOLOR bennerbot #FF0000
14:20:12.672 [pool-6-thread-1] INFO  org.pircbotx.output.OutputRaw - PRIVMSG #jdbener :Another Message
14:20:12.848 [botPool0-bot0] INFO  org.pircbotx.InputParser - :jtv PRIVMSG bennerbot :USERCOLOR bennerbot #FF0000
14:20:13.132 [botPool0-bot0] INFO  org.pircbotx.InputParser - :ixop!ixop@ixop.tmi.twitch.tv JOIN #jdbener
14:20:14.908 [pool-7-thread-1] INFO  org.pircbotx.output.OutputRaw - PRIVMSG #jdbener :Test Message 2
14:20:16.395 [botPool0-bot0] INFO  org.pircbotx.InputParser - :jtv PRIVMSG bennerbot :USERCOLOR bennerbot #FF0000
14:20:22.671 [pool-6-thread-1] INFO  org.pircbotx.output.OutputRaw - PRIVMSG #jdbener :Test Message
14:20:23.888 [botPool0-bot0] INFO  org.pircbotx.InputParser - :jtv PRIVMSG bennerbot :USERCOLOR bennerbot #FF0000
14:20:24.908 [pool-7-thread-1] INFO  org.pircbotx.output.OutputRaw - PRIVMSG #jdbener :Another Message
14:20:25.213 [botPool0-bot0] INFO  org.pircbotx.InputParser - :jtv PRIVMSG bennerbot :USERCOLOR bennerbot #FF0000
14:20:32.672 [pool-6-thread-1] INFO  org.pircbotx.output.OutputRaw - PRIVMSG #jdbener :Test Message 2
14:20:32.869 [botPool0-bot0] INFO  org.pircbotx.InputParser - :jtv PRIVMSG bennerbot :USERCOLOR bennerbot #FF0000
14:20:34.908 [pool-7-thread-1] INFO  org.pircbotx.output.OutputRaw - PRIVMSG #jdbener :Test Message
14:20:35.313 [botPool0-bot0] INFO  org.pircbotx.InputParser - :jtv PRIVMSG bennerbot :USERCOLOR bennerbot #FF0000
14:20:36.203 [botPool0-bot0] INFO  org.pircbotx.InputParser - PING :tmi.twitch.tv
14:20:36.204 [listenerPool0-thread3] INFO  org.pircbotx.output.OutputRaw - PONG tmi.twitch.tv
14:20:42.671 [pool-6-thread-1] INFO  org.pircbotx.output.OutputRaw - PRIVMSG #jdbener :Another Message
14:20:42.875 [botPool0-bot0] INFO  org.pircbotx.InputParser - :jtv PRIVMSG bennerbot :USERCOLOR bennerbot #FF0000
14:20:44.908 [pool-7-thread-1] INFO  org.pircbotx.output.OutputRaw - PRIVMSG #jdbener :Test Message 2
14:20:45.246 [botPool0-bot0] INFO  org.pircbotx.InputParser - :jtv PRIVMSG bennerbot :USERCOLOR bennerbot #FF0000
14:20:52.672 [pool-6-thread-1] INFO  org.pircbotx.output.OutputRaw - PRIVMSG #jdbener :Test Message
14:20:52.847 [botPool0-bot0] INFO  org.pircbotx.InputParser - :jtv PRIVMSG bennerbot :USERCOLOR bennerbot #FF0000
14:20:54.909 [pool-7-thread-1] INFO  org.pircbotx.output.OutputRaw - PRIVMSG #jdbener :Another Message
14:20:55.248 [botPool0-bot0] INFO  org.pircbotx.InputParser - :jtv PRIVMSG bennerbot :USERCOLOR bennerbot #FF0000
14:21:00.070 [bot1-shutdownhook] INFO  org.pircbotx.output.OutputRaw - QUIT :
14:21:00.073 [bot1-shutdownhook] WARN  org.pircbotx.Channel - Channel #jdbener mode '' is stale
14:21:00.074 [bot1-shutdownhook] WARN  org.pircbotx.Channel - Channel #jdbener mode '' is stale
14:21:00.074 [bot1-shutdownhook] INFO  org.pircbotx.dcc.DccHandler - Terminating all transfers waiting to be accepted
14:21:00.074 [botPool0-bot0] INFO  org.pircbotx.PircBotX - Shutdown has been called, closing InputParser
14:21:00.075 [bot1-shutdownhook] DEBUG org.pircbotx.PircBotX - Disconnected.
14:21:00.075 [botPool0-bot0] DEBUG o.p.MultiBotManager$BotFutureCallback - Bot #0 finished
