13:54:53.207 [main] WARN  me.jdbener.Bennerbot - Waiting for GUI to load
{}
{}
{}
{}
{}
13:55:16.910 [main] INFO  me.jdbener.Bennerbot - GUI loaded... Continuing with launch sequence
{}
{}
{}
{}
{}
{1=Test Message, 2=Test Message 2, 3=Another Message}
{1=Test Message, 2=Test Message 2, 3=Another Message}
13:55:23.627 [main] INFO  me.jdbener.Bennerbot - Begining plugin loading
13:55:23.746 [main] INFO  me.jdbener.Bennerbot - Finished looking for plugins in: plugins
13:55:23.747 [main] INFO  me.jdbener.Bennerbot - Finished looking for plugins in: plugins/BasicCommands
13:55:23.748 [main] INFO  me.jdbener.Bennerbot - Finished looking for plugins in: plugins/dissabled
13:55:23.749 [main] INFO  me.jdbener.Bennerbot - Beggining pluging loading sequence
13:55:23.749 [main] INFO  me.jdbener.Bennerbot - Finished pluging loading sequence
13:55:23.749 [main] INFO  me.jdbener.Bennerbot - Proceading with BennerBot initiation sequence
13:55:23.790 [main] DEBUG org.pircbotx.MultiBotManager - Not started yet, add to queue
13:55:23.794 [botPool0-bot0] DEBUG org.pircbotx.PircBotX - Trying address irc.twitch.tv/199.9.250.239
13:55:23.823 [botPool0-bot0] INFO  org.pircbotx.PircBotX - Connected to server.
13:55:23.831 [botPool0-bot0] INFO  org.pircbotx.output.OutputRaw - PASS oauth:hrr2wpqq0knt6sb0spzd3d1mugpdezf
13:55:23.831 [botPool0-bot0] INFO  org.pircbotx.output.OutputRaw - NICK bennerbot
13:55:23.831 [botPool0-bot0] INFO  org.pircbotx.output.OutputRaw - USER BennerBot 8 * :PircBotX 2.0.1, a fork of PircBot, the Java IRC bot - pircbotx.googlecode.com
13:55:23.935 [botPool0-bot0] INFO  org.pircbotx.InputParser - :tmi.twitch.tv 001 bennerbot :Welcome, GLHF!
13:55:23.945 [botPool0-bot0] DEBUG org.pircbotx.InputParser - Logged onto server.
13:55:24.832 [botPool0-bot0] INFO  org.pircbotx.output.OutputRaw - JOIN #jdbener 
13:55:24.833 [botPool0-bot0] INFO  org.pircbotx.InputParser - :tmi.twitch.tv 002 bennerbot :Your host is tmi.twitch.tv
13:55:24.834 [botPool0-bot0] INFO  org.pircbotx.InputParser - :tmi.twitch.tv 003 bennerbot :This server is rather new
13:55:24.835 [botPool0-bot0] INFO  org.pircbotx.InputParser - :tmi.twitch.tv 004 bennerbot :-
13:55:24.842 [botPool0-bot0] ERROR org.pircbotx.PircBotX - Exception encountered when parsing line
java.lang.IndexOutOfBoundsException: Index: 1, Size: 1
	at java.util.ArrayList.rangeCheck(Unknown Source) ~[na:1.7.0_45]
	at java.util.ArrayList.get(Unknown Source) ~[na:1.7.0_45]
	at org.pircbotx.ServerInfo.parse004(ServerInfo.java:113) ~[pircbotx-2.0.1.jar:na]
	at org.pircbotx.ServerInfo.parse(ServerInfo.java:106) ~[pircbotx-2.0.1.jar:na]
	at org.pircbotx.InputParser.processServerResponse(InputParser.java:709) ~[pircbotx-2.0.1.jar:na]
	at org.pircbotx.InputParser.handleLine(InputParser.java:323) ~[pircbotx-2.0.1.jar:na]
	at org.pircbotx.PircBotX.startLineProcessing(PircBotX.java:275) [pircbotx-2.0.1.jar:na]
	at org.pircbotx.PircBotX.connect(PircBotX.java:236) [pircbotx-2.0.1.jar:na]
	at org.pircbotx.MultiBotManager$BotRunner.call(MultiBotManager.java:219) [pircbotx-2.0.1.jar:na]
	at org.pircbotx.MultiBotManager$BotRunner.call(MultiBotManager.java:212) [pircbotx-2.0.1.jar:na]
	at java.util.concurrent.FutureTask.run(Unknown Source) [na:1.7.0_45]
	at java.util.concurrent.ThreadPoolExecutor.runWorker(Unknown Source) [na:1.7.0_45]
	at java.util.concurrent.ThreadPoolExecutor$Worker.run(Unknown Source) [na:1.7.0_45]
	at java.lang.Thread.run(Unknown Source) [na:1.7.0_45]
13:55:24.842 [botPool0-bot0] INFO  org.pircbotx.InputParser - :tmi.twitch.tv 375 bennerbot :-
13:55:24.843 [botPool0-bot0] INFO  org.pircbotx.InputParser - :tmi.twitch.tv 372 bennerbot :You are in a maze of twisty passages, all alike.
13:55:24.845 [botPool0-bot0] INFO  org.pircbotx.InputParser - :tmi.twitch.tv 376 bennerbot :>
13:55:24.916 [botPool0-bot0] INFO  org.pircbotx.InputParser - :bennerbot!bennerbot@bennerbot.tmi.twitch.tv JOIN #jdbener
13:55:25.835 [botPool0-bot0] INFO  org.pircbotx.output.OutputRaw - WHO #jdbener
13:55:26.836 [botPool0-bot0] INFO  org.pircbotx.output.OutputRaw - MODE #jdbener
13:55:26.843 [botPool0-bot0] INFO  org.pircbotx.InputParser - :jtv!jtv@jtv.tmi.twitch.tv PRIVMSG bennerbot :USERCOLOR bennerbot #FF0000
13:55:26.847 [botPool0-bot0] INFO  org.pircbotx.InputParser - :jtv!jtv@jtv.tmi.twitch.tv PRIVMSG bennerbot :HISTORYEND jdbener
13:55:26.848 [botPool0-bot0] INFO  org.pircbotx.InputParser - :bennerbot.tmi.twitch.tv 353 bennerbot = #jdbener :t4arty biogenx2b jdbener gorm_
13:55:26.849 [botPool0-bot0] INFO  org.pircbotx.InputParser - :bennerbot.tmi.twitch.tv 353 bennerbot = #jdbener :bennerbot
13:55:26.850 [botPool0-bot0] INFO  org.pircbotx.InputParser - :bennerbot.tmi.twitch.tv 366 bennerbot #jdbener :End of /NAMES list
13:55:26.850 [botPool0-bot0] INFO  org.pircbotx.InputParser - :jtv MODE #jdbener +o jdbener
13:55:26.857 [botPool0-bot0] INFO  org.pircbotx.InputParser - :tmi.twitch.tv 421 bennerbot WHO :Unknown command
13:55:27.837 [listenerPool0-thread6] INFO  org.pircbotx.output.OutputRaw - PRIVMSG #jdbener :/color #ff0000
13:55:27.909 [botPool0-bot0] INFO  org.pircbotx.InputParser - :jtv!jtv@jtv.tmi.twitch.tv PRIVMSG bennerbot :USERCOLOR bennerbot #FF0000
13:55:27.909 [botPool0-bot0] INFO  org.pircbotx.InputParser - :jtv!jtv@jtv.tmi.twitch.tv PRIVMSG bennerbot :Your color has been changed
13:55:28.838 [listenerPool0-thread6] INFO  org.pircbotx.output.OutputRaw - TWITCHCLIENT 1
13:55:39.716 [bot1-shutdownhook] INFO  org.pircbotx.output.OutputRaw - QUIT :
13:55:39.724 [bot1-shutdownhook] WARN  org.pircbotx.Channel - Channel #jdbener mode '' is stale
13:55:39.742 [bot1-shutdownhook] WARN  org.pircbotx.Channel - Channel #jdbener mode '' is stale
13:55:39.745 [bot1-shutdownhook] INFO  org.pircbotx.dcc.DccHandler - Terminating all transfers waiting to be accepted
13:55:39.746 [botPool0-bot0] INFO  org.pircbotx.PircBotX - Shutdown has been called, closing InputParser
13:55:39.746 [bot1-shutdownhook] DEBUG org.pircbotx.PircBotX - Disconnected.
13:55:39.747 [botPool0-bot0] DEBUG o.p.MultiBotManager$BotFutureCallback - Bot #0 finished
