22:16:47.587 [main] WARN  me.jdbener.Bennerbot - Waiting for GUI to load
22:17:02.932 [main] INFO  me.jdbener.Bennerbot - GUI loaded... Continuing with launch sequence
22:17:08.453 [main] INFO  me.jdbener.Bennerbot - Begining plugin loading
22:17:08.583 [main] INFO  me.jdbener.Bennerbot - Finished looking for plugins in: plugins
22:17:08.584 [main] INFO  me.jdbener.Bennerbot - Finished looking for plugins in: plugins/BasicCommands
22:17:08.585 [main] INFO  me.jdbener.Bennerbot - Finished looking for plugins in: plugins/dissabled
22:17:08.586 [main] INFO  me.jdbener.Bennerbot - Beggining pluging loading sequence
22:17:08.586 [main] INFO  me.jdbener.Bennerbot - Finished pluging loading sequence
22:17:08.587 [main] INFO  me.jdbener.Bennerbot - Proceading with BennerBot initiation sequence
22:17:08.647 [main] DEBUG org.pircbotx.MultiBotManager - Not started yet, add to queue
22:17:08.720 [botPool0-bot0] DEBUG org.pircbotx.PircBotX - Trying address irc.twitch.tv/199.9.250.229
22:17:08.766 [botPool0-bot0] INFO  org.pircbotx.PircBotX - Connected to server.
22:17:08.773 [botPool0-bot0] INFO  org.pircbotx.output.OutputRaw - PASS oauth:hrr2wpqq0knt6sb0spzd3d1mugpdezf
22:17:08.773 [botPool0-bot0] INFO  org.pircbotx.output.OutputRaw - NICK bennerbot
22:17:08.773 [botPool0-bot0] INFO  org.pircbotx.output.OutputRaw - USER BennerBot 8 * :PircBotX 2.0.1, a fork of PircBot, the Java IRC bot - pircbotx.googlecode.com
22:17:08.868 [botPool0-bot0] INFO  org.pircbotx.InputParser - :tmi.twitch.tv 001 bennerbot :Welcome, GLHF!
22:17:08.886 [botPool0-bot0] DEBUG org.pircbotx.InputParser - Logged onto server.
22:17:09.774 [botPool0-bot0] INFO  org.pircbotx.output.OutputRaw - JOIN #jdbener 
22:17:09.775 [botPool0-bot0] INFO  org.pircbotx.InputParser - :tmi.twitch.tv 002 bennerbot :Your host is tmi.twitch.tv
22:17:09.775 [botPool0-bot0] INFO  org.pircbotx.InputParser - :tmi.twitch.tv 003 bennerbot :This server is rather new
22:17:09.776 [botPool0-bot0] INFO  org.pircbotx.InputParser - :tmi.twitch.tv 004 bennerbot :-
22:17:09.792 [botPool0-bot0] ERROR org.pircbotx.PircBotX - Exception encountered when parsing line
java.lang.IndexOutOfBoundsException: Index: 1, Size: 1
	at java.util.ArrayList.rangeCheck(Unknown Source) ~[na:1.7.0_45]
	at java.util.ArrayList.get(Unknown Source) ~[na:1.7.0_45]
	at org.pircbotx.ServerInfo.parse004(ServerInfo.java:113) ~[pircbotx-2.0.1.jar:na]
	at org.pircbotx.ServerInfo.parse(ServerInfo.java:106) ~[pircbotx-2.0.1.jar:na]
	at org.pircbotx.InputParser.processServerResponse(InputParser.java:709) ~[pircbotx-2.0.1.jar:na]
	at org.pircbotx.InputParser.handleLine(InputParser.java:323) ~[pircbotx-2.0.1.jar:na]
	at org.pircbotx.PircBotX.startLineProcessing(PircBotX.java:275) [pircbotx-2.0.1.jar:na]
	at org.pircbotx.PircBotX.connect(PircBotX.java:236) [pircbotx-2.0.1.jar:na]
	at org.pircbotx.MultiBotManager$BotRunner.call(MultiBotManager.java:219) [pircbotx-2.0.1.jar:na]
	at org.pircbotx.MultiBotManager$BotRunner.call(MultiBotManager.java:212) [pircbotx-2.0.1.jar:na]
	at java.util.concurrent.FutureTask.run(Unknown Source) [na:1.7.0_45]
	at java.util.concurrent.ThreadPoolExecutor.runWorker(Unknown Source) [na:1.7.0_45]
	at java.util.concurrent.ThreadPoolExecutor$Worker.run(Unknown Source) [na:1.7.0_45]
	at java.lang.Thread.run(Unknown Source) [na:1.7.0_45]
22:17:09.792 [botPool0-bot0] INFO  org.pircbotx.InputParser - :tmi.twitch.tv 375 bennerbot :-
22:17:09.793 [botPool0-bot0] INFO  org.pircbotx.InputParser - :tmi.twitch.tv 372 bennerbot :You are in a maze of twisty passages, all alike.
22:17:09.793 [botPool0-bot0] INFO  org.pircbotx.InputParser - :tmi.twitch.tv 376 bennerbot :>
22:17:09.853 [botPool0-bot0] INFO  org.pircbotx.InputParser - :bennerbot!bennerbot@bennerbot.tmi.twitch.tv JOIN #jdbener
22:17:10.775 [botPool0-bot0] INFO  org.pircbotx.output.OutputRaw - WHO #jdbener
22:17:11.776 [botPool0-bot0] INFO  org.pircbotx.output.OutputRaw - MODE #jdbener
22:17:11.779 [botPool0-bot0] INFO  org.pircbotx.InputParser - :bennerbot.tmi.twitch.tv 353 bennerbot = #jdbener :bennerbot
22:17:11.780 [botPool0-bot0] INFO  org.pircbotx.InputParser - :bennerbot.tmi.twitch.tv 366 bennerbot #jdbener :End of /NAMES list
22:17:11.780 [botPool0-bot0] INFO  org.pircbotx.InputParser - :jtv!jtv@jtv.tmi.twitch.tv PRIVMSG bennerbot :USERCOLOR bennerbot #FF0000
22:17:11.782 [botPool0-bot0] INFO  org.pircbotx.InputParser - :jtv!jtv@jtv.tmi.twitch.tv PRIVMSG bennerbot :HISTORYEND jdbener
22:17:11.782 [botPool0-bot0] INFO  org.pircbotx.InputParser - :tmi.twitch.tv 421 bennerbot WHO :Unknown command
22:17:12.777 [listenerPool0-thread6] INFO  org.pircbotx.output.OutputRaw - PRIVMSG #jdbener :/color #ff0000
22:17:12.903 [botPool0-bot0] INFO  org.pircbotx.InputParser - :jtv!jtv@jtv.tmi.twitch.tv PRIVMSG bennerbot :USERCOLOR bennerbot #FF0000
22:17:12.903 [botPool0-bot0] INFO  org.pircbotx.InputParser - :jtv!jtv@jtv.tmi.twitch.tv PRIVMSG bennerbot :Your color has been changed
22:17:13.778 [listenerPool0-thread6] INFO  org.pircbotx.output.OutputRaw - TWITCHCLIENT 1
22:17:51.327 [botPool0-bot0] INFO  org.pircbotx.InputParser - :biogenx2b!biogenx2b@biogenx2b.tmi.twitch.tv JOIN #jdbener
22:17:51.327 [botPool0-bot0] INFO  org.pircbotx.InputParser - :tduva!tduva@tduva.tmi.twitch.tv JOIN #jdbener
22:17:51.328 [botPool0-bot0] INFO  org.pircbotx.InputParser - :jtv MODE #jdbener +o bennerbot
22:21:27.968 [botPool0-bot0] INFO  org.pircbotx.InputParser - PING :tmi.twitch.tv
22:21:27.971 [listenerPool0-thread22] INFO  org.pircbotx.output.OutputRaw - PONG tmi.twitch.tv
22:26:03.048 [botPool0-bot0] INFO  org.pircbotx.InputParser - PING :tmi.twitch.tv
22:26:03.050 [listenerPool0-thread34] INFO  org.pircbotx.output.OutputRaw - PONG tmi.twitch.tv
22:31:02.200 [botPool0-bot0] INFO  org.pircbotx.InputParser - PING :tmi.twitch.tv
22:31:02.201 [listenerPool0-thread39] INFO  org.pircbotx.output.OutputRaw - PONG tmi.twitch.tv
22:35:41.052 [botPool0-bot0] INFO  org.pircbotx.InputParser - PING :tmi.twitch.tv
22:35:41.053 [listenerPool0-thread47] INFO  org.pircbotx.output.OutputRaw - PONG tmi.twitch.tv
22:40:23.783 [botPool0-bot0] INFO  org.pircbotx.InputParser - PING :tmi.twitch.tv
22:40:23.784 [listenerPool0-thread56] INFO  org.pircbotx.output.OutputRaw - PONG tmi.twitch.tv
22:44:51.841 [botPool0-bot0] INFO  org.pircbotx.InputParser - PING :tmi.twitch.tv
22:44:51.843 [listenerPool0-thread57] INFO  org.pircbotx.output.OutputRaw - PONG tmi.twitch.tv
22:49:22.278 [botPool0-bot0] INFO  org.pircbotx.InputParser - PING :tmi.twitch.tv
22:49:22.278 [listenerPool0-thread65] INFO  org.pircbotx.output.OutputRaw - PONG tmi.twitch.tv
22:53:26.972 [botPool0-bot0] INFO  org.pircbotx.InputParser - PING :tmi.twitch.tv
22:53:26.973 [listenerPool0-thread72] INFO  org.pircbotx.output.OutputRaw - PONG tmi.twitch.tv
22:58:05.176 [botPool0-bot0] INFO  org.pircbotx.InputParser - PING :tmi.twitch.tv
22:58:05.177 [listenerPool0-thread74] INFO  org.pircbotx.output.OutputRaw - PONG tmi.twitch.tv
23:02:52.076 [botPool0-bot0] INFO  org.pircbotx.InputParser - PING :tmi.twitch.tv
23:02:52.077 [listenerPool0-thread80] INFO  org.pircbotx.output.OutputRaw - PONG tmi.twitch.tv
23:06:55.909 [botPool0-bot0] INFO  org.pircbotx.InputParser - PING :tmi.twitch.tv
23:06:55.910 [listenerPool0-thread86] INFO  org.pircbotx.output.OutputRaw - PONG tmi.twitch.tv
23:11:43.290 [botPool0-bot0] INFO  org.pircbotx.InputParser - PING :tmi.twitch.tv
23:11:43.291 [listenerPool0-thread91] INFO  org.pircbotx.output.OutputRaw - PONG tmi.twitch.tv
23:16:14.932 [botPool0-bot0] INFO  org.pircbotx.InputParser - PING :tmi.twitch.tv
23:16:14.933 [listenerPool0-thread96] INFO  org.pircbotx.output.OutputRaw - PONG tmi.twitch.tv
23:20:35.597 [botPool0-bot0] INFO  org.pircbotx.InputParser - PING :tmi.twitch.tv
23:20:35.598 [listenerPool0-thread101] INFO  org.pircbotx.output.OutputRaw - PONG tmi.twitch.tv
23:25:12.331 [botPool0-bot0] INFO  org.pircbotx.InputParser - PING :tmi.twitch.tv
23:25:12.332 [listenerPool0-thread107] INFO  org.pircbotx.output.OutputRaw - PONG tmi.twitch.tv
23:29:36.877 [botPool0-bot0] INFO  org.pircbotx.InputParser - PING :tmi.twitch.tv
23:29:36.878 [listenerPool0-thread115] INFO  org.pircbotx.output.OutputRaw - PONG tmi.twitch.tv
23:33:39.160 [botPool0-bot0] INFO  org.pircbotx.InputParser - PING :tmi.twitch.tv
23:33:39.161 [listenerPool0-thread117] INFO  org.pircbotx.output.OutputRaw - PONG tmi.twitch.tv
23:38:39.153 [botPool0-bot0] INFO  org.pircbotx.InputParser - PING :tmi.twitch.tv
23:38:39.154 [listenerPool0-thread122] INFO  org.pircbotx.output.OutputRaw - PONG tmi.twitch.tv
23:42:47.478 [botPool0-bot0] INFO  org.pircbotx.InputParser - PING :tmi.twitch.tv
23:42:47.479 [listenerPool0-thread128] INFO  org.pircbotx.output.OutputRaw - PONG tmi.twitch.tv
23:47:33.593 [botPool0-bot0] INFO  org.pircbotx.InputParser - PING :tmi.twitch.tv
23:47:33.594 [listenerPool0-thread131] INFO  org.pircbotx.output.OutputRaw - PONG tmi.twitch.tv
23:51:44.561 [botPool0-bot0] INFO  org.pircbotx.InputParser - PING :tmi.twitch.tv
23:51:44.564 [listenerPool0-thread141] INFO  org.pircbotx.output.OutputRaw - PONG tmi.twitch.tv
23:56:40.326 [botPool0-bot0] INFO  org.pircbotx.InputParser - PING :tmi.twitch.tv
23:56:40.327 [listenerPool0-thread146] INFO  org.pircbotx.output.OutputRaw - PONG tmi.twitch.tv
00:00:54.113 [botPool0-bot0] INFO  org.pircbotx.InputParser - PING :tmi.twitch.tv
00:00:54.114 [listenerPool0-thread150] INFO  org.pircbotx.output.OutputRaw - PONG tmi.twitch.tv
00:05:50.150 [botPool0-bot0] INFO  org.pircbotx.InputParser - PING :tmi.twitch.tv
00:05:50.151 [listenerPool0-thread158] INFO  org.pircbotx.output.OutputRaw - PONG tmi.twitch.tv
00:09:57.925 [botPool0-bot0] INFO  org.pircbotx.InputParser - PING :tmi.twitch.tv
00:09:57.926 [listenerPool0-thread159] INFO  org.pircbotx.output.OutputRaw - PONG tmi.twitch.tv
00:11:14.010 [bot1-shutdownhook] INFO  org.pircbotx.output.OutputRaw - QUIT :
00:11:14.015 [bot1-shutdownhook] WARN  org.pircbotx.Channel - Channel #jdbener mode '' is stale
00:11:14.032 [bot1-shutdownhook] WARN  org.pircbotx.Channel - Channel #jdbener mode '' is stale
00:11:14.038 [bot1-shutdownhook] INFO  org.pircbotx.dcc.DccHandler - Terminating all transfers waiting to be accepted
00:11:14.038 [botPool0-bot0] INFO  org.pircbotx.PircBotX - Shutdown has been called, closing InputParser
00:11:14.039 [botPool0-bot0] DEBUG o.p.MultiBotManager$BotFutureCallback - Bot #0 finished
00:11:14.040 [bot1-shutdownhook] DEBUG org.pircbotx.PircBotX - Disconnected.
