14:47:06.058 [main] WARN  me.jdbener.Bennerbot - Waiting for GUI to load
14:47:24.584 [main] INFO  me.jdbener.Bennerbot - GUI loaded... Continuing with launch sequence
14:47:30.849 [main] INFO  me.jdbener.Bennerbot - Begining plugin loading
14:47:30.970 [main] INFO  me.jdbener.Bennerbot - Finished looking for plugins in: plugins
14:47:30.971 [main] INFO  me.jdbener.Bennerbot - Finished looking for plugins in: plugins/BasicCommands
14:47:30.973 [main] INFO  me.jdbener.Bennerbot - Finished looking for plugins in: plugins/dissabled
14:47:30.974 [main] INFO  me.jdbener.Bennerbot - Beggining pluging loading sequence
14:47:30.975 [main] INFO  me.jdbener.Bennerbot - Finished pluging loading sequence
14:47:30.975 [main] INFO  me.jdbener.Bennerbot - Proceading with BennerBot initiation sequence
14:47:31.025 [main] DEBUG org.pircbotx.MultiBotManager - Not started yet, add to queue
14:47:31.028 [botPool0-bot0] DEBUG org.pircbotx.PircBotX - Trying address irc.twitch.tv/199.9.252.28
14:47:31.071 [botPool0-bot0] INFO  org.pircbotx.PircBotX - Connected to server.
14:47:31.078 [botPool0-bot0] INFO  org.pircbotx.output.OutputRaw - PASS oauth:hrr2wpqq0knt6sb0spzd3d1mugpdezf
14:47:31.078 [botPool0-bot0] INFO  org.pircbotx.output.OutputRaw - NICK bennerbot
14:47:31.078 [botPool0-bot0] INFO  org.pircbotx.output.OutputRaw - USER BennerBot 8 * :PircBotX 2.0.1, a fork of PircBot, the Java IRC bot - pircbotx.googlecode.com
14:47:31.146 [botPool0-bot0] INFO  org.pircbotx.InputParser - :tmi.twitch.tv 001 bennerbot :Welcome, GLHF!
14:47:31.171 [botPool0-bot0] DEBUG org.pircbotx.InputParser - Logged onto server.
{3=Another Message, 2=Test Message 2, 1=Test Message, 5=a new cmd, 4=#msg}
14:47:32.079 [pool-6-thread-1] INFO  org.pircbotx.output.OutputRaw - PRIVMSG #jdbener :Another Message
14:47:33.080 [botPool0-bot0] INFO  org.pircbotx.output.OutputRaw - JOIN #jdbener 
14:47:33.081 [botPool0-bot0] INFO  org.pircbotx.InputParser - :tmi.twitch.tv 002 bennerbot :Your host is tmi.twitch.tv
14:47:33.081 [botPool0-bot0] INFO  org.pircbotx.InputParser - :tmi.twitch.tv 003 bennerbot :This server is rather new
14:47:33.081 [botPool0-bot0] INFO  org.pircbotx.InputParser - :tmi.twitch.tv 004 bennerbot :-
14:47:33.087 [botPool0-bot0] ERROR org.pircbotx.PircBotX - Exception encountered when parsing line
java.lang.IndexOutOfBoundsException: Index: 1, Size: 1
	at java.util.ArrayList.rangeCheck(Unknown Source) ~[na:1.7.0_45]
	at java.util.ArrayList.get(Unknown Source) ~[na:1.7.0_45]
	at org.pircbotx.ServerInfo.parse004(ServerInfo.java:113) ~[pircbotx-2.0.1.jar:na]
	at org.pircbotx.ServerInfo.parse(ServerInfo.java:106) ~[pircbotx-2.0.1.jar:na]
	at org.pircbotx.InputParser.processServerResponse(InputParser.java:709) ~[pircbotx-2.0.1.jar:na]
	at org.pircbotx.InputParser.handleLine(InputParser.java:323) ~[pircbotx-2.0.1.jar:na]
	at org.pircbotx.PircBotX.startLineProcessing(PircBotX.java:275) [pircbotx-2.0.1.jar:na]
	at org.pircbotx.PircBotX.connect(PircBotX.java:236) [pircbotx-2.0.1.jar:na]
	at org.pircbotx.MultiBotManager$BotRunner.call(MultiBotManager.java:219) [pircbotx-2.0.1.jar:na]
	at org.pircbotx.MultiBotManager$BotRunner.call(MultiBotManager.java:212) [pircbotx-2.0.1.jar:na]
	at java.util.concurrent.FutureTask.run(Unknown Source) [na:1.7.0_45]
	at java.util.concurrent.ThreadPoolExecutor.runWorker(Unknown Source) [na:1.7.0_45]
	at java.util.concurrent.ThreadPoolExecutor$Worker.run(Unknown Source) [na:1.7.0_45]
	at java.lang.Thread.run(Unknown Source) [na:1.7.0_45]
14:47:33.087 [botPool0-bot0] INFO  org.pircbotx.InputParser - :tmi.twitch.tv 375 bennerbot :-
14:47:33.088 [botPool0-bot0] INFO  org.pircbotx.InputParser - :tmi.twitch.tv 372 bennerbot :You are in a maze of twisty passages, all alike.
14:47:33.088 [botPool0-bot0] INFO  org.pircbotx.InputParser - :tmi.twitch.tv 376 bennerbot :>
14:47:33.140 [botPool0-bot0] INFO  org.pircbotx.InputParser - :bennerbot!bennerbot@bennerbot.tmi.twitch.tv JOIN #jdbener
14:47:34.081 [botPool0-bot0] INFO  org.pircbotx.output.OutputRaw - WHO #jdbener
14:47:35.083 [botPool0-bot0] INFO  org.pircbotx.output.OutputRaw - MODE #jdbener
14:47:35.087 [botPool0-bot0] INFO  org.pircbotx.InputParser - :bennerbot.tmi.twitch.tv 353 bennerbot = #jdbener :bennerbot
14:47:35.087 [botPool0-bot0] INFO  org.pircbotx.InputParser - :bennerbot.tmi.twitch.tv 366 bennerbot #jdbener :End of /NAMES list
14:47:35.088 [botPool0-bot0] INFO  org.pircbotx.InputParser - :jtv!jtv@jtv.tmi.twitch.tv PRIVMSG bennerbot :USERCOLOR bennerbot #FF0000
14:47:35.088 [botPool0-bot0] INFO  org.pircbotx.InputParser - :jtv!jtv@jtv.tmi.twitch.tv PRIVMSG bennerbot :HISTORYEND jdbener
14:47:35.088 [botPool0-bot0] INFO  org.pircbotx.InputParser - :tmi.twitch.tv 421 bennerbot WHO :Unknown command
14:47:35.580 [botPool0-bot0] INFO  org.pircbotx.InputParser - :jdbener!jdbener@jdbener.tmi.twitch.tv JOIN #jdbener
14:47:35.581 [botPool0-bot0] INFO  org.pircbotx.InputParser - :biogenx2b!biogenx2b@biogenx2b.tmi.twitch.tv JOIN #jdbener
14:47:35.581 [botPool0-bot0] INFO  org.pircbotx.InputParser - :gorm_!gorm_@gorm_.tmi.twitch.tv JOIN #jdbener
14:47:35.581 [botPool0-bot0] INFO  org.pircbotx.InputParser - :jtv MODE #jdbener +o jdbener
14:47:36.084 [listenerPool0-thread5] INFO  org.pircbotx.output.OutputRaw - PRIVMSG #jdbener :/color #ff0000
14:47:36.147 [botPool0-bot0] INFO  org.pircbotx.InputParser - :jtv!jtv@jtv.tmi.twitch.tv PRIVMSG bennerbot :USERCOLOR bennerbot #FF0000
14:47:36.147 [botPool0-bot0] INFO  org.pircbotx.InputParser - :jtv!jtv@jtv.tmi.twitch.tv PRIVMSG bennerbot :Your color has been changed
14:47:37.085 [listenerPool0-thread5] INFO  org.pircbotx.output.OutputRaw - TWITCHCLIENT 1
{3=Another Message, 2=Test Message 2, 1=Test Message, 5=a new cmd, 4=#msg}
14:47:41.593 [pool-6-thread-1] INFO  org.pircbotx.output.OutputRaw - PRIVMSG #jdbener :Test Message 2
14:47:41.714 [botPool0-bot0] INFO  org.pircbotx.InputParser - :jtv PRIVMSG bennerbot :USERCOLOR bennerbot #FF0000
{3=Another Message, 2=Test Message 2, 1=Test Message, 5=a new cmd, 4=#msg}
14:47:43.870 [pool-7-thread-1] INFO  org.pircbotx.output.OutputRaw - PRIVMSG #jdbener :Another Message
14:47:43.986 [botPool0-bot0] INFO  org.pircbotx.InputParser - :jtv PRIVMSG bennerbot :USERCOLOR bennerbot #FF0000
{3=Another Message, 2=Test Message 2, 1=Test Message, 5=a new cmd, 4=#msg}
14:47:52.133 [pool-6-thread-1] INFO  org.pircbotx.output.OutputRaw - PRIVMSG #jdbener :Test Message
14:47:52.308 [botPool0-bot0] INFO  org.pircbotx.InputParser - :jtv PRIVMSG bennerbot :USERCOLOR bennerbot #FF0000
{3=Another Message, 2=Test Message 2, 1=Test Message, 5=a new cmd, 4=#msg}
14:47:53.745 [pool-7-thread-1] INFO  org.pircbotx.output.OutputRaw - PRIVMSG #jdbener :Test Message 2
14:47:53.861 [botPool0-bot0] INFO  org.pircbotx.InputParser - :jtv PRIVMSG bennerbot :USERCOLOR bennerbot #FF0000
14:48:01.794 [Thread-68] WARN  me.jdbener.Bennerbot - Connection to remote database failed, trying again with local connection
14:48:01.862 [Thread-56] WARN  me.jdbener.Bennerbot - Connection to remote database failed, trying again with local connection
14:48:02.138 [Thread-58] WARN  me.jdbener.Bennerbot - Connection to remote database failed, trying again with local connection
{3=Another Message, 2=Test Message 2, 1=Test Message, 5=a new cmd, 4=#msg}
14:48:02.225 [pool-6-thread-1] INFO  org.pircbotx.output.OutputRaw - PRIVMSG #jdbener :a new cmd
14:48:02.329 [botPool0-bot0] INFO  org.pircbotx.InputParser - :jtv PRIVMSG bennerbot :USERCOLOR bennerbot #FF0000
14:48:02.451 [Thread-82] WARN  me.jdbener.Bennerbot - Connection to remote database failed, trying again with local connection
{3=Another Message, 2=Test Message 2, 1=Test Message, 5=a new cmd, 4=#msg}
14:48:03.786 [pool-7-thread-1] INFO  org.pircbotx.output.OutputRaw - PRIVMSG #jdbener :Test Message
14:48:03.912 [botPool0-bot0] INFO  org.pircbotx.InputParser - :jtv PRIVMSG bennerbot :USERCOLOR bennerbot #FF0000
{3=Another Message, 2=Test Message 2, 1=Test Message, 5=a new cmd, 4=#msg}
14:48:11.966 [pool-6-thread-1] INFO  org.pircbotx.output.OutputRaw - PRIVMSG #jdbener :#msg
14:48:12.103 [botPool0-bot0] INFO  org.pircbotx.InputParser - :jtv PRIVMSG bennerbot :USERCOLOR bennerbot #FF0000
{3=Another Message, 2=Test Message 2, 1=Test Message, 5=a new cmd, 4=#msg}
14:48:14.294 [pool-7-thread-1] INFO  org.pircbotx.output.OutputRaw - PRIVMSG #jdbener :a new cmd
14:48:14.440 [botPool0-bot0] INFO  org.pircbotx.InputParser - :jtv PRIVMSG bennerbot :USERCOLOR bennerbot #FF0000
{3=Another Message, 2=Test Message 2, 1=Test Message, 5=a new cmd, 4=#msg}
14:48:21.507 [pool-6-thread-1] INFO  org.pircbotx.output.OutputRaw - PRIVMSG #jdbener :Another Message
14:48:21.735 [botPool0-bot0] INFO  org.pircbotx.InputParser - :jtv PRIVMSG bennerbot :USERCOLOR bennerbot #FF0000
{3=Another Message, 2=Test Message 2, 1=Test Message, 5=a new cmd, 4=#msg}
14:48:23.767 [pool-7-thread-1] INFO  org.pircbotx.output.OutputRaw - PRIVMSG #jdbener :#msg
14:48:23.878 [botPool0-bot0] INFO  org.pircbotx.InputParser - :jtv PRIVMSG bennerbot :USERCOLOR bennerbot #FF0000
{3=Another Message, 2=Test Message 2, 1=Test Message, 5=a new cmd, 4=#msg}
14:48:31.844 [pool-6-thread-1] INFO  org.pircbotx.output.OutputRaw - PRIVMSG #jdbener :Test Message 2
14:48:31.962 [botPool0-bot0] INFO  org.pircbotx.InputParser - :jtv PRIVMSG bennerbot :USERCOLOR bennerbot #FF0000
{3=Another Message, 2=Test Message 2, 1=Test Message, 5=a new cmd, 4=#msg}
14:48:33.764 [pool-7-thread-1] INFO  org.pircbotx.output.OutputRaw - PRIVMSG #jdbener :Another Message
14:48:33.909 [botPool0-bot0] INFO  org.pircbotx.InputParser - :jtv PRIVMSG bennerbot :USERCOLOR bennerbot #FF0000
14:48:34.290 [Thread-110] WARN  me.jdbener.Bennerbot - Connection to remote database failed, trying again with local connection
14:48:34.291 [Thread-109] WARN  me.jdbener.Bennerbot - Connection to remote database failed, trying again with local connection
14:48:34.292 [Thread-107] WARN  me.jdbener.Bennerbot - Connection to remote database failed, trying again with local connection
14:48:34.293 [Thread-116] WARN  me.jdbener.Bennerbot - Connection to remote database failed, trying again with local connection
14:48:34.294 [Thread-114] WARN  me.jdbener.Bennerbot - Connection to remote database failed, trying again with local connection
14:48:34.295 [Thread-122] WARN  me.jdbener.Bennerbot - Connection to remote database failed, trying again with local connection
14:48:34.296 [Thread-94] WARN  me.jdbener.Bennerbot - Connection to remote database failed, trying again with local connection
14:48:34.297 [Thread-117] WARN  me.jdbener.Bennerbot - Connection to remote database failed, trying again with local connection
14:48:34.297 [Thread-119] WARN  me.jdbener.Bennerbot - Connection to remote database failed, trying again with local connection
14:48:34.298 [Thread-120] WARN  me.jdbener.Bennerbot - Connection to remote database failed, trying again with local connection
14:48:34.300 [listenerPool0-thread9] WARN  me.jdbener.Bennerbot - Connection to remote database failed, trying again with local connection
14:48:34.303 [Thread-106] WARN  me.jdbener.Bennerbot - Connection to remote database failed, trying again with local connection
14:48:34.307 [Thread-115] WARN  me.jdbener.Bennerbot - Connection to remote database failed, trying again with local connection
14:48:34.311 [Thread-121] WARN  me.jdbener.Bennerbot - Connection to remote database failed, trying again with local connection
14:48:34.312 [Thread-118] WARN  me.jdbener.Bennerbot - Connection to remote database failed, trying again with local connection
14:48:34.313 [Thread-100] WARN  me.jdbener.Bennerbot - Connection to remote database failed, trying again with local connection
14:48:34.315 [Thread-112] WARN  me.jdbener.Bennerbot - Connection to remote database failed, trying again with local connection
14:48:34.612 [Thread-109] WARN  me.jdbener.Bennerbot - Connection to remote database failed, trying again with local connection
14:48:34.613 [Thread-116] WARN  me.jdbener.Bennerbot - Connection to remote database failed, trying again with local connection
14:48:34.613 [Thread-122] WARN  me.jdbener.Bennerbot - Connection to remote database failed, trying again with local connection
14:48:34.614 [Thread-94] WARN  me.jdbener.Bennerbot - Connection to remote database failed, trying again with local connection
14:48:34.615 [Thread-107] WARN  me.jdbener.Bennerbot - Connection to remote database failed, trying again with local connection
14:48:34.617 [Thread-114] WARN  me.jdbener.Bennerbot - Connection to remote database failed, trying again with local connection
14:48:34.617 [Thread-119] WARN  me.jdbener.Bennerbot - Connection to remote database failed, trying again with local connection
14:48:34.620 [Thread-117] WARN  me.jdbener.Bennerbot - Connection to remote database failed, trying again with local connection
14:48:34.621 [Thread-106] WARN  me.jdbener.Bennerbot - Connection to remote database failed, trying again with local connection
14:48:34.621 [Thread-120] WARN  me.jdbener.Bennerbot - Connection to remote database failed, trying again with local connection
14:48:34.622 [Thread-115] WARN  me.jdbener.Bennerbot - Connection to remote database failed, trying again with local connection
14:48:34.623 [Thread-121] WARN  me.jdbener.Bennerbot - Connection to remote database failed, trying again with local connection
14:48:34.625 [Thread-118] WARN  me.jdbener.Bennerbot - Connection to remote database failed, trying again with local connection
14:48:34.625 [Thread-100] WARN  me.jdbener.Bennerbot - Connection to remote database failed, trying again with local connection
14:48:34.627 [Thread-112] WARN  me.jdbener.Bennerbot - Connection to remote database failed, trying again with local connection
14:48:34.733 [Thread-110] WARN  me.jdbener.Bennerbot - Connection to remote database failed, trying again with local connection
14:48:35.507 [Thread-105] WARN  me.jdbener.Bennerbot - Connection to remote database failed, trying again with local connection
14:48:35.508 [Thread-104] WARN  me.jdbener.Bennerbot - Connection to remote database failed, trying again with local connection
14:48:35.511 [Thread-103] WARN  me.jdbener.Bennerbot - Connection to remote database failed, trying again with local connection
14:48:35.512 [Thread-97] WARN  me.jdbener.Bennerbot - Connection to remote database failed, trying again with local connection
14:48:35.513 [Thread-91] WARN  me.jdbener.Bennerbot - Connection to remote database failed, trying again with local connection
14:48:35.514 [Thread-108] WARN  me.jdbener.Bennerbot - Connection to remote database failed, trying again with local connection
14:48:35.515 [Thread-92] WARN  me.jdbener.Bennerbot - Connection to remote database failed, trying again with local connection
14:48:35.516 [Thread-96] WARN  me.jdbener.Bennerbot - Connection to remote database failed, trying again with local connection
14:48:35.517 [Thread-111] WARN  me.jdbener.Bennerbot - Connection to remote database failed, trying again with local connection
14:48:35.519 [Thread-102] WARN  me.jdbener.Bennerbot - Connection to remote database failed, trying again with local connection
14:48:35.520 [Thread-113] WARN  me.jdbener.Bennerbot - Connection to remote database failed, trying again with local connection
14:48:35.529 [Thread-98] WARN  me.jdbener.Bennerbot - Connection to remote database failed, trying again with local connection
14:48:35.643 [Thread-101] WARN  me.jdbener.Bennerbot - Connection to remote database failed, trying again with local connection
14:48:35.907 [Thread-90] WARN  me.jdbener.Bennerbot - Connection to remote database failed, trying again with local connection
14:48:35.911 [Thread-95] WARN  me.jdbener.Bennerbot - Connection to remote database failed, trying again with local connection
14:48:36.449 [Thread-99] WARN  me.jdbener.Bennerbot - Connection to remote database failed, trying again with local connection
14:48:40.318 [botPool0-bot0] INFO  org.pircbotx.InputParser - :jtv MODE #jdbener +o bennerbot
{3=Another Message, 2=Test Message 2, 1=Test Message, 5=a new cmd, 4=#msg}
14:48:41.725 [pool-6-thread-1] INFO  org.pircbotx.output.OutputRaw - PRIVMSG #jdbener :Test Message
14:48:41.827 [botPool0-bot0] INFO  org.pircbotx.InputParser - :jtv PRIVMSG bennerbot :USERCOLOR bennerbot #FF0000
{3=Another Message, 2=Test Message 2, 1=Test Message, 5=a new cmd, 4=#msg}
14:48:43.737 [pool-7-thread-1] INFO  org.pircbotx.output.OutputRaw - PRIVMSG #jdbener :Test Message 2
14:48:43.847 [botPool0-bot0] INFO  org.pircbotx.InputParser - :jtv PRIVMSG bennerbot :USERCOLOR bennerbot #FF0000
