23:57:45.819 [main] WARN  me.jdbener.Bennerbot - Waiting for GUI to load
23:57:59.144 [main] INFO  me.jdbener.Bennerbot - GUI loaded... Continuing with launch sequence
23:58:03.210 [main] INFO  me.jdbener.Bennerbot - Begining plugin loading
23:58:03.303 [main] INFO  me.jdbener.Bennerbot - Finished looking for plugins in: plugins
23:58:03.304 [main] INFO  me.jdbener.Bennerbot - Finished looking for plugins in: plugins/BasicCommands
23:58:03.305 [main] INFO  me.jdbener.Bennerbot - Finished looking for plugins in: plugins/dissabled
23:58:03.307 [main] INFO  me.jdbener.Bennerbot - Beggining pluging loading sequence
23:58:03.307 [main] INFO  me.jdbener.Bennerbot - Finished pluging loading sequence
23:58:03.307 [main] INFO  me.jdbener.Bennerbot - Proceading with BennerBot initiation sequence
23:58:03.352 [main] DEBUG org.pircbotx.MultiBotManager - Not started yet, add to queue
23:58:03.356 [botPool0-bot0] DEBUG org.pircbotx.PircBotX - Trying address irc.twitch.tv/199.9.249.253
23:58:03.383 [botPool0-bot0] INFO  org.pircbotx.PircBotX - Connected to server.
23:58:03.390 [botPool0-bot0] INFO  org.pircbotx.output.OutputRaw - PASS oauth:hrr2wpqq0knt6sb0spzd3d1mugpdezf
23:58:03.390 [botPool0-bot0] INFO  org.pircbotx.output.OutputRaw - NICK bennerbot
23:58:03.390 [botPool0-bot0] INFO  org.pircbotx.output.OutputRaw - USER BennerBot 8 * :PircBotX 2.0.1, a fork of PircBot, the Java IRC bot - pircbotx.googlecode.com
23:58:03.447 [botPool0-bot0] INFO  org.pircbotx.InputParser - :tmi.twitch.tv 001 bennerbot :Welcome, GLHF!
23:58:03.457 [botPool0-bot0] DEBUG org.pircbotx.InputParser - Logged onto server.
23:58:04.391 [botPool0-bot0] INFO  org.pircbotx.output.OutputRaw - JOIN #mindy29 
23:58:04.391 [botPool0-bot0] INFO  org.pircbotx.InputParser - :tmi.twitch.tv 002 bennerbot :Your host is tmi.twitch.tv
23:58:04.392 [botPool0-bot0] INFO  org.pircbotx.InputParser - :tmi.twitch.tv 003 bennerbot :This server is rather new
23:58:04.392 [botPool0-bot0] INFO  org.pircbotx.InputParser - :tmi.twitch.tv 004 bennerbot :-
23:58:04.400 [botPool0-bot0] ERROR org.pircbotx.PircBotX - Exception encountered when parsing line
java.lang.IndexOutOfBoundsException: Index: 1, Size: 1
	at java.util.ArrayList.rangeCheck(Unknown Source) ~[na:1.7.0_45]
	at java.util.ArrayList.get(Unknown Source) ~[na:1.7.0_45]
	at org.pircbotx.ServerInfo.parse004(ServerInfo.java:113) ~[pircbotx-2.0.1.jar:na]
	at org.pircbotx.ServerInfo.parse(ServerInfo.java:106) ~[pircbotx-2.0.1.jar:na]
	at org.pircbotx.InputParser.processServerResponse(InputParser.java:709) ~[pircbotx-2.0.1.jar:na]
	at org.pircbotx.InputParser.handleLine(InputParser.java:323) ~[pircbotx-2.0.1.jar:na]
	at org.pircbotx.PircBotX.startLineProcessing(PircBotX.java:275) [pircbotx-2.0.1.jar:na]
	at org.pircbotx.PircBotX.connect(PircBotX.java:236) [pircbotx-2.0.1.jar:na]
	at org.pircbotx.MultiBotManager$BotRunner.call(MultiBotManager.java:219) [pircbotx-2.0.1.jar:na]
	at org.pircbotx.MultiBotManager$BotRunner.call(MultiBotManager.java:212) [pircbotx-2.0.1.jar:na]
	at java.util.concurrent.FutureTask.run(Unknown Source) [na:1.7.0_45]
	at java.util.concurrent.ThreadPoolExecutor.runWorker(Unknown Source) [na:1.7.0_45]
	at java.util.concurrent.ThreadPoolExecutor$Worker.run(Unknown Source) [na:1.7.0_45]
	at java.lang.Thread.run(Unknown Source) [na:1.7.0_45]
23:58:04.400 [botPool0-bot0] INFO  org.pircbotx.InputParser - :tmi.twitch.tv 375 bennerbot :-
23:58:04.400 [botPool0-bot0] INFO  org.pircbotx.InputParser - :tmi.twitch.tv 372 bennerbot :You are in a maze of twisty passages, all alike.
23:58:04.401 [botPool0-bot0] INFO  org.pircbotx.InputParser - :tmi.twitch.tv 376 bennerbot :>
23:58:04.455 [botPool0-bot0] INFO  org.pircbotx.InputParser - :bennerbot!bennerbot@bennerbot.tmi.twitch.tv JOIN #mindy29
23:58:04.504 [Thread-11] INFO  me.jdbener.Bennerbot - Reseting Map
23:58:05.392 [listenerPool0-thread2] INFO  org.pircbotx.output.OutputRaw - PRIVMSG #mindy29 :/color #ff0000
23:58:06.393 [botPool0-bot0] INFO  org.pircbotx.output.OutputRaw - WHO #mindy29
23:58:07.394 [botPool0-bot0] INFO  org.pircbotx.output.OutputRaw - MODE #mindy29
23:58:07.397 [botPool0-bot0] INFO  org.pircbotx.InputParser - :bennerbot.tmi.twitch.tv 353 bennerbot = #mindy29 :bennerbot
23:58:07.397 [botPool0-bot0] INFO  org.pircbotx.InputParser - :bennerbot.tmi.twitch.tv 366 bennerbot #mindy29 :End of /NAMES list
23:58:07.398 [botPool0-bot0] INFO  org.pircbotx.InputParser - :jtv!jtv@jtv.tmi.twitch.tv PRIVMSG bennerbot :USERCOLOR bennerbot #FF0000
23:58:07.398 [botPool0-bot0] INFO  org.pircbotx.InputParser - :jtv!jtv@jtv.tmi.twitch.tv PRIVMSG bennerbot :HISTORYEND mindy29
23:58:07.399 [botPool0-bot0] INFO  org.pircbotx.InputParser - :jtv!jtv@jtv.tmi.twitch.tv PRIVMSG bennerbot :USERCOLOR bennerbot #FF0000
23:58:07.399 [botPool0-bot0] INFO  org.pircbotx.InputParser - :jtv!jtv@jtv.tmi.twitch.tv PRIVMSG bennerbot :Your color has been changed
23:58:07.400 [botPool0-bot0] INFO  org.pircbotx.InputParser - :tmi.twitch.tv 421 bennerbot WHO :Unknown command
23:58:08.395 [listenerPool0-thread2] INFO  org.pircbotx.output.OutputRaw - TWITCHCLIENT 1
23:58:11.959 [botPool0-bot0] INFO  org.pircbotx.InputParser - :jtv PRIVMSG bennerbot :USERCOLOR lunareia #FF69B4
23:58:11.961 [botPool0-bot0] INFO  org.pircbotx.InputParser - :lunareia!lunareia@lunareia.tmi.twitch.tv PRIVMSG #mindy29 :free isn't getting a season 3
23:58:16.719 [botPool0-bot0] INFO  org.pircbotx.InputParser - :jtv PRIVMSG bennerbot :USERCOLOR hikarihoroko #8A2BE2
23:58:16.720 [botPool0-bot0] INFO  org.pircbotx.InputParser - :hikarihoroko!hikarihoroko@hikarihoroko.tmi.twitch.tv PRIVMSG #mindy29 :</3
23:58:20.439 [Thread-15] INFO  me.jdbener.Bennerbot - Reseting Map
23:58:29.154 [botPool0-bot0] INFO  org.pircbotx.InputParser - :jtv PRIVMSG bennerbot :USERCOLOR lunareia #FF69B4
23:58:29.154 [botPool0-bot0] INFO  org.pircbotx.InputParser - :lunareia!lunareia@lunareia.tmi.twitch.tv PRIVMSG #mindy29 :that'll wake it up you just wait
23:58:30.232 [botPool0-bot0] INFO  org.pircbotx.InputParser - :gregsnazzygamertwitch!gregsnazzygamertwitch@gregsnazzygamertwitch.tmi.twitch.tv PRIVMSG #mindy29 :Luna don't remind me
23:58:33.265 [botPool0-bot0] INFO  org.pircbotx.InputParser - :jtv PRIVMSG bennerbot :USERCOLOR hikarihoroko #8A2BE2
23:58:33.267 [botPool0-bot0] INFO  org.pircbotx.InputParser - :hikarihoroko!hikarihoroko@hikarihoroko.tmi.twitch.tv PRIVMSG #mindy29 :brb so I can get something to drink
23:58:45.312 [botPool0-bot0] INFO  org.pircbotx.InputParser - :jtv PRIVMSG bennerbot :USERCOLOR lunareia #FF69B4
23:58:45.313 [botPool0-bot0] INFO  org.pircbotx.InputParser - :lunareia!lunareia@lunareia.tmi.twitch.tv PRIVMSG #mindy29 :i'm trying to wake kari's aasshole of a foot
