11:02:18.062 [main] WARN  me.jdbener.Bennerbot - Waiting for GUI to load
11:02:35.503 [main] INFO  me.jdbener.Bennerbot - GUI loaded... Continuing with launch sequence
11:02:41.327 [main] INFO  me.jdbener.Bennerbot - Begining plugin loading
11:02:41.448 [main] INFO  me.jdbener.Bennerbot - Finished looking for plugins in: plugins
11:02:41.449 [main] INFO  me.jdbener.Bennerbot - Finished looking for plugins in: plugins/BasicCommands
11:02:41.450 [main] INFO  me.jdbener.Bennerbot - Finished looking for plugins in: plugins/dissabled
11:02:41.452 [main] INFO  me.jdbener.Bennerbot - Beggining pluging loading sequence
11:02:41.452 [main] INFO  me.jdbener.Bennerbot - Finished pluging loading sequence
11:02:41.452 [main] INFO  me.jdbener.Bennerbot - Proceading with BennerBot initiation sequence
11:02:41.510 [main] DEBUG org.pircbotx.MultiBotManager - Not started yet, add to queue
11:02:41.514 [botPool0-bot0] DEBUG org.pircbotx.PircBotX - Trying address irc.twitch.tv/199.9.253.165
11:02:41.549 [botPool0-bot0] INFO  org.pircbotx.PircBotX - Connected to server.
11:02:41.576 [botPool0-bot0] INFO  org.pircbotx.output.OutputRaw - PASS oauth:hrr2wpqq0knt6sb0spzd3d1mugpdezf
11:02:41.576 [botPool0-bot0] INFO  org.pircbotx.output.OutputRaw - NICK bennerbot
11:02:41.576 [botPool0-bot0] INFO  org.pircbotx.output.OutputRaw - USER BennerBot 8 * :PircBotX 2.0.1, a fork of PircBot, the Java IRC bot - pircbotx.googlecode.com
11:02:41.675 [botPool0-bot0] INFO  org.pircbotx.InputParser - :tmi.twitch.tv 001 bennerbot :Welcome, GLHF!
11:02:41.684 [botPool0-bot0] DEBUG org.pircbotx.InputParser - Logged onto server.
11:02:42.577 [botPool0-bot0] INFO  org.pircbotx.output.OutputRaw - JOIN #jdbener 
11:02:42.577 [botPool0-bot0] INFO  org.pircbotx.InputParser - :tmi.twitch.tv 002 bennerbot :Your host is tmi.twitch.tv
11:02:42.578 [botPool0-bot0] INFO  org.pircbotx.InputParser - :tmi.twitch.tv 003 bennerbot :This server is rather new
11:02:42.578 [botPool0-bot0] INFO  org.pircbotx.InputParser - :tmi.twitch.tv 004 bennerbot :-
11:02:42.585 [botPool0-bot0] ERROR org.pircbotx.PircBotX - Exception encountered when parsing line
java.lang.IndexOutOfBoundsException: Index: 1, Size: 1
	at java.util.ArrayList.rangeCheck(Unknown Source) ~[na:1.7.0_45]
	at java.util.ArrayList.get(Unknown Source) ~[na:1.7.0_45]
	at org.pircbotx.ServerInfo.parse004(ServerInfo.java:113) ~[pircbotx-2.0.1.jar:na]
	at org.pircbotx.ServerInfo.parse(ServerInfo.java:106) ~[pircbotx-2.0.1.jar:na]
	at org.pircbotx.InputParser.processServerResponse(InputParser.java:709) ~[pircbotx-2.0.1.jar:na]
	at org.pircbotx.InputParser.handleLine(InputParser.java:323) ~[pircbotx-2.0.1.jar:na]
	at org.pircbotx.PircBotX.startLineProcessing(PircBotX.java:275) [pircbotx-2.0.1.jar:na]
	at org.pircbotx.PircBotX.connect(PircBotX.java:236) [pircbotx-2.0.1.jar:na]
	at org.pircbotx.MultiBotManager$BotRunner.call(MultiBotManager.java:219) [pircbotx-2.0.1.jar:na]
	at org.pircbotx.MultiBotManager$BotRunner.call(MultiBotManager.java:212) [pircbotx-2.0.1.jar:na]
	at java.util.concurrent.FutureTask.run(Unknown Source) [na:1.7.0_45]
	at java.util.concurrent.ThreadPoolExecutor.runWorker(Unknown Source) [na:1.7.0_45]
	at java.util.concurrent.ThreadPoolExecutor$Worker.run(Unknown Source) [na:1.7.0_45]
	at java.lang.Thread.run(Unknown Source) [na:1.7.0_45]
11:02:42.585 [botPool0-bot0] INFO  org.pircbotx.InputParser - :tmi.twitch.tv 375 bennerbot :-
11:02:42.586 [botPool0-bot0] INFO  org.pircbotx.InputParser - :tmi.twitch.tv 372 bennerbot :You are in a maze of twisty passages, all alike.
11:02:42.587 [botPool0-bot0] INFO  org.pircbotx.InputParser - :tmi.twitch.tv 376 bennerbot :>
11:02:42.644 [botPool0-bot0] INFO  org.pircbotx.InputParser - :bennerbot!bennerbot@bennerbot.tmi.twitch.tv JOIN #jdbener
11:02:43.578 [botPool0-bot0] INFO  org.pircbotx.output.OutputRaw - WHO #jdbener
11:02:44.579 [listenerPool0-thread5] INFO  org.pircbotx.output.OutputRaw - PRIVMSG #jdbener :/color #ff0000
11:02:45.580 [botPool0-bot0] INFO  org.pircbotx.output.OutputRaw - MODE #jdbener
11:02:45.586 [botPool0-bot0] INFO  org.pircbotx.InputParser - :jtv!jtv@jtv.tmi.twitch.tv PRIVMSG bennerbot :USERCOLOR bennerbot #FF0000
11:02:45.587 [botPool0-bot0] INFO  org.pircbotx.InputParser - :bennerbot.tmi.twitch.tv 353 bennerbot = #jdbener :bennerbot
11:02:45.587 [botPool0-bot0] INFO  org.pircbotx.InputParser - :bennerbot.tmi.twitch.tv 366 bennerbot #jdbener :End of /NAMES list
11:02:45.588 [botPool0-bot0] INFO  org.pircbotx.InputParser - :jtv!jtv@jtv.tmi.twitch.tv PRIVMSG bennerbot :HISTORYEND jdbener
11:02:45.589 [botPool0-bot0] INFO  org.pircbotx.InputParser - :tmi.twitch.tv 421 bennerbot WHO :Unknown command
11:02:45.590 [botPool0-bot0] INFO  org.pircbotx.InputParser - :jtv!jtv@jtv.tmi.twitch.tv PRIVMSG bennerbot :USERCOLOR bennerbot #FF0000
11:02:45.590 [botPool0-bot0] INFO  org.pircbotx.InputParser - :jtv!jtv@jtv.tmi.twitch.tv PRIVMSG bennerbot :Your color has been changed
11:02:45.591 [botPool0-bot0] INFO  org.pircbotx.InputParser - :quantuminsperiti!quantuminsperiti@quantuminsperiti.tmi.twitch.tv PRIVMSG #jdbener :WHY YOU NO TALK
11:02:46.581 [listenerPool0-thread5] INFO  org.pircbotx.output.OutputRaw - TWITCHCLIENT 1
11:02:49.289 [botPool0-bot0] INFO  org.pircbotx.InputParser - :theallc!theallc@theallc.tmi.twitch.tv PART #jdbener
11:02:49.309 [botPool0-bot0] INFO  org.pircbotx.InputParser - :jtv MODE #jdbener -o bennerbot
11:02:55.259 [botPool0-bot0] INFO  org.pircbotx.InputParser - :jtv PRIVMSG bennerbot :USERCOLOR jdbener #1E90FF
11:02:55.261 [botPool0-bot0] INFO  org.pircbotx.InputParser - :jdbener!jdbener@jdbener.tmi.twitch.tv PRIVMSG #jdbener :but its easyier to talk to people through text
11:02:58.530 [botPool0-bot0] INFO  org.pircbotx.InputParser - :jtv PRIVMSG bennerbot :USERCOLOR jdbener #1E90FF
11:02:58.531 [botPool0-bot0] INFO  org.pircbotx.InputParser - :jdbener!jdbener@jdbener.tmi.twitch.tv PRIVMSG #jdbener :less dellay
11:03:02.646 [botPool0-bot0] INFO  org.pircbotx.InputParser - :jtv PRIVMSG bennerbot :USERCOLOR jdbener #1E90FF
11:03:02.646 [botPool0-bot0] INFO  org.pircbotx.InputParser - :jdbener!jdbener@jdbener.tmi.twitch.tv PRIVMSG #jdbener :delay* :p
11:03:07.694 [botPool0-bot0] INFO  org.pircbotx.InputParser - :quantuminsperiti!quantuminsperiti@quantuminsperiti.tmi.twitch.tv PRIVMSG #jdbener :indeed :D
11:03:18.742 [botPool0-bot0] INFO  org.pircbotx.InputParser - :quantuminsperiti!quantuminsperiti@quantuminsperiti.tmi.twitch.tv PRIVMSG #jdbener :Staph ! Why so mean :(
11:03:34.508 [botPool0-bot0] INFO  org.pircbotx.InputParser - :jtv PRIVMSG bennerbot :USERCOLOR jdbener #1E90FF
11:03:34.510 [botPool0-bot0] INFO  org.pircbotx.InputParser - :jdbener!jdbener@jdbener.tmi.twitch.tv PRIVMSG #jdbener ::(
11:03:41.566 [botPool0-bot0] INFO  org.pircbotx.InputParser - :jtv PRIVMSG bennerbot :USERCOLOR jdbener #1E90FF
11:03:41.566 [botPool0-bot0] INFO  org.pircbotx.InputParser - :jdbener!jdbener@jdbener.tmi.twitch.tv PRIVMSG #jdbener :im sowwy
11:03:50.832 [botPool0-bot0] INFO  org.pircbotx.InputParser - :jtv MODE #jdbener +o bennerbot
11:03:52.707 [botPool0-bot0] INFO  org.pircbotx.InputParser - :quantuminsperiti!quantuminsperiti@quantuminsperiti.tmi.twitch.tv PRIVMSG #jdbener :This is absolutely beautiful
11:03:59.818 [botPool0-bot0] INFO  org.pircbotx.InputParser - :jtv PRIVMSG bennerbot :USERCOLOR jdbener #1E90FF
11:03:59.819 [botPool0-bot0] INFO  org.pircbotx.InputParser - :jdbener!jdbener@jdbener.tmi.twitch.tv PRIVMSG #jdbener :the music?
11:04:01.514 [botPool0-bot0] INFO  org.pircbotx.InputParser - :jtv PRIVMSG bennerbot :SPECIALUSER tduva turbo
11:04:01.517 [botPool0-bot0] INFO  org.pircbotx.InputParser - :jtv PRIVMSG bennerbot :USERCOLOR tduva #0000FF
11:04:01.519 [botPool0-bot0] INFO  org.pircbotx.InputParser - :jtv PRIVMSG bennerbot :EMOTESET tduva [33,130,793]
11:04:01.521 [botPool0-bot0] INFO  org.pircbotx.InputParser - :tduva!tduva@tduva.tmi.twitch.tv PRIVMSG #jdbener :Sad Face no space
11:04:05.509 [botPool0-bot0] INFO  org.pircbotx.InputParser - :jtv PRIVMSG bennerbot :USERCOLOR jdbener #1E90FF
11:04:05.511 [botPool0-bot0] INFO  org.pircbotx.InputParser - :jdbener!jdbener@jdbener.tmi.twitch.tv PRIVMSG #jdbener :Kappa
11:04:14.222 [botPool0-bot0] INFO  org.pircbotx.InputParser - :quantuminsperiti!quantuminsperiti@quantuminsperiti.tmi.twitch.tv PRIVMSG #jdbener :The most programming I have ever done is program a calculator
11:04:27.229 [botPool0-bot0] INFO  org.pircbotx.InputParser - :jtv PRIVMSG bennerbot :USERCOLOR jdbener #1E90FF
11:04:27.229 [botPool0-bot0] INFO  org.pircbotx.InputParser - :jdbener!jdbener@jdbener.tmi.twitch.tv PRIVMSG #jdbener :whats butifull?
11:04:35.122 [botPool0-bot0] INFO  org.pircbotx.InputParser - :quantuminsperiti!quantuminsperiti@quantuminsperiti.tmi.twitch.tv PRIVMSG #jdbener :The coding
11:04:41.403 [botPool0-bot0] INFO  org.pircbotx.InputParser - :quantuminsperiti!quantuminsperiti@quantuminsperiti.tmi.twitch.tv PRIVMSG #jdbener :I want to get my hands on it
11:04:44.231 [botPool0-bot0] INFO  org.pircbotx.InputParser - :quantuminsperiti!quantuminsperiti@quantuminsperiti.tmi.twitch.tv PRIVMSG #jdbener :Try new things
11:04:51.499 [botPool0-bot0] INFO  org.pircbotx.InputParser - :quantuminsperiti!quantuminsperiti@quantuminsperiti.tmi.twitch.tv PRIVMSG #jdbener :and the song is just making it more emotional
11:04:53.564 [botPool0-bot0] INFO  org.pircbotx.InputParser - :quantuminsperiti!quantuminsperiti@quantuminsperiti.tmi.twitch.tv PRIVMSG #jdbener :omg :'(
11:04:54.664 [botPool0-bot0] INFO  org.pircbotx.InputParser - :jtv PRIVMSG bennerbot :USERCOLOR jdbener #1E90FF
11:04:54.666 [botPool0-bot0] INFO  org.pircbotx.InputParser - :jdbener!jdbener@jdbener.tmi.twitch.tv PRIVMSG #jdbener :https://github.com/jdbener/BennerBot
11:05:12.748 [botPool0-bot0] INFO  org.pircbotx.InputParser - :jtv PRIVMSG bennerbot :USERCOLOR jdbener #1E90FF
11:05:12.751 [botPool0-bot0] INFO  org.pircbotx.InputParser - :jdbener!jdbener@jdbener.tmi.twitch.tv PRIVMSG #jdbener :^^ there is my source
11:05:23.930 [botPool0-bot0] INFO  org.pircbotx.InputParser - :quantuminsperiti!quantuminsperiti@quantuminsperiti.tmi.twitch.tv PRIVMSG #jdbener :Did you build it from scratch?
11:05:29.902 [botPool0-bot0] INFO  org.pircbotx.InputParser - :jtv PRIVMSG bennerbot :USERCOLOR jdbener #1E90FF
11:05:29.903 [botPool0-bot0] INFO  org.pircbotx.InputParser - :jdbener!jdbener@jdbener.tmi.twitch.tv PRIVMSG #jdbener :no
11:05:41.196 [botPool0-bot0] INFO  org.pircbotx.InputParser - :jtv PRIVMSG bennerbot :USERCOLOR jdbener #1E90FF
11:05:41.198 [botPool0-bot0] INFO  org.pircbotx.InputParser - :jdbener!jdbener@jdbener.tmi.twitch.tv PRIVMSG #jdbener :i started with pircbotx
11:05:50.869 [botPool0-bot0] INFO  org.pircbotx.InputParser - :jtv PRIVMSG bennerbot :USERCOLOR jdbener #1E90FF
11:05:50.871 [botPool0-bot0] INFO  org.pircbotx.InputParser - :jdbener!jdbener@jdbener.tmi.twitch.tv PRIVMSG #jdbener :https://code.google.com/p/pircbotx/
11:05:52.576 [botPool0-bot0] INFO  org.pircbotx.InputParser - :quantuminsperiti!quantuminsperiti@quantuminsperiti.tmi.twitch.tv PRIVMSG #jdbener :Do you prefer Eclipse or Netbeans?
11:05:56.810 [botPool0-bot0] INFO  org.pircbotx.InputParser - :jtv PRIVMSG bennerbot :USERCOLOR jdbener #1E90FF
11:05:56.812 [botPool0-bot0] INFO  org.pircbotx.InputParser - :jdbener!jdbener@jdbener.tmi.twitch.tv PRIVMSG #jdbener :Eclipse
11:06:05.093 [bot1-shutdownhook] INFO  org.pircbotx.output.OutputRaw - QUIT :
11:06:05.094 [bot1-shutdownhook] WARN  org.pircbotx.Channel - Channel #jdbener mode '' is stale
11:06:05.096 [bot1-shutdownhook] WARN  org.pircbotx.Channel - Channel #jdbener mode '' is stale
11:06:05.096 [bot1-shutdownhook] INFO  org.pircbotx.dcc.DccHandler - Terminating all transfers waiting to be accepted
11:06:05.096 [botPool0-bot0] INFO  org.pircbotx.PircBotX - Shutdown has been called, closing InputParser
11:06:05.097 [bot1-shutdownhook] DEBUG org.pircbotx.PircBotX - Disconnected.
11:06:05.097 [botPool0-bot0] DEBUG o.p.MultiBotManager$BotFutureCallback - Bot #0 finished
11:06:05.098 [bot1-shutdownhook] DEBUG o.p.h.m.ThreadedListenerManager - Waiting for listener me.jdbener.Cleaner@4ed64869 to execute event MessageEvent(channel=Channel(name=#jdbener, channelId=93dd4ca0-25a2-4f47-a041-d1f2213bfd29, dao=org.pircbotx.UserChannelDao@30e556bc, bot=Version{PircBotX 2.0.1, a fork of PircBot, the Java IRC bot - pircbotx.googlecode.com} Connected{false} Server{irc.twitch.tv} Port{6667} Password{oauth:hrr2wpqq0knt6sb0spzd3d1mugpdezf}, output=org.pircbotx.Channel$1@20a169b8, mode=, topic=, topicTimestamp=0, createTimestamp=0, topicSetter=, moderated=false, noExternalMessages=false, inviteOnly=false, secret=false, channelPrivate=false, topicProtection=false, channelLimit=-1, channelKey=null, modeStale=true, modeLatch=null), user=User(bot=Version{PircBotX 2.0.1, a fork of PircBot, the Java IRC bot - pircbotx.googlecode.com} Connected{false} Server{irc.twitch.tv} Port{6667} Password{oauth:hrr2wpqq0knt6sb0spzd3d1mugpdezf}, dao=org.pircbotx.UserChannelDao@30e556bc, userId=46b6d266-c61d-4bfd-bb1c-e25ade0cf364, output=org.pircbotx.User$1@4523bfc4, nick=jdbener, realName=, login=, hostmask=, awayMessage=null, ircop=false, server=, hops=0), message=https://code.google.com/p/pircbotx/)
11:06:09.725 [bot1-shutdownhook] DEBUG o.p.h.m.ThreadedListenerManager - Waiting for listener me.jdbener.levels.LevelManager@2441d77b to execute event MessageEvent(channel=Channel(name=#jdbener, channelId=93dd4ca0-25a2-4f47-a041-d1f2213bfd29, dao=org.pircbotx.UserChannelDao@30e556bc, bot=Version{PircBotX 2.0.1, a fork of PircBot, the Java IRC bot - pircbotx.googlecode.com} Connected{false} Server{irc.twitch.tv} Port{6667} Password{oauth:hrr2wpqq0knt6sb0spzd3d1mugpdezf}, output=org.pircbotx.Channel$1@20a169b8, mode=, topic=, topicTimestamp=0, createTimestamp=0, topicSetter=, moderated=false, noExternalMessages=false, inviteOnly=false, secret=false, channelPrivate=false, topicProtection=false, channelLimit=-1, channelKey=null, modeStale=true, modeLatch=null), user=User(bot=Version{PircBotX 2.0.1, a fork of PircBot, the Java IRC bot - pircbotx.googlecode.com} Connected{false} Server{irc.twitch.tv} Port{6667} Password{oauth:hrr2wpqq0knt6sb0spzd3d1mugpdezf}, dao=org.pircbotx.UserChannelDao@30e556bc, userId=8440c8f1-8ac9-47f0-94b0-4727357a4f81, output=org.pircbotx.User$1@190e09c4, nick=quantuminsperiti, realName=, login=, hostmask=, awayMessage=null, ircop=false, server=, hops=0), message=Do you prefer Eclipse or Netbeans?)
11:06:09.725 [bot1-shutdownhook] DEBUG o.p.h.m.ThreadedListenerManager - Waiting for listener me.jdbener.levels.LevelManager@2441d77b to execute event MessageEvent(channel=Channel(name=#jdbener, channelId=93dd4ca0-25a2-4f47-a041-d1f2213bfd29, dao=org.pircbotx.UserChannelDao@30e556bc, bot=Version{PircBotX 2.0.1, a fork of PircBot, the Java IRC bot - pircbotx.googlecode.com} Connected{false} Server{irc.twitch.tv} Port{6667} Password{oauth:hrr2wpqq0knt6sb0spzd3d1mugpdezf}, output=org.pircbotx.Channel$1@20a169b8, mode=, topic=, topicTimestamp=0, createTimestamp=0, topicSetter=, moderated=false, noExternalMessages=false, inviteOnly=false, secret=false, channelPrivate=false, topicProtection=false, channelLimit=-1, channelKey=null, modeStale=true, modeLatch=null), user=User(bot=Version{PircBotX 2.0.1, a fork of PircBot, the Java IRC bot - pircbotx.googlecode.com} Connected{false} Server{irc.twitch.tv} Port{6667} Password{oauth:hrr2wpqq0knt6sb0spzd3d1mugpdezf}, dao=org.pircbotx.UserChannelDao@30e556bc, userId=46b6d266-c61d-4bfd-bb1c-e25ade0cf364, output=org.pircbotx.User$1@4523bfc4, nick=jdbener, realName=, login=, hostmask=, awayMessage=null, ircop=false, server=, hops=0), message=Eclipse)
11:06:10.064 [bot1-shutdownhook] DEBUG o.p.h.m.ThreadedListenerManager - Waiting for listener me.jdbener.Cleaner@4ed64869 to execute event MessageEvent(channel=Channel(name=#jdbener, channelId=93dd4ca0-25a2-4f47-a041-d1f2213bfd29, dao=org.pircbotx.UserChannelDao@30e556bc, bot=Version{PircBotX 2.0.1, a fork of PircBot, the Java IRC bot - pircbotx.googlecode.com} Connected{false} Server{irc.twitch.tv} Port{6667} Password{oauth:hrr2wpqq0knt6sb0spzd3d1mugpdezf}, output=org.pircbotx.Channel$1@20a169b8, mode=, topic=, topicTimestamp=0, createTimestamp=0, topicSetter=, moderated=false, noExternalMessages=false, inviteOnly=false, secret=false, channelPrivate=false, topicProtection=false, channelLimit=-1, channelKey=null, modeStale=true, modeLatch=null), user=User(bot=Version{PircBotX 2.0.1, a fork of PircBot, the Java IRC bot - pircbotx.googlecode.com} Connected{false} Server{irc.twitch.tv} Port{6667} Password{oauth:hrr2wpqq0knt6sb0spzd3d1mugpdezf}, dao=org.pircbotx.UserChannelDao@30e556bc, userId=46b6d266-c61d-4bfd-bb1c-e25ade0cf364, output=org.pircbotx.User$1@4523bfc4, nick=jdbener, realName=, login=, hostmask=, awayMessage=null, ircop=false, server=, hops=0), message=Eclipse)
11:06:10.069 [bot1-shutdownhook] DEBUG o.p.h.m.ThreadedListenerManager - Waiting for listener me.jdbener.utilities.Infromation@5b229721 to execute event DisconnectEvent(daoSnapshot=org.pircbotx.snapshot.UserChannelDaoSnapshot@68a32fb5, disconnectException=null)
11:06:10.069 [bot1-shutdownhook] DEBUG o.p.h.m.ThreadedListenerManager - Waiting for listener me.jdbener.levels.LevelManager@2441d77b to execute event DisconnectEvent(daoSnapshot=org.pircbotx.snapshot.UserChannelDaoSnapshot@68a32fb5, disconnectException=null)
11:06:10.069 [bot1-shutdownhook] DEBUG o.p.h.m.ThreadedListenerManager - Waiting for listener me.jdbener.utilities.JoinLeaveMessages@10e3eb78 to execute event DisconnectEvent(daoSnapshot=org.pircbotx.snapshot.UserChannelDaoSnapshot@68a32fb5, disconnectException=null)
11:06:10.069 [bot1-shutdownhook] DEBUG o.p.h.m.ThreadedListenerManager - Waiting for listener me.jdbener.utilities.AutoMessageHandeler@20c683d2 to execute event DisconnectEvent(daoSnapshot=org.pircbotx.snapshot.UserChannelDaoSnapshot@68a32fb5, disconnectException=null)
11:06:10.069 [bot1-shutdownhook] DEBUG o.p.h.m.ThreadedListenerManager - Waiting for listener me.jdbener.utilities.Countdown@2242e18a to execute event DisconnectEvent(daoSnapshot=org.pircbotx.snapshot.UserChannelDaoSnapshot@68a32fb5, disconnectException=null)
11:06:10.069 [bot1-shutdownhook] DEBUG o.p.h.m.ThreadedListenerManager - Waiting for listener me.jdbener.apis.twitch.TwitchStatusGameUpdater@38c615f3 to execute event DisconnectEvent(daoSnapshot=org.pircbotx.snapshot.UserChannelDaoSnapshot@68a32fb5, disconnectException=null)
11:06:10.069 [bot1-shutdownhook] DEBUG o.p.h.m.ThreadedListenerManager - Waiting for listener me.jdbener.levels.BennerBitManager@6d3aa183 to execute event DisconnectEvent(daoSnapshot=org.pircbotx.snapshot.UserChannelDaoSnapshot@68a32fb5, disconnectException=null)
11:06:10.069 [bot1-shutdownhook] DEBUG o.p.h.m.ThreadedListenerManager - Waiting for listener me.jdbener.Cleaner@4ed64869 to execute event DisconnectEvent(daoSnapshot=org.pircbotx.snapshot.UserChannelDaoSnapshot@68a32fb5, disconnectException=null)
11:06:10.069 [bot1-shutdownhook] DEBUG o.p.h.m.ThreadedListenerManager - Waiting for listener me.jdbener.apis.hitbox.HitboxStatusGameUpdater@60cc9900 to execute event DisconnectEvent(daoSnapshot=org.pircbotx.snapshot.UserChannelDaoSnapshot@68a32fb5, disconnectException=null)
11:06:10.070 [bot1-shutdownhook] DEBUG o.p.h.m.ThreadedListenerManager - Waiting for listener me.jdbener.utilities.ChatRelayHandeler@1af2688a to execute event DisconnectEvent(daoSnapshot=org.pircbotx.snapshot.UserChannelDaoSnapshot@68a32fb5, disconnectException=null)
