14:42:49.433 [main] WARN  me.jdbener.Bennerbot - Waiting for GUI to load
14:43:08.180 [main] INFO  me.jdbener.Bennerbot - GUI loaded... Continuing with launch sequence
14:43:14.092 [main] INFO  me.jdbener.Bennerbot - Begining plugin loading
14:43:14.195 [main] INFO  me.jdbener.Bennerbot - Finished looking for plugins in: plugins
14:43:14.197 [main] INFO  me.jdbener.Bennerbot - Finished looking for plugins in: plugins/BasicCommands
14:43:14.198 [main] INFO  me.jdbener.Bennerbot - Finished looking for plugins in: plugins/dissabled
14:43:14.199 [main] INFO  me.jdbener.Bennerbot - Beggining pluging loading sequence
14:43:14.200 [main] INFO  me.jdbener.Bennerbot - Finished pluging loading sequence
14:43:14.200 [main] INFO  me.jdbener.Bennerbot - Proceading with BennerBot initiation sequence
14:43:14.244 [main] DEBUG org.pircbotx.MultiBotManager - Not started yet, add to queue
14:43:14.247 [botPool0-bot0] DEBUG org.pircbotx.PircBotX - Trying address irc.twitch.tv/199.9.252.28
14:43:14.411 [botPool0-bot0] INFO  org.pircbotx.PircBotX - Connected to server.
14:43:14.419 [botPool0-bot0] INFO  org.pircbotx.output.OutputRaw - PASS oauth:hrr2wpqq0knt6sb0spzd3d1mugpdezf
14:43:14.419 [botPool0-bot0] INFO  org.pircbotx.output.OutputRaw - NICK bennerbot
14:43:14.419 [botPool0-bot0] INFO  org.pircbotx.output.OutputRaw - USER BennerBot 8 * :PircBotX 2.0.1, a fork of PircBot, the Java IRC bot - pircbotx.googlecode.com
14:43:14.478 [botPool0-bot0] INFO  org.pircbotx.InputParser - :tmi.twitch.tv 001 bennerbot :Welcome, GLHF!
14:43:14.486 [botPool0-bot0] DEBUG org.pircbotx.InputParser - Logged onto server.
{3=Another Message, 2=Test Message 2, 1=Test Message}
14:43:15.420 [botPool0-bot0] INFO  org.pircbotx.output.OutputRaw - JOIN #jdbener 
14:43:15.421 [botPool0-bot0] INFO  org.pircbotx.InputParser - :tmi.twitch.tv 002 bennerbot :Your host is tmi.twitch.tv
14:43:15.422 [botPool0-bot0] INFO  org.pircbotx.InputParser - :tmi.twitch.tv 003 bennerbot :This server is rather new
14:43:15.422 [botPool0-bot0] INFO  org.pircbotx.InputParser - :tmi.twitch.tv 004 bennerbot :-
14:43:15.429 [botPool0-bot0] ERROR org.pircbotx.PircBotX - Exception encountered when parsing line
java.lang.IndexOutOfBoundsException: Index: 1, Size: 1
	at java.util.ArrayList.rangeCheck(Unknown Source) ~[na:1.7.0_45]
	at java.util.ArrayList.get(Unknown Source) ~[na:1.7.0_45]
	at org.pircbotx.ServerInfo.parse004(ServerInfo.java:113) ~[pircbotx-2.0.1.jar:na]
	at org.pircbotx.ServerInfo.parse(ServerInfo.java:106) ~[pircbotx-2.0.1.jar:na]
	at org.pircbotx.InputParser.processServerResponse(InputParser.java:709) ~[pircbotx-2.0.1.jar:na]
	at org.pircbotx.InputParser.handleLine(InputParser.java:323) ~[pircbotx-2.0.1.jar:na]
	at org.pircbotx.PircBotX.startLineProcessing(PircBotX.java:275) [pircbotx-2.0.1.jar:na]
	at org.pircbotx.PircBotX.connect(PircBotX.java:236) [pircbotx-2.0.1.jar:na]
	at org.pircbotx.MultiBotManager$BotRunner.call(MultiBotManager.java:219) [pircbotx-2.0.1.jar:na]
	at org.pircbotx.MultiBotManager$BotRunner.call(MultiBotManager.java:212) [pircbotx-2.0.1.jar:na]
	at java.util.concurrent.FutureTask.run(Unknown Source) [na:1.7.0_45]
	at java.util.concurrent.ThreadPoolExecutor.runWorker(Unknown Source) [na:1.7.0_45]
	at java.util.concurrent.ThreadPoolExecutor$Worker.run(Unknown Source) [na:1.7.0_45]
	at java.lang.Thread.run(Unknown Source) [na:1.7.0_45]
14:43:15.429 [botPool0-bot0] INFO  org.pircbotx.InputParser - :tmi.twitch.tv 375 bennerbot :-
14:43:15.430 [botPool0-bot0] INFO  org.pircbotx.InputParser - :tmi.twitch.tv 372 bennerbot :You are in a maze of twisty passages, all alike.
14:43:15.430 [botPool0-bot0] INFO  org.pircbotx.InputParser - :tmi.twitch.tv 376 bennerbot :>
14:43:15.484 [botPool0-bot0] INFO  org.pircbotx.InputParser - :bennerbot!bennerbot@bennerbot.tmi.twitch.tv JOIN #jdbener
14:43:16.421 [pool-6-thread-1] INFO  org.pircbotx.output.OutputRaw - PRIVMSG #jdbener :Another Message
14:43:17.422 [botPool0-bot0] INFO  org.pircbotx.output.OutputRaw - WHO #jdbener
14:43:18.423 [listenerPool0-thread3] INFO  org.pircbotx.output.OutputRaw - PRIVMSG #jdbener :/color #ff0000
14:43:19.424 [botPool0-bot0] INFO  org.pircbotx.output.OutputRaw - MODE #jdbener
14:43:19.427 [botPool0-bot0] INFO  org.pircbotx.InputParser - :bennerbot.tmi.twitch.tv 353 bennerbot = #jdbener :bennerbot
14:43:19.428 [botPool0-bot0] INFO  org.pircbotx.InputParser - :bennerbot.tmi.twitch.tv 366 bennerbot #jdbener :End of /NAMES list
14:43:19.428 [botPool0-bot0] INFO  org.pircbotx.InputParser - :jtv!jtv@jtv.tmi.twitch.tv PRIVMSG bennerbot :USERCOLOR bennerbot #FF0000
14:43:19.431 [botPool0-bot0] INFO  org.pircbotx.InputParser - :jtv!jtv@jtv.tmi.twitch.tv PRIVMSG bennerbot :HISTORYEND jdbener
14:43:19.432 [botPool0-bot0] INFO  org.pircbotx.InputParser - :tmi.twitch.tv 421 bennerbot WHO :Unknown command
14:43:19.432 [botPool0-bot0] INFO  org.pircbotx.InputParser - :jdbener!jdbener@jdbener.tmi.twitch.tv JOIN #jdbener
14:43:19.433 [botPool0-bot0] INFO  org.pircbotx.InputParser - :biogenx2b!biogenx2b@biogenx2b.tmi.twitch.tv JOIN #jdbener
14:43:19.433 [botPool0-bot0] INFO  org.pircbotx.InputParser - :gorm_!gorm_@gorm_.tmi.twitch.tv JOIN #jdbener
14:43:19.433 [botPool0-bot0] INFO  org.pircbotx.InputParser - :jtv MODE #jdbener +o jdbener
14:43:19.438 [botPool0-bot0] INFO  org.pircbotx.InputParser - :jtv!jtv@jtv.tmi.twitch.tv PRIVMSG bennerbot :USERCOLOR bennerbot #FF0000
14:43:19.439 [botPool0-bot0] INFO  org.pircbotx.InputParser - :jtv!jtv@jtv.tmi.twitch.tv PRIVMSG bennerbot :Your color has been changed
14:43:20.425 [listenerPool0-thread3] INFO  org.pircbotx.output.OutputRaw - TWITCHCLIENT 1
{3=Another Message, 2=Test Message 2, 1=Test Message, 4=#msg}
14:43:24.720 [pool-6-thread-1] INFO  org.pircbotx.output.OutputRaw - PRIVMSG #jdbener :Test Message 2
14:43:24.836 [botPool0-bot0] INFO  org.pircbotx.InputParser - :jtv PRIVMSG bennerbot :USERCOLOR bennerbot #FF0000
{3=Another Message, 2=Test Message 2, 1=Test Message, 4=#msg}
14:43:26.854 [pool-7-thread-1] INFO  org.pircbotx.output.OutputRaw - PRIVMSG #jdbener :Another Message
14:43:27.001 [botPool0-bot0] INFO  org.pircbotx.InputParser - :jtv PRIVMSG bennerbot :USERCOLOR bennerbot #FF0000
{3=Another Message, 2=Test Message 2, 1=Test Message, 4=#msg}
14:43:35.114 [pool-6-thread-1] INFO  org.pircbotx.output.OutputRaw - PRIVMSG #jdbener :Test Message
14:43:35.291 [botPool0-bot0] INFO  org.pircbotx.InputParser - :jtv PRIVMSG bennerbot :USERCOLOR bennerbot #FF0000
{3=Another Message, 2=Test Message 2, 1=Test Message, 4=#msg}
14:43:36.833 [pool-7-thread-1] INFO  org.pircbotx.output.OutputRaw - PRIVMSG #jdbener :Test Message 2
14:43:36.942 [botPool0-bot0] INFO  org.pircbotx.InputParser - :jtv PRIVMSG bennerbot :USERCOLOR bennerbot #FF0000
{3=Another Message, 2=Test Message 2, 1=Test Message, 5=a new cmd, 4=#msg}
14:43:44.934 [pool-6-thread-1] INFO  org.pircbotx.output.OutputRaw - PRIVMSG #jdbener :a new cmd
14:43:45.114 [botPool0-bot0] INFO  org.pircbotx.InputParser - :jtv PRIVMSG bennerbot :USERCOLOR bennerbot #FF0000
{3=Another Message, 2=Test Message 2, 1=Test Message, 5=a new cmd, 4=#msg}
14:43:47.094 [pool-7-thread-1] INFO  org.pircbotx.output.OutputRaw - PRIVMSG #jdbener :Test Message
14:43:47.243 [botPool0-bot0] INFO  org.pircbotx.InputParser - :jtv PRIVMSG bennerbot :USERCOLOR bennerbot #FF0000
{3=Another Message, 2=Test Message 2, 1=Test Message, 5=a new cmd, 4=#msg}
14:43:54.728 [pool-6-thread-1] INFO  org.pircbotx.output.OutputRaw - PRIVMSG #jdbener :#msg
14:43:55.061 [botPool0-bot0] INFO  org.pircbotx.InputParser - :jtv PRIVMSG bennerbot :USERCOLOR bennerbot #FF0000
{3=Another Message, 2=Test Message 2, 1=Test Message, 5=a new cmd, 4=#msg}
14:43:58.000 [pool-7-thread-1] INFO  org.pircbotx.output.OutputRaw - PRIVMSG #jdbener :a new cmd
14:43:58.520 [botPool0-bot0] INFO  org.pircbotx.InputParser - :jtv PRIVMSG bennerbot :USERCOLOR bennerbot #FF0000
{3=Another Message, 2=Test Message 2, 1=Test Message, 5=a new cmd, 4=#msg}
14:44:04.722 [pool-6-thread-1] INFO  org.pircbotx.output.OutputRaw - PRIVMSG #jdbener :Another Message
14:44:06.985 [botPool0-bot0] INFO  org.pircbotx.InputParser - :jtv PRIVMSG bennerbot :USERCOLOR bennerbot #FF0000
{3=Another Message, 2=Test Message 2, 1=Test Message, 5=a new cmd, 4=#msg}
14:44:08.659 [pool-7-thread-1] INFO  org.pircbotx.output.OutputRaw - PRIVMSG #jdbener :#msg
14:44:09.480 [botPool0-bot0] INFO  org.pircbotx.InputParser - :jtv PRIVMSG bennerbot :USERCOLOR bennerbot #FF0000
{3=Another Message, 2=Test Message 2, 1=Test Message, 5=a new cmd, 4=#msg}
14:44:15.124 [pool-6-thread-1] INFO  org.pircbotx.output.OutputRaw - PRIVMSG #jdbener :Test Message 2
14:44:15.263 [botPool0-bot0] INFO  org.pircbotx.InputParser - :jtv PRIVMSG bennerbot :USERCOLOR bennerbot #FF0000
{3=Another Message, 2=Test Message 2, 1=Test Message, 5=a new cmd, 4=#msg}
14:44:16.845 [pool-7-thread-1] INFO  org.pircbotx.output.OutputRaw - PRIVMSG #jdbener :Another Message
14:44:16.979 [botPool0-bot0] INFO  org.pircbotx.InputParser - :jtv PRIVMSG bennerbot :USERCOLOR bennerbot #FF0000
14:44:17.384 [botPool0-bot0] INFO  org.pircbotx.InputParser - :jtv MODE #jdbener +o bennerbot
{3=Another Message, 2=Test Message 2, 1=Test Message, 5=a new cmd, 4=#msg}
14:44:25.230 [pool-6-thread-1] INFO  org.pircbotx.output.OutputRaw - PRIVMSG #jdbener :Test Message
14:44:25.384 [botPool0-bot0] INFO  org.pircbotx.InputParser - :jtv PRIVMSG bennerbot :USERCOLOR bennerbot #FF0000
{3=Another Message, 2=Test Message 2, 1=Test Message, 5=a new cmd, 4=#msg}
14:44:27.526 [pool-7-thread-1] INFO  org.pircbotx.output.OutputRaw - PRIVMSG #jdbener :Test Message 2
14:44:27.639 [botPool0-bot0] INFO  org.pircbotx.InputParser - :jtv PRIVMSG bennerbot :USERCOLOR bennerbot #FF0000
14:44:31.953 [bot1-shutdownhook] INFO  org.pircbotx.output.OutputRaw - QUIT :
14:44:31.961 [bot1-shutdownhook] WARN  org.pircbotx.Channel - Channel #jdbener mode '' is stale
14:44:31.980 [bot1-shutdownhook] WARN  org.pircbotx.Channel - Channel #jdbener mode '' is stale
14:44:31.985 [bot1-shutdownhook] INFO  org.pircbotx.dcc.DccHandler - Terminating all transfers waiting to be accepted
14:44:31.985 [botPool0-bot0] INFO  org.pircbotx.PircBotX - Shutdown has been called, closing InputParser
14:44:31.986 [bot1-shutdownhook] DEBUG org.pircbotx.PircBotX - Disconnected.
14:44:31.987 [botPool0-bot0] DEBUG o.p.MultiBotManager$BotFutureCallback - Bot #0 finished
