14:10:25.543 [main] WARN  me.jdbener.Bennerbot - Waiting for GUI to load
14:10:43.991 [main] INFO  me.jdbener.Bennerbot - GUI loaded... Continuing with launch sequence
14:10:50.490 [main] INFO  me.jdbener.Bennerbot - Begining plugin loading
14:10:50.589 [main] INFO  me.jdbener.Bennerbot - Finished looking for plugins in: plugins
14:10:50.591 [main] INFO  me.jdbener.Bennerbot - Finished looking for plugins in: plugins/BasicCommands
14:10:50.592 [main] INFO  me.jdbener.Bennerbot - Finished looking for plugins in: plugins/dissabled
14:10:50.594 [main] INFO  me.jdbener.Bennerbot - Beggining pluging loading sequence
14:10:50.595 [main] INFO  me.jdbener.Bennerbot - Finished pluging loading sequence
14:10:50.595 [main] INFO  me.jdbener.Bennerbot - Proceading with BennerBot initiation sequence
14:10:50.647 [main] DEBUG org.pircbotx.MultiBotManager - Not started yet, add to queue
14:10:50.654 [botPool0-bot0] DEBUG org.pircbotx.PircBotX - Trying address irc.twitch.tv/199.9.250.239
14:10:50.690 [botPool0-bot0] INFO  org.pircbotx.PircBotX - Connected to server.
14:10:50.697 [botPool0-bot0] INFO  org.pircbotx.output.OutputRaw - PASS oauth:hrr2wpqq0knt6sb0spzd3d1mugpdezf
14:10:50.697 [botPool0-bot0] INFO  org.pircbotx.output.OutputRaw - NICK bennerbot
14:10:50.697 [botPool0-bot0] INFO  org.pircbotx.output.OutputRaw - USER BennerBot 8 * :PircBotX 2.0.1, a fork of PircBot, the Java IRC bot - pircbotx.googlecode.com
14:10:50.758 [botPool0-bot0] INFO  org.pircbotx.InputParser - :tmi.twitch.tv 001 bennerbot :Welcome, GLHF!
14:10:50.767 [botPool0-bot0] DEBUG org.pircbotx.InputParser - Logged onto server.
14:10:51.699 [botPool0-bot0] INFO  org.pircbotx.output.OutputRaw - JOIN #jdbener 
14:10:51.700 [botPool0-bot0] INFO  org.pircbotx.InputParser - :tmi.twitch.tv 002 bennerbot :Your host is tmi.twitch.tv
14:10:51.700 [botPool0-bot0] INFO  org.pircbotx.InputParser - :tmi.twitch.tv 003 bennerbot :This server is rather new
14:10:51.701 [botPool0-bot0] INFO  org.pircbotx.InputParser - :tmi.twitch.tv 004 bennerbot :-
14:10:51.709 [botPool0-bot0] ERROR org.pircbotx.PircBotX - Exception encountered when parsing line
java.lang.IndexOutOfBoundsException: Index: 1, Size: 1
	at java.util.ArrayList.rangeCheck(Unknown Source) ~[na:1.7.0_45]
	at java.util.ArrayList.get(Unknown Source) ~[na:1.7.0_45]
	at org.pircbotx.ServerInfo.parse004(ServerInfo.java:113) ~[pircbotx-2.0.1.jar:na]
	at org.pircbotx.ServerInfo.parse(ServerInfo.java:106) ~[pircbotx-2.0.1.jar:na]
	at org.pircbotx.InputParser.processServerResponse(InputParser.java:709) ~[pircbotx-2.0.1.jar:na]
	at org.pircbotx.InputParser.handleLine(InputParser.java:323) ~[pircbotx-2.0.1.jar:na]
	at org.pircbotx.PircBotX.startLineProcessing(PircBotX.java:275) [pircbotx-2.0.1.jar:na]
	at org.pircbotx.PircBotX.connect(PircBotX.java:236) [pircbotx-2.0.1.jar:na]
	at org.pircbotx.MultiBotManager$BotRunner.call(MultiBotManager.java:219) [pircbotx-2.0.1.jar:na]
	at org.pircbotx.MultiBotManager$BotRunner.call(MultiBotManager.java:212) [pircbotx-2.0.1.jar:na]
	at java.util.concurrent.FutureTask.run(Unknown Source) [na:1.7.0_45]
	at java.util.concurrent.ThreadPoolExecutor.runWorker(Unknown Source) [na:1.7.0_45]
	at java.util.concurrent.ThreadPoolExecutor$Worker.run(Unknown Source) [na:1.7.0_45]
	at java.lang.Thread.run(Unknown Source) [na:1.7.0_45]
14:10:51.709 [botPool0-bot0] INFO  org.pircbotx.InputParser - :tmi.twitch.tv 375 bennerbot :-
14:10:51.710 [botPool0-bot0] INFO  org.pircbotx.InputParser - :tmi.twitch.tv 372 bennerbot :You are in a maze of twisty passages, all alike.
14:10:51.710 [botPool0-bot0] INFO  org.pircbotx.InputParser - :tmi.twitch.tv 376 bennerbot :>
14:10:51.809 [botPool0-bot0] INFO  org.pircbotx.InputParser - :bennerbot!bennerbot@bennerbot.tmi.twitch.tv JOIN #jdbener
14:10:52.700 [botPool0-bot0] INFO  org.pircbotx.output.OutputRaw - WHO #jdbener
14:10:53.701 [listenerPool0-thread1] INFO  org.pircbotx.output.OutputRaw - PRIVMSG #jdbener :/color #ff0000
14:10:54.702 [listenerPool0-thread1] INFO  org.pircbotx.output.OutputRaw - TWITCHCLIENT 1
14:10:55.702 [botPool0-bot0] INFO  org.pircbotx.output.OutputRaw - MODE #jdbener
14:10:55.707 [botPool0-bot0] INFO  org.pircbotx.InputParser - :bennerbot.tmi.twitch.tv 353 bennerbot = #jdbener :gorm_ adityasinha92 cyrus_31 biogenx2b bennerbot jdbener
14:10:55.707 [botPool0-bot0] INFO  org.pircbotx.InputParser - :bennerbot.tmi.twitch.tv 366 bennerbot #jdbener :End of /NAMES list
14:10:55.708 [botPool0-bot0] INFO  org.pircbotx.InputParser - :jtv MODE #jdbener +o jdbener
14:10:55.714 [botPool0-bot0] INFO  org.pircbotx.InputParser - :jtv MODE #jdbener +o bennerbot
14:10:55.714 [botPool0-bot0] INFO  org.pircbotx.InputParser - :jtv!jtv@jtv.tmi.twitch.tv PRIVMSG bennerbot :USERCOLOR bennerbot #FF0000
14:10:55.715 [botPool0-bot0] INFO  org.pircbotx.InputParser - :jtv!jtv@jtv.tmi.twitch.tv PRIVMSG bennerbot :HISTORYEND jdbener
14:10:55.715 [botPool0-bot0] INFO  org.pircbotx.InputParser - :tmi.twitch.tv 421 bennerbot WHO :Unknown command
14:10:55.715 [botPool0-bot0] INFO  org.pircbotx.InputParser - :jtv!jtv@jtv.tmi.twitch.tv PRIVMSG bennerbot :USERCOLOR bennerbot #FF0000
14:10:55.716 [botPool0-bot0] INFO  org.pircbotx.InputParser - :jtv!jtv@jtv.tmi.twitch.tv PRIVMSG bennerbot :Your color has been changed
14:11:33.728 [bot1-shutdownhook] INFO  org.pircbotx.output.OutputRaw - QUIT :
14:11:33.735 [bot1-shutdownhook] WARN  org.pircbotx.Channel - Channel #jdbener mode '' is stale
14:11:33.758 [bot1-shutdownhook] WARN  org.pircbotx.Channel - Channel #jdbener mode '' is stale
14:11:33.763 [bot1-shutdownhook] INFO  org.pircbotx.dcc.DccHandler - Terminating all transfers waiting to be accepted
14:11:33.763 [botPool0-bot0] INFO  org.pircbotx.PircBotX - Shutdown has been called, closing InputParser
14:11:33.763 [bot1-shutdownhook] DEBUG org.pircbotx.PircBotX - Disconnected.
14:11:33.764 [botPool0-bot0] DEBUG o.p.MultiBotManager$BotFutureCallback - Bot #0 finished
