10:53:01.516 [main] WARN  me.jdbener.Bennerbot - Waiting for GUI to load
10:53:19.266 [main] INFO  me.jdbener.Bennerbot - GUI loaded... Continuing with launch sequence
10:53:24.857 [main] INFO  me.jdbener.Bennerbot - Begining plugin loading
10:53:24.961 [main] INFO  me.jdbener.Bennerbot - Finished looking for plugins in: plugins
10:53:24.962 [main] INFO  me.jdbener.Bennerbot - Finished looking for plugins in: plugins/BasicCommands
10:53:24.963 [main] INFO  me.jdbener.Bennerbot - Finished looking for plugins in: plugins/dissabled
10:53:24.965 [main] INFO  me.jdbener.Bennerbot - Beggining pluging loading sequence
10:53:24.965 [main] INFO  me.jdbener.Bennerbot - Finished pluging loading sequence
10:53:24.965 [main] INFO  me.jdbener.Bennerbot - Proceading with BennerBot initiation sequence
10:53:25.014 [main] DEBUG org.pircbotx.MultiBotManager - Not started yet, add to queue
10:53:25.019 [botPool0-bot0] DEBUG org.pircbotx.PircBotX - Trying address irc.twitch.tv/199.9.253.165
10:53:25.261 [botPool0-bot0] INFO  org.pircbotx.PircBotX - Connected to server.
10:53:25.268 [botPool0-bot0] INFO  org.pircbotx.output.OutputRaw - PASS oauth:hrr2wpqq0knt6sb0spzd3d1mugpdezf
10:53:25.268 [botPool0-bot0] INFO  org.pircbotx.output.OutputRaw - NICK bennerbot
10:53:25.268 [botPool0-bot0] INFO  org.pircbotx.output.OutputRaw - USER BennerBot 8 * :PircBotX 2.0.1, a fork of PircBot, the Java IRC bot - pircbotx.googlecode.com
10:53:25.331 [botPool0-bot0] INFO  org.pircbotx.InputParser - :tmi.twitch.tv 001 bennerbot :Welcome, GLHF!
10:53:25.340 [botPool0-bot0] DEBUG org.pircbotx.InputParser - Logged onto server.
10:53:26.269 [botPool0-bot0] INFO  org.pircbotx.output.OutputRaw - JOIN #jdbener 
10:53:26.270 [botPool0-bot0] INFO  org.pircbotx.InputParser - :tmi.twitch.tv 002 bennerbot :Your host is tmi.twitch.tv
10:53:26.270 [botPool0-bot0] INFO  org.pircbotx.InputParser - :tmi.twitch.tv 003 bennerbot :This server is rather new
10:53:26.271 [botPool0-bot0] INFO  org.pircbotx.InputParser - :tmi.twitch.tv 004 bennerbot :-
10:53:26.278 [botPool0-bot0] ERROR org.pircbotx.PircBotX - Exception encountered when parsing line
java.lang.IndexOutOfBoundsException: Index: 1, Size: 1
	at java.util.ArrayList.rangeCheck(Unknown Source) ~[na:1.7.0_45]
	at java.util.ArrayList.get(Unknown Source) ~[na:1.7.0_45]
	at org.pircbotx.ServerInfo.parse004(ServerInfo.java:113) ~[pircbotx-2.0.1.jar:na]
	at org.pircbotx.ServerInfo.parse(ServerInfo.java:106) ~[pircbotx-2.0.1.jar:na]
	at org.pircbotx.InputParser.processServerResponse(InputParser.java:709) ~[pircbotx-2.0.1.jar:na]
	at org.pircbotx.InputParser.handleLine(InputParser.java:323) ~[pircbotx-2.0.1.jar:na]
	at org.pircbotx.PircBotX.startLineProcessing(PircBotX.java:275) [pircbotx-2.0.1.jar:na]
	at org.pircbotx.PircBotX.connect(PircBotX.java:236) [pircbotx-2.0.1.jar:na]
	at org.pircbotx.MultiBotManager$BotRunner.call(MultiBotManager.java:219) [pircbotx-2.0.1.jar:na]
	at org.pircbotx.MultiBotManager$BotRunner.call(MultiBotManager.java:212) [pircbotx-2.0.1.jar:na]
	at java.util.concurrent.FutureTask.run(Unknown Source) [na:1.7.0_45]
	at java.util.concurrent.ThreadPoolExecutor.runWorker(Unknown Source) [na:1.7.0_45]
	at java.util.concurrent.ThreadPoolExecutor$Worker.run(Unknown Source) [na:1.7.0_45]
	at java.lang.Thread.run(Unknown Source) [na:1.7.0_45]
10:53:26.278 [botPool0-bot0] INFO  org.pircbotx.InputParser - :tmi.twitch.tv 375 bennerbot :-
10:53:26.279 [botPool0-bot0] INFO  org.pircbotx.InputParser - :tmi.twitch.tv 372 bennerbot :You are in a maze of twisty passages, all alike.
10:53:26.280 [botPool0-bot0] INFO  org.pircbotx.InputParser - :tmi.twitch.tv 376 bennerbot :>
10:53:26.368 [botPool0-bot0] INFO  org.pircbotx.InputParser - :bennerbot!bennerbot@bennerbot.tmi.twitch.tv JOIN #jdbener
10:53:27.270 [botPool0-bot0] INFO  org.pircbotx.output.OutputRaw - WHO #jdbener
10:53:28.271 [listenerPool0-thread2] INFO  org.pircbotx.output.OutputRaw - PRIVMSG #jdbener :/color #ff0000
10:53:29.272 [botPool0-bot0] INFO  org.pircbotx.output.OutputRaw - MODE #jdbener
10:53:29.277 [botPool0-bot0] INFO  org.pircbotx.InputParser - :bennerbot.tmi.twitch.tv 353 bennerbot = #jdbener :bennerbot
10:53:29.280 [botPool0-bot0] INFO  org.pircbotx.InputParser - :bennerbot.tmi.twitch.tv 366 bennerbot #jdbener :End of /NAMES list
10:53:29.281 [botPool0-bot0] INFO  org.pircbotx.InputParser - :jtv!jtv@jtv.tmi.twitch.tv PRIVMSG bennerbot :USERCOLOR bennerbot #FF0000
10:53:29.282 [botPool0-bot0] INFO  org.pircbotx.InputParser - :jtv!jtv@jtv.tmi.twitch.tv PRIVMSG bennerbot :HISTORYEND jdbener
10:53:29.283 [botPool0-bot0] INFO  org.pircbotx.InputParser - :tmi.twitch.tv 421 bennerbot WHO :Unknown command
10:53:29.283 [botPool0-bot0] INFO  org.pircbotx.InputParser - :jtv!jtv@jtv.tmi.twitch.tv PRIVMSG bennerbot :USERCOLOR bennerbot #FF0000
10:53:29.284 [botPool0-bot0] INFO  org.pircbotx.InputParser - :jtv!jtv@jtv.tmi.twitch.tv PRIVMSG bennerbot :Your color has been changed
10:53:29.285 [botPool0-bot0] INFO  org.pircbotx.InputParser - :tduva!tduva@tduva.tmi.twitch.tv PRIVMSG #jdbener :RaccAttack
10:53:30.273 [listenerPool0-thread2] INFO  org.pircbotx.output.OutputRaw - TWITCHCLIENT 1
10:53:47.355 [botPool0-bot0] INFO  org.pircbotx.InputParser - :jtv PRIVMSG bennerbot :USERCOLOR jdbener #1E90FF
10:53:47.357 [botPool0-bot0] INFO  org.pircbotx.InputParser - :jdbener!jdbener@jdbener.tmi.twitch.tv PRIVMSG #jdbener :it was saying if the message isent "!title" THEN BURN THEM AT THE STAKE
10:53:58.344 [botPool0-bot0] INFO  org.pircbotx.InputParser - :jtv PRIVMSG bennerbot :USERCOLOR jdbener #1E90FF
10:53:58.347 [botPool0-bot0] INFO  org.pircbotx.InputParser - :jdbener!jdbener@jdbener.tmi.twitch.tv PRIVMSG #jdbener :and thats no bauno
10:54:13.151 [botPool0-bot0] INFO  org.pircbotx.InputParser - :biogenx2b!biogenx2b@biogenx2b.tmi.twitch.tv JOIN #jdbener
10:54:13.151 [botPool0-bot0] INFO  org.pircbotx.InputParser - :tduva!tduva@tduva.tmi.twitch.tv JOIN #jdbener
10:54:13.152 [botPool0-bot0] INFO  org.pircbotx.InputParser - :jdbener!jdbener@jdbener.tmi.twitch.tv JOIN #jdbener
10:54:13.152 [botPool0-bot0] INFO  org.pircbotx.InputParser - :wirelesscharge!wirelesscharge@wirelesscharge.tmi.twitch.tv JOIN #jdbener
10:54:13.152 [botPool0-bot0] INFO  org.pircbotx.InputParser - :jtv MODE #jdbener +o bennerbot
10:54:13.158 [botPool0-bot0] INFO  org.pircbotx.InputParser - :jtv MODE #jdbener +o jdbener
10:54:14.900 [botPool0-bot0] INFO  org.pircbotx.InputParser - :jtv PRIVMSG bennerbot :SPECIALUSER tduva turbo
10:54:14.903 [botPool0-bot0] INFO  org.pircbotx.InputParser - :jtv PRIVMSG bennerbot :USERCOLOR tduva #0000FF
10:54:14.904 [botPool0-bot0] INFO  org.pircbotx.InputParser - :jtv PRIVMSG bennerbot :EMOTESET tduva [33,130,793]
10:54:14.908 [botPool0-bot0] INFO  org.pircbotx.InputParser - :tduva!tduva@tduva.tmi.twitch.tv PRIVMSG #jdbener :yes, thats sounds rather rude
10:55:13.001 [botPool0-bot0] INFO  org.pircbotx.InputParser - :jtv PRIVMSG bennerbot :USERCOLOR jdbener #1E90FF
10:55:13.002 [botPool0-bot0] INFO  org.pircbotx.InputParser - :jdbener!jdbener@jdbener.tmi.twitch.tv PRIVMSG #jdbener :ikr
10:55:57.932 [botPool0-bot0] INFO  org.pircbotx.InputParser - :quantuminsperiti!quantuminsperiti@quantuminsperiti.tmi.twitch.tv PRIVMSG #jdbener :yooo!!
10:56:02.856 [botPool0-bot0] INFO  org.pircbotx.InputParser - :jtv PRIVMSG bennerbot :USERCOLOR jdbener #1E90FF
10:56:02.856 [botPool0-bot0] INFO  org.pircbotx.InputParser - :jdbener!jdbener@jdbener.tmi.twitch.tv PRIVMSG #jdbener :YOOO
10:56:10.084 [botPool0-bot0] INFO  org.pircbotx.InputParser - :quantuminsperiti!quantuminsperiti@quantuminsperiti.tmi.twitch.tv PRIVMSG #jdbener :Im new!
10:56:13.471 [botPool0-bot0] INFO  org.pircbotx.InputParser - :quantuminsperiti!quantuminsperiti@quantuminsperiti.tmi.twitch.tv PRIVMSG #jdbener :How you doing mate
10:56:14.523 [botPool0-bot0] INFO  org.pircbotx.InputParser - :quantuminsperiti!quantuminsperiti@quantuminsperiti.tmi.twitch.tv JOIN #jdbener
10:56:14.523 [botPool0-bot0] INFO  org.pircbotx.InputParser - :boredwitcha!boredwitcha@boredwitcha.tmi.twitch.tv JOIN #jdbener
10:56:15.369 [botPool0-bot0] INFO  org.pircbotx.InputParser - :jtv PRIVMSG bennerbot :USERCOLOR jdbener #1E90FF
10:56:15.370 [botPool0-bot0] INFO  org.pircbotx.InputParser - :jdbener!jdbener@jdbener.tmi.twitch.tv PRIVMSG #jdbener :SO AM I
10:56:19.730 [botPool0-bot0] INFO  org.pircbotx.InputParser - :quantuminsperiti!quantuminsperiti@quantuminsperiti.tmi.twitch.tv PRIVMSG #jdbener :NO WAY
10:56:25.646 [botPool0-bot0] INFO  org.pircbotx.InputParser - :quantuminsperiti!quantuminsperiti@quantuminsperiti.tmi.twitch.tv PRIVMSG #jdbener :HOW NEW ARE YOU?!
10:56:31.133 [botPool0-bot0] INFO  org.pircbotx.InputParser - :jtv PRIVMSG bennerbot :USERCOLOR jdbener #1E90FF
10:56:31.135 [botPool0-bot0] INFO  org.pircbotx.InputParser - :jdbener!jdbener@jdbener.tmi.twitch.tv PRIVMSG #jdbener :i have only been streaming for like a week :D
10:56:37.421 [botPool0-bot0] INFO  org.pircbotx.InputParser - :quantuminsperiti!quantuminsperiti@quantuminsperiti.tmi.twitch.tv PRIVMSG #jdbener :yo
10:56:40.112 [botPool0-bot0] INFO  org.pircbotx.InputParser - :quantuminsperiti!quantuminsperiti@quantuminsperiti.tmi.twitch.tv PRIVMSG #jdbener :*** welcome to you man
10:56:40.427 [botPool0-bot0] INFO  org.pircbotx.InputParser - :jtv PRIVMSG bennerbot :USERCOLOR jdbener #1E90FF
10:56:40.427 [botPool0-bot0] INFO  org.pircbotx.InputParser - :jdbener!jdbener@jdbener.tmi.twitch.tv PRIVMSG #jdbener :yo
10:56:57.005 [botPool0-bot0] INFO  org.pircbotx.InputParser - :jtv PRIVMSG bennerbot :USERCOLOR jdbener #1E90FF
10:56:57.010 [botPool0-bot0] INFO  org.pircbotx.InputParser - :jdbener!jdbener@jdbener.tmi.twitch.tv PRIVMSG #jdbener :oh my chat is cencored/
10:56:57.167 [botPool0-bot0] INFO  org.pircbotx.InputParser - :quantuminsperiti!quantuminsperiti@quantuminsperiti.tmi.twitch.tv PRIVMSG #jdbener :I am a java programmer myself
10:57:02.388 [botPool0-bot0] INFO  org.pircbotx.InputParser - :jtv PRIVMSG bennerbot :USERCOLOR jdbener #1E90FF
10:57:02.390 [botPool0-bot0] INFO  org.pircbotx.InputParser - :jdbener!jdbener@jdbener.tmi.twitch.tv PRIVMSG #jdbener :cool
10:57:11.916 [botPool0-bot0] INFO  org.pircbotx.InputParser - :quantuminsperiti!quantuminsperiti@quantuminsperiti.tmi.twitch.tv PRIVMSG #jdbener :Teach me the ways :D
10:57:41.026 [botPool0-bot0] INFO  org.pircbotx.InputParser - :jtv PRIVMSG bennerbot :USERCOLOR jdbener #1E90FF
10:57:41.029 [botPool0-bot0] INFO  org.pircbotx.InputParser - :jdbener!jdbener@jdbener.tmi.twitch.tv PRIVMSG #jdbener :teach you the ways?
10:57:42.473 [botPool0-bot0] INFO  org.pircbotx.InputParser - :jtv PRIVMSG bennerbot :USERCOLOR jdbener #1E90FF
10:57:42.476 [botPool0-bot0] INFO  org.pircbotx.InputParser - :jdbener!jdbener@jdbener.tmi.twitch.tv PRIVMSG #jdbener :what ways?
10:57:49.764 [botPool0-bot0] INFO  org.pircbotx.InputParser - :jtv PRIVMSG bennerbot :USERCOLOR jdbener #1E90FF
10:57:49.764 [botPool0-bot0] INFO  org.pircbotx.InputParser - :jdbener!jdbener@jdbener.tmi.twitch.tv PRIVMSG #jdbener :what do you want to do?
10:58:01.789 [botPool0-bot0] INFO  org.pircbotx.InputParser - :quantuminsperiti!quantuminsperiti@quantuminsperiti.tmi.twitch.tv PRIVMSG #jdbener :Well for starters
10:58:07.124 [botPool0-bot0] INFO  org.pircbotx.InputParser - :quantuminsperiti!quantuminsperiti@quantuminsperiti.tmi.twitch.tv PRIVMSG #jdbener :I started streaming not too long ago
10:58:12.931 [botPool0-bot0] INFO  org.pircbotx.InputParser - :quantuminsperiti!quantuminsperiti@quantuminsperiti.tmi.twitch.tv PRIVMSG #jdbener :and I didnt know you can create your own bot
10:58:12.997 [botPool0-bot0] INFO  org.pircbotx.InputParser - :jtv PRIVMSG bennerbot :USERCOLOR jdbener #1E90FF
10:58:12.999 [botPool0-bot0] INFO  org.pircbotx.InputParser - :jdbener!jdbener@jdbener.tmi.twitch.tv PRIVMSG #jdbener :i would personaly talk to mister Tduva hes alot better than me
10:58:18.422 [botPool0-bot0] INFO  org.pircbotx.InputParser - PING :tmi.twitch.tv
10:58:18.423 [listenerPool0-thread22] INFO  org.pircbotx.output.OutputRaw - PONG tmi.twitch.tv
10:58:20.328 [botPool0-bot0] INFO  org.pircbotx.InputParser - :jtv PRIVMSG bennerbot :USERCOLOR jdbener #1E90FF
10:58:20.329 [botPool0-bot0] INFO  org.pircbotx.InputParser - :jdbener!jdbener@jdbener.tmi.twitch.tv PRIVMSG #jdbener :but i can try and help :D
10:58:27.164 [botPool0-bot0] INFO  org.pircbotx.InputParser - :boredwitcha!boredwitcha@boredwitcha.tmi.twitch.tv PART #jdbener
10:58:27.167 [botPool0-bot0] WARN  org.pircbotx.Channel - Channel #jdbener mode '' is stale
10:58:27.181 [botPool0-bot0] WARN  org.pircbotx.Channel - Channel #jdbener mode '' is stale
10:58:32.377 [botPool0-bot0] INFO  org.pircbotx.InputParser - :jtv PRIVMSG bennerbot :USERCOLOR jdbener #1E90FF
10:58:32.379 [botPool0-bot0] INFO  org.pircbotx.InputParser - :jdbener!jdbener@jdbener.tmi.twitch.tv PRIVMSG #jdbener :you cant you have to use mine :p
10:58:37.122 [botPool0-bot0] INFO  org.pircbotx.InputParser - :jtv PRIVMSG bennerbot :USERCOLOR jdbener #1E90FF
10:58:37.125 [botPool0-bot0] INFO  org.pircbotx.InputParser - :jdbener!jdbener@jdbener.tmi.twitch.tv PRIVMSG #jdbener :jk
10:58:37.657 [botPool0-bot0] INFO  org.pircbotx.InputParser - :jtv PRIVMSG bennerbot :USERCOLOR jdbener #1E90FF
10:58:37.659 [botPool0-bot0] INFO  org.pircbotx.InputParser - :jdbener!jdbener@jdbener.tmi.twitch.tv PRIVMSG #jdbener :jk
10:58:39.197 [botPool0-bot0] INFO  org.pircbotx.InputParser - :quantuminsperiti!quantuminsperiti@quantuminsperiti.tmi.twitch.tv PRIVMSG #jdbener :Im a beginner programmer
10:58:42.026 [botPool0-bot0] INFO  org.pircbotx.InputParser - :quantuminsperiti!quantuminsperiti@quantuminsperiti.tmi.twitch.tv PRIVMSG #jdbener :But!
10:58:46.452 [botPool0-bot0] INFO  org.pircbotx.InputParser - :quantuminsperiti!quantuminsperiti@quantuminsperiti.tmi.twitch.tv PRIVMSG #jdbener :I am going to college for programming now
10:58:51.433 [botPool0-bot0] INFO  org.pircbotx.InputParser - :quantuminsperiti!quantuminsperiti@quantuminsperiti.tmi.twitch.tv PRIVMSG #jdbener :So Ill get there ^.^
10:58:59.883 [botPool0-bot0] INFO  org.pircbotx.InputParser - :jtv PRIVMSG bennerbot :USERCOLOR jdbener #1E90FF
10:58:59.884 [botPool0-bot0] INFO  org.pircbotx.InputParser - :jdbener!jdbener@jdbener.tmi.twitch.tv PRIVMSG #jdbener :im a begginer programer :p
10:59:09.851 [botPool0-bot0] INFO  org.pircbotx.InputParser - :jtv PRIVMSG bennerbot :USERCOLOR jdbener #1E90FF
10:59:09.853 [botPool0-bot0] INFO  org.pircbotx.InputParser - :jdbener!jdbener@jdbener.tmi.twitch.tv PRIVMSG #jdbener :i only have half a year of java
10:59:27.461 [botPool0-bot0] INFO  org.pircbotx.InputParser - :jtv PRIVMSG bennerbot :USERCOLOR jdbener #1E90FF
10:59:27.462 [botPool0-bot0] INFO  org.pircbotx.InputParser - :jdbener!jdbener@jdbener.tmi.twitch.tv PRIVMSG #jdbener :but im good at bullshiting my way through things and figuring stuff out :D
10:59:44.553 [botPool0-bot0] INFO  org.pircbotx.InputParser - :quantuminsperiti!quantuminsperiti@quantuminsperiti.tmi.twitch.tv PRIVMSG #jdbener :holy shit
10:59:47.565 [botPool0-bot0] INFO  org.pircbotx.InputParser - :quantuminsperiti!quantuminsperiti@quantuminsperiti.tmi.twitch.tv PRIVMSG #jdbener :LETS BE FRIENDS
10:59:57.840 [botPool0-bot0] INFO  org.pircbotx.InputParser - :jtv PRIVMSG bennerbot :USERCOLOR jdbener #1E90FF
10:59:57.843 [botPool0-bot0] INFO  org.pircbotx.InputParser - :jdbener!jdbener@jdbener.tmi.twitch.tv PRIVMSG #jdbener :ILL ADD YOU ON INSTAGRAM
11:00:01.762 [botPool0-bot0] INFO  org.pircbotx.InputParser - :jtv PRIVMSG bennerbot :USERCOLOR jdbener #1E90FF
11:00:01.765 [botPool0-bot0] INFO  org.pircbotx.InputParser - :jdbener!jdbener@jdbener.tmi.twitch.tv PRIVMSG #jdbener ::p
11:00:12.048 [botPool0-bot0] INFO  org.pircbotx.InputParser - :jtv PRIVMSG bennerbot :USERCOLOR jdbener #1E90FF
11:00:12.050 [botPool0-bot0] INFO  org.pircbotx.InputParser - :jdbener!jdbener@jdbener.tmi.twitch.tv PRIVMSG #jdbener :(now if only i had one)
11:00:14.091 [botPool0-bot0] INFO  org.pircbotx.InputParser - :quantuminsperiti!quantuminsperiti@quantuminsperiti.tmi.twitch.tv PRIVMSG #jdbener :Unfortunately I dont use it D:
11:00:18.463 [botPool0-bot0] INFO  org.pircbotx.InputParser - :jtv PRIVMSG bennerbot :USERCOLOR jdbener #1E90FF
11:00:18.465 [botPool0-bot0] INFO  org.pircbotx.InputParser - :jdbener!jdbener@jdbener.tmi.twitch.tv PRIVMSG #jdbener :me neither
11:00:20.073 [botPool0-bot0] INFO  org.pircbotx.InputParser - :quantuminsperiti!quantuminsperiti@quantuminsperiti.tmi.twitch.tv PRIVMSG #jdbener :I hate it honestly
11:00:23.377 [botPool0-bot0] INFO  org.pircbotx.InputParser - :quantuminsperiti!quantuminsperiti@quantuminsperiti.tmi.twitch.tv PRIVMSG #jdbener :LOL
11:00:25.925 [botPool0-bot0] INFO  org.pircbotx.InputParser - :jtv PRIVMSG bennerbot :USERCOLOR jdbener #1E90FF
11:00:25.927 [botPool0-bot0] INFO  org.pircbotx.InputParser - :jdbener!jdbener@jdbener.tmi.twitch.tv PRIVMSG #jdbener :inuternet memes are fun tho
11:00:30.012 [botPool0-bot0] INFO  org.pircbotx.InputParser - :jtv PRIVMSG bennerbot :USERCOLOR jdbener #1E90FF
11:00:30.032 [botPool0-bot0] INFO  org.pircbotx.InputParser - :jdbener!jdbener@jdbener.tmi.twitch.tv PRIVMSG #jdbener :internet*
11:00:37.593 [botPool0-bot0] INFO  org.pircbotx.InputParser - :quantuminsperiti!quantuminsperiti@quantuminsperiti.tmi.twitch.tv PRIVMSG #jdbener :indeed they are
11:00:50.101 [botPool0-bot0] INFO  org.pircbotx.InputParser - :quantuminsperiti!quantuminsperiti@quantuminsperiti.tmi.twitch.tv PRIVMSG #jdbener :man
11:00:54.115 [botPool0-bot0] INFO  org.pircbotx.InputParser - :quantuminsperiti!quantuminsperiti@quantuminsperiti.tmi.twitch.tv PRIVMSG #jdbener :You got yourself a fucking follow
11:00:54.736 [Timer-0] INFO  org.pircbotx.output.OutputRaw - PRIVMSG #jdbener :quantuminsperiti,  have followed on twitch
11:00:54.871 [botPool0-bot0] INFO  org.pircbotx.InputParser - :jtv PRIVMSG bennerbot :USERCOLOR bennerbot #FF0000
11:01:07.690 [botPool0-bot0] INFO  org.pircbotx.InputParser - :jtv PRIVMSG bennerbot :USERCOLOR jdbener #1E90FF
11:01:07.690 [botPool0-bot0] INFO  org.pircbotx.InputParser - :jdbener!jdbener@jdbener.tmi.twitch.tv PRIVMSG #jdbener ::O
11:01:19.001 [botPool0-bot0] INFO  org.pircbotx.InputParser - :jtv PRIVMSG bennerbot :USERCOLOR jdbener #1E90FF
11:01:19.003 [botPool0-bot0] INFO  org.pircbotx.InputParser - :jdbener!jdbener@jdbener.tmi.twitch.tv PRIVMSG #jdbener :oh ya i need to fix that gramar
11:01:44.027 [botPool0-bot0] INFO  org.pircbotx.InputParser - :theallc!theallc@theallc.tmi.twitch.tv JOIN #jdbener
11:02:13.396 [bot1-shutdownhook] INFO  org.pircbotx.output.OutputRaw - QUIT :
11:02:13.398 [bot1-shutdownhook] WARN  org.pircbotx.Channel - Channel #jdbener mode '' is stale
11:02:13.399 [bot1-shutdownhook] WARN  org.pircbotx.Channel - Channel #jdbener mode '' is stale
11:02:13.399 [bot1-shutdownhook] INFO  org.pircbotx.dcc.DccHandler - Terminating all transfers waiting to be accepted
11:02:13.399 [botPool0-bot0] INFO  org.pircbotx.PircBotX - Shutdown has been called, closing InputParser
11:02:13.401 [botPool0-bot0] DEBUG o.p.MultiBotManager$BotFutureCallback - Bot #0 finished
11:02:13.401 [bot1-shutdownhook] DEBUG org.pircbotx.PircBotX - Disconnected.
11:02:13.401 [bot1-shutdownhook] DEBUG o.p.h.m.ThreadedListenerManager - Waiting for listener me.jdbener.utilities.JoinLeaveMessages@7fc815ae to execute event DisconnectEvent(daoSnapshot=org.pircbotx.snapshot.UserChannelDaoSnapshot@2121c8ca, disconnectException=null)
11:02:13.402 [bot1-shutdownhook] DEBUG o.p.h.m.ThreadedListenerManager - Waiting for listener me.jdbener.levels.BennerBitManager@468c6285 to execute event DisconnectEvent(daoSnapshot=org.pircbotx.snapshot.UserChannelDaoSnapshot@2121c8ca, disconnectException=null)
11:02:13.403 [bot1-shutdownhook] DEBUG o.p.h.m.ThreadedListenerManager - Waiting for listener me.jdbener.apis.hitbox.HitboxStatusGameUpdater@70b52a60 to execute event DisconnectEvent(daoSnapshot=org.pircbotx.snapshot.UserChannelDaoSnapshot@2121c8ca, disconnectException=null)
11:02:13.403 [bot1-shutdownhook] DEBUG o.p.h.m.ThreadedListenerManager - Waiting for listener me.jdbener.utilities.CustomCommandHandeler@311b61d0 to execute event DisconnectEvent(daoSnapshot=org.pircbotx.snapshot.UserChannelDaoSnapshot@2121c8ca, disconnectException=null)
11:02:13.403 [bot1-shutdownhook] DEBUG o.p.h.m.ThreadedListenerManager - Waiting for listener me.jdbener.utilities.Countdown@c4fd223 to execute event DisconnectEvent(daoSnapshot=org.pircbotx.snapshot.UserChannelDaoSnapshot@2121c8ca, disconnectException=null)
11:02:13.403 [bot1-shutdownhook] DEBUG o.p.h.m.ThreadedListenerManager - Waiting for listener me.jdbener.utilities.AutoMessageHandeler@aa3c88b to execute event DisconnectEvent(daoSnapshot=org.pircbotx.snapshot.UserChannelDaoSnapshot@2121c8ca, disconnectException=null)
11:02:13.403 [bot1-shutdownhook] DEBUG o.p.h.m.ThreadedListenerManager - Waiting for listener me.jdbener.levels.LevelManager@2a982df2 to execute event DisconnectEvent(daoSnapshot=org.pircbotx.snapshot.UserChannelDaoSnapshot@2121c8ca, disconnectException=null)
11:02:13.403 [bot1-shutdownhook] DEBUG o.p.h.m.ThreadedListenerManager - Waiting for listener me.jdbener.utilities.Infromation@4c4be824 to execute event DisconnectEvent(daoSnapshot=org.pircbotx.snapshot.UserChannelDaoSnapshot@2121c8ca, disconnectException=null)
