23:38:23.889 [main] WARN  me.jdbener.Bennerbot - Waiting for GUI to load
23:38:38.406 [main] INFO  me.jdbener.Bennerbot - GUI loaded... Continuing with launch sequence
23:38:42.664 [main] INFO  me.jdbener.Bennerbot - Begining plugin loading
23:38:42.761 [main] INFO  me.jdbener.Bennerbot - Finished looking for plugins in: plugins
23:38:42.762 [main] INFO  me.jdbener.Bennerbot - Finished looking for plugins in: plugins/BasicCommands
23:38:42.763 [main] INFO  me.jdbener.Bennerbot - Finished looking for plugins in: plugins/dissabled
23:38:42.765 [main] INFO  me.jdbener.Bennerbot - Beggining pluging loading sequence
23:38:42.765 [main] INFO  me.jdbener.Bennerbot - Finished pluging loading sequence
23:38:42.765 [main] INFO  me.jdbener.Bennerbot - Proceading with BennerBot initiation sequence
23:38:42.807 [main] DEBUG org.pircbotx.MultiBotManager - Not started yet, add to queue
23:38:42.840 [botPool0-bot0] DEBUG org.pircbotx.PircBotX - Trying address irc.twitch.tv/199.9.249.253
23:38:42.885 [botPool0-bot0] INFO  org.pircbotx.PircBotX - Connected to server.
23:38:42.891 [botPool0-bot0] INFO  org.pircbotx.output.OutputRaw - PASS oauth:hrr2wpqq0knt6sb0spzd3d1mugpdezf
23:38:42.892 [botPool0-bot0] INFO  org.pircbotx.output.OutputRaw - NICK bennerbot
23:38:42.892 [botPool0-bot0] INFO  org.pircbotx.output.OutputRaw - USER BennerBot 8 * :PircBotX 2.0.1, a fork of PircBot, the Java IRC bot - pircbotx.googlecode.com
23:38:42.988 [botPool0-bot0] INFO  org.pircbotx.InputParser - :tmi.twitch.tv 001 bennerbot :Welcome, GLHF!
23:38:42.997 [botPool0-bot0] DEBUG org.pircbotx.InputParser - Logged onto server.
23:38:43.893 [botPool0-bot0] INFO  org.pircbotx.output.OutputRaw - JOIN #jdbener 
23:38:43.893 [botPool0-bot0] INFO  org.pircbotx.InputParser - :tmi.twitch.tv 002 bennerbot :Your host is tmi.twitch.tv
23:38:43.894 [botPool0-bot0] INFO  org.pircbotx.InputParser - :tmi.twitch.tv 003 bennerbot :This server is rather new
23:38:43.894 [botPool0-bot0] INFO  org.pircbotx.InputParser - :tmi.twitch.tv 004 bennerbot :-
23:38:43.900 [botPool0-bot0] ERROR org.pircbotx.PircBotX - Exception encountered when parsing line
java.lang.IndexOutOfBoundsException: Index: 1, Size: 1
	at java.util.ArrayList.rangeCheck(Unknown Source) ~[na:1.7.0_45]
	at java.util.ArrayList.get(Unknown Source) ~[na:1.7.0_45]
	at org.pircbotx.ServerInfo.parse004(ServerInfo.java:113) ~[pircbotx-2.0.1.jar:na]
	at org.pircbotx.ServerInfo.parse(ServerInfo.java:106) ~[pircbotx-2.0.1.jar:na]
	at org.pircbotx.InputParser.processServerResponse(InputParser.java:709) ~[pircbotx-2.0.1.jar:na]
	at org.pircbotx.InputParser.handleLine(InputParser.java:323) ~[pircbotx-2.0.1.jar:na]
	at org.pircbotx.PircBotX.startLineProcessing(PircBotX.java:275) [pircbotx-2.0.1.jar:na]
	at org.pircbotx.PircBotX.connect(PircBotX.java:236) [pircbotx-2.0.1.jar:na]
	at org.pircbotx.MultiBotManager$BotRunner.call(MultiBotManager.java:219) [pircbotx-2.0.1.jar:na]
	at org.pircbotx.MultiBotManager$BotRunner.call(MultiBotManager.java:212) [pircbotx-2.0.1.jar:na]
	at java.util.concurrent.FutureTask.run(Unknown Source) [na:1.7.0_45]
	at java.util.concurrent.ThreadPoolExecutor.runWorker(Unknown Source) [na:1.7.0_45]
	at java.util.concurrent.ThreadPoolExecutor$Worker.run(Unknown Source) [na:1.7.0_45]
	at java.lang.Thread.run(Unknown Source) [na:1.7.0_45]
23:38:43.900 [botPool0-bot0] INFO  org.pircbotx.InputParser - :tmi.twitch.tv 375 bennerbot :-
23:38:43.901 [botPool0-bot0] INFO  org.pircbotx.InputParser - :tmi.twitch.tv 372 bennerbot :You are in a maze of twisty passages, all alike.
23:38:43.902 [botPool0-bot0] INFO  org.pircbotx.InputParser - :tmi.twitch.tv 376 bennerbot :>
23:38:43.980 [botPool0-bot0] INFO  org.pircbotx.InputParser - :bennerbot!bennerbot@bennerbot.tmi.twitch.tv JOIN #jdbener
23:38:44.894 [listenerPool0-thread2] INFO  org.pircbotx.output.OutputRaw - PRIVMSG #jdbener :/color #ff0000
23:38:45.895 [botPool0-bot0] INFO  org.pircbotx.output.OutputRaw - WHO #jdbener
23:38:46.896 [listenerPool0-thread2] INFO  org.pircbotx.output.OutputRaw - TWITCHCLIENT 1
23:38:47.898 [botPool0-bot0] INFO  org.pircbotx.output.OutputRaw - MODE #jdbener
23:38:47.901 [botPool0-bot0] INFO  org.pircbotx.InputParser - :jtv!jtv@jtv.tmi.twitch.tv PRIVMSG bennerbot :USERCOLOR bennerbot #FF0000
23:38:47.902 [botPool0-bot0] INFO  org.pircbotx.InputParser - :jtv!jtv@jtv.tmi.twitch.tv PRIVMSG bennerbot :HISTORYEND jdbener
23:38:47.902 [botPool0-bot0] INFO  org.pircbotx.InputParser - :bennerbot.tmi.twitch.tv 353 bennerbot = #jdbener :bennerbot
23:38:47.903 [botPool0-bot0] INFO  org.pircbotx.InputParser - :bennerbot.tmi.twitch.tv 366 bennerbot #jdbener :End of /NAMES list
23:38:47.904 [botPool0-bot0] INFO  org.pircbotx.InputParser - :jtv!jtv@jtv.tmi.twitch.tv PRIVMSG bennerbot :USERCOLOR bennerbot #FF0000
23:38:47.904 [botPool0-bot0] INFO  org.pircbotx.InputParser - :jtv!jtv@jtv.tmi.twitch.tv PRIVMSG bennerbot :Your color has been changed
23:38:47.905 [botPool0-bot0] INFO  org.pircbotx.InputParser - :tmi.twitch.tv 421 bennerbot WHO :Unknown command
23:38:54.979 [botPool0-bot0] INFO  org.pircbotx.InputParser - :biogenx2b!biogenx2b@biogenx2b.tmi.twitch.tv JOIN #jdbener
23:38:54.980 [botPool0-bot0] INFO  org.pircbotx.InputParser - :jtv MODE #jdbener +o bennerbot
23:40:31.995 [bot1-shutdownhook] INFO  org.pircbotx.output.OutputRaw - QUIT :
23:40:32.001 [bot1-shutdownhook] WARN  org.pircbotx.Channel - Channel #jdbener mode '' is stale
23:40:32.025 [bot1-shutdownhook] WARN  org.pircbotx.Channel - Channel #jdbener mode '' is stale
23:40:32.031 [bot1-shutdownhook] INFO  org.pircbotx.dcc.DccHandler - Terminating all transfers waiting to be accepted
23:40:32.031 [botPool0-bot0] INFO  org.pircbotx.PircBotX - Shutdown has been called, closing InputParser
23:40:32.032 [botPool0-bot0] DEBUG o.p.MultiBotManager$BotFutureCallback - Bot #0 finished
23:40:32.032 [bot1-shutdownhook] DEBUG org.pircbotx.PircBotX - Disconnected.
23:40:32.033 [bot1-shutdownhook] DEBUG o.p.h.m.ThreadedListenerManager - Waiting for listener me.jdbener.levels.BennerBitManager@2a60a0aa to execute event DisconnectEvent(daoSnapshot=org.pircbotx.snapshot.UserChannelDaoSnapshot@253fd92e, disconnectException=null)
