10:49:44.151 [main] WARN  me.jdbener.Bennerbot - Waiting for GUI to load
10:50:01.501 [main] INFO  me.jdbener.Bennerbot - GUI loaded... Continuing with launch sequence
10:50:07.506 [main] INFO  me.jdbener.Bennerbot - Begining plugin loading
10:50:07.617 [main] INFO  me.jdbener.Bennerbot - Finished looking for plugins in: plugins
10:50:07.618 [main] INFO  me.jdbener.Bennerbot - Finished looking for plugins in: plugins/BasicCommands
10:50:07.619 [main] INFO  me.jdbener.Bennerbot - Finished looking for plugins in: plugins/dissabled
10:50:07.621 [main] INFO  me.jdbener.Bennerbot - Beggining pluging loading sequence
10:50:07.621 [main] INFO  me.jdbener.Bennerbot - Finished pluging loading sequence
10:50:07.621 [main] INFO  me.jdbener.Bennerbot - Proceading with BennerBot initiation sequence
10:50:07.668 [main] DEBUG org.pircbotx.MultiBotManager - Not started yet, add to queue
10:50:07.671 [botPool0-bot0] DEBUG org.pircbotx.PircBotX - Trying address irc.twitch.tv/199.9.253.165
10:50:07.706 [botPool0-bot0] INFO  org.pircbotx.PircBotX - Connected to server.
10:50:07.713 [botPool0-bot0] INFO  org.pircbotx.output.OutputRaw - PASS oauth:hrr2wpqq0knt6sb0spzd3d1mugpdezf
10:50:07.721 [botPool0-bot0] INFO  org.pircbotx.output.OutputRaw - NICK bennerbot
10:50:07.721 [botPool0-bot0] INFO  org.pircbotx.output.OutputRaw - USER BennerBot 8 * :PircBotX 2.0.1, a fork of PircBot, the Java IRC bot - pircbotx.googlecode.com
10:50:07.834 [botPool0-bot0] INFO  org.pircbotx.InputParser - :tmi.twitch.tv 001 bennerbot :Welcome, GLHF!
10:50:07.845 [botPool0-bot0] DEBUG org.pircbotx.InputParser - Logged onto server.
10:50:08.722 [botPool0-bot0] INFO  org.pircbotx.output.OutputRaw - JOIN #jdbener 
10:50:08.722 [botPool0-bot0] INFO  org.pircbotx.InputParser - :tmi.twitch.tv 002 bennerbot :Your host is tmi.twitch.tv
10:50:08.723 [botPool0-bot0] INFO  org.pircbotx.InputParser - :tmi.twitch.tv 003 bennerbot :This server is rather new
10:50:08.723 [botPool0-bot0] INFO  org.pircbotx.InputParser - :tmi.twitch.tv 004 bennerbot :-
10:50:08.728 [botPool0-bot0] ERROR org.pircbotx.PircBotX - Exception encountered when parsing line
java.lang.IndexOutOfBoundsException: Index: 1, Size: 1
	at java.util.ArrayList.rangeCheck(Unknown Source) ~[na:1.7.0_45]
	at java.util.ArrayList.get(Unknown Source) ~[na:1.7.0_45]
	at org.pircbotx.ServerInfo.parse004(ServerInfo.java:113) ~[pircbotx-2.0.1.jar:na]
	at org.pircbotx.ServerInfo.parse(ServerInfo.java:106) ~[pircbotx-2.0.1.jar:na]
	at org.pircbotx.InputParser.processServerResponse(InputParser.java:709) ~[pircbotx-2.0.1.jar:na]
	at org.pircbotx.InputParser.handleLine(InputParser.java:323) ~[pircbotx-2.0.1.jar:na]
	at org.pircbotx.PircBotX.startLineProcessing(PircBotX.java:275) [pircbotx-2.0.1.jar:na]
	at org.pircbotx.PircBotX.connect(PircBotX.java:236) [pircbotx-2.0.1.jar:na]
	at org.pircbotx.MultiBotManager$BotRunner.call(MultiBotManager.java:219) [pircbotx-2.0.1.jar:na]
	at org.pircbotx.MultiBotManager$BotRunner.call(MultiBotManager.java:212) [pircbotx-2.0.1.jar:na]
	at java.util.concurrent.FutureTask.run(Unknown Source) [na:1.7.0_45]
	at java.util.concurrent.ThreadPoolExecutor.runWorker(Unknown Source) [na:1.7.0_45]
	at java.util.concurrent.ThreadPoolExecutor$Worker.run(Unknown Source) [na:1.7.0_45]
	at java.lang.Thread.run(Unknown Source) [na:1.7.0_45]
10:50:08.729 [botPool0-bot0] INFO  org.pircbotx.InputParser - :tmi.twitch.tv 375 bennerbot :-
10:50:08.729 [botPool0-bot0] INFO  org.pircbotx.InputParser - :tmi.twitch.tv 372 bennerbot :You are in a maze of twisty passages, all alike.
10:50:08.729 [botPool0-bot0] INFO  org.pircbotx.InputParser - :tmi.twitch.tv 376 bennerbot :>
10:50:08.990 [botPool0-bot0] INFO  org.pircbotx.InputParser - :bennerbot!bennerbot@bennerbot.tmi.twitch.tv JOIN #jdbener
10:50:09.723 [botPool0-bot0] INFO  org.pircbotx.output.OutputRaw - WHO #jdbener
10:50:10.724 [botPool0-bot0] INFO  org.pircbotx.output.OutputRaw - MODE #jdbener
10:50:10.728 [botPool0-bot0] INFO  org.pircbotx.InputParser - :jtv!jtv@jtv.tmi.twitch.tv PRIVMSG bennerbot :USERCOLOR bennerbot #FF0000
10:50:10.728 [botPool0-bot0] INFO  org.pircbotx.InputParser - :jtv!jtv@jtv.tmi.twitch.tv PRIVMSG bennerbot :HISTORYEND jdbener
10:50:10.730 [botPool0-bot0] INFO  org.pircbotx.InputParser - :bennerbot.tmi.twitch.tv 353 bennerbot = #jdbener :bennerbot
10:50:10.731 [botPool0-bot0] INFO  org.pircbotx.InputParser - :bennerbot.tmi.twitch.tv 366 bennerbot #jdbener :End of /NAMES list
10:50:10.732 [botPool0-bot0] INFO  org.pircbotx.InputParser - :tmi.twitch.tv 421 bennerbot WHO :Unknown command
10:50:11.725 [listenerPool0-thread4] INFO  org.pircbotx.output.OutputRaw - PRIVMSG #jdbener :/color #ff0000
10:50:11.793 [botPool0-bot0] INFO  org.pircbotx.InputParser - :jtv!jtv@jtv.tmi.twitch.tv PRIVMSG bennerbot :USERCOLOR bennerbot #FF0000
10:50:11.794 [botPool0-bot0] INFO  org.pircbotx.InputParser - :jtv!jtv@jtv.tmi.twitch.tv PRIVMSG bennerbot :Your color has been changed
10:50:12.726 [listenerPool0-thread4] INFO  org.pircbotx.output.OutputRaw - TWITCHCLIENT 1
10:50:17.211 [botPool0-bot0] INFO  org.pircbotx.InputParser - :jtv PRIVMSG bennerbot :USERCOLOR jdbener #1E90FF
10:50:17.212 [botPool0-bot0] INFO  org.pircbotx.InputParser - :jdbener!jdbener@jdbener.tmi.twitch.tv PRIVMSG #jdbener :why isent better twitch tv working?
10:50:17.213 [listenerPool0-thread8] INFO  org.pircbotx.output.OutputRaw - PRIVMSG #jdbener :jdbener has just tried to use a command they dont have permision to
10:50:17.328 [botPool0-bot0] INFO  org.pircbotx.InputParser - :jtv PRIVMSG bennerbot :USERCOLOR bennerbot #FF0000
10:50:20.556 [botPool0-bot0] INFO  org.pircbotx.InputParser - :jtv PRIVMSG bennerbot :USERCOLOR jdbener #1E90FF
10:50:20.560 [botPool0-bot0] INFO  org.pircbotx.InputParser - :jdbener!jdbener@jdbener.tmi.twitch.tv PRIVMSG #jdbener :w0t
10:50:20.560 [listenerPool0-thread13] INFO  org.pircbotx.output.OutputRaw - PRIVMSG #jdbener :jdbener has just tried to use a command they dont have permision to
10:50:20.666 [botPool0-bot0] INFO  org.pircbotx.InputParser - :jtv PRIVMSG bennerbot :USERCOLOR bennerbot #FF0000
10:50:22.551 [listenerPool0-thread8] INFO  org.pircbotx.output.OutputRaw - PRIVMSG #jdbener :jdbener you have: 2 warnings left!
10:50:23.036 [botPool0-bot0] INFO  org.pircbotx.InputParser - :jtv PRIVMSG bennerbot :USERCOLOR bennerbot #FF0000
10:50:26.176 [listenerPool0-thread13] INFO  org.pircbotx.output.OutputRaw - PRIVMSG #jdbener :jdbener you have: 1 warnings left!
10:50:26.281 [botPool0-bot0] INFO  org.pircbotx.InputParser - :jtv PRIVMSG bennerbot :USERCOLOR bennerbot #FF0000
10:50:29.859 [botPool0-bot0] INFO  org.pircbotx.InputParser - :jtv PRIVMSG bennerbot :USERCOLOR jdbener #1E90FF
10:50:29.860 [botPool0-bot0] INFO  org.pircbotx.InputParser - :jdbener!jdbener@jdbener.tmi.twitch.tv PRIVMSG #jdbener :BENNERBOT
10:50:29.860 [listenerPool0-thread11] INFO  org.pircbotx.output.OutputRaw - PRIVMSG #jdbener :jdbener has just tried to use a command they dont have permision to
10:50:29.976 [botPool0-bot0] INFO  org.pircbotx.InputParser - :jtv PRIVMSG bennerbot :USERCOLOR bennerbot #FF0000
10:50:35.190 [listenerPool0-thread11] INFO  org.pircbotx.output.OutputRaw - PRIVMSG #jdbener :/timeout jdbener
10:50:35.254 [botPool0-bot0] INFO  org.pircbotx.InputParser - :jtv!jtv@jtv.tmi.twitch.tv PRIVMSG bennerbot :You cannot timeout the broadcaster.
10:50:37.570 [listenerPool0-thread11] INFO  org.pircbotx.output.OutputRaw - PRIVMSG #jdbener :jdbener has been timedout!
10:50:37.686 [botPool0-bot0] INFO  org.pircbotx.InputParser - :jtv PRIVMSG bennerbot :USERCOLOR bennerbot #FF0000
10:50:47.292 [botPool0-bot0] INFO  org.pircbotx.InputParser - :jtv PRIVMSG bennerbot :SPECIALUSER tduva turbo
10:50:47.294 [botPool0-bot0] INFO  org.pircbotx.InputParser - :jtv PRIVMSG bennerbot :USERCOLOR tduva #0000FF
10:50:47.296 [botPool0-bot0] INFO  org.pircbotx.InputParser - :jtv PRIVMSG bennerbot :EMOTESET tduva [33,130,793]
10:50:47.297 [botPool0-bot0] INFO  org.pircbotx.InputParser - :tduva!tduva@tduva.tmi.twitch.tv PRIVMSG #jdbener ::O
10:50:47.298 [listenerPool0-thread15] INFO  org.pircbotx.output.OutputRaw - PRIVMSG #jdbener :tduva has just tried to use a command they dont have permision to
10:50:47.408 [botPool0-bot0] INFO  org.pircbotx.InputParser - :jtv PRIVMSG bennerbot :USERCOLOR bennerbot #FF0000
10:50:52.722 [listenerPool0-thread15] INFO  org.pircbotx.output.OutputRaw - PRIVMSG #jdbener :tduva you have: 2 warnings left!
10:50:52.942 [botPool0-bot0] INFO  org.pircbotx.InputParser - :jtv PRIVMSG bennerbot :USERCOLOR bennerbot #FF0000
10:50:54.819 [bot1-shutdownhook] INFO  org.pircbotx.output.OutputRaw - QUIT :
10:50:54.859 [bot1-shutdownhook] INFO  org.pircbotx.dcc.DccHandler - Terminating all transfers waiting to be accepted
10:50:54.860 [bot1-shutdownhook] DEBUG org.pircbotx.PircBotX - Disconnected.
10:50:54.861 [bot1-shutdownhook] DEBUG o.p.h.m.ThreadedListenerManager - Waiting for listener me.jdbener.levels.LevelManager@6264a280 to execute event MessageEvent(channel=Channel(name=#jdbener, channelId=85fd37a9-b09d-4e41-9dd8-dd14075dc2e3, dao=org.pircbotx.UserChannelDao@7fce9126, bot=Version{PircBotX 2.0.1, a fork of PircBot, the Java IRC bot - pircbotx.googlecode.com} Connected{false} Server{irc.twitch.tv} Port{6667} Password{oauth:hrr2wpqq0knt6sb0spzd3d1mugpdezf}, output=org.pircbotx.Channel$1@529b9757, mode=, topic=, topicTimestamp=0, createTimestamp=0, topicSetter=, moderated=false, noExternalMessages=false, inviteOnly=false, secret=false, channelPrivate=false, topicProtection=false, channelLimit=-1, channelKey=null, modeStale=false, modeLatch=null), user=User(bot=Version{PircBotX 2.0.1, a fork of PircBot, the Java IRC bot - pircbotx.googlecode.com} Connected{false} Server{irc.twitch.tv} Port{6667} Password{oauth:hrr2wpqq0knt6sb0spzd3d1mugpdezf}, dao=org.pircbotx.UserChannelDao@7fce9126, userId=964f3418-89b9-4ccb-9d59-dc0bafaa4f0a, output=org.pircbotx.User$1@64ecfb1f, nick=tduva, realName=, login=, hostmask=, awayMessage=null, ircop=false, server=, hops=0), message=:O)
10:50:54.864 [botPool0-bot0] INFO  org.pircbotx.PircBotX - Shutdown has been called, closing InputParser
10:50:54.866 [botPool0-bot0] DEBUG o.p.MultiBotManager$BotFutureCallback - Bot #0 finished
10:51:00.294 [bot1-shutdownhook] DEBUG o.p.h.m.ThreadedListenerManager - Waiting for listener me.jdbener.Cleaner@7d43342 to execute event MessageEvent(channel=Channel(name=#jdbener, channelId=85fd37a9-b09d-4e41-9dd8-dd14075dc2e3, dao=org.pircbotx.UserChannelDao@7fce9126, bot=Version{PircBotX 2.0.1, a fork of PircBot, the Java IRC bot - pircbotx.googlecode.com} Connected{false} Server{irc.twitch.tv} Port{6667} Password{oauth:hrr2wpqq0knt6sb0spzd3d1mugpdezf}, output=org.pircbotx.Channel$1@529b9757, mode=, topic=, topicTimestamp=0, createTimestamp=0, topicSetter=, moderated=false, noExternalMessages=false, inviteOnly=false, secret=false, channelPrivate=false, topicProtection=false, channelLimit=-1, channelKey=null, modeStale=false, modeLatch=null), user=User(bot=Version{PircBotX 2.0.1, a fork of PircBot, the Java IRC bot - pircbotx.googlecode.com} Connected{false} Server{irc.twitch.tv} Port{6667} Password{oauth:hrr2wpqq0knt6sb0spzd3d1mugpdezf}, dao=org.pircbotx.UserChannelDao@7fce9126, userId=964f3418-89b9-4ccb-9d59-dc0bafaa4f0a, output=org.pircbotx.User$1@64ecfb1f, nick=tduva, realName=, login=, hostmask=, awayMessage=null, ircop=false, server=, hops=0), message=:O)
10:51:00.294 [bot1-shutdownhook] DEBUG o.p.h.m.ThreadedListenerManager - Waiting for listener me.jdbener.apis.twitch.TwitchStatusGameUpdater@7055f0be to execute event MessageEvent(channel=Channel(name=#jdbener, channelId=85fd37a9-b09d-4e41-9dd8-dd14075dc2e3, dao=org.pircbotx.UserChannelDao@7fce9126, bot=Version{PircBotX 2.0.1, a fork of PircBot, the Java IRC bot - pircbotx.googlecode.com} Connected{false} Server{irc.twitch.tv} Port{6667} Password{oauth:hrr2wpqq0knt6sb0spzd3d1mugpdezf}, output=org.pircbotx.Channel$1@529b9757, mode=, topic=, topicTimestamp=0, createTimestamp=0, topicSetter=, moderated=false, noExternalMessages=false, inviteOnly=false, secret=false, channelPrivate=false, topicProtection=false, channelLimit=-1, channelKey=null, modeStale=false, modeLatch=null), user=User(bot=Version{PircBotX 2.0.1, a fork of PircBot, the Java IRC bot - pircbotx.googlecode.com} Connected{false} Server{irc.twitch.tv} Port{6667} Password{oauth:hrr2wpqq0knt6sb0spzd3d1mugpdezf}, dao=org.pircbotx.UserChannelDao@7fce9126, userId=964f3418-89b9-4ccb-9d59-dc0bafaa4f0a, output=org.pircbotx.User$1@64ecfb1f, nick=tduva, realName=, login=, hostmask=, awayMessage=null, ircop=false, server=, hops=0), message=:O)
10:51:00.295 [bot1-shutdownhook] DEBUG o.p.h.m.ThreadedListenerManager - Waiting for listener me.jdbener.utilities.AutoMessageHandeler@2a9b5828 to execute event DisconnectEvent(daoSnapshot=org.pircbotx.snapshot.UserChannelDaoSnapshot@164a38ae, disconnectException=null)
10:51:00.295 [bot1-shutdownhook] DEBUG o.p.h.m.ThreadedListenerManager - Waiting for listener me.jdbener.utilities.Countdown@2aa9233d to execute event DisconnectEvent(daoSnapshot=org.pircbotx.snapshot.UserChannelDaoSnapshot@164a38ae, disconnectException=null)
10:51:00.295 [bot1-shutdownhook] DEBUG o.p.h.m.ThreadedListenerManager - Waiting for listener me.jdbener.levels.LevelManager@6264a280 to execute event DisconnectEvent(daoSnapshot=org.pircbotx.snapshot.UserChannelDaoSnapshot@164a38ae, disconnectException=null)
10:51:00.295 [bot1-shutdownhook] DEBUG o.p.h.m.ThreadedListenerManager - Waiting for listener me.jdbener.Cleaner@7d43342 to execute event DisconnectEvent(daoSnapshot=org.pircbotx.snapshot.UserChannelDaoSnapshot@164a38ae, disconnectException=null)
10:51:00.295 [bot1-shutdownhook] DEBUG o.p.h.m.ThreadedListenerManager - Waiting for listener me.jdbener.utilities.CustomCommandHandeler@13609ac1 to execute event DisconnectEvent(daoSnapshot=org.pircbotx.snapshot.UserChannelDaoSnapshot@164a38ae, disconnectException=null)
10:51:00.295 [bot1-shutdownhook] DEBUG o.p.h.m.ThreadedListenerManager - Waiting for listener me.jdbener.levels.BennerBitManager@5ea9ded5 to execute event DisconnectEvent(daoSnapshot=org.pircbotx.snapshot.UserChannelDaoSnapshot@164a38ae, disconnectException=null)
10:51:00.295 [bot1-shutdownhook] DEBUG o.p.h.m.ThreadedListenerManager - Waiting for listener org.pircbotx.hooks.CoreHooks@37359a67 to execute event DisconnectEvent(daoSnapshot=org.pircbotx.snapshot.UserChannelDaoSnapshot@164a38ae, disconnectException=null)
10:51:00.295 [bot1-shutdownhook] DEBUG o.p.h.m.ThreadedListenerManager - Waiting for listener me.jdbener.utilities.Infromation@dc33904 to execute event DisconnectEvent(daoSnapshot=org.pircbotx.snapshot.UserChannelDaoSnapshot@164a38ae, disconnectException=null)
