23:49:07.013 [main] WARN  me.jdbener.Bennerbot - Waiting for GUI to load
23:49:20.223 [main] INFO  me.jdbener.Bennerbot - GUI loaded... Continuing with launch sequence
23:49:24.297 [main] INFO  me.jdbener.Bennerbot - Begining plugin loading
23:49:24.377 [main] INFO  me.jdbener.Bennerbot - Finished looking for plugins in: plugins
23:49:24.378 [main] INFO  me.jdbener.Bennerbot - Finished looking for plugins in: plugins/BasicCommands
23:49:24.379 [main] INFO  me.jdbener.Bennerbot - Finished looking for plugins in: plugins/dissabled
23:49:24.381 [main] INFO  me.jdbener.Bennerbot - Beggining pluging loading sequence
23:49:24.381 [main] INFO  me.jdbener.Bennerbot - Finished pluging loading sequence
23:49:24.381 [main] INFO  me.jdbener.Bennerbot - Proceading with BennerBot initiation sequence
23:49:24.422 [main] DEBUG org.pircbotx.MultiBotManager - Not started yet, add to queue
23:49:24.425 [botPool0-bot0] DEBUG org.pircbotx.PircBotX - Trying address irc.twitch.tv/199.9.249.253
23:49:24.452 [botPool0-bot0] INFO  org.pircbotx.PircBotX - Connected to server.
23:49:24.458 [botPool0-bot0] INFO  org.pircbotx.output.OutputRaw - PASS oauth:hrr2wpqq0knt6sb0spzd3d1mugpdezf
23:49:24.458 [botPool0-bot0] INFO  org.pircbotx.output.OutputRaw - NICK bennerbot
23:49:24.458 [botPool0-bot0] INFO  org.pircbotx.output.OutputRaw - USER BennerBot 8 * :PircBotX 2.0.1, a fork of PircBot, the Java IRC bot - pircbotx.googlecode.com
23:49:24.519 [botPool0-bot0] INFO  org.pircbotx.InputParser - :tmi.twitch.tv 001 bennerbot :Welcome, GLHF!
23:49:24.528 [botPool0-bot0] DEBUG org.pircbotx.InputParser - Logged onto server.
23:49:25.459 [botPool0-bot0] INFO  org.pircbotx.output.OutputRaw - JOIN #mindy29 
23:49:25.459 [botPool0-bot0] INFO  org.pircbotx.InputParser - :tmi.twitch.tv 002 bennerbot :Your host is tmi.twitch.tv
23:49:25.460 [botPool0-bot0] INFO  org.pircbotx.InputParser - :tmi.twitch.tv 003 bennerbot :This server is rather new
23:49:25.460 [botPool0-bot0] INFO  org.pircbotx.InputParser - :tmi.twitch.tv 004 bennerbot :-
23:49:25.465 [botPool0-bot0] ERROR org.pircbotx.PircBotX - Exception encountered when parsing line
java.lang.IndexOutOfBoundsException: Index: 1, Size: 1
	at java.util.ArrayList.rangeCheck(Unknown Source) ~[na:1.7.0_45]
	at java.util.ArrayList.get(Unknown Source) ~[na:1.7.0_45]
	at org.pircbotx.ServerInfo.parse004(ServerInfo.java:113) ~[pircbotx-2.0.1.jar:na]
	at org.pircbotx.ServerInfo.parse(ServerInfo.java:106) ~[pircbotx-2.0.1.jar:na]
	at org.pircbotx.InputParser.processServerResponse(InputParser.java:709) ~[pircbotx-2.0.1.jar:na]
	at org.pircbotx.InputParser.handleLine(InputParser.java:323) ~[pircbotx-2.0.1.jar:na]
	at org.pircbotx.PircBotX.startLineProcessing(PircBotX.java:275) [pircbotx-2.0.1.jar:na]
	at org.pircbotx.PircBotX.connect(PircBotX.java:236) [pircbotx-2.0.1.jar:na]
	at org.pircbotx.MultiBotManager$BotRunner.call(MultiBotManager.java:219) [pircbotx-2.0.1.jar:na]
	at org.pircbotx.MultiBotManager$BotRunner.call(MultiBotManager.java:212) [pircbotx-2.0.1.jar:na]
	at java.util.concurrent.FutureTask.run(Unknown Source) [na:1.7.0_45]
	at java.util.concurrent.ThreadPoolExecutor.runWorker(Unknown Source) [na:1.7.0_45]
	at java.util.concurrent.ThreadPoolExecutor$Worker.run(Unknown Source) [na:1.7.0_45]
	at java.lang.Thread.run(Unknown Source) [na:1.7.0_45]
23:49:25.465 [botPool0-bot0] INFO  org.pircbotx.InputParser - :tmi.twitch.tv 375 bennerbot :-
23:49:25.466 [botPool0-bot0] INFO  org.pircbotx.InputParser - :tmi.twitch.tv 372 bennerbot :You are in a maze of twisty passages, all alike.
23:49:25.466 [botPool0-bot0] INFO  org.pircbotx.InputParser - :tmi.twitch.tv 376 bennerbot :>
23:49:25.519 [botPool0-bot0] INFO  org.pircbotx.InputParser - :bennerbot!bennerbot@bennerbot.tmi.twitch.tv JOIN #mindy29
23:49:26.460 [listenerPool0-thread1] INFO  org.pircbotx.output.OutputRaw - PRIVMSG #mindy29 :/color #ff0000
23:49:27.461 [listenerPool0-thread1] INFO  org.pircbotx.output.OutputRaw - TWITCHCLIENT 1
23:49:28.462 [botPool0-bot0] INFO  org.pircbotx.output.OutputRaw - WHO #mindy29
23:49:29.463 [botPool0-bot0] INFO  org.pircbotx.output.OutputRaw - MODE #mindy29
23:49:29.466 [botPool0-bot0] INFO  org.pircbotx.InputParser - :bennerbot.tmi.twitch.tv 353 bennerbot = #mindy29 :bennerbot
23:49:29.466 [botPool0-bot0] INFO  org.pircbotx.InputParser - :bennerbot.tmi.twitch.tv 366 bennerbot #mindy29 :End of /NAMES list
23:49:29.467 [botPool0-bot0] INFO  org.pircbotx.InputParser - :jtv!jtv@jtv.tmi.twitch.tv PRIVMSG bennerbot :USERCOLOR bennerbot #FF0000
23:49:29.467 [botPool0-bot0] INFO  org.pircbotx.InputParser - :jtv!jtv@jtv.tmi.twitch.tv PRIVMSG bennerbot :HISTORYEND mindy29
23:49:29.468 [botPool0-bot0] INFO  org.pircbotx.InputParser - :jtv!jtv@jtv.tmi.twitch.tv PRIVMSG bennerbot :USERCOLOR bennerbot #FF0000
23:49:29.469 [botPool0-bot0] INFO  org.pircbotx.InputParser - :jtv!jtv@jtv.tmi.twitch.tv PRIVMSG bennerbot :Your color has been changed
23:49:29.470 [botPool0-bot0] INFO  org.pircbotx.InputParser - :tmi.twitch.tv 421 bennerbot WHO :Unknown command
23:50:01.447 [botPool0-bot0] INFO  org.pircbotx.InputParser - :mindy29!mindy29@mindy29.tmi.twitch.tv JOIN #mindy29
23:50:01.448 [botPool0-bot0] INFO  org.pircbotx.InputParser - :maknaemira!maknaemira@maknaemira.tmi.twitch.tv JOIN #mindy29
23:50:01.448 [botPool0-bot0] INFO  org.pircbotx.InputParser - :lunareia!lunareia@lunareia.tmi.twitch.tv JOIN #mindy29
23:50:01.448 [botPool0-bot0] INFO  org.pircbotx.InputParser - :gregsnazzygamertwitch!gregsnazzygamertwitch@gregsnazzygamertwitch.tmi.twitch.tv JOIN #mindy29
23:50:01.449 [botPool0-bot0] INFO  org.pircbotx.InputParser - :biogenx2b!biogenx2b@biogenx2b.tmi.twitch.tv JOIN #mindy29
23:50:01.449 [botPool0-bot0] INFO  org.pircbotx.InputParser - :jdbener!jdbener@jdbener.tmi.twitch.tv JOIN #mindy29
23:50:01.449 [botPool0-bot0] INFO  org.pircbotx.InputParser - :hikarihoroko!hikarihoroko@hikarihoroko.tmi.twitch.tv JOIN #mindy29
23:50:01.450 [botPool0-bot0] INFO  org.pircbotx.InputParser - :jtv MODE #mindy29 +o hikarihoroko
23:50:01.455 [botPool0-bot0] INFO  org.pircbotx.InputParser - :jtv MODE #mindy29 +o mindy29
23:50:01.456 [botPool0-bot0] INFO  org.pircbotx.InputParser - :jtv MODE #mindy29 +o gregsnazzygamertwitch
