09:31:20.428 [main] WARN  me.jdbener.Bennerbot - Waiting for GUI to load
09:31:35.953 [main] INFO  me.jdbener.Bennerbot - GUI loaded... Continuing with launch sequence
09:31:40.784 [main] INFO  me.jdbener.Bennerbot - Begining plugin loading
09:31:40.880 [main] INFO  me.jdbener.Bennerbot - Finished looking for plugins in: plugins
09:31:40.881 [main] INFO  me.jdbener.Bennerbot - Finished looking for plugins in: plugins/BasicCommands
09:31:40.883 [main] INFO  me.jdbener.Bennerbot - Finished looking for plugins in: plugins/dissabled
09:31:40.884 [main] INFO  me.jdbener.Bennerbot - Beggining pluging loading sequence
09:31:40.884 [main] INFO  me.jdbener.Bennerbot - Finished pluging loading sequence
09:31:40.884 [main] INFO  me.jdbener.Bennerbot - Proceading with BennerBot initiation sequence
09:31:40.929 [main] DEBUG org.pircbotx.MultiBotManager - Not started yet, add to queue
09:31:40.932 [botPool0-bot0] DEBUG org.pircbotx.PircBotX - Trying address irc.twitch.tv/199.9.252.28
09:31:40.976 [botPool0-bot0] INFO  org.pircbotx.PircBotX - Connected to server.
09:31:40.983 [botPool0-bot0] INFO  org.pircbotx.output.OutputRaw - PASS oauth:hrr2wpqq0knt6sb0spzd3d1mugpdezf
09:31:40.983 [botPool0-bot0] INFO  org.pircbotx.output.OutputRaw - NICK bennerbot
09:31:40.983 [botPool0-bot0] INFO  org.pircbotx.output.OutputRaw - USER BennerBot 8 * :PircBotX 2.0.1, a fork of PircBot, the Java IRC bot - pircbotx.googlecode.com
09:31:41.048 [botPool0-bot0] INFO  org.pircbotx.InputParser - :tmi.twitch.tv 001 bennerbot :Welcome, GLHF!
09:31:41.059 [botPool0-bot0] DEBUG org.pircbotx.InputParser - Logged onto server.
09:31:41.984 [botPool0-bot0] INFO  org.pircbotx.output.OutputRaw - JOIN #jdbener 
09:31:41.985 [botPool0-bot0] INFO  org.pircbotx.InputParser - :tmi.twitch.tv 002 bennerbot :Your host is tmi.twitch.tv
09:31:41.985 [botPool0-bot0] INFO  org.pircbotx.InputParser - :tmi.twitch.tv 003 bennerbot :This server is rather new
09:31:41.985 [botPool0-bot0] INFO  org.pircbotx.InputParser - :tmi.twitch.tv 004 bennerbot :-
09:31:41.993 [botPool0-bot0] ERROR org.pircbotx.PircBotX - Exception encountered when parsing line
java.lang.IndexOutOfBoundsException: Index: 1, Size: 1
	at java.util.ArrayList.rangeCheck(Unknown Source) ~[na:1.7.0_45]
	at java.util.ArrayList.get(Unknown Source) ~[na:1.7.0_45]
	at org.pircbotx.ServerInfo.parse004(ServerInfo.java:113) ~[pircbotx-2.0.1.jar:na]
	at org.pircbotx.ServerInfo.parse(ServerInfo.java:106) ~[pircbotx-2.0.1.jar:na]
	at org.pircbotx.InputParser.processServerResponse(InputParser.java:709) ~[pircbotx-2.0.1.jar:na]
	at org.pircbotx.InputParser.handleLine(InputParser.java:323) ~[pircbotx-2.0.1.jar:na]
	at org.pircbotx.PircBotX.startLineProcessing(PircBotX.java:275) [pircbotx-2.0.1.jar:na]
	at org.pircbotx.PircBotX.connect(PircBotX.java:236) [pircbotx-2.0.1.jar:na]
	at org.pircbotx.MultiBotManager$BotRunner.call(MultiBotManager.java:219) [pircbotx-2.0.1.jar:na]
	at org.pircbotx.MultiBotManager$BotRunner.call(MultiBotManager.java:212) [pircbotx-2.0.1.jar:na]
	at java.util.concurrent.FutureTask.run(Unknown Source) [na:1.7.0_45]
	at java.util.concurrent.ThreadPoolExecutor.runWorker(Unknown Source) [na:1.7.0_45]
	at java.util.concurrent.ThreadPoolExecutor$Worker.run(Unknown Source) [na:1.7.0_45]
	at java.lang.Thread.run(Unknown Source) [na:1.7.0_45]
09:31:41.993 [botPool0-bot0] INFO  org.pircbotx.InputParser - :tmi.twitch.tv 375 bennerbot :-
09:31:41.993 [botPool0-bot0] INFO  org.pircbotx.InputParser - :tmi.twitch.tv 372 bennerbot :You are in a maze of twisty passages, all alike.
09:31:41.994 [botPool0-bot0] INFO  org.pircbotx.InputParser - :tmi.twitch.tv 376 bennerbot :>
09:31:42.036 [botPool0-bot0] INFO  org.pircbotx.InputParser - :bennerbot!bennerbot@bennerbot.tmi.twitch.tv JOIN #jdbener
09:31:42.985 [botPool0-bot0] INFO  org.pircbotx.output.OutputRaw - WHO #jdbener
09:31:43.986 [botPool0-bot0] INFO  org.pircbotx.output.OutputRaw - MODE #jdbener
09:31:43.990 [botPool0-bot0] INFO  org.pircbotx.InputParser - :jtv!jtv@jtv.tmi.twitch.tv PRIVMSG bennerbot :USERCOLOR bennerbot #FF0000
09:31:43.991 [botPool0-bot0] INFO  org.pircbotx.InputParser - :bennerbot.tmi.twitch.tv 353 bennerbot = #jdbener :bennerbot
09:31:43.991 [botPool0-bot0] INFO  org.pircbotx.InputParser - :bennerbot.tmi.twitch.tv 366 bennerbot #jdbener :End of /NAMES list
09:31:43.992 [botPool0-bot0] INFO  org.pircbotx.InputParser - :jtv!jtv@jtv.tmi.twitch.tv PRIVMSG bennerbot :HISTORYEND jdbener
09:31:43.992 [botPool0-bot0] INFO  org.pircbotx.InputParser - :tmi.twitch.tv 421 bennerbot WHO :Unknown command
09:31:44.987 [listenerPool0-thread3] INFO  org.pircbotx.output.OutputRaw - PRIVMSG #jdbener :/color #ff0000
09:31:45.041 [botPool0-bot0] INFO  org.pircbotx.InputParser - :jtv!jtv@jtv.tmi.twitch.tv PRIVMSG bennerbot :USERCOLOR bennerbot #FF0000
09:31:45.041 [botPool0-bot0] INFO  org.pircbotx.InputParser - :jtv!jtv@jtv.tmi.twitch.tv PRIVMSG bennerbot :Your color has been changed
09:31:45.988 [listenerPool0-thread3] INFO  org.pircbotx.output.OutputRaw - TWITCHCLIENT 1
09:31:46.685 [botPool0-bot0] INFO  org.pircbotx.InputParser - :biogenx2b!biogenx2b@biogenx2b.tmi.twitch.tv JOIN #jdbener
09:31:46.686 [botPool0-bot0] INFO  org.pircbotx.InputParser - :jtv MODE #jdbener +o bennerbot
09:35:44.063 [botPool0-bot0] INFO  org.pircbotx.InputParser - PING :tmi.twitch.tv
09:35:44.065 [listenerPool0-thread17] INFO  org.pircbotx.output.OutputRaw - PONG tmi.twitch.tv
09:40:10.716 [botPool0-bot0] INFO  org.pircbotx.InputParser - PING :tmi.twitch.tv
09:40:10.718 [listenerPool0-thread18] INFO  org.pircbotx.output.OutputRaw - PONG tmi.twitch.tv
09:44:32.830 [botPool0-bot0] INFO  org.pircbotx.InputParser - PING :tmi.twitch.tv
09:44:32.832 [listenerPool0-thread26] INFO  org.pircbotx.output.OutputRaw - PONG tmi.twitch.tv
09:45:20.900 [botPool0-bot0] INFO  org.pircbotx.InputParser - :tduva!tduva@tduva.tmi.twitch.tv JOIN #jdbener
09:48:33.714 [botPool0-bot0] INFO  org.pircbotx.InputParser - PING :tmi.twitch.tv
09:48:33.715 [listenerPool0-thread38] INFO  org.pircbotx.output.OutputRaw - PONG tmi.twitch.tv
09:52:37.963 [bot1-shutdownhook] INFO  org.pircbotx.output.OutputRaw - QUIT :
09:52:37.979 [bot1-shutdownhook] WARN  org.pircbotx.Channel - Channel #jdbener mode '' is stale
09:52:38.001 [bot1-shutdownhook] WARN  org.pircbotx.Channel - Channel #jdbener mode '' is stale
09:52:38.006 [bot1-shutdownhook] INFO  org.pircbotx.dcc.DccHandler - Terminating all transfers waiting to be accepted
09:52:38.006 [botPool0-bot0] INFO  org.pircbotx.PircBotX - Shutdown has been called, closing InputParser
09:52:38.008 [botPool0-bot0] DEBUG o.p.MultiBotManager$BotFutureCallback - Bot #0 finished
09:52:38.008 [bot1-shutdownhook] DEBUG org.pircbotx.PircBotX - Disconnected.
09:52:38.008 [bot1-shutdownhook] DEBUG o.p.h.m.ThreadedListenerManager - Waiting for listener org.pircbotx.hooks.CoreHooks@21fea7d8 to execute event DisconnectEvent(daoSnapshot=org.pircbotx.snapshot.UserChannelDaoSnapshot@c438e4c, disconnectException=null)
09:52:38.008 [bot1-shutdownhook] DEBUG o.p.h.m.ThreadedListenerManager - Waiting for listener me.jdbener.apis.twitch.TwitchStatusGameUpdater@63b0dba9 to execute event DisconnectEvent(daoSnapshot=org.pircbotx.snapshot.UserChannelDaoSnapshot@c438e4c, disconnectException=null)
09:52:38.008 [bot1-shutdownhook] DEBUG o.p.h.m.ThreadedListenerManager - Waiting for listener me.jdbener.utilities.CustomCommandHandeler@372eee to execute event DisconnectEvent(daoSnapshot=org.pircbotx.snapshot.UserChannelDaoSnapshot@c438e4c, disconnectException=null)
