23:50:10.432 [main] WARN  me.jdbener.Bennerbot - Waiting for GUI to load
23:50:24.045 [main] INFO  me.jdbener.Bennerbot - GUI loaded... Continuing with launch sequence
23:50:28.071 [main] INFO  me.jdbener.Bennerbot - Begining plugin loading
23:50:28.157 [main] INFO  me.jdbener.Bennerbot - Finished looking for plugins in: plugins
23:50:28.158 [main] INFO  me.jdbener.Bennerbot - Finished looking for plugins in: plugins/BasicCommands
23:50:28.159 [main] INFO  me.jdbener.Bennerbot - Finished looking for plugins in: plugins/dissabled
23:50:28.160 [main] INFO  me.jdbener.Bennerbot - Beggining pluging loading sequence
23:50:28.160 [main] INFO  me.jdbener.Bennerbot - Finished pluging loading sequence
23:50:28.160 [main] INFO  me.jdbener.Bennerbot - Proceading with BennerBot initiation sequence
23:50:28.201 [main] DEBUG org.pircbotx.MultiBotManager - Not started yet, add to queue
23:50:28.210 [botPool0-bot0] DEBUG org.pircbotx.PircBotX - Trying address irc.twitch.tv/199.9.249.253
23:50:28.237 [botPool0-bot0] INFO  org.pircbotx.PircBotX - Connected to server.
23:50:28.243 [botPool0-bot0] INFO  org.pircbotx.output.OutputRaw - PASS oauth:hrr2wpqq0knt6sb0spzd3d1mugpdezf
23:50:28.243 [botPool0-bot0] INFO  org.pircbotx.output.OutputRaw - NICK bennerbot
23:50:28.244 [botPool0-bot0] INFO  org.pircbotx.output.OutputRaw - USER BennerBot 8 * :PircBotX 2.0.1, a fork of PircBot, the Java IRC bot - pircbotx.googlecode.com
23:50:28.300 [botPool0-bot0] INFO  org.pircbotx.InputParser - :tmi.twitch.tv 001 bennerbot :Welcome, GLHF!
23:50:28.308 [botPool0-bot0] DEBUG org.pircbotx.InputParser - Logged onto server.
23:50:29.245 [botPool0-bot0] INFO  org.pircbotx.output.OutputRaw - JOIN #mindy29 
23:50:29.246 [botPool0-bot0] INFO  org.pircbotx.InputParser - :tmi.twitch.tv 002 bennerbot :Your host is tmi.twitch.tv
23:50:29.246 [botPool0-bot0] INFO  org.pircbotx.InputParser - :tmi.twitch.tv 003 bennerbot :This server is rather new
23:50:29.246 [botPool0-bot0] INFO  org.pircbotx.InputParser - :tmi.twitch.tv 004 bennerbot :-
23:50:29.252 [botPool0-bot0] ERROR org.pircbotx.PircBotX - Exception encountered when parsing line
java.lang.IndexOutOfBoundsException: Index: 1, Size: 1
	at java.util.ArrayList.rangeCheck(Unknown Source) ~[na:1.7.0_45]
	at java.util.ArrayList.get(Unknown Source) ~[na:1.7.0_45]
	at org.pircbotx.ServerInfo.parse004(ServerInfo.java:113) ~[pircbotx-2.0.1.jar:na]
	at org.pircbotx.ServerInfo.parse(ServerInfo.java:106) ~[pircbotx-2.0.1.jar:na]
	at org.pircbotx.InputParser.processServerResponse(InputParser.java:709) ~[pircbotx-2.0.1.jar:na]
	at org.pircbotx.InputParser.handleLine(InputParser.java:323) ~[pircbotx-2.0.1.jar:na]
	at org.pircbotx.PircBotX.startLineProcessing(PircBotX.java:275) [pircbotx-2.0.1.jar:na]
	at org.pircbotx.PircBotX.connect(PircBotX.java:236) [pircbotx-2.0.1.jar:na]
	at org.pircbotx.MultiBotManager$BotRunner.call(MultiBotManager.java:219) [pircbotx-2.0.1.jar:na]
	at org.pircbotx.MultiBotManager$BotRunner.call(MultiBotManager.java:212) [pircbotx-2.0.1.jar:na]
	at java.util.concurrent.FutureTask.run(Unknown Source) [na:1.7.0_45]
	at java.util.concurrent.ThreadPoolExecutor.runWorker(Unknown Source) [na:1.7.0_45]
	at java.util.concurrent.ThreadPoolExecutor$Worker.run(Unknown Source) [na:1.7.0_45]
	at java.lang.Thread.run(Unknown Source) [na:1.7.0_45]
23:50:29.252 [botPool0-bot0] INFO  org.pircbotx.InputParser - :tmi.twitch.tv 375 bennerbot :-
23:50:29.252 [botPool0-bot0] INFO  org.pircbotx.InputParser - :tmi.twitch.tv 372 bennerbot :You are in a maze of twisty passages, all alike.
23:50:29.253 [botPool0-bot0] INFO  org.pircbotx.InputParser - :tmi.twitch.tv 376 bennerbot :>
23:50:29.311 [botPool0-bot0] INFO  org.pircbotx.InputParser - :bennerbot!bennerbot@bennerbot.tmi.twitch.tv JOIN #mindy29
23:50:30.246 [listenerPool0-thread5] INFO  org.pircbotx.output.OutputRaw - PRIVMSG #mindy29 :/color #ff0000
23:50:31.247 [botPool0-bot0] INFO  org.pircbotx.output.OutputRaw - WHO #mindy29
23:50:31.297 [Thread-16] INFO  me.jdbener.Bennerbot - Reseting Map
23:50:32.248 [botPool0-bot0] INFO  org.pircbotx.output.OutputRaw - MODE #mindy29
23:50:32.251 [botPool0-bot0] INFO  org.pircbotx.InputParser - :bennerbot.tmi.twitch.tv 353 bennerbot = #mindy29 :bennerbot
23:50:32.252 [botPool0-bot0] INFO  org.pircbotx.InputParser - :bennerbot.tmi.twitch.tv 366 bennerbot #mindy29 :End of /NAMES list
23:50:32.253 [botPool0-bot0] INFO  org.pircbotx.InputParser - :jtv!jtv@jtv.tmi.twitch.tv PRIVMSG bennerbot :USERCOLOR bennerbot #FF0000
23:50:32.253 [botPool0-bot0] INFO  org.pircbotx.InputParser - :jtv!jtv@jtv.tmi.twitch.tv PRIVMSG bennerbot :HISTORYEND mindy29
23:50:32.254 [botPool0-bot0] INFO  org.pircbotx.InputParser - :jtv!jtv@jtv.tmi.twitch.tv PRIVMSG bennerbot :USERCOLOR bennerbot #FF0000
23:50:32.254 [botPool0-bot0] INFO  org.pircbotx.InputParser - :jtv!jtv@jtv.tmi.twitch.tv PRIVMSG bennerbot :Your color has been changed
23:50:32.255 [botPool0-bot0] INFO  org.pircbotx.InputParser - :tmi.twitch.tv 421 bennerbot WHO :Unknown command
23:50:33.249 [listenerPool0-thread5] INFO  org.pircbotx.output.OutputRaw - TWITCHCLIENT 1
23:50:33.597 [botPool0-bot0] INFO  org.pircbotx.InputParser - :gregsnazzygamertwitch!gregsnazzygamertwitch@gregsnazzygamertwitch.tmi.twitch.tv PRIVMSG #mindy29 :HEY I'M DRUNK AND I NEED MORE JEAGAR!
23:50:34.373 [botPool0-bot0] INFO  org.pircbotx.InputParser - :gregsnazzygamertwitch!gregsnazzygamertwitch@gregsnazzygamertwitch.tmi.twitch.tv PRIVMSG #mindy29 :DRUNK
23:50:35.638 [botPool0-bot0] INFO  org.pircbotx.InputParser - :gregsnazzygamertwitch!gregsnazzygamertwitch@gregsnazzygamertwitch.tmi.twitch.tv PRIVMSG #mindy29 :DRUNK
23:50:36.689 [botPool0-bot0] INFO  org.pircbotx.InputParser - :gregsnazzygamertwitch!gregsnazzygamertwitch@gregsnazzygamertwitch.tmi.twitch.tv PRIVMSG #mindy29 :DRUNK
23:50:38.071 [botPool0-bot0] INFO  org.pircbotx.InputParser - :gregsnazzygamertwitch!gregsnazzygamertwitch@gregsnazzygamertwitch.tmi.twitch.tv PRIVMSG #mindy29 :DRUNK
23:50:41.945 [botPool0-bot0] INFO  org.pircbotx.InputParser - :gregsnazzygamertwitch!gregsnazzygamertwitch@gregsnazzygamertwitch.tmi.twitch.tv PRIVMSG #mindy29 :That's my version of it
23:50:43.379 [botPool0-bot0] INFO  org.pircbotx.InputParser - :jtv PRIVMSG bennerbot :USERCOLOR lunareia #FF69B4
23:50:43.379 [botPool0-bot0] INFO  org.pircbotx.InputParser - :lunareia!lunareia@lunareia.tmi.twitch.tv PRIVMSG #mindy29 :I USED IT FOR THE FANGAME
23:50:45.511 [Thread-18] INFO  me.jdbener.Bennerbot - Reseting Map
23:50:50.914 [Thread-20] INFO  me.jdbener.Bennerbot - Reseting Map
23:51:10.657 [botPool0-bot0] INFO  org.pircbotx.InputParser - :jtv PRIVMSG bennerbot :USERCOLOR hikarihoroko #8A2BE2
23:51:10.657 [botPool0-bot0] INFO  org.pircbotx.InputParser - :hikarihoroko!hikarihoroko@hikarihoroko.tmi.twitch.tv PRIVMSG #mindy29 :SWIGGITY SWEAGAR I'M EREN YEAGER
23:51:17.486 [botPool0-bot0] INFO  org.pircbotx.InputParser - :jtv PRIVMSG bennerbot :USERCOLOR lunareia #FF69B4
23:51:17.487 [botPool0-bot0] INFO  org.pircbotx.InputParser - :lunareia!lunareia@lunareia.tmi.twitch.tv PRIVMSG #mindy29 :*leaves*
23:51:59.161 [botPool0-bot0] INFO  org.pircbotx.InputParser - :jtv PRIVMSG bennerbot :USERCOLOR lunareia #FF69B4
23:51:59.162 [botPool0-bot0] INFO  org.pircbotx.InputParser - :lunareia!lunareia@lunareia.tmi.twitch.tv PRIVMSG #mindy29 :i'm still here. not dead yet XD
