14:03:37.399 [main] WARN  me.jdbener.Bennerbot - Waiting for GUI to load
14:03:55.384 [main] INFO  me.jdbener.Bennerbot - GUI loaded... Continuing with launch sequence
14:04:02.276 [main] INFO  me.jdbener.Bennerbot - Begining plugin loading
14:04:02.385 [main] INFO  me.jdbener.Bennerbot - Finished looking for plugins in: plugins
14:04:02.387 [main] INFO  me.jdbener.Bennerbot - Finished looking for plugins in: plugins/BasicCommands
14:04:02.388 [main] INFO  me.jdbener.Bennerbot - Finished looking for plugins in: plugins/dissabled
14:04:02.390 [main] INFO  me.jdbener.Bennerbot - Beggining pluging loading sequence
14:04:02.390 [main] INFO  me.jdbener.Bennerbot - Finished pluging loading sequence
14:04:02.390 [main] INFO  me.jdbener.Bennerbot - Proceading with BennerBot initiation sequence
14:04:02.443 [main] DEBUG org.pircbotx.MultiBotManager - Not started yet, add to queue
14:04:02.447 [botPool0-bot0] DEBUG org.pircbotx.PircBotX - Trying address irc.twitch.tv/199.9.250.239
14:04:02.474 [botPool0-bot0] INFO  org.pircbotx.PircBotX - Connected to server.
14:04:02.481 [botPool0-bot0] INFO  org.pircbotx.output.OutputRaw - PASS oauth:hrr2wpqq0knt6sb0spzd3d1mugpdezf
14:04:02.481 [botPool0-bot0] INFO  org.pircbotx.output.OutputRaw - NICK bennerbot
14:04:02.481 [botPool0-bot0] INFO  org.pircbotx.output.OutputRaw - USER BennerBot 8 * :PircBotX 2.0.1, a fork of PircBot, the Java IRC bot - pircbotx.googlecode.com
14:04:02.539 [botPool0-bot0] INFO  org.pircbotx.InputParser - :tmi.twitch.tv 001 bennerbot :Welcome, GLHF!
14:04:02.547 [botPool0-bot0] DEBUG org.pircbotx.InputParser - Logged onto server.
14:04:03.482 [botPool0-bot0] INFO  org.pircbotx.output.OutputRaw - JOIN #jdbener 
14:04:03.483 [botPool0-bot0] INFO  org.pircbotx.InputParser - :tmi.twitch.tv 002 bennerbot :Your host is tmi.twitch.tv
14:04:03.483 [botPool0-bot0] INFO  org.pircbotx.InputParser - :tmi.twitch.tv 003 bennerbot :This server is rather new
14:04:03.483 [botPool0-bot0] INFO  org.pircbotx.InputParser - :tmi.twitch.tv 004 bennerbot :-
14:04:03.490 [botPool0-bot0] ERROR org.pircbotx.PircBotX - Exception encountered when parsing line
java.lang.IndexOutOfBoundsException: Index: 1, Size: 1
	at java.util.ArrayList.rangeCheck(Unknown Source) ~[na:1.7.0_45]
	at java.util.ArrayList.get(Unknown Source) ~[na:1.7.0_45]
	at org.pircbotx.ServerInfo.parse004(ServerInfo.java:113) ~[pircbotx-2.0.1.jar:na]
	at org.pircbotx.ServerInfo.parse(ServerInfo.java:106) ~[pircbotx-2.0.1.jar:na]
	at org.pircbotx.InputParser.processServerResponse(InputParser.java:709) ~[pircbotx-2.0.1.jar:na]
	at org.pircbotx.InputParser.handleLine(InputParser.java:323) ~[pircbotx-2.0.1.jar:na]
	at org.pircbotx.PircBotX.startLineProcessing(PircBotX.java:275) [pircbotx-2.0.1.jar:na]
	at org.pircbotx.PircBotX.connect(PircBotX.java:236) [pircbotx-2.0.1.jar:na]
	at org.pircbotx.MultiBotManager$BotRunner.call(MultiBotManager.java:219) [pircbotx-2.0.1.jar:na]
	at org.pircbotx.MultiBotManager$BotRunner.call(MultiBotManager.java:212) [pircbotx-2.0.1.jar:na]
	at java.util.concurrent.FutureTask.run(Unknown Source) [na:1.7.0_45]
	at java.util.concurrent.ThreadPoolExecutor.runWorker(Unknown Source) [na:1.7.0_45]
	at java.util.concurrent.ThreadPoolExecutor$Worker.run(Unknown Source) [na:1.7.0_45]
	at java.lang.Thread.run(Unknown Source) [na:1.7.0_45]
14:04:03.491 [botPool0-bot0] INFO  org.pircbotx.InputParser - :tmi.twitch.tv 375 bennerbot :-
14:04:03.491 [botPool0-bot0] INFO  org.pircbotx.InputParser - :tmi.twitch.tv 372 bennerbot :You are in a maze of twisty passages, all alike.
14:04:03.491 [botPool0-bot0] INFO  org.pircbotx.InputParser - :tmi.twitch.tv 376 bennerbot :>
14:04:03.492 [botPool0-bot0] INFO  org.pircbotx.InputParser - PING :tmi.twitch.tv
14:04:03.650 [botPool0-bot0] INFO  org.pircbotx.InputParser - :bennerbot!bennerbot@bennerbot.tmi.twitch.tv JOIN #jdbener
14:04:04.483 [listenerPool0-thread4] INFO  org.pircbotx.output.OutputRaw - PONG tmi.twitch.tv
14:04:05.484 [botPool0-bot0] INFO  org.pircbotx.output.OutputRaw - WHO #jdbener
14:04:06.485 [listenerPool0-thread6] INFO  org.pircbotx.output.OutputRaw - PRIVMSG #jdbener :/color #ff0000
14:04:07.486 [listenerPool0-thread6] INFO  org.pircbotx.output.OutputRaw - TWITCHCLIENT 1
14:04:08.487 [botPool0-bot0] INFO  org.pircbotx.output.OutputRaw - MODE #jdbener
14:04:08.491 [botPool0-bot0] INFO  org.pircbotx.InputParser - :bennerbot.tmi.twitch.tv 353 bennerbot = #jdbener :biogenx2b jdbener gorm_
14:04:08.491 [botPool0-bot0] INFO  org.pircbotx.InputParser - :bennerbot.tmi.twitch.tv 353 bennerbot = #jdbener :bennerbot
14:04:08.492 [botPool0-bot0] INFO  org.pircbotx.InputParser - :bennerbot.tmi.twitch.tv 366 bennerbot #jdbener :End of /NAMES list
14:04:08.492 [botPool0-bot0] INFO  org.pircbotx.InputParser - :jtv MODE #jdbener +o jdbener
14:04:08.498 [botPool0-bot0] INFO  org.pircbotx.InputParser - :jtv!jtv@jtv.tmi.twitch.tv PRIVMSG bennerbot :USERCOLOR bennerbot #FF0000
14:04:08.499 [botPool0-bot0] INFO  org.pircbotx.InputParser - :jtv!jtv@jtv.tmi.twitch.tv PRIVMSG bennerbot :HISTORYEND jdbener
14:04:08.500 [botPool0-bot0] INFO  org.pircbotx.InputParser - :tmi.twitch.tv 421 bennerbot WHO :Unknown command
14:04:08.500 [botPool0-bot0] INFO  org.pircbotx.InputParser - :jtv!jtv@jtv.tmi.twitch.tv PRIVMSG bennerbot :USERCOLOR bennerbot #FF0000
14:04:08.500 [botPool0-bot0] INFO  org.pircbotx.InputParser - :jtv!jtv@jtv.tmi.twitch.tv PRIVMSG bennerbot :Your color has been changed
14:04:21.393 [bot1-shutdownhook] INFO  org.pircbotx.output.OutputRaw - QUIT :
14:04:21.399 [bot1-shutdownhook] WARN  org.pircbotx.Channel - Channel #jdbener mode '' is stale
14:04:21.423 [bot1-shutdownhook] WARN  org.pircbotx.Channel - Channel #jdbener mode '' is stale
14:04:21.428 [bot1-shutdownhook] INFO  org.pircbotx.dcc.DccHandler - Terminating all transfers waiting to be accepted
14:04:21.428 [botPool0-bot0] INFO  org.pircbotx.PircBotX - Shutdown has been called, closing InputParser
14:04:21.429 [bot1-shutdownhook] DEBUG org.pircbotx.PircBotX - Disconnected.
14:04:21.429 [bot1-shutdownhook] DEBUG o.p.h.m.ThreadedListenerManager - Waiting for listener org.pircbotx.hooks.CoreHooks@9a0476f to execute event DisconnectEvent(daoSnapshot=org.pircbotx.snapshot.UserChannelDaoSnapshot@58169f1b, disconnectException=null)
14:04:21.430 [botPool0-bot0] DEBUG o.p.MultiBotManager$BotFutureCallback - Bot #0 finished
