14:00:43.085 [main] WARN  me.jdbener.Bennerbot - Waiting for GUI to load
14:01:01.456 [main] INFO  me.jdbener.Bennerbot - GUI loaded... Continuing with launch sequence
14:01:07.593 [main] INFO  me.jdbener.Bennerbot - Begining plugin loading
14:01:07.711 [main] INFO  me.jdbener.Bennerbot - Finished looking for plugins in: plugins
14:01:07.713 [main] INFO  me.jdbener.Bennerbot - Finished looking for plugins in: plugins/BasicCommands
14:01:07.714 [main] INFO  me.jdbener.Bennerbot - Finished looking for plugins in: plugins/dissabled
14:01:07.716 [main] INFO  me.jdbener.Bennerbot - Beggining pluging loading sequence
14:01:07.717 [main] INFO  me.jdbener.Bennerbot - Finished pluging loading sequence
14:01:07.717 [main] INFO  me.jdbener.Bennerbot - Proceading with BennerBot initiation sequence
14:01:07.770 [main] DEBUG org.pircbotx.MultiBotManager - Not started yet, add to queue
14:01:07.774 [botPool0-bot0] DEBUG org.pircbotx.PircBotX - Trying address irc.twitch.tv/199.9.250.239
14:01:07.801 [botPool0-bot0] INFO  org.pircbotx.PircBotX - Connected to server.
14:01:07.809 [botPool0-bot0] INFO  org.pircbotx.output.OutputRaw - PASS oauth:hrr2wpqq0knt6sb0spzd3d1mugpdezf
14:01:07.809 [botPool0-bot0] INFO  org.pircbotx.output.OutputRaw - NICK bennerbot
14:01:07.809 [botPool0-bot0] INFO  org.pircbotx.output.OutputRaw - USER BennerBot 8 * :PircBotX 2.0.1, a fork of PircBot, the Java IRC bot - pircbotx.googlecode.com
14:01:07.871 [botPool0-bot0] INFO  org.pircbotx.InputParser - :tmi.twitch.tv 001 bennerbot :Welcome, GLHF!
14:01:07.879 [botPool0-bot0] DEBUG org.pircbotx.InputParser - Logged onto server.
14:01:08.810 [botPool0-bot0] INFO  org.pircbotx.output.OutputRaw - JOIN #jdbener 
14:01:08.810 [botPool0-bot0] INFO  org.pircbotx.InputParser - :tmi.twitch.tv 002 bennerbot :Your host is tmi.twitch.tv
14:01:08.811 [botPool0-bot0] INFO  org.pircbotx.InputParser - :tmi.twitch.tv 003 bennerbot :This server is rather new
14:01:08.812 [botPool0-bot0] INFO  org.pircbotx.InputParser - :tmi.twitch.tv 004 bennerbot :-
14:01:08.817 [botPool0-bot0] ERROR org.pircbotx.PircBotX - Exception encountered when parsing line
java.lang.IndexOutOfBoundsException: Index: 1, Size: 1
	at java.util.ArrayList.rangeCheck(Unknown Source) ~[na:1.7.0_45]
	at java.util.ArrayList.get(Unknown Source) ~[na:1.7.0_45]
	at org.pircbotx.ServerInfo.parse004(ServerInfo.java:113) ~[pircbotx-2.0.1.jar:na]
	at org.pircbotx.ServerInfo.parse(ServerInfo.java:106) ~[pircbotx-2.0.1.jar:na]
	at org.pircbotx.InputParser.processServerResponse(InputParser.java:709) ~[pircbotx-2.0.1.jar:na]
	at org.pircbotx.InputParser.handleLine(InputParser.java:323) ~[pircbotx-2.0.1.jar:na]
	at org.pircbotx.PircBotX.startLineProcessing(PircBotX.java:275) [pircbotx-2.0.1.jar:na]
	at org.pircbotx.PircBotX.connect(PircBotX.java:236) [pircbotx-2.0.1.jar:na]
	at org.pircbotx.MultiBotManager$BotRunner.call(MultiBotManager.java:219) [pircbotx-2.0.1.jar:na]
	at org.pircbotx.MultiBotManager$BotRunner.call(MultiBotManager.java:212) [pircbotx-2.0.1.jar:na]
	at java.util.concurrent.FutureTask.run(Unknown Source) [na:1.7.0_45]
	at java.util.concurrent.ThreadPoolExecutor.runWorker(Unknown Source) [na:1.7.0_45]
	at java.util.concurrent.ThreadPoolExecutor$Worker.run(Unknown Source) [na:1.7.0_45]
	at java.lang.Thread.run(Unknown Source) [na:1.7.0_45]
14:01:08.818 [botPool0-bot0] INFO  org.pircbotx.InputParser - :tmi.twitch.tv 375 bennerbot :-
14:01:08.818 [botPool0-bot0] INFO  org.pircbotx.InputParser - :tmi.twitch.tv 372 bennerbot :You are in a maze of twisty passages, all alike.
14:01:08.819 [botPool0-bot0] INFO  org.pircbotx.InputParser - :tmi.twitch.tv 376 bennerbot :>
14:01:08.923 [botPool0-bot0] INFO  org.pircbotx.InputParser - :bennerbot!bennerbot@bennerbot.tmi.twitch.tv JOIN #jdbener
14:01:09.811 [botPool0-bot0] INFO  org.pircbotx.output.OutputRaw - WHO #jdbener
14:01:10.812 [botPool0-bot0] INFO  org.pircbotx.output.OutputRaw - MODE #jdbener
14:01:10.815 [botPool0-bot0] INFO  org.pircbotx.InputParser - :bennerbot.tmi.twitch.tv 353 bennerbot = #jdbener :bennerbot biogenx2b t4arty jdbener gorm_
14:01:10.815 [botPool0-bot0] INFO  org.pircbotx.InputParser - :bennerbot.tmi.twitch.tv 366 bennerbot #jdbener :End of /NAMES list
14:01:10.815 [botPool0-bot0] INFO  org.pircbotx.InputParser - :jtv MODE #jdbener +o bennerbot
14:01:10.822 [botPool0-bot0] INFO  org.pircbotx.InputParser - :jtv MODE #jdbener +o jdbener
14:01:10.822 [botPool0-bot0] INFO  org.pircbotx.InputParser - :jtv!jtv@jtv.tmi.twitch.tv PRIVMSG bennerbot :USERCOLOR bennerbot #FF0000
14:01:10.823 [botPool0-bot0] INFO  org.pircbotx.InputParser - :jtv!jtv@jtv.tmi.twitch.tv PRIVMSG bennerbot :HISTORYEND jdbener
14:01:10.825 [botPool0-bot0] INFO  org.pircbotx.InputParser - :tmi.twitch.tv 421 bennerbot WHO :Unknown command
14:01:11.813 [listenerPool0-thread3] INFO  org.pircbotx.output.OutputRaw - PRIVMSG #jdbener :/color #ff0000
14:01:11.915 [botPool0-bot0] INFO  org.pircbotx.InputParser - :jtv!jtv@jtv.tmi.twitch.tv PRIVMSG bennerbot :USERCOLOR bennerbot #FF0000
14:01:11.916 [botPool0-bot0] INFO  org.pircbotx.InputParser - :jtv!jtv@jtv.tmi.twitch.tv PRIVMSG bennerbot :Your color has been changed
14:01:12.814 [listenerPool0-thread3] INFO  org.pircbotx.output.OutputRaw - TWITCHCLIENT 1
14:01:46.826 [botPool0-bot0] INFO  org.pircbotx.InputParser - :t4arty!t4arty@t4arty.tmi.twitch.tv PART #jdbener
14:01:46.829 [botPool0-bot0] WARN  org.pircbotx.Channel - Channel #jdbener mode '' is stale
14:01:46.846 [botPool0-bot0] WARN  org.pircbotx.Channel - Channel #jdbener mode '' is stale
14:01:46.860 [botPool0-bot0] INFO  org.pircbotx.InputParser - :jtv MODE #jdbener -o bennerbot
14:02:20.513 [bot1-shutdownhook] INFO  org.pircbotx.output.OutputRaw - QUIT :
14:02:20.517 [bot1-shutdownhook] WARN  org.pircbotx.Channel - Channel #jdbener mode '' is stale
14:02:20.517 [bot1-shutdownhook] WARN  org.pircbotx.Channel - Channel #jdbener mode '' is stale
14:02:20.518 [bot1-shutdownhook] INFO  org.pircbotx.dcc.DccHandler - Terminating all transfers waiting to be accepted
14:02:20.518 [botPool0-bot0] INFO  org.pircbotx.PircBotX - Shutdown has been called, closing InputParser
14:02:20.519 [bot1-shutdownhook] DEBUG org.pircbotx.PircBotX - Disconnected.
14:02:20.520 [bot1-shutdownhook] DEBUG o.p.h.m.ThreadedListenerManager - Waiting for listener me.jdbener.levels.BennerBitManager@4a4fa9a2 to execute event DisconnectEvent(daoSnapshot=org.pircbotx.snapshot.UserChannelDaoSnapshot@53c8fbc5, disconnectException=null)
14:02:20.520 [botPool0-bot0] DEBUG o.p.MultiBotManager$BotFutureCallback - Bot #0 finished
14:02:20.520 [bot1-shutdownhook] DEBUG o.p.h.m.ThreadedListenerManager - Waiting for listener me.jdbener.utilities.ChatRelayHandeler@5a2a9925 to execute event DisconnectEvent(daoSnapshot=org.pircbotx.snapshot.UserChannelDaoSnapshot@53c8fbc5, disconnectException=null)
14:02:20.521 [bot1-shutdownhook] DEBUG o.p.h.m.ThreadedListenerManager - Waiting for listener me.jdbener.utilities.Countdown@64c6d267 to execute event DisconnectEvent(daoSnapshot=org.pircbotx.snapshot.UserChannelDaoSnapshot@53c8fbc5, disconnectException=null)
