16:59:13.731 [main] WARN  me.jdbener.Bennerbot - Waiting for GUI to load
16:59:13.766 [AWT-EventQueue-0] INFO  me.jdbener.Bennerbot - Loading Beggining Tab Loading Sequence
16:59:13.786 [AWT-EventQueue-0] INFO  me.jdbener.Bennerbot - Loading the "General Configuration Tab"
16:59:50.710 [AWT-EventQueue-0] INFO  me.jdbener.Bennerbot - Loading the "Chat Display Tab"
16:59:50.747 [AWT-EventQueue-0] INFO  me.jdbener.Bennerbot - Loading the "Chat Display Window"
16:59:50.772 [AWT-EventQueue-0] INFO  me.jdbener.Bennerbot - Loading the "Chat Moderation Settings Tab"
16:59:50.797 [AWT-EventQueue-0] INFO  me.jdbener.Bennerbot - Loading the "Custom Commands Tab"
16:59:53.390 [AWT-EventQueue-0] INFO  me.jdbener.Bennerbot - Loading the "AutoMessage Tab"
16:59:54.687 [AWT-EventQueue-0] INFO  me.jdbener.Bennerbot - Loading the "Miscellaneous Settings Tab"
16:59:54.698 [AWT-EventQueue-0] INFO  me.jdbener.Bennerbot - Loading the "Info Button"
16:59:54.699 [AWT-EventQueue-0] INFO  me.jdbener.Bennerbot - Finished Tab Initiation Squence... Loading Backend
16:59:58.272 [AWT-EventQueue-0] INFO  me.jdbener.Bennerbot - Finished Loading GUI Backend
16:59:58.330 [main] INFO  me.jdbener.Bennerbot - GUI loaded... Continuing with launch sequence
17:00:03.912 [main] INFO  me.jdbener.PHitboxBotX.PHitboxBotX - Getting Hitbox server IP: ec2-54-162-229-44.compute-1.amazonaws.com
17:00:04.390 [main] INFO  me.jdbener.PHitboxBotX.PHitboxBotX - Getting connection ID: tTv8Alm-Oxb4p0kthoAG
17:00:04.390 [main] INFO  me.jdbener.PHitboxBotX.PHitboxBotX - Getting your token
17:00:04.616 [main] INFO  me.jdbener.PHitboxBotX.PHitboxBotX - Connecting to hitbox servers...
17:00:06.847 [main] INFO  me.jdbener.PHitboxBotX.PHitboxBotX - Sucessfully Connected... Joined Channel #jdbener
17:00:06.848 [main] INFO  me.jdbener.Bennerbot - Begining plugin loading
17:00:06.923 [main] INFO  me.jdbener.Bennerbot - Finished looking for plugins in: plugins
17:00:06.924 [main] INFO  me.jdbener.Bennerbot - Finished looking for plugins in: plugins/BasicCommands
17:00:06.925 [main] INFO  me.jdbener.Bennerbot - Finished looking for plugins in: plugins/dissabled
17:00:06.927 [main] INFO  me.jdbener.Bennerbot - Beggining pluging loading sequence
17:00:06.927 [main] INFO  me.jdbener.Bennerbot - Finished pluging loading sequence
17:00:06.927 [main] INFO  me.jdbener.Bennerbot - Proceading with BennerBot initiation sequence
17:00:06.927 [main] DEBUG org.pircbotx.MultiBotManager - Not started yet, add to queue
17:00:06.927 [main] DEBUG org.pircbotx.MultiBotManager - Not started yet, add to queue
17:00:06.930 [botPool0-bot0] DEBUG org.pircbotx.PircBotX - Trying address irc.twitch.tv/199.9.249.252
17:00:06.977 [botPool0-bot0] INFO  org.pircbotx.PircBotX - Connected to server.
17:00:06.983 [botPool0-bot0] INFO  org.pircbotx.output.OutputRaw - PASS oauth:dnvskkxmcc55d3x0mblzgsyieasntgg
17:00:06.983 [botPool0-bot0] INFO  org.pircbotx.output.OutputRaw - NICK jdbener
17:00:06.983 [botPool0-bot0] INFO  org.pircbotx.output.OutputRaw - USER BennerBot 8 * :PircBotX 2.0.1, a fork of PircBot, the Java IRC bot - pircbotx.googlecode.com
17:00:07.001 [botPool0-bot1] DEBUG org.pircbotx.PircBotX - Trying address hitbox.tv/96.45.83.68
17:00:07.081 [botPool0-bot0] INFO  org.pircbotx.InputParser - :tmi.twitch.tv 001 jdbener :Welcome, GLHF!
17:00:07.090 [botPool0-bot0] DEBUG org.pircbotx.InputParser - Logged onto server.
17:00:07.985 [listenerPool0-thread5] INFO  org.pircbotx.output.OutputRaw - TWITCHCLIENT 1
17:00:09.001 [botPool0-bot0] INFO  org.pircbotx.output.OutputRaw - JOIN #jdbener 
17:00:09.003 [botPool0-bot0] INFO  org.pircbotx.InputParser - :tmi.twitch.tv 002 jdbener :Your host is tmi.twitch.tv
17:00:09.003 [botPool0-bot0] INFO  org.pircbotx.InputParser - :tmi.twitch.tv 003 jdbener :This server is rather new
17:00:09.004 [botPool0-bot0] INFO  org.pircbotx.InputParser - :tmi.twitch.tv 004 jdbener :-
17:00:09.014 [botPool0-bot0] ERROR org.pircbotx.PircBotX - Exception encountered when parsing line
java.lang.IndexOutOfBoundsException: Index: 1, Size: 1
	at java.util.ArrayList.rangeCheck(Unknown Source) ~[na:1.7.0_45]
	at java.util.ArrayList.get(Unknown Source) ~[na:1.7.0_45]
	at org.pircbotx.ServerInfo.parse004(ServerInfo.java:113) ~[pircbotx-2.0.1.jar:na]
	at org.pircbotx.ServerInfo.parse(ServerInfo.java:106) ~[pircbotx-2.0.1.jar:na]
	at org.pircbotx.InputParser.processServerResponse(InputParser.java:709) ~[pircbotx-2.0.1.jar:na]
	at org.pircbotx.InputParser.handleLine(InputParser.java:323) ~[pircbotx-2.0.1.jar:na]
	at org.pircbotx.PircBotX.startLineProcessing(PircBotX.java:275) [pircbotx-2.0.1.jar:na]
	at org.pircbotx.PircBotX.connect(PircBotX.java:236) [pircbotx-2.0.1.jar:na]
	at org.pircbotx.MultiBotManager$BotRunner.call(MultiBotManager.java:219) [pircbotx-2.0.1.jar:na]
	at org.pircbotx.MultiBotManager$BotRunner.call(MultiBotManager.java:212) [pircbotx-2.0.1.jar:na]
	at java.util.concurrent.FutureTask.run(Unknown Source) [na:1.7.0_45]
	at java.util.concurrent.ThreadPoolExecutor.runWorker(Unknown Source) [na:1.7.0_45]
	at java.util.concurrent.ThreadPoolExecutor$Worker.run(Unknown Source) [na:1.7.0_45]
	at java.lang.Thread.run(Unknown Source) [na:1.7.0_45]
17:00:09.014 [botPool0-bot0] INFO  org.pircbotx.InputParser - :tmi.twitch.tv 375 jdbener :-
17:00:09.017 [botPool0-bot0] INFO  org.pircbotx.InputParser - :tmi.twitch.tv 372 jdbener :You are in a maze of twisty passages, all alike.
17:00:09.017 [botPool0-bot0] INFO  org.pircbotx.InputParser - :tmi.twitch.tv 376 jdbener :>
17:00:09.101 [botPool0-bot0] INFO  org.pircbotx.InputParser - :jdbener!jdbener@jdbener.tmi.twitch.tv JOIN #jdbener
17:00:10.003 [botPool0-bot0] INFO  org.pircbotx.output.OutputRaw - WHO #jdbener
17:00:11.004 [botPool0-bot0] INFO  org.pircbotx.output.OutputRaw - MODE #jdbener
17:00:11.007 [botPool0-bot0] INFO  org.pircbotx.InputParser - :jdbener.tmi.twitch.tv 353 jdbener = #jdbener :jdbener
17:00:11.008 [botPool0-bot0] INFO  org.pircbotx.InputParser - :jdbener.tmi.twitch.tv 366 jdbener #jdbener :End of /NAMES list
17:00:11.008 [botPool0-bot0] INFO  org.pircbotx.InputParser - :jtv!jtv@jtv.tmi.twitch.tv PRIVMSG jdbener :USERCOLOR jdbener #1E90FF
17:00:11.009 [botPool0-bot0] INFO  org.pircbotx.InputParser - :jtv!jtv@jtv.tmi.twitch.tv PRIVMSG jdbener :HISTORYEND jdbener
17:00:11.010 [botPool0-bot0] INFO  org.pircbotx.InputParser - :tmi.twitch.tv 421 jdbener WHO :Unknown command
17:00:19.099 [botPool0-bot0] INFO  org.pircbotx.InputParser - :jtv PRIVMSG jdbener :USERCOLOR jdbener #1E90FF
17:00:19.100 [botPool0-bot0] INFO  org.pircbotx.InputParser - :jdbener!jdbener@jdbener.tmi.twitch.tv PRIVMSG #jdbener :sup kid?
0
0
2
2
17:00:19.218 [Thread-8] INFO  me.jdbener.PHitboxBotX.PHitboxBotX - :jdbener!jdbener@hitbox.tv PRIVMSG ##jdbener :Jdbener: sup kid?
2
2
2
2
3
17:00:19.219 [listenerPool0-thread16] ERROR o.p.h.m.ThreadedListenerManager - Exception encountered when executing event MessageEvent(channel=Channel(name=#jdbener, channelId=12c48437-c5df-4dc4-98f2-188c6b38026b, dao=org.pircbotx.UserChannelDao@1aa1215a, bot=Version{PircBotX 2.0.1, a fork of PircBot, the Java IRC bot - pircbotx.googlecode.com} Connected{false} Server{socket.hitbox.tv} Port{6667} Password{il0venV!}, output=org.pircbotx.Channel$1@4894a95e, mode=, topic=, topicTimestamp=0, createTimestamp=0, topicSetter=, moderated=false, noExternalMessages=false, inviteOnly=false, secret=false, channelPrivate=false, topicProtection=false, channelLimit=-1, channelKey=null, modeStale=false, modeLatch=null), user=User(bot=Version{PircBotX 2.0.1, a fork of PircBot, the Java IRC bot - pircbotx.googlecode.com} Connected{false} Server{socket.hitbox.tv} Port{6667} Password{il0venV!}, dao=org.pircbotx.UserChannelDao@1aa1215a, userId=315ec62d-1166-437d-9b42-ed7f43fc1c12, output=org.pircbotx.User$1@17fb7f8c, nick=jdbener, realName=, login=, hostmask=, awayMessage=null, ircop=false, server=, hops=0), message=Jdbener: sup kid?) on listener me.jdbener.Cleaner@51dd22a2
java.lang.IndexOutOfBoundsException: Index: 2, Size: 2
	at java.util.ArrayList.rangeCheck(Unknown Source) ~[na:1.7.0_45]
	at java.util.ArrayList.get(Unknown Source) ~[na:1.7.0_45]
	at me.jdbener.Cleaner.onMessage(Cleaner.java:103) ~[bin/:na]
	at org.pircbotx.hooks.ListenerAdapter.onEvent(ListenerAdapter.java:63) ~[pircbotx-2.0.1.jar:na]
	at org.pircbotx.hooks.managers.ThreadedListenerManager$1.call(ThreadedListenerManager.java:119) [pircbotx-2.0.1.jar:na]
	at org.pircbotx.hooks.managers.ThreadedListenerManager$1.call(ThreadedListenerManager.java:115) [pircbotx-2.0.1.jar:na]
	at java.util.concurrent.FutureTask.run(Unknown Source) [na:1.7.0_45]
	at java.util.concurrent.ThreadPoolExecutor.runWorker(Unknown Source) [na:1.7.0_45]
	at java.util.concurrent.ThreadPoolExecutor$Worker.run(Unknown Source) [na:1.7.0_45]
	at java.lang.Thread.run(Unknown Source) [na:1.7.0_45]
17:00:19.330 [Thread-8] INFO  me.jdbener.PHitboxBotX.PHitboxBotX - :jdbener!jdbener@hitbox.tv PRIVMSG ##jdbener :Jdbener: Jdbener: sup kid?
17:00:19.332 [listenerPool0-thread7] ERROR o.p.h.m.ThreadedListenerManager - Exception encountered when executing event MessageEvent(channel=Channel(name=#jdbener, channelId=f9f25231-e2a1-49b2-bed1-2169bda9af5b, dao=org.pircbotx.UserChannelDao@1aa1215a, bot=Version{PircBotX 2.0.1, a fork of PircBot, the Java IRC bot - pircbotx.googlecode.com} Connected{false} Server{socket.hitbox.tv} Port{6667} Password{il0venV!}, output=org.pircbotx.Channel$1@72cca1, mode=, topic=, topicTimestamp=0, createTimestamp=0, topicSetter=, moderated=false, noExternalMessages=false, inviteOnly=false, secret=false, channelPrivate=false, topicProtection=false, channelLimit=-1, channelKey=null, modeStale=false, modeLatch=null), user=User(bot=Version{PircBotX 2.0.1, a fork of PircBot, the Java IRC bot - pircbotx.googlecode.com} Connected{false} Server{socket.hitbox.tv} Port{6667} Password{il0venV!}, dao=org.pircbotx.UserChannelDao@1aa1215a, userId=56e93f6c-d61d-4d70-a21f-46f5ff04661d, output=org.pircbotx.User$1@70d85e41, nick=jdbener, realName=, login=, hostmask=, awayMessage=null, ircop=false, server=, hops=0), message=Jdbener: Jdbener: sup kid?) on listener me.jdbener.Cleaner@51dd22a2
java.lang.IndexOutOfBoundsException: Index: 2, Size: 2
	at java.util.ArrayList.rangeCheck(Unknown Source) ~[na:1.7.0_45]
	at java.util.ArrayList.get(Unknown Source) ~[na:1.7.0_45]
	at me.jdbener.Cleaner.onMessage(Cleaner.java:103) ~[bin/:na]
	at org.pircbotx.hooks.ListenerAdapter.onEvent(ListenerAdapter.java:63) ~[pircbotx-2.0.1.jar:na]
	at org.pircbotx.hooks.managers.ThreadedListenerManager$1.call(ThreadedListenerManager.java:119) [pircbotx-2.0.1.jar:na]
	at org.pircbotx.hooks.managers.ThreadedListenerManager$1.call(ThreadedListenerManager.java:115) [pircbotx-2.0.1.jar:na]
	at java.util.concurrent.FutureTask.run(Unknown Source) [na:1.7.0_45]
	at java.util.concurrent.ThreadPoolExecutor.runWorker(Unknown Source) [na:1.7.0_45]
	at java.util.concurrent.ThreadPoolExecutor$Worker.run(Unknown Source) [na:1.7.0_45]
	at java.lang.Thread.run(Unknown Source) [na:1.7.0_45]
2
2
2
2
4
17:00:19.429 [Thread-8] INFO  me.jdbener.PHitboxBotX.PHitboxBotX - :jdbener!jdbener@hitbox.tv PRIVMSG ##jdbener :Jdbener: Jdbener: Jdbener: sup kid?
2
2
2
2
5
17:00:19.430 [listenerPool0-thread5] ERROR o.p.h.m.ThreadedListenerManager - Exception encountered when executing event MessageEvent(channel=Channel(name=#jdbener, channelId=b1363b6c-7672-4060-b47d-df6b9bca56b6, dao=org.pircbotx.UserChannelDao@1aa1215a, bot=Version{PircBotX 2.0.1, a fork of PircBot, the Java IRC bot - pircbotx.googlecode.com} Connected{false} Server{socket.hitbox.tv} Port{6667} Password{il0venV!}, output=org.pircbotx.Channel$1@d143748, mode=, topic=, topicTimestamp=0, createTimestamp=0, topicSetter=, moderated=false, noExternalMessages=false, inviteOnly=false, secret=false, channelPrivate=false, topicProtection=false, channelLimit=-1, channelKey=null, modeStale=false, modeLatch=null), user=User(bot=Version{PircBotX 2.0.1, a fork of PircBot, the Java IRC bot - pircbotx.googlecode.com} Connected{false} Server{socket.hitbox.tv} Port{6667} Password{il0venV!}, dao=org.pircbotx.UserChannelDao@1aa1215a, userId=d8c4d487-5372-4b94-8ec6-de43088212c5, output=org.pircbotx.User$1@2a395ead, nick=jdbener, realName=, login=, hostmask=, awayMessage=null, ircop=false, server=, hops=0), message=Jdbener: Jdbener: Jdbener: sup kid?) on listener me.jdbener.Cleaner@51dd22a2
java.lang.IndexOutOfBoundsException: Index: 2, Size: 2
	at java.util.ArrayList.rangeCheck(Unknown Source) ~[na:1.7.0_45]
	at java.util.ArrayList.get(Unknown Source) ~[na:1.7.0_45]
	at me.jdbener.Cleaner.onMessage(Cleaner.java:103) ~[bin/:na]
	at org.pircbotx.hooks.ListenerAdapter.onEvent(ListenerAdapter.java:63) ~[pircbotx-2.0.1.jar:na]
	at org.pircbotx.hooks.managers.ThreadedListenerManager$1.call(ThreadedListenerManager.java:119) [pircbotx-2.0.1.jar:na]
	at org.pircbotx.hooks.managers.ThreadedListenerManager$1.call(ThreadedListenerManager.java:115) [pircbotx-2.0.1.jar:na]
	at java.util.concurrent.FutureTask.run(Unknown Source) [na:1.7.0_45]
	at java.util.concurrent.ThreadPoolExecutor.runWorker(Unknown Source) [na:1.7.0_45]
	at java.util.concurrent.ThreadPoolExecutor$Worker.run(Unknown Source) [na:1.7.0_45]
	at java.lang.Thread.run(Unknown Source) [na:1.7.0_45]
17:00:19.527 [Thread-8] INFO  me.jdbener.PHitboxBotX.PHitboxBotX - :jdbener!jdbener@hitbox.tv PRIVMSG ##jdbener :Jdbener: Jdbener: Jdbener: Jdbener: sup kid?
2
2
2
2
6
17:00:19.527 [listenerPool0-thread1] ERROR o.p.h.m.ThreadedListenerManager - Exception encountered when executing event MessageEvent(channel=Channel(name=#jdbener, channelId=99b68004-1071-4f82-88ca-605acb686944, dao=org.pircbotx.UserChannelDao@1aa1215a, bot=Version{PircBotX 2.0.1, a fork of PircBot, the Java IRC bot - pircbotx.googlecode.com} Connected{false} Server{socket.hitbox.tv} Port{6667} Password{il0venV!}, output=org.pircbotx.Channel$1@53885c6b, mode=, topic=, topicTimestamp=0, createTimestamp=0, topicSetter=, moderated=false, noExternalMessages=false, inviteOnly=false, secret=false, channelPrivate=false, topicProtection=false, channelLimit=-1, channelKey=null, modeStale=false, modeLatch=null), user=User(bot=Version{PircBotX 2.0.1, a fork of PircBot, the Java IRC bot - pircbotx.googlecode.com} Connected{false} Server{socket.hitbox.tv} Port{6667} Password{il0venV!}, dao=org.pircbotx.UserChannelDao@1aa1215a, userId=e6d70556-6ecc-4453-9b70-27dc5f7da4d8, output=org.pircbotx.User$1@1d6b9fa5, nick=jdbener, realName=, login=, hostmask=, awayMessage=null, ircop=false, server=, hops=0), message=Jdbener: Jdbener: Jdbener: Jdbener: sup kid?) on listener me.jdbener.Cleaner@51dd22a2
java.lang.IndexOutOfBoundsException: Index: 2, Size: 2
	at java.util.ArrayList.rangeCheck(Unknown Source) ~[na:1.7.0_45]
	at java.util.ArrayList.get(Unknown Source) ~[na:1.7.0_45]
	at me.jdbener.Cleaner.onMessage(Cleaner.java:103) ~[bin/:na]
	at org.pircbotx.hooks.ListenerAdapter.onEvent(ListenerAdapter.java:63) ~[pircbotx-2.0.1.jar:na]
	at org.pircbotx.hooks.managers.ThreadedListenerManager$1.call(ThreadedListenerManager.java:119) [pircbotx-2.0.1.jar:na]
	at org.pircbotx.hooks.managers.ThreadedListenerManager$1.call(ThreadedListenerManager.java:115) [pircbotx-2.0.1.jar:na]
	at java.util.concurrent.FutureTask.run(Unknown Source) [na:1.7.0_45]
	at java.util.concurrent.ThreadPoolExecutor.runWorker(Unknown Source) [na:1.7.0_45]
	at java.util.concurrent.ThreadPoolExecutor$Worker.run(Unknown Source) [na:1.7.0_45]
	at java.lang.Thread.run(Unknown Source) [na:1.7.0_45]
17:00:19.625 [Thread-8] INFO  me.jdbener.PHitboxBotX.PHitboxBotX - :jdbener!jdbener@hitbox.tv PRIVMSG ##jdbener :Jdbener: Jdbener: Jdbener: Jdbener: Jdbener: sup kid?
2
2
2
2
7
17:00:19.626 [listenerPool0-thread6] ERROR o.p.h.m.ThreadedListenerManager - Exception encountered when executing event MessageEvent(channel=Channel(name=#jdbener, channelId=adfa347f-3d29-4d78-8c61-1ef40fa38f11, dao=org.pircbotx.UserChannelDao@1aa1215a, bot=Version{PircBotX 2.0.1, a fork of PircBot, the Java IRC bot - pircbotx.googlecode.com} Connected{false} Server{socket.hitbox.tv} Port{6667} Password{il0venV!}, output=org.pircbotx.Channel$1@5c495dc4, mode=, topic=, topicTimestamp=0, createTimestamp=0, topicSetter=, moderated=false, noExternalMessages=false, inviteOnly=false, secret=false, channelPrivate=false, topicProtection=false, channelLimit=-1, channelKey=null, modeStale=false, modeLatch=null), user=User(bot=Version{PircBotX 2.0.1, a fork of PircBot, the Java IRC bot - pircbotx.googlecode.com} Connected{false} Server{socket.hitbox.tv} Port{6667} Password{il0venV!}, dao=org.pircbotx.UserChannelDao@1aa1215a, userId=4a1f3f38-51a6-4dec-aa48-e6a4212976f0, output=org.pircbotx.User$1@54ab1e31, nick=jdbener, realName=, login=, hostmask=, awayMessage=null, ircop=false, server=, hops=0), message=Jdbener: Jdbener: Jdbener: Jdbener: Jdbener: sup kid?) on listener me.jdbener.Cleaner@51dd22a2
java.lang.IndexOutOfBoundsException: Index: 2, Size: 2
	at java.util.ArrayList.rangeCheck(Unknown Source) ~[na:1.7.0_45]
	at java.util.ArrayList.get(Unknown Source) ~[na:1.7.0_45]
	at me.jdbener.Cleaner.onMessage(Cleaner.java:103) ~[bin/:na]
	at org.pircbotx.hooks.ListenerAdapter.onEvent(ListenerAdapter.java:63) ~[pircbotx-2.0.1.jar:na]
	at org.pircbotx.hooks.managers.ThreadedListenerManager$1.call(ThreadedListenerManager.java:119) [pircbotx-2.0.1.jar:na]
	at org.pircbotx.hooks.managers.ThreadedListenerManager$1.call(ThreadedListenerManager.java:115) [pircbotx-2.0.1.jar:na]
	at java.util.concurrent.FutureTask.run(Unknown Source) [na:1.7.0_45]
	at java.util.concurrent.ThreadPoolExecutor.runWorker(Unknown Source) [na:1.7.0_45]
	at java.util.concurrent.ThreadPoolExecutor$Worker.run(Unknown Source) [na:1.7.0_45]
	at java.lang.Thread.run(Unknown Source) [na:1.7.0_45]
17:00:19.734 [Thread-8] INFO  me.jdbener.PHitboxBotX.PHitboxBotX - :jdbener!jdbener@hitbox.tv PRIVMSG ##jdbener :Jdbener: Jdbener: Jdbener: Jdbener: Jdbener: Jdbener: sup kid?
2
2
2
2
8
17:00:19.735 [listenerPool0-thread17] ERROR o.p.h.m.ThreadedListenerManager - Exception encountered when executing event MessageEvent(channel=Channel(name=#jdbener, channelId=f00e90f0-5ac3-45bd-ae2c-3e6753476094, dao=org.pircbotx.UserChannelDao@1aa1215a, bot=Version{PircBotX 2.0.1, a fork of PircBot, the Java IRC bot - pircbotx.googlecode.com} Connected{false} Server{socket.hitbox.tv} Port{6667} Password{il0venV!}, output=org.pircbotx.Channel$1@49f726d0, mode=, topic=, topicTimestamp=0, createTimestamp=0, topicSetter=, moderated=false, noExternalMessages=false, inviteOnly=false, secret=false, channelPrivate=false, topicProtection=false, channelLimit=-1, channelKey=null, modeStale=false, modeLatch=null), user=User(bot=Version{PircBotX 2.0.1, a fork of PircBot, the Java IRC bot - pircbotx.googlecode.com} Connected{false} Server{socket.hitbox.tv} Port{6667} Password{il0venV!}, dao=org.pircbotx.UserChannelDao@1aa1215a, userId=634eba8e-7c16-454b-8130-9be63548ed5f, output=org.pircbotx.User$1@11547a0, nick=jdbener, realName=, login=, hostmask=, awayMessage=null, ircop=false, server=, hops=0), message=Jdbener: Jdbener: Jdbener: Jdbener: Jdbener: Jdbener: sup kid?) on listener me.jdbener.Cleaner@51dd22a2
java.lang.IndexOutOfBoundsException: Index: 2, Size: 2
	at java.util.ArrayList.rangeCheck(Unknown Source) ~[na:1.7.0_45]
	at java.util.ArrayList.get(Unknown Source) ~[na:1.7.0_45]
	at me.jdbener.Cleaner.onMessage(Cleaner.java:103) ~[bin/:na]
	at org.pircbotx.hooks.ListenerAdapter.onEvent(ListenerAdapter.java:63) ~[pircbotx-2.0.1.jar:na]
	at org.pircbotx.hooks.managers.ThreadedListenerManager$1.call(ThreadedListenerManager.java:119) [pircbotx-2.0.1.jar:na]
	at org.pircbotx.hooks.managers.ThreadedListenerManager$1.call(ThreadedListenerManager.java:115) [pircbotx-2.0.1.jar:na]
	at java.util.concurrent.FutureTask.run(Unknown Source) [na:1.7.0_45]
	at java.util.concurrent.ThreadPoolExecutor.runWorker(Unknown Source) [na:1.7.0_45]
	at java.util.concurrent.ThreadPoolExecutor$Worker.run(Unknown Source) [na:1.7.0_45]
	at java.lang.Thread.run(Unknown Source) [na:1.7.0_45]
17:00:19.845 [Thread-8] INFO  me.jdbener.PHitboxBotX.PHitboxBotX - :jdbener!jdbener@hitbox.tv PRIVMSG ##jdbener :Jdbener: Jdbener: Jdbener: Jdbener: Jdbener: Jdbener: Jdbener: sup kid?
2
2
2
2
9
17:00:19.846 [listenerPool0-thread19] ERROR o.p.h.m.ThreadedListenerManager - Exception encountered when executing event MessageEvent(channel=Channel(name=#jdbener, channelId=abe2e912-be8b-4ca0-9a8e-b170f8d698f3, dao=org.pircbotx.UserChannelDao@1aa1215a, bot=Version{PircBotX 2.0.1, a fork of PircBot, the Java IRC bot - pircbotx.googlecode.com} Connected{false} Server{socket.hitbox.tv} Port{6667} Password{il0venV!}, output=org.pircbotx.Channel$1@11786ce6, mode=, topic=, topicTimestamp=0, createTimestamp=0, topicSetter=, moderated=false, noExternalMessages=false, inviteOnly=false, secret=false, channelPrivate=false, topicProtection=false, channelLimit=-1, channelKey=null, modeStale=false, modeLatch=null), user=User(bot=Version{PircBotX 2.0.1, a fork of PircBot, the Java IRC bot - pircbotx.googlecode.com} Connected{false} Server{socket.hitbox.tv} Port{6667} Password{il0venV!}, dao=org.pircbotx.UserChannelDao@1aa1215a, userId=f615c841-b54b-4890-aea7-4313924500ac, output=org.pircbotx.User$1@793578ff, nick=jdbener, realName=, login=, hostmask=, awayMessage=null, ircop=false, server=, hops=0), message=Jdbener: Jdbener: Jdbener: Jdbener: Jdbener: Jdbener: Jdbener: sup kid?) on listener me.jdbener.Cleaner@51dd22a2
java.lang.IndexOutOfBoundsException: Index: 2, Size: 2
	at java.util.ArrayList.rangeCheck(Unknown Source) ~[na:1.7.0_45]
	at java.util.ArrayList.get(Unknown Source) ~[na:1.7.0_45]
	at me.jdbener.Cleaner.onMessage(Cleaner.java:103) ~[bin/:na]
	at org.pircbotx.hooks.ListenerAdapter.onEvent(ListenerAdapter.java:63) ~[pircbotx-2.0.1.jar:na]
	at org.pircbotx.hooks.managers.ThreadedListenerManager$1.call(ThreadedListenerManager.java:119) [pircbotx-2.0.1.jar:na]
	at org.pircbotx.hooks.managers.ThreadedListenerManager$1.call(ThreadedListenerManager.java:115) [pircbotx-2.0.1.jar:na]
	at java.util.concurrent.FutureTask.run(Unknown Source) [na:1.7.0_45]
	at java.util.concurrent.ThreadPoolExecutor.runWorker(Unknown Source) [na:1.7.0_45]
	at java.util.concurrent.ThreadPoolExecutor$Worker.run(Unknown Source) [na:1.7.0_45]
	at java.lang.Thread.run(Unknown Source) [na:1.7.0_45]
17:00:19.955 [Thread-8] INFO  me.jdbener.PHitboxBotX.PHitboxBotX - :jdbener!jdbener@hitbox.tv PRIVMSG ##jdbener :Jdbener: Jdbener: Jdbener: Jdbener: Jdbener: Jdbener: Jdbener: Jdbener: sup kid?
2
2
2
2
10
17:00:19.956 [listenerPool0-thread20] ERROR o.p.h.m.ThreadedListenerManager - Exception encountered when executing event MessageEvent(channel=Channel(name=#jdbener, channelId=55067e4a-baef-4024-9e43-1674ea0e5414, dao=org.pircbotx.UserChannelDao@1aa1215a, bot=Version{PircBotX 2.0.1, a fork of PircBot, the Java IRC bot - pircbotx.googlecode.com} Connected{false} Server{socket.hitbox.tv} Port{6667} Password{il0venV!}, output=org.pircbotx.Channel$1@6e5479cb, mode=, topic=, topicTimestamp=0, createTimestamp=0, topicSetter=, moderated=false, noExternalMessages=false, inviteOnly=false, secret=false, channelPrivate=false, topicProtection=false, channelLimit=-1, channelKey=null, modeStale=false, modeLatch=null), user=User(bot=Version{PircBotX 2.0.1, a fork of PircBot, the Java IRC bot - pircbotx.googlecode.com} Connected{false} Server{socket.hitbox.tv} Port{6667} Password{il0venV!}, dao=org.pircbotx.UserChannelDao@1aa1215a, userId=20517d2e-3c46-48de-9592-37ff353bf294, output=org.pircbotx.User$1@6c083703, nick=jdbener, realName=, login=, hostmask=, awayMessage=null, ircop=false, server=, hops=0), message=Jdbener: Jdbener: Jdbener: Jdbener: Jdbener: Jdbener: Jdbener: Jdbener: sup kid?) on listener me.jdbener.Cleaner@51dd22a2
java.lang.IndexOutOfBoundsException: Index: 2, Size: 2
	at java.util.ArrayList.rangeCheck(Unknown Source) ~[na:1.7.0_45]
	at java.util.ArrayList.get(Unknown Source) ~[na:1.7.0_45]
	at me.jdbener.Cleaner.onMessage(Cleaner.java:103) ~[bin/:na]
	at org.pircbotx.hooks.ListenerAdapter.onEvent(ListenerAdapter.java:63) ~[pircbotx-2.0.1.jar:na]
	at org.pircbotx.hooks.managers.ThreadedListenerManager$1.call(ThreadedListenerManager.java:119) [pircbotx-2.0.1.jar:na]
	at org.pircbotx.hooks.managers.ThreadedListenerManager$1.call(ThreadedListenerManager.java:115) [pircbotx-2.0.1.jar:na]
	at java.util.concurrent.FutureTask.run(Unknown Source) [na:1.7.0_45]
	at java.util.concurrent.ThreadPoolExecutor.runWorker(Unknown Source) [na:1.7.0_45]
	at java.util.concurrent.ThreadPoolExecutor$Worker.run(Unknown Source) [na:1.7.0_45]
	at java.lang.Thread.run(Unknown Source) [na:1.7.0_45]
17:00:20.054 [Thread-8] INFO  me.jdbener.PHitboxBotX.PHitboxBotX - :jdbener!jdbener@hitbox.tv PRIVMSG ##jdbener :Jdbener: Jdbener: Jdbener: Jdbener: Jdbener: Jdbener: Jdbener: Jdbener: Jdbener: sup kid?
17:00:20.055 [listenerPool0-thread20] ERROR o.p.h.m.ThreadedListenerManager - Exception encountered when executing event MessageEvent(channel=Channel(name=#jdbener, channelId=5b518b38-6fb2-43c3-bd11-6a518d0301c5, dao=org.pircbotx.UserChannelDao@1aa1215a, bot=Version{PircBotX 2.0.1, a fork of PircBot, the Java IRC bot - pircbotx.googlecode.com} Connected{false} Server{socket.hitbox.tv} Port{6667} Password{il0venV!}, output=org.pircbotx.Channel$1@6098b14d, mode=, topic=, topicTimestamp=0, createTimestamp=0, topicSetter=, moderated=false, noExternalMessages=false, inviteOnly=false, secret=false, channelPrivate=false, topicProtection=false, channelLimit=-1, channelKey=null, modeStale=false, modeLatch=null), user=User(bot=Version{PircBotX 2.0.1, a fork of PircBot, the Java IRC bot - pircbotx.googlecode.com} Connected{false} Server{socket.hitbox.tv} Port{6667} Password{il0venV!}, dao=org.pircbotx.UserChannelDao@1aa1215a, userId=a7f313c7-4cf6-4d60-ab61-2023e4a5109d, output=org.pircbotx.User$1@48a067c6, nick=jdbener, realName=, login=, hostmask=, awayMessage=null, ircop=false, server=, hops=0), message=Jdbener: Jdbener: Jdbener: Jdbener: Jdbener: Jdbener: Jdbener: Jdbener: Jdbener: sup kid?) on listener me.jdbener.Cleaner@51dd22a2
java.lang.IndexOutOfBoundsException: Index: 2, Size: 2
	at java.util.ArrayList.rangeCheck(Unknown Source) ~[na:1.7.0_45]
	at java.util.ArrayList.get(Unknown Source) ~[na:1.7.0_45]
	at me.jdbener.Cleaner.onMessage(Cleaner.java:103) ~[bin/:na]
	at org.pircbotx.hooks.ListenerAdapter.onEvent(ListenerAdapter.java:63) ~[pircbotx-2.0.1.jar:na]
	at org.pircbotx.hooks.managers.ThreadedListenerManager$1.call(ThreadedListenerManager.java:119) [pircbotx-2.0.1.jar:na]
	at org.pircbotx.hooks.managers.ThreadedListenerManager$1.call(ThreadedListenerManager.java:115) [pircbotx-2.0.1.jar:na]
	at java.util.concurrent.FutureTask.run(Unknown Source) [na:1.7.0_45]
	at java.util.concurrent.ThreadPoolExecutor.runWorker(Unknown Source) [na:1.7.0_45]
	at java.util.concurrent.ThreadPoolExecutor$Worker.run(Unknown Source) [na:1.7.0_45]
	at java.lang.Thread.run(Unknown Source) [na:1.7.0_45]
2
2
2
2
11
17:00:20.160 [Thread-8] INFO  me.jdbener.PHitboxBotX.PHitboxBotX - :jdbener!jdbener@hitbox.tv PRIVMSG ##jdbener :Jdbener: Jdbener: Jdbener: Jdbener: Jdbener: Jdbener: Jdbener: Jdbener: Jdbener: Jdbener: sup kid?
2
2
2
2
12
17:00:20.160 [listenerPool0-thread22] ERROR o.p.h.m.ThreadedListenerManager - Exception encountered when executing event MessageEvent(channel=Channel(name=#jdbener, channelId=e2210eea-bb9d-4e26-a1b2-683ea22b00fa, dao=org.pircbotx.UserChannelDao@1aa1215a, bot=Version{PircBotX 2.0.1, a fork of PircBot, the Java IRC bot - pircbotx.googlecode.com} Connected{false} Server{socket.hitbox.tv} Port{6667} Password{il0venV!}, output=org.pircbotx.Channel$1@49b96770, mode=, topic=, topicTimestamp=0, createTimestamp=0, topicSetter=, moderated=false, noExternalMessages=false, inviteOnly=false, secret=false, channelPrivate=false, topicProtection=false, channelLimit=-1, channelKey=null, modeStale=false, modeLatch=null), user=User(bot=Version{PircBotX 2.0.1, a fork of PircBot, the Java IRC bot - pircbotx.googlecode.com} Connected{false} Server{socket.hitbox.tv} Port{6667} Password{il0venV!}, dao=org.pircbotx.UserChannelDao@1aa1215a, userId=0d65d8d2-904c-4d1d-9ebc-c87feeb515cc, output=org.pircbotx.User$1@2b360fe0, nick=jdbener, realName=, login=, hostmask=, awayMessage=null, ircop=false, server=, hops=0), message=Jdbener: Jdbener: Jdbener: Jdbener: Jdbener: Jdbener: Jdbener: Jdbener: Jdbener: Jdbener: sup kid?) on listener me.jdbener.Cleaner@51dd22a2
java.lang.IndexOutOfBoundsException: Index: 2, Size: 2
	at java.util.ArrayList.rangeCheck(Unknown Source) ~[na:1.7.0_45]
	at java.util.ArrayList.get(Unknown Source) ~[na:1.7.0_45]
	at me.jdbener.Cleaner.onMessage(Cleaner.java:103) ~[bin/:na]
	at org.pircbotx.hooks.ListenerAdapter.onEvent(ListenerAdapter.java:63) ~[pircbotx-2.0.1.jar:na]
	at org.pircbotx.hooks.managers.ThreadedListenerManager$1.call(ThreadedListenerManager.java:119) [pircbotx-2.0.1.jar:na]
	at org.pircbotx.hooks.managers.ThreadedListenerManager$1.call(ThreadedListenerManager.java:115) [pircbotx-2.0.1.jar:na]
	at java.util.concurrent.FutureTask.run(Unknown Source) [na:1.7.0_45]
	at java.util.concurrent.ThreadPoolExecutor.runWorker(Unknown Source) [na:1.7.0_45]
	at java.util.concurrent.ThreadPoolExecutor$Worker.run(Unknown Source) [na:1.7.0_45]
	at java.lang.Thread.run(Unknown Source) [na:1.7.0_45]
17:00:20.258 [Thread-8] INFO  me.jdbener.PHitboxBotX.PHitboxBotX - :jdbener!jdbener@hitbox.tv PRIVMSG ##jdbener :Jdbener: Jdbener: Jdbener: Jdbener: Jdbener: Jdbener: Jdbener: Jdbener: Jdbener: Jdbener: Jdbener: sup kid?
17:00:20.259 [listenerPool0-thread1] ERROR o.p.h.m.ThreadedListenerManager - Exception encountered when executing event MessageEvent(channel=Channel(name=#jdbener, channelId=c8ec7846-1aa8-4d85-8853-bca69ef750a7, dao=org.pircbotx.UserChannelDao@1aa1215a, bot=Version{PircBotX 2.0.1, a fork of PircBot, the Java IRC bot - pircbotx.googlecode.com} Connected{false} Server{socket.hitbox.tv} Port{6667} Password{il0venV!}, output=org.pircbotx.Channel$1@34774add, mode=, topic=, topicTimestamp=0, createTimestamp=0, topicSetter=, moderated=false, noExternalMessages=false, inviteOnly=false, secret=false, channelPrivate=false, topicProtection=false, channelLimit=-1, channelKey=null, modeStale=false, modeLatch=null), user=User(bot=Version{PircBotX 2.0.1, a fork of PircBot, the Java IRC bot - pircbotx.googlecode.com} Connected{false} Server{socket.hitbox.tv} Port{6667} Password{il0venV!}, dao=org.pircbotx.UserChannelDao@1aa1215a, userId=7bc342b6-edc6-4175-aa57-ea33acdfd2af, output=org.pircbotx.User$1@3d40e14, nick=jdbener, realName=, login=, hostmask=, awayMessage=null, ircop=false, server=, hops=0), message=Jdbener: Jdbener: Jdbener: Jdbener: Jdbener: Jdbener: Jdbener: Jdbener: Jdbener: Jdbener: Jdbener: sup kid?) on listener me.jdbener.Cleaner@51dd22a2
java.lang.IndexOutOfBoundsException: Index: 2, Size: 2
	at java.util.ArrayList.rangeCheck(Unknown Source) ~[na:1.7.0_45]
	at java.util.ArrayList.get(Unknown Source) ~[na:1.7.0_45]
	at me.jdbener.Cleaner.onMessage(Cleaner.java:103) ~[bin/:na]
	at org.pircbotx.hooks.ListenerAdapter.onEvent(ListenerAdapter.java:63) ~[pircbotx-2.0.1.jar:na]
	at org.pircbotx.hooks.managers.ThreadedListenerManager$1.call(ThreadedListenerManager.java:119) [pircbotx-2.0.1.jar:na]
	at org.pircbotx.hooks.managers.ThreadedListenerManager$1.call(ThreadedListenerManager.java:115) [pircbotx-2.0.1.jar:na]
	at java.util.concurrent.FutureTask.run(Unknown Source) [na:1.7.0_45]
	at java.util.concurrent.ThreadPoolExecutor.runWorker(Unknown Source) [na:1.7.0_45]
	at java.util.concurrent.ThreadPoolExecutor$Worker.run(Unknown Source) [na:1.7.0_45]
	at java.lang.Thread.run(Unknown Source) [na:1.7.0_45]
2
2
2
2
13
17:00:20.373 [Thread-8] INFO  me.jdbener.PHitboxBotX.PHitboxBotX - :jdbener!jdbener@hitbox.tv PRIVMSG ##jdbener :Jdbener: Jdbener: Jdbener: Jdbener: Jdbener: Jdbener: Jdbener: Jdbener: Jdbener: Jdbener: Jdbener: Jdbener: sup kid?
2
2
2
2
14
17:00:20.375 [listenerPool0-thread24] ERROR o.p.h.m.ThreadedListenerManager - Exception encountered when executing event MessageEvent(channel=Channel(name=#jdbener, channelId=3b9dd07f-8218-4491-bc34-cba43428aaa1, dao=org.pircbotx.UserChannelDao@1aa1215a, bot=Version{PircBotX 2.0.1, a fork of PircBot, the Java IRC bot - pircbotx.googlecode.com} Connected{false} Server{socket.hitbox.tv} Port{6667} Password{il0venV!}, output=org.pircbotx.Channel$1@194d1417, mode=, topic=, topicTimestamp=0, createTimestamp=0, topicSetter=, moderated=false, noExternalMessages=false, inviteOnly=false, secret=false, channelPrivate=false, topicProtection=false, channelLimit=-1, channelKey=null, modeStale=false, modeLatch=null), user=User(bot=Version{PircBotX 2.0.1, a fork of PircBot, the Java IRC bot - pircbotx.googlecode.com} Connected{false} Server{socket.hitbox.tv} Port{6667} Password{il0venV!}, dao=org.pircbotx.UserChannelDao@1aa1215a, userId=c55f8e3a-6b02-4a44-ac12-21019253984b, output=org.pircbotx.User$1@1361fefb, nick=jdbener, realName=, login=, hostmask=, awayMessage=null, ircop=false, server=, hops=0), message=Jdbener: Jdbener: Jdbener: Jdbener: Jdbener: Jdbener: Jdbener: Jdbener: Jdbener: Jdbener: Jdbener: Jdbener: sup kid?) on listener me.jdbener.Cleaner@51dd22a2
java.lang.IndexOutOfBoundsException: Index: 2, Size: 2
	at java.util.ArrayList.rangeCheck(Unknown Source) ~[na:1.7.0_45]
	at java.util.ArrayList.get(Unknown Source) ~[na:1.7.0_45]
	at me.jdbener.Cleaner.onMessage(Cleaner.java:103) ~[bin/:na]
	at org.pircbotx.hooks.ListenerAdapter.onEvent(ListenerAdapter.java:63) ~[pircbotx-2.0.1.jar:na]
	at org.pircbotx.hooks.managers.ThreadedListenerManager$1.call(ThreadedListenerManager.java:119) [pircbotx-2.0.1.jar:na]
	at org.pircbotx.hooks.managers.ThreadedListenerManager$1.call(ThreadedListenerManager.java:115) [pircbotx-2.0.1.jar:na]
	at java.util.concurrent.FutureTask.run(Unknown Source) [na:1.7.0_45]
	at java.util.concurrent.ThreadPoolExecutor.runWorker(Unknown Source) [na:1.7.0_45]
	at java.util.concurrent.ThreadPoolExecutor$Worker.run(Unknown Source) [na:1.7.0_45]
	at java.lang.Thread.run(Unknown Source) [na:1.7.0_45]
17:00:20.472 [Thread-8] INFO  me.jdbener.PHitboxBotX.PHitboxBotX - :jdbener!jdbener@hitbox.tv PRIVMSG ##jdbener :Jdbener: Jdbener: Jdbener: Jdbener: Jdbener: Jdbener: Jdbener: Jdbener: Jdbener: Jdbener: Jdbener: Jdbener: Jdbener: sup kid?
2
2
2
2
15
17:00:20.473 [listenerPool0-thread23] ERROR o.p.h.m.ThreadedListenerManager - Exception encountered when executing event MessageEvent(channel=Channel(name=#jdbener, channelId=bbca48b1-1ebd-415c-a106-81f4d3db652c, dao=org.pircbotx.UserChannelDao@1aa1215a, bot=Version{PircBotX 2.0.1, a fork of PircBot, the Java IRC bot - pircbotx.googlecode.com} Connected{false} Server{socket.hitbox.tv} Port{6667} Password{il0venV!}, output=org.pircbotx.Channel$1@77e17b33, mode=, topic=, topicTimestamp=0, createTimestamp=0, topicSetter=, moderated=false, noExternalMessages=false, inviteOnly=false, secret=false, channelPrivate=false, topicProtection=false, channelLimit=-1, channelKey=null, modeStale=false, modeLatch=null), user=User(bot=Version{PircBotX 2.0.1, a fork of PircBot, the Java IRC bot - pircbotx.googlecode.com} Connected{false} Server{socket.hitbox.tv} Port{6667} Password{il0venV!}, dao=org.pircbotx.UserChannelDao@1aa1215a, userId=20892fa1-65bc-4641-a405-790ec97ee009, output=org.pircbotx.User$1@745f8ec1, nick=jdbener, realName=, login=, hostmask=, awayMessage=null, ircop=false, server=, hops=0), message=Jdbener: Jdbener: Jdbener: Jdbener: Jdbener: Jdbener: Jdbener: Jdbener: Jdbener: Jdbener: Jdbener: Jdbener: Jdbener: sup kid?) on listener me.jdbener.Cleaner@51dd22a2
java.lang.IndexOutOfBoundsException: Index: 2, Size: 2
	at java.util.ArrayList.rangeCheck(Unknown Source) ~[na:1.7.0_45]
	at java.util.ArrayList.get(Unknown Source) ~[na:1.7.0_45]
	at me.jdbener.Cleaner.onMessage(Cleaner.java:103) ~[bin/:na]
	at org.pircbotx.hooks.ListenerAdapter.onEvent(ListenerAdapter.java:63) ~[pircbotx-2.0.1.jar:na]
	at org.pircbotx.hooks.managers.ThreadedListenerManager$1.call(ThreadedListenerManager.java:119) [pircbotx-2.0.1.jar:na]
	at org.pircbotx.hooks.managers.ThreadedListenerManager$1.call(ThreadedListenerManager.java:115) [pircbotx-2.0.1.jar:na]
	at java.util.concurrent.FutureTask.run(Unknown Source) [na:1.7.0_45]
	at java.util.concurrent.ThreadPoolExecutor.runWorker(Unknown Source) [na:1.7.0_45]
	at java.util.concurrent.ThreadPoolExecutor$Worker.run(Unknown Source) [na:1.7.0_45]
	at java.lang.Thread.run(Unknown Source) [na:1.7.0_45]
17:00:20.573 [Thread-8] INFO  me.jdbener.PHitboxBotX.PHitboxBotX - :jdbener!jdbener@hitbox.tv PRIVMSG ##jdbener :Jdbener: Jdbener: Jdbener: Jdbener: Jdbener: Jdbener: Jdbener: Jdbener: Jdbener: Jdbener: Jdbener: Jdbener: Jdbener: Jdbener: sup kid?
2
2
2
2
16
17:00:20.574 [listenerPool0-thread5] ERROR o.p.h.m.ThreadedListenerManager - Exception encountered when executing event MessageEvent(channel=Channel(name=#jdbener, channelId=2b1b6759-f4c2-4bb3-be6d-ad622a905011, dao=org.pircbotx.UserChannelDao@1aa1215a, bot=Version{PircBotX 2.0.1, a fork of PircBot, the Java IRC bot - pircbotx.googlecode.com} Connected{false} Server{socket.hitbox.tv} Port{6667} Password{il0venV!}, output=org.pircbotx.Channel$1@70e0923, mode=, topic=, topicTimestamp=0, createTimestamp=0, topicSetter=, moderated=false, noExternalMessages=false, inviteOnly=false, secret=false, channelPrivate=false, topicProtection=false, channelLimit=-1, channelKey=null, modeStale=false, modeLatch=null), user=User(bot=Version{PircBotX 2.0.1, a fork of PircBot, the Java IRC bot - pircbotx.googlecode.com} Connected{false} Server{socket.hitbox.tv} Port{6667} Password{il0venV!}, dao=org.pircbotx.UserChannelDao@1aa1215a, userId=7416fdff-9694-43bb-a01d-4a022dee3e41, output=org.pircbotx.User$1@2a79dc73, nick=jdbener, realName=, login=, hostmask=, awayMessage=null, ircop=false, server=, hops=0), message=Jdbener: Jdbener: Jdbener: Jdbener: Jdbener: Jdbener: Jdbener: Jdbener: Jdbener: Jdbener: Jdbener: Jdbener: Jdbener: Jdbener: sup kid?) on listener me.jdbener.Cleaner@51dd22a2
java.lang.IndexOutOfBoundsException: Index: 2, Size: 2
	at java.util.ArrayList.rangeCheck(Unknown Source) ~[na:1.7.0_45]
	at java.util.ArrayList.get(Unknown Source) ~[na:1.7.0_45]
	at me.jdbener.Cleaner.onMessage(Cleaner.java:103) ~[bin/:na]
	at org.pircbotx.hooks.ListenerAdapter.onEvent(ListenerAdapter.java:63) ~[pircbotx-2.0.1.jar:na]
	at org.pircbotx.hooks.managers.ThreadedListenerManager$1.call(ThreadedListenerManager.java:119) [pircbotx-2.0.1.jar:na]
	at org.pircbotx.hooks.managers.ThreadedListenerManager$1.call(ThreadedListenerManager.java:115) [pircbotx-2.0.1.jar:na]
	at java.util.concurrent.FutureTask.run(Unknown Source) [na:1.7.0_45]
	at java.util.concurrent.ThreadPoolExecutor.runWorker(Unknown Source) [na:1.7.0_45]
	at java.util.concurrent.ThreadPoolExecutor$Worker.run(Unknown Source) [na:1.7.0_45]
	at java.lang.Thread.run(Unknown Source) [na:1.7.0_45]
17:00:20.686 [Thread-8] INFO  me.jdbener.PHitboxBotX.PHitboxBotX - :jdbener!jdbener@hitbox.tv PRIVMSG ##jdbener :Jdbener: Jdbener: Jdbener: Jdbener: Jdbener: Jdbener: Jdbener: Jdbener: Jdbener: Jdbener: Jdbener: Jdbener: Jdbener: Jdbener: Jdbener: sup kid?
2
2
2
2
17
17:00:20.687 [listenerPool0-thread26] ERROR o.p.h.m.ThreadedListenerManager - Exception encountered when executing event MessageEvent(channel=Channel(name=#jdbener, channelId=abacd02c-70bb-4595-9d24-f2bd3bac8b09, dao=org.pircbotx.UserChannelDao@1aa1215a, bot=Version{PircBotX 2.0.1, a fork of PircBot, the Java IRC bot - pircbotx.googlecode.com} Connected{false} Server{socket.hitbox.tv} Port{6667} Password{il0venV!}, output=org.pircbotx.Channel$1@71585986, mode=, topic=, topicTimestamp=0, createTimestamp=0, topicSetter=, moderated=false, noExternalMessages=false, inviteOnly=false, secret=false, channelPrivate=false, topicProtection=false, channelLimit=-1, channelKey=null, modeStale=false, modeLatch=null), user=User(bot=Version{PircBotX 2.0.1, a fork of PircBot, the Java IRC bot - pircbotx.googlecode.com} Connected{false} Server{socket.hitbox.tv} Port{6667} Password{il0venV!}, dao=org.pircbotx.UserChannelDao@1aa1215a, userId=f6dfc22a-6d9c-4bf2-a79d-7c9be1fed1bf, output=org.pircbotx.User$1@5f5da68c, nick=jdbener, realName=, login=, hostmask=, awayMessage=null, ircop=false, server=, hops=0), message=Jdbener: Jdbener: Jdbener: Jdbener: Jdbener: Jdbener: Jdbener: Jdbener: Jdbener: Jdbener: Jdbener: Jdbener: Jdbener: Jdbener: Jdbener: sup kid?) on listener me.jdbener.Cleaner@51dd22a2
java.lang.IndexOutOfBoundsException: Index: 2, Size: 2
	at java.util.ArrayList.rangeCheck(Unknown Source) ~[na:1.7.0_45]
	at java.util.ArrayList.get(Unknown Source) ~[na:1.7.0_45]
	at me.jdbener.Cleaner.onMessage(Cleaner.java:103) ~[bin/:na]
	at org.pircbotx.hooks.ListenerAdapter.onEvent(ListenerAdapter.java:63) ~[pircbotx-2.0.1.jar:na]
	at org.pircbotx.hooks.managers.ThreadedListenerManager$1.call(ThreadedListenerManager.java:119) [pircbotx-2.0.1.jar:na]
	at org.pircbotx.hooks.managers.ThreadedListenerManager$1.call(ThreadedListenerManager.java:115) [pircbotx-2.0.1.jar:na]
	at java.util.concurrent.FutureTask.run(Unknown Source) [na:1.7.0_45]
	at java.util.concurrent.ThreadPoolExecutor.runWorker(Unknown Source) [na:1.7.0_45]
	at java.util.concurrent.ThreadPoolExecutor$Worker.run(Unknown Source) [na:1.7.0_45]
	at java.lang.Thread.run(Unknown Source) [na:1.7.0_45]
17:00:20.813 [Thread-8] INFO  me.jdbener.PHitboxBotX.PHitboxBotX - :jdbener!jdbener@hitbox.tv PRIVMSG ##jdbener :Jdbener: Jdbener: Jdbener: Jdbener: Jdbener: Jdbener: Jdbener: Jdbener: Jdbener: Jdbener: Jdbener: Jdbener: Jdbener: Jdbener: Jdbener: Jdbener: sup kid?
2
17:00:20.814 [listenerPool0-thread23] ERROR o.p.h.m.ThreadedListenerManager - Exception encountered when executing event MessageEvent(channel=Channel(name=#jdbener, channelId=1403b3aa-7c09-46d0-a776-c71b8b8209bc, dao=org.pircbotx.UserChannelDao@1aa1215a, bot=Version{PircBotX 2.0.1, a fork of PircBot, the Java IRC bot - pircbotx.googlecode.com} Connected{false} Server{socket.hitbox.tv} Port{6667} Password{il0venV!}, output=org.pircbotx.Channel$1@769eb603, mode=, topic=, topicTimestamp=0, createTimestamp=0, topicSetter=, moderated=false, noExternalMessages=false, inviteOnly=false, secret=false, channelPrivate=false, topicProtection=false, channelLimit=-1, channelKey=null, modeStale=false, modeLatch=null), user=User(bot=Version{PircBotX 2.0.1, a fork of PircBot, the Java IRC bot - pircbotx.googlecode.com} Connected{false} Server{socket.hitbox.tv} Port{6667} Password{il0venV!}, dao=org.pircbotx.UserChannelDao@1aa1215a, userId=492a3e87-bfe4-44e7-ade1-cc9858b64cfe, output=org.pircbotx.User$1@2dbfbbcc, nick=jdbener, realName=, login=, hostmask=, awayMessage=null, ircop=false, server=, hops=0), message=Jdbener: Jdbener: Jdbener: Jdbener: Jdbener: Jdbener: Jdbener: Jdbener: Jdbener: Jdbener: Jdbener: Jdbener: Jdbener: Jdbener: Jdbener: Jdbener: sup kid?) on listener me.jdbener.Cleaner@51dd22a2
java.lang.IndexOutOfBoundsException: Index: 2, Size: 2
	at java.util.ArrayList.rangeCheck(Unknown Source) ~[na:1.7.0_45]
	at java.util.ArrayList.get(Unknown Source) ~[na:1.7.0_45]
	at me.jdbener.Cleaner.onMessage(Cleaner.java:103) ~[bin/:na]
	at org.pircbotx.hooks.ListenerAdapter.onEvent(ListenerAdapter.java:63) ~[pircbotx-2.0.1.jar:na]
	at org.pircbotx.hooks.managers.ThreadedListenerManager$1.call(ThreadedListenerManager.java:119) [pircbotx-2.0.1.jar:na]
	at org.pircbotx.hooks.managers.ThreadedListenerManager$1.call(ThreadedListenerManager.java:115) [pircbotx-2.0.1.jar:na]
	at java.util.concurrent.FutureTask.run(Unknown Source) [na:1.7.0_45]
	at java.util.concurrent.ThreadPoolExecutor.runWorker(Unknown Source) [na:1.7.0_45]
	at java.util.concurrent.ThreadPoolExecutor$Worker.run(Unknown Source) [na:1.7.0_45]
	at java.lang.Thread.run(Unknown Source) [na:1.7.0_45]
2
2
2
18
17:00:20.933 [Thread-8] INFO  me.jdbener.PHitboxBotX.PHitboxBotX - :jdbener!jdbener@hitbox.tv PRIVMSG ##jdbener :Jdbener: Jdbener: Jdbener: Jdbener: Jdbener: Jdbener: Jdbener: Jdbener: Jdbener: Jdbener: Jdbener: Jdbener: Jdbener: Jdbener: Jdbener: Jdbener: Jdbener: sup kid?
2
2
2
2
19
17:00:20.934 [listenerPool0-thread23] ERROR o.p.h.m.ThreadedListenerManager - Exception encountered when executing event MessageEvent(channel=Channel(name=#jdbener, channelId=0b83bf3e-88bd-4ee2-9ceb-4d46d5486356, dao=org.pircbotx.UserChannelDao@1aa1215a, bot=Version{PircBotX 2.0.1, a fork of PircBot, the Java IRC bot - pircbotx.googlecode.com} Connected{false} Server{socket.hitbox.tv} Port{6667} Password{il0venV!}, output=org.pircbotx.Channel$1@69149578, mode=, topic=, topicTimestamp=0, createTimestamp=0, topicSetter=, moderated=false, noExternalMessages=false, inviteOnly=false, secret=false, channelPrivate=false, topicProtection=false, channelLimit=-1, channelKey=null, modeStale=false, modeLatch=null), user=User(bot=Version{PircBotX 2.0.1, a fork of PircBot, the Java IRC bot - pircbotx.googlecode.com} Connected{false} Server{socket.hitbox.tv} Port{6667} Password{il0venV!}, dao=org.pircbotx.UserChannelDao@1aa1215a, userId=d6266052-abbc-4333-8514-e5beba17063f, output=org.pircbotx.User$1@46612f2d, nick=jdbener, realName=, login=, hostmask=, awayMessage=null, ircop=false, server=, hops=0), message=Jdbener: Jdbener: Jdbener: Jdbener: Jdbener: Jdbener: Jdbener: Jdbener: Jdbener: Jdbener: Jdbener: Jdbener: Jdbener: Jdbener: Jdbener: Jdbener: Jdbener: sup kid?) on listener me.jdbener.Cleaner@51dd22a2
java.lang.IndexOutOfBoundsException: Index: 2, Size: 2
	at java.util.ArrayList.rangeCheck(Unknown Source) ~[na:1.7.0_45]
	at java.util.ArrayList.get(Unknown Source) ~[na:1.7.0_45]
	at me.jdbener.Cleaner.onMessage(Cleaner.java:103) ~[bin/:na]
	at org.pircbotx.hooks.ListenerAdapter.onEvent(ListenerAdapter.java:63) ~[pircbotx-2.0.1.jar:na]
	at org.pircbotx.hooks.managers.ThreadedListenerManager$1.call(ThreadedListenerManager.java:119) [pircbotx-2.0.1.jar:na]
	at org.pircbotx.hooks.managers.ThreadedListenerManager$1.call(ThreadedListenerManager.java:115) [pircbotx-2.0.1.jar:na]
	at java.util.concurrent.FutureTask.run(Unknown Source) [na:1.7.0_45]
	at java.util.concurrent.ThreadPoolExecutor.runWorker(Unknown Source) [na:1.7.0_45]
	at java.util.concurrent.ThreadPoolExecutor$Worker.run(Unknown Source) [na:1.7.0_45]
	at java.lang.Thread.run(Unknown Source) [na:1.7.0_45]
17:00:21.033 [Thread-8] INFO  me.jdbener.PHitboxBotX.PHitboxBotX - :jdbener!jdbener@hitbox.tv PRIVMSG ##jdbener :Jdbener: Jdbener: Jdbener: Jdbener: Jdbener: Jdbener: Jdbener: Jdbener: Jdbener: Jdbener: Jdbener: Jdbener: Jdbener: Jdbener: Jdbener: Jdbener: Jdbener: Jdbener: sup kid?
2
2
2
2
20
17:00:21.034 [listenerPool0-thread29] ERROR o.p.h.m.ThreadedListenerManager - Exception encountered when executing event MessageEvent(channel=Channel(name=#jdbener, channelId=1777701c-07c9-45cc-a462-25a1c4cfb3af, dao=org.pircbotx.UserChannelDao@1aa1215a, bot=Version{PircBotX 2.0.1, a fork of PircBot, the Java IRC bot - pircbotx.googlecode.com} Connected{false} Server{socket.hitbox.tv} Port{6667} Password{il0venV!}, output=org.pircbotx.Channel$1@475b6084, mode=, topic=, topicTimestamp=0, createTimestamp=0, topicSetter=, moderated=false, noExternalMessages=false, inviteOnly=false, secret=false, channelPrivate=false, topicProtection=false, channelLimit=-1, channelKey=null, modeStale=false, modeLatch=null), user=User(bot=Version{PircBotX 2.0.1, a fork of PircBot, the Java IRC bot - pircbotx.googlecode.com} Connected{false} Server{socket.hitbox.tv} Port{6667} Password{il0venV!}, dao=org.pircbotx.UserChannelDao@1aa1215a, userId=1c5b5334-344f-4252-856a-dd8101abf8ec, output=org.pircbotx.User$1@401d9eb5, nick=jdbener, realName=, login=, hostmask=, awayMessage=null, ircop=false, server=, hops=0), message=Jdbener: Jdbener: Jdbener: Jdbener: Jdbener: Jdbener: Jdbener: Jdbener: Jdbener: Jdbener: Jdbener: Jdbener: Jdbener: Jdbener: Jdbener: Jdbener: Jdbener: Jdbener: sup kid?) on listener me.jdbener.Cleaner@51dd22a2
java.lang.IndexOutOfBoundsException: Index: 2, Size: 2
	at java.util.ArrayList.rangeCheck(Unknown Source) ~[na:1.7.0_45]
	at java.util.ArrayList.get(Unknown Source) ~[na:1.7.0_45]
	at me.jdbener.Cleaner.onMessage(Cleaner.java:103) ~[bin/:na]
	at org.pircbotx.hooks.ListenerAdapter.onEvent(ListenerAdapter.java:63) ~[pircbotx-2.0.1.jar:na]
	at org.pircbotx.hooks.managers.ThreadedListenerManager$1.call(ThreadedListenerManager.java:119) [pircbotx-2.0.1.jar:na]
	at org.pircbotx.hooks.managers.ThreadedListenerManager$1.call(ThreadedListenerManager.java:115) [pircbotx-2.0.1.jar:na]
	at java.util.concurrent.FutureTask.run(Unknown Source) [na:1.7.0_45]
	at java.util.concurrent.ThreadPoolExecutor.runWorker(Unknown Source) [na:1.7.0_45]
	at java.util.concurrent.ThreadPoolExecutor$Worker.run(Unknown Source) [na:1.7.0_45]
	at java.lang.Thread.run(Unknown Source) [na:1.7.0_45]
17:00:21.132 [Thread-8] INFO  me.jdbener.PHitboxBotX.PHitboxBotX - :jdbener!jdbener@hitbox.tv PRIVMSG ##jdbener :Jdbener: Jdbener: Jdbener: Jdbener: Jdbener: Jdbener: Jdbener: Jdbener: Jdbener: Jdbener: Jdbener: Jdbener: Jdbener: Jdbener: Jdbener: Jdbener: Jdbener: Jdbener: Jdbener: sup kid?
2
2
2
2
21
17:00:21.134 [listenerPool0-thread30] ERROR o.p.h.m.ThreadedListenerManager - Exception encountered when executing event MessageEvent(channel=Channel(name=#jdbener, channelId=24a5acea-d484-428c-bb70-d14101269cbe, dao=org.pircbotx.UserChannelDao@1aa1215a, bot=Version{PircBotX 2.0.1, a fork of PircBot, the Java IRC bot - pircbotx.googlecode.com} Connected{false} Server{socket.hitbox.tv} Port{6667} Password{il0venV!}, output=org.pircbotx.Channel$1@57407ae8, mode=, topic=, topicTimestamp=0, createTimestamp=0, topicSetter=, moderated=false, noExternalMessages=false, inviteOnly=false, secret=false, channelPrivate=false, topicProtection=false, channelLimit=-1, channelKey=null, modeStale=false, modeLatch=null), user=User(bot=Version{PircBotX 2.0.1, a fork of PircBot, the Java IRC bot - pircbotx.googlecode.com} Connected{false} Server{socket.hitbox.tv} Port{6667} Password{il0venV!}, dao=org.pircbotx.UserChannelDao@1aa1215a, userId=5c6d55ab-efa2-475e-9c1c-c9c2fe04e970, output=org.pircbotx.User$1@4a454218, nick=jdbener, realName=, login=, hostmask=, awayMessage=null, ircop=false, server=, hops=0), message=Jdbener: Jdbener: Jdbener: Jdbener: Jdbener: Jdbener: Jdbener: Jdbener: Jdbener: Jdbener: Jdbener: Jdbener: Jdbener: Jdbener: Jdbener: Jdbener: Jdbener: Jdbener: Jdbener: sup kid?) on listener me.jdbener.Cleaner@51dd22a2
java.lang.IndexOutOfBoundsException: Index: 2, Size: 2
	at java.util.ArrayList.rangeCheck(Unknown Source) ~[na:1.7.0_45]
	at java.util.ArrayList.get(Unknown Source) ~[na:1.7.0_45]
	at me.jdbener.Cleaner.onMessage(Cleaner.java:103) ~[bin/:na]
	at org.pircbotx.hooks.ListenerAdapter.onEvent(ListenerAdapter.java:63) ~[pircbotx-2.0.1.jar:na]
	at org.pircbotx.hooks.managers.ThreadedListenerManager$1.call(ThreadedListenerManager.java:119) [pircbotx-2.0.1.jar:na]
	at org.pircbotx.hooks.managers.ThreadedListenerManager$1.call(ThreadedListenerManager.java:115) [pircbotx-2.0.1.jar:na]
	at java.util.concurrent.FutureTask.run(Unknown Source) [na:1.7.0_45]
	at java.util.concurrent.ThreadPoolExecutor.runWorker(Unknown Source) [na:1.7.0_45]
	at java.util.concurrent.ThreadPoolExecutor$Worker.run(Unknown Source) [na:1.7.0_45]
	at java.lang.Thread.run(Unknown Source) [na:1.7.0_45]
17:00:21.260 [Thread-8] INFO  me.jdbener.PHitboxBotX.PHitboxBotX - :jdbener!jdbener@hitbox.tv PRIVMSG ##jdbener :Jdbener: Jdbener: Jdbener: Jdbener: Jdbener: Jdbener: Jdbener: Jdbener: Jdbener: Jdbener: Jdbener: Jdbener: Jdbener: Jdbener: Jdbener: Jdbener: Jdbener: Jdbener: Jdbener: Jdbener: sup kid?
2
2
2
2
22
17:00:21.263 [listenerPool0-thread33] ERROR o.p.h.m.ThreadedListenerManager - Exception encountered when executing event MessageEvent(channel=Channel(name=#jdbener, channelId=9ddd4f8e-cfeb-4eec-824c-0624c2e3bc1b, dao=org.pircbotx.UserChannelDao@1aa1215a, bot=Version{PircBotX 2.0.1, a fork of PircBot, the Java IRC bot - pircbotx.googlecode.com} Connected{false} Server{socket.hitbox.tv} Port{6667} Password{il0venV!}, output=org.pircbotx.Channel$1@3eb05e26, mode=, topic=, topicTimestamp=0, createTimestamp=0, topicSetter=, moderated=false, noExternalMessages=false, inviteOnly=false, secret=false, channelPrivate=false, topicProtection=false, channelLimit=-1, channelKey=null, modeStale=false, modeLatch=null), user=User(bot=Version{PircBotX 2.0.1, a fork of PircBot, the Java IRC bot - pircbotx.googlecode.com} Connected{false} Server{socket.hitbox.tv} Port{6667} Password{il0venV!}, dao=org.pircbotx.UserChannelDao@1aa1215a, userId=4738a95c-372c-4972-89f2-f18fbe6a57be, output=org.pircbotx.User$1@2cf530f1, nick=jdbener, realName=, login=, hostmask=, awayMessage=null, ircop=false, server=, hops=0), message=Jdbener: Jdbener: Jdbener: Jdbener: Jdbener: Jdbener: Jdbener: Jdbener: Jdbener: Jdbener: Jdbener: Jdbener: Jdbener: Jdbener: Jdbener: Jdbener: Jdbener: Jdbener: Jdbener: Jdbener: sup kid?) on listener me.jdbener.Cleaner@51dd22a2
java.lang.IndexOutOfBoundsException: Index: 2, Size: 2
	at java.util.ArrayList.rangeCheck(Unknown Source) ~[na:1.7.0_45]
	at java.util.ArrayList.get(Unknown Source) ~[na:1.7.0_45]
	at me.jdbener.Cleaner.onMessage(Cleaner.java:103) ~[bin/:na]
	at org.pircbotx.hooks.ListenerAdapter.onEvent(ListenerAdapter.java:63) ~[pircbotx-2.0.1.jar:na]
	at org.pircbotx.hooks.managers.ThreadedListenerManager$1.call(ThreadedListenerManager.java:119) [pircbotx-2.0.1.jar:na]
	at org.pircbotx.hooks.managers.ThreadedListenerManager$1.call(ThreadedListenerManager.java:115) [pircbotx-2.0.1.jar:na]
	at java.util.concurrent.FutureTask.run(Unknown Source) [na:1.7.0_45]
	at java.util.concurrent.ThreadPoolExecutor.runWorker(Unknown Source) [na:1.7.0_45]
	at java.util.concurrent.ThreadPoolExecutor$Worker.run(Unknown Source) [na:1.7.0_45]
	at java.lang.Thread.run(Unknown Source) [na:1.7.0_45]
17:00:21.374 [Thread-8] INFO  me.jdbener.PHitboxBotX.PHitboxBotX - :jdbener!jdbener@hitbox.tv PRIVMSG ##jdbener :Jdbener: Jdbener: Jdbener: Jdbener: Jdbener: Jdbener: Jdbener: Jdbener: Jdbener: Jdbener: Jdbener: Jdbener: Jdbener: Jdbener: Jdbener: Jdbener: Jdbener: Jdbener: Jdbener: Jdbener: Jdbener: sup kid?
17:00:21.378 [listenerPool0-thread34] ERROR o.p.h.m.ThreadedListenerManager - Exception encountered when executing event MessageEvent(channel=Channel(name=#jdbener, channelId=161d0b06-f996-4338-85d5-87c5be17abe7, dao=org.pircbotx.UserChannelDao@1aa1215a, bot=Version{PircBotX 2.0.1, a fork of PircBot, the Java IRC bot - pircbotx.googlecode.com} Connected{false} Server{socket.hitbox.tv} Port{6667} Password{il0venV!}, output=org.pircbotx.Channel$1@278904b4, mode=, topic=, topicTimestamp=0, createTimestamp=0, topicSetter=, moderated=false, noExternalMessages=false, inviteOnly=false, secret=false, channelPrivate=false, topicProtection=false, channelLimit=-1, channelKey=null, modeStale=false, modeLatch=null), user=User(bot=Version{PircBotX 2.0.1, a fork of PircBot, the Java IRC bot - pircbotx.googlecode.com} Connected{false} Server{socket.hitbox.tv} Port{6667} Password{il0venV!}, dao=org.pircbotx.UserChannelDao@1aa1215a, userId=caeba08b-bbfd-47be-90b1-416f851b1941, output=org.pircbotx.User$1@1493d9b3, nick=jdbener, realName=, login=, hostmask=, awayMessage=null, ircop=false, server=, hops=0), message=Jdbener: Jdbener: Jdbener: Jdbener: Jdbener: Jdbener: Jdbener: Jdbener: Jdbener: Jdbener: Jdbener: Jdbener: Jdbener: Jdbener: Jdbener: Jdbener: Jdbener: Jdbener: Jdbener: Jdbener: Jdbener: sup kid?) on listener me.jdbener.Cleaner@51dd22a2
java.lang.IndexOutOfBoundsException: Index: 2, Size: 2
	at java.util.ArrayList.rangeCheck(Unknown Source) ~[na:1.7.0_45]
	at java.util.ArrayList.get(Unknown Source) ~[na:1.7.0_45]
	at me.jdbener.Cleaner.onMessage(Cleaner.java:103) ~[bin/:na]
	at org.pircbotx.hooks.ListenerAdapter.onEvent(ListenerAdapter.java:63) ~[pircbotx-2.0.1.jar:na]
	at org.pircbotx.hooks.managers.ThreadedListenerManager$1.call(ThreadedListenerManager.java:119) [pircbotx-2.0.1.jar:na]
	at org.pircbotx.hooks.managers.ThreadedListenerManager$1.call(ThreadedListenerManager.java:115) [pircbotx-2.0.1.jar:na]
	at java.util.concurrent.FutureTask.run(Unknown Source) [na:1.7.0_45]
	at java.util.concurrent.ThreadPoolExecutor.runWorker(Unknown Source) [na:1.7.0_45]
	at java.util.concurrent.ThreadPoolExecutor$Worker.run(Unknown Source) [na:1.7.0_45]
	at java.lang.Thread.run(Unknown Source) [na:1.7.0_45]
2
2
2
2
23
17:00:21.497 [Thread-8] INFO  me.jdbener.PHitboxBotX.PHitboxBotX - :jdbener!jdbener@hitbox.tv PRIVMSG ##jdbener :Jdbener: Jdbener: Jdbener: Jdbener: Jdbener: Jdbener: Jdbener: Jdbener: Jdbener: Jdbener: Jdbener: Jdbener: Jdbener: Jdbener: Jdbener: Jdbener: Jdbener: Jdbener: Jdbener: Jdbener: Jdbener: Jdbener: sup kid?
2
2
2
2
24
17:00:21.500 [listenerPool0-thread35] ERROR o.p.h.m.ThreadedListenerManager - Exception encountered when executing event MessageEvent(channel=Channel(name=#jdbener, channelId=d6a5976a-e416-4c45-9c02-7cd2b3c168c2, dao=org.pircbotx.UserChannelDao@1aa1215a, bot=Version{PircBotX 2.0.1, a fork of PircBot, the Java IRC bot - pircbotx.googlecode.com} Connected{false} Server{socket.hitbox.tv} Port{6667} Password{il0venV!}, output=org.pircbotx.Channel$1@3ec7195b, mode=, topic=, topicTimestamp=0, createTimestamp=0, topicSetter=, moderated=false, noExternalMessages=false, inviteOnly=false, secret=false, channelPrivate=false, topicProtection=false, channelLimit=-1, channelKey=null, modeStale=false, modeLatch=null), user=User(bot=Version{PircBotX 2.0.1, a fork of PircBot, the Java IRC bot - pircbotx.googlecode.com} Connected{false} Server{socket.hitbox.tv} Port{6667} Password{il0venV!}, dao=org.pircbotx.UserChannelDao@1aa1215a, userId=dbe11124-92d6-4eea-9728-4796737c29f0, output=org.pircbotx.User$1@151c590, nick=jdbener, realName=, login=, hostmask=, awayMessage=null, ircop=false, server=, hops=0), message=Jdbener: Jdbener: Jdbener: Jdbener: Jdbener: Jdbener: Jdbener: Jdbener: Jdbener: Jdbener: Jdbener: Jdbener: Jdbener: Jdbener: Jdbener: Jdbener: Jdbener: Jdbener: Jdbener: Jdbener: Jdbener: Jdbener: sup kid?) on listener me.jdbener.Cleaner@51dd22a2
java.lang.IndexOutOfBoundsException: Index: 2, Size: 2
	at java.util.ArrayList.rangeCheck(Unknown Source) ~[na:1.7.0_45]
	at java.util.ArrayList.get(Unknown Source) ~[na:1.7.0_45]
	at me.jdbener.Cleaner.onMessage(Cleaner.java:103) ~[bin/:na]
	at org.pircbotx.hooks.ListenerAdapter.onEvent(ListenerAdapter.java:63) ~[pircbotx-2.0.1.jar:na]
	at org.pircbotx.hooks.managers.ThreadedListenerManager$1.call(ThreadedListenerManager.java:119) [pircbotx-2.0.1.jar:na]
	at org.pircbotx.hooks.managers.ThreadedListenerManager$1.call(ThreadedListenerManager.java:115) [pircbotx-2.0.1.jar:na]
	at java.util.concurrent.FutureTask.run(Unknown Source) [na:1.7.0_45]
	at java.util.concurrent.ThreadPoolExecutor.runWorker(Unknown Source) [na:1.7.0_45]
	at java.util.concurrent.ThreadPoolExecutor$Worker.run(Unknown Source) [na:1.7.0_45]
	at java.lang.Thread.run(Unknown Source) [na:1.7.0_45]
17:00:21.631 [Thread-8] INFO  me.jdbener.PHitboxBotX.PHitboxBotX - :jdbener!jdbener@hitbox.tv PRIVMSG ##jdbener :Jdbener: Jdbener: Jdbener: Jdbener: Jdbener: Jdbener: Jdbener: Jdbener: Jdbener: Jdbener: Jdbener: Jdbener: Jdbener: Jdbener: Jdbener: Jdbener: Jdbener: Jdbener: Jdbener: Jdbener: Jdbener: Jdbener: Jdbener: sup kid?
2
2
2
2
25
17:00:21.631 [listenerPool0-thread22] ERROR o.p.h.m.ThreadedListenerManager - Exception encountered when executing event MessageEvent(channel=Channel(name=#jdbener, channelId=d686004d-ded1-478c-b661-871179ab7b4e, dao=org.pircbotx.UserChannelDao@1aa1215a, bot=Version{PircBotX 2.0.1, a fork of PircBot, the Java IRC bot - pircbotx.googlecode.com} Connected{false} Server{socket.hitbox.tv} Port{6667} Password{il0venV!}, output=org.pircbotx.Channel$1@2e2a62cc, mode=, topic=, topicTimestamp=0, createTimestamp=0, topicSetter=, moderated=false, noExternalMessages=false, inviteOnly=false, secret=false, channelPrivate=false, topicProtection=false, channelLimit=-1, channelKey=null, modeStale=false, modeLatch=null), user=User(bot=Version{PircBotX 2.0.1, a fork of PircBot, the Java IRC bot - pircbotx.googlecode.com} Connected{false} Server{socket.hitbox.tv} Port{6667} Password{il0venV!}, dao=org.pircbotx.UserChannelDao@1aa1215a, userId=010fa231-4b30-4fc7-8ac8-77c89a8fa558, output=org.pircbotx.User$1@60bc56c1, nick=jdbener, realName=, login=, hostmask=, awayMessage=null, ircop=false, server=, hops=0), message=Jdbener: Jdbener: Jdbener: Jdbener: Jdbener: Jdbener: Jdbener: Jdbener: Jdbener: Jdbener: Jdbener: Jdbener: Jdbener: Jdbener: Jdbener: Jdbener: Jdbener: Jdbener: Jdbener: Jdbener: Jdbener: Jdbener: Jdbener: sup kid?) on listener me.jdbener.Cleaner@51dd22a2
java.lang.IndexOutOfBoundsException: Index: 2, Size: 2
	at java.util.ArrayList.rangeCheck(Unknown Source) ~[na:1.7.0_45]
	at java.util.ArrayList.get(Unknown Source) ~[na:1.7.0_45]
	at me.jdbener.Cleaner.onMessage(Cleaner.java:103) ~[bin/:na]
	at org.pircbotx.hooks.ListenerAdapter.onEvent(ListenerAdapter.java:63) ~[pircbotx-2.0.1.jar:na]
	at org.pircbotx.hooks.managers.ThreadedListenerManager$1.call(ThreadedListenerManager.java:119) [pircbotx-2.0.1.jar:na]
	at org.pircbotx.hooks.managers.ThreadedListenerManager$1.call(ThreadedListenerManager.java:115) [pircbotx-2.0.1.jar:na]
	at java.util.concurrent.FutureTask.run(Unknown Source) [na:1.7.0_45]
	at java.util.concurrent.ThreadPoolExecutor.runWorker(Unknown Source) [na:1.7.0_45]
	at java.util.concurrent.ThreadPoolExecutor$Worker.run(Unknown Source) [na:1.7.0_45]
	at java.lang.Thread.run(Unknown Source) [na:1.7.0_45]
17:00:21.749 [Thread-8] INFO  me.jdbener.PHitboxBotX.PHitboxBotX - :jdbener!jdbener@hitbox.tv PRIVMSG ##jdbener :Jdbener: Jdbener: Jdbener: Jdbener: Jdbener: Jdbener: Jdbener: Jdbener: Jdbener: Jdbener: Jdbener: Jdbener: Jdbener: Jdbener: Jdbener: Jdbener: Jdbener: Jdbener: Jdbener: Jdbener: Jdbener: Jdbener: Jdbener: Jdbener: sup kid?
2
2
2
2
26
17:00:21.750 [listenerPool0-thread32] ERROR o.p.h.m.ThreadedListenerManager - Exception encountered when executing event MessageEvent(channel=Channel(name=#jdbener, channelId=d7910b1e-2104-42d9-b1e3-cb1dac10099b, dao=org.pircbotx.UserChannelDao@1aa1215a, bot=Version{PircBotX 2.0.1, a fork of PircBot, the Java IRC bot - pircbotx.googlecode.com} Connected{false} Server{socket.hitbox.tv} Port{6667} Password{il0venV!}, output=org.pircbotx.Channel$1@4c3b7f48, mode=, topic=, topicTimestamp=0, createTimestamp=0, topicSetter=, moderated=false, noExternalMessages=false, inviteOnly=false, secret=false, channelPrivate=false, topicProtection=false, channelLimit=-1, channelKey=null, modeStale=false, modeLatch=null), user=User(bot=Version{PircBotX 2.0.1, a fork of PircBot, the Java IRC bot - pircbotx.googlecode.com} Connected{false} Server{socket.hitbox.tv} Port{6667} Password{il0venV!}, dao=org.pircbotx.UserChannelDao@1aa1215a, userId=2c52f7f8-e4ec-4b37-99e6-0e73d25fa861, output=org.pircbotx.User$1@56217711, nick=jdbener, realName=, login=, hostmask=, awayMessage=null, ircop=false, server=, hops=0), message=Jdbener: Jdbener: Jdbener: Jdbener: Jdbener: Jdbener: Jdbener: Jdbener: Jdbener: Jdbener: Jdbener: Jdbener: Jdbener: Jdbener: Jdbener: Jdbener: Jdbener: Jdbener: Jdbener: Jdbener: Jdbener: Jdbener: Jdbener: Jdbener: sup kid?) on listener me.jdbener.Cleaner@51dd22a2
java.lang.IndexOutOfBoundsException: Index: 2, Size: 2
	at java.util.ArrayList.rangeCheck(Unknown Source) ~[na:1.7.0_45]
	at java.util.ArrayList.get(Unknown Source) ~[na:1.7.0_45]
	at me.jdbener.Cleaner.onMessage(Cleaner.java:103) ~[bin/:na]
	at org.pircbotx.hooks.ListenerAdapter.onEvent(ListenerAdapter.java:63) ~[pircbotx-2.0.1.jar:na]
	at org.pircbotx.hooks.managers.ThreadedListenerManager$1.call(ThreadedListenerManager.java:119) [pircbotx-2.0.1.jar:na]
	at org.pircbotx.hooks.managers.ThreadedListenerManager$1.call(ThreadedListenerManager.java:115) [pircbotx-2.0.1.jar:na]
	at java.util.concurrent.FutureTask.run(Unknown Source) [na:1.7.0_45]
	at java.util.concurrent.ThreadPoolExecutor.runWorker(Unknown Source) [na:1.7.0_45]
	at java.util.concurrent.ThreadPoolExecutor$Worker.run(Unknown Source) [na:1.7.0_45]
	at java.lang.Thread.run(Unknown Source) [na:1.7.0_45]
17:00:21.849 [Thread-8] INFO  me.jdbener.PHitboxBotX.PHitboxBotX - :jdbener!jdbener@hitbox.tv PRIVMSG ##jdbener :Jdbener: Jdbener: Jdbener: Jdbener: Jdbener: Jdbener: Jdbener: Jdbener: Jdbener: Jdbener: Jdbener: Jdbener: Jdbener: Jdbener: Jdbener: Jdbener: Jdbener: Jdbener: Jdbener: Jdbener: Jdbener: Jdbener: Jdbener: Jdbener: Jdbener: sup kid?
2
2
2
2
17:00:21.850 [listenerPool0-thread30] ERROR o.p.h.m.ThreadedListenerManager - Exception encountered when executing event MessageEvent(channel=Channel(name=#jdbener, channelId=df666ea3-b721-4034-8d40-ed9efd80d6f8, dao=org.pircbotx.UserChannelDao@1aa1215a, bot=Version{PircBotX 2.0.1, a fork of PircBot, the Java IRC bot - pircbotx.googlecode.com} Connected{false} Server{socket.hitbox.tv} Port{6667} Password{il0venV!}, output=org.pircbotx.Channel$1@15115676, mode=, topic=, topicTimestamp=0, createTimestamp=0, topicSetter=, moderated=false, noExternalMessages=false, inviteOnly=false, secret=false, channelPrivate=false, topicProtection=false, channelLimit=-1, channelKey=null, modeStale=false, modeLatch=null), user=User(bot=Version{PircBotX 2.0.1, a fork of PircBot, the Java IRC bot - pircbotx.googlecode.com} Connected{false} Server{socket.hitbox.tv} Port{6667} Password{il0venV!}, dao=org.pircbotx.UserChannelDao@1aa1215a, userId=8fa11981-de0d-4890-9f99-140dddba0e2d, output=org.pircbotx.User$1@254367c8, nick=jdbener, realName=, login=, hostmask=, awayMessage=null, ircop=false, server=, hops=0), message=Jdbener: Jdbener: Jdbener: Jdbener: Jdbener: Jdbener: Jdbener: Jdbener: Jdbener: Jdbener: Jdbener: Jdbener: Jdbener: Jdbener: Jdbener: Jdbener: Jdbener: Jdbener: Jdbener: Jdbener: Jdbener: Jdbener: Jdbener: Jdbener: Jdbener: sup kid?) on listener me.jdbener.Cleaner@51dd22a2
java.lang.IndexOutOfBoundsException: Index: 2, Size: 2
	at java.util.ArrayList.rangeCheck(Unknown Source) ~[na:1.7.0_45]
	at java.util.ArrayList.get(Unknown Source) ~[na:1.7.0_45]
	at me.jdbener.Cleaner.onMessage(Cleaner.java:103) ~[bin/:na]
	at org.pircbotx.hooks.ListenerAdapter.onEvent(ListenerAdapter.java:63) ~[pircbotx-2.0.1.jar:na]
	at org.pircbotx.hooks.managers.ThreadedListenerManager$1.call(ThreadedListenerManager.java:119) [pircbotx-2.0.1.jar:na]
	at org.pircbotx.hooks.managers.ThreadedListenerManager$1.call(ThreadedListenerManager.java:115) [pircbotx-2.0.1.jar:na]
	at java.util.concurrent.FutureTask.run(Unknown Source) [na:1.7.0_45]
	at java.util.concurrent.ThreadPoolExecutor.runWorker(Unknown Source) [na:1.7.0_45]
	at java.util.concurrent.ThreadPoolExecutor$Worker.run(Unknown Source) [na:1.7.0_45]
	at java.lang.Thread.run(Unknown Source) [na:1.7.0_45]
27
17:00:21.959 [Thread-8] INFO  me.jdbener.PHitboxBotX.PHitboxBotX - :jdbener!jdbener@hitbox.tv PRIVMSG ##jdbener :Jdbener: Jdbener: Jdbener: Jdbener: Jdbener: Jdbener: Jdbener: Jdbener: Jdbener: Jdbener: Jdbener: Jdbener: Jdbener: Jdbener: Jdbener: Jdbener: Jdbener: Jdbener: Jdbener: Jdbener: Jdbener: Jdbener: Jdbener: Jdbener: Jdbener: Jdbener: sup kid?
2
2
2
2
28
17:00:21.960 [listenerPool0-thread15] ERROR o.p.h.m.ThreadedListenerManager - Exception encountered when executing event MessageEvent(channel=Channel(name=#jdbener, channelId=c9375231-4ae9-48a2-bf7d-1496756adbe0, dao=org.pircbotx.UserChannelDao@1aa1215a, bot=Version{PircBotX 2.0.1, a fork of PircBot, the Java IRC bot - pircbotx.googlecode.com} Connected{false} Server{socket.hitbox.tv} Port{6667} Password{il0venV!}, output=org.pircbotx.Channel$1@6cd9f6cb, mode=, topic=, topicTimestamp=0, createTimestamp=0, topicSetter=, moderated=false, noExternalMessages=false, inviteOnly=false, secret=false, channelPrivate=false, topicProtection=false, channelLimit=-1, channelKey=null, modeStale=false, modeLatch=null), user=User(bot=Version{PircBotX 2.0.1, a fork of PircBot, the Java IRC bot - pircbotx.googlecode.com} Connected{false} Server{socket.hitbox.tv} Port{6667} Password{il0venV!}, dao=org.pircbotx.UserChannelDao@1aa1215a, userId=677790d9-78af-4459-b952-f74fffbe371f, output=org.pircbotx.User$1@59d9c141, nick=jdbener, realName=, login=, hostmask=, awayMessage=null, ircop=false, server=, hops=0), message=Jdbener: Jdbener: Jdbener: Jdbener: Jdbener: Jdbener: Jdbener: Jdbener: Jdbener: Jdbener: Jdbener: Jdbener: Jdbener: Jdbener: Jdbener: Jdbener: Jdbener: Jdbener: Jdbener: Jdbener: Jdbener: Jdbener: Jdbener: Jdbener: Jdbener: Jdbener: sup kid?) on listener me.jdbener.Cleaner@51dd22a2
java.lang.IndexOutOfBoundsException: Index: 2, Size: 2
	at java.util.ArrayList.rangeCheck(Unknown Source) ~[na:1.7.0_45]
	at java.util.ArrayList.get(Unknown Source) ~[na:1.7.0_45]
	at me.jdbener.Cleaner.onMessage(Cleaner.java:103) ~[bin/:na]
	at org.pircbotx.hooks.ListenerAdapter.onEvent(ListenerAdapter.java:63) ~[pircbotx-2.0.1.jar:na]
	at org.pircbotx.hooks.managers.ThreadedListenerManager$1.call(ThreadedListenerManager.java:119) [pircbotx-2.0.1.jar:na]
	at org.pircbotx.hooks.managers.ThreadedListenerManager$1.call(ThreadedListenerManager.java:115) [pircbotx-2.0.1.jar:na]
	at java.util.concurrent.FutureTask.run(Unknown Source) [na:1.7.0_45]
	at java.util.concurrent.ThreadPoolExecutor.runWorker(Unknown Source) [na:1.7.0_45]
	at java.util.concurrent.ThreadPoolExecutor$Worker.run(Unknown Source) [na:1.7.0_45]
	at java.lang.Thread.run(Unknown Source) [na:1.7.0_45]
17:00:22.068 [Thread-8] INFO  me.jdbener.PHitboxBotX.PHitboxBotX - :jdbener!jdbener@hitbox.tv PRIVMSG ##jdbener :Jdbener: Jdbener: Jdbener: Jdbener: Jdbener: Jdbener: Jdbener: Jdbener: Jdbener: Jdbener: Jdbener: Jdbener: Jdbener: Jdbener: Jdbener: Jdbener: Jdbener: Jdbener: Jdbener: Jdbener: Jdbener: Jdbener: Jdbener: Jdbener: Jdbener: Jdbener: Jdbener: sup kid?
2
2
2
2
29
17:00:22.069 [listenerPool0-thread36] ERROR o.p.h.m.ThreadedListenerManager - Exception encountered when executing event MessageEvent(channel=Channel(name=#jdbener, channelId=ce5f205e-8226-4524-990b-fac58d74fea2, dao=org.pircbotx.UserChannelDao@1aa1215a, bot=Version{PircBotX 2.0.1, a fork of PircBot, the Java IRC bot - pircbotx.googlecode.com} Connected{false} Server{socket.hitbox.tv} Port{6667} Password{il0venV!}, output=org.pircbotx.Channel$1@78f382b0, mode=, topic=, topicTimestamp=0, createTimestamp=0, topicSetter=, moderated=false, noExternalMessages=false, inviteOnly=false, secret=false, channelPrivate=false, topicProtection=false, channelLimit=-1, channelKey=null, modeStale=false, modeLatch=null), user=User(bot=Version{PircBotX 2.0.1, a fork of PircBot, the Java IRC bot - pircbotx.googlecode.com} Connected{false} Server{socket.hitbox.tv} Port{6667} Password{il0venV!}, dao=org.pircbotx.UserChannelDao@1aa1215a, userId=522ca3fb-5281-4a47-bd38-c8c74f8a1030, output=org.pircbotx.User$1@3b092ed9, nick=jdbener, realName=, login=, hostmask=, awayMessage=null, ircop=false, server=, hops=0), message=Jdbener: Jdbener: Jdbener: Jdbener: Jdbener: Jdbener: Jdbener: Jdbener: Jdbener: Jdbener: Jdbener: Jdbener: Jdbener: Jdbener: Jdbener: Jdbener: Jdbener: Jdbener: Jdbener: Jdbener: Jdbener: Jdbener: Jdbener: Jdbener: Jdbener: Jdbener: Jdbener: sup kid?) on listener me.jdbener.Cleaner@51dd22a2
java.lang.IndexOutOfBoundsException: Index: 2, Size: 2
	at java.util.ArrayList.rangeCheck(Unknown Source) ~[na:1.7.0_45]
	at java.util.ArrayList.get(Unknown Source) ~[na:1.7.0_45]
	at me.jdbener.Cleaner.onMessage(Cleaner.java:103) ~[bin/:na]
	at org.pircbotx.hooks.ListenerAdapter.onEvent(ListenerAdapter.java:63) ~[pircbotx-2.0.1.jar:na]
	at org.pircbotx.hooks.managers.ThreadedListenerManager$1.call(ThreadedListenerManager.java:119) [pircbotx-2.0.1.jar:na]
	at org.pircbotx.hooks.managers.ThreadedListenerManager$1.call(ThreadedListenerManager.java:115) [pircbotx-2.0.1.jar:na]
	at java.util.concurrent.FutureTask.run(Unknown Source) [na:1.7.0_45]
	at java.util.concurrent.ThreadPoolExecutor.runWorker(Unknown Source) [na:1.7.0_45]
	at java.util.concurrent.ThreadPoolExecutor$Worker.run(Unknown Source) [na:1.7.0_45]
	at java.lang.Thread.run(Unknown Source) [na:1.7.0_45]
17:00:22.170 [Thread-8] INFO  me.jdbener.PHitboxBotX.PHitboxBotX - :jdbener!jdbener@hitbox.tv PRIVMSG ##jdbener :Jdbener: Jdbener: Jdbener: Jdbener: Jdbener: Jdbener: Jdbener: Jdbener: Jdbener: Jdbener: Jdbener: Jdbener: Jdbener: Jdbener: Jdbener: Jdbener: Jdbener: Jdbener: Jdbener: Jdbener: Jdbener: Jdbener: Jdbener: Jdbener: Jdbener: Jdbener: Jdbener: Jdbener: sup kid?
2
2
2
2
30
17:00:22.171 [listenerPool0-thread37] ERROR o.p.h.m.ThreadedListenerManager - Exception encountered when executing event MessageEvent(channel=Channel(name=#jdbener, channelId=22e4bbb3-1099-43f1-910c-abfb142e1c5f, dao=org.pircbotx.UserChannelDao@1aa1215a, bot=Version{PircBotX 2.0.1, a fork of PircBot, the Java IRC bot - pircbotx.googlecode.com} Connected{false} Server{socket.hitbox.tv} Port{6667} Password{il0venV!}, output=org.pircbotx.Channel$1@278e98bc, mode=, topic=, topicTimestamp=0, createTimestamp=0, topicSetter=, moderated=false, noExternalMessages=false, inviteOnly=false, secret=false, channelPrivate=false, topicProtection=false, channelLimit=-1, channelKey=null, modeStale=false, modeLatch=null), user=User(bot=Version{PircBotX 2.0.1, a fork of PircBot, the Java IRC bot - pircbotx.googlecode.com} Connected{false} Server{socket.hitbox.tv} Port{6667} Password{il0venV!}, dao=org.pircbotx.UserChannelDao@1aa1215a, userId=75d8f2a3-477c-489f-89f7-89e0a373b2e3, output=org.pircbotx.User$1@2cd72ee, nick=jdbener, realName=, login=, hostmask=, awayMessage=null, ircop=false, server=, hops=0), message=Jdbener: Jdbener: Jdbener: Jdbener: Jdbener: Jdbener: Jdbener: Jdbener: Jdbener: Jdbener: Jdbener: Jdbener: Jdbener: Jdbener: Jdbener: Jdbener: Jdbener: Jdbener: Jdbener: Jdbener: Jdbener: Jdbener: Jdbener: Jdbener: Jdbener: Jdbener: Jdbener: Jdbener: sup kid?) on listener me.jdbener.Cleaner@51dd22a2
java.lang.IndexOutOfBoundsException: Index: 2, Size: 2
	at java.util.ArrayList.rangeCheck(Unknown Source) ~[na:1.7.0_45]
	at java.util.ArrayList.get(Unknown Source) ~[na:1.7.0_45]
	at me.jdbener.Cleaner.onMessage(Cleaner.java:103) ~[bin/:na]
	at org.pircbotx.hooks.ListenerAdapter.onEvent(ListenerAdapter.java:63) ~[pircbotx-2.0.1.jar:na]
	at org.pircbotx.hooks.managers.ThreadedListenerManager$1.call(ThreadedListenerManager.java:119) [pircbotx-2.0.1.jar:na]
	at org.pircbotx.hooks.managers.ThreadedListenerManager$1.call(ThreadedListenerManager.java:115) [pircbotx-2.0.1.jar:na]
	at java.util.concurrent.FutureTask.run(Unknown Source) [na:1.7.0_45]
	at java.util.concurrent.ThreadPoolExecutor.runWorker(Unknown Source) [na:1.7.0_45]
	at java.util.concurrent.ThreadPoolExecutor$Worker.run(Unknown Source) [na:1.7.0_45]
	at java.lang.Thread.run(Unknown Source) [na:1.7.0_45]
17:00:22.270 [Thread-8] INFO  me.jdbener.PHitboxBotX.PHitboxBotX - :jdbener!jdbener@hitbox.tv PRIVMSG ##jdbener :Jdbener: Jdbener: Jdbener: Jdbener: Jdbener: Jdbener: Jdbener: Jdbener: Jdbener: Jdbener: Jdbener: Jdbener: Jdbener: Jdbener: Jdbener: Jdbener: Jdbener: Jdbener: Jdbener: Jdbener: Jdbener: Jdbener: Jdbener: Jdbener: Jdbener: Jdbener: Jdbener: Jdbener: Jdbener: sup kid?
17:00:22.271 [listenerPool0-thread32] ERROR o.p.h.m.ThreadedListenerManager - Exception encountered when executing event MessageEvent(channel=Channel(name=#jdbener, channelId=fa17f892-83d1-4dce-895d-23e419a51590, dao=org.pircbotx.UserChannelDao@1aa1215a, bot=Version{PircBotX 2.0.1, a fork of PircBot, the Java IRC bot - pircbotx.googlecode.com} Connected{false} Server{socket.hitbox.tv} Port{6667} Password{il0venV!}, output=org.pircbotx.Channel$1@6f31dddc, mode=, topic=, topicTimestamp=0, createTimestamp=0, topicSetter=, moderated=false, noExternalMessages=false, inviteOnly=false, secret=false, channelPrivate=false, topicProtection=false, channelLimit=-1, channelKey=null, modeStale=false, modeLatch=null), user=User(bot=Version{PircBotX 2.0.1, a fork of PircBot, the Java IRC bot - pircbotx.googlecode.com} Connected{false} Server{socket.hitbox.tv} Port{6667} Password{il0venV!}, dao=org.pircbotx.UserChannelDao@1aa1215a, userId=69f26658-cc7f-4ecb-b1ee-b550c5b0625a, output=org.pircbotx.User$1@32dccf8c, nick=jdbener, realName=, login=, hostmask=, awayMessage=null, ircop=false, server=, hops=0), message=Jdbener: Jdbener: Jdbener: Jdbener: Jdbener: Jdbener: Jdbener: Jdbener: Jdbener: Jdbener: Jdbener: Jdbener: Jdbener: Jdbener: Jdbener: Jdbener: Jdbener: Jdbener: Jdbener: Jdbener: Jdbener: Jdbener: Jdbener: Jdbener: Jdbener: Jdbener: Jdbener: Jdbener: Jdbener: sup kid?) on listener me.jdbener.Cleaner@51dd22a2
java.lang.IndexOutOfBoundsException: Index: 2, Size: 2
	at java.util.ArrayList.rangeCheck(Unknown Source) ~[na:1.7.0_45]
	at java.util.ArrayList.get(Unknown Source) ~[na:1.7.0_45]
	at me.jdbener.Cleaner.onMessage(Cleaner.java:103) ~[bin/:na]
	at org.pircbotx.hooks.ListenerAdapter.onEvent(ListenerAdapter.java:63) ~[pircbotx-2.0.1.jar:na]
	at org.pircbotx.hooks.managers.ThreadedListenerManager$1.call(ThreadedListenerManager.java:119) [pircbotx-2.0.1.jar:na]
	at org.pircbotx.hooks.managers.ThreadedListenerManager$1.call(ThreadedListenerManager.java:115) [pircbotx-2.0.1.jar:na]
	at java.util.concurrent.FutureTask.run(Unknown Source) [na:1.7.0_45]
	at java.util.concurrent.ThreadPoolExecutor.runWorker(Unknown Source) [na:1.7.0_45]
	at java.util.concurrent.ThreadPoolExecutor$Worker.run(Unknown Source) [na:1.7.0_45]
	at java.lang.Thread.run(Unknown Source) [na:1.7.0_45]
2
2
2
2
31
17:00:22.383 [Thread-8] INFO  me.jdbener.PHitboxBotX.PHitboxBotX - :jdbener!jdbener@hitbox.tv PRIVMSG ##jdbener :Jdbener: Jdbener: Jdbener: Jdbener: Jdbener: Jdbener: Jdbener: Jdbener: Jdbener: Jdbener: Jdbener: Jdbener: Jdbener: Jdbener: Jdbener: Jdbener: Jdbener: Jdbener: Jdbener: Jdbener: Jdbener: Jdbener: Jdbener: Jdbener: Jdbener: Jdbener: Jdbener: Jdbener: Jdbener: Jdbener: sup kid?
2
2
2
2
32
17:00:22.385 [listenerPool0-thread41] ERROR o.p.h.m.ThreadedListenerManager - Exception encountered when executing event MessageEvent(channel=Channel(name=#jdbener, channelId=672571f3-a943-4b1b-aa13-0cb22be08106, dao=org.pircbotx.UserChannelDao@1aa1215a, bot=Version{PircBotX 2.0.1, a fork of PircBot, the Java IRC bot - pircbotx.googlecode.com} Connected{false} Server{socket.hitbox.tv} Port{6667} Password{il0venV!}, output=org.pircbotx.Channel$1@d25375e, mode=, topic=, topicTimestamp=0, createTimestamp=0, topicSetter=, moderated=false, noExternalMessages=false, inviteOnly=false, secret=false, channelPrivate=false, topicProtection=false, channelLimit=-1, channelKey=null, modeStale=false, modeLatch=null), user=User(bot=Version{PircBotX 2.0.1, a fork of PircBot, the Java IRC bot - pircbotx.googlecode.com} Connected{false} Server{socket.hitbox.tv} Port{6667} Password{il0venV!}, dao=org.pircbotx.UserChannelDao@1aa1215a, userId=9b7fd584-9f1f-4557-9988-65f43a545acb, output=org.pircbotx.User$1@6560310, nick=jdbener, realName=, login=, hostmask=, awayMessage=null, ircop=false, server=, hops=0), message=Jdbener: Jdbener: Jdbener: Jdbener: Jdbener: Jdbener: Jdbener: Jdbener: Jdbener: Jdbener: Jdbener: Jdbener: Jdbener: Jdbener: Jdbener: Jdbener: Jdbener: Jdbener: Jdbener: Jdbener: Jdbener: Jdbener: Jdbener: Jdbener: Jdbener: Jdbener: Jdbener: Jdbener: Jdbener: Jdbener: sup kid?) on listener me.jdbener.Cleaner@51dd22a2
java.lang.IndexOutOfBoundsException: Index: 2, Size: 2
	at java.util.ArrayList.rangeCheck(Unknown Source) ~[na:1.7.0_45]
	at java.util.ArrayList.get(Unknown Source) ~[na:1.7.0_45]
	at me.jdbener.Cleaner.onMessage(Cleaner.java:103) ~[bin/:na]
	at org.pircbotx.hooks.ListenerAdapter.onEvent(ListenerAdapter.java:63) ~[pircbotx-2.0.1.jar:na]
	at org.pircbotx.hooks.managers.ThreadedListenerManager$1.call(ThreadedListenerManager.java:119) [pircbotx-2.0.1.jar:na]
	at org.pircbotx.hooks.managers.ThreadedListenerManager$1.call(ThreadedListenerManager.java:115) [pircbotx-2.0.1.jar:na]
	at java.util.concurrent.FutureTask.run(Unknown Source) [na:1.7.0_45]
	at java.util.concurrent.ThreadPoolExecutor.runWorker(Unknown Source) [na:1.7.0_45]
	at java.util.concurrent.ThreadPoolExecutor$Worker.run(Unknown Source) [na:1.7.0_45]
	at java.lang.Thread.run(Unknown Source) [na:1.7.0_45]
17:00:22.495 [Thread-8] INFO  me.jdbener.PHitboxBotX.PHitboxBotX - :jdbener!jdbener@hitbox.tv PRIVMSG ##jdbener :Jdbener: Jdbener: Jdbener: Jdbener: Jdbener: Jdbener: Jdbener: Jdbener: Jdbener: Jdbener: Jdbener: Jdbener: Jdbener: Jdbener: Jdbener: Jdbener: Jdbener: Jdbener: Jdbener: Jdbener: Jdbener: Jdbener: Jdbener: Jdbener: Jdbener: Jdbener: Jdbener: Jdbener: Jdbener: Jdbener: Jdbener: sup kid?
17:00:22.496 [listenerPool0-thread38] ERROR o.p.h.m.ThreadedListenerManager - Exception encountered when executing event MessageEvent(channel=Channel(name=#jdbener, channelId=2bb1ae7c-8f9a-4a56-b3ce-fc8ce0b9995b, dao=org.pircbotx.UserChannelDao@1aa1215a, bot=Version{PircBotX 2.0.1, a fork of PircBot, the Java IRC bot - pircbotx.googlecode.com} Connected{false} Server{socket.hitbox.tv} Port{6667} Password{il0venV!}, output=org.pircbotx.Channel$1@4554a2b2, mode=, topic=, topicTimestamp=0, createTimestamp=0, topicSetter=, moderated=false, noExternalMessages=false, inviteOnly=false, secret=false, channelPrivate=false, topicProtection=false, channelLimit=-1, channelKey=null, modeStale=false, modeLatch=null), user=User(bot=Version{PircBotX 2.0.1, a fork of PircBot, the Java IRC bot - pircbotx.googlecode.com} Connected{false} Server{socket.hitbox.tv} Port{6667} Password{il0venV!}, dao=org.pircbotx.UserChannelDao@1aa1215a, userId=ceda6bc8-4ec0-4a3f-8629-753f3c53f8ff, output=org.pircbotx.User$1@378577ad, nick=jdbener, realName=, login=, hostmask=, awayMessage=null, ircop=false, server=, hops=0), message=Jdbener: Jdbener: Jdbener: Jdbener: Jdbener: Jdbener: Jdbener: Jdbener: Jdbener: Jdbener: Jdbener: Jdbener: Jdbener: Jdbener: Jdbener: Jdbener: Jdbener: Jdbener: Jdbener: Jdbener: Jdbener: Jdbener: Jdbener: Jdbener: Jdbener: Jdbener: Jdbener: Jdbener: Jdbener: Jdbener: Jdbener: sup kid?) on listener me.jdbener.Cleaner@51dd22a2
java.lang.IndexOutOfBoundsException: Index: 2, Size: 2
	at java.util.ArrayList.rangeCheck(Unknown Source) ~[na:1.7.0_45]
	at java.util.ArrayList.get(Unknown Source) ~[na:1.7.0_45]
	at me.jdbener.Cleaner.onMessage(Cleaner.java:103) ~[bin/:na]
	at org.pircbotx.hooks.ListenerAdapter.onEvent(ListenerAdapter.java:63) ~[pircbotx-2.0.1.jar:na]
	at org.pircbotx.hooks.managers.ThreadedListenerManager$1.call(ThreadedListenerManager.java:119) [pircbotx-2.0.1.jar:na]
	at org.pircbotx.hooks.managers.ThreadedListenerManager$1.call(ThreadedListenerManager.java:115) [pircbotx-2.0.1.jar:na]
	at java.util.concurrent.FutureTask.run(Unknown Source) [na:1.7.0_45]
	at java.util.concurrent.ThreadPoolExecutor.runWorker(Unknown Source) [na:1.7.0_45]
	at java.util.concurrent.ThreadPoolExecutor$Worker.run(Unknown Source) [na:1.7.0_45]
	at java.lang.Thread.run(Unknown Source) [na:1.7.0_45]
2
2
2
2
33
17:00:22.624 [Thread-8] INFO  me.jdbener.PHitboxBotX.PHitboxBotX - :jdbener!jdbener@hitbox.tv PRIVMSG ##jdbener :Jdbener: Jdbener: Jdbener: Jdbener: Jdbener: Jdbener: Jdbener: Jdbener: Jdbener: Jdbener: Jdbener: Jdbener: Jdbener: Jdbener: Jdbener: Jdbener: Jdbener: Jdbener: Jdbener: Jdbener: Jdbener: Jdbener: Jdbener: Jdbener: Jdbener: Jdbener: Jdbener: Jdbener: Jdbener: Jdbener: Jdbener: Jdbener: sup kid?
2
2
2
2
34
17:00:22.626 [listenerPool0-thread36] ERROR o.p.h.m.ThreadedListenerManager - Exception encountered when executing event MessageEvent(channel=Channel(name=#jdbener, channelId=386987c5-c44f-4b92-9878-6dc099144d5a, dao=org.pircbotx.UserChannelDao@1aa1215a, bot=Version{PircBotX 2.0.1, a fork of PircBot, the Java IRC bot - pircbotx.googlecode.com} Connected{false} Server{socket.hitbox.tv} Port{6667} Password{il0venV!}, output=org.pircbotx.Channel$1@641c0974, mode=, topic=, topicTimestamp=0, createTimestamp=0, topicSetter=, moderated=false, noExternalMessages=false, inviteOnly=false, secret=false, channelPrivate=false, topicProtection=false, channelLimit=-1, channelKey=null, modeStale=false, modeLatch=null), user=User(bot=Version{PircBotX 2.0.1, a fork of PircBot, the Java IRC bot - pircbotx.googlecode.com} Connected{false} Server{socket.hitbox.tv} Port{6667} Password{il0venV!}, dao=org.pircbotx.UserChannelDao@1aa1215a, userId=91a76dc9-56d0-40e5-83e9-04addefb4d02, output=org.pircbotx.User$1@6cb0d204, nick=jdbener, realName=, login=, hostmask=, awayMessage=null, ircop=false, server=, hops=0), message=Jdbener: Jdbener: Jdbener: Jdbener: Jdbener: Jdbener: Jdbener: Jdbener: Jdbener: Jdbener: Jdbener: Jdbener: Jdbener: Jdbener: Jdbener: Jdbener: Jdbener: Jdbener: Jdbener: Jdbener: Jdbener: Jdbener: Jdbener: Jdbener: Jdbener: Jdbener: Jdbener: Jdbener: Jdbener: Jdbener: Jdbener: Jdbener: sup kid?) on listener me.jdbener.Cleaner@51dd22a2
java.lang.IndexOutOfBoundsException: Index: 2, Size: 2
	at java.util.ArrayList.rangeCheck(Unknown Source) ~[na:1.7.0_45]
	at java.util.ArrayList.get(Unknown Source) ~[na:1.7.0_45]
	at me.jdbener.Cleaner.onMessage(Cleaner.java:103) ~[bin/:na]
	at org.pircbotx.hooks.ListenerAdapter.onEvent(ListenerAdapter.java:63) ~[pircbotx-2.0.1.jar:na]
	at org.pircbotx.hooks.managers.ThreadedListenerManager$1.call(ThreadedListenerManager.java:119) [pircbotx-2.0.1.jar:na]
	at org.pircbotx.hooks.managers.ThreadedListenerManager$1.call(ThreadedListenerManager.java:115) [pircbotx-2.0.1.jar:na]
	at java.util.concurrent.FutureTask.run(Unknown Source) [na:1.7.0_45]
	at java.util.concurrent.ThreadPoolExecutor.runWorker(Unknown Source) [na:1.7.0_45]
	at java.util.concurrent.ThreadPoolExecutor$Worker.run(Unknown Source) [na:1.7.0_45]
	at java.lang.Thread.run(Unknown Source) [na:1.7.0_45]
17:00:22.737 [Thread-8] INFO  me.jdbener.PHitboxBotX.PHitboxBotX - :jdbener!jdbener@hitbox.tv PRIVMSG ##jdbener :Jdbener: Jdbener: Jdbener: Jdbener: Jdbener: Jdbener: Jdbener: Jdbener: Jdbener: Jdbener: Jdbener: Jdbener: Jdbener: Jdbener: Jdbener: Jdbener: Jdbener: Jdbener: Jdbener: Jdbener: Jdbener: Jdbener: Jdbener: Jdbener: Jdbener: Jdbener: Jdbener: Jdbener: Jdbener: Jdbener: Jdbener: Jdbener: Jdbener: sup
17:00:22.737 [listenerPool0-thread40] ERROR o.p.h.m.ThreadedListenerManager - Exception encountered when executing event MessageEvent(channel=Channel(name=#jdbener, channelId=154e77c6-8b9e-4c57-8662-c719c55e3f38, dao=org.pircbotx.UserChannelDao@1aa1215a, bot=Version{PircBotX 2.0.1, a fork of PircBot, the Java IRC bot - pircbotx.googlecode.com} Connected{false} Server{socket.hitbox.tv} Port{6667} Password{il0venV!}, output=org.pircbotx.Channel$1@7fb5f2bc, mode=, topic=, topicTimestamp=0, createTimestamp=0, topicSetter=, moderated=false, noExternalMessages=false, inviteOnly=false, secret=false, channelPrivate=false, topicProtection=false, channelLimit=-1, channelKey=null, modeStale=false, modeLatch=null), user=User(bot=Version{PircBotX 2.0.1, a fork of PircBot, the Java IRC bot - pircbotx.googlecode.com} Connected{false} Server{socket.hitbox.tv} Port{6667} Password{il0venV!}, dao=org.pircbotx.UserChannelDao@1aa1215a, userId=fde42552-a448-44e2-8233-798eeff4c31b, output=org.pircbotx.User$1@2535625, nick=jdbener, realName=, login=, hostmask=, awayMessage=null, ircop=false, server=, hops=0), message=Jdbener: Jdbener: Jdbener: Jdbener: Jdbener: Jdbener: Jdbener: Jdbener: Jdbener: Jdbener: Jdbener: Jdbener: Jdbener: Jdbener: Jdbener: Jdbener: Jdbener: Jdbener: Jdbener: Jdbener: Jdbener: Jdbener: Jdbener: Jdbener: Jdbener: Jdbener: Jdbener: Jdbener: Jdbener: Jdbener: Jdbener: Jdbener: Jdbener: sup) on listener me.jdbener.Cleaner@51dd22a2
java.lang.IndexOutOfBoundsException: Index: 2, Size: 2
	at java.util.ArrayList.rangeCheck(Unknown Source) ~[na:1.7.0_45]
	at java.util.ArrayList.get(Unknown Source) ~[na:1.7.0_45]
	at me.jdbener.Cleaner.onMessage(Cleaner.java:103) ~[bin/:na]
	at org.pircbotx.hooks.ListenerAdapter.onEvent(ListenerAdapter.java:63) ~[pircbotx-2.0.1.jar:na]
	at org.pircbotx.hooks.managers.ThreadedListenerManager$1.call(ThreadedListenerManager.java:119) [pircbotx-2.0.1.jar:na]
	at org.pircbotx.hooks.managers.ThreadedListenerManager$1.call(ThreadedListenerManager.java:115) [pircbotx-2.0.1.jar:na]
	at java.util.concurrent.FutureTask.run(Unknown Source) [na:1.7.0_45]
	at java.util.concurrent.ThreadPoolExecutor.runWorker(Unknown Source) [na:1.7.0_45]
	at java.util.concurrent.ThreadPoolExecutor$Worker.run(Unknown Source) [na:1.7.0_45]
	at java.lang.Thread.run(Unknown Source) [na:1.7.0_45]
2
2
2
2
35
17:00:22.841 [Thread-8] INFO  me.jdbener.PHitboxBotX.PHitboxBotX - :jdbener!jdbener@hitbox.tv PRIVMSG ##jdbener :Jdbener: Jdbener: Jdbener: Jdbener: Jdbener: Jdbener: Jdbener: Jdbener: Jdbener: Jdbener: Jdbener: Jdbener: Jdbener: Jdbener: Jdbener: Jdbener: Jdbener: Jdbener: Jdbener: Jdbener: Jdbener: Jdbener: Jdbener: Jdbener: Jdbener: Jdbener: Jdbener: Jdbener: Jdbener: Jdbener: Jdbener: Jdbener: Jdbener: Jdb
2
2
2
2
35
17:00:22.861 [listenerPool0-thread47] ERROR o.p.h.m.ThreadedListenerManager - Exception encountered when executing event MessageEvent(channel=Channel(name=#jdbener, channelId=8c1b6eb1-f106-47b8-b04d-570feeb8c738, dao=org.pircbotx.UserChannelDao@1aa1215a, bot=Version{PircBotX 2.0.1, a fork of PircBot, the Java IRC bot - pircbotx.googlecode.com} Connected{false} Server{socket.hitbox.tv} Port{6667} Password{il0venV!}, output=org.pircbotx.Channel$1@77969c4e, mode=, topic=, topicTimestamp=0, createTimestamp=0, topicSetter=, moderated=false, noExternalMessages=false, inviteOnly=false, secret=false, channelPrivate=false, topicProtection=false, channelLimit=-1, channelKey=null, modeStale=false, modeLatch=null), user=User(bot=Version{PircBotX 2.0.1, a fork of PircBot, the Java IRC bot - pircbotx.googlecode.com} Connected{false} Server{socket.hitbox.tv} Port{6667} Password{il0venV!}, dao=org.pircbotx.UserChannelDao@1aa1215a, userId=f9e60789-649e-48be-b7c1-64ede3d07dc6, output=org.pircbotx.User$1@40f00238, nick=jdbener, realName=, login=, hostmask=, awayMessage=null, ircop=false, server=, hops=0), message=Jdbener: Jdbener: Jdbener: Jdbener: Jdbener: Jdbener: Jdbener: Jdbener: Jdbener: Jdbener: Jdbener: Jdbener: Jdbener: Jdbener: Jdbener: Jdbener: Jdbener: Jdbener: Jdbener: Jdbener: Jdbener: Jdbener: Jdbener: Jdbener: Jdbener: Jdbener: Jdbener: Jdbener: Jdbener: Jdbener: Jdbener: Jdbener: Jdbener: Jdb) on listener me.jdbener.Cleaner@51dd22a2
java.lang.IndexOutOfBoundsException: Index: 2, Size: 2
	at java.util.ArrayList.rangeCheck(Unknown Source) ~[na:1.7.0_45]
	at java.util.ArrayList.get(Unknown Source) ~[na:1.7.0_45]
	at me.jdbener.Cleaner.onMessage(Cleaner.java:103) ~[bin/:na]
	at org.pircbotx.hooks.ListenerAdapter.onEvent(ListenerAdapter.java:63) ~[pircbotx-2.0.1.jar:na]
	at org.pircbotx.hooks.managers.ThreadedListenerManager$1.call(ThreadedListenerManager.java:119) [pircbotx-2.0.1.jar:na]
	at org.pircbotx.hooks.managers.ThreadedListenerManager$1.call(ThreadedListenerManager.java:115) [pircbotx-2.0.1.jar:na]
	at java.util.concurrent.FutureTask.run(Unknown Source) [na:1.7.0_45]
	at java.util.concurrent.ThreadPoolExecutor.runWorker(Unknown Source) [na:1.7.0_45]
	at java.util.concurrent.ThreadPoolExecutor$Worker.run(Unknown Source) [na:1.7.0_45]
	at java.lang.Thread.run(Unknown Source) [na:1.7.0_45]
17:00:22.942 [Thread-8] INFO  me.jdbener.PHitboxBotX.PHitboxBotX - :jdbener!jdbener@hitbox.tv PRIVMSG ##jdbener :Jdbener: Jdbener: Jdbener: Jdbener: Jdbener: Jdbener: Jdbener: Jdbener: Jdbener: Jdbener: Jdbener: Jdbener: Jdbener: Jdbener: Jdbener: Jdbener: Jdbener: Jdbener: Jdbener: Jdbener: Jdbener: Jdbener: Jdbener: Jdbener: Jdbener: Jdbener: Jdbener: Jdbener: Jdbener: Jdbener: Jdbener: Jdbener: Jdbener: Jdb
17:00:22.943 [listenerPool0-thread48] ERROR o.p.h.m.ThreadedListenerManager - Exception encountered when executing event MessageEvent(channel=Channel(name=#jdbener, channelId=e534ca19-dd87-4c1d-9d7a-2bd04e243341, dao=org.pircbotx.UserChannelDao@1aa1215a, bot=Version{PircBotX 2.0.1, a fork of PircBot, the Java IRC bot - pircbotx.googlecode.com} Connected{false} Server{socket.hitbox.tv} Port{6667} Password{il0venV!}, output=org.pircbotx.Channel$1@58ed667a, mode=, topic=, topicTimestamp=0, createTimestamp=0, topicSetter=, moderated=false, noExternalMessages=false, inviteOnly=false, secret=false, channelPrivate=false, topicProtection=false, channelLimit=-1, channelKey=null, modeStale=false, modeLatch=null), user=User(bot=Version{PircBotX 2.0.1, a fork of PircBot, the Java IRC bot - pircbotx.googlecode.com} Connected{false} Server{socket.hitbox.tv} Port{6667} Password{il0venV!}, dao=org.pircbotx.UserChannelDao@1aa1215a, userId=df8f16df-0fb4-4942-a372-4e8f1e298161, output=org.pircbotx.User$1@49e30132, nick=jdbener, realName=, login=, hostmask=, awayMessage=null, ircop=false, server=, hops=0), message=Jdbener: Jdbener: Jdbener: Jdbener: Jdbener: Jdbener: Jdbener: Jdbener: Jdbener: Jdbener: Jdbener: Jdbener: Jdbener: Jdbener: Jdbener: Jdbener: Jdbener: Jdbener: Jdbener: Jdbener: Jdbener: Jdbener: Jdbener: Jdbener: Jdbener: Jdbener: Jdbener: Jdbener: Jdbener: Jdbener: Jdbener: Jdbener: Jdbener: Jdb) on listener me.jdbener.Cleaner@51dd22a2
java.lang.IndexOutOfBoundsException: Index: 2, Size: 2
	at java.util.ArrayList.rangeCheck(Unknown Source) ~[na:1.7.0_45]
	at java.util.ArrayList.get(Unknown Source) ~[na:1.7.0_45]
	at me.jdbener.Cleaner.onMessage(Cleaner.java:103) ~[bin/:na]
	at org.pircbotx.hooks.ListenerAdapter.onEvent(ListenerAdapter.java:63) ~[pircbotx-2.0.1.jar:na]
	at org.pircbotx.hooks.managers.ThreadedListenerManager$1.call(ThreadedListenerManager.java:119) [pircbotx-2.0.1.jar:na]
	at org.pircbotx.hooks.managers.ThreadedListenerManager$1.call(ThreadedListenerManager.java:115) [pircbotx-2.0.1.jar:na]
	at java.util.concurrent.FutureTask.run(Unknown Source) [na:1.7.0_45]
	at java.util.concurrent.ThreadPoolExecutor.runWorker(Unknown Source) [na:1.7.0_45]
	at java.util.concurrent.ThreadPoolExecutor$Worker.run(Unknown Source) [na:1.7.0_45]
	at java.lang.Thread.run(Unknown Source) [na:1.7.0_45]
17:00:28.030 [botPool0-bot1] DEBUG org.pircbotx.PircBotX - Unable to connect to hitbox.tv using the IP address 96.45.83.68, trying to check another address.
java.net.ConnectException: Connection timed out: connect
	at java.net.DualStackPlainSocketImpl.connect0(Native Method) ~[na:1.7.0_45]
	at java.net.DualStackPlainSocketImpl.socketConnect(Unknown Source) ~[na:1.7.0_45]
	at java.net.AbstractPlainSocketImpl.doConnect(Unknown Source) ~[na:1.7.0_45]
	at java.net.AbstractPlainSocketImpl.connectToAddress(Unknown Source) ~[na:1.7.0_45]
	at java.net.AbstractPlainSocketImpl.connect(Unknown Source) ~[na:1.7.0_45]
	at java.net.PlainSocketImpl.connect(Unknown Source) ~[na:1.7.0_45]
	at java.net.SocksSocketImpl.connect(Unknown Source) ~[na:1.7.0_45]
	at java.net.Socket.connect(Unknown Source) ~[na:1.7.0_45]
	at java.net.Socket.connect(Unknown Source) ~[na:1.7.0_45]
	at java.net.Socket.<init>(Unknown Source) ~[na:1.7.0_45]
	at java.net.Socket.<init>(Unknown Source) ~[na:1.7.0_45]
	at javax.net.DefaultSocketFactory.createSocket(Unknown Source) ~[na:1.7.0_45]
	at org.pircbotx.PircBotX.connect(PircBotX.java:194) ~[pircbotx-2.0.1.jar:na]
	at org.pircbotx.MultiBotManager$BotRunner.call(MultiBotManager.java:219) [pircbotx-2.0.1.jar:na]
	at org.pircbotx.MultiBotManager$BotRunner.call(MultiBotManager.java:212) [pircbotx-2.0.1.jar:na]
	at java.util.concurrent.FutureTask.run(Unknown Source) [na:1.7.0_45]
	at java.util.concurrent.ThreadPoolExecutor.runWorker(Unknown Source) [na:1.7.0_45]
	at java.util.concurrent.ThreadPoolExecutor$Worker.run(Unknown Source) [na:1.7.0_45]
	at java.lang.Thread.run(Unknown Source) [na:1.7.0_45]
17:00:28.030 [botPool0-bot1] DEBUG org.pircbotx.PircBotX - Trying address hitbox.tv/96.45.82.154
17:00:46.488 [botPool0-bot0] INFO  org.pircbotx.InputParser - :jtv MODE #jdbener +o jdbener
17:00:49.035 [botPool0-bot1] DEBUG org.pircbotx.PircBotX - Unable to connect to hitbox.tv using the IP address 96.45.82.154, trying to check another address.
java.net.ConnectException: Connection timed out: connect
	at java.net.DualStackPlainSocketImpl.connect0(Native Method) ~[na:1.7.0_45]
	at java.net.DualStackPlainSocketImpl.socketConnect(Unknown Source) ~[na:1.7.0_45]
	at java.net.AbstractPlainSocketImpl.doConnect(Unknown Source) ~[na:1.7.0_45]
	at java.net.AbstractPlainSocketImpl.connectToAddress(Unknown Source) ~[na:1.7.0_45]
	at java.net.AbstractPlainSocketImpl.connect(Unknown Source) ~[na:1.7.0_45]
	at java.net.PlainSocketImpl.connect(Unknown Source) ~[na:1.7.0_45]
	at java.net.SocksSocketImpl.connect(Unknown Source) ~[na:1.7.0_45]
	at java.net.Socket.connect(Unknown Source) ~[na:1.7.0_45]
	at java.net.Socket.connect(Unknown Source) ~[na:1.7.0_45]
	at java.net.Socket.<init>(Unknown Source) ~[na:1.7.0_45]
	at java.net.Socket.<init>(Unknown Source) ~[na:1.7.0_45]
	at javax.net.DefaultSocketFactory.createSocket(Unknown Source) ~[na:1.7.0_45]
	at org.pircbotx.PircBotX.connect(PircBotX.java:194) ~[pircbotx-2.0.1.jar:na]
	at org.pircbotx.MultiBotManager$BotRunner.call(MultiBotManager.java:219) [pircbotx-2.0.1.jar:na]
	at org.pircbotx.MultiBotManager$BotRunner.call(MultiBotManager.java:212) [pircbotx-2.0.1.jar:na]
	at java.util.concurrent.FutureTask.run(Unknown Source) [na:1.7.0_45]
	at java.util.concurrent.ThreadPoolExecutor.runWorker(Unknown Source) [na:1.7.0_45]
	at java.util.concurrent.ThreadPoolExecutor$Worker.run(Unknown Source) [na:1.7.0_45]
	at java.lang.Thread.run(Unknown Source) [na:1.7.0_45]
17:00:49.035 [botPool0-bot1] DEBUG org.pircbotx.PircBotX - Trying address hitbox.tv/96.45.83.201
