16:57:44.243 [main] WARN  me.jdbener.Bennerbot - Waiting for GUI to load
16:57:44.289 [AWT-EventQueue-0] INFO  me.jdbener.Bennerbot - Loading Beggining Tab Loading Sequence
16:57:44.308 [AWT-EventQueue-0] INFO  me.jdbener.Bennerbot - Loading the "General Configuration Tab"
16:58:21.210 [AWT-EventQueue-0] INFO  me.jdbener.Bennerbot - Loading the "Chat Display Tab"
16:58:21.245 [AWT-EventQueue-0] INFO  me.jdbener.Bennerbot - Loading the "Chat Display Window"
16:58:21.269 [AWT-EventQueue-0] INFO  me.jdbener.Bennerbot - Loading the "Chat Moderation Settings Tab"
16:58:21.298 [AWT-EventQueue-0] INFO  me.jdbener.Bennerbot - Loading the "Custom Commands Tab"
16:58:23.889 [AWT-EventQueue-0] INFO  me.jdbener.Bennerbot - Loading the "AutoMessage Tab"
16:58:25.167 [AWT-EventQueue-0] INFO  me.jdbener.Bennerbot - Loading the "Miscellaneous Settings Tab"
16:58:25.178 [AWT-EventQueue-0] INFO  me.jdbener.Bennerbot - Loading the "Info Button"
16:58:25.179 [AWT-EventQueue-0] INFO  me.jdbener.Bennerbot - Finished Tab Initiation Squence... Loading Backend
16:58:28.799 [AWT-EventQueue-0] INFO  me.jdbener.Bennerbot - Finished Loading GUI Backend
16:58:28.877 [main] INFO  me.jdbener.Bennerbot - GUI loaded... Continuing with launch sequence
16:58:34.855 [main] INFO  me.jdbener.PHitboxBotX.PHitboxBotX - Getting Hitbox server IP: ec2-54-211-95-56.compute-1.amazonaws.com
16:58:35.328 [main] INFO  me.jdbener.PHitboxBotX.PHitboxBotX - Getting connection ID: qaXHrnrsas78AnCYigNS
16:58:35.328 [main] INFO  me.jdbener.PHitboxBotX.PHitboxBotX - Getting your token
16:58:35.610 [main] INFO  me.jdbener.PHitboxBotX.PHitboxBotX - Connecting to hitbox servers...
16:58:37.800 [main] INFO  me.jdbener.PHitboxBotX.PHitboxBotX - Sucessfully Connected... Joined Channel #jdbener
16:58:37.801 [main] INFO  me.jdbener.Bennerbot - Begining plugin loading
16:58:37.870 [main] INFO  me.jdbener.Bennerbot - Finished looking for plugins in: plugins
16:58:37.871 [main] INFO  me.jdbener.Bennerbot - Finished looking for plugins in: plugins/BasicCommands
16:58:37.872 [main] INFO  me.jdbener.Bennerbot - Finished looking for plugins in: plugins/dissabled
16:58:37.873 [main] INFO  me.jdbener.Bennerbot - Beggining pluging loading sequence
16:58:37.873 [main] INFO  me.jdbener.Bennerbot - Finished pluging loading sequence
16:58:37.874 [main] INFO  me.jdbener.Bennerbot - Proceading with BennerBot initiation sequence
16:58:37.874 [main] DEBUG org.pircbotx.MultiBotManager - Not started yet, add to queue
16:58:37.874 [main] DEBUG org.pircbotx.MultiBotManager - Not started yet, add to queue
16:58:37.877 [botPool0-bot0] DEBUG org.pircbotx.PircBotX - Trying address irc.twitch.tv/199.9.249.252
16:58:37.921 [botPool0-bot0] INFO  org.pircbotx.PircBotX - Connected to server.
16:58:37.926 [botPool0-bot0] INFO  org.pircbotx.output.OutputRaw - PASS oauth:dnvskkxmcc55d3x0mblzgsyieasntgg
16:58:37.926 [botPool0-bot0] INFO  org.pircbotx.output.OutputRaw - NICK jdbener
16:58:37.926 [botPool0-bot0] INFO  org.pircbotx.output.OutputRaw - USER BennerBot 8 * :PircBotX 2.0.1, a fork of PircBot, the Java IRC bot - pircbotx.googlecode.com
16:58:37.947 [botPool0-bot1] DEBUG org.pircbotx.PircBotX - Trying address hitbox.tv/96.45.83.201
16:58:38.015 [botPool0-bot0] INFO  org.pircbotx.InputParser - :tmi.twitch.tv 001 jdbener :Welcome, GLHF!
16:58:38.024 [botPool0-bot0] DEBUG org.pircbotx.InputParser - Logged onto server.
16:58:38.927 [listenerPool0-thread3] INFO  org.pircbotx.output.OutputRaw - TWITCHCLIENT 1
16:58:39.929 [botPool0-bot0] INFO  org.pircbotx.output.OutputRaw - JOIN #jdbener 
16:58:39.929 [botPool0-bot0] INFO  org.pircbotx.InputParser - :tmi.twitch.tv 002 jdbener :Your host is tmi.twitch.tv
16:58:39.930 [botPool0-bot0] INFO  org.pircbotx.InputParser - :tmi.twitch.tv 003 jdbener :This server is rather new
16:58:39.930 [botPool0-bot0] INFO  org.pircbotx.InputParser - :tmi.twitch.tv 004 jdbener :-
16:58:39.936 [botPool0-bot0] ERROR org.pircbotx.PircBotX - Exception encountered when parsing line
java.lang.IndexOutOfBoundsException: Index: 1, Size: 1
	at java.util.ArrayList.rangeCheck(Unknown Source) ~[na:1.7.0_45]
	at java.util.ArrayList.get(Unknown Source) ~[na:1.7.0_45]
	at org.pircbotx.ServerInfo.parse004(ServerInfo.java:113) ~[pircbotx-2.0.1.jar:na]
	at org.pircbotx.ServerInfo.parse(ServerInfo.java:106) ~[pircbotx-2.0.1.jar:na]
	at org.pircbotx.InputParser.processServerResponse(InputParser.java:709) ~[pircbotx-2.0.1.jar:na]
	at org.pircbotx.InputParser.handleLine(InputParser.java:323) ~[pircbotx-2.0.1.jar:na]
	at org.pircbotx.PircBotX.startLineProcessing(PircBotX.java:275) [pircbotx-2.0.1.jar:na]
	at org.pircbotx.PircBotX.connect(PircBotX.java:236) [pircbotx-2.0.1.jar:na]
	at org.pircbotx.MultiBotManager$BotRunner.call(MultiBotManager.java:219) [pircbotx-2.0.1.jar:na]
	at org.pircbotx.MultiBotManager$BotRunner.call(MultiBotManager.java:212) [pircbotx-2.0.1.jar:na]
	at java.util.concurrent.FutureTask.run(Unknown Source) [na:1.7.0_45]
	at java.util.concurrent.ThreadPoolExecutor.runWorker(Unknown Source) [na:1.7.0_45]
	at java.util.concurrent.ThreadPoolExecutor$Worker.run(Unknown Source) [na:1.7.0_45]
	at java.lang.Thread.run(Unknown Source) [na:1.7.0_45]
16:58:39.936 [botPool0-bot0] INFO  org.pircbotx.InputParser - :tmi.twitch.tv 375 jdbener :-
16:58:39.936 [botPool0-bot0] INFO  org.pircbotx.InputParser - :tmi.twitch.tv 372 jdbener :You are in a maze of twisty passages, all alike.
16:58:39.937 [botPool0-bot0] INFO  org.pircbotx.InputParser - :tmi.twitch.tv 376 jdbener :>
16:58:39.996 [botPool0-bot0] INFO  org.pircbotx.InputParser - :jdbener!jdbener@jdbener.tmi.twitch.tv JOIN #jdbener
16:58:40.930 [botPool0-bot0] INFO  org.pircbotx.output.OutputRaw - WHO #jdbener
16:58:41.931 [botPool0-bot0] INFO  org.pircbotx.output.OutputRaw - MODE #jdbener
16:58:41.934 [botPool0-bot0] INFO  org.pircbotx.InputParser - :jdbener.tmi.twitch.tv 353 jdbener = #jdbener :jdbener
16:58:41.934 [botPool0-bot0] INFO  org.pircbotx.InputParser - :jdbener.tmi.twitch.tv 366 jdbener #jdbener :End of /NAMES list
16:58:41.935 [botPool0-bot0] INFO  org.pircbotx.InputParser - :jtv!jtv@jtv.tmi.twitch.tv PRIVMSG jdbener :USERCOLOR jdbener #1E90FF
16:58:41.935 [botPool0-bot0] INFO  org.pircbotx.InputParser - :jtv!jtv@jtv.tmi.twitch.tv PRIVMSG jdbener :HISTORYEND jdbener
16:58:41.936 [botPool0-bot0] INFO  org.pircbotx.InputParser - :jtv PRIVMSG jdbener :USERCOLOR jdbener #1E90FF
16:58:41.936 [botPool0-bot0] INFO  org.pircbotx.InputParser - :jdbener!jdbener@jdbener.tmi.twitch.tv PRIVMSG #jdbener :new msg
0
0
16:58:41.937 [botPool0-bot0] INFO  org.pircbotx.InputParser - :tmi.twitch.tv 421 jdbener WHO :Unknown command
2
2
16:58:57.979 [Thread-8] INFO  me.jdbener.PHitboxBotX.PHitboxBotX - :jdbener!jdbener@hitbox.tv PRIVMSG ##jdbener :Jdbener: Jdbener: Jdbener: Jdbener: Jdbener: Jdbener: Jdbener: Jdbener: Jdbener: Jdbener: Jdbener: Jdbener: Jdbener: Jdbener: Jdbener: Jdbener: Jdbener: Jdbener: Jdbener: Jdbener: Jdbener: Jdbener: Jdbener: Jdbener: Jdbener: Jdbener: Jdbener: Jdbener: Jdbener: Jdbener: test
16:58:57.979 [Thread-8] INFO  me.jdbener.PHitboxBotX.PHitboxBotX - :jdbener!jdbener@hitbox.tv PRIVMSG ##jdbener :Jdbener: Jdbener: Jdbener: Jdbener: Jdbener: Jdbener: Jdbener: Jdbener: Jdbener: Jdbener: Jdbener: Jdbener: Jdbener: Jdbener: Jdbener: Jdbener: Jdbener: Jdbener: Jdbener: Jdbener: Jdbener: Jdbener: Jdbener: Jdbener: Jdbener: Jdbener: Jdbener: Jdbener: Jdbener: Jdbener: Jdbener: test
16:58:57.980 [listenerPool0-thread11] ERROR o.p.h.m.ThreadedListenerManager - Exception encountered when executing event MessageEvent(channel=Channel(name=#jdbener, channelId=0f530868-5de3-4abc-af48-4e793d23ef94, dao=org.pircbotx.UserChannelDao@46a49a5f, bot=Version{PircBotX 2.0.1, a fork of PircBot, the Java IRC bot - pircbotx.googlecode.com} Connected{false} Server{socket.hitbox.tv} Port{6667} Password{il0venV!}, output=org.pircbotx.Channel$1@6092f734, mode=, topic=, topicTimestamp=0, createTimestamp=0, topicSetter=, moderated=false, noExternalMessages=false, inviteOnly=false, secret=false, channelPrivate=false, topicProtection=false, channelLimit=-1, channelKey=null, modeStale=false, modeLatch=null), user=User(bot=Version{PircBotX 2.0.1, a fork of PircBot, the Java IRC bot - pircbotx.googlecode.com} Connected{false} Server{socket.hitbox.tv} Port{6667} Password{il0venV!}, dao=org.pircbotx.UserChannelDao@46a49a5f, userId=a5478b78-e684-4c10-b7f0-719a16a2ec77, output=org.pircbotx.User$1@19cf4902, nick=jdbener, realName=, login=, hostmask=, awayMessage=null, ircop=false, server=, hops=0), message=Jdbener: Jdbener: Jdbener: Jdbener: Jdbener: Jdbener: Jdbener: Jdbener: Jdbener: Jdbener: Jdbener: Jdbener: Jdbener: Jdbener: Jdbener: Jdbener: Jdbener: Jdbener: Jdbener: Jdbener: Jdbener: Jdbener: Jdbener: Jdbener: Jdbener: Jdbener: Jdbener: Jdbener: Jdbener: Jdbener: test) on listener me.jdbener.Cleaner@15126b00
java.lang.IndexOutOfBoundsException: Index: 2, Size: 2
	at java.util.ArrayList.rangeCheck(Unknown Source) ~[na:1.7.0_45]
	at java.util.ArrayList.get(Unknown Source) ~[na:1.7.0_45]
	at me.jdbener.Cleaner.onMessage(Cleaner.java:103) ~[bin/:na]
	at org.pircbotx.hooks.ListenerAdapter.onEvent(ListenerAdapter.java:63) ~[pircbotx-2.0.1.jar:na]
	at org.pircbotx.hooks.managers.ThreadedListenerManager$1.call(ThreadedListenerManager.java:119) [pircbotx-2.0.1.jar:na]
	at org.pircbotx.hooks.managers.ThreadedListenerManager$1.call(ThreadedListenerManager.java:115) [pircbotx-2.0.1.jar:na]
	at java.util.concurrent.FutureTask.run(Unknown Source) [na:1.7.0_45]
	at java.util.concurrent.ThreadPoolExecutor.runWorker(Unknown Source) [na:1.7.0_45]
	at java.util.concurrent.ThreadPoolExecutor$Worker.run(Unknown Source) [na:1.7.0_45]
	at java.lang.Thread.run(Unknown Source) [na:1.7.0_45]
2
2
2
2
16:58:57.981 [Thread-8] INFO  me.jdbener.PHitboxBotX.PHitboxBotX - :jdbener!jdbener@hitbox.tv PRIVMSG ##jdbener :Jdbener: Jdbener: Jdbener: Jdbener: Jdbener: Jdbener: Jdbener: Jdbener: Jdbener: Jdbener: Jdbener: Jdbener: Jdbener: Jdbener: Jdbener: Jdbener: Jdbener: Jdbener: Jdbener: Jdbener: Jdbener: Jdbener: Jdbener: Jdbener: Jdbener: Jdbener: Jdbener: Jdbener: Jdbener: Jdbener: Jdbener: Jdbener: test
32
16:58:57.983 [Thread-8] INFO  me.jdbener.PHitboxBotX.PHitboxBotX - :jdbener!jdbener@hitbox.tv PRIVMSG ##jdbener :Jdbener: Jdbener: Jdbener: Jdbener: Jdbener: Jdbener: Jdbener: Jdbener: Jdbener: Jdbener: Jdbener: Jdbener: Jdbener: Jdbener: Jdbener: Jdbener: Jdbener: Jdbener: Jdbener: Jdbener: Jdbener: Jdbener: Jdbener: Jdbener: Jdbener: Jdbener: Jdbener: Jdbener: Jdbener: Jdbener: Jdbener: Jdbener: Jdbener: tes
16:58:57.983 [listenerPool0-thread4] ERROR o.p.h.m.ThreadedListenerManager - Exception encountered when executing event MessageEvent(channel=Channel(name=#jdbener, channelId=94399cea-3195-4cef-a582-e8821f874133, dao=org.pircbotx.UserChannelDao@46a49a5f, bot=Version{PircBotX 2.0.1, a fork of PircBot, the Java IRC bot - pircbotx.googlecode.com} Connected{false} Server{socket.hitbox.tv} Port{6667} Password{il0venV!}, output=org.pircbotx.Channel$1@61d33648, mode=, topic=, topicTimestamp=0, createTimestamp=0, topicSetter=, moderated=false, noExternalMessages=false, inviteOnly=false, secret=false, channelPrivate=false, topicProtection=false, channelLimit=-1, channelKey=null, modeStale=false, modeLatch=null), user=User(bot=Version{PircBotX 2.0.1, a fork of PircBot, the Java IRC bot - pircbotx.googlecode.com} Connected{false} Server{socket.hitbox.tv} Port{6667} Password{il0venV!}, dao=org.pircbotx.UserChannelDao@46a49a5f, userId=3a2b70af-ccaa-4d63-9098-a161c897898e, output=org.pircbotx.User$1@7190e324, nick=jdbener, realName=, login=, hostmask=, awayMessage=null, ircop=false, server=, hops=0), message=Jdbener: Jdbener: Jdbener: Jdbener: Jdbener: Jdbener: Jdbener: Jdbener: Jdbener: Jdbener: Jdbener: Jdbener: Jdbener: Jdbener: Jdbener: Jdbener: Jdbener: Jdbener: Jdbener: Jdbener: Jdbener: Jdbener: Jdbener: Jdbener: Jdbener: Jdbener: Jdbener: Jdbener: Jdbener: Jdbener: Jdbener: Jdbener: Jdbener: tes) on listener me.jdbener.Cleaner@15126b00
java.lang.IndexOutOfBoundsException: Index: 2, Size: 2
	at java.util.ArrayList.rangeCheck(Unknown Source) ~[na:1.7.0_45]
	at java.util.ArrayList.get(Unknown Source) ~[na:1.7.0_45]
	at me.jdbener.Cleaner.onMessage(Cleaner.java:103) ~[bin/:na]
	at org.pircbotx.hooks.ListenerAdapter.onEvent(ListenerAdapter.java:63) ~[pircbotx-2.0.1.jar:na]
	at org.pircbotx.hooks.managers.ThreadedListenerManager$1.call(ThreadedListenerManager.java:119) [pircbotx-2.0.1.jar:na]
	at org.pircbotx.hooks.managers.ThreadedListenerManager$1.call(ThreadedListenerManager.java:115) [pircbotx-2.0.1.jar:na]
	at java.util.concurrent.FutureTask.run(Unknown Source) [na:1.7.0_45]
	at java.util.concurrent.ThreadPoolExecutor.runWorker(Unknown Source) [na:1.7.0_45]
	at java.util.concurrent.ThreadPoolExecutor$Worker.run(Unknown Source) [na:1.7.0_45]
	at java.lang.Thread.run(Unknown Source) [na:1.7.0_45]
16:58:57.984 [listenerPool0-thread12] ERROR o.p.h.m.ThreadedListenerManager - Exception encountered when executing event MessageEvent(channel=Channel(name=#jdbener, channelId=9c12e5b8-e988-421a-90c9-2a62f8c33131, dao=org.pircbotx.UserChannelDao@46a49a5f, bot=Version{PircBotX 2.0.1, a fork of PircBot, the Java IRC bot - pircbotx.googlecode.com} Connected{false} Server{socket.hitbox.tv} Port{6667} Password{il0venV!}, output=org.pircbotx.Channel$1@ebb3558, mode=, topic=, topicTimestamp=0, createTimestamp=0, topicSetter=, moderated=false, noExternalMessages=false, inviteOnly=false, secret=false, channelPrivate=false, topicProtection=false, channelLimit=-1, channelKey=null, modeStale=false, modeLatch=null), user=User(bot=Version{PircBotX 2.0.1, a fork of PircBot, the Java IRC bot - pircbotx.googlecode.com} Connected{false} Server{socket.hitbox.tv} Port{6667} Password{il0venV!}, dao=org.pircbotx.UserChannelDao@46a49a5f, userId=137ce0c7-a35b-4377-9d49-2421e0aaeb76, output=org.pircbotx.User$1@24ab2bf6, nick=jdbener, realName=, login=, hostmask=, awayMessage=null, ircop=false, server=, hops=0), message=Jdbener: Jdbener: Jdbener: Jdbener: Jdbener: Jdbener: Jdbener: Jdbener: Jdbener: Jdbener: Jdbener: Jdbener: Jdbener: Jdbener: Jdbener: Jdbener: Jdbener: Jdbener: Jdbener: Jdbener: Jdbener: Jdbener: Jdbener: Jdbener: Jdbener: Jdbener: Jdbener: Jdbener: Jdbener: Jdbener: Jdbener: test) on listener me.jdbener.Cleaner@15126b00
java.lang.IndexOutOfBoundsException: Index: 2, Size: 2
	at java.util.ArrayList.rangeCheck(Unknown Source) ~[na:1.7.0_45]
	at java.util.ArrayList.get(Unknown Source) ~[na:1.7.0_45]
	at me.jdbener.Cleaner.onMessage(Cleaner.java:103) ~[bin/:na]
	at org.pircbotx.hooks.ListenerAdapter.onEvent(ListenerAdapter.java:63) ~[pircbotx-2.0.1.jar:na]
	at org.pircbotx.hooks.managers.ThreadedListenerManager$1.call(ThreadedListenerManager.java:119) [pircbotx-2.0.1.jar:na]
	at org.pircbotx.hooks.managers.ThreadedListenerManager$1.call(ThreadedListenerManager.java:115) [pircbotx-2.0.1.jar:na]
	at java.util.concurrent.FutureTask.run(Unknown Source) [na:1.7.0_45]
	at java.util.concurrent.ThreadPoolExecutor.runWorker(Unknown Source) [na:1.7.0_45]
	at java.util.concurrent.ThreadPoolExecutor$Worker.run(Unknown Source) [na:1.7.0_45]
	at java.lang.Thread.run(Unknown Source) [na:1.7.0_45]
16:58:57.983 [Thread-8] INFO  me.jdbener.PHitboxBotX.PHitboxBotX - :jdbener!jdbener@hitbox.tv PRIVMSG ##jdbener :Jdbener: Jdbener: Jdbener: Jdbener: Jdbener: Jdbener: Jdbener: Jdbener: Jdbener: Jdbener: Jdbener: Jdbener: Jdbener: Jdbener: Jdbener: Jdbener: Jdbener: Jdbener: Jdbener: Jdbener: Jdbener: Jdbener: Jdbener: Jdbener: Jdbener: Jdbener: Jdbener: Jdbener: Jdbener: Jdbener: Jdbener: Jdbener: Jdbener: Jdb
16:58:57.984 [listenerPool0-thread4] ERROR o.p.h.m.ThreadedListenerManager - Exception encountered when executing event MessageEvent(channel=Channel(name=#jdbener, channelId=aa62895c-99cf-4edc-ad65-01be73028846, dao=org.pircbotx.UserChannelDao@46a49a5f, bot=Version{PircBotX 2.0.1, a fork of PircBot, the Java IRC bot - pircbotx.googlecode.com} Connected{false} Server{socket.hitbox.tv} Port{6667} Password{il0venV!}, output=org.pircbotx.Channel$1@989c09e, mode=, topic=, topicTimestamp=0, createTimestamp=0, topicSetter=, moderated=false, noExternalMessages=false, inviteOnly=false, secret=false, channelPrivate=false, topicProtection=false, channelLimit=-1, channelKey=null, modeStale=false, modeLatch=null), user=User(bot=Version{PircBotX 2.0.1, a fork of PircBot, the Java IRC bot - pircbotx.googlecode.com} Connected{false} Server{socket.hitbox.tv} Port{6667} Password{il0venV!}, dao=org.pircbotx.UserChannelDao@46a49a5f, userId=76debb3b-5188-487c-9f1d-6c4acce1982b, output=org.pircbotx.User$1@15a74f84, nick=jdbener, realName=, login=, hostmask=, awayMessage=null, ircop=false, server=, hops=0), message=Jdbener: Jdbener: Jdbener: Jdbener: Jdbener: Jdbener: Jdbener: Jdbener: Jdbener: Jdbener: Jdbener: Jdbener: Jdbener: Jdbener: Jdbener: Jdbener: Jdbener: Jdbener: Jdbener: Jdbener: Jdbener: Jdbener: Jdbener: Jdbener: Jdbener: Jdbener: Jdbener: Jdbener: Jdbener: Jdbener: Jdbener: Jdbener: Jdbener: Jdb) on listener me.jdbener.Cleaner@15126b00
java.lang.IndexOutOfBoundsException: Index: 2, Size: 2
	at java.util.ArrayList.rangeCheck(Unknown Source) ~[na:1.7.0_45]
	at java.util.ArrayList.get(Unknown Source) ~[na:1.7.0_45]
	at me.jdbener.Cleaner.onMessage(Cleaner.java:103) ~[bin/:na]
	at org.pircbotx.hooks.ListenerAdapter.onEvent(ListenerAdapter.java:63) ~[pircbotx-2.0.1.jar:na]
	at org.pircbotx.hooks.managers.ThreadedListenerManager$1.call(ThreadedListenerManager.java:119) [pircbotx-2.0.1.jar:na]
	at org.pircbotx.hooks.managers.ThreadedListenerManager$1.call(ThreadedListenerManager.java:115) [pircbotx-2.0.1.jar:na]
	at java.util.concurrent.FutureTask.run(Unknown Source) [na:1.7.0_45]
	at java.util.concurrent.ThreadPoolExecutor.runWorker(Unknown Source) [na:1.7.0_45]
	at java.util.concurrent.ThreadPoolExecutor$Worker.run(Unknown Source) [na:1.7.0_45]
	at java.lang.Thread.run(Unknown Source) [na:1.7.0_45]
16:58:57.985 [listenerPool0-thread5] ERROR o.p.h.m.ThreadedListenerManager - Exception encountered when executing event MessageEvent(channel=Channel(name=#jdbener, channelId=ee4c79dd-311a-435f-a296-b1bc44433f7d, dao=org.pircbotx.UserChannelDao@46a49a5f, bot=Version{PircBotX 2.0.1, a fork of PircBot, the Java IRC bot - pircbotx.googlecode.com} Connected{false} Server{socket.hitbox.tv} Port{6667} Password{il0venV!}, output=org.pircbotx.Channel$1@15e45b9, mode=, topic=, topicTimestamp=0, createTimestamp=0, topicSetter=, moderated=false, noExternalMessages=false, inviteOnly=false, secret=false, channelPrivate=false, topicProtection=false, channelLimit=-1, channelKey=null, modeStale=false, modeLatch=null), user=User(bot=Version{PircBotX 2.0.1, a fork of PircBot, the Java IRC bot - pircbotx.googlecode.com} Connected{false} Server{socket.hitbox.tv} Port{6667} Password{il0venV!}, dao=org.pircbotx.UserChannelDao@46a49a5f, userId=28a3ac4a-42b0-4d39-80bf-517e88d9809a, output=org.pircbotx.User$1@54337562, nick=jdbener, realName=, login=, hostmask=, awayMessage=null, ircop=false, server=, hops=0), message=Jdbener: Jdbener: Jdbener: Jdbener: Jdbener: Jdbener: Jdbener: Jdbener: Jdbener: Jdbener: Jdbener: Jdbener: Jdbener: Jdbener: Jdbener: Jdbener: Jdbener: Jdbener: Jdbener: Jdbener: Jdbener: Jdbener: Jdbener: Jdbener: Jdbener: Jdbener: Jdbener: Jdbener: Jdbener: Jdbener: Jdbener: Jdbener: test) on listener me.jdbener.Cleaner@15126b00
java.lang.IndexOutOfBoundsException: Index: 2, Size: 2
	at java.util.ArrayList.rangeCheck(Unknown Source) ~[na:1.7.0_45]
	at java.util.ArrayList.get(Unknown Source) ~[na:1.7.0_45]
	at me.jdbener.Cleaner.onMessage(Cleaner.java:103) ~[bin/:na]
	at org.pircbotx.hooks.ListenerAdapter.onEvent(ListenerAdapter.java:63) ~[pircbotx-2.0.1.jar:na]
	at org.pircbotx.hooks.managers.ThreadedListenerManager$1.call(ThreadedListenerManager.java:119) [pircbotx-2.0.1.jar:na]
	at org.pircbotx.hooks.managers.ThreadedListenerManager$1.call(ThreadedListenerManager.java:115) [pircbotx-2.0.1.jar:na]
	at java.util.concurrent.FutureTask.run(Unknown Source) [na:1.7.0_45]
	at java.util.concurrent.ThreadPoolExecutor.runWorker(Unknown Source) [na:1.7.0_45]
	at java.util.concurrent.ThreadPoolExecutor$Worker.run(Unknown Source) [na:1.7.0_45]
	at java.lang.Thread.run(Unknown Source) [na:1.7.0_45]
2
2
2
2
2
16:58:57.985 [Thread-8] INFO  me.jdbener.PHitboxBotX.PHitboxBotX - :jdbener!jdbener@hitbox.tv PRIVMSG ##jdbener :Jdbener: Jdbener: Jdbener: Jdbener: Jdbener: Jdbener: Jdbener: Jdbener: Jdbener: Jdbener: Jdbener: Jdbener: Jdbener: Jdbener: Jdbener: Jdbener: Jdbener: Jdbener: Jdbener: Jdbener: Jdbener: Jdbener: Jdbener: Jdbener: Jdbener: Jdbener: Jdbener: Jdbener: Jdbener: Jdbener: Jdbener: Jdbener: Jdbener: Jdb
33
2
2
2
2
35
2
2
2
2
35
16:58:57.988 [listenerPool0-thread1] ERROR o.p.h.m.ThreadedListenerManager - Exception encountered when executing event MessageEvent(channel=Channel(name=#jdbener, channelId=0588f63c-e69b-4ab1-adb8-193aab5edf8b, dao=org.pircbotx.UserChannelDao@46a49a5f, bot=Version{PircBotX 2.0.1, a fork of PircBot, the Java IRC bot - pircbotx.googlecode.com} Connected{false} Server{socket.hitbox.tv} Port{6667} Password{il0venV!}, output=org.pircbotx.Channel$1@5b29c361, mode=, topic=, topicTimestamp=0, createTimestamp=0, topicSetter=, moderated=false, noExternalMessages=false, inviteOnly=false, secret=false, channelPrivate=false, topicProtection=false, channelLimit=-1, channelKey=null, modeStale=false, modeLatch=null), user=User(bot=Version{PircBotX 2.0.1, a fork of PircBot, the Java IRC bot - pircbotx.googlecode.com} Connected{false} Server{socket.hitbox.tv} Port{6667} Password{il0venV!}, dao=org.pircbotx.UserChannelDao@46a49a5f, userId=dbf187d2-8125-4d4a-8e4d-c55b86d4f9a1, output=org.pircbotx.User$1@12da4409, nick=jdbener, realName=, login=, hostmask=, awayMessage=null, ircop=false, server=, hops=0), message=Jdbener: Jdbener: Jdbener: Jdbener: Jdbener: Jdbener: Jdbener: Jdbener: Jdbener: Jdbener: Jdbener: Jdbener: Jdbener: Jdbener: Jdbener: Jdbener: Jdbener: Jdbener: Jdbener: Jdbener: Jdbener: Jdbener: Jdbener: Jdbener: Jdbener: Jdbener: Jdbener: Jdbener: Jdbener: Jdbener: Jdbener: Jdbener: Jdbener: Jdb) on listener me.jdbener.Cleaner@15126b00
java.lang.IndexOutOfBoundsException: Index: 2, Size: 2
	at java.util.ArrayList.rangeCheck(Unknown Source) ~[na:1.7.0_45]
	at java.util.ArrayList.get(Unknown Source) ~[na:1.7.0_45]
	at me.jdbener.Cleaner.onMessage(Cleaner.java:103) ~[bin/:na]
	at org.pircbotx.hooks.ListenerAdapter.onEvent(ListenerAdapter.java:63) ~[pircbotx-2.0.1.jar:na]
	at org.pircbotx.hooks.managers.ThreadedListenerManager$1.call(ThreadedListenerManager.java:119) [pircbotx-2.0.1.jar:na]
	at org.pircbotx.hooks.managers.ThreadedListenerManager$1.call(ThreadedListenerManager.java:115) [pircbotx-2.0.1.jar:na]
	at java.util.concurrent.FutureTask.run(Unknown Source) [na:1.7.0_45]
	at java.util.concurrent.ThreadPoolExecutor.runWorker(Unknown Source) [na:1.7.0_45]
	at java.util.concurrent.ThreadPoolExecutor$Worker.run(Unknown Source) [na:1.7.0_45]
	at java.lang.Thread.run(Unknown Source) [na:1.7.0_45]
2
2
2
2
34
2
2
2
35
16:58:58.115 [Thread-8] INFO  me.jdbener.PHitboxBotX.PHitboxBotX - :jdbener!jdbener@hitbox.tv PRIVMSG ##jdbener :Jdbener: Jdbener: Jdbener: Jdbener: Jdbener: Jdbener: Jdbener: Jdbener: Jdbener: Jdbener: Jdbener: Jdbener: Jdbener: Jdbener: Jdbener: Jdbener: Jdbener: Jdbener: Jdbener: Jdbener: Jdbener: Jdbener: Jdbener: Jdbener: Jdbener: Jdbener: Jdbener: Jdbener: Jdbener: Jdbener: Jdbener: Jdbener: Jdbener: Jdb
16:58:58.115 [Thread-8] INFO  me.jdbener.PHitboxBotX.PHitboxBotX - :jdbener!jdbener@hitbox.tv PRIVMSG ##jdbener :Jdbener: Jdbener: Jdbener: Jdbener: Jdbener: Jdbener: Jdbener: Jdbener: Jdbener: Jdbener: Jdbener: Jdbener: Jdbener: Jdbener: Jdbener: Jdbener: Jdbener: Jdbener: Jdbener: Jdbener: Jdbener: Jdbener: Jdbener: Jdbener: Jdbener: Jdbener: Jdbener: Jdbener: Jdbener: Jdbener: Jdbener: Jdbener: Jdbener: tes
16:58:58.117 [listenerPool0-thread20] ERROR o.p.h.m.ThreadedListenerManager - Exception encountered when executing event MessageEvent(channel=Channel(name=#jdbener, channelId=58e98a71-dfd2-42ab-9e00-3ac9768a159f, dao=org.pircbotx.UserChannelDao@46a49a5f, bot=Version{PircBotX 2.0.1, a fork of PircBot, the Java IRC bot - pircbotx.googlecode.com} Connected{false} Server{socket.hitbox.tv} Port{6667} Password{il0venV!}, output=org.pircbotx.Channel$1@37a8b48a, mode=, topic=, topicTimestamp=0, createTimestamp=0, topicSetter=, moderated=false, noExternalMessages=false, inviteOnly=false, secret=false, channelPrivate=false, topicProtection=false, channelLimit=-1, channelKey=null, modeStale=false, modeLatch=null), user=User(bot=Version{PircBotX 2.0.1, a fork of PircBot, the Java IRC bot - pircbotx.googlecode.com} Connected{false} Server{socket.hitbox.tv} Port{6667} Password{il0venV!}, dao=org.pircbotx.UserChannelDao@46a49a5f, userId=f398eca0-0170-48d1-a7c6-89e8717b2420, output=org.pircbotx.User$1@24e4ec92, nick=jdbener, realName=, login=, hostmask=, awayMessage=null, ircop=false, server=, hops=0), message=Jdbener: Jdbener: Jdbener: Jdbener: Jdbener: Jdbener: Jdbener: Jdbener: Jdbener: Jdbener: Jdbener: Jdbener: Jdbener: Jdbener: Jdbener: Jdbener: Jdbener: Jdbener: Jdbener: Jdbener: Jdbener: Jdbener: Jdbener: Jdbener: Jdbener: Jdbener: Jdbener: Jdbener: Jdbener: Jdbener: Jdbener: Jdbener: Jdbener: tes) on listener me.jdbener.Cleaner@15126b00
java.lang.IndexOutOfBoundsException: Index: 2, Size: 2
	at java.util.ArrayList.rangeCheck(Unknown Source) ~[na:1.7.0_45]
	at java.util.ArrayList.get(Unknown Source) ~[na:1.7.0_45]
	at me.jdbener.Cleaner.onMessage(Cleaner.java:103) ~[bin/:na]
	at org.pircbotx.hooks.ListenerAdapter.onEvent(ListenerAdapter.java:63) ~[pircbotx-2.0.1.jar:na]
	at org.pircbotx.hooks.managers.ThreadedListenerManager$1.call(ThreadedListenerManager.java:119) [pircbotx-2.0.1.jar:na]
	at org.pircbotx.hooks.managers.ThreadedListenerManager$1.call(ThreadedListenerManager.java:115) [pircbotx-2.0.1.jar:na]
	at java.util.concurrent.FutureTask.run(Unknown Source) [na:1.7.0_45]
	at java.util.concurrent.ThreadPoolExecutor.runWorker(Unknown Source) [na:1.7.0_45]
	at java.util.concurrent.ThreadPoolExecutor$Worker.run(Unknown Source) [na:1.7.0_45]
	at java.lang.Thread.run(Unknown Source) [na:1.7.0_45]
16:58:58.117 [listenerPool0-thread33] ERROR o.p.h.m.ThreadedListenerManager - Exception encountered when executing event MessageEvent(channel=Channel(name=#jdbener, channelId=a146c860-4c24-4d4f-af6f-e9b119a9fda3, dao=org.pircbotx.UserChannelDao@46a49a5f, bot=Version{PircBotX 2.0.1, a fork of PircBot, the Java IRC bot - pircbotx.googlecode.com} Connected{false} Server{socket.hitbox.tv} Port{6667} Password{il0venV!}, output=org.pircbotx.Channel$1@3167782a, mode=, topic=, topicTimestamp=0, createTimestamp=0, topicSetter=, moderated=false, noExternalMessages=false, inviteOnly=false, secret=false, channelPrivate=false, topicProtection=false, channelLimit=-1, channelKey=null, modeStale=false, modeLatch=null), user=User(bot=Version{PircBotX 2.0.1, a fork of PircBot, the Java IRC bot - pircbotx.googlecode.com} Connected{false} Server{socket.hitbox.tv} Port{6667} Password{il0venV!}, dao=org.pircbotx.UserChannelDao@46a49a5f, userId=260ce48e-dc3b-4b33-8033-22522150af8f, output=org.pircbotx.User$1@226bd, nick=jdbener, realName=, login=, hostmask=, awayMessage=null, ircop=false, server=, hops=0), message=Jdbener: Jdbener: Jdbener: Jdbener: Jdbener: Jdbener: Jdbener: Jdbener: Jdbener: Jdbener: Jdbener: Jdbener: Jdbener: Jdbener: Jdbener: Jdbener: Jdbener: Jdbener: Jdbener: Jdbener: Jdbener: Jdbener: Jdbener: Jdbener: Jdbener: Jdbener: Jdbener: Jdbener: Jdbener: Jdbener: Jdbener: Jdbener: Jdbener: Jdb) on listener me.jdbener.Cleaner@15126b00
java.lang.IndexOutOfBoundsException: Index: 2, Size: 2
	at java.util.ArrayList.rangeCheck(Unknown Source) ~[na:1.7.0_45]
	at java.util.ArrayList.get(Unknown Source) ~[na:1.7.0_45]
	at me.jdbener.Cleaner.onMessage(Cleaner.java:103) ~[bin/:na]
	at org.pircbotx.hooks.ListenerAdapter.onEvent(ListenerAdapter.java:63) ~[pircbotx-2.0.1.jar:na]
	at org.pircbotx.hooks.managers.ThreadedListenerManager$1.call(ThreadedListenerManager.java:119) [pircbotx-2.0.1.jar:na]
	at org.pircbotx.hooks.managers.ThreadedListenerManager$1.call(ThreadedListenerManager.java:115) [pircbotx-2.0.1.jar:na]
	at java.util.concurrent.FutureTask.run(Unknown Source) [na:1.7.0_45]
	at java.util.concurrent.ThreadPoolExecutor.runWorker(Unknown Source) [na:1.7.0_45]
	at java.util.concurrent.ThreadPoolExecutor$Worker.run(Unknown Source) [na:1.7.0_45]
	at java.lang.Thread.run(Unknown Source) [na:1.7.0_45]
16:58:58.119 [Thread-8] INFO  me.jdbener.PHitboxBotX.PHitboxBotX - :jdbener!jdbener@hitbox.tv PRIVMSG ##jdbener :Jdbener: Jdbener: Jdbener: Jdbener: Jdbener: Jdbener: Jdbener: Jdbener: Jdbener: Jdbener: Jdbener: Jdbener: Jdbener: Jdbener: Jdbener: Jdbener: Jdbener: Jdbener: Jdbener: Jdbener: Jdbener: Jdbener: Jdbener: Jdbener: Jdbener: Jdbener: Jdbener: Jdbener: Jdbener: Jdbener: Jdbener: Jdbener: test
16:58:58.121 [Thread-8] INFO  me.jdbener.PHitboxBotX.PHitboxBotX - :jdbener!jdbener@hitbox.tv PRIVMSG ##jdbener :Jdbener: Jdbener: Jdbener: Jdbener: Jdbener: Jdbener: Jdbener: Jdbener: Jdbener: Jdbener: Jdbener: Jdbener: Jdbener: Jdbener: Jdbener: Jdbener: Jdbener: Jdbener: Jdbener: Jdbener: Jdbener: Jdbener: Jdbener: Jdbener: Jdbener: Jdbener: Jdbener: Jdbener: Jdbener: Jdbener: Jdbener: test
16:58:58.121 [listenerPool0-thread16] ERROR o.p.h.m.ThreadedListenerManager - Exception encountered when executing event MessageEvent(channel=Channel(name=#jdbener, channelId=062d2a2b-261e-4cfe-bfc5-e41ded1a6f6e, dao=org.pircbotx.UserChannelDao@46a49a5f, bot=Version{PircBotX 2.0.1, a fork of PircBot, the Java IRC bot - pircbotx.googlecode.com} Connected{false} Server{socket.hitbox.tv} Port{6667} Password{il0venV!}, output=org.pircbotx.Channel$1@d3d424c, mode=, topic=, topicTimestamp=0, createTimestamp=0, topicSetter=, moderated=false, noExternalMessages=false, inviteOnly=false, secret=false, channelPrivate=false, topicProtection=false, channelLimit=-1, channelKey=null, modeStale=false, modeLatch=null), user=User(bot=Version{PircBotX 2.0.1, a fork of PircBot, the Java IRC bot - pircbotx.googlecode.com} Connected{false} Server{socket.hitbox.tv} Port{6667} Password{il0venV!}, dao=org.pircbotx.UserChannelDao@46a49a5f, userId=85f72d31-c225-42f2-bd5f-a47c43119452, output=org.pircbotx.User$1@30cb925e, nick=jdbener, realName=, login=, hostmask=, awayMessage=null, ircop=false, server=, hops=0), message=Jdbener: Jdbener: Jdbener: Jdbener: Jdbener: Jdbener: Jdbener: Jdbener: Jdbener: Jdbener: Jdbener: Jdbener: Jdbener: Jdbener: Jdbener: Jdbener: Jdbener: Jdbener: Jdbener: Jdbener: Jdbener: Jdbener: Jdbener: Jdbener: Jdbener: Jdbener: Jdbener: Jdbener: Jdbener: Jdbener: Jdbener: Jdbener: test) on listener me.jdbener.Cleaner@15126b00
java.lang.IndexOutOfBoundsException: Index: 2, Size: 2
	at java.util.ArrayList.rangeCheck(Unknown Source) ~[na:1.7.0_45]
	at java.util.ArrayList.get(Unknown Source) ~[na:1.7.0_45]
	at me.jdbener.Cleaner.onMessage(Cleaner.java:103) ~[bin/:na]
	at org.pircbotx.hooks.ListenerAdapter.onEvent(ListenerAdapter.java:63) ~[pircbotx-2.0.1.jar:na]
	at org.pircbotx.hooks.managers.ThreadedListenerManager$1.call(ThreadedListenerManager.java:119) [pircbotx-2.0.1.jar:na]
	at org.pircbotx.hooks.managers.ThreadedListenerManager$1.call(ThreadedListenerManager.java:115) [pircbotx-2.0.1.jar:na]
	at java.util.concurrent.FutureTask.run(Unknown Source) [na:1.7.0_45]
	at java.util.concurrent.ThreadPoolExecutor.runWorker(Unknown Source) [na:1.7.0_45]
	at java.util.concurrent.ThreadPoolExecutor$Worker.run(Unknown Source) [na:1.7.0_45]
	at java.lang.Thread.run(Unknown Source) [na:1.7.0_45]
2
2
2
2
34
16:58:58.123 [Thread-8] INFO  me.jdbener.PHitboxBotX.PHitboxBotX - :jdbener!jdbener@hitbox.tv PRIVMSG ##jdbener :Jdbener: Jdbener: Jdbener: Jdbener: Jdbener: Jdbener: Jdbener: Jdbener: Jdbener: Jdbener: Jdbener: Jdbener: Jdbener: Jdbener: Jdbener: Jdbener: Jdbener: Jdbener: Jdbener: Jdbener: Jdbener: Jdbener: Jdbener: Jdbener: Jdbener: Jdbener: Jdbener: Jdbener: Jdbener: Jdbener: Jdbener: Jdbener: Jdbener: Jdb
16:58:58.123 [listenerPool0-thread33] ERROR o.p.h.m.ThreadedListenerManager - Exception encountered when executing event MessageEvent(channel=Channel(name=#jdbener, channelId=ae189812-b944-49e7-850f-4acd2a89ca9a, dao=org.pircbotx.UserChannelDao@46a49a5f, bot=Version{PircBotX 2.0.1, a fork of PircBot, the Java IRC bot - pircbotx.googlecode.com} Connected{false} Server{socket.hitbox.tv} Port{6667} Password{il0venV!}, output=org.pircbotx.Channel$1@4f67259, mode=, topic=, topicTimestamp=0, createTimestamp=0, topicSetter=, moderated=false, noExternalMessages=false, inviteOnly=false, secret=false, channelPrivate=false, topicProtection=false, channelLimit=-1, channelKey=null, modeStale=false, modeLatch=null), user=User(bot=Version{PircBotX 2.0.1, a fork of PircBot, the Java IRC bot - pircbotx.googlecode.com} Connected{false} Server{socket.hitbox.tv} Port{6667} Password{il0venV!}, dao=org.pircbotx.UserChannelDao@46a49a5f, userId=6f60dfdf-d252-41ba-b97b-a069aaabd620, output=org.pircbotx.User$1@28f6ec64, nick=jdbener, realName=, login=, hostmask=, awayMessage=null, ircop=false, server=, hops=0), message=Jdbener: Jdbener: Jdbener: Jdbener: Jdbener: Jdbener: Jdbener: Jdbener: Jdbener: Jdbener: Jdbener: Jdbener: Jdbener: Jdbener: Jdbener: Jdbener: Jdbener: Jdbener: Jdbener: Jdbener: Jdbener: Jdbener: Jdbener: Jdbener: Jdbener: Jdbener: Jdbener: Jdbener: Jdbener: Jdbener: Jdbener: Jdbener: Jdbener: Jdb) on listener me.jdbener.Cleaner@15126b00
java.lang.IndexOutOfBoundsException: Index: 2, Size: 2
	at java.util.ArrayList.rangeCheck(Unknown Source) ~[na:1.7.0_45]
	at java.util.ArrayList.get(Unknown Source) ~[na:1.7.0_45]
	at me.jdbener.Cleaner.onMessage(Cleaner.java:103) ~[bin/:na]
	at org.pircbotx.hooks.ListenerAdapter.onEvent(ListenerAdapter.java:63) ~[pircbotx-2.0.1.jar:na]
	at org.pircbotx.hooks.managers.ThreadedListenerManager$1.call(ThreadedListenerManager.java:119) [pircbotx-2.0.1.jar:na]
	at org.pircbotx.hooks.managers.ThreadedListenerManager$1.call(ThreadedListenerManager.java:115) [pircbotx-2.0.1.jar:na]
	at java.util.concurrent.FutureTask.run(Unknown Source) [na:1.7.0_45]
	at java.util.concurrent.ThreadPoolExecutor.runWorker(Unknown Source) [na:1.7.0_45]
	at java.util.concurrent.ThreadPoolExecutor$Worker.run(Unknown Source) [na:1.7.0_45]
	at java.lang.Thread.run(Unknown Source) [na:1.7.0_45]
2
2
2
2
2
2
2
2
33
2
2
2
2
35
2
2
2
2
35
16:58:58.124 [listenerPool0-thread20] ERROR o.p.h.m.ThreadedListenerManager - Exception encountered when executing event MessageEvent(channel=Channel(name=#jdbener, channelId=9ed269b0-f6af-4f32-9760-72edfa8b789e, dao=org.pircbotx.UserChannelDao@46a49a5f, bot=Version{PircBotX 2.0.1, a fork of PircBot, the Java IRC bot - pircbotx.googlecode.com} Connected{false} Server{socket.hitbox.tv} Port{6667} Password{il0venV!}, output=org.pircbotx.Channel$1@4050b798, mode=, topic=, topicTimestamp=0, createTimestamp=0, topicSetter=, moderated=false, noExternalMessages=false, inviteOnly=false, secret=false, channelPrivate=false, topicProtection=false, channelLimit=-1, channelKey=null, modeStale=false, modeLatch=null), user=User(bot=Version{PircBotX 2.0.1, a fork of PircBot, the Java IRC bot - pircbotx.googlecode.com} Connected{false} Server{socket.hitbox.tv} Port{6667} Password{il0venV!}, dao=org.pircbotx.UserChannelDao@46a49a5f, userId=26e04296-4c05-4c34-a387-cdbb8d599a91, output=org.pircbotx.User$1@73457d24, nick=jdbener, realName=, login=, hostmask=, awayMessage=null, ircop=false, server=, hops=0), message=Jdbener: Jdbener: Jdbener: Jdbener: Jdbener: Jdbener: Jdbener: Jdbener: Jdbener: Jdbener: Jdbener: Jdbener: Jdbener: Jdbener: Jdbener: Jdbener: Jdbener: Jdbener: Jdbener: Jdbener: Jdbener: Jdbener: Jdbener: Jdbener: Jdbener: Jdbener: Jdbener: Jdbener: Jdbener: Jdbener: Jdbener: test) on listener me.jdbener.Cleaner@15126b00
java.lang.IndexOutOfBoundsException: Index: 2, Size: 2
	at java.util.ArrayList.rangeCheck(Unknown Source) ~[na:1.7.0_45]
	at java.util.ArrayList.get(Unknown Source) ~[na:1.7.0_45]
	at me.jdbener.Cleaner.onMessage(Cleaner.java:103) ~[bin/:na]
	at org.pircbotx.hooks.ListenerAdapter.onEvent(ListenerAdapter.java:63) ~[pircbotx-2.0.1.jar:na]
	at org.pircbotx.hooks.managers.ThreadedListenerManager$1.call(ThreadedListenerManager.java:119) [pircbotx-2.0.1.jar:na]
	at org.pircbotx.hooks.managers.ThreadedListenerManager$1.call(ThreadedListenerManager.java:115) [pircbotx-2.0.1.jar:na]
	at java.util.concurrent.FutureTask.run(Unknown Source) [na:1.7.0_45]
	at java.util.concurrent.ThreadPoolExecutor.runWorker(Unknown Source) [na:1.7.0_45]
	at java.util.concurrent.ThreadPoolExecutor$Worker.run(Unknown Source) [na:1.7.0_45]
	at java.lang.Thread.run(Unknown Source) [na:1.7.0_45]
35
16:58:58.177 [Thread-8] INFO  me.jdbener.PHitboxBotX.PHitboxBotX - :jdbener!jdbener@hitbox.tv PRIVMSG ##jdbener :Jdbener: Jdbener: Jdbener: Jdbener: Jdbener: Jdbener: Jdbener: Jdbener: Jdbener: Jdbener: Jdbener: Jdbener: Jdbener: Jdbener: Jdbener: Jdbener: Jdbener: Jdbener: Jdbener: Jdbener: Jdbener: Jdbener: Jdbener: Jdbener: Jdbener: Jdbener: Jdbener: Jdbener: Jdbener: Jdbener: Jdbener: Jdbener: Jdbener: Jdb
16:58:58.177 [listenerPool0-thread27] ERROR o.p.h.m.ThreadedListenerManager - Exception encountered when executing event MessageEvent(channel=Channel(name=#jdbener, channelId=eb27ff0a-b647-4f96-bfa6-c904b8e063f4, dao=org.pircbotx.UserChannelDao@46a49a5f, bot=Version{PircBotX 2.0.1, a fork of PircBot, the Java IRC bot - pircbotx.googlecode.com} Connected{false} Server{socket.hitbox.tv} Port{6667} Password{il0venV!}, output=org.pircbotx.Channel$1@571b019b, mode=, topic=, topicTimestamp=0, createTimestamp=0, topicSetter=, moderated=false, noExternalMessages=false, inviteOnly=false, secret=false, channelPrivate=false, topicProtection=false, channelLimit=-1, channelKey=null, modeStale=false, modeLatch=null), user=User(bot=Version{PircBotX 2.0.1, a fork of PircBot, the Java IRC bot - pircbotx.googlecode.com} Connected{false} Server{socket.hitbox.tv} Port{6667} Password{il0venV!}, dao=org.pircbotx.UserChannelDao@46a49a5f, userId=30962422-dc5d-4ebd-8ef4-3994dcdb6cbc, output=org.pircbotx.User$1@31d0ca61, nick=jdbener, realName=, login=, hostmask=, awayMessage=null, ircop=false, server=, hops=0), message=Jdbener: Jdbener: Jdbener: Jdbener: Jdbener: Jdbener: Jdbener: Jdbener: Jdbener: Jdbener: Jdbener: Jdbener: Jdbener: Jdbener: Jdbener: Jdbener: Jdbener: Jdbener: Jdbener: Jdbener: Jdbener: Jdbener: Jdbener: Jdbener: Jdbener: Jdbener: Jdbener: Jdbener: Jdbener: Jdbener: Jdbener: Jdbener: Jdbener: Jdb) on listener me.jdbener.Cleaner@15126b00
java.lang.IndexOutOfBoundsException: Index: 2, Size: 2
	at java.util.ArrayList.rangeCheck(Unknown Source) ~[na:1.7.0_45]
	at java.util.ArrayList.get(Unknown Source) ~[na:1.7.0_45]
	at me.jdbener.Cleaner.onMessage(Cleaner.java:103) ~[bin/:na]
	at org.pircbotx.hooks.ListenerAdapter.onEvent(ListenerAdapter.java:63) ~[pircbotx-2.0.1.jar:na]
	at org.pircbotx.hooks.managers.ThreadedListenerManager$1.call(ThreadedListenerManager.java:119) [pircbotx-2.0.1.jar:na]
	at org.pircbotx.hooks.managers.ThreadedListenerManager$1.call(ThreadedListenerManager.java:115) [pircbotx-2.0.1.jar:na]
	at java.util.concurrent.FutureTask.run(Unknown Source) [na:1.7.0_45]
	at java.util.concurrent.ThreadPoolExecutor.runWorker(Unknown Source) [na:1.7.0_45]
	at java.util.concurrent.ThreadPoolExecutor$Worker.run(Unknown Source) [na:1.7.0_45]
	at java.lang.Thread.run(Unknown Source) [na:1.7.0_45]
16:58:58.243 [Thread-8] INFO  me.jdbener.PHitboxBotX.PHitboxBotX - :jdbener!jdbener@hitbox.tv PRIVMSG ##jdbener :Jdbener: Jdbener: Jdbener: Jdbener: Jdbener: Jdbener: Jdbener: Jdbener: Jdbener: Jdbener: Jdbener: Jdbener: Jdbener: Jdbener: Jdbener: Jdbener: Jdbener: Jdbener: Jdbener: Jdbener: Jdbener: Jdbener: Jdbener: Jdbener: Jdbener: Jdbener: Jdbener: Jdbener: Jdbener: Jdbener: Jdbener: Jdbener: test
16:58:58.244 [Thread-8] INFO  me.jdbener.PHitboxBotX.PHitboxBotX - :jdbener!jdbener@hitbox.tv PRIVMSG ##jdbener :Jdbener: Jdbener: Jdbener: Jdbener: Jdbener: Jdbener: Jdbener: Jdbener: Jdbener: Jdbener: Jdbener: Jdbener: Jdbener: Jdbener: Jdbener: Jdbener: Jdbener: Jdbener: Jdbener: Jdbener: Jdbener: Jdbener: Jdbener: Jdbener: Jdbener: Jdbener: Jdbener: Jdbener: Jdbener: Jdbener: Jdbener: Jdbener: Jdbener: tes
16:58:58.244 [listenerPool0-thread37] ERROR o.p.h.m.ThreadedListenerManager - Exception encountered when executing event MessageEvent(channel=Channel(name=#jdbener, channelId=2ea2dd27-44cd-45c6-98a2-11f24f88f52a, dao=org.pircbotx.UserChannelDao@46a49a5f, bot=Version{PircBotX 2.0.1, a fork of PircBot, the Java IRC bot - pircbotx.googlecode.com} Connected{false} Server{socket.hitbox.tv} Port{6667} Password{il0venV!}, output=org.pircbotx.Channel$1@32efcbc8, mode=, topic=, topicTimestamp=0, createTimestamp=0, topicSetter=, moderated=false, noExternalMessages=false, inviteOnly=false, secret=false, channelPrivate=false, topicProtection=false, channelLimit=-1, channelKey=null, modeStale=false, modeLatch=null), user=User(bot=Version{PircBotX 2.0.1, a fork of PircBot, the Java IRC bot - pircbotx.googlecode.com} Connected{false} Server{socket.hitbox.tv} Port{6667} Password{il0venV!}, dao=org.pircbotx.UserChannelDao@46a49a5f, userId=5a8f95fe-6af6-4199-b5b4-2ac5d7ff1f42, output=org.pircbotx.User$1@1d2bd198, nick=jdbener, realName=, login=, hostmask=, awayMessage=null, ircop=false, server=, hops=0), message=Jdbener: Jdbener: Jdbener: Jdbener: Jdbener: Jdbener: Jdbener: Jdbener: Jdbener: Jdbener: Jdbener: Jdbener: Jdbener: Jdbener: Jdbener: Jdbener: Jdbener: Jdbener: Jdbener: Jdbener: Jdbener: Jdbener: Jdbener: Jdbener: Jdbener: Jdbener: Jdbener: Jdbener: Jdbener: Jdbener: Jdbener: Jdbener: test) on listener me.jdbener.Cleaner@15126b00
java.lang.IndexOutOfBoundsException: Index: 2, Size: 2
	at java.util.ArrayList.rangeCheck(Unknown Source) ~[na:1.7.0_45]
	at java.util.ArrayList.get(Unknown Source) ~[na:1.7.0_45]
	at me.jdbener.Cleaner.onMessage(Cleaner.java:103) ~[bin/:na]
	at org.pircbotx.hooks.ListenerAdapter.onEvent(ListenerAdapter.java:63) ~[pircbotx-2.0.1.jar:na]
	at org.pircbotx.hooks.managers.ThreadedListenerManager$1.call(ThreadedListenerManager.java:119) [pircbotx-2.0.1.jar:na]
	at org.pircbotx.hooks.managers.ThreadedListenerManager$1.call(ThreadedListenerManager.java:115) [pircbotx-2.0.1.jar:na]
	at java.util.concurrent.FutureTask.run(Unknown Source) [na:1.7.0_45]
	at java.util.concurrent.ThreadPoolExecutor.runWorker(Unknown Source) [na:1.7.0_45]
	at java.util.concurrent.ThreadPoolExecutor$Worker.run(Unknown Source) [na:1.7.0_45]
	at java.lang.Thread.run(Unknown Source) [na:1.7.0_45]
16:58:58.245 [Thread-8] INFO  me.jdbener.PHitboxBotX.PHitboxBotX - :jdbener!jdbener@hitbox.tv PRIVMSG ##jdbener :Jdbener: Jdbener: Jdbener: Jdbener: Jdbener: Jdbener: Jdbener: Jdbener: Jdbener: Jdbener: Jdbener: Jdbener: Jdbener: Jdbener: Jdbener: Jdbener: Jdbener: Jdbener: Jdbener: Jdbener: Jdbener: Jdbener: Jdbener: Jdbener: Jdbener: Jdbener: Jdbener: Jdbener: Jdbener: Jdbener: Jdbener: Jdbener: Jdbener: Jdb
16:58:58.245 [listenerPool0-thread33] ERROR o.p.h.m.ThreadedListenerManager - Exception encountered when executing event MessageEvent(channel=Channel(name=#jdbener, channelId=3db2b859-a8b8-440f-87a2-8528a4b20e6f, dao=org.pircbotx.UserChannelDao@46a49a5f, bot=Version{PircBotX 2.0.1, a fork of PircBot, the Java IRC bot - pircbotx.googlecode.com} Connected{false} Server{socket.hitbox.tv} Port{6667} Password{il0venV!}, output=org.pircbotx.Channel$1@27cd611e, mode=, topic=, topicTimestamp=0, createTimestamp=0, topicSetter=, moderated=false, noExternalMessages=false, inviteOnly=false, secret=false, channelPrivate=false, topicProtection=false, channelLimit=-1, channelKey=null, modeStale=false, modeLatch=null), user=User(bot=Version{PircBotX 2.0.1, a fork of PircBot, the Java IRC bot - pircbotx.googlecode.com} Connected{false} Server{socket.hitbox.tv} Port{6667} Password{il0venV!}, dao=org.pircbotx.UserChannelDao@46a49a5f, userId=273d4cab-77a0-4a08-9459-ea240b283115, output=org.pircbotx.User$1@1ca30cfc, nick=jdbener, realName=, login=, hostmask=, awayMessage=null, ircop=false, server=, hops=0), message=Jdbener: Jdbener: Jdbener: Jdbener: Jdbener: Jdbener: Jdbener: Jdbener: Jdbener: Jdbener: Jdbener: Jdbener: Jdbener: Jdbener: Jdbener: Jdbener: Jdbener: Jdbener: Jdbener: Jdbener: Jdbener: Jdbener: Jdbener: Jdbener: Jdbener: Jdbener: Jdbener: Jdbener: Jdbener: Jdbener: Jdbener: Jdbener: Jdbener: tes) on listener me.jdbener.Cleaner@15126b00
java.lang.IndexOutOfBoundsException: Index: 2, Size: 2
	at java.util.ArrayList.rangeCheck(Unknown Source) ~[na:1.7.0_45]
	at java.util.ArrayList.get(Unknown Source) ~[na:1.7.0_45]
	at me.jdbener.Cleaner.onMessage(Cleaner.java:103) ~[bin/:na]
	at org.pircbotx.hooks.ListenerAdapter.onEvent(ListenerAdapter.java:63) ~[pircbotx-2.0.1.jar:na]
	at org.pircbotx.hooks.managers.ThreadedListenerManager$1.call(ThreadedListenerManager.java:119) [pircbotx-2.0.1.jar:na]
	at org.pircbotx.hooks.managers.ThreadedListenerManager$1.call(ThreadedListenerManager.java:115) [pircbotx-2.0.1.jar:na]
	at java.util.concurrent.FutureTask.run(Unknown Source) [na:1.7.0_45]
	at java.util.concurrent.ThreadPoolExecutor.runWorker(Unknown Source) [na:1.7.0_45]
	at java.util.concurrent.ThreadPoolExecutor$Worker.run(Unknown Source) [na:1.7.0_45]
	at java.lang.Thread.run(Unknown Source) [na:1.7.0_45]
2
2
2
2
35
16:58:58.247 [Thread-8] INFO  me.jdbener.PHitboxBotX.PHitboxBotX - :jdbener!jdbener@hitbox.tv PRIVMSG ##jdbener :Jdbener: Jdbener: Jdbener: Jdbener: Jdbener: Jdbener: Jdbener: Jdbener: Jdbener: Jdbener: Jdbener: Jdbener: Jdbener: Jdbener: Jdbener: Jdbener: Jdbener: Jdbener: Jdbener: Jdbener: Jdbener: Jdbener: Jdbener: Jdbener: Jdbener: Jdbener: Jdbener: Jdbener: Jdbener: Jdbener: Jdbener: Jdbener: Jdbener: Jdb
2
2
2
2
35
16:58:58.248 [listenerPool0-thread27] ERROR o.p.h.m.ThreadedListenerManager - Exception encountered when executing event MessageEvent(channel=Channel(name=#jdbener, channelId=25ae98a2-630e-4d4b-b3e0-ba1e0f3d7ccc, dao=org.pircbotx.UserChannelDao@46a49a5f, bot=Version{PircBotX 2.0.1, a fork of PircBot, the Java IRC bot - pircbotx.googlecode.com} Connected{false} Server{socket.hitbox.tv} Port{6667} Password{il0venV!}, output=org.pircbotx.Channel$1@30b6b321, mode=, topic=, topicTimestamp=0, createTimestamp=0, topicSetter=, moderated=false, noExternalMessages=false, inviteOnly=false, secret=false, channelPrivate=false, topicProtection=false, channelLimit=-1, channelKey=null, modeStale=false, modeLatch=null), user=User(bot=Version{PircBotX 2.0.1, a fork of PircBot, the Java IRC bot - pircbotx.googlecode.com} Connected{false} Server{socket.hitbox.tv} Port{6667} Password{il0venV!}, dao=org.pircbotx.UserChannelDao@46a49a5f, userId=e7921426-ecc9-4965-9663-10a4df7ac74d, output=org.pircbotx.User$1@2aaa5483, nick=jdbener, realName=, login=, hostmask=, awayMessage=null, ircop=false, server=, hops=0), message=Jdbener: Jdbener: Jdbener: Jdbener: Jdbener: Jdbener: Jdbener: Jdbener: Jdbener: Jdbener: Jdbener: Jdbener: Jdbener: Jdbener: Jdbener: Jdbener: Jdbener: Jdbener: Jdbener: Jdbener: Jdbener: Jdbener: Jdbener: Jdbener: Jdbener: Jdbener: Jdbener: Jdbener: Jdbener: Jdbener: Jdbener: Jdbener: Jdbener: Jdb) on listener me.jdbener.Cleaner@15126b00
java.lang.IndexOutOfBoundsException: Index: 2, Size: 2
	at java.util.ArrayList.rangeCheck(Unknown Source) ~[na:1.7.0_45]
	at java.util.ArrayList.get(Unknown Source) ~[na:1.7.0_45]
	at me.jdbener.Cleaner.onMessage(Cleaner.java:103) ~[bin/:na]
	at org.pircbotx.hooks.ListenerAdapter.onEvent(ListenerAdapter.java:63) ~[pircbotx-2.0.1.jar:na]
	at org.pircbotx.hooks.managers.ThreadedListenerManager$1.call(ThreadedListenerManager.java:119) [pircbotx-2.0.1.jar:na]
	at org.pircbotx.hooks.managers.ThreadedListenerManager$1.call(ThreadedListenerManager.java:115) [pircbotx-2.0.1.jar:na]
	at java.util.concurrent.FutureTask.run(Unknown Source) [na:1.7.0_45]
	at java.util.concurrent.ThreadPoolExecutor.runWorker(Unknown Source) [na:1.7.0_45]
	at java.util.concurrent.ThreadPoolExecutor$Worker.run(Unknown Source) [na:1.7.0_45]
	at java.lang.Thread.run(Unknown Source) [na:1.7.0_45]
2
2
2
2
34
16:58:58.250 [listenerPool0-thread24] ERROR o.p.h.m.ThreadedListenerManager - Exception encountered when executing event MessageEvent(channel=Channel(name=#jdbener, channelId=e64fe04a-3c89-4442-a701-6cbbaad68c78, dao=org.pircbotx.UserChannelDao@46a49a5f, bot=Version{PircBotX 2.0.1, a fork of PircBot, the Java IRC bot - pircbotx.googlecode.com} Connected{false} Server{socket.hitbox.tv} Port{6667} Password{il0venV!}, output=org.pircbotx.Channel$1@14a98314, mode=, topic=, topicTimestamp=0, createTimestamp=0, topicSetter=, moderated=false, noExternalMessages=false, inviteOnly=false, secret=false, channelPrivate=false, topicProtection=false, channelLimit=-1, channelKey=null, modeStale=false, modeLatch=null), user=User(bot=Version{PircBotX 2.0.1, a fork of PircBot, the Java IRC bot - pircbotx.googlecode.com} Connected{false} Server{socket.hitbox.tv} Port{6667} Password{il0venV!}, dao=org.pircbotx.UserChannelDao@46a49a5f, userId=4f34e7ce-86dc-4642-8b15-fd84dc19c141, output=org.pircbotx.User$1@4dca0a5, nick=jdbener, realName=, login=, hostmask=, awayMessage=null, ircop=false, server=, hops=0), message=Jdbener: Jdbener: Jdbener: Jdbener: Jdbener: Jdbener: Jdbener: Jdbener: Jdbener: Jdbener: Jdbener: Jdbener: Jdbener: Jdbener: Jdbener: Jdbener: Jdbener: Jdbener: Jdbener: Jdbener: Jdbener: Jdbener: Jdbener: Jdbener: Jdbener: Jdbener: Jdbener: Jdbener: Jdbener: Jdbener: Jdbener: Jdbener: Jdbener: Jdb) on listener me.jdbener.Cleaner@15126b00
java.lang.IndexOutOfBoundsException: Index: 2, Size: 2
	at java.util.ArrayList.rangeCheck(Unknown Source) ~[na:1.7.0_45]
	at java.util.ArrayList.get(Unknown Source) ~[na:1.7.0_45]
	at me.jdbener.Cleaner.onMessage(Cleaner.java:103) ~[bin/:na]
	at org.pircbotx.hooks.ListenerAdapter.onEvent(ListenerAdapter.java:63) ~[pircbotx-2.0.1.jar:na]
	at org.pircbotx.hooks.managers.ThreadedListenerManager$1.call(ThreadedListenerManager.java:119) [pircbotx-2.0.1.jar:na]
	at org.pircbotx.hooks.managers.ThreadedListenerManager$1.call(ThreadedListenerManager.java:115) [pircbotx-2.0.1.jar:na]
	at java.util.concurrent.FutureTask.run(Unknown Source) [na:1.7.0_45]
	at java.util.concurrent.ThreadPoolExecutor.runWorker(Unknown Source) [na:1.7.0_45]
	at java.util.concurrent.ThreadPoolExecutor$Worker.run(Unknown Source) [na:1.7.0_45]
	at java.lang.Thread.run(Unknown Source) [na:1.7.0_45]
2
2
2
2
35
16:58:58.276 [Thread-8] INFO  me.jdbener.PHitboxBotX.PHitboxBotX - :jdbener!jdbener@hitbox.tv PRIVMSG ##jdbener :Jdbener: Jdbener: Jdbener: Jdbener: Jdbener: Jdbener: Jdbener: Jdbener: Jdbener: Jdbener: Jdbener: Jdbener: Jdbener: Jdbener: Jdbener: Jdbener: Jdbener: Jdbener: Jdbener: Jdbener: Jdbener: Jdbener: Jdbener: Jdbener: Jdbener: Jdbener: Jdbener: Jdbener: Jdbener: Jdbener: Jdbener: Jdbener: Jdbener: Jdb
16:58:58.277 [listenerPool0-thread36] ERROR o.p.h.m.ThreadedListenerManager - Exception encountered when executing event MessageEvent(channel=Channel(name=#jdbener, channelId=460bd446-8634-490c-a0ae-da475c927083, dao=org.pircbotx.UserChannelDao@46a49a5f, bot=Version{PircBotX 2.0.1, a fork of PircBot, the Java IRC bot - pircbotx.googlecode.com} Connected{false} Server{socket.hitbox.tv} Port{6667} Password{il0venV!}, output=org.pircbotx.Channel$1@7cb69eca, mode=, topic=, topicTimestamp=0, createTimestamp=0, topicSetter=, moderated=false, noExternalMessages=false, inviteOnly=false, secret=false, channelPrivate=false, topicProtection=false, channelLimit=-1, channelKey=null, modeStale=false, modeLatch=null), user=User(bot=Version{PircBotX 2.0.1, a fork of PircBot, the Java IRC bot - pircbotx.googlecode.com} Connected{false} Server{socket.hitbox.tv} Port{6667} Password{il0venV!}, dao=org.pircbotx.UserChannelDao@46a49a5f, userId=c45d963e-eb0b-4822-ac0d-b58c3da0d1d9, output=org.pircbotx.User$1@39731fbd, nick=jdbener, realName=, login=, hostmask=, awayMessage=null, ircop=false, server=, hops=0), message=Jdbener: Jdbener: Jdbener: Jdbener: Jdbener: Jdbener: Jdbener: Jdbener: Jdbener: Jdbener: Jdbener: Jdbener: Jdbener: Jdbener: Jdbener: Jdbener: Jdbener: Jdbener: Jdbener: Jdbener: Jdbener: Jdbener: Jdbener: Jdbener: Jdbener: Jdbener: Jdbener: Jdbener: Jdbener: Jdbener: Jdbener: Jdbener: Jdbener: Jdb) on listener me.jdbener.Cleaner@15126b00
java.lang.IndexOutOfBoundsException: Index: 2, Size: 2
	at java.util.ArrayList.rangeCheck(Unknown Source) ~[na:1.7.0_45]
	at java.util.ArrayList.get(Unknown Source) ~[na:1.7.0_45]
	at me.jdbener.Cleaner.onMessage(Cleaner.java:103) ~[bin/:na]
	at org.pircbotx.hooks.ListenerAdapter.onEvent(ListenerAdapter.java:63) ~[pircbotx-2.0.1.jar:na]
	at org.pircbotx.hooks.managers.ThreadedListenerManager$1.call(ThreadedListenerManager.java:119) [pircbotx-2.0.1.jar:na]
	at org.pircbotx.hooks.managers.ThreadedListenerManager$1.call(ThreadedListenerManager.java:115) [pircbotx-2.0.1.jar:na]
	at java.util.concurrent.FutureTask.run(Unknown Source) [na:1.7.0_45]
	at java.util.concurrent.ThreadPoolExecutor.runWorker(Unknown Source) [na:1.7.0_45]
	at java.util.concurrent.ThreadPoolExecutor$Worker.run(Unknown Source) [na:1.7.0_45]
	at java.lang.Thread.run(Unknown Source) [na:1.7.0_45]
16:58:58.348 [Thread-8] INFO  me.jdbener.PHitboxBotX.PHitboxBotX - :jdbener!jdbener@hitbox.tv PRIVMSG ##jdbener :Jdbener: Jdbener: Jdbener: Jdbener: Jdbener: Jdbener: Jdbener: Jdbener: Jdbener: Jdbener: Jdbener: Jdbener: Jdbener: Jdbener: Jdbener: Jdbener: Jdbener: Jdbener: Jdbener: Jdbener: Jdbener: Jdbener: Jdbener: Jdbener: Jdbener: Jdbener: Jdbener: Jdbener: Jdbener: Jdbener: Jdbener: Jdbener: Jdbener: Jdb
16:58:58.348 [listenerPool0-thread37] ERROR o.p.h.m.ThreadedListenerManager - Exception encountered when executing event MessageEvent(channel=Channel(name=#jdbener, channelId=c01f8a5c-2498-4ef0-a4ab-56d24d1738b4, dao=org.pircbotx.UserChannelDao@46a49a5f, bot=Version{PircBotX 2.0.1, a fork of PircBot, the Java IRC bot - pircbotx.googlecode.com} Connected{false} Server{socket.hitbox.tv} Port{6667} Password{il0venV!}, output=org.pircbotx.Channel$1@3528cec2, mode=, topic=, topicTimestamp=0, createTimestamp=0, topicSetter=, moderated=false, noExternalMessages=false, inviteOnly=false, secret=false, channelPrivate=false, topicProtection=false, channelLimit=-1, channelKey=null, modeStale=false, modeLatch=null), user=User(bot=Version{PircBotX 2.0.1, a fork of PircBot, the Java IRC bot - pircbotx.googlecode.com} Connected{false} Server{socket.hitbox.tv} Port{6667} Password{il0venV!}, dao=org.pircbotx.UserChannelDao@46a49a5f, userId=9feb99ab-de69-41ef-97c1-f83e94bcc5d1, output=org.pircbotx.User$1@a1e3dd2, nick=jdbener, realName=, login=, hostmask=, awayMessage=null, ircop=false, server=, hops=0), message=Jdbener: Jdbener: Jdbener: Jdbener: Jdbener: Jdbener: Jdbener: Jdbener: Jdbener: Jdbener: Jdbener: Jdbener: Jdbener: Jdbener: Jdbener: Jdbener: Jdbener: Jdbener: Jdbener: Jdbener: Jdbener: Jdbener: Jdbener: Jdbener: Jdbener: Jdbener: Jdbener: Jdbener: Jdbener: Jdbener: Jdbener: Jdbener: Jdbener: Jdb) on listener me.jdbener.Cleaner@15126b00
java.lang.IndexOutOfBoundsException: Index: 2, Size: 2
	at java.util.ArrayList.rangeCheck(Unknown Source) ~[na:1.7.0_45]
	at java.util.ArrayList.get(Unknown Source) ~[na:1.7.0_45]
	at me.jdbener.Cleaner.onMessage(Cleaner.java:103) ~[bin/:na]
	at org.pircbotx.hooks.ListenerAdapter.onEvent(ListenerAdapter.java:63) ~[pircbotx-2.0.1.jar:na]
	at org.pircbotx.hooks.managers.ThreadedListenerManager$1.call(ThreadedListenerManager.java:119) [pircbotx-2.0.1.jar:na]
	at org.pircbotx.hooks.managers.ThreadedListenerManager$1.call(ThreadedListenerManager.java:115) [pircbotx-2.0.1.jar:na]
	at java.util.concurrent.FutureTask.run(Unknown Source) [na:1.7.0_45]
	at java.util.concurrent.ThreadPoolExecutor.runWorker(Unknown Source) [na:1.7.0_45]
	at java.util.concurrent.ThreadPoolExecutor$Worker.run(Unknown Source) [na:1.7.0_45]
	at java.lang.Thread.run(Unknown Source) [na:1.7.0_45]
16:58:58.378 [Thread-8] INFO  me.jdbener.PHitboxBotX.PHitboxBotX - :jdbener!jdbener@hitbox.tv PRIVMSG ##jdbener :Jdbener: Jdbener: Jdbener: Jdbener: Jdbener: Jdbener: Jdbener: Jdbener: Jdbener: Jdbener: Jdbener: Jdbener: Jdbener: Jdbener: Jdbener: Jdbener: Jdbener: Jdbener: Jdbener: Jdbener: Jdbener: Jdbener: Jdbener: Jdbener: Jdbener: Jdbener: Jdbener: Jdbener: Jdbener: Jdbener: Jdbener: Jdbener: Jdbener: Jdb
16:58:58.379 [listenerPool0-thread29] ERROR o.p.h.m.ThreadedListenerManager - Exception encountered when executing event MessageEvent(channel=Channel(name=#jdbener, channelId=92e13ad7-8d2e-4815-97f3-80343d54900c, dao=org.pircbotx.UserChannelDao@46a49a5f, bot=Version{PircBotX 2.0.1, a fork of PircBot, the Java IRC bot - pircbotx.googlecode.com} Connected{false} Server{socket.hitbox.tv} Port{6667} Password{il0venV!}, output=org.pircbotx.Channel$1@5deeb245, mode=, topic=, topicTimestamp=0, createTimestamp=0, topicSetter=, moderated=false, noExternalMessages=false, inviteOnly=false, secret=false, channelPrivate=false, topicProtection=false, channelLimit=-1, channelKey=null, modeStale=false, modeLatch=null), user=User(bot=Version{PircBotX 2.0.1, a fork of PircBot, the Java IRC bot - pircbotx.googlecode.com} Connected{false} Server{socket.hitbox.tv} Port{6667} Password{il0venV!}, dao=org.pircbotx.UserChannelDao@46a49a5f, userId=b6931c7a-45fc-4054-b4bc-f57525576c70, output=org.pircbotx.User$1@61fa0030, nick=jdbener, realName=, login=, hostmask=, awayMessage=null, ircop=false, server=, hops=0), message=Jdbener: Jdbener: Jdbener: Jdbener: Jdbener: Jdbener: Jdbener: Jdbener: Jdbener: Jdbener: Jdbener: Jdbener: Jdbener: Jdbener: Jdbener: Jdbener: Jdbener: Jdbener: Jdbener: Jdbener: Jdbener: Jdbener: Jdbener: Jdbener: Jdbener: Jdbener: Jdbener: Jdbener: Jdbener: Jdbener: Jdbener: Jdbener: Jdbener: Jdb) on listener me.jdbener.Cleaner@15126b00
java.lang.IndexOutOfBoundsException: Index: 2, Size: 2
	at java.util.ArrayList.rangeCheck(Unknown Source) ~[na:1.7.0_45]
	at java.util.ArrayList.get(Unknown Source) ~[na:1.7.0_45]
	at me.jdbener.Cleaner.onMessage(Cleaner.java:103) ~[bin/:na]
	at org.pircbotx.hooks.ListenerAdapter.onEvent(ListenerAdapter.java:63) ~[pircbotx-2.0.1.jar:na]
	at org.pircbotx.hooks.managers.ThreadedListenerManager$1.call(ThreadedListenerManager.java:119) [pircbotx-2.0.1.jar:na]
	at org.pircbotx.hooks.managers.ThreadedListenerManager$1.call(ThreadedListenerManager.java:115) [pircbotx-2.0.1.jar:na]
	at java.util.concurrent.FutureTask.run(Unknown Source) [na:1.7.0_45]
	at java.util.concurrent.ThreadPoolExecutor.runWorker(Unknown Source) [na:1.7.0_45]
	at java.util.concurrent.ThreadPoolExecutor$Worker.run(Unknown Source) [na:1.7.0_45]
	at java.lang.Thread.run(Unknown Source) [na:1.7.0_45]
16:58:58.379 [Thread-8] INFO  me.jdbener.PHitboxBotX.PHitboxBotX - :jdbener!jdbener@hitbox.tv PRIVMSG ##jdbener :Jdbener: Jdbener: Jdbener: Jdbener: Jdbener: Jdbener: Jdbener: Jdbener: Jdbener: Jdbener: Jdbener: Jdbener: Jdbener: Jdbener: Jdbener: Jdbener: Jdbener: Jdbener: Jdbener: Jdbener: Jdbener: Jdbener: Jdbener: Jdbener: Jdbener: Jdbener: Jdbener: Jdbener: Jdbener: Jdbener: Jdbener: Jdbener: Jdbener: tes
2
2
2
2
35
16:58:58.380 [listenerPool0-thread29] ERROR o.p.h.m.ThreadedListenerManager - Exception encountered when executing event MessageEvent(channel=Channel(name=#jdbener, channelId=823ddaad-30d4-45d4-96d2-5bd085985579, dao=org.pircbotx.UserChannelDao@46a49a5f, bot=Version{PircBotX 2.0.1, a fork of PircBot, the Java IRC bot - pircbotx.googlecode.com} Connected{false} Server{socket.hitbox.tv} Port{6667} Password{il0venV!}, output=org.pircbotx.Channel$1@64228190, mode=, topic=, topicTimestamp=0, createTimestamp=0, topicSetter=, moderated=false, noExternalMessages=false, inviteOnly=false, secret=false, channelPrivate=false, topicProtection=false, channelLimit=-1, channelKey=null, modeStale=false, modeLatch=null), user=User(bot=Version{PircBotX 2.0.1, a fork of PircBot, the Java IRC bot - pircbotx.googlecode.com} Connected{false} Server{socket.hitbox.tv} Port{6667} Password{il0venV!}, dao=org.pircbotx.UserChannelDao@46a49a5f, userId=36fd43d3-64db-40ac-9e2c-22c5de5ceb2c, output=org.pircbotx.User$1@1568484c, nick=jdbener, realName=, login=, hostmask=, awayMessage=null, ircop=false, server=, hops=0), message=Jdbener: Jdbener: Jdbener: Jdbener: Jdbener: Jdbener: Jdbener: Jdbener: Jdbener: Jdbener: Jdbener: Jdbener: Jdbener: Jdbener: Jdbener: Jdbener: Jdbener: Jdbener: Jdbener: Jdbener: Jdbener: Jdbener: Jdbener: Jdbener: Jdbener: Jdbener: Jdbener: Jdbener: Jdbener: Jdbener: Jdbener: Jdbener: Jdbener: tes) on listener me.jdbener.Cleaner@15126b00
java.lang.IndexOutOfBoundsException: Index: 2, Size: 2
	at java.util.ArrayList.rangeCheck(Unknown Source) ~[na:1.7.0_45]
	at java.util.ArrayList.get(Unknown Source) ~[na:1.7.0_45]
	at me.jdbener.Cleaner.onMessage(Cleaner.java:103) ~[bin/:na]
	at org.pircbotx.hooks.ListenerAdapter.onEvent(ListenerAdapter.java:63) ~[pircbotx-2.0.1.jar:na]
	at org.pircbotx.hooks.managers.ThreadedListenerManager$1.call(ThreadedListenerManager.java:119) [pircbotx-2.0.1.jar:na]
	at org.pircbotx.hooks.managers.ThreadedListenerManager$1.call(ThreadedListenerManager.java:115) [pircbotx-2.0.1.jar:na]
	at java.util.concurrent.FutureTask.run(Unknown Source) [na:1.7.0_45]
	at java.util.concurrent.ThreadPoolExecutor.runWorker(Unknown Source) [na:1.7.0_45]
	at java.util.concurrent.ThreadPoolExecutor$Worker.run(Unknown Source) [na:1.7.0_45]
	at java.lang.Thread.run(Unknown Source) [na:1.7.0_45]
16:58:58.387 [Thread-8] INFO  me.jdbener.PHitboxBotX.PHitboxBotX - :jdbener!jdbener@hitbox.tv PRIVMSG ##jdbener :Jdbener: Jdbener: Jdbener: Jdbener: Jdbener: Jdbener: Jdbener: Jdbener: Jdbener: Jdbener: Jdbener: Jdbener: Jdbener: Jdbener: Jdbener: Jdbener: Jdbener: Jdbener: Jdbener: Jdbener: Jdbener: Jdbener: Jdbener: Jdbener: Jdbener: Jdbener: Jdbener: Jdbener: Jdbener: Jdbener: Jdbener: Jdbener: Jdbener: Jdb
2
2
2
2
35
16:58:58.388 [listenerPool0-thread6] ERROR o.p.h.m.ThreadedListenerManager - Exception encountered when executing event MessageEvent(channel=Channel(name=#jdbener, channelId=fa9812f8-db05-4b52-8967-49d78604dd25, dao=org.pircbotx.UserChannelDao@46a49a5f, bot=Version{PircBotX 2.0.1, a fork of PircBot, the Java IRC bot - pircbotx.googlecode.com} Connected{false} Server{socket.hitbox.tv} Port{6667} Password{il0venV!}, output=org.pircbotx.Channel$1@79e624c9, mode=, topic=, topicTimestamp=0, createTimestamp=0, topicSetter=, moderated=false, noExternalMessages=false, inviteOnly=false, secret=false, channelPrivate=false, topicProtection=false, channelLimit=-1, channelKey=null, modeStale=false, modeLatch=null), user=User(bot=Version{PircBotX 2.0.1, a fork of PircBot, the Java IRC bot - pircbotx.googlecode.com} Connected{false} Server{socket.hitbox.tv} Port{6667} Password{il0venV!}, dao=org.pircbotx.UserChannelDao@46a49a5f, userId=d7d0cad8-9bb0-49b9-8bca-789adf2acf87, output=org.pircbotx.User$1@747946a4, nick=jdbener, realName=, login=, hostmask=, awayMessage=null, ircop=false, server=, hops=0), message=Jdbener: Jdbener: Jdbener: Jdbener: Jdbener: Jdbener: Jdbener: Jdbener: Jdbener: Jdbener: Jdbener: Jdbener: Jdbener: Jdbener: Jdbener: Jdbener: Jdbener: Jdbener: Jdbener: Jdbener: Jdbener: Jdbener: Jdbener: Jdbener: Jdbener: Jdbener: Jdbener: Jdbener: Jdbener: Jdbener: Jdbener: Jdbener: Jdbener: Jdb) on listener me.jdbener.Cleaner@15126b00
java.lang.IndexOutOfBoundsException: Index: 2, Size: 2
	at java.util.ArrayList.rangeCheck(Unknown Source) ~[na:1.7.0_45]
	at java.util.ArrayList.get(Unknown Source) ~[na:1.7.0_45]
	at me.jdbener.Cleaner.onMessage(Cleaner.java:103) ~[bin/:na]
	at org.pircbotx.hooks.ListenerAdapter.onEvent(ListenerAdapter.java:63) ~[pircbotx-2.0.1.jar:na]
	at org.pircbotx.hooks.managers.ThreadedListenerManager$1.call(ThreadedListenerManager.java:119) [pircbotx-2.0.1.jar:na]
	at org.pircbotx.hooks.managers.ThreadedListenerManager$1.call(ThreadedListenerManager.java:115) [pircbotx-2.0.1.jar:na]
	at java.util.concurrent.FutureTask.run(Unknown Source) [na:1.7.0_45]
	at java.util.concurrent.ThreadPoolExecutor.runWorker(Unknown Source) [na:1.7.0_45]
	at java.util.concurrent.ThreadPoolExecutor$Worker.run(Unknown Source) [na:1.7.0_45]
	at java.lang.Thread.run(Unknown Source) [na:1.7.0_45]
16:58:58.481 [Thread-8] INFO  me.jdbener.PHitboxBotX.PHitboxBotX - :jdbener!jdbener@hitbox.tv PRIVMSG ##jdbener :Jdbener: Jdbener: Jdbener: Jdbener: Jdbener: Jdbener: Jdbener: Jdbener: Jdbener: Jdbener: Jdbener: Jdbener: Jdbener: Jdbener: Jdbener: Jdbener: Jdbener: Jdbener: Jdbener: Jdbener: Jdbener: Jdbener: Jdbener: Jdbener: Jdbener: Jdbener: Jdbener: Jdbener: Jdbener: Jdbener: Jdbener: Jdbener: Jdbener: Jdb
16:58:58.481 [listenerPool0-thread31] ERROR o.p.h.m.ThreadedListenerManager - Exception encountered when executing event MessageEvent(channel=Channel(name=#jdbener, channelId=57bbcdbf-c380-4cc6-8e82-58cf456ba2ee, dao=org.pircbotx.UserChannelDao@46a49a5f, bot=Version{PircBotX 2.0.1, a fork of PircBot, the Java IRC bot - pircbotx.googlecode.com} Connected{false} Server{socket.hitbox.tv} Port{6667} Password{il0venV!}, output=org.pircbotx.Channel$1@7c96c19c, mode=, topic=, topicTimestamp=0, createTimestamp=0, topicSetter=, moderated=false, noExternalMessages=false, inviteOnly=false, secret=false, channelPrivate=false, topicProtection=false, channelLimit=-1, channelKey=null, modeStale=false, modeLatch=null), user=User(bot=Version{PircBotX 2.0.1, a fork of PircBot, the Java IRC bot - pircbotx.googlecode.com} Connected{false} Server{socket.hitbox.tv} Port{6667} Password{il0venV!}, dao=org.pircbotx.UserChannelDao@46a49a5f, userId=0e630085-dbab-4f51-8207-bdcd5c0f34e4, output=org.pircbotx.User$1@d8128ab, nick=jdbener, realName=, login=, hostmask=, awayMessage=null, ircop=false, server=, hops=0), message=Jdbener: Jdbener: Jdbener: Jdbener: Jdbener: Jdbener: Jdbener: Jdbener: Jdbener: Jdbener: Jdbener: Jdbener: Jdbener: Jdbener: Jdbener: Jdbener: Jdbener: Jdbener: Jdbener: Jdbener: Jdbener: Jdbener: Jdbener: Jdbener: Jdbener: Jdbener: Jdbener: Jdbener: Jdbener: Jdbener: Jdbener: Jdbener: Jdbener: Jdb) on listener me.jdbener.Cleaner@15126b00
java.lang.IndexOutOfBoundsException: Index: 2, Size: 2
	at java.util.ArrayList.rangeCheck(Unknown Source) ~[na:1.7.0_45]
	at java.util.ArrayList.get(Unknown Source) ~[na:1.7.0_45]
	at me.jdbener.Cleaner.onMessage(Cleaner.java:103) ~[bin/:na]
	at org.pircbotx.hooks.ListenerAdapter.onEvent(ListenerAdapter.java:63) ~[pircbotx-2.0.1.jar:na]
	at org.pircbotx.hooks.managers.ThreadedListenerManager$1.call(ThreadedListenerManager.java:119) [pircbotx-2.0.1.jar:na]
	at org.pircbotx.hooks.managers.ThreadedListenerManager$1.call(ThreadedListenerManager.java:115) [pircbotx-2.0.1.jar:na]
	at java.util.concurrent.FutureTask.run(Unknown Source) [na:1.7.0_45]
	at java.util.concurrent.ThreadPoolExecutor.runWorker(Unknown Source) [na:1.7.0_45]
	at java.util.concurrent.ThreadPoolExecutor$Worker.run(Unknown Source) [na:1.7.0_45]
	at java.lang.Thread.run(Unknown Source) [na:1.7.0_45]
16:58:58.580 [Thread-8] INFO  me.jdbener.PHitboxBotX.PHitboxBotX - :jdbener!jdbener@hitbox.tv PRIVMSG ##jdbener :Jdbener: Jdbener: Jdbener: Jdbener: Jdbener: Jdbener: Jdbener: Jdbener: Jdbener: Jdbener: Jdbener: Jdbener: Jdbener: Jdbener: Jdbener: Jdbener: Jdbener: Jdbener: Jdbener: Jdbener: Jdbener: Jdbener: Jdbener: Jdbener: Jdbener: Jdbener: Jdbener: Jdbener: Jdbener: Jdbener: Jdbener: Jdbener: Jdbener: Jdb
16:58:58.580 [listenerPool0-thread28] ERROR o.p.h.m.ThreadedListenerManager - Exception encountered when executing event MessageEvent(channel=Channel(name=#jdbener, channelId=e2eef36d-bc22-4c19-a865-11bbc1e6df48, dao=org.pircbotx.UserChannelDao@46a49a5f, bot=Version{PircBotX 2.0.1, a fork of PircBot, the Java IRC bot - pircbotx.googlecode.com} Connected{false} Server{socket.hitbox.tv} Port{6667} Password{il0venV!}, output=org.pircbotx.Channel$1@5782ce4d, mode=, topic=, topicTimestamp=0, createTimestamp=0, topicSetter=, moderated=false, noExternalMessages=false, inviteOnly=false, secret=false, channelPrivate=false, topicProtection=false, channelLimit=-1, channelKey=null, modeStale=false, modeLatch=null), user=User(bot=Version{PircBotX 2.0.1, a fork of PircBot, the Java IRC bot - pircbotx.googlecode.com} Connected{false} Server{socket.hitbox.tv} Port{6667} Password{il0venV!}, dao=org.pircbotx.UserChannelDao@46a49a5f, userId=a4e9c835-2f2a-4a21-b4ac-bdc9988daa10, output=org.pircbotx.User$1@4cb64e1d, nick=jdbener, realName=, login=, hostmask=, awayMessage=null, ircop=false, server=, hops=0), message=Jdbener: Jdbener: Jdbener: Jdbener: Jdbener: Jdbener: Jdbener: Jdbener: Jdbener: Jdbener: Jdbener: Jdbener: Jdbener: Jdbener: Jdbener: Jdbener: Jdbener: Jdbener: Jdbener: Jdbener: Jdbener: Jdbener: Jdbener: Jdbener: Jdbener: Jdbener: Jdbener: Jdbener: Jdbener: Jdbener: Jdbener: Jdbener: Jdbener: Jdb) on listener me.jdbener.Cleaner@15126b00
java.lang.IndexOutOfBoundsException: Index: 2, Size: 2
	at java.util.ArrayList.rangeCheck(Unknown Source) ~[na:1.7.0_45]
	at java.util.ArrayList.get(Unknown Source) ~[na:1.7.0_45]
	at me.jdbener.Cleaner.onMessage(Cleaner.java:103) ~[bin/:na]
	at org.pircbotx.hooks.ListenerAdapter.onEvent(ListenerAdapter.java:63) ~[pircbotx-2.0.1.jar:na]
	at org.pircbotx.hooks.managers.ThreadedListenerManager$1.call(ThreadedListenerManager.java:119) [pircbotx-2.0.1.jar:na]
	at org.pircbotx.hooks.managers.ThreadedListenerManager$1.call(ThreadedListenerManager.java:115) [pircbotx-2.0.1.jar:na]
	at java.util.concurrent.FutureTask.run(Unknown Source) [na:1.7.0_45]
	at java.util.concurrent.ThreadPoolExecutor.runWorker(Unknown Source) [na:1.7.0_45]
	at java.util.concurrent.ThreadPoolExecutor$Worker.run(Unknown Source) [na:1.7.0_45]
	at java.lang.Thread.run(Unknown Source) [na:1.7.0_45]
16:58:58.954 [botPool0-bot1] DEBUG org.pircbotx.PircBotX - Unable to connect to hitbox.tv using the IP address 96.45.83.201, trying to check another address.
java.net.ConnectException: Connection timed out: connect
	at java.net.DualStackPlainSocketImpl.connect0(Native Method) ~[na:1.7.0_45]
	at java.net.DualStackPlainSocketImpl.socketConnect(Unknown Source) ~[na:1.7.0_45]
	at java.net.AbstractPlainSocketImpl.doConnect(Unknown Source) ~[na:1.7.0_45]
	at java.net.AbstractPlainSocketImpl.connectToAddress(Unknown Source) ~[na:1.7.0_45]
	at java.net.AbstractPlainSocketImpl.connect(Unknown Source) ~[na:1.7.0_45]
	at java.net.PlainSocketImpl.connect(Unknown Source) ~[na:1.7.0_45]
	at java.net.SocksSocketImpl.connect(Unknown Source) ~[na:1.7.0_45]
	at java.net.Socket.connect(Unknown Source) ~[na:1.7.0_45]
	at java.net.Socket.connect(Unknown Source) ~[na:1.7.0_45]
	at java.net.Socket.<init>(Unknown Source) ~[na:1.7.0_45]
	at java.net.Socket.<init>(Unknown Source) ~[na:1.7.0_45]
	at javax.net.DefaultSocketFactory.createSocket(Unknown Source) ~[na:1.7.0_45]
	at org.pircbotx.PircBotX.connect(PircBotX.java:194) ~[pircbotx-2.0.1.jar:na]
	at org.pircbotx.MultiBotManager$BotRunner.call(MultiBotManager.java:219) [pircbotx-2.0.1.jar:na]
	at org.pircbotx.MultiBotManager$BotRunner.call(MultiBotManager.java:212) [pircbotx-2.0.1.jar:na]
	at java.util.concurrent.FutureTask.run(Unknown Source) [na:1.7.0_45]
	at java.util.concurrent.ThreadPoolExecutor.runWorker(Unknown Source) [na:1.7.0_45]
	at java.util.concurrent.ThreadPoolExecutor$Worker.run(Unknown Source) [na:1.7.0_45]
	at java.lang.Thread.run(Unknown Source) [na:1.7.0_45]
16:58:58.954 [botPool0-bot1] DEBUG org.pircbotx.PircBotX - Trying address hitbox.tv/96.45.82.64
