22:15:30.325 [main] INFO  me.jdbener.Bennerbot - Begining plugin loading
22:15:30.401 [main] INFO  me.jdbener.Bennerbot - Finished looking for plugins in: plugins
22:15:30.422 [main] INFO  me.jdbener.Bennerbot - Finished looking for plugins in: plugins/BasicCommands
22:15:30.424 [main] INFO  me.jdbener.Bennerbot - Beggining pluging loading sequence
22:15:30.424 [main] INFO  me.jdbener.Bennerbot - Beggining loading of: Basic Commands
22:15:30.424 [main] INFO  me.jdbener.Bennerbot - Added listener to twitch bot
22:15:30.424 [main] INFO  me.jdbener.Bennerbot - Added listener to hitbox bot
22:15:30.424 [main] INFO  me.jdbener.Bennerbot - Basic Commands has been sucessfully loaded!
22:15:30.424 [main] INFO  me.jdbener.Bennerbot - Finished pluging loading sequence
22:15:30.424 [main] INFO  me.jdbener.Bennerbot - Proceading with BennerBot initiation sequence
22:15:31.782 [main] INFO  me.jdbener.Bennerbot - Successfully initiated follower notifications
22:15:31.784 [main] INFO  me.jdbener.Bennerbot - Successfully initiated twitch api connections
22:15:31.999 [main] DEBUG org.pircbotx.MultiBotManager - Not started yet, add to queue
22:15:32.000 [main] DEBUG org.pircbotx.MultiBotManager - Not started yet, add to queue
22:15:32.069 [botPool0-bot0] DEBUG org.pircbotx.PircBotX - Trying address irc.twitch.tv/199.9.249.253
22:15:32.069 [main] INFO  me.jdbener.Bennerbot - Started Loading the GUI
22:15:32.083 [botPool0-bot1] DEBUG org.pircbotx.PircBotX - Trying address irc.glados.tv/192.99.100.37
22:15:32.108 [botPool0-bot0] INFO  org.pircbotx.PircBotX - Connected to server.
22:15:32.115 [botPool0-bot0] INFO  org.pircbotx.output.OutputRaw - PASS oauth:hrr2wpqq0knt6sb0spzd3d1mugpdezf
22:15:32.115 [botPool0-bot0] INFO  org.pircbotx.output.OutputRaw - NICK BennerBot
22:15:32.115 [botPool0-bot0] INFO  org.pircbotx.output.OutputRaw - USER BennerBot 8 * :PircBotX 2.0.1, a fork of PircBot, the Java IRC bot - pircbotx.googlecode.com
22:15:32.196 [botPool0-bot0] INFO  org.pircbotx.InputParser - :tmi.twitch.tv 001 bennerbot :Welcome, GLHF!
22:15:32.204 [botPool0-bot0] DEBUG org.pircbotx.InputParser - Logged onto server.
22:15:32.206 [botPool0-bot1] INFO  org.pircbotx.PircBotX - Connected to server.
22:15:32.208 [botPool0-bot1] INFO  org.pircbotx.output.OutputRaw - PASS bennerbot
22:15:32.208 [botPool0-bot1] INFO  org.pircbotx.output.OutputRaw - NICK bennerbot
22:15:32.208 [botPool0-bot1] INFO  org.pircbotx.output.OutputRaw - USER BennerBot 8 * :PircBotX 2.0.1, a fork of PircBot, the Java IRC bot - pircbotx.googlecode.com
22:15:33.116 [listenerPool0-thread4] INFO  org.pircbotx.output.OutputRaw - PRIVMSG #biogenx2b :/color #ff0000
22:15:33.209 [listenerPool0-thread4] INFO  org.pircbotx.output.OutputRaw - PRIVMSG #bennerbot :/color #ff0000
22:15:34.117 [botPool0-bot0] INFO  org.pircbotx.output.OutputRaw - JOIN #biogenx2b 
22:15:34.117 [botPool0-bot0] INFO  org.pircbotx.InputParser - :tmi.twitch.tv 002 bennerbot :Your host is tmi.twitch.tv
22:15:34.118 [botPool0-bot0] INFO  org.pircbotx.InputParser - :tmi.twitch.tv 003 bennerbot :This server is rather new
22:15:34.118 [botPool0-bot0] INFO  org.pircbotx.InputParser - :tmi.twitch.tv 004 bennerbot :-
22:15:34.125 [botPool0-bot0] ERROR org.pircbotx.PircBotX - Exception encountered when parsing line
java.lang.IndexOutOfBoundsException: Index: 1, Size: 1
	at java.util.ArrayList.rangeCheck(Unknown Source) ~[na:1.7.0_45]
	at java.util.ArrayList.get(Unknown Source) ~[na:1.7.0_45]
	at org.pircbotx.ServerInfo.parse004(ServerInfo.java:113) ~[BennerBot.jar:na]
	at org.pircbotx.ServerInfo.parse(ServerInfo.java:106) ~[BennerBot.jar:na]
	at org.pircbotx.InputParser.processServerResponse(InputParser.java:709) ~[BennerBot.jar:na]
	at org.pircbotx.InputParser.handleLine(InputParser.java:323) ~[BennerBot.jar:na]
	at org.pircbotx.PircBotX.startLineProcessing(PircBotX.java:275) [BennerBot.jar:na]
	at org.pircbotx.PircBotX.connect(PircBotX.java:236) [BennerBot.jar:na]
	at org.pircbotx.MultiBotManager$BotRunner.call(MultiBotManager.java:219) [BennerBot.jar:na]
	at org.pircbotx.MultiBotManager$BotRunner.call(MultiBotManager.java:212) [BennerBot.jar:na]
	at java.util.concurrent.FutureTask.run(Unknown Source) [na:1.7.0_45]
	at java.util.concurrent.ThreadPoolExecutor.runWorker(Unknown Source) [na:1.7.0_45]
	at java.util.concurrent.ThreadPoolExecutor$Worker.run(Unknown Source) [na:1.7.0_45]
	at java.lang.Thread.run(Unknown Source) [na:1.7.0_45]
22:15:34.125 [botPool0-bot0] INFO  org.pircbotx.InputParser - :tmi.twitch.tv 375 bennerbot :-
22:15:34.125 [botPool0-bot0] INFO  org.pircbotx.InputParser - :tmi.twitch.tv 372 bennerbot :You are in a maze of twisty passages, all alike.
22:15:34.126 [botPool0-bot0] INFO  org.pircbotx.InputParser - :tmi.twitch.tv 376 bennerbot :>
22:15:34.130 [botPool0-bot0] INFO  org.pircbotx.InputParser - :jtv!jtv@jtv.tmi.twitch.tv PRIVMSG bennerbot :USERCOLOR bennerbot #FF0000
22:15:34.133 [botPool0-bot0] INFO  org.pircbotx.InputParser - :jtv!jtv@jtv.tmi.twitch.tv PRIVMSG bennerbot :Your color has been changed
22:15:34.180 [botPool0-bot0] INFO  org.pircbotx.InputParser - :bennerbot!bennerbot@bennerbot.tmi.twitch.tv JOIN #biogenx2b
22:15:35.118 [botPool0-bot0] INFO  org.pircbotx.output.OutputRaw - WHO #biogenx2b
22:15:36.131 [botPool0-bot0] INFO  org.pircbotx.output.OutputRaw - MODE #biogenx2b
22:15:36.136 [botPool0-bot0] INFO  org.pircbotx.InputParser - :bennerbot.tmi.twitch.tv 353 bennerbot = #biogenx2b :bennerbot
22:15:36.137 [botPool0-bot0] INFO  org.pircbotx.InputParser - :bennerbot.tmi.twitch.tv 366 bennerbot #biogenx2b :End of /NAMES list
22:15:36.138 [botPool0-bot0] INFO  org.pircbotx.InputParser - :jtv!jtv@jtv.tmi.twitch.tv PRIVMSG bennerbot :USERCOLOR bennerbot #FF0000
22:15:36.139 [botPool0-bot0] INFO  org.pircbotx.InputParser - :jtv!jtv@jtv.tmi.twitch.tv PRIVMSG bennerbot :HISTORYEND biogenx2b
22:15:36.141 [botPool0-bot0] INFO  org.pircbotx.InputParser - :jtv!jtv@jtv.tmi.twitch.tv PRIVMSG bennerbot :HOSTTARGET battlebuddiesgaming -
22:15:36.142 [botPool0-bot0] INFO  org.pircbotx.InputParser - :jtv!jtv@jtv.tmi.twitch.tv PRIVMSG bennerbot :Now hosting battlebuddiesgaming.
22:15:36.144 [botPool0-bot0] INFO  org.pircbotx.InputParser - :tmi.twitch.tv 421 bennerbot WHO :Unknown command
22:15:38.123 [bot2-shutdownhook] INFO  org.pircbotx.output.OutputRaw - QUIT :
22:15:38.156 [bot2-shutdownhook] INFO  org.pircbotx.dcc.DccHandler - Terminating all transfers waiting to be accepted
22:15:38.156 [botPool0-bot0] INFO  org.pircbotx.PircBotX - Shutdown has been called, closing InputParser
22:15:38.157 [bot2-shutdownhook] DEBUG org.pircbotx.PircBotX - Disconnected.
22:15:38.157 [bot2-shutdownhook] DEBUG o.p.h.m.ThreadedListenerManager - Waiting for listener me.jdbener.apis.twitch.TwitchFollowerHandeler@17d33c09 to execute event DisconnectEvent(daoSnapshot=org.pircbotx.snapshot.UserChannelDaoSnapshot@6350f8f, disconnectException=null)
22:15:38.157 [botPool0-bot0] DEBUG o.p.MultiBotManager$BotFutureCallback - Bot #0 finished
22:15:38.157 [bot2-shutdownhook] DEBUG o.p.h.m.ThreadedListenerManager - Waiting for listener me.jdbener.Cleaner@6bee2292 to execute event DisconnectEvent(daoSnapshot=org.pircbotx.snapshot.UserChannelDaoSnapshot@6350f8f, disconnectException=null)
22:15:38.157 [bot2-shutdownhook] DEBUG o.p.h.m.ThreadedListenerManager - Waiting for listener me.jdbener.moderataion.CapsFilter@46364879 to execute event DisconnectEvent(daoSnapshot=org.pircbotx.snapshot.UserChannelDaoSnapshot@6350f8f, disconnectException=null)
22:15:38.157 [bot2-shutdownhook] DEBUG o.p.h.m.ThreadedListenerManager - Waiting for listener me.jdbener.utilities.BotJoinHandeler@2fc6d169 to execute event DisconnectEvent(daoSnapshot=org.pircbotx.snapshot.UserChannelDaoSnapshot@6350f8f, disconnectException=null)
22:15:38.158 [bot2-shutdownhook] DEBUG o.p.h.m.ThreadedListenerManager - Waiting for listener me.jdbener.utilities.Infromation@53b5e629 to execute event DisconnectEvent(daoSnapshot=org.pircbotx.snapshot.UserChannelDaoSnapshot@6350f8f, disconnectException=null)
22:15:38.158 [bot2-shutdownhook] DEBUG o.p.h.m.ThreadedListenerManager - Waiting for listener me.jdbener.moderataion.URLFilter@6ecae1b3 to execute event DisconnectEvent(daoSnapshot=org.pircbotx.snapshot.UserChannelDaoSnapshot@6350f8f, disconnectException=null)
22:15:38.158 [bot2-shutdownhook] DEBUG o.p.h.m.ThreadedListenerManager - Waiting for listener me.jdbener.moderataion.GeneralFilter@31c74456 to execute event DisconnectEvent(daoSnapshot=org.pircbotx.snapshot.UserChannelDaoSnapshot@6350f8f, disconnectException=null)
22:15:38.158 [bot2-shutdownhook] DEBUG o.p.h.m.ThreadedListenerManager - Waiting for listener me.jdbener.apis.hitbox.HitboxStatusGameUpdater@2462ea85 to execute event DisconnectEvent(daoSnapshot=org.pircbotx.snapshot.UserChannelDaoSnapshot@6350f8f, disconnectException=null)
