21:34:25.400 [main] INFO  me.jdbener.Bennerbot - Begining plugin loading
21:34:25.483 [main] INFO  me.jdbener.Bennerbot - Finished looking for plugins in: plugins
21:34:25.506 [main] INFO  me.jdbener.Bennerbot - Finished looking for plugins in: plugins/BasicCommands
21:34:25.507 [main] INFO  me.jdbener.Bennerbot - Beggining pluging loading sequence
21:34:25.507 [main] INFO  me.jdbener.Bennerbot - Beggining loading of: Basic Commands
21:34:25.507 [main] INFO  me.jdbener.Bennerbot - Added listener to twitch bot
21:34:25.507 [main] INFO  me.jdbener.Bennerbot - Added listener to hitbox bot
21:34:25.507 [main] INFO  me.jdbener.Bennerbot - Basic Commands has been sucessfully loaded!
21:34:25.508 [main] INFO  me.jdbener.Bennerbot - Finished pluging loading sequence
21:34:25.508 [main] INFO  me.jdbener.Bennerbot - Proceading with BennerBot initiation sequence
21:34:26.927 [main] INFO  me.jdbener.Bennerbot - Successfully initiated follower notifications
21:34:26.928 [main] INFO  me.jdbener.Bennerbot - Successfully initiated twitch api connections
21:34:27.198 [main] DEBUG org.pircbotx.MultiBotManager - Not started yet, add to queue
21:34:27.199 [main] DEBUG org.pircbotx.MultiBotManager - Not started yet, add to queue
21:34:27.266 [botPool0-bot0] DEBUG org.pircbotx.PircBotX - Trying address irc.twitch.tv/199.9.252.28
21:34:27.269 [main] INFO  me.jdbener.Bennerbot - Started Loading the GUI
21:34:27.294 [botPool0-bot0] INFO  org.pircbotx.PircBotX - Connected to server.
21:34:27.301 [botPool0-bot0] INFO  org.pircbotx.output.OutputRaw - PASS oauth:hrr2wpqq0knt6sb0spzd3d1mugpdezf
21:34:27.301 [botPool0-bot0] INFO  org.pircbotx.output.OutputRaw - NICK BennerBot
21:34:27.301 [botPool0-bot0] INFO  org.pircbotx.output.OutputRaw - USER BennerBot 8 * :PircBotX 2.0.1, a fork of PircBot, the Java IRC bot - pircbotx.googlecode.com
21:34:27.312 [botPool0-bot1] DEBUG org.pircbotx.PircBotX - Trying address irc.glados.tv/192.99.100.37
21:34:27.358 [botPool0-bot0] INFO  org.pircbotx.InputParser - :tmi.twitch.tv 001 bennerbot :Welcome, GLHF!
21:34:27.366 [botPool0-bot0] DEBUG org.pircbotx.InputParser - Logged onto server.
21:34:27.427 [botPool0-bot1] INFO  org.pircbotx.PircBotX - Connected to server.
21:34:27.428 [botPool0-bot1] INFO  org.pircbotx.output.OutputRaw - PASS bennerbot
21:34:27.428 [botPool0-bot1] INFO  org.pircbotx.output.OutputRaw - NICK bennerbot
21:34:27.428 [botPool0-bot1] INFO  org.pircbotx.output.OutputRaw - USER BennerBot 8 * :PircBotX 2.0.1, a fork of PircBot, the Java IRC bot - pircbotx.googlecode.com
21:34:28.302 [listenerPool0-thread8] INFO  org.pircbotx.output.OutputRaw - PRIVMSG #biogenx2b :/color #ff0000
21:34:28.429 [listenerPool0-thread8] INFO  org.pircbotx.output.OutputRaw - PRIVMSG #bennerbot :/color #ff0000
21:34:29.303 [botPool0-bot0] INFO  org.pircbotx.output.OutputRaw - JOIN #biogenx2b 
21:34:29.303 [botPool0-bot0] INFO  org.pircbotx.InputParser - :tmi.twitch.tv 002 bennerbot :Your host is tmi.twitch.tv
21:34:29.304 [botPool0-bot0] INFO  org.pircbotx.InputParser - :tmi.twitch.tv 003 bennerbot :This server is rather new
21:34:29.305 [botPool0-bot0] INFO  org.pircbotx.InputParser - :tmi.twitch.tv 004 bennerbot :-
21:34:29.311 [botPool0-bot0] ERROR org.pircbotx.PircBotX - Exception encountered when parsing line
java.lang.IndexOutOfBoundsException: Index: 1, Size: 1
	at java.util.ArrayList.rangeCheck(Unknown Source) ~[na:1.7.0_45]
	at java.util.ArrayList.get(Unknown Source) ~[na:1.7.0_45]
	at org.pircbotx.ServerInfo.parse004(ServerInfo.java:113) ~[BennerBot.jar:na]
	at org.pircbotx.ServerInfo.parse(ServerInfo.java:106) ~[BennerBot.jar:na]
	at org.pircbotx.InputParser.processServerResponse(InputParser.java:709) ~[BennerBot.jar:na]
	at org.pircbotx.InputParser.handleLine(InputParser.java:323) ~[BennerBot.jar:na]
	at org.pircbotx.PircBotX.startLineProcessing(PircBotX.java:275) [BennerBot.jar:na]
	at org.pircbotx.PircBotX.connect(PircBotX.java:236) [BennerBot.jar:na]
	at org.pircbotx.MultiBotManager$BotRunner.call(MultiBotManager.java:219) [BennerBot.jar:na]
	at org.pircbotx.MultiBotManager$BotRunner.call(MultiBotManager.java:212) [BennerBot.jar:na]
	at java.util.concurrent.FutureTask.run(Unknown Source) [na:1.7.0_45]
	at java.util.concurrent.ThreadPoolExecutor.runWorker(Unknown Source) [na:1.7.0_45]
	at java.util.concurrent.ThreadPoolExecutor$Worker.run(Unknown Source) [na:1.7.0_45]
	at java.lang.Thread.run(Unknown Source) [na:1.7.0_45]
21:34:29.311 [botPool0-bot0] INFO  org.pircbotx.InputParser - :tmi.twitch.tv 375 bennerbot :-
21:34:29.312 [botPool0-bot0] INFO  org.pircbotx.InputParser - :tmi.twitch.tv 372 bennerbot :You are in a maze of twisty passages, all alike.
21:34:29.314 [botPool0-bot0] INFO  org.pircbotx.InputParser - :tmi.twitch.tv 376 bennerbot :>
21:34:29.315 [botPool0-bot0] INFO  org.pircbotx.InputParser - :jtv!jtv@jtv.tmi.twitch.tv PRIVMSG bennerbot :USERCOLOR bennerbot #FF0000
21:34:29.318 [botPool0-bot0] INFO  org.pircbotx.InputParser - :jtv!jtv@jtv.tmi.twitch.tv PRIVMSG bennerbot :Your color has been changed
21:34:29.365 [botPool0-bot0] INFO  org.pircbotx.InputParser - :bennerbot!bennerbot@bennerbot.tmi.twitch.tv JOIN #biogenx2b
21:34:30.304 [botPool0-bot0] INFO  org.pircbotx.output.OutputRaw - WHO #biogenx2b
21:34:31.305 [botPool0-bot0] INFO  org.pircbotx.output.OutputRaw - MODE #biogenx2b
21:34:31.337 [botPool0-bot0] INFO  org.pircbotx.InputParser - :bennerbot.tmi.twitch.tv 353 bennerbot = #biogenx2b :bennerbot
21:34:31.337 [botPool0-bot0] INFO  org.pircbotx.InputParser - :bennerbot.tmi.twitch.tv 366 bennerbot #biogenx2b :End of /NAMES list
21:34:31.338 [botPool0-bot0] INFO  org.pircbotx.InputParser - :jtv!jtv@jtv.tmi.twitch.tv PRIVMSG bennerbot :USERCOLOR bennerbot #FF0000
21:34:31.338 [botPool0-bot0] INFO  org.pircbotx.InputParser - :jtv!jtv@jtv.tmi.twitch.tv PRIVMSG bennerbot :HISTORYEND biogenx2b
21:34:31.339 [botPool0-bot0] INFO  org.pircbotx.InputParser - :jtv!jtv@jtv.tmi.twitch.tv PRIVMSG bennerbot :HOSTTARGET battlebuddiesgaming -
21:34:31.339 [botPool0-bot0] INFO  org.pircbotx.InputParser - :jtv!jtv@jtv.tmi.twitch.tv PRIVMSG bennerbot :Now hosting battlebuddiesgaming.
21:34:31.339 [botPool0-bot0] INFO  org.pircbotx.InputParser - :tmi.twitch.tv 421 bennerbot WHO :Unknown command
21:34:32.306 [bot2-shutdownhook] INFO  org.pircbotx.output.OutputRaw - QUIT :
21:34:32.543 [bot2-shutdownhook] INFO  org.pircbotx.dcc.DccHandler - Terminating all transfers waiting to be accepted
21:34:32.543 [botPool0-bot0] INFO  org.pircbotx.PircBotX - Shutdown has been called, closing InputParser
21:34:32.544 [bot2-shutdownhook] DEBUG org.pircbotx.PircBotX - Disconnected.
21:34:32.544 [bot2-shutdownhook] DEBUG o.p.h.m.ThreadedListenerManager - Waiting for listener me.jdbener.apis.twitch.TwitchStatusGameUpdater@6d1deaee to execute event DisconnectEvent(daoSnapshot=org.pircbotx.snapshot.UserChannelDaoSnapshot@9cf29c, disconnectException=null)
21:34:32.544 [botPool0-bot0] DEBUG o.p.MultiBotManager$BotFutureCallback - Bot #0 finished
